<?xml version="1.0" encoding="UTF-8"?>
<testsuites name="AgencyPortal_SmokeTest_WC" time="2038.053" tests="5" failures="5" errors="0">
   <testsuite name="AgencyPortal_SmokeTest_WC" tests="5" failures="5" errors="0" time="2038.053" skipped="0" timestamp="2024-04-10 07:06:41" hostname="LellKir - FA28158.Hmic.local" id="Test Suites/AgencyPortal_SmokeTest_WC">
      <properties>
         <property name="deviceName" value=""/>
         <property name="devicePlatform" value=""/>
         <property name="logFolder" value="C:\\Users\\LellKir\\git\\HMIC-Portal\\HMIC-Portal\\HMIC-Portal\\HMIC-Portal\\HMIC-Portal\\HMIC-Portal\\Reports\\20240410_070624\\AgencyPortal_SmokeTest_WC\\20240410_070624"/>
         <property name="logFiles" value="C:\\Users\\LellKir\\git\\HMIC-Portal\\HMIC-Portal\\HMIC-Portal\\HMIC-Portal\\HMIC-Portal\\HMIC-Portal\\Reports\\20240410_070624\\AgencyPortal_SmokeTest_WC\\20240410_070624\\execution0.log"/>
         <property name="attachments" value="C:\\Users\\LellKir\\git\\HMIC-Portal\\HMIC-Portal\\HMIC-Portal\\HMIC-Portal\\HMIC-Portal\\HMIC-Portal\\Reports\\20240410_070624\\AgencyPortal_SmokeTest_WC\\20240410_070624\\1712747209688.png, C:\\Users\\LellKir\\git\\HMIC-Portal\\HMIC-Portal\\HMIC-Portal\\HMIC-Portal\\HMIC-Portal\\HMIC-Portal\\Reports\\20240410_070624\\AgencyPortal_SmokeTest_WC\\20240410_070624\\1712747221698.png, C:\\Users\\LellKir\\git\\HMIC-Portal\\HMIC-Portal\\HMIC-Portal\\HMIC-Portal\\HMIC-Portal\\HMIC-Portal\\Reports\\20240410_070624\\AgencyPortal_SmokeTest_WC\\20240410_070624\\1712747255921.png, C:\\Users\\LellKir\\git\\HMIC-Portal\\HMIC-Portal\\HMIC-Portal\\HMIC-Portal\\HMIC-Portal\\HMIC-Portal\\Reports\\20240410_070624\\AgencyPortal_SmokeTest_WC\\20240410_070624\\1712747257735.png, C:\\Users\\LellKir\\git\\HMIC-Portal\\HMIC-Portal\\HMIC-Portal\\HMIC-Portal\\HMIC-Portal\\HMIC-Portal\\Reports\\20240410_070624\\AgencyPortal_SmokeTest_WC\\20240410_070624\\1712747259231.png, C:\\Users\\LellKir\\git\\HMIC-Portal\\HMIC-Portal\\HMIC-Portal\\HMIC-Portal\\HMIC-Portal\\HMIC-Portal\\Reports\\20240410_070624\\AgencyPortal_SmokeTest_WC\\20240410_070624\\1712747290016.png, C:\\Users\\LellKir\\git\\HMIC-Portal\\HMIC-Portal\\HMIC-Portal\\HMIC-Portal\\HMIC-Portal\\HMIC-Portal\\Reports\\20240410_070624\\AgencyPortal_SmokeTest_WC\\20240410_070624\\1712747524840.png, C:\\Users\\LellKir\\git\\HMIC-Portal\\HMIC-Portal\\HMIC-Portal\\HMIC-Portal\\HMIC-Portal\\HMIC-Portal\\Reports\\20240410_070624\\AgencyPortal_SmokeTest_WC\\20240410_070624\\1712747545575.png, C:\\Users\\LellKir\\git\\HMIC-Portal\\HMIC-Portal\\HMIC-Portal\\HMIC-Portal\\HMIC-Portal\\HMIC-Portal\\Reports\\20240410_070624\\AgencyPortal_SmokeTest_WC\\20240410_070624\\1712747568055.png, C:\\Users\\LellKir\\git\\HMIC-Portal\\HMIC-Portal\\HMIC-Portal\\HMIC-Portal\\HMIC-Portal\\HMIC-Portal\\Reports\\20240410_070624\\AgencyPortal_SmokeTest_WC\\20240410_070624\\1712747571454.png, C:\\Users\\LellKir\\git\\HMIC-Portal\\HMIC-Portal\\HMIC-Portal\\HMIC-Portal\\HMIC-Portal\\HMIC-Portal\\Reports\\20240410_070624\\AgencyPortal_SmokeTest_WC\\20240410_070624\\1712747587091.png, C:\\Users\\LellKir\\git\\HMIC-Portal\\HMIC-Portal\\HMIC-Portal\\HMIC-Portal\\HMIC-Portal\\HMIC-Portal\\Reports\\20240410_070624\\AgencyPortal_SmokeTest_WC\\20240410_070624\\1712747621243.png, C:\\Users\\LellKir\\git\\HMIC-Portal\\HMIC-Portal\\HMIC-Portal\\HMIC-Portal\\HMIC-Portal\\HMIC-Portal\\Reports\\20240410_070624\\AgencyPortal_SmokeTest_WC\\20240410_070624\\1712747622974.png, C:\\Users\\LellKir\\git\\HMIC-Portal\\HMIC-Portal\\HMIC-Portal\\HMIC-Portal\\HMIC-Portal\\HMIC-Portal\\Reports\\20240410_070624\\AgencyPortal_SmokeTest_WC\\20240410_070624\\1712747624429.png, C:\\Users\\LellKir\\git\\HMIC-Portal\\HMIC-Portal\\HMIC-Portal\\HMIC-Portal\\HMIC-Portal\\HMIC-Portal\\Reports\\20240410_070624\\AgencyPortal_SmokeTest_WC\\20240410_070624\\1712747628458.png, C:\\Users\\LellKir\\git\\HMIC-Portal\\HMIC-Portal\\HMIC-Portal\\HMIC-Portal\\HMIC-Portal\\HMIC-Portal\\Reports\\20240410_070624\\AgencyPortal_SmokeTest_WC\\20240410_070624\\1712747733282.png, C:\\Users\\LellKir\\git\\HMIC-Portal\\HMIC-Portal\\HMIC-Portal\\HMIC-Portal\\HMIC-Portal\\HMIC-Portal\\Reports\\20240410_070624\\AgencyPortal_SmokeTest_WC\\20240410_070624\\1712747752966.png, C:\\Users\\LellKir\\git\\HMIC-Portal\\HMIC-Portal\\HMIC-Portal\\HMIC-Portal\\HMIC-Portal\\HMIC-Portal\\Reports\\20240410_070624\\AgencyPortal_SmokeTest_WC\\20240410_070624\\1712747780443.png, C:\\Users\\LellKir\\git\\HMIC-Portal\\HMIC-Portal\\HMIC-Portal\\HMIC-Portal\\HMIC-Portal\\HMIC-Portal\\Reports\\20240410_070624\\AgencyPortal_SmokeTest_WC\\20240410_070624\\1712747843336.png, C:\\Users\\LellKir\\git\\HMIC-Portal\\HMIC-Portal\\HMIC-Portal\\HMIC-Portal\\HMIC-Portal\\HMIC-Portal\\Reports\\20240410_070624\\AgencyPortal_SmokeTest_WC\\20240410_070624\\1712747843458.png, C:\\Users\\LellKir\\git\\HMIC-Portal\\HMIC-Portal\\HMIC-Portal\\HMIC-Portal\\HMIC-Portal\\HMIC-Portal\\Reports\\20240410_070624\\AgencyPortal_SmokeTest_WC\\20240410_070624\\1712747847846.png, C:\\Users\\LellKir\\git\\HMIC-Portal\\HMIC-Portal\\HMIC-Portal\\HMIC-Portal\\HMIC-Portal\\HMIC-Portal\\Reports\\20240410_070624\\AgencyPortal_SmokeTest_WC\\20240410_070624\\1712747859334.png, C:\\Users\\LellKir\\git\\HMIC-Portal\\HMIC-Portal\\HMIC-Portal\\HMIC-Portal\\HMIC-Portal\\HMIC-Portal\\Reports\\20240410_070624\\AgencyPortal_SmokeTest_WC\\20240410_070624\\1712747893256.png, C:\\Users\\LellKir\\git\\HMIC-Portal\\HMIC-Portal\\HMIC-Portal\\HMIC-Portal\\HMIC-Portal\\HMIC-Portal\\Reports\\20240410_070624\\AgencyPortal_SmokeTest_WC\\20240410_070624\\1712747894921.png, C:\\Users\\LellKir\\git\\HMIC-Portal\\HMIC-Portal\\HMIC-Portal\\HMIC-Portal\\HMIC-Portal\\HMIC-Portal\\Reports\\20240410_070624\\AgencyPortal_SmokeTest_WC\\20240410_070624\\1712747896375.png, C:\\Users\\LellKir\\git\\HMIC-Portal\\HMIC-Portal\\HMIC-Portal\\HMIC-Portal\\HMIC-Portal\\HMIC-Portal\\Reports\\20240410_070624\\AgencyPortal_SmokeTest_WC\\20240410_070624\\1712747900307.png, C:\\Users\\LellKir\\git\\HMIC-Portal\\HMIC-Portal\\HMIC-Portal\\HMIC-Portal\\HMIC-Portal\\HMIC-Portal\\Reports\\20240410_070624\\AgencyPortal_SmokeTest_WC\\20240410_070624\\1712748096424.png, C:\\Users\\LellKir\\git\\HMIC-Portal\\HMIC-Portal\\HMIC-Portal\\HMIC-Portal\\HMIC-Portal\\HMIC-Portal\\Reports\\20240410_070624\\AgencyPortal_SmokeTest_WC\\20240410_070624\\1712748116780.png, C:\\Users\\LellKir\\git\\HMIC-Portal\\HMIC-Portal\\HMIC-Portal\\HMIC-Portal\\HMIC-Portal\\HMIC-Portal\\Reports\\20240410_070624\\AgencyPortal_SmokeTest_WC\\20240410_070624\\1712748141506.png, C:\\Users\\LellKir\\git\\HMIC-Portal\\HMIC-Portal\\HMIC-Portal\\HMIC-Portal\\HMIC-Portal\\HMIC-Portal\\Reports\\20240410_070624\\AgencyPortal_SmokeTest_WC\\20240410_070624\\1712748165354.png, C:\\Users\\LellKir\\git\\HMIC-Portal\\HMIC-Portal\\HMIC-Portal\\HMIC-Portal\\HMIC-Portal\\HMIC-Portal\\Reports\\20240410_070624\\AgencyPortal_SmokeTest_WC\\20240410_070624\\1712748188710.png, C:\\Users\\LellKir\\git\\HMIC-Portal\\HMIC-Portal\\HMIC-Portal\\HMIC-Portal\\HMIC-Portal\\HMIC-Portal\\Reports\\20240410_070624\\AgencyPortal_SmokeTest_WC\\20240410_070624\\1712748208921.png, C:\\Users\\LellKir\\git\\HMIC-Portal\\HMIC-Portal\\HMIC-Portal\\HMIC-Portal\\HMIC-Portal\\HMIC-Portal\\Reports\\20240410_070624\\AgencyPortal_SmokeTest_WC\\20240410_070624\\1712748212997.png, C:\\Users\\LellKir\\git\\HMIC-Portal\\HMIC-Portal\\HMIC-Portal\\HMIC-Portal\\HMIC-Portal\\HMIC-Portal\\Reports\\20240410_070624\\AgencyPortal_SmokeTest_WC\\20240410_070624\\1712748214476.png, C:\\Users\\LellKir\\git\\HMIC-Portal\\HMIC-Portal\\HMIC-Portal\\HMIC-Portal\\HMIC-Portal\\HMIC-Portal\\Reports\\20240410_070624\\AgencyPortal_SmokeTest_WC\\20240410_070624\\1712748248598.png, C:\\Users\\LellKir\\git\\HMIC-Portal\\HMIC-Portal\\HMIC-Portal\\HMIC-Portal\\HMIC-Portal\\HMIC-Portal\\Reports\\20240410_070624\\AgencyPortal_SmokeTest_WC\\20240410_070624\\1712748250268.png, C:\\Users\\LellKir\\git\\HMIC-Portal\\HMIC-Portal\\HMIC-Portal\\HMIC-Portal\\HMIC-Portal\\HMIC-Portal\\Reports\\20240410_070624\\AgencyPortal_SmokeTest_WC\\20240410_070624\\1712748251715.png, C:\\Users\\LellKir\\git\\HMIC-Portal\\HMIC-Portal\\HMIC-Portal\\HMIC-Portal\\HMIC-Portal\\HMIC-Portal\\Reports\\20240410_070624\\AgencyPortal_SmokeTest_WC\\20240410_070624\\1712748260431.png, C:\\Users\\LellKir\\git\\HMIC-Portal\\HMIC-Portal\\HMIC-Portal\\HMIC-Portal\\HMIC-Portal\\HMIC-Portal\\Reports\\20240410_070624\\AgencyPortal_SmokeTest_WC\\20240410_070624\\1712748274006.png, C:\\Users\\LellKir\\git\\HMIC-Portal\\HMIC-Portal\\HMIC-Portal\\HMIC-Portal\\HMIC-Portal\\HMIC-Portal\\Reports\\20240410_070624\\AgencyPortal_SmokeTest_WC\\20240410_070624\\1712748276413.png, C:\\Users\\LellKir\\git\\HMIC-Portal\\HMIC-Portal\\HMIC-Portal\\HMIC-Portal\\HMIC-Portal\\HMIC-Portal\\Reports\\20240410_070624\\AgencyPortal_SmokeTest_WC\\20240410_070624\\1712748280845.png, C:\\Users\\LellKir\\git\\HMIC-Portal\\HMIC-Portal\\HMIC-Portal\\HMIC-Portal\\HMIC-Portal\\HMIC-Portal\\Reports\\20240410_070624\\AgencyPortal_SmokeTest_WC\\20240410_070624\\1712748283601.png, C:\\Users\\LellKir\\git\\HMIC-Portal\\HMIC-Portal\\HMIC-Portal\\HMIC-Portal\\HMIC-Portal\\HMIC-Portal\\Reports\\20240410_070624\\AgencyPortal_SmokeTest_WC\\20240410_070624\\1712748283749.png, C:\\Users\\LellKir\\git\\HMIC-Portal\\HMIC-Portal\\HMIC-Portal\\HMIC-Portal\\HMIC-Portal\\HMIC-Portal\\Reports\\20240410_070624\\AgencyPortal_SmokeTest_WC\\20240410_070624\\1712748317609.png, C:\\Users\\LellKir\\git\\HMIC-Portal\\HMIC-Portal\\HMIC-Portal\\HMIC-Portal\\HMIC-Portal\\HMIC-Portal\\Reports\\20240410_070624\\AgencyPortal_SmokeTest_WC\\20240410_070624\\1712748351265.png, C:\\Users\\LellKir\\git\\HMIC-Portal\\HMIC-Portal\\HMIC-Portal\\HMIC-Portal\\HMIC-Portal\\HMIC-Portal\\Reports\\20240410_070624\\AgencyPortal_SmokeTest_WC\\20240410_070624\\1712748384596.png, C:\\Users\\LellKir\\git\\HMIC-Portal\\HMIC-Portal\\HMIC-Portal\\HMIC-Portal\\HMIC-Portal\\HMIC-Portal\\Reports\\20240410_070624\\AgencyPortal_SmokeTest_WC\\20240410_070624\\1712748384708.png, C:\\Users\\LellKir\\git\\HMIC-Portal\\HMIC-Portal\\HMIC-Portal\\HMIC-Portal\\HMIC-Portal\\HMIC-Portal\\Reports\\20240410_070624\\AgencyPortal_SmokeTest_WC\\20240410_070624\\1712748386579.png, C:\\Users\\LellKir\\git\\HMIC-Portal\\HMIC-Portal\\HMIC-Portal\\HMIC-Portal\\HMIC-Portal\\HMIC-Portal\\Reports\\20240410_070624\\AgencyPortal_SmokeTest_WC\\20240410_070624\\1712748389226.png, C:\\Users\\LellKir\\git\\HMIC-Portal\\HMIC-Portal\\HMIC-Portal\\HMIC-Portal\\HMIC-Portal\\HMIC-Portal\\Reports\\20240410_070624\\AgencyPortal_SmokeTest_WC\\20240410_070624\\1712748400406.png, C:\\Users\\LellKir\\git\\HMIC-Portal\\HMIC-Portal\\HMIC-Portal\\HMIC-Portal\\HMIC-Portal\\HMIC-Portal\\Reports\\20240410_070624\\AgencyPortal_SmokeTest_WC\\20240410_070624\\1712748434377.png, C:\\Users\\LellKir\\git\\HMIC-Portal\\HMIC-Portal\\HMIC-Portal\\HMIC-Portal\\HMIC-Portal\\HMIC-Portal\\Reports\\20240410_070624\\AgencyPortal_SmokeTest_WC\\20240410_070624\\1712748436120.png, C:\\Users\\LellKir\\git\\HMIC-Portal\\HMIC-Portal\\HMIC-Portal\\HMIC-Portal\\HMIC-Portal\\HMIC-Portal\\Reports\\20240410_070624\\AgencyPortal_SmokeTest_WC\\20240410_070624\\1712748437513.png, C:\\Users\\LellKir\\git\\HMIC-Portal\\HMIC-Portal\\HMIC-Portal\\HMIC-Portal\\HMIC-Portal\\HMIC-Portal\\Reports\\20240410_070624\\AgencyPortal_SmokeTest_WC\\20240410_070624\\1712748442240.png, C:\\Users\\LellKir\\git\\HMIC-Portal\\HMIC-Portal\\HMIC-Portal\\HMIC-Portal\\HMIC-Portal\\HMIC-Portal\\Reports\\20240410_070624\\AgencyPortal_SmokeTest_WC\\20240410_070624\\1712748524730.png, C:\\Users\\LellKir\\git\\HMIC-Portal\\HMIC-Portal\\HMIC-Portal\\HMIC-Portal\\HMIC-Portal\\HMIC-Portal\\Reports\\20240410_070624\\AgencyPortal_SmokeTest_WC\\20240410_070624\\1712748538792.png, C:\\Users\\LellKir\\git\\HMIC-Portal\\HMIC-Portal\\HMIC-Portal\\HMIC-Portal\\HMIC-Portal\\HMIC-Portal\\Reports\\20240410_070624\\AgencyPortal_SmokeTest_WC\\20240410_070624\\1712748551535.png, C:\\Users\\LellKir\\git\\HMIC-Portal\\HMIC-Portal\\HMIC-Portal\\HMIC-Portal\\HMIC-Portal\\HMIC-Portal\\Reports\\20240410_070624\\AgencyPortal_SmokeTest_WC\\20240410_070624\\1712748585139.png, C:\\Users\\LellKir\\git\\HMIC-Portal\\HMIC-Portal\\HMIC-Portal\\HMIC-Portal\\HMIC-Portal\\HMIC-Portal\\Reports\\20240410_070624\\AgencyPortal_SmokeTest_WC\\20240410_070624\\1712748588330.png, C:\\Users\\LellKir\\git\\HMIC-Portal\\HMIC-Portal\\HMIC-Portal\\HMIC-Portal\\HMIC-Portal\\HMIC-Portal\\Reports\\20240410_070624\\AgencyPortal_SmokeTest_WC\\20240410_070624\\1712748600965.png, C:\\Users\\LellKir\\git\\HMIC-Portal\\HMIC-Portal\\HMIC-Portal\\HMIC-Portal\\HMIC-Portal\\HMIC-Portal\\Reports\\20240410_070624\\AgencyPortal_SmokeTest_WC\\20240410_070624\\1712748634921.png, C:\\Users\\LellKir\\git\\HMIC-Portal\\HMIC-Portal\\HMIC-Portal\\HMIC-Portal\\HMIC-Portal\\HMIC-Portal\\Reports\\20240410_070624\\AgencyPortal_SmokeTest_WC\\20240410_070624\\1712748636637.png, C:\\Users\\LellKir\\git\\HMIC-Portal\\HMIC-Portal\\HMIC-Portal\\HMIC-Portal\\HMIC-Portal\\HMIC-Portal\\Reports\\20240410_070624\\AgencyPortal_SmokeTest_WC\\20240410_070624\\1712748638141.png, C:\\Users\\LellKir\\git\\HMIC-Portal\\HMIC-Portal\\HMIC-Portal\\HMIC-Portal\\HMIC-Portal\\HMIC-Portal\\Reports\\20240410_070624\\AgencyPortal_SmokeTest_WC\\20240410_070624\\1712748641840.png, C:\\Users\\LellKir\\git\\HMIC-Portal\\HMIC-Portal\\HMIC-Portal\\HMIC-Portal\\HMIC-Portal\\HMIC-Portal\\Reports\\20240410_070624\\AgencyPortal_SmokeTest_WC\\20240410_070624\\1712748781513.png, C:\\Users\\LellKir\\git\\HMIC-Portal\\HMIC-Portal\\HMIC-Portal\\HMIC-Portal\\HMIC-Portal\\HMIC-Portal\\Reports\\20240410_070624\\AgencyPortal_SmokeTest_WC\\20240410_070624\\1712748814945.png, C:\\Users\\LellKir\\git\\HMIC-Portal\\HMIC-Portal\\HMIC-Portal\\HMIC-Portal\\HMIC-Portal\\HMIC-Portal\\Reports\\20240410_070624\\AgencyPortal_SmokeTest_WC\\20240410_070624\\1712748818475.png, C:\\Users\\LellKir\\git\\HMIC-Portal\\HMIC-Portal\\HMIC-Portal\\HMIC-Portal\\HMIC-Portal\\HMIC-Portal\\Reports\\20240410_070624\\AgencyPortal_SmokeTest_WC\\20240410_070624\\1712748838737.png, C:\\Users\\LellKir\\git\\HMIC-Portal\\HMIC-Portal\\HMIC-Portal\\HMIC-Portal\\HMIC-Portal\\HMIC-Portal\\Reports\\20240410_070624\\AgencyPortal_SmokeTest_WC\\20240410_070624\\1712748895251.png, C:\\Users\\LellKir\\git\\HMIC-Portal\\HMIC-Portal\\HMIC-Portal\\HMIC-Portal\\HMIC-Portal\\HMIC-Portal\\Reports\\20240410_070624\\AgencyPortal_SmokeTest_WC\\20240410_070624\\1712748898554.png, C:\\Users\\LellKir\\git\\HMIC-Portal\\HMIC-Portal\\HMIC-Portal\\HMIC-Portal\\HMIC-Portal\\HMIC-Portal\\Reports\\20240410_070624\\AgencyPortal_SmokeTest_WC\\20240410_070624\\1712748910457.png, C:\\Users\\LellKir\\git\\HMIC-Portal\\HMIC-Portal\\HMIC-Portal\\HMIC-Portal\\HMIC-Portal\\HMIC-Portal\\Reports\\20240410_070624\\AgencyPortal_SmokeTest_WC\\20240410_070624\\1712748944274.png, C:\\Users\\LellKir\\git\\HMIC-Portal\\HMIC-Portal\\HMIC-Portal\\HMIC-Portal\\HMIC-Portal\\HMIC-Portal\\Reports\\20240410_070624\\AgencyPortal_SmokeTest_WC\\20240410_070624\\1712748945961.png, C:\\Users\\LellKir\\git\\HMIC-Portal\\HMIC-Portal\\HMIC-Portal\\HMIC-Portal\\HMIC-Portal\\HMIC-Portal\\Reports\\20240410_070624\\AgencyPortal_SmokeTest_WC\\20240410_070624\\1712748947396.png, C:\\Users\\LellKir\\git\\HMIC-Portal\\HMIC-Portal\\HMIC-Portal\\HMIC-Portal\\HMIC-Portal\\HMIC-Portal\\Reports\\20240410_070624\\AgencyPortal_SmokeTest_WC\\20240410_070624\\1712748951605.png, C:\\Users\\LellKir\\git\\HMIC-Portal\\HMIC-Portal\\HMIC-Portal\\HMIC-Portal\\HMIC-Portal\\HMIC-Portal\\Reports\\20240410_070624\\AgencyPortal_SmokeTest_WC\\20240410_070624\\1712749132684.png, C:\\Users\\LellKir\\git\\HMIC-Portal\\HMIC-Portal\\HMIC-Portal\\HMIC-Portal\\HMIC-Portal\\HMIC-Portal\\Reports\\20240410_070624\\AgencyPortal_SmokeTest_WC\\20240410_070624\\1712749152582.png, C:\\Users\\LellKir\\git\\HMIC-Portal\\HMIC-Portal\\HMIC-Portal\\HMIC-Portal\\HMIC-Portal\\HMIC-Portal\\Reports\\20240410_070624\\AgencyPortal_SmokeTest_WC\\20240410_070624\\1712749176992.png, C:\\Users\\LellKir\\git\\HMIC-Portal\\HMIC-Portal\\HMIC-Portal\\HMIC-Portal\\HMIC-Portal\\HMIC-Portal\\Reports\\20240410_070624\\AgencyPortal_SmokeTest_WC\\20240410_070624\\1712749239541.png, C:\\Users\\LellKir\\git\\HMIC-Portal\\HMIC-Portal\\HMIC-Portal\\HMIC-Portal\\HMIC-Portal\\HMIC-Portal\\Reports\\20240410_070624\\AgencyPortal_SmokeTest_WC\\20240410_070624\\1712749239654.png"/>
         <property name="hostName" value="LellKir - FA28158.Hmic.local"/>
         <property name="os" value="Windows 11 64bit"/>
         <property name="katalonVersion" value="8.6.8.208"/>
         <property name="browser" value="Chrome 115.0.0.0"/>
         <property name="hostAddress" value="10.0.0.28"/>
         <property name="sessionId" value="cca36ee19886dd07c2805bbb029d78a1"/>
         <property name="seleniumVersion" value="3.141.59"/>
         <property name="proxyInformation" value="ProxyInformation { proxyOption=NO_PROXY, proxyServerType=HTTP, username=, password=********, proxyServerAddress=, proxyServerPort=0, executionList=&quot;&quot;, isApplyToDesiredCapabilities=true }"/>
         <property name="platform" value="Windows 11"/>
      </properties>
      <testcase name="Test Cases/Portal_WorkersCompensation/WC_SmokeTest_AllState/Portal_SmokeTest_IAState" time="366.079" classname="Test Cases/Portal_WorkersCompensation/WC_SmokeTest_AllState/Portal_SmokeTest_IAState" status="FAILED">
         <failure type="FAILED" message="Test Cases/Portal_WorkersCompensation/WC_SmokeTest_AllState/Portal_SmokeTest_IAState FAILED.
Reason:
com.kms.katalon.core.exception.StepFailedException: Unable to set text '3.22' of object 'Object Repository/Portal/Portal_StateCov_input_ExpRating'
	at com.kms.katalon.core.webui.keyword.internal.WebUIKeywordMain.stepFailed(WebUIKeywordMain.groovy:64)
	at com.kms.katalon.core.webui.keyword.internal.WebUIKeywordMain.runKeyword(WebUIKeywordMain.groovy:26)
	at com.kms.katalon.core.webui.keyword.builtin.SetTextKeyword.setText(SetTextKeyword.groovy:66)
	at com.kms.katalon.core.webui.keyword.builtin.SetTextKeyword.execute(SetTextKeyword.groovy:37)
	at com.kms.katalon.core.keyword.internal.KeywordExecutor.executeKeywordForPlatform(KeywordExecutor.groovy:74)
	at com.kms.katalon.core.webui.keyword.WebUiBuiltInKeywords.setText(WebUiBuiltInKeywords.groovy:980)
	at com.kms.katalon.core.webui.keyword.WebUiBuiltInKeywords$setText$6.call(Unknown Source)
	at Portal_SmokeTest_IAState.run(Portal_SmokeTest_IAState:142)
	at com.kms.katalon.core.main.ScriptEngine.run(ScriptEngine.java:194)
	at com.kms.katalon.core.main.ScriptEngine.runScriptAsRawText(ScriptEngine.java:119)
	at com.kms.katalon.core.main.TestCaseExecutor.runScript(TestCaseExecutor.java:448)
	at com.kms.katalon.core.main.TestCaseExecutor.doExecute(TestCaseExecutor.java:439)
	at com.kms.katalon.core.main.TestCaseExecutor.processExecutionPhase(TestCaseExecutor.java:418)
	at com.kms.katalon.core.main.TestCaseExecutor.accessMainPhase(TestCaseExecutor.java:410)
	at com.kms.katalon.core.main.TestCaseExecutor.execute(TestCaseExecutor.java:285)
	at com.kms.katalon.core.common.CommonExecutor.accessTestCaseMainPhase(CommonExecutor.java:65)
	at com.kms.katalon.core.main.TestSuiteExecutor.accessTestSuiteMainPhase(TestSuiteExecutor.java:148)
	at com.kms.katalon.core.main.TestSuiteExecutor.execute(TestSuiteExecutor.java:106)
	at com.kms.katalon.core.main.TestCaseMain.startTestSuite(TestCaseMain.java:187)
	at com.kms.katalon.core.main.TestCaseMain$startTestSuite$0.call(Unknown Source)
	at TempTestSuite1712747184320.run(TempTestSuite1712747184320.groovy:36)
Caused by: org.openqa.selenium.ElementNotInteractableException: element not interactable
  (Session info: chrome=115.0.5790.110)
Build info: version: '3.141.59', revision: 'e82be7d358', time: '2018-11-14T08:25:53'
System info: host: 'FA28158', ip: '10.0.0.28', os.name: 'Windows 11', os.arch: 'amd64', os.version: '10.0', java.version: '1.8.0_362'
Driver info: com.kms.katalon.selenium.driver.CChromeDriver
Capabilities {acceptInsecureCerts: false, browserName: chrome, browserVersion: 115.0.5790.110, chrome: {chromedriverVersion: 114.0.5735.90 (386bc09e8f4f..., userDataDir: C:\Users\LellKir\AppData\Lo...}, goog:chromeOptions: {debuggerAddress: localhost:56583}, javascriptEnabled: true, networkConnectionEnabled: false, pageLoadStrategy: normal, platform: WINDOWS, platformName: WINDOWS, proxy: Proxy(), setWindowRect: true, strictFileInteractability: false, timeouts: {implicit: 0, pageLoad: 300000, script: 30000}, unhandledPromptBehavior: dismiss and notify, webauthn:extension:credBlob: true, webauthn:extension:largeBlob: true, webauthn:extension:minPinLength: true, webauthn:extension:prf: true, webauthn:virtualAuthenticators: true}
Session ID: 61b841dd730af9375ad881e0992c1769
	at org.openqa.selenium.remote.http.W3CHttpResponseCodec.createException(W3CHttpResponseCodec.java:187)
	at org.openqa.selenium.remote.http.W3CHttpResponseCodec.decode(W3CHttpResponseCodec.java:122)
	at org.openqa.selenium.remote.http.W3CHttpResponseCodec.decode(W3CHttpResponseCodec.java:49)
	at org.openqa.selenium.remote.HttpCommandExecutor.execute(HttpCommandExecutor.java:158)
	at org.openqa.selenium.remote.service.DriverCommandExecutor.execute(DriverCommandExecutor.java:83)
	at org.openqa.selenium.remote.RemoteWebDriver.execute(RemoteWebDriver.java:552)
	at com.kms.katalon.selenium.driver.CChromeDriver.execute(CChromeDriver.java:19)
	at org.openqa.selenium.remote.RemoteWebElement.execute(RemoteWebElement.java:285)
	at org.openqa.selenium.remote.RemoteWebElement.clear(RemoteWebElement.java:124)
	at org.openqa.selenium.support.events.EventFiringWebDriver$EventFiringWebElement.lambda$new$0(EventFiringWebDriver.java:404)
	at com.sun.proxy.$Proxy13.clear(Unknown Source)
	at org.openqa.selenium.support.events.EventFiringWebDriver$EventFiringWebElement.clear(EventFiringWebDriver.java:436)
	at com.kms.katalon.core.webui.keyword.builtin.SetTextKeyword$_setText_closure1.doCall(SetTextKeyword.groovy:53)
	at com.kms.katalon.core.webui.keyword.builtin.SetTextKeyword$_setText_closure1.call(SetTextKeyword.groovy)
	at com.kms.katalon.core.webui.keyword.internal.WebUIKeywordMain.runKeyword(WebUIKeywordMain.groovy:20)
	... 19 more
"/>
         <system-out><![CDATA[2024-04-10 07:06:42 - [TEST_CASE][FAILED] - Test Cases/Portal_WorkersCompensation/WC_SmokeTest_AllState/Portal_SmokeTest_IAState: Test Cases/Portal_WorkersCompensation/WC_SmokeTest_AllState/Portal_SmokeTest_IAState FAILED.
Reason:
com.kms.katalon.core.exception.StepFailedException: Unable to set text '3.22' of object 'Object Repository/Portal/Portal_StateCov_input_ExpRating'
	at com.kms.katalon.core.webui.keyword.internal.WebUIKeywordMain.stepFailed(WebUIKeywordMain.groovy:64)
	at com.kms.katalon.core.webui.keyword.internal.WebUIKeywordMain.runKeyword(WebUIKeywordMain.groovy:26)
	at com.kms.katalon.core.webui.keyword.builtin.SetTextKeyword.setText(SetTextKeyword.groovy:66)
	at com.kms.katalon.core.webui.keyword.builtin.SetTextKeyword.execute(SetTextKeyword.groovy:37)
	at com.kms.katalon.core.keyword.internal.KeywordExecutor.executeKeywordForPlatform(KeywordExecutor.groovy:74)
	at com.kms.katalon.core.webui.keyword.WebUiBuiltInKeywords.setText(WebUiBuiltInKeywords.groovy:980)
	at com.kms.katalon.core.webui.keyword.WebUiBuiltInKeywords$setText$6.call(Unknown Source)
	at Portal_SmokeTest_IAState.run(Portal_SmokeTest_IAState:142)
	at com.kms.katalon.core.main.ScriptEngine.run(ScriptEngine.java:194)
	at com.kms.katalon.core.main.ScriptEngine.runScriptAsRawText(ScriptEngine.java:119)
	at com.kms.katalon.core.main.TestCaseExecutor.runScript(TestCaseExecutor.java:448)
	at com.kms.katalon.core.main.TestCaseExecutor.doExecute(TestCaseExecutor.java:439)
	at com.kms.katalon.core.main.TestCaseExecutor.processExecutionPhase(TestCaseExecutor.java:418)
	at com.kms.katalon.core.main.TestCaseExecutor.accessMainPhase(TestCaseExecutor.java:410)
	at com.kms.katalon.core.main.TestCaseExecutor.execute(TestCaseExecutor.java:285)
	at com.kms.katalon.core.common.CommonExecutor.accessTestCaseMainPhase(CommonExecutor.java:65)
	at com.kms.katalon.core.main.TestSuiteExecutor.accessTestSuiteMainPhase(TestSuiteExecutor.java:148)
	at com.kms.katalon.core.main.TestSuiteExecutor.execute(TestSuiteExecutor.java:106)
	at com.kms.katalon.core.main.TestCaseMain.startTestSuite(TestCaseMain.java:187)
	at com.kms.katalon.core.main.TestCaseMain$startTestSuite$0.call(Unknown Source)
	at TempTestSuite1712747184320.run(TempTestSuite1712747184320.groovy:36)
Caused by: org.openqa.selenium.ElementNotInteractableException: element not interactable
  (Session info: chrome=115.0.5790.110)
Build info: version: '3.141.59', revision: 'e82be7d358', time: '2018-11-14T08:25:53'
System info: host: 'FA28158', ip: '10.0.0.28', os.name: 'Windows 11', os.arch: 'amd64', os.version: '10.0', java.version: '1.8.0_362'
Driver info: com.kms.katalon.selenium.driver.CChromeDriver
Capabilities {acceptInsecureCerts: false, browserName: chrome, browserVersion: 115.0.5790.110, chrome: {chromedriverVersion: 114.0.5735.90 (386bc09e8f4f..., userDataDir: C:\Users\LellKir\AppData\Lo...}, goog:chromeOptions: {debuggerAddress: localhost:56583}, javascriptEnabled: true, networkConnectionEnabled: false, pageLoadStrategy: normal, platform: WINDOWS, platformName: WINDOWS, proxy: Proxy(), setWindowRect: true, strictFileInteractability: false, timeouts: {implicit: 0, pageLoad: 300000, script: 30000}, unhandledPromptBehavior: dismiss and notify, webauthn:extension:credBlob: true, webauthn:extension:largeBlob: true, webauthn:extension:minPinLength: true, webauthn:extension:prf: true, webauthn:virtualAuthenticators: true}
Session ID: 61b841dd730af9375ad881e0992c1769
	at org.openqa.selenium.remote.http.W3CHttpResponseCodec.createException(W3CHttpResponseCodec.java:187)
	at org.openqa.selenium.remote.http.W3CHttpResponseCodec.decode(W3CHttpResponseCodec.java:122)
	at org.openqa.selenium.remote.http.W3CHttpResponseCodec.decode(W3CHttpResponseCodec.java:49)
	at org.openqa.selenium.remote.HttpCommandExecutor.execute(HttpCommandExecutor.java:158)
	at org.openqa.selenium.remote.service.DriverCommandExecutor.execute(DriverCommandExecutor.java:83)
	at org.openqa.selenium.remote.RemoteWebDriver.execute(RemoteWebDriver.java:552)
	at com.kms.katalon.selenium.driver.CChromeDriver.execute(CChromeDriver.java:19)
	at org.openqa.selenium.remote.RemoteWebElement.execute(RemoteWebElement.java:285)
	at org.openqa.selenium.remote.RemoteWebElement.clear(RemoteWebElement.java:124)
	at org.openqa.selenium.support.events.EventFiringWebDriver$EventFiringWebElement.lambda$new$0(EventFiringWebDriver.java:404)
	at com.sun.proxy.$Proxy13.clear(Unknown Source)
	at org.openqa.selenium.support.events.EventFiringWebDriver$EventFiringWebElement.clear(EventFiringWebDriver.java:436)
	at com.kms.katalon.core.webui.keyword.builtin.SetTextKeyword$_setText_closure1.doCall(SetTextKeyword.groovy:53)
	at com.kms.katalon.core.webui.keyword.builtin.SetTextKeyword$_setText_closure1.call(SetTextKeyword.groovy)
	at com.kms.katalon.core.webui.keyword.internal.WebUIKeywordMain.runKeyword(WebUIKeywordMain.groovy:20)
	... 19 more


2024-04-10 07:06:43 - [TEST_STEP][PASSED] - comment("Portal Smoke Test"): Portal Smoke Test

2024-04-10 07:06:43 - [MESSAGE][INFO] - Portal Smoke Test

2024-04-10 07:06:43 - [TEST_STEP][PASSED] - callTestCase(findTestCase("Portal_Pages/Portal_CommonScreens/Portal_Login"), ["Portal_Username":Portal_Username, "Portal_Password":Portal_Password], STOP_ON_FAILURE): Call Test Case 'Test Cases/Portal_Pages/Portal_CommonScreens/Portal_Login' successfully

2024-04-10 07:06:43 - [TEST_CASE][PASSED] - Test Cases/Portal_Pages/Portal_CommonScreens/Portal_Login: Test Cases/Portal_Pages/Portal_CommonScreens/Portal_Login

2024-04-10 07:06:44 - [TEST_STEP][PASSED] - openBrowser(""): Browser is opened with url: ''

2024-04-10 07:06:44 - [MESSAGE][INFO] - Starting 'Chrome' driver

2024-04-10 07:06:44 - [MESSAGE][INFO] - Action delay is set to 0 milliseconds

2024-04-10 07:06:49 - [MESSAGE][PASSED] - Browser is opened with url: ''

2024-04-10 07:06:49 - [TEST_STEP][PASSED] - deleteAllCookies(): Delete all cookies successfully

2024-04-10 07:06:49 - [MESSAGE][PASSED] - Delete all cookies successfully

2024-04-10 07:06:49 - [TEST_STEP][PASSED] - maximizeWindow(): Current window maximized

2024-04-10 07:06:49 - [MESSAGE][PASSED] - Current window maximized

2024-04-10 07:06:49 - [TEST_STEP][PASSED] - takeFullPageScreenshot(): Taking screenshot successfully

2024-04-10 07:06:50 - [MESSAGE][INFO] - 0 hidden object(s)

2024-04-10 07:06:50 - [MESSAGE][PASSED] - Taking screenshot successfully
[[ATTACHMENT|C:\\Users\\LellKir\\git\\HMIC-Portal\\HMIC-Portal\\HMIC-Portal\\HMIC-Portal\\HMIC-Portal\\HMIC-Portal\\Reports\\20240410_070624\\AgencyPortal_SmokeTest_WC\\20240410_070624\\1712747209688.png]]

2024-04-10 07:06:50 - [TEST_STEP][PASSED] - navigateToUrl(PortalURL): Navigate to 'https://agencyportal.qa1.hastingsmutual.com/Accounts' successfully

2024-04-10 07:07:00 - [MESSAGE][PASSED] - Navigate to 'https://agencyportal.qa1.hastingsmutual.com/Accounts' successfully

2024-04-10 07:07:00 - [TEST_STEP][PASSED] - waitForPageLoad(10): Wait for page load successfully

2024-04-10 07:07:01 - [MESSAGE][PASSED] - Wait for page load successfully

2024-04-10 07:07:01 - [TEST_STEP][PASSED] - takeFullPageScreenshot(): Taking screenshot successfully

2024-04-10 07:07:02 - [MESSAGE][INFO] - 0 hidden object(s)

2024-04-10 07:07:02 - [MESSAGE][PASSED] - Taking screenshot successfully
[[ATTACHMENT|C:\\Users\\LellKir\\git\\HMIC-Portal\\HMIC-Portal\\HMIC-Portal\\HMIC-Portal\\HMIC-Portal\\HMIC-Portal\\Reports\\20240410_070624\\AgencyPortal_SmokeTest_WC\\20240410_070624\\1712747221698.png]]

2024-04-10 07:07:02 - [TEST_STEP][PASSED] - click(findTestObject("Object Repository/PolicyCenter_Login/div_PC_Login_Link_ClickHereToLogin"), OPTIONAL): Unable to click on object 'Object Repository/PolicyCenter_Login/div_PC_Login_Link_ClickHereToLogin' (Root cause: com.kms.katalon.core.exception.StepFailedException: Unable to click on object 'Object Repository/PolicyCenter_Login/div_PC_Login_Link_ClickHereToLogin'
	at com.kms.katalon.core.webui.keyword.internal.WebUIKeywordMain.stepFailed(WebUIKeywordMain.groovy:64)
	at com.kms.katalon.core.webui.keyword.internal.WebUIKeywordMain.runKeyword(WebUIKeywordMain.groovy:26)
	at com.kms.katalon.core.webui.keyword.builtin.ClickKeyword.click(ClickKeyword.groovy:74)
	at com.kms.katalon.core.webui.keyword.builtin.ClickKeyword.execute(ClickKeyword.groovy:40)
	at com.kms.katalon.core.keyword.internal.KeywordExecutor.executeKeywordForPlatform(KeywordExecutor.groovy:74)
	at com.kms.katalon.core.webui.keyword.WebUiBuiltInKeywords.click(WebUiBuiltInKeywords.groovy:608)
	at com.kms.katalon.core.webui.keyword.WebUiBuiltInKeywords$click$5.call(Unknown Source)
	at Portal_Login.run(Portal_Login:34)
	at com.kms.katalon.core.main.ScriptEngine.run(ScriptEngine.java:194)
	at com.kms.katalon.core.main.ScriptEngine.runScriptAsRawText(ScriptEngine.java:119)
	at com.kms.katalon.core.main.TestCaseExecutor.runScript(TestCaseExecutor.java:448)
	at com.kms.katalon.core.main.TestCaseExecutor.doExecute(TestCaseExecutor.java:439)
	at com.kms.katalon.core.main.TestCaseExecutor.processExecutionPhase(TestCaseExecutor.java:418)
	at com.kms.katalon.core.main.TestCaseExecutor.accessMainPhase(TestCaseExecutor.java:410)
	at com.kms.katalon.core.main.TestCaseExecutor.execute(TestCaseExecutor.java:285)
	at com.kms.katalon.core.main.TestCaseMain.runTestCase(TestCaseMain.java:144)
	at com.kms.katalon.core.keyword.builtin.CallTestCaseKeyword$_callTestCase_closure1.doCall(CallTestCaseKeyword.groovy:59)
	at com.kms.katalon.core.keyword.builtin.CallTestCaseKeyword$_callTestCase_closure1.call(CallTestCaseKeyword.groovy)
	at com.kms.katalon.core.keyword.internal.KeywordMain.runKeyword(KeywordMain.groovy:75)
	at com.kms.katalon.core.keyword.builtin.CallTestCaseKeyword.callTestCase(CallTestCaseKeyword.groovy:81)
	at com.kms.katalon.core.keyword.builtin.CallTestCaseKeyword.execute(CallTestCaseKeyword.groovy:44)
	at com.kms.katalon.core.keyword.internal.KeywordExecutor.executeKeywordForPlatform(KeywordExecutor.groovy:74)
	at com.kms.katalon.core.keyword.BuiltinKeywords.callTestCase(BuiltinKeywords.groovy:310)
	at Portal_SmokeTest_IAState.run(Portal_SmokeTest_IAState:22)
	at com.kms.katalon.core.main.ScriptEngine.run(ScriptEngine.java:194)
	at com.kms.katalon.core.main.ScriptEngine.runScriptAsRawText(ScriptEngine.java:119)
	at com.kms.katalon.core.main.TestCaseExecutor.runScript(TestCaseExecutor.java:448)
	at com.kms.katalon.core.main.TestCaseExecutor.doExecute(TestCaseExecutor.java:439)
	at com.kms.katalon.core.main.TestCaseExecutor.processExecutionPhase(TestCaseExecutor.java:418)
	at com.kms.katalon.core.main.TestCaseExecutor.accessMainPhase(TestCaseExecutor.java:410)
	at com.kms.katalon.core.main.TestCaseExecutor.execute(TestCaseExecutor.java:285)
	at com.kms.katalon.core.common.CommonExecutor.accessTestCaseMainPhase(CommonExecutor.java:65)
	at com.kms.katalon.core.main.TestSuiteExecutor.accessTestSuiteMainPhase(TestSuiteExecutor.java:148)
	at com.kms.katalon.core.main.TestSuiteExecutor.execute(TestSuiteExecutor.java:106)
	at com.kms.katalon.core.main.TestCaseMain.startTestSuite(TestCaseMain.java:187)
	at com.kms.katalon.core.main.TestCaseMain$startTestSuite$0.call(Unknown Source)
	at TempTestSuite1712747184320.run(TempTestSuite1712747184320.groovy:36)
Caused by: com.kms.katalon.core.webui.exception.WebElementNotFoundException: Web element with id: 'Object Repository/PolicyCenter_Login/div_PC_Login_Link_ClickHereToLogin' located by '//div[contains(@id,'LoginDetailsInputSet-LoginLink')]' not found
	at com.kms.katalon.core.webui.common.WebUiCommonHelper.findWebElement(WebUiCommonHelper.java:1381)
	at com.kms.katalon.core.webui.keyword.internal.WebUIAbstractKeyword.findWebElement(WebUIAbstractKeyword.groovy:27)
	at com.kms.katalon.core.webui.keyword.builtin.ClickKeyword$_click_closure1.doCall(ClickKeyword.groovy:65)
	at com.kms.katalon.core.webui.keyword.builtin.ClickKeyword$_click_closure1.call(ClickKeyword.groovy)
	at com.kms.katalon.core.webui.keyword.internal.WebUIKeywordMain.runKeyword(WebUIKeywordMain.groovy:20)
	at com.kms.katalon.core.webui.keyword.builtin.ClickKeyword.click(ClickKeyword.groovy:74)
	at com.kms.katalon.core.webui.keyword.builtin.ClickKeyword.execute(ClickKeyword.groovy:40)
	at com.kms.katalon.core.keyword.internal.KeywordExecutor.executeKeywordForPlatform(KeywordExecutor.groovy:74)
	at com.kms.katalon.core.webui.keyword.WebUiBuiltInKeywords.click(WebUiBuiltInKeywords.groovy:608)
	at com.kms.katalon.core.webui.keyword.WebUiBuiltInKeywords$click$5.call(Unknown Source)
	at Script1683558008637.run(Script1683558008637.groovy:34)
	at com.kms.katalon.core.main.ScriptEngine.run(ScriptEngine.java:194)
	at com.kms.katalon.core.main.ScriptEngine.runScriptAsRawText(ScriptEngine.java:119)
	at com.kms.katalon.core.main.TestCaseExecutor.runScript(TestCaseExecutor.java:448)
	at com.kms.katalon.core.main.TestCaseExecutor.doExecute(TestCaseExecutor.java:439)
	at com.kms.katalon.core.main.TestCaseExecutor.processExecutionPhase(TestCaseExecutor.java:418)
	at com.kms.katalon.core.main.TestCaseExecutor.accessMainPhase(TestCaseExecutor.java:410)
	at com.kms.katalon.core.main.TestCaseExecutor.execute(TestCaseExecutor.java:285)
	at com.kms.katalon.core.main.TestCaseMain.runTestCase(TestCaseMain.java:144)
	at com.kms.katalon.core.keyword.builtin.CallTestCaseKeyword$_callTestCase_closure1.doCall(CallTestCaseKeyword.groovy:59)
	at com.kms.katalon.core.keyword.builtin.CallTestCaseKeyword$_callTestCase_closure1.call(CallTestCaseKeyword.groovy)
	at com.kms.katalon.core.keyword.internal.KeywordMain.runKeyword(KeywordMain.groovy:75)
	at com.kms.katalon.core.keyword.builtin.CallTestCaseKeyword.callTestCase(CallTestCaseKeyword.groovy:81)
	at com.kms.katalon.core.keyword.builtin.CallTestCaseKeyword.execute(CallTestCaseKeyword.groovy:44)
	at com.kms.katalon.core.keyword.internal.KeywordExecutor.executeKeywordForPlatform(KeywordExecutor.groovy:74)
	at com.kms.katalon.core.keyword.BuiltinKeywords.callTestCase(BuiltinKeywords.groovy:310)
	at Script1689773001064.run(Script1689773001064.groovy:22)
	... 13 more
)

2024-04-10 07:07:33 - [MESSAGE][INFO] - Unable to find the element located by 'By.xpath: //div[contains(@id,'LoginDetailsInputSet-LoginLink')]'. Please recheck the objects properties to make sure the desired element is located. 

2024-04-10 07:07:33 - [MESSAGE][WARNING] - [SELF-HEALING] Failed to find element with id 'Object Repository/PolicyCenter_Login/div_PC_Login_Link_ClickHereToLogin'. Try using Self-healing.

2024-04-10 07:07:34 - [MESSAGE][INFO] - [SELF-HEALING] No working XPath is found.

2024-04-10 07:07:35 - [MESSAGE][INFO] - Unable to find the element located by 'By.xpath: '. Please recheck the objects properties to make sure the desired element is located. 

2024-04-10 07:07:35 - [MESSAGE][WARNING] - [SELF-HEALING] Cannot find elements when the selector is null

2024-04-10 07:07:36 - [MESSAGE][WARNING] - Unable to click on object 'Object Repository/PolicyCenter_Login/div_PC_Login_Link_ClickHereToLogin' (Root cause: com.kms.katalon.core.exception.StepFailedException: Unable to click on object 'Object Repository/PolicyCenter_Login/div_PC_Login_Link_ClickHereToLogin'
	at com.kms.katalon.core.webui.keyword.internal.WebUIKeywordMain.stepFailed(WebUIKeywordMain.groovy:64)
	at com.kms.katalon.core.webui.keyword.internal.WebUIKeywordMain.runKeyword(WebUIKeywordMain.groovy:26)
	at com.kms.katalon.core.webui.keyword.builtin.ClickKeyword.click(ClickKeyword.groovy:74)
	at com.kms.katalon.core.webui.keyword.builtin.ClickKeyword.execute(ClickKeyword.groovy:40)
	at com.kms.katalon.core.keyword.internal.KeywordExecutor.executeKeywordForPlatform(KeywordExecutor.groovy:74)
	at com.kms.katalon.core.webui.keyword.WebUiBuiltInKeywords.click(WebUiBuiltInKeywords.groovy:608)
	at com.kms.katalon.core.webui.keyword.WebUiBuiltInKeywords$click$5.call(Unknown Source)
	at Portal_Login.run(Portal_Login:34)
	at com.kms.katalon.core.main.ScriptEngine.run(ScriptEngine.java:194)
	at com.kms.katalon.core.main.ScriptEngine.runScriptAsRawText(ScriptEngine.java:119)
	at com.kms.katalon.core.main.TestCaseExecutor.runScript(TestCaseExecutor.java:448)
	at com.kms.katalon.core.main.TestCaseExecutor.doExecute(TestCaseExecutor.java:439)
	at com.kms.katalon.core.main.TestCaseExecutor.processExecutionPhase(TestCaseExecutor.java:418)
	at com.kms.katalon.core.main.TestCaseExecutor.accessMainPhase(TestCaseExecutor.java:410)
	at com.kms.katalon.core.main.TestCaseExecutor.execute(TestCaseExecutor.java:285)
	at com.kms.katalon.core.main.TestCaseMain.runTestCase(TestCaseMain.java:144)
	at com.kms.katalon.core.keyword.builtin.CallTestCaseKeyword$_callTestCase_closure1.doCall(CallTestCaseKeyword.groovy:59)
	at com.kms.katalon.core.keyword.builtin.CallTestCaseKeyword$_callTestCase_closure1.call(CallTestCaseKeyword.groovy)
	at com.kms.katalon.core.keyword.internal.KeywordMain.runKeyword(KeywordMain.groovy:75)
	at com.kms.katalon.core.keyword.builtin.CallTestCaseKeyword.callTestCase(CallTestCaseKeyword.groovy:81)
	at com.kms.katalon.core.keyword.builtin.CallTestCaseKeyword.execute(CallTestCaseKeyword.groovy:44)
	at com.kms.katalon.core.keyword.internal.KeywordExecutor.executeKeywordForPlatform(KeywordExecutor.groovy:74)
	at com.kms.katalon.core.keyword.BuiltinKeywords.callTestCase(BuiltinKeywords.groovy:310)
	at Portal_SmokeTest_IAState.run(Portal_SmokeTest_IAState:22)
	at com.kms.katalon.core.main.ScriptEngine.run(ScriptEngine.java:194)
	at com.kms.katalon.core.main.ScriptEngine.runScriptAsRawText(ScriptEngine.java:119)
	at com.kms.katalon.core.main.TestCaseExecutor.runScript(TestCaseExecutor.java:448)
	at com.kms.katalon.core.main.TestCaseExecutor.doExecute(TestCaseExecutor.java:439)
	at com.kms.katalon.core.main.TestCaseExecutor.processExecutionPhase(TestCaseExecutor.java:418)
	at com.kms.katalon.core.main.TestCaseExecutor.accessMainPhase(TestCaseExecutor.java:410)
	at com.kms.katalon.core.main.TestCaseExecutor.execute(TestCaseExecutor.java:285)
	at com.kms.katalon.core.common.CommonExecutor.accessTestCaseMainPhase(CommonExecutor.java:65)
	at com.kms.katalon.core.main.TestSuiteExecutor.accessTestSuiteMainPhase(TestSuiteExecutor.java:148)
	at com.kms.katalon.core.main.TestSuiteExecutor.execute(TestSuiteExecutor.java:106)
	at com.kms.katalon.core.main.TestCaseMain.startTestSuite(TestCaseMain.java:187)
	at com.kms.katalon.core.main.TestCaseMain$startTestSuite$0.call(Unknown Source)
	at TempTestSuite1712747184320.run(TempTestSuite1712747184320.groovy:36)
Caused by: com.kms.katalon.core.webui.exception.WebElementNotFoundException: Web element with id: 'Object Repository/PolicyCenter_Login/div_PC_Login_Link_ClickHereToLogin' located by '//div[contains(@id,'LoginDetailsInputSet-LoginLink')]' not found
	at com.kms.katalon.core.webui.common.WebUiCommonHelper.findWebElement(WebUiCommonHelper.java:1381)
	at com.kms.katalon.core.webui.keyword.internal.WebUIAbstractKeyword.findWebElement(WebUIAbstractKeyword.groovy:27)
	at com.kms.katalon.core.webui.keyword.builtin.ClickKeyword$_click_closure1.doCall(ClickKeyword.groovy:65)
	at com.kms.katalon.core.webui.keyword.builtin.ClickKeyword$_click_closure1.call(ClickKeyword.groovy)
	at com.kms.katalon.core.webui.keyword.internal.WebUIKeywordMain.runKeyword(WebUIKeywordMain.groovy:20)
	at com.kms.katalon.core.webui.keyword.builtin.ClickKeyword.click(ClickKeyword.groovy:74)
	at com.kms.katalon.core.webui.keyword.builtin.ClickKeyword.execute(ClickKeyword.groovy:40)
	at com.kms.katalon.core.keyword.internal.KeywordExecutor.executeKeywordForPlatform(KeywordExecutor.groovy:74)
	at com.kms.katalon.core.webui.keyword.WebUiBuiltInKeywords.click(WebUiBuiltInKeywords.groovy:608)
	at com.kms.katalon.core.webui.keyword.WebUiBuiltInKeywords$click$5.call(Unknown Source)
	at Script1683558008637.run(Script1683558008637.groovy:34)
	at com.kms.katalon.core.main.ScriptEngine.run(ScriptEngine.java:194)
	at com.kms.katalon.core.main.ScriptEngine.runScriptAsRawText(ScriptEngine.java:119)
	at com.kms.katalon.core.main.TestCaseExecutor.runScript(TestCaseExecutor.java:448)
	at com.kms.katalon.core.main.TestCaseExecutor.doExecute(TestCaseExecutor.java:439)
	at com.kms.katalon.core.main.TestCaseExecutor.processExecutionPhase(TestCaseExecutor.java:418)
	at com.kms.katalon.core.main.TestCaseExecutor.accessMainPhase(TestCaseExecutor.java:410)
	at com.kms.katalon.core.main.TestCaseExecutor.execute(TestCaseExecutor.java:285)
	at com.kms.katalon.core.main.TestCaseMain.runTestCase(TestCaseMain.java:144)
	at com.kms.katalon.core.keyword.builtin.CallTestCaseKeyword$_callTestCase_closure1.doCall(CallTestCaseKeyword.groovy:59)
	at com.kms.katalon.core.keyword.builtin.CallTestCaseKeyword$_callTestCase_closure1.call(CallTestCaseKeyword.groovy)
	at com.kms.katalon.core.keyword.internal.KeywordMain.runKeyword(KeywordMain.groovy:75)
	at com.kms.katalon.core.keyword.builtin.CallTestCaseKeyword.callTestCase(CallTestCaseKeyword.groovy:81)
	at com.kms.katalon.core.keyword.builtin.CallTestCaseKeyword.execute(CallTestCaseKeyword.groovy:44)
	at com.kms.katalon.core.keyword.internal.KeywordExecutor.executeKeywordForPlatform(KeywordExecutor.groovy:74)
	at com.kms.katalon.core.keyword.BuiltinKeywords.callTestCase(BuiltinKeywords.groovy:310)
	at Script1689773001064.run(Script1689773001064.groovy:22)
	... 13 more
)
[[ATTACHMENT|C:\\Users\\LellKir\\git\\HMIC-Portal\\HMIC-Portal\\HMIC-Portal\\HMIC-Portal\\HMIC-Portal\\HMIC-Portal\\Reports\\20240410_070624\\AgencyPortal_SmokeTest_WC\\20240410_070624\\1712747255921.png]]

2024-04-10 07:07:36 - [TEST_STEP][PASSED] - setText(findTestObject("Object Repository/PolicyCenter_Login/input_PC_Login_TextBox_UserName"), Portal_Username): Text 'adminuser2059' is set on object 'Object Repository/PolicyCenter_Login/input_PC_Login_TextBox_UserName'

2024-04-10 07:07:36 - [MESSAGE][PASSED] - Text 'adminuser2059' is set on object 'Object Repository/PolicyCenter_Login/input_PC_Login_TextBox_UserName'

2024-04-10 07:07:36 - [TEST_STEP][PASSED] - setText(findTestObject("Object Repository/PolicyCenter_Login/input_PC_Login_TextBox_Password"), Portal_Password): Text 'Hmic1234' is set on object 'Object Repository/PolicyCenter_Login/input_PC_Login_TextBox_Password'

2024-04-10 07:07:37 - [MESSAGE][PASSED] - Text 'Hmic1234' is set on object 'Object Repository/PolicyCenter_Login/input_PC_Login_TextBox_Password'

2024-04-10 07:07:37 - [TEST_STEP][PASSED] - takeFullPageScreenshot(): Taking screenshot successfully

2024-04-10 07:07:38 - [MESSAGE][INFO] - 0 hidden object(s)

2024-04-10 07:07:38 - [MESSAGE][PASSED] - Taking screenshot successfully
[[ATTACHMENT|C:\\Users\\LellKir\\git\\HMIC-Portal\\HMIC-Portal\\HMIC-Portal\\HMIC-Portal\\HMIC-Portal\\HMIC-Portal\\Reports\\20240410_070624\\AgencyPortal_SmokeTest_WC\\20240410_070624\\1712747257735.png]]

2024-04-10 07:07:38 - [TEST_STEP][PASSED] - waitForElementVisible(findTestObject("PolicyCenter_Login/input_PC_Login_Button_Login"), 20): Object 'Object Repository/PolicyCenter_Login/input_PC_Login_Button_Login' is visible

2024-04-10 07:07:38 - [MESSAGE][PASSED] - Object 'Object Repository/PolicyCenter_Login/input_PC_Login_Button_Login' is visible

2024-04-10 07:07:38 - [TEST_STEP][PASSED] - click(findTestObject("Object Repository/PolicyCenter_Login/input_PC_Login_Button_Login")): Object: 'Object Repository/PolicyCenter_Login/input_PC_Login_Button_Login' is clicked on

2024-04-10 07:07:39 - [MESSAGE][PASSED] - Object: 'Object Repository/PolicyCenter_Login/input_PC_Login_Button_Login' is clicked on

2024-04-10 07:07:39 - [TEST_STEP][PASSED] - takeFullPageScreenshot(): Taking screenshot successfully

2024-04-10 07:07:39 - [MESSAGE][INFO] - 0 hidden object(s)

2024-04-10 07:07:39 - [MESSAGE][PASSED] - Taking screenshot successfully
[[ATTACHMENT|C:\\Users\\LellKir\\git\\HMIC-Portal\\HMIC-Portal\\HMIC-Portal\\HMIC-Portal\\HMIC-Portal\\HMIC-Portal\\Reports\\20240410_070624\\AgencyPortal_SmokeTest_WC\\20240410_070624\\1712747259231.png]]

2024-04-10 07:07:39 - [TEST_STEP][PASSED] - waitForElementVisible(findTestObject("Portal/Portal_Common_Header_SearchForAccOrPol"), 30): Object 'Object Repository/Portal/Portal_Common_Header_SearchForAccOrPol' is visible

2024-04-10 07:08:09 - [MESSAGE][PASSED] - Object 'Object Repository/Portal/Portal_Common_Header_SearchForAccOrPol' is visible

2024-04-10 07:08:09 - [TEST_STEP][PASSED] - verifyElementVisible(findTestObject("Portal/Portal_Common_Header_SearchForAccOrPol")): Object 'Object Repository/Portal/Portal_Common_Header_SearchForAccOrPol' is visible

2024-04-10 07:08:10 - [MESSAGE][PASSED] - Object 'Object Repository/Portal/Portal_Common_Header_SearchForAccOrPol' is visible

2024-04-10 07:08:10 - [TEST_STEP][PASSED] - takeFullPageScreenshot(): Taking screenshot successfully

2024-04-10 07:08:10 - [MESSAGE][INFO] - 0 hidden object(s)

2024-04-10 07:08:10 - [MESSAGE][PASSED] - Taking screenshot successfully
[[ATTACHMENT|C:\\Users\\LellKir\\git\\HMIC-Portal\\HMIC-Portal\\HMIC-Portal\\HMIC-Portal\\HMIC-Portal\\HMIC-Portal\\Reports\\20240410_070624\\AgencyPortal_SmokeTest_WC\\20240410_070624\\1712747290016.png]]

2024-04-10 07:08:10 - [MESSAGE][PASSED] - Call Test Case 'Test Cases/Portal_Pages/Portal_CommonScreens/Portal_Login' successfully

2024-04-10 07:08:10 - [TEST_STEP][PASSED] - click(findTestObject("Object Repository/Portal/Portal_Common_Tab_Quote")): Object: 'Object Repository/Portal/Portal_Common_Tab_Quote' is clicked on

2024-04-10 07:08:47 - [MESSAGE][PASSED] - Object: 'Object Repository/Portal/Portal_Common_Tab_Quote' is clicked on

2024-04-10 07:08:47 - [TEST_STEP][PASSED] - comment("User is able to Initiate the quote successfully"): User is able to Initiate the quote successfully

2024-04-10 07:08:47 - [MESSAGE][INFO] - User is able to Initiate the quote successfully

2024-04-10 07:08:47 - [TEST_STEP][PASSED] - verifyElementText(findTestObject("Object Repository/Portal/Portal_Quote_Header_NewBusinessDashboard"), "New Business Dashboard"): Actual text and expected text of test object 'Object Repository/Portal/Portal_Quote_Header_NewBusinessDashboard' are matched.

2024-04-10 07:09:17 - [MESSAGE][PASSED] - Actual text and expected text of test object 'Object Repository/Portal/Portal_Quote_Header_NewBusinessDashboard' are matched.

2024-04-10 07:09:17 - [TEST_STEP][PASSED] - click(findTestObject("Object Repository/Portal/Portal_Quote_Title_StartANewBusiness")): Object: 'Object Repository/Portal/Portal_Quote_Title_StartANewBusiness' is clicked on

2024-04-10 07:09:47 - [MESSAGE][PASSED] - Object: 'Object Repository/Portal/Portal_Quote_Title_StartANewBusiness' is clicked on

2024-04-10 07:09:47 - [TEST_STEP][PASSED] - click(findTestObject("Object Repository/Portal/Portal_Quote_Dropdown_SelectLineOfBusiness")): Object: 'Object Repository/Portal/Portal_Quote_Dropdown_SelectLineOfBusiness' is clicked on

2024-04-10 07:10:17 - [MESSAGE][PASSED] - Object: 'Object Repository/Portal/Portal_Quote_Dropdown_SelectLineOfBusiness' is clicked on

2024-04-10 07:10:17 - [TEST_STEP][PASSED] - click(findTestObject("Object Repository/Portal/Portal_LOB_TypeList_WorkersComp")): Object: 'Object Repository/Portal/Portal_LOB_TypeList_WorkersComp' is clicked on

2024-04-10 07:10:47 - [MESSAGE][PASSED] - Object: 'Object Repository/Portal/Portal_LOB_TypeList_WorkersComp' is clicked on

2024-04-10 07:10:47 - [TEST_STEP][PASSED] - click(findTestObject("Object Repository/Portal/Portal_Common_Button_Next")): Object: 'Object Repository/Portal/Portal_Common_Button_Next' is clicked on

2024-04-10 07:11:19 - [MESSAGE][PASSED] - Object: 'Object Repository/Portal/Portal_Common_Button_Next' is clicked on

2024-04-10 07:11:19 - [TEST_STEP][PASSED] - verifyElementText(findTestObject("Object Repository/Portal/Portal_PreQual_Title_PreQualification"), "Pre-Qualification"): Actual text and expected text of test object 'Object Repository/Portal/Portal_PreQual_Title_PreQualification' are matched.

2024-04-10 07:11:21 - [MESSAGE][PASSED] - Actual text and expected text of test object 'Object Repository/Portal/Portal_PreQual_Title_PreQualification' are matched.

2024-04-10 07:11:21 - [TEST_STEP][PASSED] - comment("Prequalification statement should be displayed."): Prequalification statement should be displayed.

2024-04-10 07:11:21 - [MESSAGE][INFO] - Prequalification statement should be displayed.

2024-04-10 07:11:21 - [TEST_STEP][PASSED] - click(findTestObject("Object Repository/Portal/Portal_PreQual_CheckBox_RiskDoesNotHaveAny")): Object: 'Object Repository/Portal/Portal_PreQual_CheckBox_RiskDoesNotHaveAny' is clicked on

2024-04-10 07:11:22 - [MESSAGE][PASSED] - Object: 'Object Repository/Portal/Portal_PreQual_CheckBox_RiskDoesNotHaveAny' is clicked on

2024-04-10 07:11:22 - [TEST_STEP][PASSED] - click(findTestObject("Object Repository/Portal/Portal_PreQual_Button_Agree")): Object: 'Object Repository/Portal/Portal_PreQual_Button_Agree' is clicked on

2024-04-10 07:11:22 - [MESSAGE][PASSED] - Object: 'Object Repository/Portal/Portal_PreQual_Button_Agree' is clicked on

2024-04-10 07:11:22 - [TEST_STEP][PASSED] - waitForElementHasAttribute(findTestObject("Object Repository/Portal/Portal_AccInfo_Header_AccInfo"), "Step 1: Account Information", 10): Object 'Object Repository/Portal/Portal_AccInfo_Header_AccInfo' does not have attribute 'Step 1: Account Information'

2024-04-10 07:11:34 - [MESSAGE][WARNING] - Object 'Object Repository/Portal/Portal_AccInfo_Header_AccInfo' does not have attribute 'Step 1: Account Information'

2024-04-10 07:11:34 - [TEST_STEP][PASSED] - verifyElementText(findTestObject("Object Repository/Portal/Portal_AccInfo_Header_AccInfo"), "Step 1: Account Information"): Actual text and expected text of test object 'Object Repository/Portal/Portal_AccInfo_Header_AccInfo' are matched.

2024-04-10 07:11:34 - [MESSAGE][PASSED] - Actual text and expected text of test object 'Object Repository/Portal/Portal_AccInfo_Header_AccInfo' are matched.

2024-04-10 07:11:34 - [TEST_STEP][PASSED] - comment("User successfully navigated to Account Information screen"): User successfully navigated to Account Information screen

2024-04-10 07:11:34 - [MESSAGE][INFO] - User successfully navigated to Account Information screen

2024-04-10 07:11:34 - [TEST_STEP][PASSED] - click(findTestObject("Object Repository/Portal/Portal_AccInfo_Dropdown_SearchOrQuoteFor")): Object: 'Object Repository/Portal/Portal_AccInfo_Dropdown_SearchOrQuoteFor' is clicked on

2024-04-10 07:11:35 - [MESSAGE][PASSED] - Object: 'Object Repository/Portal/Portal_AccInfo_Dropdown_SearchOrQuoteFor' is clicked on

2024-04-10 07:11:35 - [TEST_STEP][PASSED] - click(findTestObject("Object Repository/Portal/Portal_AccInfo_TypeList_Individual")): Object: 'Object Repository/Portal/Portal_AccInfo_TypeList_Individual' is clicked on

2024-04-10 07:11:35 - [MESSAGE][PASSED] - Object: 'Object Repository/Portal/Portal_AccInfo_TypeList_Individual' is clicked on

2024-04-10 07:11:35 - [TEST_STEP][PASSED] - setText(findTestObject("Object Repository/Portal/Portal_AccInfo_TextBox_FirstName"), "Auto_FirstName"): Text 'Auto_FirstName' is set on object 'Object Repository/Portal/Portal_AccInfo_TextBox_FirstName'

2024-04-10 07:11:36 - [MESSAGE][PASSED] - Text 'Auto_FirstName' is set on object 'Object Repository/Portal/Portal_AccInfo_TextBox_FirstName'

2024-04-10 07:11:36 - [TEST_STEP][PASSED] - setText(findTestObject("Object Repository/Portal/Portal_AccInfo_TextBox_LastName"), "LastName" + RandomStringUtils.randomAlphabetic(5)): Text 'LastNameLvQQl' is set on object 'Object Repository/Portal/Portal_AccInfo_TextBox_LastName'

2024-04-10 07:11:37 - [MESSAGE][PASSED] - Text 'LastNameLvQQl' is set on object 'Object Repository/Portal/Portal_AccInfo_TextBox_LastName'

2024-04-10 07:11:37 - [TEST_STEP][PASSED] - setText(findTestObject("Object Repository/Portal/Portal_AccInfo_TextBox_ZipCode"), "52246"): Text '52246' is set on object 'Object Repository/Portal/Portal_AccInfo_TextBox_ZipCode'

2024-04-10 07:11:38 - [MESSAGE][PASSED] - Text '52246' is set on object 'Object Repository/Portal/Portal_AccInfo_TextBox_ZipCode'

2024-04-10 07:11:38 - [TEST_STEP][PASSED] - click(findTestObject("Object Repository/Portal/Portal_AccInfo_Button_CreateNewAcc")): Object: 'Object Repository/Portal/Portal_AccInfo_Button_CreateNewAcc' is clicked on

2024-04-10 07:11:38 - [MESSAGE][PASSED] - Object: 'Object Repository/Portal/Portal_AccInfo_Button_CreateNewAcc' is clicked on

2024-04-10 07:11:38 - [TEST_STEP][PASSED] - verifyElementText(findTestObject("Object Repository/Portal/Portal_AccInfo_SubTitle_AddNewAcc"), "Add a New Account"): Actual text and expected text of test object 'Object Repository/Portal/Portal_AccInfo_SubTitle_AddNewAcc' are matched.

2024-04-10 07:11:39 - [MESSAGE][PASSED] - Actual text and expected text of test object 'Object Repository/Portal/Portal_AccInfo_SubTitle_AddNewAcc' are matched.

2024-04-10 07:11:39 - [TEST_STEP][PASSED] - mouseOver(findTestObject("Object Repository/Portal/Portal_AccountInfo_Dropdown_ProducerCode"), STOP_ON_FAILURE): Object: 'Object Repository/Portal/Portal_AccountInfo_Dropdown_ProducerCode' is hovered

2024-04-10 07:11:40 - [MESSAGE][PASSED] - Object: 'Object Repository/Portal/Portal_AccountInfo_Dropdown_ProducerCode' is hovered

2024-04-10 07:11:40 - [TEST_STEP][PASSED] - setText(findTestObject("Object Repository/Portal/Portal_AccInfo_TextBox_Address"), "919 Highway 1 W"): Text '919 Highway 1 W' is set on object 'Object Repository/Portal/Portal_AccInfo_TextBox_Address'

2024-04-10 07:11:41 - [MESSAGE][PASSED] - Text '919 Highway 1 W' is set on object 'Object Repository/Portal/Portal_AccInfo_TextBox_Address'

2024-04-10 07:11:41 - [TEST_STEP][PASSED] - sendKeys(findTestObject("Object Repository/Portal/Portal_AccInfo_TextBox_Address"), Keys.chord(SPACE)): Keys 'SPACE + ' sent to object: 'Object Repository/Portal/Portal_AccInfo_TextBox_Address'

2024-04-10 07:11:42 - [MESSAGE][PASSED] - Keys 'SPACE + ' sent to object: 'Object Repository/Portal/Portal_AccInfo_TextBox_Address'

2024-04-10 07:11:42 - [TEST_STEP][PASSED] - click(findTestObject("Object Repository/Portal/Portal_AccInfo_TypeList_1stAddress"), OPTIONAL): Object: 'Object Repository/Portal/Portal_AccInfo_TypeList_1stAddress' is clicked on

2024-04-10 07:11:42 - [MESSAGE][PASSED] - Object: 'Object Repository/Portal/Portal_AccInfo_TypeList_1stAddress' is clicked on

2024-04-10 07:11:42 - [TEST_STEP][PASSED] - waitForPageLoad(10): Wait for page load successfully

2024-04-10 07:11:42 - [MESSAGE][PASSED] - Wait for page load successfully

2024-04-10 07:11:42 - [TEST_STEP][PASSED] - mouseOver(findTestObject("Object Repository/Portal/Portal_AccountInfo_Dropdown_ProducerCode")): Object: 'Object Repository/Portal/Portal_AccountInfo_Dropdown_ProducerCode' is hovered

2024-04-10 07:11:43 - [MESSAGE][PASSED] - Object: 'Object Repository/Portal/Portal_AccountInfo_Dropdown_ProducerCode' is hovered

2024-04-10 07:11:43 - [TEST_STEP][PASSED] - click(findTestObject("Object Repository/Portal/Portal_AccountInfo_Dropdown_ProducerCode")): Object: 'Object Repository/Portal/Portal_AccountInfo_Dropdown_ProducerCode' is clicked on

2024-04-10 07:11:44 - [MESSAGE][PASSED] - Object: 'Object Repository/Portal/Portal_AccountInfo_Dropdown_ProducerCode' is clicked on

2024-04-10 07:11:44 - [TEST_STEP][PASSED] - mouseOver(findTestObject("Object Repository/Portal/Portal_AccInfo_TypeList_2059HouseCode")): Object: 'Object Repository/Portal/Portal_AccInfo_TypeList_2059HouseCode' is hovered

2024-04-10 07:11:44 - [MESSAGE][PASSED] - Object: 'Object Repository/Portal/Portal_AccInfo_TypeList_2059HouseCode' is hovered

2024-04-10 07:11:44 - [TEST_STEP][PASSED] - click(findTestObject("Object Repository/Portal/Portal_AccInfo_TypeList_2059HouseCode")): Object: 'Object Repository/Portal/Portal_AccInfo_TypeList_2059HouseCode' is clicked on

2024-04-10 07:11:45 - [MESSAGE][PASSED] - Object: 'Object Repository/Portal/Portal_AccInfo_TypeList_2059HouseCode' is clicked on

2024-04-10 07:11:45 - [TEST_STEP][PASSED] - click(findTestObject("Object Repository/Portal/Portal_AccInfo_Button_AddAccount")): Object: 'Object Repository/Portal/Portal_AccInfo_Button_AddAccount' is clicked on

2024-04-10 07:11:45 - [MESSAGE][PASSED] - Object: 'Object Repository/Portal/Portal_AccInfo_Button_AddAccount' is clicked on

2024-04-10 07:11:45 - [TEST_STEP][PASSED] - click(findTestObject("Object Repository/Portal/Portal_StandardizeAddress_Button_Continue")): Object: 'Object Repository/Portal/Portal_StandardizeAddress_Button_Continue' is clicked on

2024-04-10 07:11:52 - [MESSAGE][PASSED] - Object: 'Object Repository/Portal/Portal_StandardizeAddress_Button_Continue' is clicked on

2024-04-10 07:11:52 - [TEST_STEP][PASSED] - AccountNumber = getText(findTestObject("Portal/Portal_NewAccountCreated_Label_AccountNum")): Text of object 'Object Repository/Portal/Portal_NewAccountCreated_Label_AccountNum' is: 'AC00540395'

2024-04-10 07:11:54 - [MESSAGE][PASSED] - Text of object 'Object Repository/Portal/Portal_NewAccountCreated_Label_AccountNum' is: 'AC00540395'

2024-04-10 07:11:54 - [TEST_STEP][PASSED] - click(findTestObject("Portal/Portal_NewAccountCreated_Button_Continue")): Object: 'Object Repository/Portal/Portal_NewAccountCreated_Button_Continue' is clicked on

2024-04-10 07:11:54 - [MESSAGE][PASSED] - Object: 'Object Repository/Portal/Portal_NewAccountCreated_Button_Continue' is clicked on

2024-04-10 07:11:54 - [TEST_STEP][PASSED] - click(findTestObject("Object Repository/Portal/Portal_PolicyDetails_Dropdown_OrgType")): Object: 'Object Repository/Portal/Portal_PolicyDetails_Dropdown_OrgType' is clicked on

2024-04-10 07:12:01 - [MESSAGE][PASSED] - Object: 'Object Repository/Portal/Portal_PolicyDetails_Dropdown_OrgType' is clicked on

2024-04-10 07:12:01 - [TEST_STEP][PASSED] - click(findTestObject("Object Repository/Portal/Portal_PolDetails_OrgType_TypeList_Individual")): Object: 'Object Repository/Portal/Portal_PolDetails_OrgType_TypeList_Individual' is clicked on

2024-04-10 07:12:02 - [MESSAGE][PASSED] - Object: 'Object Repository/Portal/Portal_PolDetails_OrgType_TypeList_Individual' is clicked on

2024-04-10 07:12:02 - [TEST_STEP][PASSED] - mouseOver(findTestObject("Object Repository/Portal/Portal_PolDetails_TextBox_SSN"), STOP_ON_FAILURE): Object: 'Object Repository/Portal/Portal_PolDetails_TextBox_SSN' is hovered

2024-04-10 07:12:02 - [MESSAGE][PASSED] - Object: 'Object Repository/Portal/Portal_PolDetails_TextBox_SSN' is hovered

2024-04-10 07:12:03 - [TEST_STEP][PASSED] - click(findTestObject("Object Repository/Portal/Portal_PolDetails_TextBox_SSN"), STOP_ON_FAILURE): Object: 'Object Repository/Portal/Portal_PolDetails_TextBox_SSN' is clicked on

2024-04-10 07:12:03 - [MESSAGE][PASSED] - Object: 'Object Repository/Portal/Portal_PolDetails_TextBox_SSN' is clicked on

2024-04-10 07:12:03 - [TEST_STEP][PASSED] - sendKeys(findTestObject("Object Repository/Portal/Portal_PolDetails_TextBox_SSN"), Keys.chord("123456789")): Keys '123456789' sent to object: 'Object Repository/Portal/Portal_PolDetails_TextBox_SSN'

2024-04-10 07:12:04 - [MESSAGE][PASSED] - Keys '123456789' sent to object: 'Object Repository/Portal/Portal_PolDetails_TextBox_SSN'

2024-04-10 07:12:04 - [TEST_STEP][PASSED] - click(findTestObject("Object Repository/Portal/Portal_PolicyDetails_Button_Save")): Object: 'Object Repository/Portal/Portal_PolicyDetails_Button_Save' is clicked on

2024-04-10 07:12:04 - [MESSAGE][PASSED] - Object: 'Object Repository/Portal/Portal_PolicyDetails_Button_Save' is clicked on

2024-04-10 07:12:04 - [TEST_STEP][PASSED] - takeFullPageScreenshot(): Taking screenshot successfully

2024-04-10 07:12:05 - [MESSAGE][INFO] - 0 hidden object(s)

2024-04-10 07:12:05 - [MESSAGE][PASSED] - Taking screenshot successfully
[[ATTACHMENT|C:\\Users\\LellKir\\git\\HMIC-Portal\\HMIC-Portal\\HMIC-Portal\\HMIC-Portal\\HMIC-Portal\\HMIC-Portal\\Reports\\20240410_070624\\AgencyPortal_SmokeTest_WC\\20240410_070624\\1712747524840.png]]

2024-04-10 07:12:05 - [TEST_STEP][PASSED] - click(findTestObject("Object Repository/Portal/Portal_Common_Button_NextLoc")): Object: 'Object Repository/Portal/Portal_Common_Button_NextLoc' is clicked on

2024-04-10 07:12:06 - [MESSAGE][PASSED] - Object: 'Object Repository/Portal/Portal_Common_Button_NextLoc' is clicked on

2024-04-10 07:12:06 - [TEST_STEP][PASSED] - waitForElementHasAttribute(findTestObject("Object Repository/Portal/Portal_Loc_Header_Loc"), "Step 3: Locations", 10): Object 'Object Repository/Portal/Portal_Loc_Header_Loc' does not have attribute 'Step 3: Locations'

2024-04-10 07:12:19 - [MESSAGE][WARNING] - Object 'Object Repository/Portal/Portal_Loc_Header_Loc' does not have attribute 'Step 3: Locations'

2024-04-10 07:12:19 - [TEST_STEP][PASSED] - verifyElementText(findTestObject("Object Repository/Portal/Portal_Loc_Header_Loc"), "Step 3: Locations"): Actual text and expected text of test object 'Object Repository/Portal/Portal_Loc_Header_Loc' are matched.

2024-04-10 07:12:19 - [MESSAGE][PASSED] - Actual text and expected text of test object 'Object Repository/Portal/Portal_Loc_Header_Loc' are matched.

2024-04-10 07:12:19 - [TEST_STEP][PASSED] - setText(findTestObject("Object Repository/Portal/Portal_Loc_TextBox_MaxNumOfEmp"), "51"): Text '51' is set on object 'Object Repository/Portal/Portal_Loc_TextBox_MaxNumOfEmp'

2024-04-10 07:12:20 - [MESSAGE][PASSED] - Text '51' is set on object 'Object Repository/Portal/Portal_Loc_TextBox_MaxNumOfEmp'

2024-04-10 07:12:20 - [TEST_STEP][PASSED] - click(findTestObject("Object Repository/Portal/Portal_Loc_TextBox_WorkClassification")): Object: 'Object Repository/Portal/Portal_Loc_TextBox_WorkClassification' is clicked on

2024-04-10 07:12:21 - [MESSAGE][PASSED] - Object: 'Object Repository/Portal/Portal_Loc_TextBox_WorkClassification' is clicked on

2024-04-10 07:12:21 - [TEST_STEP][PASSED] - click(findTestObject("Object Repository/Portal/Portal_Loc_WorkClassification_TypeList_0005")): Object: 'Object Repository/Portal/Portal_Loc_WorkClassification_TypeList_0005' is clicked on

2024-04-10 07:12:22 - [MESSAGE][PASSED] - Object: 'Object Repository/Portal/Portal_Loc_WorkClassification_TypeList_0005' is clicked on

2024-04-10 07:12:22 - [TEST_STEP][PASSED] - setText(findTestObject("Object Repository/Portal/Portal_Loc_TextBox_TotalPayroll"), "5000"): Text '5000' is set on object 'Object Repository/Portal/Portal_Loc_TextBox_TotalPayroll'

2024-04-10 07:12:23 - [MESSAGE][PASSED] - Text '5000' is set on object 'Object Repository/Portal/Portal_Loc_TextBox_TotalPayroll'

2024-04-10 07:12:23 - [TEST_STEP][PASSED] - setText(findTestObject("Object Repository/Portal/Portal_Loc_TextBox_FullTimeEmployees"), "10"): Text '10' is set on object 'Object Repository/Portal/Portal_Loc_TextBox_FullTimeEmployees'

2024-04-10 07:12:24 - [MESSAGE][PASSED] - Text '10' is set on object 'Object Repository/Portal/Portal_Loc_TextBox_FullTimeEmployees'

2024-04-10 07:12:24 - [TEST_STEP][PASSED] - setText(findTestObject("Object Repository/Portal/Portal_Loc_TextBox_PartTimeEmployees"), "10"): Text '10' is set on object 'Object Repository/Portal/Portal_Loc_TextBox_PartTimeEmployees'

2024-04-10 07:12:24 - [MESSAGE][PASSED] - Text '10' is set on object 'Object Repository/Portal/Portal_Loc_TextBox_PartTimeEmployees'

2024-04-10 07:12:24 - [TEST_STEP][PASSED] - click(findTestObject("Object Repository/Portal/Portal_Loc_Button_Save")): Object: 'Object Repository/Portal/Portal_Loc_Button_Save' is clicked on

2024-04-10 07:12:25 - [MESSAGE][PASSED] - Object: 'Object Repository/Portal/Portal_Loc_Button_Save' is clicked on

2024-04-10 07:12:25 - [TEST_STEP][PASSED] - takeFullPageScreenshot(): Taking screenshot successfully

2024-04-10 07:12:26 - [MESSAGE][INFO] - 0 hidden object(s)

2024-04-10 07:12:26 - [MESSAGE][PASSED] - Taking screenshot successfully
[[ATTACHMENT|C:\\Users\\LellKir\\git\\HMIC-Portal\\HMIC-Portal\\HMIC-Portal\\HMIC-Portal\\HMIC-Portal\\HMIC-Portal\\Reports\\20240410_070624\\AgencyPortal_SmokeTest_WC\\20240410_070624\\1712747545575.png]]

2024-04-10 07:12:26 - [TEST_STEP][PASSED] - click(findTestObject("Object Repository/Portal/Portal_Common_Button_NextStateCov")): Object: 'Object Repository/Portal/Portal_Common_Button_NextStateCov' is clicked on

2024-04-10 07:12:26 - [MESSAGE][PASSED] - Object: 'Object Repository/Portal/Portal_Common_Button_NextStateCov' is clicked on

2024-04-10 07:12:26 - [TEST_STEP][PASSED] - waitForElementHasAttribute(findTestObject("Object Repository/Portal/Portal_Cov_Header_Coverages"), "Step 4: Coverages", 10): Object 'Object Repository/Portal/Portal_Cov_Header_Coverages' does not have attribute 'Step 4: Coverages'

2024-04-10 07:12:45 - [MESSAGE][WARNING] - Object 'Object Repository/Portal/Portal_Cov_Header_Coverages' does not have attribute 'Step 4: Coverages'

2024-04-10 07:12:45 - [TEST_STEP][PASSED] - verifyElementText(findTestObject("Object Repository/Portal/Portal_Cov_Header_Coverages"), "Step 4: Coverages"): Actual text and expected text of test object 'Object Repository/Portal/Portal_Cov_Header_Coverages' are matched.

2024-04-10 07:12:45 - [MESSAGE][PASSED] - Actual text and expected text of test object 'Object Repository/Portal/Portal_Cov_Header_Coverages' are matched.

2024-04-10 07:12:45 - [TEST_STEP][PASSED] - click(findTestObject("Portal/Portal_StateCov_Chkbox_ExpRating")): Object: 'Object Repository/Portal/Portal_StateCov_Chkbox_ExpRating' is clicked on

2024-04-10 07:12:46 - [MESSAGE][PASSED] - Object: 'Object Repository/Portal/Portal_StateCov_Chkbox_ExpRating' is clicked on

2024-04-10 07:12:46 - [TEST_STEP][FAILED] - setText(findTestObject("Portal/Portal_StateCov_input_ExpRating"), "3.22"): Unable to set text '3.22' of object 'Object Repository/Portal/Portal_StateCov_input_ExpRating' (Root cause: com.kms.katalon.core.exception.StepFailedException: Unable to set text '3.22' of object 'Object Repository/Portal/Portal_StateCov_input_ExpRating'
	at com.kms.katalon.core.webui.keyword.internal.WebUIKeywordMain.stepFailed(WebUIKeywordMain.groovy:64)
	at com.kms.katalon.core.webui.keyword.internal.WebUIKeywordMain.runKeyword(WebUIKeywordMain.groovy:26)
	at com.kms.katalon.core.webui.keyword.builtin.SetTextKeyword.setText(SetTextKeyword.groovy:66)
	at com.kms.katalon.core.webui.keyword.builtin.SetTextKeyword.execute(SetTextKeyword.groovy:37)
	at com.kms.katalon.core.keyword.internal.KeywordExecutor.executeKeywordForPlatform(KeywordExecutor.groovy:74)
	at com.kms.katalon.core.webui.keyword.WebUiBuiltInKeywords.setText(WebUiBuiltInKeywords.groovy:980)
	at com.kms.katalon.core.webui.keyword.WebUiBuiltInKeywords$setText$6.call(Unknown Source)
	at Portal_SmokeTest_IAState.run(Portal_SmokeTest_IAState:142)
	at com.kms.katalon.core.main.ScriptEngine.run(ScriptEngine.java:194)
	at com.kms.katalon.core.main.ScriptEngine.runScriptAsRawText(ScriptEngine.java:119)
	at com.kms.katalon.core.main.TestCaseExecutor.runScript(TestCaseExecutor.java:448)
	at com.kms.katalon.core.main.TestCaseExecutor.doExecute(TestCaseExecutor.java:439)
	at com.kms.katalon.core.main.TestCaseExecutor.processExecutionPhase(TestCaseExecutor.java:418)
	at com.kms.katalon.core.main.TestCaseExecutor.accessMainPhase(TestCaseExecutor.java:410)
	at com.kms.katalon.core.main.TestCaseExecutor.execute(TestCaseExecutor.java:285)
	at com.kms.katalon.core.common.CommonExecutor.accessTestCaseMainPhase(CommonExecutor.java:65)
	at com.kms.katalon.core.main.TestSuiteExecutor.accessTestSuiteMainPhase(TestSuiteExecutor.java:148)
	at com.kms.katalon.core.main.TestSuiteExecutor.execute(TestSuiteExecutor.java:106)
	at com.kms.katalon.core.main.TestCaseMain.startTestSuite(TestCaseMain.java:187)
	at com.kms.katalon.core.main.TestCaseMain$startTestSuite$0.call(Unknown Source)
	at TempTestSuite1712747184320.run(TempTestSuite1712747184320.groovy:36)
Caused by: org.openqa.selenium.ElementNotInteractableException: element not interactable
  (Session info: chrome=115.0.5790.110)
Build info: version: '3.141.59', revision: 'e82be7d358', time: '2018-11-14T08:25:53'
System info: host: 'FA28158', ip: '10.0.0.28', os.name: 'Windows 11', os.arch: 'amd64', os.version: '10.0', java.version: '1.8.0_362'
Driver info: com.kms.katalon.selenium.driver.CChromeDriver
Capabilities {acceptInsecureCerts: false, browserName: chrome, browserVersion: 115.0.5790.110, chrome: {chromedriverVersion: 114.0.5735.90 (386bc09e8f4f..., userDataDir: C:\Users\LellKir\AppData\Lo...}, goog:chromeOptions: {debuggerAddress: localhost:56583}, javascriptEnabled: true, networkConnectionEnabled: false, pageLoadStrategy: normal, platform: WINDOWS, platformName: WINDOWS, proxy: Proxy(), setWindowRect: true, strictFileInteractability: false, timeouts: {implicit: 0, pageLoad: 300000, script: 30000}, unhandledPromptBehavior: dismiss and notify, webauthn:extension:credBlob: true, webauthn:extension:largeBlob: true, webauthn:extension:minPinLength: true, webauthn:extension:prf: true, webauthn:virtualAuthenticators: true}
Session ID: 61b841dd730af9375ad881e0992c1769
	at org.openqa.selenium.remote.http.W3CHttpResponseCodec.createException(W3CHttpResponseCodec.java:187)
	at org.openqa.selenium.remote.http.W3CHttpResponseCodec.decode(W3CHttpResponseCodec.java:122)
	at org.openqa.selenium.remote.http.W3CHttpResponseCodec.decode(W3CHttpResponseCodec.java:49)
	at org.openqa.selenium.remote.HttpCommandExecutor.execute(HttpCommandExecutor.java:158)
	at org.openqa.selenium.remote.service.DriverCommandExecutor.execute(DriverCommandExecutor.java:83)
	at org.openqa.selenium.remote.RemoteWebDriver.execute(RemoteWebDriver.java:552)
	at com.kms.katalon.selenium.driver.CChromeDriver.execute(CChromeDriver.java:19)
	at org.openqa.selenium.remote.RemoteWebElement.execute(RemoteWebElement.java:285)
	at org.openqa.selenium.remote.RemoteWebElement.clear(RemoteWebElement.java:124)
	at org.openqa.selenium.support.events.EventFiringWebDriver$EventFiringWebElement.lambda$new$0(EventFiringWebDriver.java:404)
	at com.sun.proxy.$Proxy13.clear(Unknown Source)
	at org.openqa.selenium.support.events.EventFiringWebDriver$EventFiringWebElement.clear(EventFiringWebDriver.java:436)
	at com.kms.katalon.core.webui.keyword.builtin.SetTextKeyword$_setText_closure1.doCall(SetTextKeyword.groovy:53)
	at com.kms.katalon.core.webui.keyword.builtin.SetTextKeyword$_setText_closure1.call(SetTextKeyword.groovy)
	at com.kms.katalon.core.webui.keyword.internal.WebUIKeywordMain.runKeyword(WebUIKeywordMain.groovy:20)
	at com.kms.katalon.core.webui.keyword.builtin.SetTextKeyword.setText(SetTextKeyword.groovy:66)
	at com.kms.katalon.core.webui.keyword.builtin.SetTextKeyword.execute(SetTextKeyword.groovy:37)
	at com.kms.katalon.core.keyword.internal.KeywordExecutor.executeKeywordForPlatform(KeywordExecutor.groovy:74)
	at com.kms.katalon.core.webui.keyword.WebUiBuiltInKeywords.setText(WebUiBuiltInKeywords.groovy:980)
	at com.kms.katalon.core.webui.keyword.WebUiBuiltInKeywords$setText$6.call(Unknown Source)
	at Script1689773001064.run(Script1689773001064.groovy:142)
	... 13 more
)

2024-04-10 07:12:48 - [MESSAGE][FAILED] - Unable to set text '3.22' of object 'Object Repository/Portal/Portal_StateCov_input_ExpRating' (Root cause: com.kms.katalon.core.exception.StepFailedException: Unable to set text '3.22' of object 'Object Repository/Portal/Portal_StateCov_input_ExpRating'
	at com.kms.katalon.core.webui.keyword.internal.WebUIKeywordMain.stepFailed(WebUIKeywordMain.groovy:64)
	at com.kms.katalon.core.webui.keyword.internal.WebUIKeywordMain.runKeyword(WebUIKeywordMain.groovy:26)
	at com.kms.katalon.core.webui.keyword.builtin.SetTextKeyword.setText(SetTextKeyword.groovy:66)
	at com.kms.katalon.core.webui.keyword.builtin.SetTextKeyword.execute(SetTextKeyword.groovy:37)
	at com.kms.katalon.core.keyword.internal.KeywordExecutor.executeKeywordForPlatform(KeywordExecutor.groovy:74)
	at com.kms.katalon.core.webui.keyword.WebUiBuiltInKeywords.setText(WebUiBuiltInKeywords.groovy:980)
	at com.kms.katalon.core.webui.keyword.WebUiBuiltInKeywords$setText$6.call(Unknown Source)
	at Portal_SmokeTest_IAState.run(Portal_SmokeTest_IAState:142)
	at com.kms.katalon.core.main.ScriptEngine.run(ScriptEngine.java:194)
	at com.kms.katalon.core.main.ScriptEngine.runScriptAsRawText(ScriptEngine.java:119)
	at com.kms.katalon.core.main.TestCaseExecutor.runScript(TestCaseExecutor.java:448)
	at com.kms.katalon.core.main.TestCaseExecutor.doExecute(TestCaseExecutor.java:439)
	at com.kms.katalon.core.main.TestCaseExecutor.processExecutionPhase(TestCaseExecutor.java:418)
	at com.kms.katalon.core.main.TestCaseExecutor.accessMainPhase(TestCaseExecutor.java:410)
	at com.kms.katalon.core.main.TestCaseExecutor.execute(TestCaseExecutor.java:285)
	at com.kms.katalon.core.common.CommonExecutor.accessTestCaseMainPhase(CommonExecutor.java:65)
	at com.kms.katalon.core.main.TestSuiteExecutor.accessTestSuiteMainPhase(TestSuiteExecutor.java:148)
	at com.kms.katalon.core.main.TestSuiteExecutor.execute(TestSuiteExecutor.java:106)
	at com.kms.katalon.core.main.TestCaseMain.startTestSuite(TestCaseMain.java:187)
	at com.kms.katalon.core.main.TestCaseMain$startTestSuite$0.call(Unknown Source)
	at TempTestSuite1712747184320.run(TempTestSuite1712747184320.groovy:36)
Caused by: org.openqa.selenium.ElementNotInteractableException: element not interactable
  (Session info: chrome=115.0.5790.110)
Build info: version: '3.141.59', revision: 'e82be7d358', time: '2018-11-14T08:25:53'
System info: host: 'FA28158', ip: '10.0.0.28', os.name: 'Windows 11', os.arch: 'amd64', os.version: '10.0', java.version: '1.8.0_362'
Driver info: com.kms.katalon.selenium.driver.CChromeDriver
Capabilities {acceptInsecureCerts: false, browserName: chrome, browserVersion: 115.0.5790.110, chrome: {chromedriverVersion: 114.0.5735.90 (386bc09e8f4f..., userDataDir: C:\Users\LellKir\AppData\Lo...}, goog:chromeOptions: {debuggerAddress: localhost:56583}, javascriptEnabled: true, networkConnectionEnabled: false, pageLoadStrategy: normal, platform: WINDOWS, platformName: WINDOWS, proxy: Proxy(), setWindowRect: true, strictFileInteractability: false, timeouts: {implicit: 0, pageLoad: 300000, script: 30000}, unhandledPromptBehavior: dismiss and notify, webauthn:extension:credBlob: true, webauthn:extension:largeBlob: true, webauthn:extension:minPinLength: true, webauthn:extension:prf: true, webauthn:virtualAuthenticators: true}
Session ID: 61b841dd730af9375ad881e0992c1769
	at org.openqa.selenium.remote.http.W3CHttpResponseCodec.createException(W3CHttpResponseCodec.java:187)
	at org.openqa.selenium.remote.http.W3CHttpResponseCodec.decode(W3CHttpResponseCodec.java:122)
	at org.openqa.selenium.remote.http.W3CHttpResponseCodec.decode(W3CHttpResponseCodec.java:49)
	at org.openqa.selenium.remote.HttpCommandExecutor.execute(HttpCommandExecutor.java:158)
	at org.openqa.selenium.remote.service.DriverCommandExecutor.execute(DriverCommandExecutor.java:83)
	at org.openqa.selenium.remote.RemoteWebDriver.execute(RemoteWebDriver.java:552)
	at com.kms.katalon.selenium.driver.CChromeDriver.execute(CChromeDriver.java:19)
	at org.openqa.selenium.remote.RemoteWebElement.execute(RemoteWebElement.java:285)
	at org.openqa.selenium.remote.RemoteWebElement.clear(RemoteWebElement.java:124)
	at org.openqa.selenium.support.events.EventFiringWebDriver$EventFiringWebElement.lambda$new$0(EventFiringWebDriver.java:404)
	at com.sun.proxy.$Proxy13.clear(Unknown Source)
	at org.openqa.selenium.support.events.EventFiringWebDriver$EventFiringWebElement.clear(EventFiringWebDriver.java:436)
	at com.kms.katalon.core.webui.keyword.builtin.SetTextKeyword$_setText_closure1.doCall(SetTextKeyword.groovy:53)
	at com.kms.katalon.core.webui.keyword.builtin.SetTextKeyword$_setText_closure1.call(SetTextKeyword.groovy)
	at com.kms.katalon.core.webui.keyword.internal.WebUIKeywordMain.runKeyword(WebUIKeywordMain.groovy:20)
	at com.kms.katalon.core.webui.keyword.builtin.SetTextKeyword.setText(SetTextKeyword.groovy:66)
	at com.kms.katalon.core.webui.keyword.builtin.SetTextKeyword.execute(SetTextKeyword.groovy:37)
	at com.kms.katalon.core.keyword.internal.KeywordExecutor.executeKeywordForPlatform(KeywordExecutor.groovy:74)
	at com.kms.katalon.core.webui.keyword.WebUiBuiltInKeywords.setText(WebUiBuiltInKeywords.groovy:980)
	at com.kms.katalon.core.webui.keyword.WebUiBuiltInKeywords$setText$6.call(Unknown Source)
	at Script1689773001064.run(Script1689773001064.groovy:142)
	... 13 more
)
[[ATTACHMENT|C:\\Users\\LellKir\\git\\HMIC-Portal\\HMIC-Portal\\HMIC-Portal\\HMIC-Portal\\HMIC-Portal\\HMIC-Portal\\Reports\\20240410_070624\\AgencyPortal_SmokeTest_WC\\20240410_070624\\1712747568055.png]]]]></system-out>
         <system-err><![CDATA[2024-04-10 07:06:42 - [TEST_CASE][FAILED] - Test Cases/Portal_WorkersCompensation/WC_SmokeTest_AllState/Portal_SmokeTest_IAState: Test Cases/Portal_WorkersCompensation/WC_SmokeTest_AllState/Portal_SmokeTest_IAState FAILED.
Reason:
com.kms.katalon.core.exception.StepFailedException: Unable to set text '3.22' of object 'Object Repository/Portal/Portal_StateCov_input_ExpRating'
	at com.kms.katalon.core.webui.keyword.internal.WebUIKeywordMain.stepFailed(WebUIKeywordMain.groovy:64)
	at com.kms.katalon.core.webui.keyword.internal.WebUIKeywordMain.runKeyword(WebUIKeywordMain.groovy:26)
	at com.kms.katalon.core.webui.keyword.builtin.SetTextKeyword.setText(SetTextKeyword.groovy:66)
	at com.kms.katalon.core.webui.keyword.builtin.SetTextKeyword.execute(SetTextKeyword.groovy:37)
	at com.kms.katalon.core.keyword.internal.KeywordExecutor.executeKeywordForPlatform(KeywordExecutor.groovy:74)
	at com.kms.katalon.core.webui.keyword.WebUiBuiltInKeywords.setText(WebUiBuiltInKeywords.groovy:980)
	at com.kms.katalon.core.webui.keyword.WebUiBuiltInKeywords$setText$6.call(Unknown Source)
	at Portal_SmokeTest_IAState.run(Portal_SmokeTest_IAState:142)
	at com.kms.katalon.core.main.ScriptEngine.run(ScriptEngine.java:194)
	at com.kms.katalon.core.main.ScriptEngine.runScriptAsRawText(ScriptEngine.java:119)
	at com.kms.katalon.core.main.TestCaseExecutor.runScript(TestCaseExecutor.java:448)
	at com.kms.katalon.core.main.TestCaseExecutor.doExecute(TestCaseExecutor.java:439)
	at com.kms.katalon.core.main.TestCaseExecutor.processExecutionPhase(TestCaseExecutor.java:418)
	at com.kms.katalon.core.main.TestCaseExecutor.accessMainPhase(TestCaseExecutor.java:410)
	at com.kms.katalon.core.main.TestCaseExecutor.execute(TestCaseExecutor.java:285)
	at com.kms.katalon.core.common.CommonExecutor.accessTestCaseMainPhase(CommonExecutor.java:65)
	at com.kms.katalon.core.main.TestSuiteExecutor.accessTestSuiteMainPhase(TestSuiteExecutor.java:148)
	at com.kms.katalon.core.main.TestSuiteExecutor.execute(TestSuiteExecutor.java:106)
	at com.kms.katalon.core.main.TestCaseMain.startTestSuite(TestCaseMain.java:187)
	at com.kms.katalon.core.main.TestCaseMain$startTestSuite$0.call(Unknown Source)
	at TempTestSuite1712747184320.run(TempTestSuite1712747184320.groovy:36)
Caused by: org.openqa.selenium.ElementNotInteractableException: element not interactable
  (Session info: chrome=115.0.5790.110)
Build info: version: '3.141.59', revision: 'e82be7d358', time: '2018-11-14T08:25:53'
System info: host: 'FA28158', ip: '10.0.0.28', os.name: 'Windows 11', os.arch: 'amd64', os.version: '10.0', java.version: '1.8.0_362'
Driver info: com.kms.katalon.selenium.driver.CChromeDriver
Capabilities {acceptInsecureCerts: false, browserName: chrome, browserVersion: 115.0.5790.110, chrome: {chromedriverVersion: 114.0.5735.90 (386bc09e8f4f..., userDataDir: C:\Users\LellKir\AppData\Lo...}, goog:chromeOptions: {debuggerAddress: localhost:56583}, javascriptEnabled: true, networkConnectionEnabled: false, pageLoadStrategy: normal, platform: WINDOWS, platformName: WINDOWS, proxy: Proxy(), setWindowRect: true, strictFileInteractability: false, timeouts: {implicit: 0, pageLoad: 300000, script: 30000}, unhandledPromptBehavior: dismiss and notify, webauthn:extension:credBlob: true, webauthn:extension:largeBlob: true, webauthn:extension:minPinLength: true, webauthn:extension:prf: true, webauthn:virtualAuthenticators: true}
Session ID: 61b841dd730af9375ad881e0992c1769
	at org.openqa.selenium.remote.http.W3CHttpResponseCodec.createException(W3CHttpResponseCodec.java:187)
	at org.openqa.selenium.remote.http.W3CHttpResponseCodec.decode(W3CHttpResponseCodec.java:122)
	at org.openqa.selenium.remote.http.W3CHttpResponseCodec.decode(W3CHttpResponseCodec.java:49)
	at org.openqa.selenium.remote.HttpCommandExecutor.execute(HttpCommandExecutor.java:158)
	at org.openqa.selenium.remote.service.DriverCommandExecutor.execute(DriverCommandExecutor.java:83)
	at org.openqa.selenium.remote.RemoteWebDriver.execute(RemoteWebDriver.java:552)
	at com.kms.katalon.selenium.driver.CChromeDriver.execute(CChromeDriver.java:19)
	at org.openqa.selenium.remote.RemoteWebElement.execute(RemoteWebElement.java:285)
	at org.openqa.selenium.remote.RemoteWebElement.clear(RemoteWebElement.java:124)
	at org.openqa.selenium.support.events.EventFiringWebDriver$EventFiringWebElement.lambda$new$0(EventFiringWebDriver.java:404)
	at com.sun.proxy.$Proxy13.clear(Unknown Source)
	at org.openqa.selenium.support.events.EventFiringWebDriver$EventFiringWebElement.clear(EventFiringWebDriver.java:436)
	at com.kms.katalon.core.webui.keyword.builtin.SetTextKeyword$_setText_closure1.doCall(SetTextKeyword.groovy:53)
	at com.kms.katalon.core.webui.keyword.builtin.SetTextKeyword$_setText_closure1.call(SetTextKeyword.groovy)
	at com.kms.katalon.core.webui.keyword.internal.WebUIKeywordMain.runKeyword(WebUIKeywordMain.groovy:20)
	... 19 more]]></system-err>
      </testcase>
      <testcase name="Test Cases/Portal_WorkersCompensation/WC_SmokeTest_AllState/Portal_SmokeTest_ILState" time="275.342" classname="Test Cases/Portal_WorkersCompensation/WC_SmokeTest_AllState/Portal_SmokeTest_ILState" status="FAILED">
         <failure type="FAILED" message="Test Cases/Portal_WorkersCompensation/WC_SmokeTest_AllState/Portal_SmokeTest_ILState FAILED.
Reason:
com.kms.katalon.core.exception.StepFailedException: Verify element text of test object 'Object Repository/Portal/Portal_Quote_Header_Quote' FAILED.
	at com.kms.katalon.core.webui.keyword.internal.WebUIKeywordMain.stepFailed(WebUIKeywordMain.groovy:64)
	at com.kms.katalon.core.webui.keyword.internal.WebUIKeywordMain.runKeyword(WebUIKeywordMain.groovy:26)
	at com.kms.katalon.core.webui.keyword.builtin.VerifyElementTextKeyword.verifyElementText(VerifyElementTextKeyword.groovy:72)
	at com.kms.katalon.core.webui.keyword.builtin.VerifyElementTextKeyword.execute(VerifyElementTextKeyword.groovy:40)
	at com.kms.katalon.core.keyword.internal.KeywordExecutor.executeKeywordForPlatform(KeywordExecutor.groovy:74)
	at com.kms.katalon.core.webui.keyword.WebUiBuiltInKeywords.verifyElementText(WebUiBuiltInKeywords.groovy:4749)
	at com.kms.katalon.core.webui.keyword.WebUiBuiltInKeywords$verifyElementText$10.call(Unknown Source)
	at Portal_SmokeTest_ILState.run(Portal_SmokeTest_ILState:165)
	at com.kms.katalon.core.main.ScriptEngine.run(ScriptEngine.java:194)
	at com.kms.katalon.core.main.ScriptEngine.runScriptAsRawText(ScriptEngine.java:119)
	at com.kms.katalon.core.main.TestCaseExecutor.runScript(TestCaseExecutor.java:448)
	at com.kms.katalon.core.main.TestCaseExecutor.doExecute(TestCaseExecutor.java:439)
	at com.kms.katalon.core.main.TestCaseExecutor.processExecutionPhase(TestCaseExecutor.java:418)
	at com.kms.katalon.core.main.TestCaseExecutor.accessMainPhase(TestCaseExecutor.java:410)
	at com.kms.katalon.core.main.TestCaseExecutor.execute(TestCaseExecutor.java:285)
	at com.kms.katalon.core.common.CommonExecutor.accessTestCaseMainPhase(CommonExecutor.java:65)
	at com.kms.katalon.core.main.TestSuiteExecutor.accessTestSuiteMainPhase(TestSuiteExecutor.java:148)
	at com.kms.katalon.core.main.TestSuiteExecutor.execute(TestSuiteExecutor.java:106)
	at com.kms.katalon.core.main.TestCaseMain.startTestSuite(TestCaseMain.java:187)
	at com.kms.katalon.core.main.TestCaseMain$startTestSuite$0.call(Unknown Source)
	at TempTestSuite1712747184320.run(TempTestSuite1712747184320.groovy:36)
Caused by: com.kms.katalon.core.exception.StepFailedException: Actual text '' and expected text 'Step 6: Quote' of test object 'Object Repository/Portal/Portal_Quote_Header_Quote' are NOT matched.
	at com.kms.katalon.core.webui.keyword.internal.WebUIKeywordMain.stepFailed(WebUIKeywordMain.groovy:64)
	at com.kms.katalon.core.webui.keyword.builtin.VerifyElementTextKeyword$_verifyElementText_closure1.doCall(VerifyElementTextKeyword.groovy:57)
	at com.kms.katalon.core.webui.keyword.builtin.VerifyElementTextKeyword$_verifyElementText_closure1.call(VerifyElementTextKeyword.groovy)
	at com.kms.katalon.core.webui.keyword.internal.WebUIKeywordMain.runKeyword(WebUIKeywordMain.groovy:20)
	... 19 more
"/>
         <system-out><![CDATA[2024-04-10 07:12:48 - [TEST_CASE][FAILED] - Test Cases/Portal_WorkersCompensation/WC_SmokeTest_AllState/Portal_SmokeTest_ILState: Test Cases/Portal_WorkersCompensation/WC_SmokeTest_AllState/Portal_SmokeTest_ILState FAILED.
Reason:
com.kms.katalon.core.exception.StepFailedException: Verify element text of test object 'Object Repository/Portal/Portal_Quote_Header_Quote' FAILED.
	at com.kms.katalon.core.webui.keyword.internal.WebUIKeywordMain.stepFailed(WebUIKeywordMain.groovy:64)
	at com.kms.katalon.core.webui.keyword.internal.WebUIKeywordMain.runKeyword(WebUIKeywordMain.groovy:26)
	at com.kms.katalon.core.webui.keyword.builtin.VerifyElementTextKeyword.verifyElementText(VerifyElementTextKeyword.groovy:72)
	at com.kms.katalon.core.webui.keyword.builtin.VerifyElementTextKeyword.execute(VerifyElementTextKeyword.groovy:40)
	at com.kms.katalon.core.keyword.internal.KeywordExecutor.executeKeywordForPlatform(KeywordExecutor.groovy:74)
	at com.kms.katalon.core.webui.keyword.WebUiBuiltInKeywords.verifyElementText(WebUiBuiltInKeywords.groovy:4749)
	at com.kms.katalon.core.webui.keyword.WebUiBuiltInKeywords$verifyElementText$10.call(Unknown Source)
	at Portal_SmokeTest_ILState.run(Portal_SmokeTest_ILState:165)
	at com.kms.katalon.core.main.ScriptEngine.run(ScriptEngine.java:194)
	at com.kms.katalon.core.main.ScriptEngine.runScriptAsRawText(ScriptEngine.java:119)
	at com.kms.katalon.core.main.TestCaseExecutor.runScript(TestCaseExecutor.java:448)
	at com.kms.katalon.core.main.TestCaseExecutor.doExecute(TestCaseExecutor.java:439)
	at com.kms.katalon.core.main.TestCaseExecutor.processExecutionPhase(TestCaseExecutor.java:418)
	at com.kms.katalon.core.main.TestCaseExecutor.accessMainPhase(TestCaseExecutor.java:410)
	at com.kms.katalon.core.main.TestCaseExecutor.execute(TestCaseExecutor.java:285)
	at com.kms.katalon.core.common.CommonExecutor.accessTestCaseMainPhase(CommonExecutor.java:65)
	at com.kms.katalon.core.main.TestSuiteExecutor.accessTestSuiteMainPhase(TestSuiteExecutor.java:148)
	at com.kms.katalon.core.main.TestSuiteExecutor.execute(TestSuiteExecutor.java:106)
	at com.kms.katalon.core.main.TestCaseMain.startTestSuite(TestCaseMain.java:187)
	at com.kms.katalon.core.main.TestCaseMain$startTestSuite$0.call(Unknown Source)
	at TempTestSuite1712747184320.run(TempTestSuite1712747184320.groovy:36)
Caused by: com.kms.katalon.core.exception.StepFailedException: Actual text '' and expected text 'Step 6: Quote' of test object 'Object Repository/Portal/Portal_Quote_Header_Quote' are NOT matched.
	at com.kms.katalon.core.webui.keyword.internal.WebUIKeywordMain.stepFailed(WebUIKeywordMain.groovy:64)
	at com.kms.katalon.core.webui.keyword.builtin.VerifyElementTextKeyword$_verifyElementText_closure1.doCall(VerifyElementTextKeyword.groovy:57)
	at com.kms.katalon.core.webui.keyword.builtin.VerifyElementTextKeyword$_verifyElementText_closure1.call(VerifyElementTextKeyword.groovy)
	at com.kms.katalon.core.webui.keyword.internal.WebUIKeywordMain.runKeyword(WebUIKeywordMain.groovy:20)
	... 19 more


2024-04-10 07:12:48 - [TEST_STEP][PASSED] - comment("Portal Smoke Test"): Portal Smoke Test

2024-04-10 07:12:48 - [MESSAGE][INFO] - Portal Smoke Test

2024-04-10 07:12:48 - [TEST_STEP][PASSED] - callTestCase(findTestCase("Portal_Pages/Portal_CommonScreens/Portal_Login"), ["Portal_Username":Portal_Username, "Portal_Password":Portal_Password], STOP_ON_FAILURE): Call Test Case 'Test Cases/Portal_Pages/Portal_CommonScreens/Portal_Login' successfully

2024-04-10 07:12:48 - [TEST_CASE][PASSED] - Test Cases/Portal_Pages/Portal_CommonScreens/Portal_Login: Test Cases/Portal_Pages/Portal_CommonScreens/Portal_Login

2024-04-10 07:12:48 - [TEST_STEP][PASSED] - openBrowser(""): Browser is opened with url: ''

2024-04-10 07:12:48 - [MESSAGE][WARNING] - A browser is already opened. Closing browser and opening a new one

2024-04-10 07:12:49 - [MESSAGE][INFO] - Starting 'Chrome' driver

2024-04-10 07:12:49 - [MESSAGE][INFO] - Action delay is set to 0 milliseconds

2024-04-10 07:12:51 - [MESSAGE][PASSED] - Browser is opened with url: ''

2024-04-10 07:12:51 - [TEST_STEP][PASSED] - deleteAllCookies(): Delete all cookies successfully

2024-04-10 07:12:51 - [MESSAGE][PASSED] - Delete all cookies successfully

2024-04-10 07:12:51 - [TEST_STEP][PASSED] - maximizeWindow(): Current window maximized

2024-04-10 07:12:51 - [MESSAGE][PASSED] - Current window maximized

2024-04-10 07:12:51 - [TEST_STEP][PASSED] - takeFullPageScreenshot(): Taking screenshot successfully

2024-04-10 07:12:51 - [MESSAGE][INFO] - 0 hidden object(s)

2024-04-10 07:12:51 - [MESSAGE][PASSED] - Taking screenshot successfully
[[ATTACHMENT|C:\\Users\\LellKir\\git\\HMIC-Portal\\HMIC-Portal\\HMIC-Portal\\HMIC-Portal\\HMIC-Portal\\HMIC-Portal\\Reports\\20240410_070624\\AgencyPortal_SmokeTest_WC\\20240410_070624\\1712747571454.png]]

2024-04-10 07:12:51 - [TEST_STEP][PASSED] - navigateToUrl(PortalURL): Navigate to 'https://agencyportal.qa1.hastingsmutual.com/Accounts' successfully

2024-04-10 07:13:06 - [MESSAGE][PASSED] - Navigate to 'https://agencyportal.qa1.hastingsmutual.com/Accounts' successfully

2024-04-10 07:13:06 - [TEST_STEP][PASSED] - waitForPageLoad(10): Wait for page load successfully

2024-04-10 07:13:07 - [MESSAGE][PASSED] - Wait for page load successfully

2024-04-10 07:13:07 - [TEST_STEP][PASSED] - takeFullPageScreenshot(): Taking screenshot successfully

2024-04-10 07:13:07 - [MESSAGE][INFO] - 0 hidden object(s)

2024-04-10 07:13:07 - [MESSAGE][PASSED] - Taking screenshot successfully
[[ATTACHMENT|C:\\Users\\LellKir\\git\\HMIC-Portal\\HMIC-Portal\\HMIC-Portal\\HMIC-Portal\\HMIC-Portal\\HMIC-Portal\\Reports\\20240410_070624\\AgencyPortal_SmokeTest_WC\\20240410_070624\\1712747587091.png]]

2024-04-10 07:13:07 - [TEST_STEP][PASSED] - click(findTestObject("Object Repository/PolicyCenter_Login/div_PC_Login_Link_ClickHereToLogin"), OPTIONAL): Unable to click on object 'Object Repository/PolicyCenter_Login/div_PC_Login_Link_ClickHereToLogin' (Root cause: com.kms.katalon.core.exception.StepFailedException: Unable to click on object 'Object Repository/PolicyCenter_Login/div_PC_Login_Link_ClickHereToLogin'
	at com.kms.katalon.core.webui.keyword.internal.WebUIKeywordMain.stepFailed(WebUIKeywordMain.groovy:64)
	at com.kms.katalon.core.webui.keyword.internal.WebUIKeywordMain.runKeyword(WebUIKeywordMain.groovy:26)
	at com.kms.katalon.core.webui.keyword.builtin.ClickKeyword.click(ClickKeyword.groovy:74)
	at com.kms.katalon.core.webui.keyword.builtin.ClickKeyword.execute(ClickKeyword.groovy:40)
	at com.kms.katalon.core.keyword.internal.KeywordExecutor.executeKeywordForPlatform(KeywordExecutor.groovy:74)
	at com.kms.katalon.core.webui.keyword.WebUiBuiltInKeywords.click(WebUiBuiltInKeywords.groovy:608)
	at com.kms.katalon.core.webui.keyword.WebUiBuiltInKeywords$click$5.call(Unknown Source)
	at Portal_Login.run(Portal_Login:34)
	at com.kms.katalon.core.main.ScriptEngine.run(ScriptEngine.java:194)
	at com.kms.katalon.core.main.ScriptEngine.runScriptAsRawText(ScriptEngine.java:119)
	at com.kms.katalon.core.main.TestCaseExecutor.runScript(TestCaseExecutor.java:448)
	at com.kms.katalon.core.main.TestCaseExecutor.doExecute(TestCaseExecutor.java:439)
	at com.kms.katalon.core.main.TestCaseExecutor.processExecutionPhase(TestCaseExecutor.java:418)
	at com.kms.katalon.core.main.TestCaseExecutor.accessMainPhase(TestCaseExecutor.java:410)
	at com.kms.katalon.core.main.TestCaseExecutor.execute(TestCaseExecutor.java:285)
	at com.kms.katalon.core.main.TestCaseMain.runTestCase(TestCaseMain.java:144)
	at com.kms.katalon.core.keyword.builtin.CallTestCaseKeyword$_callTestCase_closure1.doCall(CallTestCaseKeyword.groovy:59)
	at com.kms.katalon.core.keyword.builtin.CallTestCaseKeyword$_callTestCase_closure1.call(CallTestCaseKeyword.groovy)
	at com.kms.katalon.core.keyword.internal.KeywordMain.runKeyword(KeywordMain.groovy:75)
	at com.kms.katalon.core.keyword.builtin.CallTestCaseKeyword.callTestCase(CallTestCaseKeyword.groovy:81)
	at com.kms.katalon.core.keyword.builtin.CallTestCaseKeyword.execute(CallTestCaseKeyword.groovy:44)
	at com.kms.katalon.core.keyword.internal.KeywordExecutor.executeKeywordForPlatform(KeywordExecutor.groovy:74)
	at com.kms.katalon.core.keyword.BuiltinKeywords.callTestCase(BuiltinKeywords.groovy:310)
	at Portal_SmokeTest_ILState.run(Portal_SmokeTest_ILState:22)
	at com.kms.katalon.core.main.ScriptEngine.run(ScriptEngine.java:194)
	at com.kms.katalon.core.main.ScriptEngine.runScriptAsRawText(ScriptEngine.java:119)
	at com.kms.katalon.core.main.TestCaseExecutor.runScript(TestCaseExecutor.java:448)
	at com.kms.katalon.core.main.TestCaseExecutor.doExecute(TestCaseExecutor.java:439)
	at com.kms.katalon.core.main.TestCaseExecutor.processExecutionPhase(TestCaseExecutor.java:418)
	at com.kms.katalon.core.main.TestCaseExecutor.accessMainPhase(TestCaseExecutor.java:410)
	at com.kms.katalon.core.main.TestCaseExecutor.execute(TestCaseExecutor.java:285)
	at com.kms.katalon.core.common.CommonExecutor.accessTestCaseMainPhase(CommonExecutor.java:65)
	at com.kms.katalon.core.main.TestSuiteExecutor.accessTestSuiteMainPhase(TestSuiteExecutor.java:148)
	at com.kms.katalon.core.main.TestSuiteExecutor.execute(TestSuiteExecutor.java:106)
	at com.kms.katalon.core.main.TestCaseMain.startTestSuite(TestCaseMain.java:187)
	at com.kms.katalon.core.main.TestCaseMain$startTestSuite$0.call(Unknown Source)
	at TempTestSuite1712747184320.run(TempTestSuite1712747184320.groovy:36)
Caused by: com.kms.katalon.core.webui.exception.WebElementNotFoundException: Web element with id: 'Object Repository/PolicyCenter_Login/div_PC_Login_Link_ClickHereToLogin' located by '//div[contains(@id,'LoginDetailsInputSet-LoginLink')]' not found
	at com.kms.katalon.core.webui.common.WebUiCommonHelper.findWebElement(WebUiCommonHelper.java:1381)
	at com.kms.katalon.core.webui.keyword.internal.WebUIAbstractKeyword.findWebElement(WebUIAbstractKeyword.groovy:27)
	at com.kms.katalon.core.webui.keyword.builtin.ClickKeyword$_click_closure1.doCall(ClickKeyword.groovy:65)
	at com.kms.katalon.core.webui.keyword.builtin.ClickKeyword$_click_closure1.call(ClickKeyword.groovy)
	at com.kms.katalon.core.webui.keyword.internal.WebUIKeywordMain.runKeyword(WebUIKeywordMain.groovy:20)
	at com.kms.katalon.core.webui.keyword.builtin.ClickKeyword.click(ClickKeyword.groovy:74)
	at com.kms.katalon.core.webui.keyword.builtin.ClickKeyword.execute(ClickKeyword.groovy:40)
	at com.kms.katalon.core.keyword.internal.KeywordExecutor.executeKeywordForPlatform(KeywordExecutor.groovy:74)
	at com.kms.katalon.core.webui.keyword.WebUiBuiltInKeywords.click(WebUiBuiltInKeywords.groovy:608)
	at com.kms.katalon.core.webui.keyword.WebUiBuiltInKeywords$click$5.call(Unknown Source)
	at Script1683558008637.run(Script1683558008637.groovy:34)
	at com.kms.katalon.core.main.ScriptEngine.run(ScriptEngine.java:194)
	at com.kms.katalon.core.main.ScriptEngine.runScriptAsRawText(ScriptEngine.java:119)
	at com.kms.katalon.core.main.TestCaseExecutor.runScript(TestCaseExecutor.java:448)
	at com.kms.katalon.core.main.TestCaseExecutor.doExecute(TestCaseExecutor.java:439)
	at com.kms.katalon.core.main.TestCaseExecutor.processExecutionPhase(TestCaseExecutor.java:418)
	at com.kms.katalon.core.main.TestCaseExecutor.accessMainPhase(TestCaseExecutor.java:410)
	at com.kms.katalon.core.main.TestCaseExecutor.execute(TestCaseExecutor.java:285)
	at com.kms.katalon.core.main.TestCaseMain.runTestCase(TestCaseMain.java:144)
	at com.kms.katalon.core.keyword.builtin.CallTestCaseKeyword$_callTestCase_closure1.doCall(CallTestCaseKeyword.groovy:59)
	at com.kms.katalon.core.keyword.builtin.CallTestCaseKeyword$_callTestCase_closure1.call(CallTestCaseKeyword.groovy)
	at com.kms.katalon.core.keyword.internal.KeywordMain.runKeyword(KeywordMain.groovy:75)
	at com.kms.katalon.core.keyword.builtin.CallTestCaseKeyword.callTestCase(CallTestCaseKeyword.groovy:81)
	at com.kms.katalon.core.keyword.builtin.CallTestCaseKeyword.execute(CallTestCaseKeyword.groovy:44)
	at com.kms.katalon.core.keyword.internal.KeywordExecutor.executeKeywordForPlatform(KeywordExecutor.groovy:74)
	at com.kms.katalon.core.keyword.BuiltinKeywords.callTestCase(BuiltinKeywords.groovy:310)
	at Script1689766561351.run(Script1689766561351.groovy:22)
	... 13 more
)

2024-04-10 07:13:39 - [MESSAGE][INFO] - Unable to find the element located by 'By.xpath: //div[contains(@id,'LoginDetailsInputSet-LoginLink')]'. Please recheck the objects properties to make sure the desired element is located. 

2024-04-10 07:13:39 - [MESSAGE][WARNING] - [SELF-HEALING] Failed to find element with id 'Object Repository/PolicyCenter_Login/div_PC_Login_Link_ClickHereToLogin'. Try using Self-healing.

2024-04-10 07:13:40 - [MESSAGE][INFO] - [SELF-HEALING] No working XPath is found.

2024-04-10 07:13:41 - [MESSAGE][INFO] - Unable to find the element located by 'By.xpath: '. Please recheck the objects properties to make sure the desired element is located. 

2024-04-10 07:13:41 - [MESSAGE][WARNING] - [SELF-HEALING] Cannot find elements when the selector is null

2024-04-10 07:13:41 - [MESSAGE][WARNING] - Unable to click on object 'Object Repository/PolicyCenter_Login/div_PC_Login_Link_ClickHereToLogin' (Root cause: com.kms.katalon.core.exception.StepFailedException: Unable to click on object 'Object Repository/PolicyCenter_Login/div_PC_Login_Link_ClickHereToLogin'
	at com.kms.katalon.core.webui.keyword.internal.WebUIKeywordMain.stepFailed(WebUIKeywordMain.groovy:64)
	at com.kms.katalon.core.webui.keyword.internal.WebUIKeywordMain.runKeyword(WebUIKeywordMain.groovy:26)
	at com.kms.katalon.core.webui.keyword.builtin.ClickKeyword.click(ClickKeyword.groovy:74)
	at com.kms.katalon.core.webui.keyword.builtin.ClickKeyword.execute(ClickKeyword.groovy:40)
	at com.kms.katalon.core.keyword.internal.KeywordExecutor.executeKeywordForPlatform(KeywordExecutor.groovy:74)
	at com.kms.katalon.core.webui.keyword.WebUiBuiltInKeywords.click(WebUiBuiltInKeywords.groovy:608)
	at com.kms.katalon.core.webui.keyword.WebUiBuiltInKeywords$click$5.call(Unknown Source)
	at Portal_Login.run(Portal_Login:34)
	at com.kms.katalon.core.main.ScriptEngine.run(ScriptEngine.java:194)
	at com.kms.katalon.core.main.ScriptEngine.runScriptAsRawText(ScriptEngine.java:119)
	at com.kms.katalon.core.main.TestCaseExecutor.runScript(TestCaseExecutor.java:448)
	at com.kms.katalon.core.main.TestCaseExecutor.doExecute(TestCaseExecutor.java:439)
	at com.kms.katalon.core.main.TestCaseExecutor.processExecutionPhase(TestCaseExecutor.java:418)
	at com.kms.katalon.core.main.TestCaseExecutor.accessMainPhase(TestCaseExecutor.java:410)
	at com.kms.katalon.core.main.TestCaseExecutor.execute(TestCaseExecutor.java:285)
	at com.kms.katalon.core.main.TestCaseMain.runTestCase(TestCaseMain.java:144)
	at com.kms.katalon.core.keyword.builtin.CallTestCaseKeyword$_callTestCase_closure1.doCall(CallTestCaseKeyword.groovy:59)
	at com.kms.katalon.core.keyword.builtin.CallTestCaseKeyword$_callTestCase_closure1.call(CallTestCaseKeyword.groovy)
	at com.kms.katalon.core.keyword.internal.KeywordMain.runKeyword(KeywordMain.groovy:75)
	at com.kms.katalon.core.keyword.builtin.CallTestCaseKeyword.callTestCase(CallTestCaseKeyword.groovy:81)
	at com.kms.katalon.core.keyword.builtin.CallTestCaseKeyword.execute(CallTestCaseKeyword.groovy:44)
	at com.kms.katalon.core.keyword.internal.KeywordExecutor.executeKeywordForPlatform(KeywordExecutor.groovy:74)
	at com.kms.katalon.core.keyword.BuiltinKeywords.callTestCase(BuiltinKeywords.groovy:310)
	at Portal_SmokeTest_ILState.run(Portal_SmokeTest_ILState:22)
	at com.kms.katalon.core.main.ScriptEngine.run(ScriptEngine.java:194)
	at com.kms.katalon.core.main.ScriptEngine.runScriptAsRawText(ScriptEngine.java:119)
	at com.kms.katalon.core.main.TestCaseExecutor.runScript(TestCaseExecutor.java:448)
	at com.kms.katalon.core.main.TestCaseExecutor.doExecute(TestCaseExecutor.java:439)
	at com.kms.katalon.core.main.TestCaseExecutor.processExecutionPhase(TestCaseExecutor.java:418)
	at com.kms.katalon.core.main.TestCaseExecutor.accessMainPhase(TestCaseExecutor.java:410)
	at com.kms.katalon.core.main.TestCaseExecutor.execute(TestCaseExecutor.java:285)
	at com.kms.katalon.core.common.CommonExecutor.accessTestCaseMainPhase(CommonExecutor.java:65)
	at com.kms.katalon.core.main.TestSuiteExecutor.accessTestSuiteMainPhase(TestSuiteExecutor.java:148)
	at com.kms.katalon.core.main.TestSuiteExecutor.execute(TestSuiteExecutor.java:106)
	at com.kms.katalon.core.main.TestCaseMain.startTestSuite(TestCaseMain.java:187)
	at com.kms.katalon.core.main.TestCaseMain$startTestSuite$0.call(Unknown Source)
	at TempTestSuite1712747184320.run(TempTestSuite1712747184320.groovy:36)
Caused by: com.kms.katalon.core.webui.exception.WebElementNotFoundException: Web element with id: 'Object Repository/PolicyCenter_Login/div_PC_Login_Link_ClickHereToLogin' located by '//div[contains(@id,'LoginDetailsInputSet-LoginLink')]' not found
	at com.kms.katalon.core.webui.common.WebUiCommonHelper.findWebElement(WebUiCommonHelper.java:1381)
	at com.kms.katalon.core.webui.keyword.internal.WebUIAbstractKeyword.findWebElement(WebUIAbstractKeyword.groovy:27)
	at com.kms.katalon.core.webui.keyword.builtin.ClickKeyword$_click_closure1.doCall(ClickKeyword.groovy:65)
	at com.kms.katalon.core.webui.keyword.builtin.ClickKeyword$_click_closure1.call(ClickKeyword.groovy)
	at com.kms.katalon.core.webui.keyword.internal.WebUIKeywordMain.runKeyword(WebUIKeywordMain.groovy:20)
	at com.kms.katalon.core.webui.keyword.builtin.ClickKeyword.click(ClickKeyword.groovy:74)
	at com.kms.katalon.core.webui.keyword.builtin.ClickKeyword.execute(ClickKeyword.groovy:40)
	at com.kms.katalon.core.keyword.internal.KeywordExecutor.executeKeywordForPlatform(KeywordExecutor.groovy:74)
	at com.kms.katalon.core.webui.keyword.WebUiBuiltInKeywords.click(WebUiBuiltInKeywords.groovy:608)
	at com.kms.katalon.core.webui.keyword.WebUiBuiltInKeywords$click$5.call(Unknown Source)
	at Script1683558008637.run(Script1683558008637.groovy:34)
	at com.kms.katalon.core.main.ScriptEngine.run(ScriptEngine.java:194)
	at com.kms.katalon.core.main.ScriptEngine.runScriptAsRawText(ScriptEngine.java:119)
	at com.kms.katalon.core.main.TestCaseExecutor.runScript(TestCaseExecutor.java:448)
	at com.kms.katalon.core.main.TestCaseExecutor.doExecute(TestCaseExecutor.java:439)
	at com.kms.katalon.core.main.TestCaseExecutor.processExecutionPhase(TestCaseExecutor.java:418)
	at com.kms.katalon.core.main.TestCaseExecutor.accessMainPhase(TestCaseExecutor.java:410)
	at com.kms.katalon.core.main.TestCaseExecutor.execute(TestCaseExecutor.java:285)
	at com.kms.katalon.core.main.TestCaseMain.runTestCase(TestCaseMain.java:144)
	at com.kms.katalon.core.keyword.builtin.CallTestCaseKeyword$_callTestCase_closure1.doCall(CallTestCaseKeyword.groovy:59)
	at com.kms.katalon.core.keyword.builtin.CallTestCaseKeyword$_callTestCase_closure1.call(CallTestCaseKeyword.groovy)
	at com.kms.katalon.core.keyword.internal.KeywordMain.runKeyword(KeywordMain.groovy:75)
	at com.kms.katalon.core.keyword.builtin.CallTestCaseKeyword.callTestCase(CallTestCaseKeyword.groovy:81)
	at com.kms.katalon.core.keyword.builtin.CallTestCaseKeyword.execute(CallTestCaseKeyword.groovy:44)
	at com.kms.katalon.core.keyword.internal.KeywordExecutor.executeKeywordForPlatform(KeywordExecutor.groovy:74)
	at com.kms.katalon.core.keyword.BuiltinKeywords.callTestCase(BuiltinKeywords.groovy:310)
	at Script1689766561351.run(Script1689766561351.groovy:22)
	... 13 more
)
[[ATTACHMENT|C:\\Users\\LellKir\\git\\HMIC-Portal\\HMIC-Portal\\HMIC-Portal\\HMIC-Portal\\HMIC-Portal\\HMIC-Portal\\Reports\\20240410_070624\\AgencyPortal_SmokeTest_WC\\20240410_070624\\1712747621243.png]]

2024-04-10 07:13:41 - [TEST_STEP][PASSED] - setText(findTestObject("Object Repository/PolicyCenter_Login/input_PC_Login_TextBox_UserName"), Portal_Username): Text 'adminuser2059' is set on object 'Object Repository/PolicyCenter_Login/input_PC_Login_TextBox_UserName'

2024-04-10 07:13:42 - [MESSAGE][PASSED] - Text 'adminuser2059' is set on object 'Object Repository/PolicyCenter_Login/input_PC_Login_TextBox_UserName'

2024-04-10 07:13:42 - [TEST_STEP][PASSED] - setText(findTestObject("Object Repository/PolicyCenter_Login/input_PC_Login_TextBox_Password"), Portal_Password): Text 'Hmic1234' is set on object 'Object Repository/PolicyCenter_Login/input_PC_Login_TextBox_Password'

2024-04-10 07:13:42 - [MESSAGE][PASSED] - Text 'Hmic1234' is set on object 'Object Repository/PolicyCenter_Login/input_PC_Login_TextBox_Password'

2024-04-10 07:13:42 - [TEST_STEP][PASSED] - takeFullPageScreenshot(): Taking screenshot successfully

2024-04-10 07:13:43 - [MESSAGE][INFO] - 0 hidden object(s)

2024-04-10 07:13:43 - [MESSAGE][PASSED] - Taking screenshot successfully
[[ATTACHMENT|C:\\Users\\LellKir\\git\\HMIC-Portal\\HMIC-Portal\\HMIC-Portal\\HMIC-Portal\\HMIC-Portal\\HMIC-Portal\\Reports\\20240410_070624\\AgencyPortal_SmokeTest_WC\\20240410_070624\\1712747622974.png]]

2024-04-10 07:13:43 - [TEST_STEP][PASSED] - waitForElementVisible(findTestObject("PolicyCenter_Login/input_PC_Login_Button_Login"), 20): Object 'Object Repository/PolicyCenter_Login/input_PC_Login_Button_Login' is visible

2024-04-10 07:13:43 - [MESSAGE][PASSED] - Object 'Object Repository/PolicyCenter_Login/input_PC_Login_Button_Login' is visible

2024-04-10 07:13:43 - [TEST_STEP][PASSED] - click(findTestObject("Object Repository/PolicyCenter_Login/input_PC_Login_Button_Login")): Object: 'Object Repository/PolicyCenter_Login/input_PC_Login_Button_Login' is clicked on

2024-04-10 07:13:44 - [MESSAGE][PASSED] - Object: 'Object Repository/PolicyCenter_Login/input_PC_Login_Button_Login' is clicked on

2024-04-10 07:13:44 - [TEST_STEP][PASSED] - takeFullPageScreenshot(): Taking screenshot successfully

2024-04-10 07:13:46 - [MESSAGE][INFO] - 0 hidden object(s)

2024-04-10 07:13:46 - [MESSAGE][PASSED] - Taking screenshot successfully
[[ATTACHMENT|C:\\Users\\LellKir\\git\\HMIC-Portal\\HMIC-Portal\\HMIC-Portal\\HMIC-Portal\\HMIC-Portal\\HMIC-Portal\\Reports\\20240410_070624\\AgencyPortal_SmokeTest_WC\\20240410_070624\\1712747624429.png]]

2024-04-10 07:13:46 - [TEST_STEP][PASSED] - waitForElementVisible(findTestObject("Portal/Portal_Common_Header_SearchForAccOrPol"), 30): Object 'Object Repository/Portal/Portal_Common_Header_SearchForAccOrPol' is visible

2024-04-10 07:13:48 - [MESSAGE][PASSED] - Object 'Object Repository/Portal/Portal_Common_Header_SearchForAccOrPol' is visible

2024-04-10 07:13:48 - [TEST_STEP][PASSED] - verifyElementVisible(findTestObject("Portal/Portal_Common_Header_SearchForAccOrPol")): Object 'Object Repository/Portal/Portal_Common_Header_SearchForAccOrPol' is visible

2024-04-10 07:13:48 - [MESSAGE][PASSED] - Object 'Object Repository/Portal/Portal_Common_Header_SearchForAccOrPol' is visible

2024-04-10 07:13:48 - [TEST_STEP][PASSED] - takeFullPageScreenshot(): Taking screenshot successfully

2024-04-10 07:13:48 - [MESSAGE][INFO] - 0 hidden object(s)

2024-04-10 07:13:48 - [MESSAGE][PASSED] - Taking screenshot successfully
[[ATTACHMENT|C:\\Users\\LellKir\\git\\HMIC-Portal\\HMIC-Portal\\HMIC-Portal\\HMIC-Portal\\HMIC-Portal\\HMIC-Portal\\Reports\\20240410_070624\\AgencyPortal_SmokeTest_WC\\20240410_070624\\1712747628458.png]]

2024-04-10 07:13:48 - [MESSAGE][PASSED] - Call Test Case 'Test Cases/Portal_Pages/Portal_CommonScreens/Portal_Login' successfully

2024-04-10 07:13:48 - [TEST_STEP][PASSED] - click(findTestObject("Object Repository/Portal/Portal_Common_Tab_Quote")): Object: 'Object Repository/Portal/Portal_Common_Tab_Quote' is clicked on

2024-04-10 07:13:57 - [MESSAGE][PASSED] - Object: 'Object Repository/Portal/Portal_Common_Tab_Quote' is clicked on

2024-04-10 07:13:57 - [TEST_STEP][PASSED] - comment("User is able to Initiate the quote successfully"): User is able to Initiate the quote successfully

2024-04-10 07:13:57 - [MESSAGE][INFO] - User is able to Initiate the quote successfully

2024-04-10 07:13:57 - [TEST_STEP][PASSED] - verifyElementText(findTestObject("Object Repository/Portal/Portal_Quote_Header_NewBusinessDashboard"), "New Business Dashboard"): Actual text and expected text of test object 'Object Repository/Portal/Portal_Quote_Header_NewBusinessDashboard' are matched.

2024-04-10 07:14:27 - [MESSAGE][PASSED] - Actual text and expected text of test object 'Object Repository/Portal/Portal_Quote_Header_NewBusinessDashboard' are matched.

2024-04-10 07:14:27 - [TEST_STEP][PASSED] - click(findTestObject("Object Repository/Portal/Portal_Quote_Title_StartANewBusiness")): Object: 'Object Repository/Portal/Portal_Quote_Title_StartANewBusiness' is clicked on

2024-04-10 07:14:52 - [MESSAGE][PASSED] - Object: 'Object Repository/Portal/Portal_Quote_Title_StartANewBusiness' is clicked on

2024-04-10 07:14:52 - [TEST_STEP][PASSED] - click(findTestObject("Object Repository/Portal/Portal_Quote_Dropdown_SelectLineOfBusiness")): Object: 'Object Repository/Portal/Portal_Quote_Dropdown_SelectLineOfBusiness' is clicked on

2024-04-10 07:14:53 - [MESSAGE][PASSED] - Object: 'Object Repository/Portal/Portal_Quote_Dropdown_SelectLineOfBusiness' is clicked on

2024-04-10 07:14:53 - [TEST_STEP][PASSED] - click(findTestObject("Object Repository/Portal/Portal_LOB_TypeList_WorkersComp")): Object: 'Object Repository/Portal/Portal_LOB_TypeList_WorkersComp' is clicked on

2024-04-10 07:14:56 - [MESSAGE][PASSED] - Object: 'Object Repository/Portal/Portal_LOB_TypeList_WorkersComp' is clicked on

2024-04-10 07:14:56 - [TEST_STEP][PASSED] - click(findTestObject("Object Repository/Portal/Portal_Common_Button_Next")): Object: 'Object Repository/Portal/Portal_Common_Button_Next' is clicked on

2024-04-10 07:14:57 - [MESSAGE][PASSED] - Object: 'Object Repository/Portal/Portal_Common_Button_Next' is clicked on

2024-04-10 07:14:57 - [TEST_STEP][PASSED] - verifyElementText(findTestObject("Object Repository/Portal/Portal_PreQual_Title_PreQualification"), "Pre-Qualification"): Actual text and expected text of test object 'Object Repository/Portal/Portal_PreQual_Title_PreQualification' are matched.

2024-04-10 07:14:59 - [MESSAGE][PASSED] - Actual text and expected text of test object 'Object Repository/Portal/Portal_PreQual_Title_PreQualification' are matched.

2024-04-10 07:14:59 - [TEST_STEP][PASSED] - comment("Prequalification statement should be displayed."): Prequalification statement should be displayed.

2024-04-10 07:14:59 - [MESSAGE][INFO] - Prequalification statement should be displayed.

2024-04-10 07:14:59 - [TEST_STEP][PASSED] - click(findTestObject("Object Repository/Portal/Portal_PreQual_CheckBox_RiskDoesNotHaveAny")): Object: 'Object Repository/Portal/Portal_PreQual_CheckBox_RiskDoesNotHaveAny' is clicked on

2024-04-10 07:15:00 - [MESSAGE][PASSED] - Object: 'Object Repository/Portal/Portal_PreQual_CheckBox_RiskDoesNotHaveAny' is clicked on

2024-04-10 07:15:00 - [TEST_STEP][PASSED] - click(findTestObject("Object Repository/Portal/Portal_PreQual_Button_Agree")): Object: 'Object Repository/Portal/Portal_PreQual_Button_Agree' is clicked on

2024-04-10 07:15:00 - [MESSAGE][PASSED] - Object: 'Object Repository/Portal/Portal_PreQual_Button_Agree' is clicked on

2024-04-10 07:15:00 - [TEST_STEP][PASSED] - waitForElementHasAttribute(findTestObject("Object Repository/Portal/Portal_AccInfo_Header_AccInfo"), "Step 1: Account Information", 10): Object 'Object Repository/Portal/Portal_AccInfo_Header_AccInfo' does not have attribute 'Step 1: Account Information'

2024-04-10 07:15:12 - [MESSAGE][WARNING] - Object 'Object Repository/Portal/Portal_AccInfo_Header_AccInfo' does not have attribute 'Step 1: Account Information'

2024-04-10 07:15:12 - [TEST_STEP][PASSED] - verifyElementText(findTestObject("Object Repository/Portal/Portal_AccInfo_Header_AccInfo"), "Step 1: Account Information"): Actual text and expected text of test object 'Object Repository/Portal/Portal_AccInfo_Header_AccInfo' are matched.

2024-04-10 07:15:12 - [MESSAGE][PASSED] - Actual text and expected text of test object 'Object Repository/Portal/Portal_AccInfo_Header_AccInfo' are matched.

2024-04-10 07:15:12 - [TEST_STEP][PASSED] - comment("User successfully navigated to Account Information screen"): User successfully navigated to Account Information screen

2024-04-10 07:15:12 - [MESSAGE][INFO] - User successfully navigated to Account Information screen

2024-04-10 07:15:12 - [TEST_STEP][PASSED] - click(findTestObject("Object Repository/Portal/Portal_AccInfo_Dropdown_SearchOrQuoteFor")): Object: 'Object Repository/Portal/Portal_AccInfo_Dropdown_SearchOrQuoteFor' is clicked on

2024-04-10 07:15:13 - [MESSAGE][PASSED] - Object: 'Object Repository/Portal/Portal_AccInfo_Dropdown_SearchOrQuoteFor' is clicked on

2024-04-10 07:15:13 - [TEST_STEP][PASSED] - click(findTestObject("Object Repository/Portal/Portal_AccInfo_TypeList_Individual")): Object: 'Object Repository/Portal/Portal_AccInfo_TypeList_Individual' is clicked on

2024-04-10 07:15:13 - [MESSAGE][PASSED] - Object: 'Object Repository/Portal/Portal_AccInfo_TypeList_Individual' is clicked on

2024-04-10 07:15:13 - [TEST_STEP][PASSED] - setText(findTestObject("Object Repository/Portal/Portal_AccInfo_TextBox_FirstName"), "Auto_FirstName"): Text 'Auto_FirstName' is set on object 'Object Repository/Portal/Portal_AccInfo_TextBox_FirstName'

2024-04-10 07:15:14 - [MESSAGE][PASSED] - Text 'Auto_FirstName' is set on object 'Object Repository/Portal/Portal_AccInfo_TextBox_FirstName'

2024-04-10 07:15:14 - [TEST_STEP][PASSED] - setText(findTestObject("Object Repository/Portal/Portal_AccInfo_TextBox_LastName"), "LastName" + RandomStringUtils.randomAlphabetic(5)): Text 'LastNameicYKm' is set on object 'Object Repository/Portal/Portal_AccInfo_TextBox_LastName'

2024-04-10 07:15:15 - [MESSAGE][PASSED] - Text 'LastNameicYKm' is set on object 'Object Repository/Portal/Portal_AccInfo_TextBox_LastName'

2024-04-10 07:15:15 - [TEST_STEP][PASSED] - setText(findTestObject("Object Repository/Portal/Portal_AccInfo_TextBox_ZipCode"), "60614"): Text '60614' is set on object 'Object Repository/Portal/Portal_AccInfo_TextBox_ZipCode'

2024-04-10 07:15:16 - [MESSAGE][PASSED] - Text '60614' is set on object 'Object Repository/Portal/Portal_AccInfo_TextBox_ZipCode'

2024-04-10 07:15:16 - [TEST_STEP][PASSED] - click(findTestObject("Object Repository/Portal/Portal_AccInfo_Button_CreateNewAcc")): Object: 'Object Repository/Portal/Portal_AccInfo_Button_CreateNewAcc' is clicked on

2024-04-10 07:15:16 - [MESSAGE][PASSED] - Object: 'Object Repository/Portal/Portal_AccInfo_Button_CreateNewAcc' is clicked on

2024-04-10 07:15:16 - [TEST_STEP][PASSED] - verifyElementText(findTestObject("Object Repository/Portal/Portal_AccInfo_SubTitle_AddNewAcc"), "Add a New Account"): Actual text and expected text of test object 'Object Repository/Portal/Portal_AccInfo_SubTitle_AddNewAcc' are matched.

2024-04-10 07:15:17 - [MESSAGE][PASSED] - Actual text and expected text of test object 'Object Repository/Portal/Portal_AccInfo_SubTitle_AddNewAcc' are matched.

2024-04-10 07:15:17 - [TEST_STEP][PASSED] - mouseOver(findTestObject("Object Repository/Portal/Portal_AccountInfo_Dropdown_ProducerCode"), STOP_ON_FAILURE): Object: 'Object Repository/Portal/Portal_AccountInfo_Dropdown_ProducerCode' is hovered

2024-04-10 07:15:18 - [MESSAGE][PASSED] - Object: 'Object Repository/Portal/Portal_AccountInfo_Dropdown_ProducerCode' is hovered

2024-04-10 07:15:18 - [TEST_STEP][PASSED] - setText(findTestObject("Object Repository/Portal/Portal_AccInfo_TextBox_Address"), "10850 Lincoln Trail"): Text '10850 Lincoln Trail' is set on object 'Object Repository/Portal/Portal_AccInfo_TextBox_Address'

2024-04-10 07:15:19 - [MESSAGE][PASSED] - Text '10850 Lincoln Trail' is set on object 'Object Repository/Portal/Portal_AccInfo_TextBox_Address'

2024-04-10 07:15:19 - [TEST_STEP][PASSED] - sendKeys(findTestObject("Object Repository/Portal/Portal_AccInfo_TextBox_Address"), Keys.chord(SPACE)): Keys 'SPACE + ' sent to object: 'Object Repository/Portal/Portal_AccInfo_TextBox_Address'

2024-04-10 07:15:19 - [MESSAGE][PASSED] - Keys 'SPACE + ' sent to object: 'Object Repository/Portal/Portal_AccInfo_TextBox_Address'

2024-04-10 07:15:19 - [TEST_STEP][PASSED] - click(findTestObject("Object Repository/Portal/Portal_AccInfo_TypeList_1stAddress"), OPTIONAL): Object: 'Object Repository/Portal/Portal_AccInfo_TypeList_1stAddress' is clicked on

2024-04-10 07:15:20 - [MESSAGE][PASSED] - Object: 'Object Repository/Portal/Portal_AccInfo_TypeList_1stAddress' is clicked on

2024-04-10 07:15:20 - [TEST_STEP][PASSED] - waitForPageLoad(10): Wait for page load successfully

2024-04-10 07:15:20 - [MESSAGE][PASSED] - Wait for page load successfully

2024-04-10 07:15:20 - [TEST_STEP][PASSED] - mouseOver(findTestObject("Object Repository/Portal/Portal_AccountInfo_Dropdown_ProducerCode")): Object: 'Object Repository/Portal/Portal_AccountInfo_Dropdown_ProducerCode' is hovered

2024-04-10 07:15:21 - [MESSAGE][PASSED] - Object: 'Object Repository/Portal/Portal_AccountInfo_Dropdown_ProducerCode' is hovered

2024-04-10 07:15:21 - [TEST_STEP][PASSED] - click(findTestObject("Object Repository/Portal/Portal_AccountInfo_Dropdown_ProducerCode")): Object: 'Object Repository/Portal/Portal_AccountInfo_Dropdown_ProducerCode' is clicked on

2024-04-10 07:15:21 - [MESSAGE][PASSED] - Object: 'Object Repository/Portal/Portal_AccountInfo_Dropdown_ProducerCode' is clicked on

2024-04-10 07:15:21 - [TEST_STEP][PASSED] - mouseOver(findTestObject("Object Repository/Portal/Portal_AccInfo_TypeList_2059HouseCode")): Object: 'Object Repository/Portal/Portal_AccInfo_TypeList_2059HouseCode' is hovered

2024-04-10 07:15:22 - [MESSAGE][PASSED] - Object: 'Object Repository/Portal/Portal_AccInfo_TypeList_2059HouseCode' is hovered

2024-04-10 07:15:22 - [TEST_STEP][PASSED] - click(findTestObject("Object Repository/Portal/Portal_AccInfo_TypeList_2059HouseCode")): Object: 'Object Repository/Portal/Portal_AccInfo_TypeList_2059HouseCode' is clicked on

2024-04-10 07:15:22 - [MESSAGE][PASSED] - Object: 'Object Repository/Portal/Portal_AccInfo_TypeList_2059HouseCode' is clicked on

2024-04-10 07:15:22 - [TEST_STEP][PASSED] - click(findTestObject("Object Repository/Portal/Portal_AccInfo_Button_AddAccount")): Object: 'Object Repository/Portal/Portal_AccInfo_Button_AddAccount' is clicked on

2024-04-10 07:15:23 - [MESSAGE][PASSED] - Object: 'Object Repository/Portal/Portal_AccInfo_Button_AddAccount' is clicked on

2024-04-10 07:15:23 - [TEST_STEP][PASSED] - click(findTestObject("Object Repository/Portal/Portal_StandardizeAddress_Button_Continue")): Object: 'Object Repository/Portal/Portal_StandardizeAddress_Button_Continue' is clicked on

2024-04-10 07:15:24 - [MESSAGE][PASSED] - Object: 'Object Repository/Portal/Portal_StandardizeAddress_Button_Continue' is clicked on

2024-04-10 07:15:24 - [TEST_STEP][PASSED] - AccountNumber = getText(findTestObject("Portal/Portal_NewAccountCreated_Label_AccountNum")): Text of object 'Object Repository/Portal/Portal_NewAccountCreated_Label_AccountNum' is: 'AC00540405'

2024-04-10 07:15:25 - [MESSAGE][PASSED] - Text of object 'Object Repository/Portal/Portal_NewAccountCreated_Label_AccountNum' is: 'AC00540405'

2024-04-10 07:15:25 - [TEST_STEP][PASSED] - click(findTestObject("Portal/Portal_NewAccountCreated_Button_Continue")): Object: 'Object Repository/Portal/Portal_NewAccountCreated_Button_Continue' is clicked on

2024-04-10 07:15:26 - [MESSAGE][PASSED] - Object: 'Object Repository/Portal/Portal_NewAccountCreated_Button_Continue' is clicked on

2024-04-10 07:15:26 - [TEST_STEP][PASSED] - click(findTestObject("Object Repository/Portal/Portal_PolicyDetails_Dropdown_OrgType")): Object: 'Object Repository/Portal/Portal_PolicyDetails_Dropdown_OrgType' is clicked on

2024-04-10 07:15:30 - [MESSAGE][PASSED] - Object: 'Object Repository/Portal/Portal_PolicyDetails_Dropdown_OrgType' is clicked on

2024-04-10 07:15:30 - [TEST_STEP][PASSED] - click(findTestObject("Object Repository/Portal/Portal_PolDetails_OrgType_TypeList_Individual")): Object: 'Object Repository/Portal/Portal_PolDetails_OrgType_TypeList_Individual' is clicked on

2024-04-10 07:15:30 - [MESSAGE][PASSED] - Object: 'Object Repository/Portal/Portal_PolDetails_OrgType_TypeList_Individual' is clicked on

2024-04-10 07:15:30 - [TEST_STEP][PASSED] - mouseOver(findTestObject("Object Repository/Portal/Portal_PolDetails_TextBox_SSN"), STOP_ON_FAILURE): Object: 'Object Repository/Portal/Portal_PolDetails_TextBox_SSN' is hovered

2024-04-10 07:15:31 - [MESSAGE][PASSED] - Object: 'Object Repository/Portal/Portal_PolDetails_TextBox_SSN' is hovered

2024-04-10 07:15:31 - [TEST_STEP][PASSED] - click(findTestObject("Object Repository/Portal/Portal_PolDetails_TextBox_SSN"), STOP_ON_FAILURE): Object: 'Object Repository/Portal/Portal_PolDetails_TextBox_SSN' is clicked on

2024-04-10 07:15:32 - [MESSAGE][PASSED] - Object: 'Object Repository/Portal/Portal_PolDetails_TextBox_SSN' is clicked on

2024-04-10 07:15:32 - [TEST_STEP][PASSED] - sendKeys(findTestObject("Object Repository/Portal/Portal_PolDetails_TextBox_SSN"), Keys.chord("123456789")): Keys '123456789' sent to object: 'Object Repository/Portal/Portal_PolDetails_TextBox_SSN'

2024-04-10 07:15:32 - [MESSAGE][PASSED] - Keys '123456789' sent to object: 'Object Repository/Portal/Portal_PolDetails_TextBox_SSN'

2024-04-10 07:15:32 - [TEST_STEP][PASSED] - click(findTestObject("Object Repository/Portal/Portal_PolicyDetails_Button_Save")): Object: 'Object Repository/Portal/Portal_PolicyDetails_Button_Save' is clicked on

2024-04-10 07:15:33 - [MESSAGE][PASSED] - Object: 'Object Repository/Portal/Portal_PolicyDetails_Button_Save' is clicked on

2024-04-10 07:15:33 - [TEST_STEP][PASSED] - takeFullPageScreenshot(): Taking screenshot successfully

2024-04-10 07:15:34 - [MESSAGE][INFO] - 0 hidden object(s)

2024-04-10 07:15:34 - [MESSAGE][PASSED] - Taking screenshot successfully
[[ATTACHMENT|C:\\Users\\LellKir\\git\\HMIC-Portal\\HMIC-Portal\\HMIC-Portal\\HMIC-Portal\\HMIC-Portal\\HMIC-Portal\\Reports\\20240410_070624\\AgencyPortal_SmokeTest_WC\\20240410_070624\\1712747733282.png]]

2024-04-10 07:15:34 - [TEST_STEP][PASSED] - click(findTestObject("Object Repository/Portal/Portal_Common_Button_NextLoc")): Object: 'Object Repository/Portal/Portal_Common_Button_NextLoc' is clicked on

2024-04-10 07:15:34 - [MESSAGE][PASSED] - Object: 'Object Repository/Portal/Portal_Common_Button_NextLoc' is clicked on

2024-04-10 07:15:34 - [TEST_STEP][PASSED] - waitForElementHasAttribute(findTestObject("Object Repository/Portal/Portal_Loc_Header_Loc"), "Step 3: Locations", 10): Object 'Object Repository/Portal/Portal_Loc_Header_Loc' does not have attribute 'Step 3: Locations'

2024-04-10 07:15:46 - [MESSAGE][WARNING] - Object 'Object Repository/Portal/Portal_Loc_Header_Loc' does not have attribute 'Step 3: Locations'

2024-04-10 07:15:46 - [TEST_STEP][PASSED] - verifyElementText(findTestObject("Object Repository/Portal/Portal_Loc_Header_Loc"), "Step 3: Locations"): Actual text and expected text of test object 'Object Repository/Portal/Portal_Loc_Header_Loc' are matched.

2024-04-10 07:15:47 - [MESSAGE][PASSED] - Actual text and expected text of test object 'Object Repository/Portal/Portal_Loc_Header_Loc' are matched.

2024-04-10 07:15:47 - [TEST_STEP][PASSED] - setText(findTestObject("Object Repository/Portal/Portal_Loc_TextBox_MaxNumOfEmp"), "51"): Text '51' is set on object 'Object Repository/Portal/Portal_Loc_TextBox_MaxNumOfEmp'

2024-04-10 07:15:48 - [MESSAGE][PASSED] - Text '51' is set on object 'Object Repository/Portal/Portal_Loc_TextBox_MaxNumOfEmp'

2024-04-10 07:15:48 - [TEST_STEP][PASSED] - click(findTestObject("Object Repository/Portal/Portal_Loc_TextBox_WorkClassification")): Object: 'Object Repository/Portal/Portal_Loc_TextBox_WorkClassification' is clicked on

2024-04-10 07:15:49 - [MESSAGE][PASSED] - Object: 'Object Repository/Portal/Portal_Loc_TextBox_WorkClassification' is clicked on

2024-04-10 07:15:49 - [TEST_STEP][PASSED] - click(findTestObject("Object Repository/Portal/Portal_Loc_WorkClassification_TypeList_0005")): Object: 'Object Repository/Portal/Portal_Loc_WorkClassification_TypeList_0005' is clicked on

2024-04-10 07:15:49 - [MESSAGE][PASSED] - Object: 'Object Repository/Portal/Portal_Loc_WorkClassification_TypeList_0005' is clicked on

2024-04-10 07:15:49 - [TEST_STEP][PASSED] - setText(findTestObject("Object Repository/Portal/Portal_Loc_TextBox_TotalPayroll"), "5000"): Text '5000' is set on object 'Object Repository/Portal/Portal_Loc_TextBox_TotalPayroll'

2024-04-10 07:15:50 - [MESSAGE][PASSED] - Text '5000' is set on object 'Object Repository/Portal/Portal_Loc_TextBox_TotalPayroll'

2024-04-10 07:15:50 - [TEST_STEP][PASSED] - setText(findTestObject("Object Repository/Portal/Portal_Loc_TextBox_FullTimeEmployees"), "10"): Text '10' is set on object 'Object Repository/Portal/Portal_Loc_TextBox_FullTimeEmployees'

2024-04-10 07:15:51 - [MESSAGE][PASSED] - Text '10' is set on object 'Object Repository/Portal/Portal_Loc_TextBox_FullTimeEmployees'

2024-04-10 07:15:51 - [TEST_STEP][PASSED] - setText(findTestObject("Object Repository/Portal/Portal_Loc_TextBox_PartTimeEmployees"), "10"): Text '10' is set on object 'Object Repository/Portal/Portal_Loc_TextBox_PartTimeEmployees'

2024-04-10 07:15:52 - [MESSAGE][PASSED] - Text '10' is set on object 'Object Repository/Portal/Portal_Loc_TextBox_PartTimeEmployees'

2024-04-10 07:15:52 - [TEST_STEP][PASSED] - click(findTestObject("Object Repository/Portal/Portal_Loc_Button_Save")): Object: 'Object Repository/Portal/Portal_Loc_Button_Save' is clicked on

2024-04-10 07:15:52 - [MESSAGE][PASSED] - Object: 'Object Repository/Portal/Portal_Loc_Button_Save' is clicked on

2024-04-10 07:15:52 - [TEST_STEP][PASSED] - takeFullPageScreenshot(): Taking screenshot successfully

2024-04-10 07:15:53 - [MESSAGE][INFO] - 0 hidden object(s)

2024-04-10 07:15:53 - [MESSAGE][PASSED] - Taking screenshot successfully
[[ATTACHMENT|C:\\Users\\LellKir\\git\\HMIC-Portal\\HMIC-Portal\\HMIC-Portal\\HMIC-Portal\\HMIC-Portal\\HMIC-Portal\\Reports\\20240410_070624\\AgencyPortal_SmokeTest_WC\\20240410_070624\\1712747752966.png]]

2024-04-10 07:15:53 - [TEST_STEP][PASSED] - click(findTestObject("Object Repository/Portal/Portal_Common_Button_NextStateCov")): Object: 'Object Repository/Portal/Portal_Common_Button_NextStateCov' is clicked on

2024-04-10 07:15:54 - [MESSAGE][PASSED] - Object: 'Object Repository/Portal/Portal_Common_Button_NextStateCov' is clicked on

2024-04-10 07:15:54 - [TEST_STEP][PASSED] - waitForElementHasAttribute(findTestObject("Object Repository/Portal/Portal_Cov_Header_Coverages"), "Step 4: Coverages", 10): Object 'Object Repository/Portal/Portal_Cov_Header_Coverages' does not have attribute 'Step 4: Coverages'

2024-04-10 07:16:06 - [MESSAGE][WARNING] - Object 'Object Repository/Portal/Portal_Cov_Header_Coverages' does not have attribute 'Step 4: Coverages'

2024-04-10 07:16:06 - [TEST_STEP][PASSED] - verifyElementText(findTestObject("Object Repository/Portal/Portal_Cov_Header_Coverages"), "Step 4: Coverages"): Actual text and expected text of test object 'Object Repository/Portal/Portal_Cov_Header_Coverages' are matched.

2024-04-10 07:16:06 - [MESSAGE][PASSED] - Actual text and expected text of test object 'Object Repository/Portal/Portal_Cov_Header_Coverages' are matched.

2024-04-10 07:16:06 - [TEST_STEP][PASSED] - click(findTestObject("Portal/Portal_StateCov_Chkbox_ExpRating")): Object: 'Object Repository/Portal/Portal_StateCov_Chkbox_ExpRating' is clicked on

2024-04-10 07:16:07 - [MESSAGE][PASSED] - Object: 'Object Repository/Portal/Portal_StateCov_Chkbox_ExpRating' is clicked on

2024-04-10 07:16:07 - [TEST_STEP][PASSED] - setText(findTestObject("Portal/Portal_StateCov_input_ExpRating"), "3.22"): Text '3.22' is set on object 'Object Repository/Portal/Portal_StateCov_input_ExpRating'

2024-04-10 07:16:09 - [MESSAGE][PASSED] - Text '3.22' is set on object 'Object Repository/Portal/Portal_StateCov_input_ExpRating'

2024-04-10 07:16:09 - [TEST_STEP][PASSED] - click(findTestObject("Portal/Portal_StateCov_Checkbox_ContractingClassAdj")): Object: 'Object Repository/Portal/Portal_StateCov_Checkbox_ContractingClassAdj' is clicked on

2024-04-10 07:16:10 - [MESSAGE][PASSED] - Object: 'Object Repository/Portal/Portal_StateCov_Checkbox_ContractingClassAdj' is clicked on

2024-04-10 07:16:10 - [TEST_STEP][PASSED] - click(findTestObject("Portal/Portal_StateCov_TypeList_ContractingClassAdj")): Object: 'Object Repository/Portal/Portal_StateCov_TypeList_ContractingClassAdj' is clicked on

2024-04-10 07:16:11 - [MESSAGE][PASSED] - Object: 'Object Repository/Portal/Portal_StateCov_TypeList_ContractingClassAdj' is clicked on

2024-04-10 07:16:11 - [TEST_STEP][PASSED] - click(findTestObject("Portal/Portal_StateCov_Select_Credit_5_ContractingClassAdj")): Object: 'Object Repository/Portal/Portal_StateCov_Select_Credit_5_ContractingClassAdj' is clicked on

2024-04-10 07:16:12 - [MESSAGE][PASSED] - Object: 'Object Repository/Portal/Portal_StateCov_Select_Credit_5_ContractingClassAdj' is clicked on

2024-04-10 07:16:12 - [TEST_STEP][PASSED] - click(findTestObject("Portal/Portal_StateCov_Checkbox_BenefitsDeductibleEnd")): Object: 'Object Repository/Portal/Portal_StateCov_Checkbox_BenefitsDeductibleEnd' is clicked on

2024-04-10 07:16:13 - [MESSAGE][PASSED] - Object: 'Object Repository/Portal/Portal_StateCov_Checkbox_BenefitsDeductibleEnd' is clicked on

2024-04-10 07:16:13 - [TEST_STEP][PASSED] - click(findTestObject("Object Repository/Portal/Portal_StateCov_Button_NextLineCov")): Object: 'Object Repository/Portal/Portal_StateCov_Button_NextLineCov' is clicked on

2024-04-10 07:16:15 - [MESSAGE][PASSED] - Object: 'Object Repository/Portal/Portal_StateCov_Button_NextLineCov' is clicked on

2024-04-10 07:16:15 - [TEST_STEP][PASSED] - click(findTestObject("Object Repository/Portal/Portal_LineCov_button_NextSupplementalQues")): Object: 'Object Repository/Portal/Portal_LineCov_button_NextSupplementalQues' is clicked on

2024-04-10 07:16:17 - [MESSAGE][PASSED] - Object: 'Object Repository/Portal/Portal_LineCov_button_NextSupplementalQues' is clicked on

2024-04-10 07:16:17 - [TEST_STEP][PASSED] - click(findTestObject("Object Repository/Portal/Portal_Supplemental_CheckBox_IhaveReviewed")): Object: 'Object Repository/Portal/Portal_Supplemental_CheckBox_IhaveReviewed' is clicked on

2024-04-10 07:16:20 - [MESSAGE][PASSED] - Object: 'Object Repository/Portal/Portal_Supplemental_CheckBox_IhaveReviewed' is clicked on

2024-04-10 07:16:20 - [TEST_STEP][PASSED] - takeFullPageScreenshot(): Taking screenshot successfully

2024-04-10 07:16:21 - [MESSAGE][INFO] - 0 hidden object(s)

2024-04-10 07:16:21 - [MESSAGE][PASSED] - Taking screenshot successfully
[[ATTACHMENT|C:\\Users\\LellKir\\git\\HMIC-Portal\\HMIC-Portal\\HMIC-Portal\\HMIC-Portal\\HMIC-Portal\\HMIC-Portal\\Reports\\20240410_070624\\AgencyPortal_SmokeTest_WC\\20240410_070624\\1712747780443.png]]

2024-04-10 07:16:21 - [TEST_STEP][PASSED] - click(findTestObject("Object Repository/Portal/Portal_Common_Button_NextQuote")): Object: 'Object Repository/Portal/Portal_Common_Button_NextQuote' is clicked on

2024-04-10 07:16:22 - [MESSAGE][PASSED] - Object: 'Object Repository/Portal/Portal_Common_Button_NextQuote' is clicked on

2024-04-10 07:16:22 - [TEST_STEP][PASSED] - waitForElementHasAttribute(findTestObject("Object Repository/Portal/Portal_Quote_Header_Quote"), "Step 6: Quote", 10): Object 'Object Repository/Portal/Portal_Quote_Header_Quote' does not have attribute 'Step 6: Quote'

2024-04-10 07:17:02 - [MESSAGE][WARNING] - Object 'Object Repository/Portal/Portal_Quote_Header_Quote' does not have attribute 'Step 6: Quote'

2024-04-10 07:17:02 - [TEST_STEP][FAILED] - verifyElementText(findTestObject("Object Repository/Portal/Portal_Quote_Header_Quote"), "Step 6: Quote"): Verify element text of test object 'Object Repository/Portal/Portal_Quote_Header_Quote' FAILED. (Root cause: com.kms.katalon.core.exception.StepFailedException: Verify element text of test object 'Object Repository/Portal/Portal_Quote_Header_Quote' FAILED.
	at com.kms.katalon.core.webui.keyword.internal.WebUIKeywordMain.stepFailed(WebUIKeywordMain.groovy:64)
	at com.kms.katalon.core.webui.keyword.internal.WebUIKeywordMain.runKeyword(WebUIKeywordMain.groovy:26)
	at com.kms.katalon.core.webui.keyword.builtin.VerifyElementTextKeyword.verifyElementText(VerifyElementTextKeyword.groovy:72)
	at com.kms.katalon.core.webui.keyword.builtin.VerifyElementTextKeyword.execute(VerifyElementTextKeyword.groovy:40)
	at com.kms.katalon.core.keyword.internal.KeywordExecutor.executeKeywordForPlatform(KeywordExecutor.groovy:74)
	at com.kms.katalon.core.webui.keyword.WebUiBuiltInKeywords.verifyElementText(WebUiBuiltInKeywords.groovy:4749)
	at com.kms.katalon.core.webui.keyword.WebUiBuiltInKeywords$verifyElementText$10.call(Unknown Source)
	at Portal_SmokeTest_ILState.run(Portal_SmokeTest_ILState:165)
	at com.kms.katalon.core.main.ScriptEngine.run(ScriptEngine.java:194)
	at com.kms.katalon.core.main.ScriptEngine.runScriptAsRawText(ScriptEngine.java:119)
	at com.kms.katalon.core.main.TestCaseExecutor.runScript(TestCaseExecutor.java:448)
	at com.kms.katalon.core.main.TestCaseExecutor.doExecute(TestCaseExecutor.java:439)
	at com.kms.katalon.core.main.TestCaseExecutor.processExecutionPhase(TestCaseExecutor.java:418)
	at com.kms.katalon.core.main.TestCaseExecutor.accessMainPhase(TestCaseExecutor.java:410)
	at com.kms.katalon.core.main.TestCaseExecutor.execute(TestCaseExecutor.java:285)
	at com.kms.katalon.core.common.CommonExecutor.accessTestCaseMainPhase(CommonExecutor.java:65)
	at com.kms.katalon.core.main.TestSuiteExecutor.accessTestSuiteMainPhase(TestSuiteExecutor.java:148)
	at com.kms.katalon.core.main.TestSuiteExecutor.execute(TestSuiteExecutor.java:106)
	at com.kms.katalon.core.main.TestCaseMain.startTestSuite(TestCaseMain.java:187)
	at com.kms.katalon.core.main.TestCaseMain$startTestSuite$0.call(Unknown Source)
	at TempTestSuite1712747184320.run(TempTestSuite1712747184320.groovy:36)
Caused by: com.kms.katalon.core.exception.StepFailedException: Actual text '' and expected text 'Step 6: Quote' of test object 'Object Repository/Portal/Portal_Quote_Header_Quote' are NOT matched.
	at com.kms.katalon.core.webui.keyword.internal.WebUIKeywordMain.stepFailed(WebUIKeywordMain.groovy:64)
	at com.kms.katalon.core.webui.keyword.builtin.VerifyElementTextKeyword$_verifyElementText_closure1.doCall(VerifyElementTextKeyword.groovy:57)
	at com.kms.katalon.core.webui.keyword.builtin.VerifyElementTextKeyword$_verifyElementText_closure1.call(VerifyElementTextKeyword.groovy)
	at com.kms.katalon.core.webui.keyword.internal.WebUIKeywordMain.runKeyword(WebUIKeywordMain.groovy:20)
	... 19 more
)

2024-04-10 07:17:23 - [MESSAGE][FAILED] - Actual text '' and expected text 'Step 6: Quote' of test object 'Object Repository/Portal/Portal_Quote_Header_Quote' are NOT matched. (Root cause: com.kms.katalon.core.exception.StepFailedException: Actual text '' and expected text 'Step 6: Quote' of test object 'Object Repository/Portal/Portal_Quote_Header_Quote' are NOT matched.
	at com.kms.katalon.core.webui.keyword.internal.WebUIKeywordMain.stepFailed(WebUIKeywordMain.groovy:64)
	at com.kms.katalon.core.webui.keyword.builtin.VerifyElementTextKeyword$_verifyElementText_closure1.doCall(VerifyElementTextKeyword.groovy:57)
	at com.kms.katalon.core.webui.keyword.builtin.VerifyElementTextKeyword$_verifyElementText_closure1.call(VerifyElementTextKeyword.groovy)
	at com.kms.katalon.core.webui.keyword.internal.WebUIKeywordMain.runKeyword(WebUIKeywordMain.groovy:20)
	at com.kms.katalon.core.webui.keyword.builtin.VerifyElementTextKeyword.verifyElementText(VerifyElementTextKeyword.groovy:72)
	at com.kms.katalon.core.webui.keyword.builtin.VerifyElementTextKeyword.execute(VerifyElementTextKeyword.groovy:40)
	at com.kms.katalon.core.keyword.internal.KeywordExecutor.executeKeywordForPlatform(KeywordExecutor.groovy:74)
	at com.kms.katalon.core.webui.keyword.WebUiBuiltInKeywords.verifyElementText(WebUiBuiltInKeywords.groovy:4749)
	at com.kms.katalon.core.webui.keyword.WebUiBuiltInKeywords$verifyElementText$10.call(Unknown Source)
	at Portal_SmokeTest_ILState.run(Portal_SmokeTest_ILState:165)
	at com.kms.katalon.core.main.ScriptEngine.run(ScriptEngine.java:194)
	at com.kms.katalon.core.main.ScriptEngine.runScriptAsRawText(ScriptEngine.java:119)
	at com.kms.katalon.core.main.TestCaseExecutor.runScript(TestCaseExecutor.java:448)
	at com.kms.katalon.core.main.TestCaseExecutor.doExecute(TestCaseExecutor.java:439)
	at com.kms.katalon.core.main.TestCaseExecutor.processExecutionPhase(TestCaseExecutor.java:418)
	at com.kms.katalon.core.main.TestCaseExecutor.accessMainPhase(TestCaseExecutor.java:410)
	at com.kms.katalon.core.main.TestCaseExecutor.execute(TestCaseExecutor.java:285)
	at com.kms.katalon.core.common.CommonExecutor.accessTestCaseMainPhase(CommonExecutor.java:65)
	at com.kms.katalon.core.main.TestSuiteExecutor.accessTestSuiteMainPhase(TestSuiteExecutor.java:148)
	at com.kms.katalon.core.main.TestSuiteExecutor.execute(TestSuiteExecutor.java:106)
	at com.kms.katalon.core.main.TestCaseMain.startTestSuite(TestCaseMain.java:187)
	at com.kms.katalon.core.main.TestCaseMain$startTestSuite$0.call(Unknown Source)
	at TempTestSuite1712747184320.run(TempTestSuite1712747184320.groovy:36)
)
[[ATTACHMENT|C:\\Users\\LellKir\\git\\HMIC-Portal\\HMIC-Portal\\HMIC-Portal\\HMIC-Portal\\HMIC-Portal\\HMIC-Portal\\Reports\\20240410_070624\\AgencyPortal_SmokeTest_WC\\20240410_070624\\1712747843336.png]]

2024-04-10 07:17:23 - [MESSAGE][FAILED] - Verify element text of test object 'Object Repository/Portal/Portal_Quote_Header_Quote' FAILED. (Root cause: com.kms.katalon.core.exception.StepFailedException: Verify element text of test object 'Object Repository/Portal/Portal_Quote_Header_Quote' FAILED.
	at com.kms.katalon.core.webui.keyword.internal.WebUIKeywordMain.stepFailed(WebUIKeywordMain.groovy:64)
	at com.kms.katalon.core.webui.keyword.internal.WebUIKeywordMain.runKeyword(WebUIKeywordMain.groovy:26)
	at com.kms.katalon.core.webui.keyword.builtin.VerifyElementTextKeyword.verifyElementText(VerifyElementTextKeyword.groovy:72)
	at com.kms.katalon.core.webui.keyword.builtin.VerifyElementTextKeyword.execute(VerifyElementTextKeyword.groovy:40)
	at com.kms.katalon.core.keyword.internal.KeywordExecutor.executeKeywordForPlatform(KeywordExecutor.groovy:74)
	at com.kms.katalon.core.webui.keyword.WebUiBuiltInKeywords.verifyElementText(WebUiBuiltInKeywords.groovy:4749)
	at com.kms.katalon.core.webui.keyword.WebUiBuiltInKeywords$verifyElementText$10.call(Unknown Source)
	at Portal_SmokeTest_ILState.run(Portal_SmokeTest_ILState:165)
	at com.kms.katalon.core.main.ScriptEngine.run(ScriptEngine.java:194)
	at com.kms.katalon.core.main.ScriptEngine.runScriptAsRawText(ScriptEngine.java:119)
	at com.kms.katalon.core.main.TestCaseExecutor.runScript(TestCaseExecutor.java:448)
	at com.kms.katalon.core.main.TestCaseExecutor.doExecute(TestCaseExecutor.java:439)
	at com.kms.katalon.core.main.TestCaseExecutor.processExecutionPhase(TestCaseExecutor.java:418)
	at com.kms.katalon.core.main.TestCaseExecutor.accessMainPhase(TestCaseExecutor.java:410)
	at com.kms.katalon.core.main.TestCaseExecutor.execute(TestCaseExecutor.java:285)
	at com.kms.katalon.core.common.CommonExecutor.accessTestCaseMainPhase(CommonExecutor.java:65)
	at com.kms.katalon.core.main.TestSuiteExecutor.accessTestSuiteMainPhase(TestSuiteExecutor.java:148)
	at com.kms.katalon.core.main.TestSuiteExecutor.execute(TestSuiteExecutor.java:106)
	at com.kms.katalon.core.main.TestCaseMain.startTestSuite(TestCaseMain.java:187)
	at com.kms.katalon.core.main.TestCaseMain$startTestSuite$0.call(Unknown Source)
	at TempTestSuite1712747184320.run(TempTestSuite1712747184320.groovy:36)
Caused by: com.kms.katalon.core.exception.StepFailedException: Actual text '' and expected text 'Step 6: Quote' of test object 'Object Repository/Portal/Portal_Quote_Header_Quote' are NOT matched.
	at com.kms.katalon.core.webui.keyword.internal.WebUIKeywordMain.stepFailed(WebUIKeywordMain.groovy:64)
	at com.kms.katalon.core.webui.keyword.builtin.VerifyElementTextKeyword$_verifyElementText_closure1.doCall(VerifyElementTextKeyword.groovy:57)
	at com.kms.katalon.core.webui.keyword.builtin.VerifyElementTextKeyword$_verifyElementText_closure1.call(VerifyElementTextKeyword.groovy)
	at com.kms.katalon.core.webui.keyword.internal.WebUIKeywordMain.runKeyword(WebUIKeywordMain.groovy:20)
	... 19 more
)
[[ATTACHMENT|C:\\Users\\LellKir\\git\\HMIC-Portal\\HMIC-Portal\\HMIC-Portal\\HMIC-Portal\\HMIC-Portal\\HMIC-Portal\\Reports\\20240410_070624\\AgencyPortal_SmokeTest_WC\\20240410_070624\\1712747843458.png]]]]></system-out>
         <system-err><![CDATA[2024-04-10 07:12:48 - [TEST_CASE][FAILED] - Test Cases/Portal_WorkersCompensation/WC_SmokeTest_AllState/Portal_SmokeTest_ILState: Test Cases/Portal_WorkersCompensation/WC_SmokeTest_AllState/Portal_SmokeTest_ILState FAILED.
Reason:
com.kms.katalon.core.exception.StepFailedException: Verify element text of test object 'Object Repository/Portal/Portal_Quote_Header_Quote' FAILED.
	at com.kms.katalon.core.webui.keyword.internal.WebUIKeywordMain.stepFailed(WebUIKeywordMain.groovy:64)
	at com.kms.katalon.core.webui.keyword.internal.WebUIKeywordMain.runKeyword(WebUIKeywordMain.groovy:26)
	at com.kms.katalon.core.webui.keyword.builtin.VerifyElementTextKeyword.verifyElementText(VerifyElementTextKeyword.groovy:72)
	at com.kms.katalon.core.webui.keyword.builtin.VerifyElementTextKeyword.execute(VerifyElementTextKeyword.groovy:40)
	at com.kms.katalon.core.keyword.internal.KeywordExecutor.executeKeywordForPlatform(KeywordExecutor.groovy:74)
	at com.kms.katalon.core.webui.keyword.WebUiBuiltInKeywords.verifyElementText(WebUiBuiltInKeywords.groovy:4749)
	at com.kms.katalon.core.webui.keyword.WebUiBuiltInKeywords$verifyElementText$10.call(Unknown Source)
	at Portal_SmokeTest_ILState.run(Portal_SmokeTest_ILState:165)
	at com.kms.katalon.core.main.ScriptEngine.run(ScriptEngine.java:194)
	at com.kms.katalon.core.main.ScriptEngine.runScriptAsRawText(ScriptEngine.java:119)
	at com.kms.katalon.core.main.TestCaseExecutor.runScript(TestCaseExecutor.java:448)
	at com.kms.katalon.core.main.TestCaseExecutor.doExecute(TestCaseExecutor.java:439)
	at com.kms.katalon.core.main.TestCaseExecutor.processExecutionPhase(TestCaseExecutor.java:418)
	at com.kms.katalon.core.main.TestCaseExecutor.accessMainPhase(TestCaseExecutor.java:410)
	at com.kms.katalon.core.main.TestCaseExecutor.execute(TestCaseExecutor.java:285)
	at com.kms.katalon.core.common.CommonExecutor.accessTestCaseMainPhase(CommonExecutor.java:65)
	at com.kms.katalon.core.main.TestSuiteExecutor.accessTestSuiteMainPhase(TestSuiteExecutor.java:148)
	at com.kms.katalon.core.main.TestSuiteExecutor.execute(TestSuiteExecutor.java:106)
	at com.kms.katalon.core.main.TestCaseMain.startTestSuite(TestCaseMain.java:187)
	at com.kms.katalon.core.main.TestCaseMain$startTestSuite$0.call(Unknown Source)
	at TempTestSuite1712747184320.run(TempTestSuite1712747184320.groovy:36)
Caused by: com.kms.katalon.core.exception.StepFailedException: Actual text '' and expected text 'Step 6: Quote' of test object 'Object Repository/Portal/Portal_Quote_Header_Quote' are NOT matched.
	at com.kms.katalon.core.webui.keyword.internal.WebUIKeywordMain.stepFailed(WebUIKeywordMain.groovy:64)
	at com.kms.katalon.core.webui.keyword.builtin.VerifyElementTextKeyword$_verifyElementText_closure1.doCall(VerifyElementTextKeyword.groovy:57)
	at com.kms.katalon.core.webui.keyword.builtin.VerifyElementTextKeyword$_verifyElementText_closure1.call(VerifyElementTextKeyword.groovy)
	at com.kms.katalon.core.webui.keyword.internal.WebUIKeywordMain.runKeyword(WebUIKeywordMain.groovy:20)
	... 19 more]]></system-err>
      </testcase>
      <testcase name="Test Cases/Portal_WorkersCompensation/WC_SmokeTest_AllState/Portal_SmokeTest_WIState" time="741.651" classname="Test Cases/Portal_WorkersCompensation/WC_SmokeTest_AllState/Portal_SmokeTest_WIState" status="FAILED">
         <failure type="FAILED" message="Test Cases/Portal_WorkersCompensation/WC_SmokeTest_AllState/Portal_SmokeTest_WIState FAILED.
Reason:
com.kms.katalon.core.exception.StepFailedException: Unable to move mouse over object 'Object Repository/Portal/Portal_Payment_DirectBill_PaymentPlan_Radio_FullPay'
	at com.kms.katalon.core.webui.keyword.internal.WebUIKeywordMain.stepFailed(WebUIKeywordMain.groovy:64)
	at com.kms.katalon.core.webui.keyword.internal.WebUIKeywordMain.runKeyword(WebUIKeywordMain.groovy:26)
	at com.kms.katalon.core.webui.keyword.builtin.MouseOverKeyword.mouseOver(MouseOverKeyword.groovy:66)
	at com.kms.katalon.core.webui.keyword.builtin.MouseOverKeyword.execute(MouseOverKeyword.groovy:40)
	at com.kms.katalon.core.keyword.internal.KeywordExecutor.executeKeywordForPlatform(KeywordExecutor.groovy:74)
	at com.kms.katalon.core.webui.keyword.WebUiBuiltInKeywords.mouseOver(WebUiBuiltInKeywords.groovy:806)
	at com.kms.katalon.core.webui.keyword.WebUiBuiltInKeywords$mouseOver$14.call(Unknown Source)
	at Portal_SmokeTest_WIState.run(Portal_SmokeTest_WIState:270)
	at com.kms.katalon.core.main.ScriptEngine.run(ScriptEngine.java:194)
	at com.kms.katalon.core.main.ScriptEngine.runScriptAsRawText(ScriptEngine.java:119)
	at com.kms.katalon.core.main.TestCaseExecutor.runScript(TestCaseExecutor.java:448)
	at com.kms.katalon.core.main.TestCaseExecutor.doExecute(TestCaseExecutor.java:439)
	at com.kms.katalon.core.main.TestCaseExecutor.processExecutionPhase(TestCaseExecutor.java:418)
	at com.kms.katalon.core.main.TestCaseExecutor.accessMainPhase(TestCaseExecutor.java:410)
	at com.kms.katalon.core.main.TestCaseExecutor.execute(TestCaseExecutor.java:285)
	at com.kms.katalon.core.common.CommonExecutor.accessTestCaseMainPhase(CommonExecutor.java:65)
	at com.kms.katalon.core.main.TestSuiteExecutor.accessTestSuiteMainPhase(TestSuiteExecutor.java:148)
	at com.kms.katalon.core.main.TestSuiteExecutor.execute(TestSuiteExecutor.java:106)
	at com.kms.katalon.core.main.TestCaseMain.startTestSuite(TestCaseMain.java:187)
	at com.kms.katalon.core.main.TestCaseMain$startTestSuite$0.call(Unknown Source)
	at TempTestSuite1712747184320.run(TempTestSuite1712747184320.groovy:36)
Caused by: com.kms.katalon.core.webui.exception.WebElementNotFoundException: Web element with id: 'Object Repository/Portal/Portal_Payment_DirectBill_PaymentPlan_Radio_FullPay' located by '//span[text()='Full Pay']' not found
	at com.kms.katalon.core.webui.common.WebUiCommonHelper.findWebElement(WebUiCommonHelper.java:1381)
	at com.kms.katalon.core.webui.keyword.internal.WebUIAbstractKeyword.findWebElement(WebUIAbstractKeyword.groovy:27)
	at com.kms.katalon.core.webui.keyword.internal.WebUIAbstractKeyword.findWebElement(WebUIAbstractKeyword.groovy:26)
	at com.kms.katalon.core.webui.keyword.builtin.MouseOverKeyword$_mouseOver_closure1.doCall(MouseOverKeyword.groovy:54)
	at com.kms.katalon.core.webui.keyword.builtin.MouseOverKeyword$_mouseOver_closure1.call(MouseOverKeyword.groovy)
	at com.kms.katalon.core.webui.keyword.internal.WebUIKeywordMain.runKeyword(WebUIKeywordMain.groovy:20)
	... 19 more
"/>
         <system-out><![CDATA[2024-04-10 07:17:23 - [TEST_CASE][FAILED] - Test Cases/Portal_WorkersCompensation/WC_SmokeTest_AllState/Portal_SmokeTest_WIState: Test Cases/Portal_WorkersCompensation/WC_SmokeTest_AllState/Portal_SmokeTest_WIState FAILED.
Reason:
com.kms.katalon.core.exception.StepFailedException: Unable to move mouse over object 'Object Repository/Portal/Portal_Payment_DirectBill_PaymentPlan_Radio_FullPay'
	at com.kms.katalon.core.webui.keyword.internal.WebUIKeywordMain.stepFailed(WebUIKeywordMain.groovy:64)
	at com.kms.katalon.core.webui.keyword.internal.WebUIKeywordMain.runKeyword(WebUIKeywordMain.groovy:26)
	at com.kms.katalon.core.webui.keyword.builtin.MouseOverKeyword.mouseOver(MouseOverKeyword.groovy:66)
	at com.kms.katalon.core.webui.keyword.builtin.MouseOverKeyword.execute(MouseOverKeyword.groovy:40)
	at com.kms.katalon.core.keyword.internal.KeywordExecutor.executeKeywordForPlatform(KeywordExecutor.groovy:74)
	at com.kms.katalon.core.webui.keyword.WebUiBuiltInKeywords.mouseOver(WebUiBuiltInKeywords.groovy:806)
	at com.kms.katalon.core.webui.keyword.WebUiBuiltInKeywords$mouseOver$14.call(Unknown Source)
	at Portal_SmokeTest_WIState.run(Portal_SmokeTest_WIState:270)
	at com.kms.katalon.core.main.ScriptEngine.run(ScriptEngine.java:194)
	at com.kms.katalon.core.main.ScriptEngine.runScriptAsRawText(ScriptEngine.java:119)
	at com.kms.katalon.core.main.TestCaseExecutor.runScript(TestCaseExecutor.java:448)
	at com.kms.katalon.core.main.TestCaseExecutor.doExecute(TestCaseExecutor.java:439)
	at com.kms.katalon.core.main.TestCaseExecutor.processExecutionPhase(TestCaseExecutor.java:418)
	at com.kms.katalon.core.main.TestCaseExecutor.accessMainPhase(TestCaseExecutor.java:410)
	at com.kms.katalon.core.main.TestCaseExecutor.execute(TestCaseExecutor.java:285)
	at com.kms.katalon.core.common.CommonExecutor.accessTestCaseMainPhase(CommonExecutor.java:65)
	at com.kms.katalon.core.main.TestSuiteExecutor.accessTestSuiteMainPhase(TestSuiteExecutor.java:148)
	at com.kms.katalon.core.main.TestSuiteExecutor.execute(TestSuiteExecutor.java:106)
	at com.kms.katalon.core.main.TestCaseMain.startTestSuite(TestCaseMain.java:187)
	at com.kms.katalon.core.main.TestCaseMain$startTestSuite$0.call(Unknown Source)
	at TempTestSuite1712747184320.run(TempTestSuite1712747184320.groovy:36)
Caused by: com.kms.katalon.core.webui.exception.WebElementNotFoundException: Web element with id: 'Object Repository/Portal/Portal_Payment_DirectBill_PaymentPlan_Radio_FullPay' located by '//span[text()='Full Pay']' not found
	at com.kms.katalon.core.webui.common.WebUiCommonHelper.findWebElement(WebUiCommonHelper.java:1381)
	at com.kms.katalon.core.webui.keyword.internal.WebUIAbstractKeyword.findWebElement(WebUIAbstractKeyword.groovy:27)
	at com.kms.katalon.core.webui.keyword.internal.WebUIAbstractKeyword.findWebElement(WebUIAbstractKeyword.groovy:26)
	at com.kms.katalon.core.webui.keyword.builtin.MouseOverKeyword$_mouseOver_closure1.doCall(MouseOverKeyword.groovy:54)
	at com.kms.katalon.core.webui.keyword.builtin.MouseOverKeyword$_mouseOver_closure1.call(MouseOverKeyword.groovy)
	at com.kms.katalon.core.webui.keyword.internal.WebUIKeywordMain.runKeyword(WebUIKeywordMain.groovy:20)
	... 19 more


2024-04-10 07:17:24 - [TEST_STEP][PASSED] - comment("Portal Smoke Test"): Portal Smoke Test

2024-04-10 07:17:24 - [MESSAGE][INFO] - Portal Smoke Test

2024-04-10 07:17:24 - [TEST_STEP][PASSED] - callTestCase(findTestCase("Portal_Pages/Portal_CommonScreens/Portal_Login"), ["Portal_Username":Portal_Username, "Portal_Password":Portal_Password], STOP_ON_FAILURE): Call Test Case 'Test Cases/Portal_Pages/Portal_CommonScreens/Portal_Login' successfully

2024-04-10 07:17:24 - [TEST_CASE][PASSED] - Test Cases/Portal_Pages/Portal_CommonScreens/Portal_Login: Test Cases/Portal_Pages/Portal_CommonScreens/Portal_Login

2024-04-10 07:17:24 - [TEST_STEP][PASSED] - openBrowser(""): Browser is opened with url: ''

2024-04-10 07:17:24 - [MESSAGE][WARNING] - A browser is already opened. Closing browser and opening a new one

2024-04-10 07:17:25 - [MESSAGE][INFO] - Starting 'Chrome' driver

2024-04-10 07:17:25 - [MESSAGE][INFO] - Action delay is set to 0 milliseconds

2024-04-10 07:17:27 - [MESSAGE][PASSED] - Browser is opened with url: ''

2024-04-10 07:17:27 - [TEST_STEP][PASSED] - deleteAllCookies(): Delete all cookies successfully

2024-04-10 07:17:27 - [MESSAGE][PASSED] - Delete all cookies successfully

2024-04-10 07:17:27 - [TEST_STEP][PASSED] - maximizeWindow(): Current window maximized

2024-04-10 07:17:27 - [MESSAGE][PASSED] - Current window maximized

2024-04-10 07:17:27 - [TEST_STEP][PASSED] - takeFullPageScreenshot(): Taking screenshot successfully

2024-04-10 07:17:28 - [MESSAGE][INFO] - 0 hidden object(s)

2024-04-10 07:17:28 - [MESSAGE][PASSED] - Taking screenshot successfully
[[ATTACHMENT|C:\\Users\\LellKir\\git\\HMIC-Portal\\HMIC-Portal\\HMIC-Portal\\HMIC-Portal\\HMIC-Portal\\HMIC-Portal\\Reports\\20240410_070624\\AgencyPortal_SmokeTest_WC\\20240410_070624\\1712747847846.png]]

2024-04-10 07:17:28 - [TEST_STEP][PASSED] - navigateToUrl(PortalURL): Navigate to 'https://agencyportal.qa1.hastingsmutual.com/Accounts' successfully

2024-04-10 07:17:39 - [MESSAGE][PASSED] - Navigate to 'https://agencyportal.qa1.hastingsmutual.com/Accounts' successfully

2024-04-10 07:17:39 - [TEST_STEP][PASSED] - waitForPageLoad(10): Wait for page load successfully

2024-04-10 07:17:39 - [MESSAGE][PASSED] - Wait for page load successfully

2024-04-10 07:17:39 - [TEST_STEP][PASSED] - takeFullPageScreenshot(): Taking screenshot successfully

2024-04-10 07:17:39 - [MESSAGE][INFO] - 0 hidden object(s)

2024-04-10 07:17:39 - [MESSAGE][PASSED] - Taking screenshot successfully
[[ATTACHMENT|C:\\Users\\LellKir\\git\\HMIC-Portal\\HMIC-Portal\\HMIC-Portal\\HMIC-Portal\\HMIC-Portal\\HMIC-Portal\\Reports\\20240410_070624\\AgencyPortal_SmokeTest_WC\\20240410_070624\\1712747859334.png]]

2024-04-10 07:17:39 - [TEST_STEP][PASSED] - click(findTestObject("Object Repository/PolicyCenter_Login/div_PC_Login_Link_ClickHereToLogin"), OPTIONAL): Unable to click on object 'Object Repository/PolicyCenter_Login/div_PC_Login_Link_ClickHereToLogin' (Root cause: com.kms.katalon.core.exception.StepFailedException: Unable to click on object 'Object Repository/PolicyCenter_Login/div_PC_Login_Link_ClickHereToLogin'
	at com.kms.katalon.core.webui.keyword.internal.WebUIKeywordMain.stepFailed(WebUIKeywordMain.groovy:64)
	at com.kms.katalon.core.webui.keyword.internal.WebUIKeywordMain.runKeyword(WebUIKeywordMain.groovy:26)
	at com.kms.katalon.core.webui.keyword.builtin.ClickKeyword.click(ClickKeyword.groovy:74)
	at com.kms.katalon.core.webui.keyword.builtin.ClickKeyword.execute(ClickKeyword.groovy:40)
	at com.kms.katalon.core.keyword.internal.KeywordExecutor.executeKeywordForPlatform(KeywordExecutor.groovy:74)
	at com.kms.katalon.core.webui.keyword.WebUiBuiltInKeywords.click(WebUiBuiltInKeywords.groovy:608)
	at com.kms.katalon.core.webui.keyword.WebUiBuiltInKeywords$click$5.call(Unknown Source)
	at Portal_Login.run(Portal_Login:34)
	at com.kms.katalon.core.main.ScriptEngine.run(ScriptEngine.java:194)
	at com.kms.katalon.core.main.ScriptEngine.runScriptAsRawText(ScriptEngine.java:119)
	at com.kms.katalon.core.main.TestCaseExecutor.runScript(TestCaseExecutor.java:448)
	at com.kms.katalon.core.main.TestCaseExecutor.doExecute(TestCaseExecutor.java:439)
	at com.kms.katalon.core.main.TestCaseExecutor.processExecutionPhase(TestCaseExecutor.java:418)
	at com.kms.katalon.core.main.TestCaseExecutor.accessMainPhase(TestCaseExecutor.java:410)
	at com.kms.katalon.core.main.TestCaseExecutor.execute(TestCaseExecutor.java:285)
	at com.kms.katalon.core.main.TestCaseMain.runTestCase(TestCaseMain.java:144)
	at com.kms.katalon.core.keyword.builtin.CallTestCaseKeyword$_callTestCase_closure1.doCall(CallTestCaseKeyword.groovy:59)
	at com.kms.katalon.core.keyword.builtin.CallTestCaseKeyword$_callTestCase_closure1.call(CallTestCaseKeyword.groovy)
	at com.kms.katalon.core.keyword.internal.KeywordMain.runKeyword(KeywordMain.groovy:75)
	at com.kms.katalon.core.keyword.builtin.CallTestCaseKeyword.callTestCase(CallTestCaseKeyword.groovy:81)
	at com.kms.katalon.core.keyword.builtin.CallTestCaseKeyword.execute(CallTestCaseKeyword.groovy:44)
	at com.kms.katalon.core.keyword.internal.KeywordExecutor.executeKeywordForPlatform(KeywordExecutor.groovy:74)
	at com.kms.katalon.core.keyword.BuiltinKeywords.callTestCase(BuiltinKeywords.groovy:310)
	at Portal_SmokeTest_WIState.run(Portal_SmokeTest_WIState:22)
	at com.kms.katalon.core.main.ScriptEngine.run(ScriptEngine.java:194)
	at com.kms.katalon.core.main.ScriptEngine.runScriptAsRawText(ScriptEngine.java:119)
	at com.kms.katalon.core.main.TestCaseExecutor.runScript(TestCaseExecutor.java:448)
	at com.kms.katalon.core.main.TestCaseExecutor.doExecute(TestCaseExecutor.java:439)
	at com.kms.katalon.core.main.TestCaseExecutor.processExecutionPhase(TestCaseExecutor.java:418)
	at com.kms.katalon.core.main.TestCaseExecutor.accessMainPhase(TestCaseExecutor.java:410)
	at com.kms.katalon.core.main.TestCaseExecutor.execute(TestCaseExecutor.java:285)
	at com.kms.katalon.core.common.CommonExecutor.accessTestCaseMainPhase(CommonExecutor.java:65)
	at com.kms.katalon.core.main.TestSuiteExecutor.accessTestSuiteMainPhase(TestSuiteExecutor.java:148)
	at com.kms.katalon.core.main.TestSuiteExecutor.execute(TestSuiteExecutor.java:106)
	at com.kms.katalon.core.main.TestCaseMain.startTestSuite(TestCaseMain.java:187)
	at com.kms.katalon.core.main.TestCaseMain$startTestSuite$0.call(Unknown Source)
	at TempTestSuite1712747184320.run(TempTestSuite1712747184320.groovy:36)
Caused by: com.kms.katalon.core.webui.exception.WebElementNotFoundException: Web element with id: 'Object Repository/PolicyCenter_Login/div_PC_Login_Link_ClickHereToLogin' located by '//div[contains(@id,'LoginDetailsInputSet-LoginLink')]' not found
	at com.kms.katalon.core.webui.common.WebUiCommonHelper.findWebElement(WebUiCommonHelper.java:1381)
	at com.kms.katalon.core.webui.keyword.internal.WebUIAbstractKeyword.findWebElement(WebUIAbstractKeyword.groovy:27)
	at com.kms.katalon.core.webui.keyword.builtin.ClickKeyword$_click_closure1.doCall(ClickKeyword.groovy:65)
	at com.kms.katalon.core.webui.keyword.builtin.ClickKeyword$_click_closure1.call(ClickKeyword.groovy)
	at com.kms.katalon.core.webui.keyword.internal.WebUIKeywordMain.runKeyword(WebUIKeywordMain.groovy:20)
	at com.kms.katalon.core.webui.keyword.builtin.ClickKeyword.click(ClickKeyword.groovy:74)
	at com.kms.katalon.core.webui.keyword.builtin.ClickKeyword.execute(ClickKeyword.groovy:40)
	at com.kms.katalon.core.keyword.internal.KeywordExecutor.executeKeywordForPlatform(KeywordExecutor.groovy:74)
	at com.kms.katalon.core.webui.keyword.WebUiBuiltInKeywords.click(WebUiBuiltInKeywords.groovy:608)
	at com.kms.katalon.core.webui.keyword.WebUiBuiltInKeywords$click$5.call(Unknown Source)
	at Script1683558008637.run(Script1683558008637.groovy:34)
	at com.kms.katalon.core.main.ScriptEngine.run(ScriptEngine.java:194)
	at com.kms.katalon.core.main.ScriptEngine.runScriptAsRawText(ScriptEngine.java:119)
	at com.kms.katalon.core.main.TestCaseExecutor.runScript(TestCaseExecutor.java:448)
	at com.kms.katalon.core.main.TestCaseExecutor.doExecute(TestCaseExecutor.java:439)
	at com.kms.katalon.core.main.TestCaseExecutor.processExecutionPhase(TestCaseExecutor.java:418)
	at com.kms.katalon.core.main.TestCaseExecutor.accessMainPhase(TestCaseExecutor.java:410)
	at com.kms.katalon.core.main.TestCaseExecutor.execute(TestCaseExecutor.java:285)
	at com.kms.katalon.core.main.TestCaseMain.runTestCase(TestCaseMain.java:144)
	at com.kms.katalon.core.keyword.builtin.CallTestCaseKeyword$_callTestCase_closure1.doCall(CallTestCaseKeyword.groovy:59)
	at com.kms.katalon.core.keyword.builtin.CallTestCaseKeyword$_callTestCase_closure1.call(CallTestCaseKeyword.groovy)
	at com.kms.katalon.core.keyword.internal.KeywordMain.runKeyword(KeywordMain.groovy:75)
	at com.kms.katalon.core.keyword.builtin.CallTestCaseKeyword.callTestCase(CallTestCaseKeyword.groovy:81)
	at com.kms.katalon.core.keyword.builtin.CallTestCaseKeyword.execute(CallTestCaseKeyword.groovy:44)
	at com.kms.katalon.core.keyword.internal.KeywordExecutor.executeKeywordForPlatform(KeywordExecutor.groovy:74)
	at com.kms.katalon.core.keyword.BuiltinKeywords.callTestCase(BuiltinKeywords.groovy:310)
	at Script1689938677126.run(Script1689938677126.groovy:22)
	... 13 more
)

2024-04-10 07:18:11 - [MESSAGE][INFO] - Unable to find the element located by 'By.xpath: //div[contains(@id,'LoginDetailsInputSet-LoginLink')]'. Please recheck the objects properties to make sure the desired element is located. 

2024-04-10 07:18:11 - [MESSAGE][WARNING] - [SELF-HEALING] Failed to find element with id 'Object Repository/PolicyCenter_Login/div_PC_Login_Link_ClickHereToLogin'. Try using Self-healing.

2024-04-10 07:18:12 - [MESSAGE][INFO] - [SELF-HEALING] No working XPath is found.

2024-04-10 07:18:13 - [MESSAGE][INFO] - Unable to find the element located by 'By.xpath: '. Please recheck the objects properties to make sure the desired element is located. 

2024-04-10 07:18:13 - [MESSAGE][WARNING] - [SELF-HEALING] Cannot find elements when the selector is null

2024-04-10 07:18:13 - [MESSAGE][WARNING] - Unable to click on object 'Object Repository/PolicyCenter_Login/div_PC_Login_Link_ClickHereToLogin' (Root cause: com.kms.katalon.core.exception.StepFailedException: Unable to click on object 'Object Repository/PolicyCenter_Login/div_PC_Login_Link_ClickHereToLogin'
	at com.kms.katalon.core.webui.keyword.internal.WebUIKeywordMain.stepFailed(WebUIKeywordMain.groovy:64)
	at com.kms.katalon.core.webui.keyword.internal.WebUIKeywordMain.runKeyword(WebUIKeywordMain.groovy:26)
	at com.kms.katalon.core.webui.keyword.builtin.ClickKeyword.click(ClickKeyword.groovy:74)
	at com.kms.katalon.core.webui.keyword.builtin.ClickKeyword.execute(ClickKeyword.groovy:40)
	at com.kms.katalon.core.keyword.internal.KeywordExecutor.executeKeywordForPlatform(KeywordExecutor.groovy:74)
	at com.kms.katalon.core.webui.keyword.WebUiBuiltInKeywords.click(WebUiBuiltInKeywords.groovy:608)
	at com.kms.katalon.core.webui.keyword.WebUiBuiltInKeywords$click$5.call(Unknown Source)
	at Portal_Login.run(Portal_Login:34)
	at com.kms.katalon.core.main.ScriptEngine.run(ScriptEngine.java:194)
	at com.kms.katalon.core.main.ScriptEngine.runScriptAsRawText(ScriptEngine.java:119)
	at com.kms.katalon.core.main.TestCaseExecutor.runScript(TestCaseExecutor.java:448)
	at com.kms.katalon.core.main.TestCaseExecutor.doExecute(TestCaseExecutor.java:439)
	at com.kms.katalon.core.main.TestCaseExecutor.processExecutionPhase(TestCaseExecutor.java:418)
	at com.kms.katalon.core.main.TestCaseExecutor.accessMainPhase(TestCaseExecutor.java:410)
	at com.kms.katalon.core.main.TestCaseExecutor.execute(TestCaseExecutor.java:285)
	at com.kms.katalon.core.main.TestCaseMain.runTestCase(TestCaseMain.java:144)
	at com.kms.katalon.core.keyword.builtin.CallTestCaseKeyword$_callTestCase_closure1.doCall(CallTestCaseKeyword.groovy:59)
	at com.kms.katalon.core.keyword.builtin.CallTestCaseKeyword$_callTestCase_closure1.call(CallTestCaseKeyword.groovy)
	at com.kms.katalon.core.keyword.internal.KeywordMain.runKeyword(KeywordMain.groovy:75)
	at com.kms.katalon.core.keyword.builtin.CallTestCaseKeyword.callTestCase(CallTestCaseKeyword.groovy:81)
	at com.kms.katalon.core.keyword.builtin.CallTestCaseKeyword.execute(CallTestCaseKeyword.groovy:44)
	at com.kms.katalon.core.keyword.internal.KeywordExecutor.executeKeywordForPlatform(KeywordExecutor.groovy:74)
	at com.kms.katalon.core.keyword.BuiltinKeywords.callTestCase(BuiltinKeywords.groovy:310)
	at Portal_SmokeTest_WIState.run(Portal_SmokeTest_WIState:22)
	at com.kms.katalon.core.main.ScriptEngine.run(ScriptEngine.java:194)
	at com.kms.katalon.core.main.ScriptEngine.runScriptAsRawText(ScriptEngine.java:119)
	at com.kms.katalon.core.main.TestCaseExecutor.runScript(TestCaseExecutor.java:448)
	at com.kms.katalon.core.main.TestCaseExecutor.doExecute(TestCaseExecutor.java:439)
	at com.kms.katalon.core.main.TestCaseExecutor.processExecutionPhase(TestCaseExecutor.java:418)
	at com.kms.katalon.core.main.TestCaseExecutor.accessMainPhase(TestCaseExecutor.java:410)
	at com.kms.katalon.core.main.TestCaseExecutor.execute(TestCaseExecutor.java:285)
	at com.kms.katalon.core.common.CommonExecutor.accessTestCaseMainPhase(CommonExecutor.java:65)
	at com.kms.katalon.core.main.TestSuiteExecutor.accessTestSuiteMainPhase(TestSuiteExecutor.java:148)
	at com.kms.katalon.core.main.TestSuiteExecutor.execute(TestSuiteExecutor.java:106)
	at com.kms.katalon.core.main.TestCaseMain.startTestSuite(TestCaseMain.java:187)
	at com.kms.katalon.core.main.TestCaseMain$startTestSuite$0.call(Unknown Source)
	at TempTestSuite1712747184320.run(TempTestSuite1712747184320.groovy:36)
Caused by: com.kms.katalon.core.webui.exception.WebElementNotFoundException: Web element with id: 'Object Repository/PolicyCenter_Login/div_PC_Login_Link_ClickHereToLogin' located by '//div[contains(@id,'LoginDetailsInputSet-LoginLink')]' not found
	at com.kms.katalon.core.webui.common.WebUiCommonHelper.findWebElement(WebUiCommonHelper.java:1381)
	at com.kms.katalon.core.webui.keyword.internal.WebUIAbstractKeyword.findWebElement(WebUIAbstractKeyword.groovy:27)
	at com.kms.katalon.core.webui.keyword.builtin.ClickKeyword$_click_closure1.doCall(ClickKeyword.groovy:65)
	at com.kms.katalon.core.webui.keyword.builtin.ClickKeyword$_click_closure1.call(ClickKeyword.groovy)
	at com.kms.katalon.core.webui.keyword.internal.WebUIKeywordMain.runKeyword(WebUIKeywordMain.groovy:20)
	at com.kms.katalon.core.webui.keyword.builtin.ClickKeyword.click(ClickKeyword.groovy:74)
	at com.kms.katalon.core.webui.keyword.builtin.ClickKeyword.execute(ClickKeyword.groovy:40)
	at com.kms.katalon.core.keyword.internal.KeywordExecutor.executeKeywordForPlatform(KeywordExecutor.groovy:74)
	at com.kms.katalon.core.webui.keyword.WebUiBuiltInKeywords.click(WebUiBuiltInKeywords.groovy:608)
	at com.kms.katalon.core.webui.keyword.WebUiBuiltInKeywords$click$5.call(Unknown Source)
	at Script1683558008637.run(Script1683558008637.groovy:34)
	at com.kms.katalon.core.main.ScriptEngine.run(ScriptEngine.java:194)
	at com.kms.katalon.core.main.ScriptEngine.runScriptAsRawText(ScriptEngine.java:119)
	at com.kms.katalon.core.main.TestCaseExecutor.runScript(TestCaseExecutor.java:448)
	at com.kms.katalon.core.main.TestCaseExecutor.doExecute(TestCaseExecutor.java:439)
	at com.kms.katalon.core.main.TestCaseExecutor.processExecutionPhase(TestCaseExecutor.java:418)
	at com.kms.katalon.core.main.TestCaseExecutor.accessMainPhase(TestCaseExecutor.java:410)
	at com.kms.katalon.core.main.TestCaseExecutor.execute(TestCaseExecutor.java:285)
	at com.kms.katalon.core.main.TestCaseMain.runTestCase(TestCaseMain.java:144)
	at com.kms.katalon.core.keyword.builtin.CallTestCaseKeyword$_callTestCase_closure1.doCall(CallTestCaseKeyword.groovy:59)
	at com.kms.katalon.core.keyword.builtin.CallTestCaseKeyword$_callTestCase_closure1.call(CallTestCaseKeyword.groovy)
	at com.kms.katalon.core.keyword.internal.KeywordMain.runKeyword(KeywordMain.groovy:75)
	at com.kms.katalon.core.keyword.builtin.CallTestCaseKeyword.callTestCase(CallTestCaseKeyword.groovy:81)
	at com.kms.katalon.core.keyword.builtin.CallTestCaseKeyword.execute(CallTestCaseKeyword.groovy:44)
	at com.kms.katalon.core.keyword.internal.KeywordExecutor.executeKeywordForPlatform(KeywordExecutor.groovy:74)
	at com.kms.katalon.core.keyword.BuiltinKeywords.callTestCase(BuiltinKeywords.groovy:310)
	at Script1689938677126.run(Script1689938677126.groovy:22)
	... 13 more
)
[[ATTACHMENT|C:\\Users\\LellKir\\git\\HMIC-Portal\\HMIC-Portal\\HMIC-Portal\\HMIC-Portal\\HMIC-Portal\\HMIC-Portal\\Reports\\20240410_070624\\AgencyPortal_SmokeTest_WC\\20240410_070624\\1712747893256.png]]

2024-04-10 07:18:13 - [TEST_STEP][PASSED] - setText(findTestObject("Object Repository/PolicyCenter_Login/input_PC_Login_TextBox_UserName"), Portal_Username): Text 'adminuser2059' is set on object 'Object Repository/PolicyCenter_Login/input_PC_Login_TextBox_UserName'

2024-04-10 07:18:14 - [MESSAGE][PASSED] - Text 'adminuser2059' is set on object 'Object Repository/PolicyCenter_Login/input_PC_Login_TextBox_UserName'

2024-04-10 07:18:14 - [TEST_STEP][PASSED] - setText(findTestObject("Object Repository/PolicyCenter_Login/input_PC_Login_TextBox_Password"), Portal_Password): Text 'Hmic1234' is set on object 'Object Repository/PolicyCenter_Login/input_PC_Login_TextBox_Password'

2024-04-10 07:18:14 - [MESSAGE][PASSED] - Text 'Hmic1234' is set on object 'Object Repository/PolicyCenter_Login/input_PC_Login_TextBox_Password'

2024-04-10 07:18:14 - [TEST_STEP][PASSED] - takeFullPageScreenshot(): Taking screenshot successfully

2024-04-10 07:18:15 - [MESSAGE][INFO] - 0 hidden object(s)

2024-04-10 07:18:15 - [MESSAGE][PASSED] - Taking screenshot successfully
[[ATTACHMENT|C:\\Users\\LellKir\\git\\HMIC-Portal\\HMIC-Portal\\HMIC-Portal\\HMIC-Portal\\HMIC-Portal\\HMIC-Portal\\Reports\\20240410_070624\\AgencyPortal_SmokeTest_WC\\20240410_070624\\1712747894921.png]]

2024-04-10 07:18:15 - [TEST_STEP][PASSED] - waitForElementVisible(findTestObject("PolicyCenter_Login/input_PC_Login_Button_Login"), 20): Object 'Object Repository/PolicyCenter_Login/input_PC_Login_Button_Login' is visible

2024-04-10 07:18:15 - [MESSAGE][PASSED] - Object 'Object Repository/PolicyCenter_Login/input_PC_Login_Button_Login' is visible

2024-04-10 07:18:15 - [TEST_STEP][PASSED] - click(findTestObject("Object Repository/PolicyCenter_Login/input_PC_Login_Button_Login")): Object: 'Object Repository/PolicyCenter_Login/input_PC_Login_Button_Login' is clicked on

2024-04-10 07:18:16 - [MESSAGE][PASSED] - Object: 'Object Repository/PolicyCenter_Login/input_PC_Login_Button_Login' is clicked on

2024-04-10 07:18:16 - [TEST_STEP][PASSED] - takeFullPageScreenshot(): Taking screenshot successfully

2024-04-10 07:18:18 - [MESSAGE][INFO] - 0 hidden object(s)

2024-04-10 07:18:18 - [MESSAGE][PASSED] - Taking screenshot successfully
[[ATTACHMENT|C:\\Users\\LellKir\\git\\HMIC-Portal\\HMIC-Portal\\HMIC-Portal\\HMIC-Portal\\HMIC-Portal\\HMIC-Portal\\Reports\\20240410_070624\\AgencyPortal_SmokeTest_WC\\20240410_070624\\1712747896375.png]]

2024-04-10 07:18:18 - [TEST_STEP][PASSED] - waitForElementVisible(findTestObject("Portal/Portal_Common_Header_SearchForAccOrPol"), 30): Object 'Object Repository/Portal/Portal_Common_Header_SearchForAccOrPol' is visible

2024-04-10 07:18:19 - [MESSAGE][PASSED] - Object 'Object Repository/Portal/Portal_Common_Header_SearchForAccOrPol' is visible

2024-04-10 07:18:19 - [TEST_STEP][PASSED] - verifyElementVisible(findTestObject("Portal/Portal_Common_Header_SearchForAccOrPol")): Object 'Object Repository/Portal/Portal_Common_Header_SearchForAccOrPol' is visible

2024-04-10 07:18:20 - [MESSAGE][PASSED] - Object 'Object Repository/Portal/Portal_Common_Header_SearchForAccOrPol' is visible

2024-04-10 07:18:20 - [TEST_STEP][PASSED] - takeFullPageScreenshot(): Taking screenshot successfully

2024-04-10 07:18:20 - [MESSAGE][INFO] - 0 hidden object(s)

2024-04-10 07:18:20 - [MESSAGE][PASSED] - Taking screenshot successfully
[[ATTACHMENT|C:\\Users\\LellKir\\git\\HMIC-Portal\\HMIC-Portal\\HMIC-Portal\\HMIC-Portal\\HMIC-Portal\\HMIC-Portal\\Reports\\20240410_070624\\AgencyPortal_SmokeTest_WC\\20240410_070624\\1712747900307.png]]

2024-04-10 07:18:20 - [MESSAGE][PASSED] - Call Test Case 'Test Cases/Portal_Pages/Portal_CommonScreens/Portal_Login' successfully

2024-04-10 07:18:20 - [TEST_STEP][PASSED] - click(findTestObject("Object Repository/Portal/Portal_Common_Tab_Quote")): Object: 'Object Repository/Portal/Portal_Common_Tab_Quote' is clicked on

2024-04-10 07:18:28 - [MESSAGE][PASSED] - Object: 'Object Repository/Portal/Portal_Common_Tab_Quote' is clicked on

2024-04-10 07:18:28 - [TEST_STEP][PASSED] - comment("User is able to Initiate the quote successfully"): User is able to Initiate the quote successfully

2024-04-10 07:18:28 - [MESSAGE][INFO] - User is able to Initiate the quote successfully

2024-04-10 07:18:28 - [TEST_STEP][PASSED] - verifyElementText(findTestObject("Object Repository/Portal/Portal_Quote_Header_NewBusinessDashboard"), "New Business Dashboard"): Actual text and expected text of test object 'Object Repository/Portal/Portal_Quote_Header_NewBusinessDashboard' are matched.

2024-04-10 07:18:58 - [MESSAGE][PASSED] - Actual text and expected text of test object 'Object Repository/Portal/Portal_Quote_Header_NewBusinessDashboard' are matched.

2024-04-10 07:18:58 - [TEST_STEP][PASSED] - click(findTestObject("Object Repository/Portal/Portal_Quote_Title_StartANewBusiness")): Object: 'Object Repository/Portal/Portal_Quote_Title_StartANewBusiness' is clicked on

2024-04-10 07:19:29 - [MESSAGE][PASSED] - Object: 'Object Repository/Portal/Portal_Quote_Title_StartANewBusiness' is clicked on

2024-04-10 07:19:29 - [TEST_STEP][PASSED] - click(findTestObject("Object Repository/Portal/Portal_Quote_Dropdown_SelectLineOfBusiness")): Object: 'Object Repository/Portal/Portal_Quote_Dropdown_SelectLineOfBusiness' is clicked on

2024-04-10 07:19:59 - [MESSAGE][PASSED] - Object: 'Object Repository/Portal/Portal_Quote_Dropdown_SelectLineOfBusiness' is clicked on

2024-04-10 07:19:59 - [TEST_STEP][PASSED] - click(findTestObject("Object Repository/Portal/Portal_LOB_TypeList_WorkersComp")): Object: 'Object Repository/Portal/Portal_LOB_TypeList_WorkersComp' is clicked on

2024-04-10 07:20:29 - [MESSAGE][PASSED] - Object: 'Object Repository/Portal/Portal_LOB_TypeList_WorkersComp' is clicked on

2024-04-10 07:20:29 - [TEST_STEP][PASSED] - click(findTestObject("Object Repository/Portal/Portal_Common_Button_Next")): Object: 'Object Repository/Portal/Portal_Common_Button_Next' is clicked on

2024-04-10 07:21:00 - [MESSAGE][PASSED] - Object: 'Object Repository/Portal/Portal_Common_Button_Next' is clicked on

2024-04-10 07:21:00 - [TEST_STEP][PASSED] - verifyElementText(findTestObject("Object Repository/Portal/Portal_PreQual_Title_PreQualification"), "Pre-Qualification"): Actual text and expected text of test object 'Object Repository/Portal/Portal_PreQual_Title_PreQualification' are matched.

2024-04-10 07:21:03 - [MESSAGE][PASSED] - Actual text and expected text of test object 'Object Repository/Portal/Portal_PreQual_Title_PreQualification' are matched.

2024-04-10 07:21:03 - [TEST_STEP][PASSED] - comment("Prequalification statement should be displayed."): Prequalification statement should be displayed.

2024-04-10 07:21:03 - [MESSAGE][INFO] - Prequalification statement should be displayed.

2024-04-10 07:21:03 - [TEST_STEP][PASSED] - click(findTestObject("Object Repository/Portal/Portal_PreQual_CheckBox_RiskDoesNotHaveAny")): Object: 'Object Repository/Portal/Portal_PreQual_CheckBox_RiskDoesNotHaveAny' is clicked on

2024-04-10 07:21:03 - [MESSAGE][PASSED] - Object: 'Object Repository/Portal/Portal_PreQual_CheckBox_RiskDoesNotHaveAny' is clicked on

2024-04-10 07:21:03 - [TEST_STEP][PASSED] - click(findTestObject("Object Repository/Portal/Portal_PreQual_Button_Agree")): Object: 'Object Repository/Portal/Portal_PreQual_Button_Agree' is clicked on

2024-04-10 07:21:04 - [MESSAGE][PASSED] - Object: 'Object Repository/Portal/Portal_PreQual_Button_Agree' is clicked on

2024-04-10 07:21:04 - [TEST_STEP][PASSED] - waitForElementHasAttribute(findTestObject("Object Repository/Portal/Portal_AccInfo_Header_AccInfo"), "Step 1: Account Information", 10): Object 'Object Repository/Portal/Portal_AccInfo_Header_AccInfo' does not have attribute 'Step 1: Account Information'

2024-04-10 07:21:15 - [MESSAGE][WARNING] - Object 'Object Repository/Portal/Portal_AccInfo_Header_AccInfo' does not have attribute 'Step 1: Account Information'

2024-04-10 07:21:15 - [TEST_STEP][PASSED] - verifyElementText(findTestObject("Object Repository/Portal/Portal_AccInfo_Header_AccInfo"), "Step 1: Account Information"): Actual text and expected text of test object 'Object Repository/Portal/Portal_AccInfo_Header_AccInfo' are matched.

2024-04-10 07:21:15 - [MESSAGE][PASSED] - Actual text and expected text of test object 'Object Repository/Portal/Portal_AccInfo_Header_AccInfo' are matched.

2024-04-10 07:21:15 - [TEST_STEP][PASSED] - comment("User successfully navigated to Account Information screen"): User successfully navigated to Account Information screen

2024-04-10 07:21:15 - [MESSAGE][INFO] - User successfully navigated to Account Information screen

2024-04-10 07:21:15 - [TEST_STEP][PASSED] - click(findTestObject("Object Repository/Portal/Portal_AccInfo_Dropdown_SearchOrQuoteFor")): Object: 'Object Repository/Portal/Portal_AccInfo_Dropdown_SearchOrQuoteFor' is clicked on

2024-04-10 07:21:15 - [MESSAGE][PASSED] - Object: 'Object Repository/Portal/Portal_AccInfo_Dropdown_SearchOrQuoteFor' is clicked on

2024-04-10 07:21:15 - [TEST_STEP][PASSED] - click(findTestObject("Object Repository/Portal/Portal_AccInfo_TypeList_Individual")): Object: 'Object Repository/Portal/Portal_AccInfo_TypeList_Individual' is clicked on

2024-04-10 07:21:16 - [MESSAGE][PASSED] - Object: 'Object Repository/Portal/Portal_AccInfo_TypeList_Individual' is clicked on

2024-04-10 07:21:16 - [TEST_STEP][PASSED] - setText(findTestObject("Object Repository/Portal/Portal_AccInfo_TextBox_FirstName"), "Auto_FirstName"): Text 'Auto_FirstName' is set on object 'Object Repository/Portal/Portal_AccInfo_TextBox_FirstName'

2024-04-10 07:21:17 - [MESSAGE][PASSED] - Text 'Auto_FirstName' is set on object 'Object Repository/Portal/Portal_AccInfo_TextBox_FirstName'

2024-04-10 07:21:17 - [TEST_STEP][PASSED] - setText(findTestObject("Object Repository/Portal/Portal_AccInfo_TextBox_LastName"), "LastName" + RandomStringUtils.randomAlphabetic(5)): Text 'LastNamehpfXc' is set on object 'Object Repository/Portal/Portal_AccInfo_TextBox_LastName'

2024-04-10 07:21:18 - [MESSAGE][PASSED] - Text 'LastNamehpfXc' is set on object 'Object Repository/Portal/Portal_AccInfo_TextBox_LastName'

2024-04-10 07:21:18 - [TEST_STEP][PASSED] - setText(findTestObject("Object Repository/Portal/Portal_AccInfo_TextBox_ZipCode"), "54913"): Text '54913' is set on object 'Object Repository/Portal/Portal_AccInfo_TextBox_ZipCode'

2024-04-10 07:21:19 - [MESSAGE][PASSED] - Text '54913' is set on object 'Object Repository/Portal/Portal_AccInfo_TextBox_ZipCode'

2024-04-10 07:21:19 - [TEST_STEP][PASSED] - click(findTestObject("Object Repository/Portal/Portal_AccInfo_Button_CreateNewAcc")): Object: 'Object Repository/Portal/Portal_AccInfo_Button_CreateNewAcc' is clicked on

2024-04-10 07:21:19 - [MESSAGE][PASSED] - Object: 'Object Repository/Portal/Portal_AccInfo_Button_CreateNewAcc' is clicked on

2024-04-10 07:21:19 - [TEST_STEP][PASSED] - verifyElementText(findTestObject("Object Repository/Portal/Portal_AccInfo_SubTitle_AddNewAcc"), "Add a New Account"): Actual text and expected text of test object 'Object Repository/Portal/Portal_AccInfo_SubTitle_AddNewAcc' are matched.

2024-04-10 07:21:20 - [MESSAGE][PASSED] - Actual text and expected text of test object 'Object Repository/Portal/Portal_AccInfo_SubTitle_AddNewAcc' are matched.

2024-04-10 07:21:20 - [TEST_STEP][PASSED] - mouseOver(findTestObject("Object Repository/Portal/Portal_AccountInfo_Dropdown_ProducerCode"), STOP_ON_FAILURE): Object: 'Object Repository/Portal/Portal_AccountInfo_Dropdown_ProducerCode' is hovered

2024-04-10 07:21:21 - [MESSAGE][PASSED] - Object: 'Object Repository/Portal/Portal_AccountInfo_Dropdown_ProducerCode' is hovered

2024-04-10 07:21:21 - [TEST_STEP][PASSED] - setText(findTestObject("Object Repository/Portal/Portal_AccInfo_TextBox_Address"), "955 N Mutual Way"): Text '955 N Mutual Way' is set on object 'Object Repository/Portal/Portal_AccInfo_TextBox_Address'

2024-04-10 07:21:22 - [MESSAGE][PASSED] - Text '955 N Mutual Way' is set on object 'Object Repository/Portal/Portal_AccInfo_TextBox_Address'

2024-04-10 07:21:22 - [TEST_STEP][PASSED] - sendKeys(findTestObject("Object Repository/Portal/Portal_AccInfo_TextBox_Address"), Keys.chord(SPACE)): Keys 'SPACE + ' sent to object: 'Object Repository/Portal/Portal_AccInfo_TextBox_Address'

2024-04-10 07:21:22 - [MESSAGE][PASSED] - Keys 'SPACE + ' sent to object: 'Object Repository/Portal/Portal_AccInfo_TextBox_Address'

2024-04-10 07:21:22 - [TEST_STEP][PASSED] - click(findTestObject("Object Repository/Portal/Portal_AccInfo_TypeList_1stAddress"), OPTIONAL): Object: 'Object Repository/Portal/Portal_AccInfo_TypeList_1stAddress' is clicked on

2024-04-10 07:21:23 - [MESSAGE][PASSED] - Object: 'Object Repository/Portal/Portal_AccInfo_TypeList_1stAddress' is clicked on

2024-04-10 07:21:23 - [TEST_STEP][PASSED] - waitForPageLoad(10): Wait for page load successfully

2024-04-10 07:21:23 - [MESSAGE][PASSED] - Wait for page load successfully

2024-04-10 07:21:23 - [TEST_STEP][PASSED] - mouseOver(findTestObject("Object Repository/Portal/Portal_AccountInfo_Dropdown_ProducerCode")): Object: 'Object Repository/Portal/Portal_AccountInfo_Dropdown_ProducerCode' is hovered

2024-04-10 07:21:24 - [MESSAGE][PASSED] - Object: 'Object Repository/Portal/Portal_AccountInfo_Dropdown_ProducerCode' is hovered

2024-04-10 07:21:24 - [TEST_STEP][PASSED] - click(findTestObject("Object Repository/Portal/Portal_AccountInfo_Dropdown_ProducerCode")): Object: 'Object Repository/Portal/Portal_AccountInfo_Dropdown_ProducerCode' is clicked on

2024-04-10 07:21:24 - [MESSAGE][PASSED] - Object: 'Object Repository/Portal/Portal_AccountInfo_Dropdown_ProducerCode' is clicked on

2024-04-10 07:21:24 - [TEST_STEP][PASSED] - mouseOver(findTestObject("Object Repository/Portal/Portal_AccInfo_TypeList_2059HouseCode")): Object: 'Object Repository/Portal/Portal_AccInfo_TypeList_2059HouseCode' is hovered

2024-04-10 07:21:25 - [MESSAGE][PASSED] - Object: 'Object Repository/Portal/Portal_AccInfo_TypeList_2059HouseCode' is hovered

2024-04-10 07:21:25 - [TEST_STEP][PASSED] - click(findTestObject("Object Repository/Portal/Portal_AccInfo_TypeList_2059HouseCode")): Object: 'Object Repository/Portal/Portal_AccInfo_TypeList_2059HouseCode' is clicked on

2024-04-10 07:21:25 - [MESSAGE][PASSED] - Object: 'Object Repository/Portal/Portal_AccInfo_TypeList_2059HouseCode' is clicked on

2024-04-10 07:21:25 - [TEST_STEP][PASSED] - click(findTestObject("Object Repository/Portal/Portal_AccInfo_Button_AddAccount")): Object: 'Object Repository/Portal/Portal_AccInfo_Button_AddAccount' is clicked on

2024-04-10 07:21:26 - [MESSAGE][PASSED] - Object: 'Object Repository/Portal/Portal_AccInfo_Button_AddAccount' is clicked on

2024-04-10 07:21:26 - [TEST_STEP][PASSED] - click(findTestObject("Object Repository/Portal/Portal_StandardizeAddress_Button_Continue")): Object: 'Object Repository/Portal/Portal_StandardizeAddress_Button_Continue' is clicked on

2024-04-10 07:21:27 - [MESSAGE][PASSED] - Object: 'Object Repository/Portal/Portal_StandardizeAddress_Button_Continue' is clicked on

2024-04-10 07:21:27 - [TEST_STEP][PASSED] - AccountNumber = getText(findTestObject("Portal/Portal_NewAccountCreated_Label_AccountNum")): Text of object 'Object Repository/Portal/Portal_NewAccountCreated_Label_AccountNum' is: 'AC00540418'

2024-04-10 07:21:28 - [MESSAGE][PASSED] - Text of object 'Object Repository/Portal/Portal_NewAccountCreated_Label_AccountNum' is: 'AC00540418'

2024-04-10 07:21:28 - [TEST_STEP][PASSED] - click(findTestObject("Portal/Portal_NewAccountCreated_Button_Continue")): Object: 'Object Repository/Portal/Portal_NewAccountCreated_Button_Continue' is clicked on

2024-04-10 07:21:29 - [MESSAGE][PASSED] - Object: 'Object Repository/Portal/Portal_NewAccountCreated_Button_Continue' is clicked on

2024-04-10 07:21:29 - [TEST_STEP][PASSED] - click(findTestObject("Object Repository/Portal/Portal_PolicyDetails_Dropdown_OrgType")): Object: 'Object Repository/Portal/Portal_PolicyDetails_Dropdown_OrgType' is clicked on

2024-04-10 07:21:33 - [MESSAGE][PASSED] - Object: 'Object Repository/Portal/Portal_PolicyDetails_Dropdown_OrgType' is clicked on

2024-04-10 07:21:33 - [TEST_STEP][PASSED] - click(findTestObject("Object Repository/Portal/Portal_PolDetails_OrgType_TypeList_Individual")): Object: 'Object Repository/Portal/Portal_PolDetails_OrgType_TypeList_Individual' is clicked on

2024-04-10 07:21:34 - [MESSAGE][PASSED] - Object: 'Object Repository/Portal/Portal_PolDetails_OrgType_TypeList_Individual' is clicked on

2024-04-10 07:21:34 - [TEST_STEP][PASSED] - mouseOver(findTestObject("Object Repository/Portal/Portal_PolDetails_TextBox_SSN"), STOP_ON_FAILURE): Object: 'Object Repository/Portal/Portal_PolDetails_TextBox_SSN' is hovered

2024-04-10 07:21:34 - [MESSAGE][PASSED] - Object: 'Object Repository/Portal/Portal_PolDetails_TextBox_SSN' is hovered

2024-04-10 07:21:34 - [TEST_STEP][PASSED] - click(findTestObject("Object Repository/Portal/Portal_PolDetails_TextBox_SSN"), STOP_ON_FAILURE): Object: 'Object Repository/Portal/Portal_PolDetails_TextBox_SSN' is clicked on

2024-04-10 07:21:35 - [MESSAGE][PASSED] - Object: 'Object Repository/Portal/Portal_PolDetails_TextBox_SSN' is clicked on

2024-04-10 07:21:35 - [TEST_STEP][PASSED] - sendKeys(findTestObject("Object Repository/Portal/Portal_PolDetails_TextBox_SSN"), Keys.chord("123456789")): Keys '123456789' sent to object: 'Object Repository/Portal/Portal_PolDetails_TextBox_SSN'

2024-04-10 07:21:35 - [MESSAGE][PASSED] - Keys '123456789' sent to object: 'Object Repository/Portal/Portal_PolDetails_TextBox_SSN'

2024-04-10 07:21:35 - [TEST_STEP][PASSED] - click(findTestObject("Object Repository/Portal/Portal_PolicyDetails_Button_Save")): Object: 'Object Repository/Portal/Portal_PolicyDetails_Button_Save' is clicked on

2024-04-10 07:21:36 - [MESSAGE][PASSED] - Object: 'Object Repository/Portal/Portal_PolicyDetails_Button_Save' is clicked on

2024-04-10 07:21:36 - [TEST_STEP][PASSED] - takeFullPageScreenshot(): Taking screenshot successfully

2024-04-10 07:21:37 - [MESSAGE][INFO] - 0 hidden object(s)

2024-04-10 07:21:37 - [MESSAGE][PASSED] - Taking screenshot successfully
[[ATTACHMENT|C:\\Users\\LellKir\\git\\HMIC-Portal\\HMIC-Portal\\HMIC-Portal\\HMIC-Portal\\HMIC-Portal\\HMIC-Portal\\Reports\\20240410_070624\\AgencyPortal_SmokeTest_WC\\20240410_070624\\1712748096424.png]]

2024-04-10 07:21:37 - [TEST_STEP][PASSED] - click(findTestObject("Object Repository/Portal/Portal_Common_Button_NextLoc")): Object: 'Object Repository/Portal/Portal_Common_Button_NextLoc' is clicked on

2024-04-10 07:21:37 - [MESSAGE][PASSED] - Object: 'Object Repository/Portal/Portal_Common_Button_NextLoc' is clicked on

2024-04-10 07:21:37 - [TEST_STEP][PASSED] - waitForElementHasAttribute(findTestObject("Object Repository/Portal/Portal_Loc_Header_Loc"), "Step 3: Locations", 10): Object 'Object Repository/Portal/Portal_Loc_Header_Loc' does not have attribute 'Step 3: Locations'

2024-04-10 07:21:50 - [MESSAGE][WARNING] - Object 'Object Repository/Portal/Portal_Loc_Header_Loc' does not have attribute 'Step 3: Locations'

2024-04-10 07:21:50 - [TEST_STEP][PASSED] - verifyElementText(findTestObject("Object Repository/Portal/Portal_Loc_Header_Loc"), "Step 3: Locations"): Actual text and expected text of test object 'Object Repository/Portal/Portal_Loc_Header_Loc' are matched.

2024-04-10 07:21:50 - [MESSAGE][PASSED] - Actual text and expected text of test object 'Object Repository/Portal/Portal_Loc_Header_Loc' are matched.

2024-04-10 07:21:50 - [TEST_STEP][PASSED] - setText(findTestObject("Object Repository/Portal/Portal_Loc_TextBox_MaxNumOfEmp"), "51"): Text '51' is set on object 'Object Repository/Portal/Portal_Loc_TextBox_MaxNumOfEmp'

2024-04-10 07:21:51 - [MESSAGE][PASSED] - Text '51' is set on object 'Object Repository/Portal/Portal_Loc_TextBox_MaxNumOfEmp'

2024-04-10 07:21:51 - [TEST_STEP][PASSED] - click(findTestObject("Object Repository/Portal/Portal_Loc_TextBox_WorkClassification")): Object: 'Object Repository/Portal/Portal_Loc_TextBox_WorkClassification' is clicked on

2024-04-10 07:21:52 - [MESSAGE][PASSED] - Object: 'Object Repository/Portal/Portal_Loc_TextBox_WorkClassification' is clicked on

2024-04-10 07:21:52 - [TEST_STEP][PASSED] - click(findTestObject("Object Repository/Portal/Portal_Loc_WorkClassification_TypeList_0005")): Object: 'Object Repository/Portal/Portal_Loc_WorkClassification_TypeList_0005' is clicked on

2024-04-10 07:21:53 - [MESSAGE][PASSED] - Object: 'Object Repository/Portal/Portal_Loc_WorkClassification_TypeList_0005' is clicked on

2024-04-10 07:21:53 - [TEST_STEP][PASSED] - setText(findTestObject("Object Repository/Portal/Portal_Loc_TextBox_TotalPayroll"), "5000"): Text '5000' is set on object 'Object Repository/Portal/Portal_Loc_TextBox_TotalPayroll'

2024-04-10 07:21:54 - [MESSAGE][PASSED] - Text '5000' is set on object 'Object Repository/Portal/Portal_Loc_TextBox_TotalPayroll'

2024-04-10 07:21:54 - [TEST_STEP][PASSED] - setText(findTestObject("Object Repository/Portal/Portal_Loc_TextBox_FullTimeEmployees"), "10"): Text '10' is set on object 'Object Repository/Portal/Portal_Loc_TextBox_FullTimeEmployees'

2024-04-10 07:21:55 - [MESSAGE][PASSED] - Text '10' is set on object 'Object Repository/Portal/Portal_Loc_TextBox_FullTimeEmployees'

2024-04-10 07:21:55 - [TEST_STEP][PASSED] - setText(findTestObject("Object Repository/Portal/Portal_Loc_TextBox_PartTimeEmployees"), "10"): Text '10' is set on object 'Object Repository/Portal/Portal_Loc_TextBox_PartTimeEmployees'

2024-04-10 07:21:56 - [MESSAGE][PASSED] - Text '10' is set on object 'Object Repository/Portal/Portal_Loc_TextBox_PartTimeEmployees'

2024-04-10 07:21:56 - [TEST_STEP][PASSED] - click(findTestObject("Object Repository/Portal/Portal_Loc_Button_Save")): Object: 'Object Repository/Portal/Portal_Loc_Button_Save' is clicked on

2024-04-10 07:21:56 - [MESSAGE][PASSED] - Object: 'Object Repository/Portal/Portal_Loc_Button_Save' is clicked on

2024-04-10 07:21:56 - [TEST_STEP][PASSED] - takeFullPageScreenshot(): Taking screenshot successfully

2024-04-10 07:21:57 - [MESSAGE][INFO] - 0 hidden object(s)

2024-04-10 07:21:57 - [MESSAGE][PASSED] - Taking screenshot successfully
[[ATTACHMENT|C:\\Users\\LellKir\\git\\HMIC-Portal\\HMIC-Portal\\HMIC-Portal\\HMIC-Portal\\HMIC-Portal\\HMIC-Portal\\Reports\\20240410_070624\\AgencyPortal_SmokeTest_WC\\20240410_070624\\1712748116780.png]]

2024-04-10 07:21:57 - [TEST_STEP][PASSED] - click(findTestObject("Object Repository/Portal/Portal_Common_Button_NextStateCov")): Object: 'Object Repository/Portal/Portal_Common_Button_NextStateCov' is clicked on

2024-04-10 07:21:57 - [MESSAGE][PASSED] - Object: 'Object Repository/Portal/Portal_Common_Button_NextStateCov' is clicked on

2024-04-10 07:21:57 - [TEST_STEP][PASSED] - waitForElementHasAttribute(findTestObject("Object Repository/Portal/Portal_Cov_Header_Coverages"), "Step 4: Coverages", 10): Object 'Object Repository/Portal/Portal_Cov_Header_Coverages' does not have attribute 'Step 4: Coverages'

2024-04-10 07:22:10 - [MESSAGE][WARNING] - Object 'Object Repository/Portal/Portal_Cov_Header_Coverages' does not have attribute 'Step 4: Coverages'

2024-04-10 07:22:10 - [TEST_STEP][PASSED] - verifyElementText(findTestObject("Object Repository/Portal/Portal_Cov_Header_Coverages"), "Step 4: Coverages"): Actual text and expected text of test object 'Object Repository/Portal/Portal_Cov_Header_Coverages' are matched.

2024-04-10 07:22:10 - [MESSAGE][PASSED] - Actual text and expected text of test object 'Object Repository/Portal/Portal_Cov_Header_Coverages' are matched.

2024-04-10 07:22:10 - [TEST_STEP][PASSED] - click(findTestObject("Portal/Portal_StateCov_Chkbox_ExpRating")): Object: 'Object Repository/Portal/Portal_StateCov_Chkbox_ExpRating' is clicked on

2024-04-10 07:22:11 - [MESSAGE][PASSED] - Object: 'Object Repository/Portal/Portal_StateCov_Chkbox_ExpRating' is clicked on

2024-04-10 07:22:11 - [TEST_STEP][PASSED] - setText(findTestObject("Portal/Portal_StateCov_input_ExpRating"), "10"): Text '10' is set on object 'Object Repository/Portal/Portal_StateCov_input_ExpRating'

2024-04-10 07:22:13 - [MESSAGE][PASSED] - Text '10' is set on object 'Object Repository/Portal/Portal_StateCov_input_ExpRating'

2024-04-10 07:22:13 - [TEST_STEP][PASSED] - click(findTestObject("Portal/Portal_StateCov_Checkbox_ContractingClassAdj")): Object: 'Object Repository/Portal/Portal_StateCov_Checkbox_ContractingClassAdj' is clicked on

2024-04-10 07:22:13 - [MESSAGE][PASSED] - Object: 'Object Repository/Portal/Portal_StateCov_Checkbox_ContractingClassAdj' is clicked on

2024-04-10 07:22:13 - [TEST_STEP][PASSED] - click(findTestObject("Portal/Portal_StateCov_TypeList_ContractingClassAdj")): Object: 'Object Repository/Portal/Portal_StateCov_TypeList_ContractingClassAdj' is clicked on

2024-04-10 07:22:15 - [MESSAGE][PASSED] - Object: 'Object Repository/Portal/Portal_StateCov_TypeList_ContractingClassAdj' is clicked on

2024-04-10 07:22:15 - [TEST_STEP][PASSED] - click(findTestObject("Portal/Portal_StateCov_Select_Credit_5_ContractingClassAdj")): Object: 'Object Repository/Portal/Portal_StateCov_Select_Credit_5_ContractingClassAdj' is clicked on

2024-04-10 07:22:15 - [MESSAGE][PASSED] - Object: 'Object Repository/Portal/Portal_StateCov_Select_Credit_5_ContractingClassAdj' is clicked on

2024-04-10 07:22:15 - [TEST_STEP][PASSED] - click(findTestObject("Object Repository/Portal/Portal_StateCov_Button_NextLineCov")): Object: 'Object Repository/Portal/Portal_StateCov_Button_NextLineCov' is clicked on

2024-04-10 07:22:17 - [MESSAGE][PASSED] - Object: 'Object Repository/Portal/Portal_StateCov_Button_NextLineCov' is clicked on

2024-04-10 07:22:17 - [TEST_STEP][PASSED] - click(findTestObject("Object Repository/Portal/Portal_LineCov_button_NextSupplementalQues")): Object: 'Object Repository/Portal/Portal_LineCov_button_NextSupplementalQues' is clicked on

2024-04-10 07:22:19 - [MESSAGE][PASSED] - Object: 'Object Repository/Portal/Portal_LineCov_button_NextSupplementalQues' is clicked on

2024-04-10 07:22:19 - [TEST_STEP][PASSED] - click(findTestObject("Object Repository/Portal/Portal_Supplemental_CheckBox_IhaveReviewed")): Object: 'Object Repository/Portal/Portal_Supplemental_CheckBox_IhaveReviewed' is clicked on

2024-04-10 07:22:21 - [MESSAGE][PASSED] - Object: 'Object Repository/Portal/Portal_Supplemental_CheckBox_IhaveReviewed' is clicked on

2024-04-10 07:22:21 - [TEST_STEP][PASSED] - takeFullPageScreenshot(): Taking screenshot successfully

2024-04-10 07:22:22 - [MESSAGE][INFO] - 0 hidden object(s)

2024-04-10 07:22:23 - [MESSAGE][PASSED] - Taking screenshot successfully
[[ATTACHMENT|C:\\Users\\LellKir\\git\\HMIC-Portal\\HMIC-Portal\\HMIC-Portal\\HMIC-Portal\\HMIC-Portal\\HMIC-Portal\\Reports\\20240410_070624\\AgencyPortal_SmokeTest_WC\\20240410_070624\\1712748141506.png]]

2024-04-10 07:22:23 - [TEST_STEP][PASSED] - click(findTestObject("Object Repository/Portal/Portal_Common_Button_NextQuote")): Object: 'Object Repository/Portal/Portal_Common_Button_NextQuote' is clicked on

2024-04-10 07:22:23 - [MESSAGE][PASSED] - Object: 'Object Repository/Portal/Portal_Common_Button_NextQuote' is clicked on

2024-04-10 07:22:23 - [TEST_STEP][PASSED] - waitForElementHasAttribute(findTestObject("Object Repository/Portal/Portal_Quote_Header_Quote"), "Step 6: Quote", 10): Object 'Object Repository/Portal/Portal_Quote_Header_Quote' does not have attribute 'Step 6: Quote'

2024-04-10 07:22:44 - [MESSAGE][WARNING] - Object 'Object Repository/Portal/Portal_Quote_Header_Quote' does not have attribute 'Step 6: Quote'

2024-04-10 07:22:44 - [TEST_STEP][PASSED] - verifyElementText(findTestObject("Object Repository/Portal/Portal_Quote_Header_Quote"), "Step 6: Quote"): Actual text and expected text of test object 'Object Repository/Portal/Portal_Quote_Header_Quote' are matched.

2024-04-10 07:22:44 - [MESSAGE][PASSED] - Actual text and expected text of test object 'Object Repository/Portal/Portal_Quote_Header_Quote' are matched.

2024-04-10 07:22:44 - [TEST_STEP][PASSED] - verifyElementPresent(findTestObject("Object Repository/Portal/Portal_Quote_Label_SubmissionNum"), 30): Object 'Object Repository/Portal/Portal_Quote_Label_SubmissionNum' is present

2024-04-10 07:22:44 - [MESSAGE][PASSED] - Object 'Object Repository/Portal/Portal_Quote_Label_SubmissionNum' is present

2024-04-10 07:22:44 - [TEST_STEP][PASSED] - SubmissionNumber = getText(findTestObject("Object Repository/Portal/Portal_Quote_Label_SubmissionNum")): Text of object 'Object Repository/Portal/Portal_Quote_Label_SubmissionNum' is: 'Quote No. 0038772240'

2024-04-10 07:22:45 - [MESSAGE][PASSED] - Text of object 'Object Repository/Portal/Portal_Quote_Label_SubmissionNum' is: 'Quote No. 0038772240'

2024-04-10 07:22:45 - [TEST_STEP][PASSED] - takeFullPageScreenshot(): Taking screenshot successfully

2024-04-10 07:22:46 - [MESSAGE][INFO] - 0 hidden object(s)

2024-04-10 07:22:46 - [MESSAGE][PASSED] - Taking screenshot successfully
[[ATTACHMENT|C:\\Users\\LellKir\\git\\HMIC-Portal\\HMIC-Portal\\HMIC-Portal\\HMIC-Portal\\HMIC-Portal\\HMIC-Portal\\Reports\\20240410_070624\\AgencyPortal_SmokeTest_WC\\20240410_070624\\1712748165354.png]]

2024-04-10 07:22:46 - [TEST_STEP][PASSED] - click(findTestObject("Portal/Portal_Quote_Button_NextAdditionalInfo")): Object: 'Object Repository/Portal/Portal_Quote_Button_NextAdditionalInfo' is clicked on

2024-04-10 07:22:47 - [MESSAGE][PASSED] - Object: 'Object Repository/Portal/Portal_Quote_Button_NextAdditionalInfo' is clicked on

2024-04-10 07:22:47 - [TEST_STEP][PASSED] - waitForElementHasAttribute(findTestObject("Portal/Portal_Common_Label_Header"), "Step 7: Additional Info", 10): Object 'Object Repository/Portal/Portal_Common_Label_Header' does not have attribute 'Step 7: Additional Info'

2024-04-10 07:23:00 - [MESSAGE][WARNING] - Object 'Object Repository/Portal/Portal_Common_Label_Header' does not have attribute 'Step 7: Additional Info'

2024-04-10 07:23:00 - [TEST_STEP][PASSED] - verifyElementText(findTestObject("Portal/Portal_Common_Label_Header"), "Step 7: Additional Info"): Actual text and expected text of test object 'Object Repository/Portal/Portal_Common_Label_Header' are matched.

2024-04-10 07:23:00 - [MESSAGE][PASSED] - Actual text and expected text of test object 'Object Repository/Portal/Portal_Common_Label_Header' are matched.

2024-04-10 07:23:00 - [TEST_STEP][PASSED] - setText(findTestObject("Portal/Portal_AddInfo_TextArea_DescriptionOfOp"), "Individual"): Text 'Individual' is set on object 'Object Repository/Portal/Portal_AddInfo_TextArea_DescriptionOfOp'

2024-04-10 07:23:01 - [MESSAGE][PASSED] - Text 'Individual' is set on object 'Object Repository/Portal/Portal_AddInfo_TextArea_DescriptionOfOp'

2024-04-10 07:23:01 - [TEST_STEP][PASSED] - setText(findTestObject("Portal/Portal_AccAndInsCont_TextBox_FirstName"), "AccAndIns_FirstName"): Text 'AccAndIns_FirstName' is set on object 'Object Repository/Portal/Portal_AccAndInsCont_TextBox_FirstName'

2024-04-10 07:23:02 - [MESSAGE][PASSED] - Text 'AccAndIns_FirstName' is set on object 'Object Repository/Portal/Portal_AccAndInsCont_TextBox_FirstName'

2024-04-10 07:23:02 - [TEST_STEP][PASSED] - setText(findTestObject("Portal/Portal_AccAndInsCont_TextBox_LastName"), "LastName" + RandomStringUtils.randomAlphabetic(5)): Text 'LastNameIyhsW' is set on object 'Object Repository/Portal/Portal_AccAndInsCont_TextBox_LastName'

2024-04-10 07:23:03 - [MESSAGE][PASSED] - Text 'LastNameIyhsW' is set on object 'Object Repository/Portal/Portal_AccAndInsCont_TextBox_LastName'

2024-04-10 07:23:03 - [TEST_STEP][PASSED] - sendKeys(findTestObject("Portal/Portal_AccAndIns_TextBox_PhoneNum"), Keys.chord("8567123411")): Keys '8567123411' sent to object: 'Object Repository/Portal/Portal_AccAndIns_TextBox_PhoneNum'

2024-04-10 07:23:04 - [MESSAGE][PASSED] - Keys '8567123411' sent to object: 'Object Repository/Portal/Portal_AccAndIns_TextBox_PhoneNum'

2024-04-10 07:23:04 - [TEST_STEP][PASSED] - click(findTestObject("Portal/Portal_Common_Button_Save")): Object: 'Object Repository/Portal/Portal_Common_Button_Save' is clicked on

2024-04-10 07:23:04 - [MESSAGE][PASSED] - Object: 'Object Repository/Portal/Portal_Common_Button_Save' is clicked on

2024-04-10 07:23:04 - [TEST_STEP][PASSED] - setText(findTestObject("Portal/Portal_AccInfo_TextBox_FirstName"), "Test"): Text 'Test' is set on object 'Object Repository/Portal/Portal_AccInfo_TextBox_FirstName'

2024-04-10 07:23:05 - [MESSAGE][PASSED] - Text 'Test' is set on object 'Object Repository/Portal/Portal_AccInfo_TextBox_FirstName'

2024-04-10 07:23:05 - [TEST_STEP][PASSED] - setText(findTestObject("Portal/Portal_AccInfo_TextBox_LastName"), "Person"): Text 'Person' is set on object 'Object Repository/Portal/Portal_AccInfo_TextBox_LastName'

2024-04-10 07:23:06 - [MESSAGE][PASSED] - Text 'Person' is set on object 'Object Repository/Portal/Portal_AccInfo_TextBox_LastName'

2024-04-10 07:23:06 - [TEST_STEP][PASSED] - setText(findTestObject("Portal/Portal_FirstCall_TextBox_EmailAddress"), "ssomasundaram@hastingsmutual.com"): Text 'ssomasundaram@hastingsmutual.com' is set on object 'Object Repository/Portal/Portal_FirstCall_TextBox_EmailAddress'

2024-04-10 07:23:07 - [MESSAGE][PASSED] - Text 'ssomasundaram@hastingsmutual.com' is set on object 'Object Repository/Portal/Portal_FirstCall_TextBox_EmailAddress'

2024-04-10 07:23:07 - [TEST_STEP][PASSED] - setText(findTestObject("Portal/Portal_AdditionalInfo_input_WI_BureauID"), "912275645"): Text '912275645' is set on object 'Object Repository/Portal/Portal_AdditionalInfo_input_WI_BureauID'

2024-04-10 07:23:08 - [MESSAGE][PASSED] - Text '912275645' is set on object 'Object Repository/Portal/Portal_AdditionalInfo_input_WI_BureauID'

2024-04-10 07:23:08 - [TEST_STEP][PASSED] - takeFullPageScreenshot(): Taking screenshot successfully

2024-04-10 07:23:09 - [MESSAGE][INFO] - 0 hidden object(s)

2024-04-10 07:23:10 - [MESSAGE][PASSED] - Taking screenshot successfully
[[ATTACHMENT|C:\\Users\\LellKir\\git\\HMIC-Portal\\HMIC-Portal\\HMIC-Portal\\HMIC-Portal\\HMIC-Portal\\HMIC-Portal\\Reports\\20240410_070624\\AgencyPortal_SmokeTest_WC\\20240410_070624\\1712748188710.png]]

2024-04-10 07:23:10 - [TEST_STEP][PASSED] - click(findTestObject("Portal/Portal_Common_Button_NextReview")): Object: 'Object Repository/Portal/Portal_Common_Button_NextReview' is clicked on

2024-04-10 07:23:10 - [MESSAGE][PASSED] - Object: 'Object Repository/Portal/Portal_Common_Button_NextReview' is clicked on

2024-04-10 07:23:10 - [TEST_STEP][PASSED] - waitForElementHasAttribute(findTestObject("Portal/Portal_Common_Label_Header"), "Step 8: Review", 10): Object 'Object Repository/Portal/Portal_Common_Label_Header' does not have attribute 'Step 8: Review'

2024-04-10 07:23:28 - [MESSAGE][WARNING] - Object 'Object Repository/Portal/Portal_Common_Label_Header' does not have attribute 'Step 8: Review'

2024-04-10 07:23:28 - [TEST_STEP][PASSED] - verifyElementText(findTestObject("Portal/Portal_Common_Label_Header"), "Step 8: Review"): Actual text and expected text of test object 'Object Repository/Portal/Portal_Common_Label_Header' are matched.

2024-04-10 07:23:28 - [MESSAGE][PASSED] - Actual text and expected text of test object 'Object Repository/Portal/Portal_Common_Label_Header' are matched.

2024-04-10 07:23:28 - [TEST_STEP][PASSED] - comment("User should be able to quote the submission in Portal"): User should be able to quote the submission in Portal

2024-04-10 07:23:28 - [MESSAGE][INFO] - User should be able to quote the submission in Portal

2024-04-10 07:23:28 - [TEST_STEP][PASSED] - SubmissionNumber = SubmissionNumber: null

2024-04-10 07:23:28 - [TEST_STEP][PASSED] - takeFullPageScreenshot(): Taking screenshot successfully

2024-04-10 07:23:29 - [MESSAGE][INFO] - 0 hidden object(s)

2024-04-10 07:23:30 - [MESSAGE][PASSED] - Taking screenshot successfully
[[ATTACHMENT|C:\\Users\\LellKir\\git\\HMIC-Portal\\HMIC-Portal\\HMIC-Portal\\HMIC-Portal\\HMIC-Portal\\HMIC-Portal\\Reports\\20240410_070624\\AgencyPortal_SmokeTest_WC\\20240410_070624\\1712748208921.png]]

2024-04-10 07:23:30 - [TEST_STEP][PASSED] - comment("Login to PC and approve UW issues"): Login to PC and approve UW issues

2024-04-10 07:23:30 - [MESSAGE][INFO] - Login to PC and approve UW issues

2024-04-10 07:23:30 - [TEST_STEP][PASSED] - callTestCase(findTestCase("PolicyCenter_Pages/PC_CommonScreens/PC_Login"), ["PC_Username":PC_Username, "PC_Password":PC_Password], STOP_ON_FAILURE): Call Test Case 'Test Cases/PolicyCenter_Pages/PC_CommonScreens/PC_Login' successfully

2024-04-10 07:23:30 - [TEST_CASE][PASSED] - Test Cases/PolicyCenter_Pages/PC_CommonScreens/PC_Login: Test Cases/PolicyCenter_Pages/PC_CommonScreens/PC_Login

2024-04-10 07:23:30 - [TEST_STEP][PASSED] - openBrowser(""): Browser is opened with url: ''

2024-04-10 07:23:30 - [MESSAGE][WARNING] - A browser is already opened. Closing browser and opening a new one

2024-04-10 07:23:31 - [MESSAGE][INFO] - Starting 'Chrome' driver

2024-04-10 07:23:31 - [MESSAGE][INFO] - Action delay is set to 0 milliseconds

2024-04-10 07:23:32 - [MESSAGE][PASSED] - Browser is opened with url: ''

2024-04-10 07:23:32 - [TEST_STEP][PASSED] - deleteAllCookies(): Delete all cookies successfully

2024-04-10 07:23:32 - [MESSAGE][PASSED] - Delete all cookies successfully

2024-04-10 07:23:32 - [TEST_STEP][PASSED] - maximizeWindow(): Current window maximized

2024-04-10 07:23:32 - [MESSAGE][PASSED] - Current window maximized

2024-04-10 07:23:32 - [TEST_STEP][PASSED] - takeFullPageScreenshot(): Taking screenshot successfully

2024-04-10 07:23:33 - [MESSAGE][INFO] - 0 hidden object(s)

2024-04-10 07:23:33 - [MESSAGE][PASSED] - Taking screenshot successfully
[[ATTACHMENT|C:\\Users\\LellKir\\git\\HMIC-Portal\\HMIC-Portal\\HMIC-Portal\\HMIC-Portal\\HMIC-Portal\\HMIC-Portal\\Reports\\20240410_070624\\AgencyPortal_SmokeTest_WC\\20240410_070624\\1712748212997.png]]

2024-04-10 07:23:33 - [TEST_STEP][PASSED] - navigateToUrl(URL): Navigate to 'https://qaservices.hastingsmutual.com/Authentication/Login?ReturnUrl=https://policycenter.qa1.hastingsmutual.com/pc/service/ssosaml' successfully

2024-04-10 07:23:34 - [MESSAGE][PASSED] - Navigate to 'https://qaservices.hastingsmutual.com/Authentication/Login?ReturnUrl=https://policycenter.qa1.hastingsmutual.com/pc/service/ssosaml' successfully

2024-04-10 07:23:34 - [TEST_STEP][PASSED] - takeFullPageScreenshot(): Taking screenshot successfully

2024-04-10 07:23:34 - [MESSAGE][INFO] - 0 hidden object(s)

2024-04-10 07:23:35 - [MESSAGE][PASSED] - Taking screenshot successfully
[[ATTACHMENT|C:\\Users\\LellKir\\git\\HMIC-Portal\\HMIC-Portal\\HMIC-Portal\\HMIC-Portal\\HMIC-Portal\\HMIC-Portal\\Reports\\20240410_070624\\AgencyPortal_SmokeTest_WC\\20240410_070624\\1712748214476.png]]

2024-04-10 07:23:35 - [TEST_STEP][PASSED] - click(findTestObject("Object Repository/PolicyCenter_Login/div_PC_Login_Link_ClickHereToLogin"), OPTIONAL): Unable to click on object 'Object Repository/PolicyCenter_Login/div_PC_Login_Link_ClickHereToLogin' (Root cause: com.kms.katalon.core.exception.StepFailedException: Unable to click on object 'Object Repository/PolicyCenter_Login/div_PC_Login_Link_ClickHereToLogin'
	at com.kms.katalon.core.webui.keyword.internal.WebUIKeywordMain.stepFailed(WebUIKeywordMain.groovy:64)
	at com.kms.katalon.core.webui.keyword.internal.WebUIKeywordMain.runKeyword(WebUIKeywordMain.groovy:26)
	at com.kms.katalon.core.webui.keyword.builtin.ClickKeyword.click(ClickKeyword.groovy:74)
	at com.kms.katalon.core.webui.keyword.builtin.ClickKeyword.execute(ClickKeyword.groovy:40)
	at com.kms.katalon.core.keyword.internal.KeywordExecutor.executeKeywordForPlatform(KeywordExecutor.groovy:74)
	at com.kms.katalon.core.webui.keyword.WebUiBuiltInKeywords.click(WebUiBuiltInKeywords.groovy:608)
	at com.kms.katalon.core.webui.keyword.WebUiBuiltInKeywords$click$5.call(Unknown Source)
	at PC_Login.run(PC_Login:32)
	at com.kms.katalon.core.main.ScriptEngine.run(ScriptEngine.java:194)
	at com.kms.katalon.core.main.ScriptEngine.runScriptAsRawText(ScriptEngine.java:119)
	at com.kms.katalon.core.main.TestCaseExecutor.runScript(TestCaseExecutor.java:448)
	at com.kms.katalon.core.main.TestCaseExecutor.doExecute(TestCaseExecutor.java:439)
	at com.kms.katalon.core.main.TestCaseExecutor.processExecutionPhase(TestCaseExecutor.java:418)
	at com.kms.katalon.core.main.TestCaseExecutor.accessMainPhase(TestCaseExecutor.java:410)
	at com.kms.katalon.core.main.TestCaseExecutor.execute(TestCaseExecutor.java:285)
	at com.kms.katalon.core.main.TestCaseMain.runTestCase(TestCaseMain.java:144)
	at com.kms.katalon.core.keyword.builtin.CallTestCaseKeyword$_callTestCase_closure1.doCall(CallTestCaseKeyword.groovy:59)
	at com.kms.katalon.core.keyword.builtin.CallTestCaseKeyword$_callTestCase_closure1.call(CallTestCaseKeyword.groovy)
	at com.kms.katalon.core.keyword.internal.KeywordMain.runKeyword(KeywordMain.groovy:75)
	at com.kms.katalon.core.keyword.builtin.CallTestCaseKeyword.callTestCase(CallTestCaseKeyword.groovy:81)
	at com.kms.katalon.core.keyword.builtin.CallTestCaseKeyword.execute(CallTestCaseKeyword.groovy:44)
	at com.kms.katalon.core.keyword.internal.KeywordExecutor.executeKeywordForPlatform(KeywordExecutor.groovy:74)
	at com.kms.katalon.core.keyword.BuiltinKeywords.callTestCase(BuiltinKeywords.groovy:310)
	at Portal_SmokeTest_WIState.run(Portal_SmokeTest_WIState:212)
	at com.kms.katalon.core.main.ScriptEngine.run(ScriptEngine.java:194)
	at com.kms.katalon.core.main.ScriptEngine.runScriptAsRawText(ScriptEngine.java:119)
	at com.kms.katalon.core.main.TestCaseExecutor.runScript(TestCaseExecutor.java:448)
	at com.kms.katalon.core.main.TestCaseExecutor.doExecute(TestCaseExecutor.java:439)
	at com.kms.katalon.core.main.TestCaseExecutor.processExecutionPhase(TestCaseExecutor.java:418)
	at com.kms.katalon.core.main.TestCaseExecutor.accessMainPhase(TestCaseExecutor.java:410)
	at com.kms.katalon.core.main.TestCaseExecutor.execute(TestCaseExecutor.java:285)
	at com.kms.katalon.core.common.CommonExecutor.accessTestCaseMainPhase(CommonExecutor.java:65)
	at com.kms.katalon.core.main.TestSuiteExecutor.accessTestSuiteMainPhase(TestSuiteExecutor.java:148)
	at com.kms.katalon.core.main.TestSuiteExecutor.execute(TestSuiteExecutor.java:106)
	at com.kms.katalon.core.main.TestCaseMain.startTestSuite(TestCaseMain.java:187)
	at com.kms.katalon.core.main.TestCaseMain$startTestSuite$0.call(Unknown Source)
	at TempTestSuite1712747184320.run(TempTestSuite1712747184320.groovy:36)
Caused by: com.kms.katalon.core.webui.exception.WebElementNotFoundException: Web element with id: 'Object Repository/PolicyCenter_Login/div_PC_Login_Link_ClickHereToLogin' located by '//div[contains(@id,'LoginDetailsInputSet-LoginLink')]' not found
	at com.kms.katalon.core.webui.common.WebUiCommonHelper.findWebElement(WebUiCommonHelper.java:1381)
	at com.kms.katalon.core.webui.keyword.internal.WebUIAbstractKeyword.findWebElement(WebUIAbstractKeyword.groovy:27)
	at com.kms.katalon.core.webui.keyword.builtin.ClickKeyword$_click_closure1.doCall(ClickKeyword.groovy:65)
	at com.kms.katalon.core.webui.keyword.builtin.ClickKeyword$_click_closure1.call(ClickKeyword.groovy)
	at com.kms.katalon.core.webui.keyword.internal.WebUIKeywordMain.runKeyword(WebUIKeywordMain.groovy:20)
	at com.kms.katalon.core.webui.keyword.builtin.ClickKeyword.click(ClickKeyword.groovy:74)
	at com.kms.katalon.core.webui.keyword.builtin.ClickKeyword.execute(ClickKeyword.groovy:40)
	at com.kms.katalon.core.keyword.internal.KeywordExecutor.executeKeywordForPlatform(KeywordExecutor.groovy:74)
	at com.kms.katalon.core.webui.keyword.WebUiBuiltInKeywords.click(WebUiBuiltInKeywords.groovy:608)
	at com.kms.katalon.core.webui.keyword.WebUiBuiltInKeywords$click$5.call(Unknown Source)
	at Script1683558651933.run(Script1683558651933.groovy:32)
	at com.kms.katalon.core.main.ScriptEngine.run(ScriptEngine.java:194)
	at com.kms.katalon.core.main.ScriptEngine.runScriptAsRawText(ScriptEngine.java:119)
	at com.kms.katalon.core.main.TestCaseExecutor.runScript(TestCaseExecutor.java:448)
	at com.kms.katalon.core.main.TestCaseExecutor.doExecute(TestCaseExecutor.java:439)
	at com.kms.katalon.core.main.TestCaseExecutor.processExecutionPhase(TestCaseExecutor.java:418)
	at com.kms.katalon.core.main.TestCaseExecutor.accessMainPhase(TestCaseExecutor.java:410)
	at com.kms.katalon.core.main.TestCaseExecutor.execute(TestCaseExecutor.java:285)
	at com.kms.katalon.core.main.TestCaseMain.runTestCase(TestCaseMain.java:144)
	at com.kms.katalon.core.keyword.builtin.CallTestCaseKeyword$_callTestCase_closure1.doCall(CallTestCaseKeyword.groovy:59)
	at com.kms.katalon.core.keyword.builtin.CallTestCaseKeyword$_callTestCase_closure1.call(CallTestCaseKeyword.groovy)
	at com.kms.katalon.core.keyword.internal.KeywordMain.runKeyword(KeywordMain.groovy:75)
	at com.kms.katalon.core.keyword.builtin.CallTestCaseKeyword.callTestCase(CallTestCaseKeyword.groovy:81)
	at com.kms.katalon.core.keyword.builtin.CallTestCaseKeyword.execute(CallTestCaseKeyword.groovy:44)
	at com.kms.katalon.core.keyword.internal.KeywordExecutor.executeKeywordForPlatform(KeywordExecutor.groovy:74)
	at com.kms.katalon.core.keyword.BuiltinKeywords.callTestCase(BuiltinKeywords.groovy:310)
	at Script1689938677126.run(Script1689938677126.groovy:212)
	... 13 more
)

2024-04-10 07:24:06 - [MESSAGE][INFO] - Unable to find the element located by 'By.xpath: //div[contains(@id,'LoginDetailsInputSet-LoginLink')]'. Please recheck the objects properties to make sure the desired element is located. 

2024-04-10 07:24:06 - [MESSAGE][WARNING] - [SELF-HEALING] Failed to find element with id 'Object Repository/PolicyCenter_Login/div_PC_Login_Link_ClickHereToLogin'. Try using Self-healing.

2024-04-10 07:24:07 - [MESSAGE][INFO] - [SELF-HEALING] No working XPath is found.

2024-04-10 07:24:08 - [MESSAGE][INFO] - Unable to find the element located by 'By.xpath: '. Please recheck the objects properties to make sure the desired element is located. 

2024-04-10 07:24:08 - [MESSAGE][WARNING] - [SELF-HEALING] Cannot find elements when the selector is null

2024-04-10 07:24:08 - [MESSAGE][WARNING] - Unable to click on object 'Object Repository/PolicyCenter_Login/div_PC_Login_Link_ClickHereToLogin' (Root cause: com.kms.katalon.core.exception.StepFailedException: Unable to click on object 'Object Repository/PolicyCenter_Login/div_PC_Login_Link_ClickHereToLogin'
	at com.kms.katalon.core.webui.keyword.internal.WebUIKeywordMain.stepFailed(WebUIKeywordMain.groovy:64)
	at com.kms.katalon.core.webui.keyword.internal.WebUIKeywordMain.runKeyword(WebUIKeywordMain.groovy:26)
	at com.kms.katalon.core.webui.keyword.builtin.ClickKeyword.click(ClickKeyword.groovy:74)
	at com.kms.katalon.core.webui.keyword.builtin.ClickKeyword.execute(ClickKeyword.groovy:40)
	at com.kms.katalon.core.keyword.internal.KeywordExecutor.executeKeywordForPlatform(KeywordExecutor.groovy:74)
	at com.kms.katalon.core.webui.keyword.WebUiBuiltInKeywords.click(WebUiBuiltInKeywords.groovy:608)
	at com.kms.katalon.core.webui.keyword.WebUiBuiltInKeywords$click$5.call(Unknown Source)
	at PC_Login.run(PC_Login:32)
	at com.kms.katalon.core.main.ScriptEngine.run(ScriptEngine.java:194)
	at com.kms.katalon.core.main.ScriptEngine.runScriptAsRawText(ScriptEngine.java:119)
	at com.kms.katalon.core.main.TestCaseExecutor.runScript(TestCaseExecutor.java:448)
	at com.kms.katalon.core.main.TestCaseExecutor.doExecute(TestCaseExecutor.java:439)
	at com.kms.katalon.core.main.TestCaseExecutor.processExecutionPhase(TestCaseExecutor.java:418)
	at com.kms.katalon.core.main.TestCaseExecutor.accessMainPhase(TestCaseExecutor.java:410)
	at com.kms.katalon.core.main.TestCaseExecutor.execute(TestCaseExecutor.java:285)
	at com.kms.katalon.core.main.TestCaseMain.runTestCase(TestCaseMain.java:144)
	at com.kms.katalon.core.keyword.builtin.CallTestCaseKeyword$_callTestCase_closure1.doCall(CallTestCaseKeyword.groovy:59)
	at com.kms.katalon.core.keyword.builtin.CallTestCaseKeyword$_callTestCase_closure1.call(CallTestCaseKeyword.groovy)
	at com.kms.katalon.core.keyword.internal.KeywordMain.runKeyword(KeywordMain.groovy:75)
	at com.kms.katalon.core.keyword.builtin.CallTestCaseKeyword.callTestCase(CallTestCaseKeyword.groovy:81)
	at com.kms.katalon.core.keyword.builtin.CallTestCaseKeyword.execute(CallTestCaseKeyword.groovy:44)
	at com.kms.katalon.core.keyword.internal.KeywordExecutor.executeKeywordForPlatform(KeywordExecutor.groovy:74)
	at com.kms.katalon.core.keyword.BuiltinKeywords.callTestCase(BuiltinKeywords.groovy:310)
	at Portal_SmokeTest_WIState.run(Portal_SmokeTest_WIState:212)
	at com.kms.katalon.core.main.ScriptEngine.run(ScriptEngine.java:194)
	at com.kms.katalon.core.main.ScriptEngine.runScriptAsRawText(ScriptEngine.java:119)
	at com.kms.katalon.core.main.TestCaseExecutor.runScript(TestCaseExecutor.java:448)
	at com.kms.katalon.core.main.TestCaseExecutor.doExecute(TestCaseExecutor.java:439)
	at com.kms.katalon.core.main.TestCaseExecutor.processExecutionPhase(TestCaseExecutor.java:418)
	at com.kms.katalon.core.main.TestCaseExecutor.accessMainPhase(TestCaseExecutor.java:410)
	at com.kms.katalon.core.main.TestCaseExecutor.execute(TestCaseExecutor.java:285)
	at com.kms.katalon.core.common.CommonExecutor.accessTestCaseMainPhase(CommonExecutor.java:65)
	at com.kms.katalon.core.main.TestSuiteExecutor.accessTestSuiteMainPhase(TestSuiteExecutor.java:148)
	at com.kms.katalon.core.main.TestSuiteExecutor.execute(TestSuiteExecutor.java:106)
	at com.kms.katalon.core.main.TestCaseMain.startTestSuite(TestCaseMain.java:187)
	at com.kms.katalon.core.main.TestCaseMain$startTestSuite$0.call(Unknown Source)
	at TempTestSuite1712747184320.run(TempTestSuite1712747184320.groovy:36)
Caused by: com.kms.katalon.core.webui.exception.WebElementNotFoundException: Web element with id: 'Object Repository/PolicyCenter_Login/div_PC_Login_Link_ClickHereToLogin' located by '//div[contains(@id,'LoginDetailsInputSet-LoginLink')]' not found
	at com.kms.katalon.core.webui.common.WebUiCommonHelper.findWebElement(WebUiCommonHelper.java:1381)
	at com.kms.katalon.core.webui.keyword.internal.WebUIAbstractKeyword.findWebElement(WebUIAbstractKeyword.groovy:27)
	at com.kms.katalon.core.webui.keyword.builtin.ClickKeyword$_click_closure1.doCall(ClickKeyword.groovy:65)
	at com.kms.katalon.core.webui.keyword.builtin.ClickKeyword$_click_closure1.call(ClickKeyword.groovy)
	at com.kms.katalon.core.webui.keyword.internal.WebUIKeywordMain.runKeyword(WebUIKeywordMain.groovy:20)
	at com.kms.katalon.core.webui.keyword.builtin.ClickKeyword.click(ClickKeyword.groovy:74)
	at com.kms.katalon.core.webui.keyword.builtin.ClickKeyword.execute(ClickKeyword.groovy:40)
	at com.kms.katalon.core.keyword.internal.KeywordExecutor.executeKeywordForPlatform(KeywordExecutor.groovy:74)
	at com.kms.katalon.core.webui.keyword.WebUiBuiltInKeywords.click(WebUiBuiltInKeywords.groovy:608)
	at com.kms.katalon.core.webui.keyword.WebUiBuiltInKeywords$click$5.call(Unknown Source)
	at Script1683558651933.run(Script1683558651933.groovy:32)
	at com.kms.katalon.core.main.ScriptEngine.run(ScriptEngine.java:194)
	at com.kms.katalon.core.main.ScriptEngine.runScriptAsRawText(ScriptEngine.java:119)
	at com.kms.katalon.core.main.TestCaseExecutor.runScript(TestCaseExecutor.java:448)
	at com.kms.katalon.core.main.TestCaseExecutor.doExecute(TestCaseExecutor.java:439)
	at com.kms.katalon.core.main.TestCaseExecutor.processExecutionPhase(TestCaseExecutor.java:418)
	at com.kms.katalon.core.main.TestCaseExecutor.accessMainPhase(TestCaseExecutor.java:410)
	at com.kms.katalon.core.main.TestCaseExecutor.execute(TestCaseExecutor.java:285)
	at com.kms.katalon.core.main.TestCaseMain.runTestCase(TestCaseMain.java:144)
	at com.kms.katalon.core.keyword.builtin.CallTestCaseKeyword$_callTestCase_closure1.doCall(CallTestCaseKeyword.groovy:59)
	at com.kms.katalon.core.keyword.builtin.CallTestCaseKeyword$_callTestCase_closure1.call(CallTestCaseKeyword.groovy)
	at com.kms.katalon.core.keyword.internal.KeywordMain.runKeyword(KeywordMain.groovy:75)
	at com.kms.katalon.core.keyword.builtin.CallTestCaseKeyword.callTestCase(CallTestCaseKeyword.groovy:81)
	at com.kms.katalon.core.keyword.builtin.CallTestCaseKeyword.execute(CallTestCaseKeyword.groovy:44)
	at com.kms.katalon.core.keyword.internal.KeywordExecutor.executeKeywordForPlatform(KeywordExecutor.groovy:74)
	at com.kms.katalon.core.keyword.BuiltinKeywords.callTestCase(BuiltinKeywords.groovy:310)
	at Script1689938677126.run(Script1689938677126.groovy:212)
	... 13 more
)
[[ATTACHMENT|C:\\Users\\LellKir\\git\\HMIC-Portal\\HMIC-Portal\\HMIC-Portal\\HMIC-Portal\\HMIC-Portal\\HMIC-Portal\\Reports\\20240410_070624\\AgencyPortal_SmokeTest_WC\\20240410_070624\\1712748248598.png]]

2024-04-10 07:24:08 - [TEST_STEP][PASSED] - setText(findTestObject("Object Repository/PolicyCenter_Login/input_PC_Login_TextBox_UserName"), PC_Username): Text 'testuwsup3' is set on object 'Object Repository/PolicyCenter_Login/input_PC_Login_TextBox_UserName'

2024-04-10 07:24:09 - [MESSAGE][PASSED] - Text 'testuwsup3' is set on object 'Object Repository/PolicyCenter_Login/input_PC_Login_TextBox_UserName'

2024-04-10 07:24:09 - [TEST_STEP][PASSED] - setText(findTestObject("Object Repository/PolicyCenter_Login/input_PC_Login_TextBox_Password"), PC_Password): Text 'Guide123Wire' is set on object 'Object Repository/PolicyCenter_Login/input_PC_Login_TextBox_Password'

2024-04-10 07:24:10 - [MESSAGE][PASSED] - Text 'Guide123Wire' is set on object 'Object Repository/PolicyCenter_Login/input_PC_Login_TextBox_Password'

2024-04-10 07:24:10 - [TEST_STEP][PASSED] - takeFullPageScreenshot(): Taking screenshot successfully

2024-04-10 07:24:10 - [MESSAGE][INFO] - 0 hidden object(s)

2024-04-10 07:24:10 - [MESSAGE][PASSED] - Taking screenshot successfully
[[ATTACHMENT|C:\\Users\\LellKir\\git\\HMIC-Portal\\HMIC-Portal\\HMIC-Portal\\HMIC-Portal\\HMIC-Portal\\HMIC-Portal\\Reports\\20240410_070624\\AgencyPortal_SmokeTest_WC\\20240410_070624\\1712748250268.png]]

2024-04-10 07:24:10 - [TEST_STEP][PASSED] - waitForElementVisible(findTestObject("PolicyCenter_Login/input_PC_Login_Button_Login"), 20): Object 'Object Repository/PolicyCenter_Login/input_PC_Login_Button_Login' is visible

2024-04-10 07:24:11 - [MESSAGE][PASSED] - Object 'Object Repository/PolicyCenter_Login/input_PC_Login_Button_Login' is visible

2024-04-10 07:24:11 - [TEST_STEP][PASSED] - click(findTestObject("Object Repository/PolicyCenter_Login/input_PC_Login_Button_Login")): Object: 'Object Repository/PolicyCenter_Login/input_PC_Login_Button_Login' is clicked on

2024-04-10 07:24:11 - [MESSAGE][PASSED] - Object: 'Object Repository/PolicyCenter_Login/input_PC_Login_Button_Login' is clicked on

2024-04-10 07:24:11 - [TEST_STEP][PASSED] - takeFullPageScreenshot(): Taking screenshot successfully

2024-04-10 07:24:12 - [MESSAGE][INFO] - 0 hidden object(s)

2024-04-10 07:24:12 - [MESSAGE][PASSED] - Taking screenshot successfully
[[ATTACHMENT|C:\\Users\\LellKir\\git\\HMIC-Portal\\HMIC-Portal\\HMIC-Portal\\HMIC-Portal\\HMIC-Portal\\HMIC-Portal\\Reports\\20240410_070624\\AgencyPortal_SmokeTest_WC\\20240410_070624\\1712748251715.png]]

2024-04-10 07:24:12 - [TEST_STEP][PASSED] - waitForElementVisible(findTestObject("PolicyCenter/PolicyCenterObjects/PC_Common_Label_Title"), 30): Object 'Object Repository/PolicyCenter/PolicyCenterObjects/PC_Common_Label_Title' is visible

2024-04-10 07:24:20 - [MESSAGE][PASSED] - Object 'Object Repository/PolicyCenter/PolicyCenterObjects/PC_Common_Label_Title' is visible

2024-04-10 07:24:20 - [TEST_STEP][PASSED] - verifyElementVisible(findTestObject("PolicyCenter/PolicyCenterObjects/PC_Common_Label_Title")): Object 'Object Repository/PolicyCenter/PolicyCenterObjects/PC_Common_Label_Title' is visible

2024-04-10 07:24:20 - [MESSAGE][PASSED] - Object 'Object Repository/PolicyCenter/PolicyCenterObjects/PC_Common_Label_Title' is visible

2024-04-10 07:24:20 - [TEST_STEP][PASSED] - takeFullPageScreenshot(): Taking screenshot successfully

2024-04-10 07:24:20 - [MESSAGE][INFO] - 0 hidden object(s)

2024-04-10 07:24:21 - [MESSAGE][PASSED] - Taking screenshot successfully
[[ATTACHMENT|C:\\Users\\LellKir\\git\\HMIC-Portal\\HMIC-Portal\\HMIC-Portal\\HMIC-Portal\\HMIC-Portal\\HMIC-Portal\\Reports\\20240410_070624\\AgencyPortal_SmokeTest_WC\\20240410_070624\\1712748260431.png]]

2024-04-10 07:24:21 - [MESSAGE][PASSED] - Call Test Case 'Test Cases/PolicyCenter_Pages/PC_CommonScreens/PC_Login' successfully

2024-04-10 07:24:21 - [TEST_STEP][PASSED] - SubmissionNumber = SubmissionNumber.replace("Quote No. ", ""): null

2024-04-10 07:24:21 - [TEST_STEP][PASSED] - callTestCase(findTestCase("PolicyCenter_Pages/PC_CommonScreens/PC_SearchSubmission"), ["SubmissionNumber":SubmissionNumber], STOP_ON_FAILURE): Call Test Case 'Test Cases/PolicyCenter_Pages/PC_CommonScreens/PC_SearchSubmission' successfully

2024-04-10 07:24:21 - [TEST_CASE][PASSED] - Test Cases/PolicyCenter_Pages/PC_CommonScreens/PC_SearchSubmission: Test Cases/PolicyCenter_Pages/PC_CommonScreens/PC_SearchSubmission

2024-04-10 07:24:21 - [TEST_STEP][PASSED] - click(findTestObject("PolicyCenter/PolicyCenterObjects/PC_Common_PolicyTab_Button_Arrow")): Object: 'Object Repository/PolicyCenter/PolicyCenterObjects/PC_Common_PolicyTab_Button_Arrow' is clicked on

2024-04-10 07:24:22 - [MESSAGE][PASSED] - Object: 'Object Repository/PolicyCenter/PolicyCenterObjects/PC_Common_PolicyTab_Button_Arrow' is clicked on

2024-04-10 07:24:22 - [TEST_STEP][PASSED] - subNum = SubmissionNumber: null

2024-04-10 07:24:22 - [TEST_STEP][PASSED] - if (subNum.contains("Submission")): null

2024-04-10 07:24:22 - [TEST_STEP][PASSED] - setText(findTestObject("PolicyCenter/PolicyCenterObjects/PC_Common_PolicyTab_TextBox_SubNum"), subNum): Text '0038772240' is set on object 'Object Repository/PolicyCenter/PolicyCenterObjects/PC_Common_PolicyTab_TextBox_SubNum'

2024-04-10 07:24:22 - [MESSAGE][PASSED] - Text '0038772240' is set on object 'Object Repository/PolicyCenter/PolicyCenterObjects/PC_Common_PolicyTab_TextBox_SubNum'

2024-04-10 07:24:22 - [TEST_STEP][PASSED] - click(findTestObject("PolicyCenter/PolicyCenterObjects/PC_Common_PolicyTab_Button_SubSearchIcon")): Object: 'Object Repository/PolicyCenter/PolicyCenterObjects/PC_Common_PolicyTab_Button_SubSearchIcon' is clicked on

2024-04-10 07:24:23 - [MESSAGE][PASSED] - Object: 'Object Repository/PolicyCenter/PolicyCenterObjects/PC_Common_PolicyTab_Button_SubSearchIcon' is clicked on

2024-04-10 07:24:23 - [TEST_STEP][PASSED] - waitForPageLoad(20): Wait for page load successfully

2024-04-10 07:24:23 - [MESSAGE][PASSED] - Wait for page load successfully

2024-04-10 07:24:23 - [MESSAGE][PASSED] - Call Test Case 'Test Cases/PolicyCenter_Pages/PC_CommonScreens/PC_SearchSubmission' successfully

2024-04-10 07:24:23 - [TEST_STEP][PASSED] - click(findTestObject("PolicyCenter/PolicyCenterObjects/PC_Common_LeftPanel_RiskAnalysis")): Object: 'Object Repository/PolicyCenter/PolicyCenterObjects/PC_Common_LeftPanel_RiskAnalysis' is clicked on

2024-04-10 07:24:24 - [MESSAGE][PASSED] - Object: 'Object Repository/PolicyCenter/PolicyCenterObjects/PC_Common_LeftPanel_RiskAnalysis' is clicked on

2024-04-10 07:24:24 - [TEST_STEP][PASSED] - verifyElementText(findTestObject("PolicyCenter/PolicyCenterObjects/PC_Common_Label_Title"), "Risk Analysis"): Actual text and expected text of test object 'Object Repository/PolicyCenter/PolicyCenterObjects/PC_Common_Label_Title' are matched.

2024-04-10 07:24:26 - [MESSAGE][PASSED] - Actual text and expected text of test object 'Object Repository/PolicyCenter/PolicyCenterObjects/PC_Common_Label_Title' are matched.

2024-04-10 07:24:26 - [TEST_STEP][PASSED] - callTestCase(findTestCase("PolicyCenter_Pages/PC_CommonScreens/PC_RiskAnalysisScreen_ApproveUWIssues"), [:], STOP_ON_FAILURE): Call Test Case 'Test Cases/PolicyCenter_Pages/PC_CommonScreens/PC_RiskAnalysisScreen_ApproveUWIssues' successfully

2024-04-10 07:24:26 - [TEST_CASE][PASSED] - Test Cases/PolicyCenter_Pages/PC_CommonScreens/PC_RiskAnalysisScreen_ApproveUWIssues: Test Cases/PolicyCenter_Pages/PC_CommonScreens/PC_RiskAnalysisScreen_ApproveUWIssues

2024-04-10 07:24:26 - [TEST_STEP][PASSED] - click(findTestObject("PolicyCenter/PolicyCenterObjects/PC_Common_Label_Title")): Object: 'Object Repository/PolicyCenter/PolicyCenterObjects/PC_Common_Label_Title' is clicked on

2024-04-10 07:24:27 - [MESSAGE][PASSED] - Object: 'Object Repository/PolicyCenter/PolicyCenterObjects/PC_Common_Label_Title' is clicked on

2024-04-10 07:24:27 - [TEST_STEP][PASSED] - TitleName = getText(findTestObject("PolicyCenter/PolicyCenterObjects/PC_Common_Label_Title")): Text of object 'Object Repository/PolicyCenter/PolicyCenterObjects/PC_Common_Label_Title' is: 'Risk Analysis'

2024-04-10 07:24:27 - [MESSAGE][PASSED] - Text of object 'Object Repository/PolicyCenter/PolicyCenterObjects/PC_Common_Label_Title' is: 'Risk Analysis'

2024-04-10 07:24:27 - [TEST_STEP][PASSED] - if (TitleName.contains("Risk Analysis")): No alert found (Root cause: com.kms.katalon.core.exception.StepFailedException: No alert found
	at com.kms.katalon.core.webui.keyword.internal.WebUIKeywordMain.stepFailed(WebUIKeywordMain.groovy:64)
	at com.kms.katalon.core.webui.keyword.builtin.AcceptAlertKeyword$_acceptAlert_closure1.doCall(AcceptAlertKeyword.groovy:78)
	at com.kms.katalon.core.webui.keyword.builtin.AcceptAlertKeyword$_acceptAlert_closure1.call(AcceptAlertKeyword.groovy)
	at com.kms.katalon.core.webui.keyword.internal.WebUIKeywordMain.runKeyword(WebUIKeywordMain.groovy:20)
	at com.kms.katalon.core.webui.keyword.builtin.AcceptAlertKeyword.acceptAlert(AcceptAlertKeyword.groovy:71)
	at com.kms.katalon.core.webui.keyword.builtin.AcceptAlertKeyword.execute(AcceptAlertKeyword.groovy:66)
	at com.kms.katalon.core.keyword.internal.KeywordExecutor.executeKeywordForPlatform(KeywordExecutor.groovy:74)
	at com.kms.katalon.core.webui.keyword.WebUiBuiltInKeywords.acceptAlert(WebUiBuiltInKeywords.groovy:1510)
	at com.kms.katalon.core.webui.keyword.WebUiBuiltInKeywords$acceptAlert$18.call(Unknown Source)
	at PC_RiskAnalysisScreen_ApproveUWIssues.run(PC_RiskAnalysisScreen_ApproveUWIssues:70)
	at com.kms.katalon.core.main.ScriptEngine.run(ScriptEngine.java:194)
	at com.kms.katalon.core.main.ScriptEngine.runScriptAsRawText(ScriptEngine.java:119)
	at com.kms.katalon.core.main.TestCaseExecutor.runScript(TestCaseExecutor.java:448)
	at com.kms.katalon.core.main.TestCaseExecutor.doExecute(TestCaseExecutor.java:439)
	at com.kms.katalon.core.main.TestCaseExecutor.processExecutionPhase(TestCaseExecutor.java:418)
	at com.kms.katalon.core.main.TestCaseExecutor.accessMainPhase(TestCaseExecutor.java:410)
	at com.kms.katalon.core.main.TestCaseExecutor.execute(TestCaseExecutor.java:285)
	at com.kms.katalon.core.main.TestCaseMain.runTestCase(TestCaseMain.java:144)
	at com.kms.katalon.core.keyword.builtin.CallTestCaseKeyword$_callTestCase_closure1.doCall(CallTestCaseKeyword.groovy:59)
	at com.kms.katalon.core.keyword.builtin.CallTestCaseKeyword$_callTestCase_closure1.call(CallTestCaseKeyword.groovy)
	at com.kms.katalon.core.keyword.internal.KeywordMain.runKeyword(KeywordMain.groovy:75)
	at com.kms.katalon.core.keyword.builtin.CallTestCaseKeyword.callTestCase(CallTestCaseKeyword.groovy:81)
	at com.kms.katalon.core.keyword.builtin.CallTestCaseKeyword.execute(CallTestCaseKeyword.groovy:44)
	at com.kms.katalon.core.keyword.internal.KeywordExecutor.executeKeywordForPlatform(KeywordExecutor.groovy:74)
	at com.kms.katalon.core.keyword.BuiltinKeywords.callTestCase(BuiltinKeywords.groovy:310)
	at Portal_SmokeTest_WIState.run(Portal_SmokeTest_WIState:224)
	at com.kms.katalon.core.main.ScriptEngine.run(ScriptEngine.java:194)
	at com.kms.katalon.core.main.ScriptEngine.runScriptAsRawText(ScriptEngine.java:119)
	at com.kms.katalon.core.main.TestCaseExecutor.runScript(TestCaseExecutor.java:448)
	at com.kms.katalon.core.main.TestCaseExecutor.doExecute(TestCaseExecutor.java:439)
	at com.kms.katalon.core.main.TestCaseExecutor.processExecutionPhase(TestCaseExecutor.java:418)
	at com.kms.katalon.core.main.TestCaseExecutor.accessMainPhase(TestCaseExecutor.java:410)
	at com.kms.katalon.core.main.TestCaseExecutor.execute(TestCaseExecutor.java:285)
	at com.kms.katalon.core.common.CommonExecutor.accessTestCaseMainPhase(CommonExecutor.java:65)
	at com.kms.katalon.core.main.TestSuiteExecutor.accessTestSuiteMainPhase(TestSuiteExecutor.java:148)
	at com.kms.katalon.core.main.TestSuiteExecutor.execute(TestSuiteExecutor.java:106)
	at com.kms.katalon.core.main.TestCaseMain.startTestSuite(TestCaseMain.java:187)
	at com.kms.katalon.core.main.TestCaseMain$startTestSuite$0.call(Unknown Source)
	at TempTestSuite1712747184320.run(TempTestSuite1712747184320.groovy:36)
)

2024-04-10 07:24:27 - [TEST_STEP][PASSED] - verifyElementText(findTestObject("PolicyCenter/PolicyCenterObjects/PC_Common_Label_Title"), "Risk Analysis"): Actual text and expected text of test object 'Object Repository/PolicyCenter/PolicyCenterObjects/PC_Common_Label_Title' are matched.

2024-04-10 07:24:27 - [MESSAGE][PASSED] - Actual text and expected text of test object 'Object Repository/PolicyCenter/PolicyCenterObjects/PC_Common_Label_Title' are matched.

2024-04-10 07:24:27 - [TEST_STEP][PASSED] - eleSpecialApprove = false: null

2024-04-10 07:24:27 - [TEST_STEP][PASSED] - eleSpecialApprove = verifyElementPresent(findTestObject("PolicyCenter/PolicyCenterObjects/PC_RiskAnalysis_Button_SpecialApprove"), 5, OPTIONAL): com.kms.katalon.core.webui.exception.WebElementNotFoundException: Web element with id: 'Object Repository/PolicyCenter/PolicyCenterObjects/PC_RiskAnalysis_Button_SpecialApprove' located by '//div[contains(@id,'UWIssueRowSet-SpecialApprove')]' not found (Root cause: com.kms.katalon.core.exception.StepFailedException: com.kms.katalon.core.webui.exception.WebElementNotFoundException: Web element with id: 'Object Repository/PolicyCenter/PolicyCenterObjects/PC_RiskAnalysis_Button_SpecialApprove' located by '//div[contains(@id,'UWIssueRowSet-SpecialApprove')]' not found
	at com.kms.katalon.core.webui.keyword.internal.WebUIKeywordMain.stepFailed(WebUIKeywordMain.groovy:64)
	at com.kms.katalon.core.webui.keyword.builtin.VerifyElementPresentKeyword$_verifyElementPresent_closure1.doCall(VerifyElementPresentKeyword.groovy:85)
	at com.kms.katalon.core.webui.keyword.builtin.VerifyElementPresentKeyword$_verifyElementPresent_closure1.call(VerifyElementPresentKeyword.groovy)
	at com.kms.katalon.core.webui.keyword.internal.WebUIKeywordMain.runKeyword(WebUIKeywordMain.groovy:20)
	at com.kms.katalon.core.webui.keyword.builtin.VerifyElementPresentKeyword.verifyElementPresent(VerifyElementPresentKeyword.groovy:92)
	at com.kms.katalon.core.webui.keyword.builtin.VerifyElementPresentKeyword.execute(VerifyElementPresentKeyword.groovy:68)
	at com.kms.katalon.core.keyword.internal.KeywordExecutor.executeKeywordForPlatform(KeywordExecutor.groovy:74)
	at com.kms.katalon.core.webui.keyword.WebUiBuiltInKeywords.verifyElementPresent(WebUiBuiltInKeywords.groovy:1448)
	at com.kms.katalon.core.webui.keyword.WebUiBuiltInKeywords$verifyElementPresent$17.call(Unknown Source)
	at PC_RiskAnalysisScreen_ApproveUWIssues.run(PC_RiskAnalysisScreen_ApproveUWIssues:29)
	at com.kms.katalon.core.main.ScriptEngine.run(ScriptEngine.java:194)
	at com.kms.katalon.core.main.ScriptEngine.runScriptAsRawText(ScriptEngine.java:119)
	at com.kms.katalon.core.main.TestCaseExecutor.runScript(TestCaseExecutor.java:448)
	at com.kms.katalon.core.main.TestCaseExecutor.doExecute(TestCaseExecutor.java:439)
	at com.kms.katalon.core.main.TestCaseExecutor.processExecutionPhase(TestCaseExecutor.java:418)
	at com.kms.katalon.core.main.TestCaseExecutor.accessMainPhase(TestCaseExecutor.java:410)
	at com.kms.katalon.core.main.TestCaseExecutor.execute(TestCaseExecutor.java:285)
	at com.kms.katalon.core.main.TestCaseMain.runTestCase(TestCaseMain.java:144)
	at com.kms.katalon.core.keyword.builtin.CallTestCaseKeyword$_callTestCase_closure1.doCall(CallTestCaseKeyword.groovy:59)
	at com.kms.katalon.core.keyword.builtin.CallTestCaseKeyword$_callTestCase_closure1.call(CallTestCaseKeyword.groovy)
	at com.kms.katalon.core.keyword.internal.KeywordMain.runKeyword(KeywordMain.groovy:75)
	at com.kms.katalon.core.keyword.builtin.CallTestCaseKeyword.callTestCase(CallTestCaseKeyword.groovy:81)
	at com.kms.katalon.core.keyword.builtin.CallTestCaseKeyword.execute(CallTestCaseKeyword.groovy:44)
	at com.kms.katalon.core.keyword.internal.KeywordExecutor.executeKeywordForPlatform(KeywordExecutor.groovy:74)
	at com.kms.katalon.core.keyword.BuiltinKeywords.callTestCase(BuiltinKeywords.groovy:310)
	at Portal_SmokeTest_WIState.run(Portal_SmokeTest_WIState:224)
	at com.kms.katalon.core.main.ScriptEngine.run(ScriptEngine.java:194)
	at com.kms.katalon.core.main.ScriptEngine.runScriptAsRawText(ScriptEngine.java:119)
	at com.kms.katalon.core.main.TestCaseExecutor.runScript(TestCaseExecutor.java:448)
	at com.kms.katalon.core.main.TestCaseExecutor.doExecute(TestCaseExecutor.java:439)
	at com.kms.katalon.core.main.TestCaseExecutor.processExecutionPhase(TestCaseExecutor.java:418)
	at com.kms.katalon.core.main.TestCaseExecutor.accessMainPhase(TestCaseExecutor.java:410)
	at com.kms.katalon.core.main.TestCaseExecutor.execute(TestCaseExecutor.java:285)
	at com.kms.katalon.core.common.CommonExecutor.accessTestCaseMainPhase(CommonExecutor.java:65)
	at com.kms.katalon.core.main.TestSuiteExecutor.accessTestSuiteMainPhase(TestSuiteExecutor.java:148)
	at com.kms.katalon.core.main.TestSuiteExecutor.execute(TestSuiteExecutor.java:106)
	at com.kms.katalon.core.main.TestCaseMain.startTestSuite(TestCaseMain.java:187)
	at com.kms.katalon.core.main.TestCaseMain$startTestSuite$0.call(Unknown Source)
	at TempTestSuite1712747184320.run(TempTestSuite1712747184320.groovy:36)
)

2024-04-10 07:24:34 - [MESSAGE][INFO] - Unable to find the element located by 'By.xpath: //div[contains(@id,'UWIssueRowSet-SpecialApprove')]'. Please recheck the objects properties to make sure the desired element is located. 

2024-04-10 07:24:34 - [MESSAGE][WARNING] - com.kms.katalon.core.webui.exception.WebElementNotFoundException: Web element with id: 'Object Repository/PolicyCenter/PolicyCenterObjects/PC_RiskAnalysis_Button_SpecialApprove' located by '//div[contains(@id,'UWIssueRowSet-SpecialApprove')]' not found (Root cause: com.kms.katalon.core.exception.StepFailedException: com.kms.katalon.core.webui.exception.WebElementNotFoundException: Web element with id: 'Object Repository/PolicyCenter/PolicyCenterObjects/PC_RiskAnalysis_Button_SpecialApprove' located by '//div[contains(@id,'UWIssueRowSet-SpecialApprove')]' not found
	at com.kms.katalon.core.webui.keyword.internal.WebUIKeywordMain.stepFailed(WebUIKeywordMain.groovy:64)
	at com.kms.katalon.core.webui.keyword.builtin.VerifyElementPresentKeyword$_verifyElementPresent_closure1.doCall(VerifyElementPresentKeyword.groovy:85)
	at com.kms.katalon.core.webui.keyword.builtin.VerifyElementPresentKeyword$_verifyElementPresent_closure1.call(VerifyElementPresentKeyword.groovy)
	at com.kms.katalon.core.webui.keyword.internal.WebUIKeywordMain.runKeyword(WebUIKeywordMain.groovy:20)
	at com.kms.katalon.core.webui.keyword.builtin.VerifyElementPresentKeyword.verifyElementPresent(VerifyElementPresentKeyword.groovy:92)
	at com.kms.katalon.core.webui.keyword.builtin.VerifyElementPresentKeyword.execute(VerifyElementPresentKeyword.groovy:68)
	at com.kms.katalon.core.keyword.internal.KeywordExecutor.executeKeywordForPlatform(KeywordExecutor.groovy:74)
	at com.kms.katalon.core.webui.keyword.WebUiBuiltInKeywords.verifyElementPresent(WebUiBuiltInKeywords.groovy:1448)
	at com.kms.katalon.core.webui.keyword.WebUiBuiltInKeywords$verifyElementPresent$17.call(Unknown Source)
	at PC_RiskAnalysisScreen_ApproveUWIssues.run(PC_RiskAnalysisScreen_ApproveUWIssues:29)
	at com.kms.katalon.core.main.ScriptEngine.run(ScriptEngine.java:194)
	at com.kms.katalon.core.main.ScriptEngine.runScriptAsRawText(ScriptEngine.java:119)
	at com.kms.katalon.core.main.TestCaseExecutor.runScript(TestCaseExecutor.java:448)
	at com.kms.katalon.core.main.TestCaseExecutor.doExecute(TestCaseExecutor.java:439)
	at com.kms.katalon.core.main.TestCaseExecutor.processExecutionPhase(TestCaseExecutor.java:418)
	at com.kms.katalon.core.main.TestCaseExecutor.accessMainPhase(TestCaseExecutor.java:410)
	at com.kms.katalon.core.main.TestCaseExecutor.execute(TestCaseExecutor.java:285)
	at com.kms.katalon.core.main.TestCaseMain.runTestCase(TestCaseMain.java:144)
	at com.kms.katalon.core.keyword.builtin.CallTestCaseKeyword$_callTestCase_closure1.doCall(CallTestCaseKeyword.groovy:59)
	at com.kms.katalon.core.keyword.builtin.CallTestCaseKeyword$_callTestCase_closure1.call(CallTestCaseKeyword.groovy)
	at com.kms.katalon.core.keyword.internal.KeywordMain.runKeyword(KeywordMain.groovy:75)
	at com.kms.katalon.core.keyword.builtin.CallTestCaseKeyword.callTestCase(CallTestCaseKeyword.groovy:81)
	at com.kms.katalon.core.keyword.builtin.CallTestCaseKeyword.execute(CallTestCaseKeyword.groovy:44)
	at com.kms.katalon.core.keyword.internal.KeywordExecutor.executeKeywordForPlatform(KeywordExecutor.groovy:74)
	at com.kms.katalon.core.keyword.BuiltinKeywords.callTestCase(BuiltinKeywords.groovy:310)
	at Portal_SmokeTest_WIState.run(Portal_SmokeTest_WIState:224)
	at com.kms.katalon.core.main.ScriptEngine.run(ScriptEngine.java:194)
	at com.kms.katalon.core.main.ScriptEngine.runScriptAsRawText(ScriptEngine.java:119)
	at com.kms.katalon.core.main.TestCaseExecutor.runScript(TestCaseExecutor.java:448)
	at com.kms.katalon.core.main.TestCaseExecutor.doExecute(TestCaseExecutor.java:439)
	at com.kms.katalon.core.main.TestCaseExecutor.processExecutionPhase(TestCaseExecutor.java:418)
	at com.kms.katalon.core.main.TestCaseExecutor.accessMainPhase(TestCaseExecutor.java:410)
	at com.kms.katalon.core.main.TestCaseExecutor.execute(TestCaseExecutor.java:285)
	at com.kms.katalon.core.common.CommonExecutor.accessTestCaseMainPhase(CommonExecutor.java:65)
	at com.kms.katalon.core.main.TestSuiteExecutor.accessTestSuiteMainPhase(TestSuiteExecutor.java:148)
	at com.kms.katalon.core.main.TestSuiteExecutor.execute(TestSuiteExecutor.java:106)
	at com.kms.katalon.core.main.TestCaseMain.startTestSuite(TestCaseMain.java:187)
	at com.kms.katalon.core.main.TestCaseMain$startTestSuite$0.call(Unknown Source)
	at TempTestSuite1712747184320.run(TempTestSuite1712747184320.groovy:36)
)
[[ATTACHMENT|C:\\Users\\LellKir\\git\\HMIC-Portal\\HMIC-Portal\\HMIC-Portal\\HMIC-Portal\\HMIC-Portal\\HMIC-Portal\\Reports\\20240410_070624\\AgencyPortal_SmokeTest_WC\\20240410_070624\\1712748274006.png]]

2024-04-10 07:24:34 - [TEST_STEP][PASSED] - if (eleSpecialApprove.equals(true)): null

2024-04-10 07:24:34 - [TEST_STEP][PASSED] - eleApprove = false: null

2024-04-10 07:24:34 - [TEST_STEP][PASSED] - eleApprove = verifyElementPresent(findTestObject("Object Repository/PolicyCenter/PolicyCenterObjects/PC_RiskAnalysis_Button_Approve"), 5, OPTIONAL): Object 'Object Repository/PolicyCenter/PolicyCenterObjects/PC_RiskAnalysis_Button_Approve' is present

2024-04-10 07:24:34 - [MESSAGE][PASSED] - Object 'Object Repository/PolicyCenter/PolicyCenterObjects/PC_RiskAnalysis_Button_Approve' is present

2024-04-10 07:24:34 - [TEST_STEP][PASSED] - if (eleApprove.equals(true)): No alert found (Root cause: com.kms.katalon.core.exception.StepFailedException: No alert found
	at com.kms.katalon.core.webui.keyword.internal.WebUIKeywordMain.stepFailed(WebUIKeywordMain.groovy:64)
	at com.kms.katalon.core.webui.keyword.builtin.AcceptAlertKeyword$_acceptAlert_closure1.doCall(AcceptAlertKeyword.groovy:78)
	at com.kms.katalon.core.webui.keyword.builtin.AcceptAlertKeyword$_acceptAlert_closure1.call(AcceptAlertKeyword.groovy)
	at com.kms.katalon.core.webui.keyword.internal.WebUIKeywordMain.runKeyword(WebUIKeywordMain.groovy:20)
	at com.kms.katalon.core.webui.keyword.builtin.AcceptAlertKeyword.acceptAlert(AcceptAlertKeyword.groovy:71)
	at com.kms.katalon.core.webui.keyword.builtin.AcceptAlertKeyword.execute(AcceptAlertKeyword.groovy:66)
	at com.kms.katalon.core.keyword.internal.KeywordExecutor.executeKeywordForPlatform(KeywordExecutor.groovy:74)
	at com.kms.katalon.core.webui.keyword.WebUiBuiltInKeywords.acceptAlert(WebUiBuiltInKeywords.groovy:1510)
	at com.kms.katalon.core.webui.keyword.WebUiBuiltInKeywords$acceptAlert$18.call(Unknown Source)
	at PC_RiskAnalysisScreen_ApproveUWIssues.run(PC_RiskAnalysisScreen_ApproveUWIssues:70)
	at com.kms.katalon.core.main.ScriptEngine.run(ScriptEngine.java:194)
	at com.kms.katalon.core.main.ScriptEngine.runScriptAsRawText(ScriptEngine.java:119)
	at com.kms.katalon.core.main.TestCaseExecutor.runScript(TestCaseExecutor.java:448)
	at com.kms.katalon.core.main.TestCaseExecutor.doExecute(TestCaseExecutor.java:439)
	at com.kms.katalon.core.main.TestCaseExecutor.processExecutionPhase(TestCaseExecutor.java:418)
	at com.kms.katalon.core.main.TestCaseExecutor.accessMainPhase(TestCaseExecutor.java:410)
	at com.kms.katalon.core.main.TestCaseExecutor.execute(TestCaseExecutor.java:285)
	at com.kms.katalon.core.main.TestCaseMain.runTestCase(TestCaseMain.java:144)
	at com.kms.katalon.core.keyword.builtin.CallTestCaseKeyword$_callTestCase_closure1.doCall(CallTestCaseKeyword.groovy:59)
	at com.kms.katalon.core.keyword.builtin.CallTestCaseKeyword$_callTestCase_closure1.call(CallTestCaseKeyword.groovy)
	at com.kms.katalon.core.keyword.internal.KeywordMain.runKeyword(KeywordMain.groovy:75)
	at com.kms.katalon.core.keyword.builtin.CallTestCaseKeyword.callTestCase(CallTestCaseKeyword.groovy:81)
	at com.kms.katalon.core.keyword.builtin.CallTestCaseKeyword.execute(CallTestCaseKeyword.groovy:44)
	at com.kms.katalon.core.keyword.internal.KeywordExecutor.executeKeywordForPlatform(KeywordExecutor.groovy:74)
	at com.kms.katalon.core.keyword.BuiltinKeywords.callTestCase(BuiltinKeywords.groovy:310)
	at Portal_SmokeTest_WIState.run(Portal_SmokeTest_WIState:224)
	at com.kms.katalon.core.main.ScriptEngine.run(ScriptEngine.java:194)
	at com.kms.katalon.core.main.ScriptEngine.runScriptAsRawText(ScriptEngine.java:119)
	at com.kms.katalon.core.main.TestCaseExecutor.runScript(TestCaseExecutor.java:448)
	at com.kms.katalon.core.main.TestCaseExecutor.doExecute(TestCaseExecutor.java:439)
	at com.kms.katalon.core.main.TestCaseExecutor.processExecutionPhase(TestCaseExecutor.java:418)
	at com.kms.katalon.core.main.TestCaseExecutor.accessMainPhase(TestCaseExecutor.java:410)
	at com.kms.katalon.core.main.TestCaseExecutor.execute(TestCaseExecutor.java:285)
	at com.kms.katalon.core.common.CommonExecutor.accessTestCaseMainPhase(CommonExecutor.java:65)
	at com.kms.katalon.core.main.TestSuiteExecutor.accessTestSuiteMainPhase(TestSuiteExecutor.java:148)
	at com.kms.katalon.core.main.TestSuiteExecutor.execute(TestSuiteExecutor.java:106)
	at com.kms.katalon.core.main.TestCaseMain.startTestSuite(TestCaseMain.java:187)
	at com.kms.katalon.core.main.TestCaseMain$startTestSuite$0.call(Unknown Source)
	at TempTestSuite1712747184320.run(TempTestSuite1712747184320.groovy:36)
)

2024-04-10 07:24:34 - [TEST_STEP][PASSED] - approveButton = findWebElements(findTestObject("Object Repository/PolicyCenter/PolicyCenterObjects/PC_RiskAnalysis_Button_Approve"), 30): null

2024-04-10 07:24:34 - [TEST_STEP][PASSED] - approveSize = approveButton.size(): null

2024-04-10 07:24:34 - [TEST_STEP][PASSED] - for ([i = 0, i < approveSize, (i++)]): No alert found (Root cause: com.kms.katalon.core.exception.StepFailedException: No alert found
	at com.kms.katalon.core.webui.keyword.internal.WebUIKeywordMain.stepFailed(WebUIKeywordMain.groovy:64)
	at com.kms.katalon.core.webui.keyword.builtin.AcceptAlertKeyword$_acceptAlert_closure1.doCall(AcceptAlertKeyword.groovy:78)
	at com.kms.katalon.core.webui.keyword.builtin.AcceptAlertKeyword$_acceptAlert_closure1.call(AcceptAlertKeyword.groovy)
	at com.kms.katalon.core.webui.keyword.internal.WebUIKeywordMain.runKeyword(WebUIKeywordMain.groovy:20)
	at com.kms.katalon.core.webui.keyword.builtin.AcceptAlertKeyword.acceptAlert(AcceptAlertKeyword.groovy:71)
	at com.kms.katalon.core.webui.keyword.builtin.AcceptAlertKeyword.execute(AcceptAlertKeyword.groovy:66)
	at com.kms.katalon.core.keyword.internal.KeywordExecutor.executeKeywordForPlatform(KeywordExecutor.groovy:74)
	at com.kms.katalon.core.webui.keyword.WebUiBuiltInKeywords.acceptAlert(WebUiBuiltInKeywords.groovy:1510)
	at com.kms.katalon.core.webui.keyword.WebUiBuiltInKeywords$acceptAlert$18.call(Unknown Source)
	at PC_RiskAnalysisScreen_ApproveUWIssues.run(PC_RiskAnalysisScreen_ApproveUWIssues:70)
	at com.kms.katalon.core.main.ScriptEngine.run(ScriptEngine.java:194)
	at com.kms.katalon.core.main.ScriptEngine.runScriptAsRawText(ScriptEngine.java:119)
	at com.kms.katalon.core.main.TestCaseExecutor.runScript(TestCaseExecutor.java:448)
	at com.kms.katalon.core.main.TestCaseExecutor.doExecute(TestCaseExecutor.java:439)
	at com.kms.katalon.core.main.TestCaseExecutor.processExecutionPhase(TestCaseExecutor.java:418)
	at com.kms.katalon.core.main.TestCaseExecutor.accessMainPhase(TestCaseExecutor.java:410)
	at com.kms.katalon.core.main.TestCaseExecutor.execute(TestCaseExecutor.java:285)
	at com.kms.katalon.core.main.TestCaseMain.runTestCase(TestCaseMain.java:144)
	at com.kms.katalon.core.keyword.builtin.CallTestCaseKeyword$_callTestCase_closure1.doCall(CallTestCaseKeyword.groovy:59)
	at com.kms.katalon.core.keyword.builtin.CallTestCaseKeyword$_callTestCase_closure1.call(CallTestCaseKeyword.groovy)
	at com.kms.katalon.core.keyword.internal.KeywordMain.runKeyword(KeywordMain.groovy:75)
	at com.kms.katalon.core.keyword.builtin.CallTestCaseKeyword.callTestCase(CallTestCaseKeyword.groovy:81)
	at com.kms.katalon.core.keyword.builtin.CallTestCaseKeyword.execute(CallTestCaseKeyword.groovy:44)
	at com.kms.katalon.core.keyword.internal.KeywordExecutor.executeKeywordForPlatform(KeywordExecutor.groovy:74)
	at com.kms.katalon.core.keyword.BuiltinKeywords.callTestCase(BuiltinKeywords.groovy:310)
	at Portal_SmokeTest_WIState.run(Portal_SmokeTest_WIState:224)
	at com.kms.katalon.core.main.ScriptEngine.run(ScriptEngine.java:194)
	at com.kms.katalon.core.main.ScriptEngine.runScriptAsRawText(ScriptEngine.java:119)
	at com.kms.katalon.core.main.TestCaseExecutor.runScript(TestCaseExecutor.java:448)
	at com.kms.katalon.core.main.TestCaseExecutor.doExecute(TestCaseExecutor.java:439)
	at com.kms.katalon.core.main.TestCaseExecutor.processExecutionPhase(TestCaseExecutor.java:418)
	at com.kms.katalon.core.main.TestCaseExecutor.accessMainPhase(TestCaseExecutor.java:410)
	at com.kms.katalon.core.main.TestCaseExecutor.execute(TestCaseExecutor.java:285)
	at com.kms.katalon.core.common.CommonExecutor.accessTestCaseMainPhase(CommonExecutor.java:65)
	at com.kms.katalon.core.main.TestSuiteExecutor.accessTestSuiteMainPhase(TestSuiteExecutor.java:148)
	at com.kms.katalon.core.main.TestSuiteExecutor.execute(TestSuiteExecutor.java:106)
	at com.kms.katalon.core.main.TestCaseMain.startTestSuite(TestCaseMain.java:187)
	at com.kms.katalon.core.main.TestCaseMain$startTestSuite$0.call(Unknown Source)
	at TempTestSuite1712747184320.run(TempTestSuite1712747184320.groovy:36)
)

2024-04-10 07:24:34 - [TEST_STEP][PASSED] - click(findTestObject("Object Repository/PolicyCenter/PolicyCenterObjects/PC_RiskAnalysis_Button_Approve")): Object: 'Object Repository/PolicyCenter/PolicyCenterObjects/PC_RiskAnalysis_Button_Approve' is clicked on

2024-04-10 07:24:35 - [MESSAGE][PASSED] - Object: 'Object Repository/PolicyCenter/PolicyCenterObjects/PC_RiskAnalysis_Button_Approve' is clicked on

2024-04-10 07:24:35 - [TEST_STEP][PASSED] - verifyElementText(findTestObject("PolicyCenter/PolicyCenterObjects/PC_Common_Label_Title"), "Risk Approval Details"): Actual text and expected text of test object 'Object Repository/PolicyCenter/PolicyCenterObjects/PC_Common_Label_Title' are matched.

2024-04-10 07:24:35 - [MESSAGE][PASSED] - Actual text and expected text of test object 'Object Repository/PolicyCenter/PolicyCenterObjects/PC_Common_Label_Title' are matched.

2024-04-10 07:24:35 - [TEST_STEP][PASSED] - click(findTestObject("Object Repository/PolicyCenter/PolicyCenterObjects/PC_RiskAnalysis_Button_OK")): Object: 'Object Repository/PolicyCenter/PolicyCenterObjects/PC_RiskAnalysis_Button_OK' is clicked on

2024-04-10 07:24:36 - [MESSAGE][PASSED] - Object: 'Object Repository/PolicyCenter/PolicyCenterObjects/PC_RiskAnalysis_Button_OK' is clicked on

2024-04-10 07:24:36 - [TEST_STEP][PASSED] - acceptAlert(OPTIONAL): No alert found (Root cause: com.kms.katalon.core.exception.StepFailedException: No alert found
	at com.kms.katalon.core.webui.keyword.internal.WebUIKeywordMain.stepFailed(WebUIKeywordMain.groovy:64)
	at com.kms.katalon.core.webui.keyword.builtin.AcceptAlertKeyword$_acceptAlert_closure1.doCall(AcceptAlertKeyword.groovy:78)
	at com.kms.katalon.core.webui.keyword.builtin.AcceptAlertKeyword$_acceptAlert_closure1.call(AcceptAlertKeyword.groovy)
	at com.kms.katalon.core.webui.keyword.internal.WebUIKeywordMain.runKeyword(WebUIKeywordMain.groovy:20)
	at com.kms.katalon.core.webui.keyword.builtin.AcceptAlertKeyword.acceptAlert(AcceptAlertKeyword.groovy:71)
	at com.kms.katalon.core.webui.keyword.builtin.AcceptAlertKeyword.execute(AcceptAlertKeyword.groovy:66)
	at com.kms.katalon.core.keyword.internal.KeywordExecutor.executeKeywordForPlatform(KeywordExecutor.groovy:74)
	at com.kms.katalon.core.webui.keyword.WebUiBuiltInKeywords.acceptAlert(WebUiBuiltInKeywords.groovy:1510)
	at com.kms.katalon.core.webui.keyword.WebUiBuiltInKeywords$acceptAlert$18.call(Unknown Source)
	at PC_RiskAnalysisScreen_ApproveUWIssues.run(PC_RiskAnalysisScreen_ApproveUWIssues:70)
	at com.kms.katalon.core.main.ScriptEngine.run(ScriptEngine.java:194)
	at com.kms.katalon.core.main.ScriptEngine.runScriptAsRawText(ScriptEngine.java:119)
	at com.kms.katalon.core.main.TestCaseExecutor.runScript(TestCaseExecutor.java:448)
	at com.kms.katalon.core.main.TestCaseExecutor.doExecute(TestCaseExecutor.java:439)
	at com.kms.katalon.core.main.TestCaseExecutor.processExecutionPhase(TestCaseExecutor.java:418)
	at com.kms.katalon.core.main.TestCaseExecutor.accessMainPhase(TestCaseExecutor.java:410)
	at com.kms.katalon.core.main.TestCaseExecutor.execute(TestCaseExecutor.java:285)
	at com.kms.katalon.core.main.TestCaseMain.runTestCase(TestCaseMain.java:144)
	at com.kms.katalon.core.keyword.builtin.CallTestCaseKeyword$_callTestCase_closure1.doCall(CallTestCaseKeyword.groovy:59)
	at com.kms.katalon.core.keyword.builtin.CallTestCaseKeyword$_callTestCase_closure1.call(CallTestCaseKeyword.groovy)
	at com.kms.katalon.core.keyword.internal.KeywordMain.runKeyword(KeywordMain.groovy:75)
	at com.kms.katalon.core.keyword.builtin.CallTestCaseKeyword.callTestCase(CallTestCaseKeyword.groovy:81)
	at com.kms.katalon.core.keyword.builtin.CallTestCaseKeyword.execute(CallTestCaseKeyword.groovy:44)
	at com.kms.katalon.core.keyword.internal.KeywordExecutor.executeKeywordForPlatform(KeywordExecutor.groovy:74)
	at com.kms.katalon.core.keyword.BuiltinKeywords.callTestCase(BuiltinKeywords.groovy:310)
	at Portal_SmokeTest_WIState.run(Portal_SmokeTest_WIState:224)
	at com.kms.katalon.core.main.ScriptEngine.run(ScriptEngine.java:194)
	at com.kms.katalon.core.main.ScriptEngine.runScriptAsRawText(ScriptEngine.java:119)
	at com.kms.katalon.core.main.TestCaseExecutor.runScript(TestCaseExecutor.java:448)
	at com.kms.katalon.core.main.TestCaseExecutor.doExecute(TestCaseExecutor.java:439)
	at com.kms.katalon.core.main.TestCaseExecutor.processExecutionPhase(TestCaseExecutor.java:418)
	at com.kms.katalon.core.main.TestCaseExecutor.accessMainPhase(TestCaseExecutor.java:410)
	at com.kms.katalon.core.main.TestCaseExecutor.execute(TestCaseExecutor.java:285)
	at com.kms.katalon.core.common.CommonExecutor.accessTestCaseMainPhase(CommonExecutor.java:65)
	at com.kms.katalon.core.main.TestSuiteExecutor.accessTestSuiteMainPhase(TestSuiteExecutor.java:148)
	at com.kms.katalon.core.main.TestSuiteExecutor.execute(TestSuiteExecutor.java:106)
	at com.kms.katalon.core.main.TestCaseMain.startTestSuite(TestCaseMain.java:187)
	at com.kms.katalon.core.main.TestCaseMain$startTestSuite$0.call(Unknown Source)
	at TempTestSuite1712747184320.run(TempTestSuite1712747184320.groovy:36)
)

2024-04-10 07:24:36 - [MESSAGE][WARNING] - No alert found (Root cause: com.kms.katalon.core.exception.StepFailedException: No alert found
	at com.kms.katalon.core.webui.keyword.internal.WebUIKeywordMain.stepFailed(WebUIKeywordMain.groovy:64)
	at com.kms.katalon.core.webui.keyword.builtin.AcceptAlertKeyword$_acceptAlert_closure1.doCall(AcceptAlertKeyword.groovy:78)
	at com.kms.katalon.core.webui.keyword.builtin.AcceptAlertKeyword$_acceptAlert_closure1.call(AcceptAlertKeyword.groovy)
	at com.kms.katalon.core.webui.keyword.internal.WebUIKeywordMain.runKeyword(WebUIKeywordMain.groovy:20)
	at com.kms.katalon.core.webui.keyword.builtin.AcceptAlertKeyword.acceptAlert(AcceptAlertKeyword.groovy:71)
	at com.kms.katalon.core.webui.keyword.builtin.AcceptAlertKeyword.execute(AcceptAlertKeyword.groovy:66)
	at com.kms.katalon.core.keyword.internal.KeywordExecutor.executeKeywordForPlatform(KeywordExecutor.groovy:74)
	at com.kms.katalon.core.webui.keyword.WebUiBuiltInKeywords.acceptAlert(WebUiBuiltInKeywords.groovy:1510)
	at com.kms.katalon.core.webui.keyword.WebUiBuiltInKeywords$acceptAlert$18.call(Unknown Source)
	at PC_RiskAnalysisScreen_ApproveUWIssues.run(PC_RiskAnalysisScreen_ApproveUWIssues:70)
	at com.kms.katalon.core.main.ScriptEngine.run(ScriptEngine.java:194)
	at com.kms.katalon.core.main.ScriptEngine.runScriptAsRawText(ScriptEngine.java:119)
	at com.kms.katalon.core.main.TestCaseExecutor.runScript(TestCaseExecutor.java:448)
	at com.kms.katalon.core.main.TestCaseExecutor.doExecute(TestCaseExecutor.java:439)
	at com.kms.katalon.core.main.TestCaseExecutor.processExecutionPhase(TestCaseExecutor.java:418)
	at com.kms.katalon.core.main.TestCaseExecutor.accessMainPhase(TestCaseExecutor.java:410)
	at com.kms.katalon.core.main.TestCaseExecutor.execute(TestCaseExecutor.java:285)
	at com.kms.katalon.core.main.TestCaseMain.runTestCase(TestCaseMain.java:144)
	at com.kms.katalon.core.keyword.builtin.CallTestCaseKeyword$_callTestCase_closure1.doCall(CallTestCaseKeyword.groovy:59)
	at com.kms.katalon.core.keyword.builtin.CallTestCaseKeyword$_callTestCase_closure1.call(CallTestCaseKeyword.groovy)
	at com.kms.katalon.core.keyword.internal.KeywordMain.runKeyword(KeywordMain.groovy:75)
	at com.kms.katalon.core.keyword.builtin.CallTestCaseKeyword.callTestCase(CallTestCaseKeyword.groovy:81)
	at com.kms.katalon.core.keyword.builtin.CallTestCaseKeyword.execute(CallTestCaseKeyword.groovy:44)
	at com.kms.katalon.core.keyword.internal.KeywordExecutor.executeKeywordForPlatform(KeywordExecutor.groovy:74)
	at com.kms.katalon.core.keyword.BuiltinKeywords.callTestCase(BuiltinKeywords.groovy:310)
	at Portal_SmokeTest_WIState.run(Portal_SmokeTest_WIState:224)
	at com.kms.katalon.core.main.ScriptEngine.run(ScriptEngine.java:194)
	at com.kms.katalon.core.main.ScriptEngine.runScriptAsRawText(ScriptEngine.java:119)
	at com.kms.katalon.core.main.TestCaseExecutor.runScript(TestCaseExecutor.java:448)
	at com.kms.katalon.core.main.TestCaseExecutor.doExecute(TestCaseExecutor.java:439)
	at com.kms.katalon.core.main.TestCaseExecutor.processExecutionPhase(TestCaseExecutor.java:418)
	at com.kms.katalon.core.main.TestCaseExecutor.accessMainPhase(TestCaseExecutor.java:410)
	at com.kms.katalon.core.main.TestCaseExecutor.execute(TestCaseExecutor.java:285)
	at com.kms.katalon.core.common.CommonExecutor.accessTestCaseMainPhase(CommonExecutor.java:65)
	at com.kms.katalon.core.main.TestSuiteExecutor.accessTestSuiteMainPhase(TestSuiteExecutor.java:148)
	at com.kms.katalon.core.main.TestSuiteExecutor.execute(TestSuiteExecutor.java:106)
	at com.kms.katalon.core.main.TestCaseMain.startTestSuite(TestCaseMain.java:187)
	at com.kms.katalon.core.main.TestCaseMain$startTestSuite$0.call(Unknown Source)
	at TempTestSuite1712747184320.run(TempTestSuite1712747184320.groovy:36)
)
[[ATTACHMENT|C:\\Users\\LellKir\\git\\HMIC-Portal\\HMIC-Portal\\HMIC-Portal\\HMIC-Portal\\HMIC-Portal\\HMIC-Portal\\Reports\\20240410_070624\\AgencyPortal_SmokeTest_WC\\20240410_070624\\1712748276413.png]]

2024-04-10 07:24:36 - [TEST_STEP][PASSED] - click(findTestObject("Object Repository/PolicyCenter/PolicyCenterObjects/PC_RiskAnalysis_Button_Approve")): Object: 'Object Repository/PolicyCenter/PolicyCenterObjects/PC_RiskAnalysis_Button_Approve' is clicked on

2024-04-10 07:24:39 - [MESSAGE][PASSED] - Object: 'Object Repository/PolicyCenter/PolicyCenterObjects/PC_RiskAnalysis_Button_Approve' is clicked on

2024-04-10 07:24:39 - [TEST_STEP][PASSED] - verifyElementText(findTestObject("PolicyCenter/PolicyCenterObjects/PC_Common_Label_Title"), "Risk Approval Details"): Actual text and expected text of test object 'Object Repository/PolicyCenter/PolicyCenterObjects/PC_Common_Label_Title' are matched.

2024-04-10 07:24:40 - [MESSAGE][PASSED] - Actual text and expected text of test object 'Object Repository/PolicyCenter/PolicyCenterObjects/PC_Common_Label_Title' are matched.

2024-04-10 07:24:40 - [TEST_STEP][PASSED] - click(findTestObject("Object Repository/PolicyCenter/PolicyCenterObjects/PC_RiskAnalysis_Button_OK")): Object: 'Object Repository/PolicyCenter/PolicyCenterObjects/PC_RiskAnalysis_Button_OK' is clicked on

2024-04-10 07:24:40 - [MESSAGE][PASSED] - Object: 'Object Repository/PolicyCenter/PolicyCenterObjects/PC_RiskAnalysis_Button_OK' is clicked on

2024-04-10 07:24:40 - [TEST_STEP][PASSED] - acceptAlert(OPTIONAL): No alert found (Root cause: com.kms.katalon.core.exception.StepFailedException: No alert found
	at com.kms.katalon.core.webui.keyword.internal.WebUIKeywordMain.stepFailed(WebUIKeywordMain.groovy:64)
	at com.kms.katalon.core.webui.keyword.builtin.AcceptAlertKeyword$_acceptAlert_closure1.doCall(AcceptAlertKeyword.groovy:78)
	at com.kms.katalon.core.webui.keyword.builtin.AcceptAlertKeyword$_acceptAlert_closure1.call(AcceptAlertKeyword.groovy)
	at com.kms.katalon.core.webui.keyword.internal.WebUIKeywordMain.runKeyword(WebUIKeywordMain.groovy:20)
	at com.kms.katalon.core.webui.keyword.builtin.AcceptAlertKeyword.acceptAlert(AcceptAlertKeyword.groovy:71)
	at com.kms.katalon.core.webui.keyword.builtin.AcceptAlertKeyword.execute(AcceptAlertKeyword.groovy:66)
	at com.kms.katalon.core.keyword.internal.KeywordExecutor.executeKeywordForPlatform(KeywordExecutor.groovy:74)
	at com.kms.katalon.core.webui.keyword.WebUiBuiltInKeywords.acceptAlert(WebUiBuiltInKeywords.groovy:1510)
	at com.kms.katalon.core.webui.keyword.WebUiBuiltInKeywords$acceptAlert$18.call(Unknown Source)
	at PC_RiskAnalysisScreen_ApproveUWIssues.run(PC_RiskAnalysisScreen_ApproveUWIssues:70)
	at com.kms.katalon.core.main.ScriptEngine.run(ScriptEngine.java:194)
	at com.kms.katalon.core.main.ScriptEngine.runScriptAsRawText(ScriptEngine.java:119)
	at com.kms.katalon.core.main.TestCaseExecutor.runScript(TestCaseExecutor.java:448)
	at com.kms.katalon.core.main.TestCaseExecutor.doExecute(TestCaseExecutor.java:439)
	at com.kms.katalon.core.main.TestCaseExecutor.processExecutionPhase(TestCaseExecutor.java:418)
	at com.kms.katalon.core.main.TestCaseExecutor.accessMainPhase(TestCaseExecutor.java:410)
	at com.kms.katalon.core.main.TestCaseExecutor.execute(TestCaseExecutor.java:285)
	at com.kms.katalon.core.main.TestCaseMain.runTestCase(TestCaseMain.java:144)
	at com.kms.katalon.core.keyword.builtin.CallTestCaseKeyword$_callTestCase_closure1.doCall(CallTestCaseKeyword.groovy:59)
	at com.kms.katalon.core.keyword.builtin.CallTestCaseKeyword$_callTestCase_closure1.call(CallTestCaseKeyword.groovy)
	at com.kms.katalon.core.keyword.internal.KeywordMain.runKeyword(KeywordMain.groovy:75)
	at com.kms.katalon.core.keyword.builtin.CallTestCaseKeyword.callTestCase(CallTestCaseKeyword.groovy:81)
	at com.kms.katalon.core.keyword.builtin.CallTestCaseKeyword.execute(CallTestCaseKeyword.groovy:44)
	at com.kms.katalon.core.keyword.internal.KeywordExecutor.executeKeywordForPlatform(KeywordExecutor.groovy:74)
	at com.kms.katalon.core.keyword.BuiltinKeywords.callTestCase(BuiltinKeywords.groovy:310)
	at Portal_SmokeTest_WIState.run(Portal_SmokeTest_WIState:224)
	at com.kms.katalon.core.main.ScriptEngine.run(ScriptEngine.java:194)
	at com.kms.katalon.core.main.ScriptEngine.runScriptAsRawText(ScriptEngine.java:119)
	at com.kms.katalon.core.main.TestCaseExecutor.runScript(TestCaseExecutor.java:448)
	at com.kms.katalon.core.main.TestCaseExecutor.doExecute(TestCaseExecutor.java:439)
	at com.kms.katalon.core.main.TestCaseExecutor.processExecutionPhase(TestCaseExecutor.java:418)
	at com.kms.katalon.core.main.TestCaseExecutor.accessMainPhase(TestCaseExecutor.java:410)
	at com.kms.katalon.core.main.TestCaseExecutor.execute(TestCaseExecutor.java:285)
	at com.kms.katalon.core.common.CommonExecutor.accessTestCaseMainPhase(CommonExecutor.java:65)
	at com.kms.katalon.core.main.TestSuiteExecutor.accessTestSuiteMainPhase(TestSuiteExecutor.java:148)
	at com.kms.katalon.core.main.TestSuiteExecutor.execute(TestSuiteExecutor.java:106)
	at com.kms.katalon.core.main.TestCaseMain.startTestSuite(TestCaseMain.java:187)
	at com.kms.katalon.core.main.TestCaseMain$startTestSuite$0.call(Unknown Source)
	at TempTestSuite1712747184320.run(TempTestSuite1712747184320.groovy:36)
)

2024-04-10 07:24:41 - [MESSAGE][WARNING] - No alert found (Root cause: com.kms.katalon.core.exception.StepFailedException: No alert found
	at com.kms.katalon.core.webui.keyword.internal.WebUIKeywordMain.stepFailed(WebUIKeywordMain.groovy:64)
	at com.kms.katalon.core.webui.keyword.builtin.AcceptAlertKeyword$_acceptAlert_closure1.doCall(AcceptAlertKeyword.groovy:78)
	at com.kms.katalon.core.webui.keyword.builtin.AcceptAlertKeyword$_acceptAlert_closure1.call(AcceptAlertKeyword.groovy)
	at com.kms.katalon.core.webui.keyword.internal.WebUIKeywordMain.runKeyword(WebUIKeywordMain.groovy:20)
	at com.kms.katalon.core.webui.keyword.builtin.AcceptAlertKeyword.acceptAlert(AcceptAlertKeyword.groovy:71)
	at com.kms.katalon.core.webui.keyword.builtin.AcceptAlertKeyword.execute(AcceptAlertKeyword.groovy:66)
	at com.kms.katalon.core.keyword.internal.KeywordExecutor.executeKeywordForPlatform(KeywordExecutor.groovy:74)
	at com.kms.katalon.core.webui.keyword.WebUiBuiltInKeywords.acceptAlert(WebUiBuiltInKeywords.groovy:1510)
	at com.kms.katalon.core.webui.keyword.WebUiBuiltInKeywords$acceptAlert$18.call(Unknown Source)
	at PC_RiskAnalysisScreen_ApproveUWIssues.run(PC_RiskAnalysisScreen_ApproveUWIssues:70)
	at com.kms.katalon.core.main.ScriptEngine.run(ScriptEngine.java:194)
	at com.kms.katalon.core.main.ScriptEngine.runScriptAsRawText(ScriptEngine.java:119)
	at com.kms.katalon.core.main.TestCaseExecutor.runScript(TestCaseExecutor.java:448)
	at com.kms.katalon.core.main.TestCaseExecutor.doExecute(TestCaseExecutor.java:439)
	at com.kms.katalon.core.main.TestCaseExecutor.processExecutionPhase(TestCaseExecutor.java:418)
	at com.kms.katalon.core.main.TestCaseExecutor.accessMainPhase(TestCaseExecutor.java:410)
	at com.kms.katalon.core.main.TestCaseExecutor.execute(TestCaseExecutor.java:285)
	at com.kms.katalon.core.main.TestCaseMain.runTestCase(TestCaseMain.java:144)
	at com.kms.katalon.core.keyword.builtin.CallTestCaseKeyword$_callTestCase_closure1.doCall(CallTestCaseKeyword.groovy:59)
	at com.kms.katalon.core.keyword.builtin.CallTestCaseKeyword$_callTestCase_closure1.call(CallTestCaseKeyword.groovy)
	at com.kms.katalon.core.keyword.internal.KeywordMain.runKeyword(KeywordMain.groovy:75)
	at com.kms.katalon.core.keyword.builtin.CallTestCaseKeyword.callTestCase(CallTestCaseKeyword.groovy:81)
	at com.kms.katalon.core.keyword.builtin.CallTestCaseKeyword.execute(CallTestCaseKeyword.groovy:44)
	at com.kms.katalon.core.keyword.internal.KeywordExecutor.executeKeywordForPlatform(KeywordExecutor.groovy:74)
	at com.kms.katalon.core.keyword.BuiltinKeywords.callTestCase(BuiltinKeywords.groovy:310)
	at Portal_SmokeTest_WIState.run(Portal_SmokeTest_WIState:224)
	at com.kms.katalon.core.main.ScriptEngine.run(ScriptEngine.java:194)
	at com.kms.katalon.core.main.ScriptEngine.runScriptAsRawText(ScriptEngine.java:119)
	at com.kms.katalon.core.main.TestCaseExecutor.runScript(TestCaseExecutor.java:448)
	at com.kms.katalon.core.main.TestCaseExecutor.doExecute(TestCaseExecutor.java:439)
	at com.kms.katalon.core.main.TestCaseExecutor.processExecutionPhase(TestCaseExecutor.java:418)
	at com.kms.katalon.core.main.TestCaseExecutor.accessMainPhase(TestCaseExecutor.java:410)
	at com.kms.katalon.core.main.TestCaseExecutor.execute(TestCaseExecutor.java:285)
	at com.kms.katalon.core.common.CommonExecutor.accessTestCaseMainPhase(CommonExecutor.java:65)
	at com.kms.katalon.core.main.TestSuiteExecutor.accessTestSuiteMainPhase(TestSuiteExecutor.java:148)
	at com.kms.katalon.core.main.TestSuiteExecutor.execute(TestSuiteExecutor.java:106)
	at com.kms.katalon.core.main.TestCaseMain.startTestSuite(TestCaseMain.java:187)
	at com.kms.katalon.core.main.TestCaseMain$startTestSuite$0.call(Unknown Source)
	at TempTestSuite1712747184320.run(TempTestSuite1712747184320.groovy:36)
)
[[ATTACHMENT|C:\\Users\\LellKir\\git\\HMIC-Portal\\HMIC-Portal\\HMIC-Portal\\HMIC-Portal\\HMIC-Portal\\HMIC-Portal\\Reports\\20240410_070624\\AgencyPortal_SmokeTest_WC\\20240410_070624\\1712748280845.png]]

2024-04-10 07:24:41 - [TEST_STEP][PASSED] - click(findTestObject("Object Repository/PolicyCenter/PolicyCenterObjects/PC_RiskAnalysis_Button_Approve")): Object: 'Object Repository/PolicyCenter/PolicyCenterObjects/PC_RiskAnalysis_Button_Approve' is clicked on

2024-04-10 07:24:42 - [MESSAGE][PASSED] - Object: 'Object Repository/PolicyCenter/PolicyCenterObjects/PC_RiskAnalysis_Button_Approve' is clicked on

2024-04-10 07:24:42 - [TEST_STEP][PASSED] - verifyElementText(findTestObject("PolicyCenter/PolicyCenterObjects/PC_Common_Label_Title"), "Risk Approval Details"): Actual text and expected text of test object 'Object Repository/PolicyCenter/PolicyCenterObjects/PC_Common_Label_Title' are matched.

2024-04-10 07:24:43 - [MESSAGE][PASSED] - Actual text and expected text of test object 'Object Repository/PolicyCenter/PolicyCenterObjects/PC_Common_Label_Title' are matched.

2024-04-10 07:24:43 - [TEST_STEP][PASSED] - click(findTestObject("Object Repository/PolicyCenter/PolicyCenterObjects/PC_RiskAnalysis_Button_OK")): Object: 'Object Repository/PolicyCenter/PolicyCenterObjects/PC_RiskAnalysis_Button_OK' is clicked on

2024-04-10 07:24:43 - [MESSAGE][PASSED] - Object: 'Object Repository/PolicyCenter/PolicyCenterObjects/PC_RiskAnalysis_Button_OK' is clicked on

2024-04-10 07:24:43 - [TEST_STEP][PASSED] - acceptAlert(OPTIONAL): No alert found (Root cause: com.kms.katalon.core.exception.StepFailedException: No alert found
	at com.kms.katalon.core.webui.keyword.internal.WebUIKeywordMain.stepFailed(WebUIKeywordMain.groovy:64)
	at com.kms.katalon.core.webui.keyword.builtin.AcceptAlertKeyword$_acceptAlert_closure1.doCall(AcceptAlertKeyword.groovy:78)
	at com.kms.katalon.core.webui.keyword.builtin.AcceptAlertKeyword$_acceptAlert_closure1.call(AcceptAlertKeyword.groovy)
	at com.kms.katalon.core.webui.keyword.internal.WebUIKeywordMain.runKeyword(WebUIKeywordMain.groovy:20)
	at com.kms.katalon.core.webui.keyword.builtin.AcceptAlertKeyword.acceptAlert(AcceptAlertKeyword.groovy:71)
	at com.kms.katalon.core.webui.keyword.builtin.AcceptAlertKeyword.execute(AcceptAlertKeyword.groovy:66)
	at com.kms.katalon.core.keyword.internal.KeywordExecutor.executeKeywordForPlatform(KeywordExecutor.groovy:74)
	at com.kms.katalon.core.webui.keyword.WebUiBuiltInKeywords.acceptAlert(WebUiBuiltInKeywords.groovy:1510)
	at com.kms.katalon.core.webui.keyword.WebUiBuiltInKeywords$acceptAlert$18.call(Unknown Source)
	at PC_RiskAnalysisScreen_ApproveUWIssues.run(PC_RiskAnalysisScreen_ApproveUWIssues:70)
	at com.kms.katalon.core.main.ScriptEngine.run(ScriptEngine.java:194)
	at com.kms.katalon.core.main.ScriptEngine.runScriptAsRawText(ScriptEngine.java:119)
	at com.kms.katalon.core.main.TestCaseExecutor.runScript(TestCaseExecutor.java:448)
	at com.kms.katalon.core.main.TestCaseExecutor.doExecute(TestCaseExecutor.java:439)
	at com.kms.katalon.core.main.TestCaseExecutor.processExecutionPhase(TestCaseExecutor.java:418)
	at com.kms.katalon.core.main.TestCaseExecutor.accessMainPhase(TestCaseExecutor.java:410)
	at com.kms.katalon.core.main.TestCaseExecutor.execute(TestCaseExecutor.java:285)
	at com.kms.katalon.core.main.TestCaseMain.runTestCase(TestCaseMain.java:144)
	at com.kms.katalon.core.keyword.builtin.CallTestCaseKeyword$_callTestCase_closure1.doCall(CallTestCaseKeyword.groovy:59)
	at com.kms.katalon.core.keyword.builtin.CallTestCaseKeyword$_callTestCase_closure1.call(CallTestCaseKeyword.groovy)
	at com.kms.katalon.core.keyword.internal.KeywordMain.runKeyword(KeywordMain.groovy:75)
	at com.kms.katalon.core.keyword.builtin.CallTestCaseKeyword.callTestCase(CallTestCaseKeyword.groovy:81)
	at com.kms.katalon.core.keyword.builtin.CallTestCaseKeyword.execute(CallTestCaseKeyword.groovy:44)
	at com.kms.katalon.core.keyword.internal.KeywordExecutor.executeKeywordForPlatform(KeywordExecutor.groovy:74)
	at com.kms.katalon.core.keyword.BuiltinKeywords.callTestCase(BuiltinKeywords.groovy:310)
	at Portal_SmokeTest_WIState.run(Portal_SmokeTest_WIState:224)
	at com.kms.katalon.core.main.ScriptEngine.run(ScriptEngine.java:194)
	at com.kms.katalon.core.main.ScriptEngine.runScriptAsRawText(ScriptEngine.java:119)
	at com.kms.katalon.core.main.TestCaseExecutor.runScript(TestCaseExecutor.java:448)
	at com.kms.katalon.core.main.TestCaseExecutor.doExecute(TestCaseExecutor.java:439)
	at com.kms.katalon.core.main.TestCaseExecutor.processExecutionPhase(TestCaseExecutor.java:418)
	at com.kms.katalon.core.main.TestCaseExecutor.accessMainPhase(TestCaseExecutor.java:410)
	at com.kms.katalon.core.main.TestCaseExecutor.execute(TestCaseExecutor.java:285)
	at com.kms.katalon.core.common.CommonExecutor.accessTestCaseMainPhase(CommonExecutor.java:65)
	at com.kms.katalon.core.main.TestSuiteExecutor.accessTestSuiteMainPhase(TestSuiteExecutor.java:148)
	at com.kms.katalon.core.main.TestSuiteExecutor.execute(TestSuiteExecutor.java:106)
	at com.kms.katalon.core.main.TestCaseMain.startTestSuite(TestCaseMain.java:187)
	at com.kms.katalon.core.main.TestCaseMain$startTestSuite$0.call(Unknown Source)
	at TempTestSuite1712747184320.run(TempTestSuite1712747184320.groovy:36)
)

2024-04-10 07:24:43 - [MESSAGE][WARNING] - No alert found (Root cause: com.kms.katalon.core.exception.StepFailedException: No alert found
	at com.kms.katalon.core.webui.keyword.internal.WebUIKeywordMain.stepFailed(WebUIKeywordMain.groovy:64)
	at com.kms.katalon.core.webui.keyword.builtin.AcceptAlertKeyword$_acceptAlert_closure1.doCall(AcceptAlertKeyword.groovy:78)
	at com.kms.katalon.core.webui.keyword.builtin.AcceptAlertKeyword$_acceptAlert_closure1.call(AcceptAlertKeyword.groovy)
	at com.kms.katalon.core.webui.keyword.internal.WebUIKeywordMain.runKeyword(WebUIKeywordMain.groovy:20)
	at com.kms.katalon.core.webui.keyword.builtin.AcceptAlertKeyword.acceptAlert(AcceptAlertKeyword.groovy:71)
	at com.kms.katalon.core.webui.keyword.builtin.AcceptAlertKeyword.execute(AcceptAlertKeyword.groovy:66)
	at com.kms.katalon.core.keyword.internal.KeywordExecutor.executeKeywordForPlatform(KeywordExecutor.groovy:74)
	at com.kms.katalon.core.webui.keyword.WebUiBuiltInKeywords.acceptAlert(WebUiBuiltInKeywords.groovy:1510)
	at com.kms.katalon.core.webui.keyword.WebUiBuiltInKeywords$acceptAlert$18.call(Unknown Source)
	at PC_RiskAnalysisScreen_ApproveUWIssues.run(PC_RiskAnalysisScreen_ApproveUWIssues:70)
	at com.kms.katalon.core.main.ScriptEngine.run(ScriptEngine.java:194)
	at com.kms.katalon.core.main.ScriptEngine.runScriptAsRawText(ScriptEngine.java:119)
	at com.kms.katalon.core.main.TestCaseExecutor.runScript(TestCaseExecutor.java:448)
	at com.kms.katalon.core.main.TestCaseExecutor.doExecute(TestCaseExecutor.java:439)
	at com.kms.katalon.core.main.TestCaseExecutor.processExecutionPhase(TestCaseExecutor.java:418)
	at com.kms.katalon.core.main.TestCaseExecutor.accessMainPhase(TestCaseExecutor.java:410)
	at com.kms.katalon.core.main.TestCaseExecutor.execute(TestCaseExecutor.java:285)
	at com.kms.katalon.core.main.TestCaseMain.runTestCase(TestCaseMain.java:144)
	at com.kms.katalon.core.keyword.builtin.CallTestCaseKeyword$_callTestCase_closure1.doCall(CallTestCaseKeyword.groovy:59)
	at com.kms.katalon.core.keyword.builtin.CallTestCaseKeyword$_callTestCase_closure1.call(CallTestCaseKeyword.groovy)
	at com.kms.katalon.core.keyword.internal.KeywordMain.runKeyword(KeywordMain.groovy:75)
	at com.kms.katalon.core.keyword.builtin.CallTestCaseKeyword.callTestCase(CallTestCaseKeyword.groovy:81)
	at com.kms.katalon.core.keyword.builtin.CallTestCaseKeyword.execute(CallTestCaseKeyword.groovy:44)
	at com.kms.katalon.core.keyword.internal.KeywordExecutor.executeKeywordForPlatform(KeywordExecutor.groovy:74)
	at com.kms.katalon.core.keyword.BuiltinKeywords.callTestCase(BuiltinKeywords.groovy:310)
	at Portal_SmokeTest_WIState.run(Portal_SmokeTest_WIState:224)
	at com.kms.katalon.core.main.ScriptEngine.run(ScriptEngine.java:194)
	at com.kms.katalon.core.main.ScriptEngine.runScriptAsRawText(ScriptEngine.java:119)
	at com.kms.katalon.core.main.TestCaseExecutor.runScript(TestCaseExecutor.java:448)
	at com.kms.katalon.core.main.TestCaseExecutor.doExecute(TestCaseExecutor.java:439)
	at com.kms.katalon.core.main.TestCaseExecutor.processExecutionPhase(TestCaseExecutor.java:418)
	at com.kms.katalon.core.main.TestCaseExecutor.accessMainPhase(TestCaseExecutor.java:410)
	at com.kms.katalon.core.main.TestCaseExecutor.execute(TestCaseExecutor.java:285)
	at com.kms.katalon.core.common.CommonExecutor.accessTestCaseMainPhase(CommonExecutor.java:65)
	at com.kms.katalon.core.main.TestSuiteExecutor.accessTestSuiteMainPhase(TestSuiteExecutor.java:148)
	at com.kms.katalon.core.main.TestSuiteExecutor.execute(TestSuiteExecutor.java:106)
	at com.kms.katalon.core.main.TestCaseMain.startTestSuite(TestCaseMain.java:187)
	at com.kms.katalon.core.main.TestCaseMain$startTestSuite$0.call(Unknown Source)
	at TempTestSuite1712747184320.run(TempTestSuite1712747184320.groovy:36)
)
[[ATTACHMENT|C:\\Users\\LellKir\\git\\HMIC-Portal\\HMIC-Portal\\HMIC-Portal\\HMIC-Portal\\HMIC-Portal\\HMIC-Portal\\Reports\\20240410_070624\\AgencyPortal_SmokeTest_WC\\20240410_070624\\1712748283601.png]]

2024-04-10 07:24:43 - [TEST_STEP][PASSED] - takeFullPageScreenshot(): Taking screenshot successfully

2024-04-10 07:24:44 - [MESSAGE][INFO] - 0 hidden object(s)

2024-04-10 07:24:44 - [MESSAGE][PASSED] - Taking screenshot successfully
[[ATTACHMENT|C:\\Users\\LellKir\\git\\HMIC-Portal\\HMIC-Portal\\HMIC-Portal\\HMIC-Portal\\HMIC-Portal\\HMIC-Portal\\Reports\\20240410_070624\\AgencyPortal_SmokeTest_WC\\20240410_070624\\1712748283749.png]]

2024-04-10 07:24:44 - [MESSAGE][PASSED] - Call Test Case 'Test Cases/PolicyCenter_Pages/PC_CommonScreens/PC_RiskAnalysisScreen_ApproveUWIssues' successfully

2024-04-10 07:24:44 - [TEST_STEP][PASSED] - click(findTestObject("PolicyCenter/PolicyCenterObjects/PC_Common_Button_ReleaseLock"), OPTIONAL): Unable to click on object 'Object Repository/PolicyCenter/PolicyCenterObjects/PC_Common_Button_ReleaseLock' (Root cause: com.kms.katalon.core.exception.StepFailedException: Unable to click on object 'Object Repository/PolicyCenter/PolicyCenterObjects/PC_Common_Button_ReleaseLock'
	at com.kms.katalon.core.webui.keyword.internal.WebUIKeywordMain.stepFailed(WebUIKeywordMain.groovy:64)
	at com.kms.katalon.core.webui.keyword.internal.WebUIKeywordMain.runKeyword(WebUIKeywordMain.groovy:26)
	at com.kms.katalon.core.webui.keyword.builtin.ClickKeyword.click(ClickKeyword.groovy:74)
	at com.kms.katalon.core.webui.keyword.builtin.ClickKeyword.execute(ClickKeyword.groovy:40)
	at com.kms.katalon.core.keyword.internal.KeywordExecutor.executeKeywordForPlatform(KeywordExecutor.groovy:74)
	at com.kms.katalon.core.webui.keyword.WebUiBuiltInKeywords.click(WebUiBuiltInKeywords.groovy:608)
	at com.kms.katalon.core.webui.keyword.WebUiBuiltInKeywords$click$5.call(Unknown Source)
	at Portal_SmokeTest_WIState.run(Portal_SmokeTest_WIState:226)
	at com.kms.katalon.core.main.ScriptEngine.run(ScriptEngine.java:194)
	at com.kms.katalon.core.main.ScriptEngine.runScriptAsRawText(ScriptEngine.java:119)
	at com.kms.katalon.core.main.TestCaseExecutor.runScript(TestCaseExecutor.java:448)
	at com.kms.katalon.core.main.TestCaseExecutor.doExecute(TestCaseExecutor.java:439)
	at com.kms.katalon.core.main.TestCaseExecutor.processExecutionPhase(TestCaseExecutor.java:418)
	at com.kms.katalon.core.main.TestCaseExecutor.accessMainPhase(TestCaseExecutor.java:410)
	at com.kms.katalon.core.main.TestCaseExecutor.execute(TestCaseExecutor.java:285)
	at com.kms.katalon.core.common.CommonExecutor.accessTestCaseMainPhase(CommonExecutor.java:65)
	at com.kms.katalon.core.main.TestSuiteExecutor.accessTestSuiteMainPhase(TestSuiteExecutor.java:148)
	at com.kms.katalon.core.main.TestSuiteExecutor.execute(TestSuiteExecutor.java:106)
	at com.kms.katalon.core.main.TestCaseMain.startTestSuite(TestCaseMain.java:187)
	at com.kms.katalon.core.main.TestCaseMain$startTestSuite$0.call(Unknown Source)
	at TempTestSuite1712747184320.run(TempTestSuite1712747184320.groovy:36)
Caused by: com.kms.katalon.core.webui.exception.WebElementNotFoundException: Web element with id: 'Object Repository/PolicyCenter/PolicyCenterObjects/PC_Common_Button_ReleaseLock' located by '//div[contains(@id,'JobWizardToolbarButtonSet-Unlock')]//div[@class='gw-label']' not found
	at com.kms.katalon.core.webui.common.WebUiCommonHelper.findWebElement(WebUiCommonHelper.java:1381)
	at com.kms.katalon.core.webui.keyword.internal.WebUIAbstractKeyword.findWebElement(WebUIAbstractKeyword.groovy:27)
	at com.kms.katalon.core.webui.keyword.builtin.ClickKeyword$_click_closure1.doCall(ClickKeyword.groovy:65)
	at com.kms.katalon.core.webui.keyword.builtin.ClickKeyword$_click_closure1.call(ClickKeyword.groovy)
	at com.kms.katalon.core.webui.keyword.internal.WebUIKeywordMain.runKeyword(WebUIKeywordMain.groovy:20)
	at com.kms.katalon.core.webui.keyword.builtin.ClickKeyword.click(ClickKeyword.groovy:74)
	at com.kms.katalon.core.webui.keyword.builtin.ClickKeyword.execute(ClickKeyword.groovy:40)
	at com.kms.katalon.core.keyword.internal.KeywordExecutor.executeKeywordForPlatform(KeywordExecutor.groovy:74)
	at com.kms.katalon.core.webui.keyword.WebUiBuiltInKeywords.click(WebUiBuiltInKeywords.groovy:608)
	at com.kms.katalon.core.webui.keyword.WebUiBuiltInKeywords$click$5.call(Unknown Source)
	at Script1689938677126.run(Script1689938677126.groovy:226)
	... 13 more
)

2024-04-10 07:25:15 - [MESSAGE][INFO] - Unable to find the element located by 'By.xpath: //div[contains(@id,'JobWizardToolbarButtonSet-Unlock')]//div[@class='gw-label']'. Please recheck the objects properties to make sure the desired element is located. 

2024-04-10 07:25:15 - [MESSAGE][WARNING] - [SELF-HEALING] Failed to find element with id 'Object Repository/PolicyCenter/PolicyCenterObjects/PC_Common_Button_ReleaseLock'. Try using Self-healing.

2024-04-10 07:25:16 - [MESSAGE][INFO] - [SELF-HEALING] No working XPath is found.

2024-04-10 07:25:17 - [MESSAGE][INFO] - Unable to find the element located by 'By.xpath: '. Please recheck the objects properties to make sure the desired element is located. 

2024-04-10 07:25:17 - [MESSAGE][WARNING] - [SELF-HEALING] Cannot find elements when the selector is null

2024-04-10 07:25:17 - [MESSAGE][WARNING] - Unable to click on object 'Object Repository/PolicyCenter/PolicyCenterObjects/PC_Common_Button_ReleaseLock' (Root cause: com.kms.katalon.core.exception.StepFailedException: Unable to click on object 'Object Repository/PolicyCenter/PolicyCenterObjects/PC_Common_Button_ReleaseLock'
	at com.kms.katalon.core.webui.keyword.internal.WebUIKeywordMain.stepFailed(WebUIKeywordMain.groovy:64)
	at com.kms.katalon.core.webui.keyword.internal.WebUIKeywordMain.runKeyword(WebUIKeywordMain.groovy:26)
	at com.kms.katalon.core.webui.keyword.builtin.ClickKeyword.click(ClickKeyword.groovy:74)
	at com.kms.katalon.core.webui.keyword.builtin.ClickKeyword.execute(ClickKeyword.groovy:40)
	at com.kms.katalon.core.keyword.internal.KeywordExecutor.executeKeywordForPlatform(KeywordExecutor.groovy:74)
	at com.kms.katalon.core.webui.keyword.WebUiBuiltInKeywords.click(WebUiBuiltInKeywords.groovy:608)
	at com.kms.katalon.core.webui.keyword.WebUiBuiltInKeywords$click$5.call(Unknown Source)
	at Portal_SmokeTest_WIState.run(Portal_SmokeTest_WIState:226)
	at com.kms.katalon.core.main.ScriptEngine.run(ScriptEngine.java:194)
	at com.kms.katalon.core.main.ScriptEngine.runScriptAsRawText(ScriptEngine.java:119)
	at com.kms.katalon.core.main.TestCaseExecutor.runScript(TestCaseExecutor.java:448)
	at com.kms.katalon.core.main.TestCaseExecutor.doExecute(TestCaseExecutor.java:439)
	at com.kms.katalon.core.main.TestCaseExecutor.processExecutionPhase(TestCaseExecutor.java:418)
	at com.kms.katalon.core.main.TestCaseExecutor.accessMainPhase(TestCaseExecutor.java:410)
	at com.kms.katalon.core.main.TestCaseExecutor.execute(TestCaseExecutor.java:285)
	at com.kms.katalon.core.common.CommonExecutor.accessTestCaseMainPhase(CommonExecutor.java:65)
	at com.kms.katalon.core.main.TestSuiteExecutor.accessTestSuiteMainPhase(TestSuiteExecutor.java:148)
	at com.kms.katalon.core.main.TestSuiteExecutor.execute(TestSuiteExecutor.java:106)
	at com.kms.katalon.core.main.TestCaseMain.startTestSuite(TestCaseMain.java:187)
	at com.kms.katalon.core.main.TestCaseMain$startTestSuite$0.call(Unknown Source)
	at TempTestSuite1712747184320.run(TempTestSuite1712747184320.groovy:36)
Caused by: com.kms.katalon.core.webui.exception.WebElementNotFoundException: Web element with id: 'Object Repository/PolicyCenter/PolicyCenterObjects/PC_Common_Button_ReleaseLock' located by '//div[contains(@id,'JobWizardToolbarButtonSet-Unlock')]//div[@class='gw-label']' not found
	at com.kms.katalon.core.webui.common.WebUiCommonHelper.findWebElement(WebUiCommonHelper.java:1381)
	at com.kms.katalon.core.webui.keyword.internal.WebUIAbstractKeyword.findWebElement(WebUIAbstractKeyword.groovy:27)
	at com.kms.katalon.core.webui.keyword.builtin.ClickKeyword$_click_closure1.doCall(ClickKeyword.groovy:65)
	at com.kms.katalon.core.webui.keyword.builtin.ClickKeyword$_click_closure1.call(ClickKeyword.groovy)
	at com.kms.katalon.core.webui.keyword.internal.WebUIKeywordMain.runKeyword(WebUIKeywordMain.groovy:20)
	at com.kms.katalon.core.webui.keyword.builtin.ClickKeyword.click(ClickKeyword.groovy:74)
	at com.kms.katalon.core.webui.keyword.builtin.ClickKeyword.execute(ClickKeyword.groovy:40)
	at com.kms.katalon.core.keyword.internal.KeywordExecutor.executeKeywordForPlatform(KeywordExecutor.groovy:74)
	at com.kms.katalon.core.webui.keyword.WebUiBuiltInKeywords.click(WebUiBuiltInKeywords.groovy:608)
	at com.kms.katalon.core.webui.keyword.WebUiBuiltInKeywords$click$5.call(Unknown Source)
	at Script1689938677126.run(Script1689938677126.groovy:226)
	... 13 more
)
[[ATTACHMENT|C:\\Users\\LellKir\\git\\HMIC-Portal\\HMIC-Portal\\HMIC-Portal\\HMIC-Portal\\HMIC-Portal\\HMIC-Portal\\Reports\\20240410_070624\\AgencyPortal_SmokeTest_WC\\20240410_070624\\1712748317609.png]]

2024-04-10 07:25:17 - [TEST_STEP][PASSED] - selectOptionByLabel(findTestObject("PolicyCenter/PolicyCenterObjects/PC_UWActivity_Dropdown_AssignTo"), "Test Processor3 (Renewal Com Proc)", false, OPTIONAL): Unable to select option by label 'Test Processor3 (Renewal Com Proc)' of object 'Object Repository/PolicyCenter/PolicyCenterObjects/PC_UWActivity_Dropdown_AssignTo'  (Root cause: com.kms.katalon.core.exception.StepFailedException: Unable to select option by label 'Test Processor3 (Renewal Com Proc)' of object 'Object Repository/PolicyCenter/PolicyCenterObjects/PC_UWActivity_Dropdown_AssignTo' 
	at com.kms.katalon.core.webui.keyword.internal.WebUIKeywordMain.stepFailed(WebUIKeywordMain.groovy:64)
	at com.kms.katalon.core.webui.keyword.internal.WebUIKeywordMain.runKeyword(WebUIKeywordMain.groovy:26)
	at com.kms.katalon.core.webui.keyword.builtin.SelectOptionByLabelKeyword.selectOptionByLabel(SelectOptionByLabelKeyword.groovy:98)
	at com.kms.katalon.core.webui.keyword.builtin.SelectOptionByLabelKeyword.execute(SelectOptionByLabelKeyword.groovy:71)
	at com.kms.katalon.core.keyword.internal.KeywordExecutor.executeKeywordForPlatform(KeywordExecutor.groovy:74)
	at com.kms.katalon.core.webui.keyword.WebUiBuiltInKeywords.selectOptionByLabel(WebUiBuiltInKeywords.groovy:1213)
	at com.kms.katalon.core.webui.keyword.WebUiBuiltInKeywords$selectOptionByLabel$19.call(Unknown Source)
	at Portal_SmokeTest_WIState.run(Portal_SmokeTest_WIState:228)
	at com.kms.katalon.core.main.ScriptEngine.run(ScriptEngine.java:194)
	at com.kms.katalon.core.main.ScriptEngine.runScriptAsRawText(ScriptEngine.java:119)
	at com.kms.katalon.core.main.TestCaseExecutor.runScript(TestCaseExecutor.java:448)
	at com.kms.katalon.core.main.TestCaseExecutor.doExecute(TestCaseExecutor.java:439)
	at com.kms.katalon.core.main.TestCaseExecutor.processExecutionPhase(TestCaseExecutor.java:418)
	at com.kms.katalon.core.main.TestCaseExecutor.accessMainPhase(TestCaseExecutor.java:410)
	at com.kms.katalon.core.main.TestCaseExecutor.execute(TestCaseExecutor.java:285)
	at com.kms.katalon.core.common.CommonExecutor.accessTestCaseMainPhase(CommonExecutor.java:65)
	at com.kms.katalon.core.main.TestSuiteExecutor.accessTestSuiteMainPhase(TestSuiteExecutor.java:148)
	at com.kms.katalon.core.main.TestSuiteExecutor.execute(TestSuiteExecutor.java:106)
	at com.kms.katalon.core.main.TestCaseMain.startTestSuite(TestCaseMain.java:187)
	at com.kms.katalon.core.main.TestCaseMain$startTestSuite$0.call(Unknown Source)
	at TempTestSuite1712747184320.run(TempTestSuite1712747184320.groovy:36)
Caused by: com.kms.katalon.core.webui.exception.WebElementNotFoundException: Web element with id: 'Object Repository/PolicyCenter/PolicyCenterObjects/PC_UWActivity_Dropdown_AssignTo' located by '//div[text()='Assign To']/..//select' not found
	at com.kms.katalon.core.webui.common.WebUiCommonHelper.findWebElement(WebUiCommonHelper.java:1381)
	at com.kms.katalon.core.webui.keyword.internal.WebUIAbstractKeyword.findWebElement(WebUIAbstractKeyword.groovy:27)
	at com.kms.katalon.core.webui.keyword.internal.WebUIAbstractKeyword.findWebElement(WebUIAbstractKeyword.groovy:26)
	at com.kms.katalon.core.webui.keyword.builtin.SelectOptionByLabelKeyword$_selectOptionByLabel_closure1.doCall(SelectOptionByLabelKeyword.groovy:86)
	at com.kms.katalon.core.webui.keyword.builtin.SelectOptionByLabelKeyword$_selectOptionByLabel_closure1.call(SelectOptionByLabelKeyword.groovy)
	at com.kms.katalon.core.webui.keyword.internal.WebUIKeywordMain.runKeyword(WebUIKeywordMain.groovy:20)
	at com.kms.katalon.core.webui.keyword.builtin.SelectOptionByLabelKeyword.selectOptionByLabel(SelectOptionByLabelKeyword.groovy:98)
	at com.kms.katalon.core.webui.keyword.builtin.SelectOptionByLabelKeyword.execute(SelectOptionByLabelKeyword.groovy:71)
	at com.kms.katalon.core.keyword.internal.KeywordExecutor.executeKeywordForPlatform(KeywordExecutor.groovy:74)
	at com.kms.katalon.core.webui.keyword.WebUiBuiltInKeywords.selectOptionByLabel(WebUiBuiltInKeywords.groovy:1213)
	at com.kms.katalon.core.webui.keyword.WebUiBuiltInKeywords$selectOptionByLabel$19.call(Unknown Source)
	at Script1689938677126.run(Script1689938677126.groovy:228)
	... 13 more
)

2024-04-10 07:25:49 - [MESSAGE][INFO] - Unable to find the element located by 'By.xpath: //div[text()='Assign To']/..//select'. Please recheck the objects properties to make sure the desired element is located. 

2024-04-10 07:25:49 - [MESSAGE][WARNING] - [SELF-HEALING] Failed to find element with id 'Object Repository/PolicyCenter/PolicyCenterObjects/PC_UWActivity_Dropdown_AssignTo'. Try using Self-healing.

2024-04-10 07:25:50 - [MESSAGE][INFO] - [SELF-HEALING] No working XPath is found.

2024-04-10 07:25:51 - [MESSAGE][INFO] - Unable to find the element located by 'By.xpath: '. Please recheck the objects properties to make sure the desired element is located. 

2024-04-10 07:25:51 - [MESSAGE][WARNING] - [SELF-HEALING] Cannot find elements when the selector is null

2024-04-10 07:25:51 - [MESSAGE][WARNING] - Unable to select option by label 'Test Processor3 (Renewal Com Proc)' of object 'Object Repository/PolicyCenter/PolicyCenterObjects/PC_UWActivity_Dropdown_AssignTo'  (Root cause: com.kms.katalon.core.exception.StepFailedException: Unable to select option by label 'Test Processor3 (Renewal Com Proc)' of object 'Object Repository/PolicyCenter/PolicyCenterObjects/PC_UWActivity_Dropdown_AssignTo' 
	at com.kms.katalon.core.webui.keyword.internal.WebUIKeywordMain.stepFailed(WebUIKeywordMain.groovy:64)
	at com.kms.katalon.core.webui.keyword.internal.WebUIKeywordMain.runKeyword(WebUIKeywordMain.groovy:26)
	at com.kms.katalon.core.webui.keyword.builtin.SelectOptionByLabelKeyword.selectOptionByLabel(SelectOptionByLabelKeyword.groovy:98)
	at com.kms.katalon.core.webui.keyword.builtin.SelectOptionByLabelKeyword.execute(SelectOptionByLabelKeyword.groovy:71)
	at com.kms.katalon.core.keyword.internal.KeywordExecutor.executeKeywordForPlatform(KeywordExecutor.groovy:74)
	at com.kms.katalon.core.webui.keyword.WebUiBuiltInKeywords.selectOptionByLabel(WebUiBuiltInKeywords.groovy:1213)
	at com.kms.katalon.core.webui.keyword.WebUiBuiltInKeywords$selectOptionByLabel$19.call(Unknown Source)
	at Portal_SmokeTest_WIState.run(Portal_SmokeTest_WIState:228)
	at com.kms.katalon.core.main.ScriptEngine.run(ScriptEngine.java:194)
	at com.kms.katalon.core.main.ScriptEngine.runScriptAsRawText(ScriptEngine.java:119)
	at com.kms.katalon.core.main.TestCaseExecutor.runScript(TestCaseExecutor.java:448)
	at com.kms.katalon.core.main.TestCaseExecutor.doExecute(TestCaseExecutor.java:439)
	at com.kms.katalon.core.main.TestCaseExecutor.processExecutionPhase(TestCaseExecutor.java:418)
	at com.kms.katalon.core.main.TestCaseExecutor.accessMainPhase(TestCaseExecutor.java:410)
	at com.kms.katalon.core.main.TestCaseExecutor.execute(TestCaseExecutor.java:285)
	at com.kms.katalon.core.common.CommonExecutor.accessTestCaseMainPhase(CommonExecutor.java:65)
	at com.kms.katalon.core.main.TestSuiteExecutor.accessTestSuiteMainPhase(TestSuiteExecutor.java:148)
	at com.kms.katalon.core.main.TestSuiteExecutor.execute(TestSuiteExecutor.java:106)
	at com.kms.katalon.core.main.TestCaseMain.startTestSuite(TestCaseMain.java:187)
	at com.kms.katalon.core.main.TestCaseMain$startTestSuite$0.call(Unknown Source)
	at TempTestSuite1712747184320.run(TempTestSuite1712747184320.groovy:36)
Caused by: com.kms.katalon.core.webui.exception.WebElementNotFoundException: Web element with id: 'Object Repository/PolicyCenter/PolicyCenterObjects/PC_UWActivity_Dropdown_AssignTo' located by '//div[text()='Assign To']/..//select' not found
	at com.kms.katalon.core.webui.common.WebUiCommonHelper.findWebElement(WebUiCommonHelper.java:1381)
	at com.kms.katalon.core.webui.keyword.internal.WebUIAbstractKeyword.findWebElement(WebUIAbstractKeyword.groovy:27)
	at com.kms.katalon.core.webui.keyword.internal.WebUIAbstractKeyword.findWebElement(WebUIAbstractKeyword.groovy:26)
	at com.kms.katalon.core.webui.keyword.builtin.SelectOptionByLabelKeyword$_selectOptionByLabel_closure1.doCall(SelectOptionByLabelKeyword.groovy:86)
	at com.kms.katalon.core.webui.keyword.builtin.SelectOptionByLabelKeyword$_selectOptionByLabel_closure1.call(SelectOptionByLabelKeyword.groovy)
	at com.kms.katalon.core.webui.keyword.internal.WebUIKeywordMain.runKeyword(WebUIKeywordMain.groovy:20)
	at com.kms.katalon.core.webui.keyword.builtin.SelectOptionByLabelKeyword.selectOptionByLabel(SelectOptionByLabelKeyword.groovy:98)
	at com.kms.katalon.core.webui.keyword.builtin.SelectOptionByLabelKeyword.execute(SelectOptionByLabelKeyword.groovy:71)
	at com.kms.katalon.core.keyword.internal.KeywordExecutor.executeKeywordForPlatform(KeywordExecutor.groovy:74)
	at com.kms.katalon.core.webui.keyword.WebUiBuiltInKeywords.selectOptionByLabel(WebUiBuiltInKeywords.groovy:1213)
	at com.kms.katalon.core.webui.keyword.WebUiBuiltInKeywords$selectOptionByLabel$19.call(Unknown Source)
	at Script1689938677126.run(Script1689938677126.groovy:228)
	... 13 more
)
[[ATTACHMENT|C:\\Users\\LellKir\\git\\HMIC-Portal\\HMIC-Portal\\HMIC-Portal\\HMIC-Portal\\HMIC-Portal\\HMIC-Portal\\Reports\\20240410_070624\\AgencyPortal_SmokeTest_WC\\20240410_070624\\1712748351265.png]]

2024-04-10 07:25:51 - [TEST_STEP][PASSED] - click(findTestObject("PolicyCenter/PolicyCenterObjects/PC_UWActivity_Button_Release"), OPTIONAL): Unable to click on object 'Object Repository/PolicyCenter/PolicyCenterObjects/PC_UWActivity_Button_Release' (Root cause: com.kms.katalon.core.exception.StepFailedException: Unable to click on object 'Object Repository/PolicyCenter/PolicyCenterObjects/PC_UWActivity_Button_Release'
	at com.kms.katalon.core.webui.keyword.internal.WebUIKeywordMain.stepFailed(WebUIKeywordMain.groovy:64)
	at com.kms.katalon.core.webui.keyword.internal.WebUIKeywordMain.runKeyword(WebUIKeywordMain.groovy:26)
	at com.kms.katalon.core.webui.keyword.builtin.ClickKeyword.click(ClickKeyword.groovy:74)
	at com.kms.katalon.core.webui.keyword.builtin.ClickKeyword.execute(ClickKeyword.groovy:40)
	at com.kms.katalon.core.keyword.internal.KeywordExecutor.executeKeywordForPlatform(KeywordExecutor.groovy:74)
	at com.kms.katalon.core.webui.keyword.WebUiBuiltInKeywords.click(WebUiBuiltInKeywords.groovy:608)
	at com.kms.katalon.core.webui.keyword.WebUiBuiltInKeywords$click$5.call(Unknown Source)
	at Portal_SmokeTest_WIState.run(Portal_SmokeTest_WIState:231)
	at com.kms.katalon.core.main.ScriptEngine.run(ScriptEngine.java:194)
	at com.kms.katalon.core.main.ScriptEngine.runScriptAsRawText(ScriptEngine.java:119)
	at com.kms.katalon.core.main.TestCaseExecutor.runScript(TestCaseExecutor.java:448)
	at com.kms.katalon.core.main.TestCaseExecutor.doExecute(TestCaseExecutor.java:439)
	at com.kms.katalon.core.main.TestCaseExecutor.processExecutionPhase(TestCaseExecutor.java:418)
	at com.kms.katalon.core.main.TestCaseExecutor.accessMainPhase(TestCaseExecutor.java:410)
	at com.kms.katalon.core.main.TestCaseExecutor.execute(TestCaseExecutor.java:285)
	at com.kms.katalon.core.common.CommonExecutor.accessTestCaseMainPhase(CommonExecutor.java:65)
	at com.kms.katalon.core.main.TestSuiteExecutor.accessTestSuiteMainPhase(TestSuiteExecutor.java:148)
	at com.kms.katalon.core.main.TestSuiteExecutor.execute(TestSuiteExecutor.java:106)
	at com.kms.katalon.core.main.TestCaseMain.startTestSuite(TestCaseMain.java:187)
	at com.kms.katalon.core.main.TestCaseMain$startTestSuite$0.call(Unknown Source)
	at TempTestSuite1712747184320.run(TempTestSuite1712747184320.groovy:36)
Caused by: com.kms.katalon.core.webui.exception.WebElementNotFoundException: Web element with id: 'Object Repository/PolicyCenter/PolicyCenterObjects/PC_UWActivity_Button_Release' located by '//div[@role='button']//div[text()='Release']' not found
	at com.kms.katalon.core.webui.common.WebUiCommonHelper.findWebElement(WebUiCommonHelper.java:1381)
	at com.kms.katalon.core.webui.keyword.internal.WebUIAbstractKeyword.findWebElement(WebUIAbstractKeyword.groovy:27)
	at com.kms.katalon.core.webui.keyword.builtin.ClickKeyword$_click_closure1.doCall(ClickKeyword.groovy:65)
	at com.kms.katalon.core.webui.keyword.builtin.ClickKeyword$_click_closure1.call(ClickKeyword.groovy)
	at com.kms.katalon.core.webui.keyword.internal.WebUIKeywordMain.runKeyword(WebUIKeywordMain.groovy:20)
	at com.kms.katalon.core.webui.keyword.builtin.ClickKeyword.click(ClickKeyword.groovy:74)
	at com.kms.katalon.core.webui.keyword.builtin.ClickKeyword.execute(ClickKeyword.groovy:40)
	at com.kms.katalon.core.keyword.internal.KeywordExecutor.executeKeywordForPlatform(KeywordExecutor.groovy:74)
	at com.kms.katalon.core.webui.keyword.WebUiBuiltInKeywords.click(WebUiBuiltInKeywords.groovy:608)
	at com.kms.katalon.core.webui.keyword.WebUiBuiltInKeywords$click$5.call(Unknown Source)
	at Script1689938677126.run(Script1689938677126.groovy:231)
	... 13 more
)

2024-04-10 07:26:22 - [MESSAGE][INFO] - Unable to find the element located by 'By.xpath: //div[@role='button']//div[text()='Release']'. Please recheck the objects properties to make sure the desired element is located. 

2024-04-10 07:26:22 - [MESSAGE][WARNING] - [SELF-HEALING] Failed to find element with id 'Object Repository/PolicyCenter/PolicyCenterObjects/PC_UWActivity_Button_Release'. Try using Self-healing.

2024-04-10 07:26:23 - [MESSAGE][INFO] - [SELF-HEALING] No working XPath is found.

2024-04-10 07:26:24 - [MESSAGE][INFO] - Unable to find the element located by 'By.xpath: '. Please recheck the objects properties to make sure the desired element is located. 

2024-04-10 07:26:24 - [MESSAGE][WARNING] - [SELF-HEALING] Cannot find elements when the selector is null

2024-04-10 07:26:24 - [MESSAGE][WARNING] - Unable to click on object 'Object Repository/PolicyCenter/PolicyCenterObjects/PC_UWActivity_Button_Release' (Root cause: com.kms.katalon.core.exception.StepFailedException: Unable to click on object 'Object Repository/PolicyCenter/PolicyCenterObjects/PC_UWActivity_Button_Release'
	at com.kms.katalon.core.webui.keyword.internal.WebUIKeywordMain.stepFailed(WebUIKeywordMain.groovy:64)
	at com.kms.katalon.core.webui.keyword.internal.WebUIKeywordMain.runKeyword(WebUIKeywordMain.groovy:26)
	at com.kms.katalon.core.webui.keyword.builtin.ClickKeyword.click(ClickKeyword.groovy:74)
	at com.kms.katalon.core.webui.keyword.builtin.ClickKeyword.execute(ClickKeyword.groovy:40)
	at com.kms.katalon.core.keyword.internal.KeywordExecutor.executeKeywordForPlatform(KeywordExecutor.groovy:74)
	at com.kms.katalon.core.webui.keyword.WebUiBuiltInKeywords.click(WebUiBuiltInKeywords.groovy:608)
	at com.kms.katalon.core.webui.keyword.WebUiBuiltInKeywords$click$5.call(Unknown Source)
	at Portal_SmokeTest_WIState.run(Portal_SmokeTest_WIState:231)
	at com.kms.katalon.core.main.ScriptEngine.run(ScriptEngine.java:194)
	at com.kms.katalon.core.main.ScriptEngine.runScriptAsRawText(ScriptEngine.java:119)
	at com.kms.katalon.core.main.TestCaseExecutor.runScript(TestCaseExecutor.java:448)
	at com.kms.katalon.core.main.TestCaseExecutor.doExecute(TestCaseExecutor.java:439)
	at com.kms.katalon.core.main.TestCaseExecutor.processExecutionPhase(TestCaseExecutor.java:418)
	at com.kms.katalon.core.main.TestCaseExecutor.accessMainPhase(TestCaseExecutor.java:410)
	at com.kms.katalon.core.main.TestCaseExecutor.execute(TestCaseExecutor.java:285)
	at com.kms.katalon.core.common.CommonExecutor.accessTestCaseMainPhase(CommonExecutor.java:65)
	at com.kms.katalon.core.main.TestSuiteExecutor.accessTestSuiteMainPhase(TestSuiteExecutor.java:148)
	at com.kms.katalon.core.main.TestSuiteExecutor.execute(TestSuiteExecutor.java:106)
	at com.kms.katalon.core.main.TestCaseMain.startTestSuite(TestCaseMain.java:187)
	at com.kms.katalon.core.main.TestCaseMain$startTestSuite$0.call(Unknown Source)
	at TempTestSuite1712747184320.run(TempTestSuite1712747184320.groovy:36)
Caused by: com.kms.katalon.core.webui.exception.WebElementNotFoundException: Web element with id: 'Object Repository/PolicyCenter/PolicyCenterObjects/PC_UWActivity_Button_Release' located by '//div[@role='button']//div[text()='Release']' not found
	at com.kms.katalon.core.webui.common.WebUiCommonHelper.findWebElement(WebUiCommonHelper.java:1381)
	at com.kms.katalon.core.webui.keyword.internal.WebUIAbstractKeyword.findWebElement(WebUIAbstractKeyword.groovy:27)
	at com.kms.katalon.core.webui.keyword.builtin.ClickKeyword$_click_closure1.doCall(ClickKeyword.groovy:65)
	at com.kms.katalon.core.webui.keyword.builtin.ClickKeyword$_click_closure1.call(ClickKeyword.groovy)
	at com.kms.katalon.core.webui.keyword.internal.WebUIKeywordMain.runKeyword(WebUIKeywordMain.groovy:20)
	at com.kms.katalon.core.webui.keyword.builtin.ClickKeyword.click(ClickKeyword.groovy:74)
	at com.kms.katalon.core.webui.keyword.builtin.ClickKeyword.execute(ClickKeyword.groovy:40)
	at com.kms.katalon.core.keyword.internal.KeywordExecutor.executeKeywordForPlatform(KeywordExecutor.groovy:74)
	at com.kms.katalon.core.webui.keyword.WebUiBuiltInKeywords.click(WebUiBuiltInKeywords.groovy:608)
	at com.kms.katalon.core.webui.keyword.WebUiBuiltInKeywords$click$5.call(Unknown Source)
	at Script1689938677126.run(Script1689938677126.groovy:231)
	... 13 more
)
[[ATTACHMENT|C:\\Users\\LellKir\\git\\HMIC-Portal\\HMIC-Portal\\HMIC-Portal\\HMIC-Portal\\HMIC-Portal\\HMIC-Portal\\Reports\\20240410_070624\\AgencyPortal_SmokeTest_WC\\20240410_070624\\1712748384596.png]]

2024-04-10 07:26:24 - [TEST_STEP][PASSED] - takeFullPageScreenshot(): Taking screenshot successfully

2024-04-10 07:26:25 - [MESSAGE][INFO] - 0 hidden object(s)

2024-04-10 07:26:25 - [MESSAGE][PASSED] - Taking screenshot successfully
[[ATTACHMENT|C:\\Users\\LellKir\\git\\HMIC-Portal\\HMIC-Portal\\HMIC-Portal\\HMIC-Portal\\HMIC-Portal\\HMIC-Portal\\Reports\\20240410_070624\\AgencyPortal_SmokeTest_WC\\20240410_070624\\1712748384708.png]]

2024-04-10 07:26:25 - [TEST_STEP][PASSED] - callTestCase(findTestCase("PolicyCenter_Pages/PC_CommonScreens/PC_LogOut"), [:], STOP_ON_FAILURE): Call Test Case 'Test Cases/PolicyCenter_Pages/PC_CommonScreens/PC_LogOut' successfully

2024-04-10 07:26:25 - [TEST_CASE][PASSED] - Test Cases/PolicyCenter_Pages/PC_CommonScreens/PC_LogOut: Test Cases/PolicyCenter_Pages/PC_CommonScreens/PC_LogOut

2024-04-10 07:26:25 - [TEST_STEP][PASSED] - click(findTestObject("PolicyCenter_LogOut/span_PC_Menu_Button_Settings")): Object: 'Object Repository/PolicyCenter_LogOut/span_PC_Menu_Button_Settings' is clicked on

2024-04-10 07:26:26 - [MESSAGE][PASSED] - Object: 'Object Repository/PolicyCenter_LogOut/span_PC_Menu_Button_Settings' is clicked on

2024-04-10 07:26:26 - [TEST_STEP][PASSED] - click(findTestObject("PolicyCenter_LogOut/div_PC_LogOut_TypeList_LogOut")): Object: 'Object Repository/PolicyCenter_LogOut/div_PC_LogOut_TypeList_LogOut' is clicked on

2024-04-10 07:26:26 - [MESSAGE][PASSED] - Object: 'Object Repository/PolicyCenter_LogOut/div_PC_LogOut_TypeList_LogOut' is clicked on

2024-04-10 07:26:26 - [TEST_STEP][PASSED] - acceptAlert(OPTIONAL): No alert found (Root cause: com.kms.katalon.core.exception.StepFailedException: No alert found
	at com.kms.katalon.core.webui.keyword.internal.WebUIKeywordMain.stepFailed(WebUIKeywordMain.groovy:64)
	at com.kms.katalon.core.webui.keyword.builtin.AcceptAlertKeyword$_acceptAlert_closure1.doCall(AcceptAlertKeyword.groovy:78)
	at com.kms.katalon.core.webui.keyword.builtin.AcceptAlertKeyword$_acceptAlert_closure1.call(AcceptAlertKeyword.groovy)
	at com.kms.katalon.core.webui.keyword.internal.WebUIKeywordMain.runKeyword(WebUIKeywordMain.groovy:20)
	at com.kms.katalon.core.webui.keyword.builtin.AcceptAlertKeyword.acceptAlert(AcceptAlertKeyword.groovy:71)
	at com.kms.katalon.core.webui.keyword.builtin.AcceptAlertKeyword.execute(AcceptAlertKeyword.groovy:66)
	at com.kms.katalon.core.keyword.internal.KeywordExecutor.executeKeywordForPlatform(KeywordExecutor.groovy:74)
	at com.kms.katalon.core.webui.keyword.WebUiBuiltInKeywords.acceptAlert(WebUiBuiltInKeywords.groovy:1510)
	at com.kms.katalon.core.webui.keyword.WebUiBuiltInKeywords$acceptAlert$18.call(Unknown Source)
	at PC_LogOut.run(PC_LogOut:24)
	at com.kms.katalon.core.main.ScriptEngine.run(ScriptEngine.java:194)
	at com.kms.katalon.core.main.ScriptEngine.runScriptAsRawText(ScriptEngine.java:119)
	at com.kms.katalon.core.main.TestCaseExecutor.runScript(TestCaseExecutor.java:448)
	at com.kms.katalon.core.main.TestCaseExecutor.doExecute(TestCaseExecutor.java:439)
	at com.kms.katalon.core.main.TestCaseExecutor.processExecutionPhase(TestCaseExecutor.java:418)
	at com.kms.katalon.core.main.TestCaseExecutor.accessMainPhase(TestCaseExecutor.java:410)
	at com.kms.katalon.core.main.TestCaseExecutor.execute(TestCaseExecutor.java:285)
	at com.kms.katalon.core.main.TestCaseMain.runTestCase(TestCaseMain.java:144)
	at com.kms.katalon.core.keyword.builtin.CallTestCaseKeyword$_callTestCase_closure1.doCall(CallTestCaseKeyword.groovy:59)
	at com.kms.katalon.core.keyword.builtin.CallTestCaseKeyword$_callTestCase_closure1.call(CallTestCaseKeyword.groovy)
	at com.kms.katalon.core.keyword.internal.KeywordMain.runKeyword(KeywordMain.groovy:75)
	at com.kms.katalon.core.keyword.builtin.CallTestCaseKeyword.callTestCase(CallTestCaseKeyword.groovy:81)
	at com.kms.katalon.core.keyword.builtin.CallTestCaseKeyword.execute(CallTestCaseKeyword.groovy:44)
	at com.kms.katalon.core.keyword.internal.KeywordExecutor.executeKeywordForPlatform(KeywordExecutor.groovy:74)
	at com.kms.katalon.core.keyword.BuiltinKeywords.callTestCase(BuiltinKeywords.groovy:310)
	at Portal_SmokeTest_WIState.run(Portal_SmokeTest_WIState:235)
	at com.kms.katalon.core.main.ScriptEngine.run(ScriptEngine.java:194)
	at com.kms.katalon.core.main.ScriptEngine.runScriptAsRawText(ScriptEngine.java:119)
	at com.kms.katalon.core.main.TestCaseExecutor.runScript(TestCaseExecutor.java:448)
	at com.kms.katalon.core.main.TestCaseExecutor.doExecute(TestCaseExecutor.java:439)
	at com.kms.katalon.core.main.TestCaseExecutor.processExecutionPhase(TestCaseExecutor.java:418)
	at com.kms.katalon.core.main.TestCaseExecutor.accessMainPhase(TestCaseExecutor.java:410)
	at com.kms.katalon.core.main.TestCaseExecutor.execute(TestCaseExecutor.java:285)
	at com.kms.katalon.core.common.CommonExecutor.accessTestCaseMainPhase(CommonExecutor.java:65)
	at com.kms.katalon.core.main.TestSuiteExecutor.accessTestSuiteMainPhase(TestSuiteExecutor.java:148)
	at com.kms.katalon.core.main.TestSuiteExecutor.execute(TestSuiteExecutor.java:106)
	at com.kms.katalon.core.main.TestCaseMain.startTestSuite(TestCaseMain.java:187)
	at com.kms.katalon.core.main.TestCaseMain$startTestSuite$0.call(Unknown Source)
	at TempTestSuite1712747184320.run(TempTestSuite1712747184320.groovy:36)
)

2024-04-10 07:26:26 - [MESSAGE][WARNING] - No alert found (Root cause: com.kms.katalon.core.exception.StepFailedException: No alert found
	at com.kms.katalon.core.webui.keyword.internal.WebUIKeywordMain.stepFailed(WebUIKeywordMain.groovy:64)
	at com.kms.katalon.core.webui.keyword.builtin.AcceptAlertKeyword$_acceptAlert_closure1.doCall(AcceptAlertKeyword.groovy:78)
	at com.kms.katalon.core.webui.keyword.builtin.AcceptAlertKeyword$_acceptAlert_closure1.call(AcceptAlertKeyword.groovy)
	at com.kms.katalon.core.webui.keyword.internal.WebUIKeywordMain.runKeyword(WebUIKeywordMain.groovy:20)
	at com.kms.katalon.core.webui.keyword.builtin.AcceptAlertKeyword.acceptAlert(AcceptAlertKeyword.groovy:71)
	at com.kms.katalon.core.webui.keyword.builtin.AcceptAlertKeyword.execute(AcceptAlertKeyword.groovy:66)
	at com.kms.katalon.core.keyword.internal.KeywordExecutor.executeKeywordForPlatform(KeywordExecutor.groovy:74)
	at com.kms.katalon.core.webui.keyword.WebUiBuiltInKeywords.acceptAlert(WebUiBuiltInKeywords.groovy:1510)
	at com.kms.katalon.core.webui.keyword.WebUiBuiltInKeywords$acceptAlert$18.call(Unknown Source)
	at PC_LogOut.run(PC_LogOut:24)
	at com.kms.katalon.core.main.ScriptEngine.run(ScriptEngine.java:194)
	at com.kms.katalon.core.main.ScriptEngine.runScriptAsRawText(ScriptEngine.java:119)
	at com.kms.katalon.core.main.TestCaseExecutor.runScript(TestCaseExecutor.java:448)
	at com.kms.katalon.core.main.TestCaseExecutor.doExecute(TestCaseExecutor.java:439)
	at com.kms.katalon.core.main.TestCaseExecutor.processExecutionPhase(TestCaseExecutor.java:418)
	at com.kms.katalon.core.main.TestCaseExecutor.accessMainPhase(TestCaseExecutor.java:410)
	at com.kms.katalon.core.main.TestCaseExecutor.execute(TestCaseExecutor.java:285)
	at com.kms.katalon.core.main.TestCaseMain.runTestCase(TestCaseMain.java:144)
	at com.kms.katalon.core.keyword.builtin.CallTestCaseKeyword$_callTestCase_closure1.doCall(CallTestCaseKeyword.groovy:59)
	at com.kms.katalon.core.keyword.builtin.CallTestCaseKeyword$_callTestCase_closure1.call(CallTestCaseKeyword.groovy)
	at com.kms.katalon.core.keyword.internal.KeywordMain.runKeyword(KeywordMain.groovy:75)
	at com.kms.katalon.core.keyword.builtin.CallTestCaseKeyword.callTestCase(CallTestCaseKeyword.groovy:81)
	at com.kms.katalon.core.keyword.builtin.CallTestCaseKeyword.execute(CallTestCaseKeyword.groovy:44)
	at com.kms.katalon.core.keyword.internal.KeywordExecutor.executeKeywordForPlatform(KeywordExecutor.groovy:74)
	at com.kms.katalon.core.keyword.BuiltinKeywords.callTestCase(BuiltinKeywords.groovy:310)
	at Portal_SmokeTest_WIState.run(Portal_SmokeTest_WIState:235)
	at com.kms.katalon.core.main.ScriptEngine.run(ScriptEngine.java:194)
	at com.kms.katalon.core.main.ScriptEngine.runScriptAsRawText(ScriptEngine.java:119)
	at com.kms.katalon.core.main.TestCaseExecutor.runScript(TestCaseExecutor.java:448)
	at com.kms.katalon.core.main.TestCaseExecutor.doExecute(TestCaseExecutor.java:439)
	at com.kms.katalon.core.main.TestCaseExecutor.processExecutionPhase(TestCaseExecutor.java:418)
	at com.kms.katalon.core.main.TestCaseExecutor.accessMainPhase(TestCaseExecutor.java:410)
	at com.kms.katalon.core.main.TestCaseExecutor.execute(TestCaseExecutor.java:285)
	at com.kms.katalon.core.common.CommonExecutor.accessTestCaseMainPhase(CommonExecutor.java:65)
	at com.kms.katalon.core.main.TestSuiteExecutor.accessTestSuiteMainPhase(TestSuiteExecutor.java:148)
	at com.kms.katalon.core.main.TestSuiteExecutor.execute(TestSuiteExecutor.java:106)
	at com.kms.katalon.core.main.TestCaseMain.startTestSuite(TestCaseMain.java:187)
	at com.kms.katalon.core.main.TestCaseMain$startTestSuite$0.call(Unknown Source)
	at TempTestSuite1712747184320.run(TempTestSuite1712747184320.groovy:36)
)
[[ATTACHMENT|C:\\Users\\LellKir\\git\\HMIC-Portal\\HMIC-Portal\\HMIC-Portal\\HMIC-Portal\\HMIC-Portal\\HMIC-Portal\\Reports\\20240410_070624\\AgencyPortal_SmokeTest_WC\\20240410_070624\\1712748386579.png]]

2024-04-10 07:26:26 - [MESSAGE][PASSED] - Call Test Case 'Test Cases/PolicyCenter_Pages/PC_CommonScreens/PC_LogOut' successfully

2024-04-10 07:26:26 - [TEST_STEP][PASSED] - callTestCase(findTestCase("Portal_Pages/Portal_CommonScreens/Portal_Login"), ["Portal_Username":Portal_Username, "Portal_Password":Portal_Password], STOP_ON_FAILURE): Call Test Case 'Test Cases/Portal_Pages/Portal_CommonScreens/Portal_Login' successfully

2024-04-10 07:26:26 - [TEST_CASE][PASSED] - Test Cases/Portal_Pages/Portal_CommonScreens/Portal_Login: Test Cases/Portal_Pages/Portal_CommonScreens/Portal_Login

2024-04-10 07:26:26 - [TEST_STEP][PASSED] - openBrowser(""): Browser is opened with url: ''

2024-04-10 07:26:26 - [MESSAGE][WARNING] - A browser is already opened. Closing browser and opening a new one

2024-04-10 07:26:27 - [MESSAGE][INFO] - Starting 'Chrome' driver

2024-04-10 07:26:27 - [MESSAGE][INFO] - Action delay is set to 0 milliseconds

2024-04-10 07:26:29 - [MESSAGE][PASSED] - Browser is opened with url: ''

2024-04-10 07:26:29 - [TEST_STEP][PASSED] - deleteAllCookies(): Delete all cookies successfully

2024-04-10 07:26:29 - [MESSAGE][PASSED] - Delete all cookies successfully

2024-04-10 07:26:29 - [TEST_STEP][PASSED] - maximizeWindow(): Current window maximized

2024-04-10 07:26:29 - [MESSAGE][PASSED] - Current window maximized

2024-04-10 07:26:29 - [TEST_STEP][PASSED] - takeFullPageScreenshot(): Taking screenshot successfully

2024-04-10 07:26:29 - [MESSAGE][INFO] - 0 hidden object(s)

2024-04-10 07:26:29 - [MESSAGE][PASSED] - Taking screenshot successfully
[[ATTACHMENT|C:\\Users\\LellKir\\git\\HMIC-Portal\\HMIC-Portal\\HMIC-Portal\\HMIC-Portal\\HMIC-Portal\\HMIC-Portal\\Reports\\20240410_070624\\AgencyPortal_SmokeTest_WC\\20240410_070624\\1712748389226.png]]

2024-04-10 07:26:29 - [TEST_STEP][PASSED] - navigateToUrl(PortalURL): Navigate to 'https://agencyportal.qa1.hastingsmutual.com/Accounts' successfully

2024-04-10 07:26:39 - [MESSAGE][PASSED] - Navigate to 'https://agencyportal.qa1.hastingsmutual.com/Accounts' successfully

2024-04-10 07:26:39 - [TEST_STEP][PASSED] - waitForPageLoad(10): Wait for page load successfully

2024-04-10 07:26:40 - [MESSAGE][PASSED] - Wait for page load successfully

2024-04-10 07:26:40 - [TEST_STEP][PASSED] - takeFullPageScreenshot(): Taking screenshot successfully

2024-04-10 07:26:40 - [MESSAGE][INFO] - 0 hidden object(s)

2024-04-10 07:26:41 - [MESSAGE][PASSED] - Taking screenshot successfully
[[ATTACHMENT|C:\\Users\\LellKir\\git\\HMIC-Portal\\HMIC-Portal\\HMIC-Portal\\HMIC-Portal\\HMIC-Portal\\HMIC-Portal\\Reports\\20240410_070624\\AgencyPortal_SmokeTest_WC\\20240410_070624\\1712748400406.png]]

2024-04-10 07:26:41 - [TEST_STEP][PASSED] - click(findTestObject("Object Repository/PolicyCenter_Login/div_PC_Login_Link_ClickHereToLogin"), OPTIONAL): Unable to click on object 'Object Repository/PolicyCenter_Login/div_PC_Login_Link_ClickHereToLogin' (Root cause: com.kms.katalon.core.exception.StepFailedException: Unable to click on object 'Object Repository/PolicyCenter_Login/div_PC_Login_Link_ClickHereToLogin'
	at com.kms.katalon.core.webui.keyword.internal.WebUIKeywordMain.stepFailed(WebUIKeywordMain.groovy:64)
	at com.kms.katalon.core.webui.keyword.internal.WebUIKeywordMain.runKeyword(WebUIKeywordMain.groovy:26)
	at com.kms.katalon.core.webui.keyword.builtin.ClickKeyword.click(ClickKeyword.groovy:74)
	at com.kms.katalon.core.webui.keyword.builtin.ClickKeyword.execute(ClickKeyword.groovy:40)
	at com.kms.katalon.core.keyword.internal.KeywordExecutor.executeKeywordForPlatform(KeywordExecutor.groovy:74)
	at com.kms.katalon.core.webui.keyword.WebUiBuiltInKeywords.click(WebUiBuiltInKeywords.groovy:608)
	at com.kms.katalon.core.webui.keyword.WebUiBuiltInKeywords$click$5.call(Unknown Source)
	at Portal_Login.run(Portal_Login:34)
	at com.kms.katalon.core.main.ScriptEngine.run(ScriptEngine.java:194)
	at com.kms.katalon.core.main.ScriptEngine.runScriptAsRawText(ScriptEngine.java:119)
	at com.kms.katalon.core.main.TestCaseExecutor.runScript(TestCaseExecutor.java:448)
	at com.kms.katalon.core.main.TestCaseExecutor.doExecute(TestCaseExecutor.java:439)
	at com.kms.katalon.core.main.TestCaseExecutor.processExecutionPhase(TestCaseExecutor.java:418)
	at com.kms.katalon.core.main.TestCaseExecutor.accessMainPhase(TestCaseExecutor.java:410)
	at com.kms.katalon.core.main.TestCaseExecutor.execute(TestCaseExecutor.java:285)
	at com.kms.katalon.core.main.TestCaseMain.runTestCase(TestCaseMain.java:144)
	at com.kms.katalon.core.keyword.builtin.CallTestCaseKeyword$_callTestCase_closure1.doCall(CallTestCaseKeyword.groovy:59)
	at com.kms.katalon.core.keyword.builtin.CallTestCaseKeyword$_callTestCase_closure1.call(CallTestCaseKeyword.groovy)
	at com.kms.katalon.core.keyword.internal.KeywordMain.runKeyword(KeywordMain.groovy:75)
	at com.kms.katalon.core.keyword.builtin.CallTestCaseKeyword.callTestCase(CallTestCaseKeyword.groovy:81)
	at com.kms.katalon.core.keyword.builtin.CallTestCaseKeyword.execute(CallTestCaseKeyword.groovy:44)
	at com.kms.katalon.core.keyword.internal.KeywordExecutor.executeKeywordForPlatform(KeywordExecutor.groovy:74)
	at com.kms.katalon.core.keyword.BuiltinKeywords.callTestCase(BuiltinKeywords.groovy:310)
	at Portal_SmokeTest_WIState.run(Portal_SmokeTest_WIState:237)
	at com.kms.katalon.core.main.ScriptEngine.run(ScriptEngine.java:194)
	at com.kms.katalon.core.main.ScriptEngine.runScriptAsRawText(ScriptEngine.java:119)
	at com.kms.katalon.core.main.TestCaseExecutor.runScript(TestCaseExecutor.java:448)
	at com.kms.katalon.core.main.TestCaseExecutor.doExecute(TestCaseExecutor.java:439)
	at com.kms.katalon.core.main.TestCaseExecutor.processExecutionPhase(TestCaseExecutor.java:418)
	at com.kms.katalon.core.main.TestCaseExecutor.accessMainPhase(TestCaseExecutor.java:410)
	at com.kms.katalon.core.main.TestCaseExecutor.execute(TestCaseExecutor.java:285)
	at com.kms.katalon.core.common.CommonExecutor.accessTestCaseMainPhase(CommonExecutor.java:65)
	at com.kms.katalon.core.main.TestSuiteExecutor.accessTestSuiteMainPhase(TestSuiteExecutor.java:148)
	at com.kms.katalon.core.main.TestSuiteExecutor.execute(TestSuiteExecutor.java:106)
	at com.kms.katalon.core.main.TestCaseMain.startTestSuite(TestCaseMain.java:187)
	at com.kms.katalon.core.main.TestCaseMain$startTestSuite$0.call(Unknown Source)
	at TempTestSuite1712747184320.run(TempTestSuite1712747184320.groovy:36)
Caused by: com.kms.katalon.core.webui.exception.WebElementNotFoundException: Web element with id: 'Object Repository/PolicyCenter_Login/div_PC_Login_Link_ClickHereToLogin' located by '//div[contains(@id,'LoginDetailsInputSet-LoginLink')]' not found
	at com.kms.katalon.core.webui.common.WebUiCommonHelper.findWebElement(WebUiCommonHelper.java:1381)
	at com.kms.katalon.core.webui.keyword.internal.WebUIAbstractKeyword.findWebElement(WebUIAbstractKeyword.groovy:27)
	at com.kms.katalon.core.webui.keyword.builtin.ClickKeyword$_click_closure1.doCall(ClickKeyword.groovy:65)
	at com.kms.katalon.core.webui.keyword.builtin.ClickKeyword$_click_closure1.call(ClickKeyword.groovy)
	at com.kms.katalon.core.webui.keyword.internal.WebUIKeywordMain.runKeyword(WebUIKeywordMain.groovy:20)
	at com.kms.katalon.core.webui.keyword.builtin.ClickKeyword.click(ClickKeyword.groovy:74)
	at com.kms.katalon.core.webui.keyword.builtin.ClickKeyword.execute(ClickKeyword.groovy:40)
	at com.kms.katalon.core.keyword.internal.KeywordExecutor.executeKeywordForPlatform(KeywordExecutor.groovy:74)
	at com.kms.katalon.core.webui.keyword.WebUiBuiltInKeywords.click(WebUiBuiltInKeywords.groovy:608)
	at com.kms.katalon.core.webui.keyword.WebUiBuiltInKeywords$click$5.call(Unknown Source)
	at Script1683558008637.run(Script1683558008637.groovy:34)
	at com.kms.katalon.core.main.ScriptEngine.run(ScriptEngine.java:194)
	at com.kms.katalon.core.main.ScriptEngine.runScriptAsRawText(ScriptEngine.java:119)
	at com.kms.katalon.core.main.TestCaseExecutor.runScript(TestCaseExecutor.java:448)
	at com.kms.katalon.core.main.TestCaseExecutor.doExecute(TestCaseExecutor.java:439)
	at com.kms.katalon.core.main.TestCaseExecutor.processExecutionPhase(TestCaseExecutor.java:418)
	at com.kms.katalon.core.main.TestCaseExecutor.accessMainPhase(TestCaseExecutor.java:410)
	at com.kms.katalon.core.main.TestCaseExecutor.execute(TestCaseExecutor.java:285)
	at com.kms.katalon.core.main.TestCaseMain.runTestCase(TestCaseMain.java:144)
	at com.kms.katalon.core.keyword.builtin.CallTestCaseKeyword$_callTestCase_closure1.doCall(CallTestCaseKeyword.groovy:59)
	at com.kms.katalon.core.keyword.builtin.CallTestCaseKeyword$_callTestCase_closure1.call(CallTestCaseKeyword.groovy)
	at com.kms.katalon.core.keyword.internal.KeywordMain.runKeyword(KeywordMain.groovy:75)
	at com.kms.katalon.core.keyword.builtin.CallTestCaseKeyword.callTestCase(CallTestCaseKeyword.groovy:81)
	at com.kms.katalon.core.keyword.builtin.CallTestCaseKeyword.execute(CallTestCaseKeyword.groovy:44)
	at com.kms.katalon.core.keyword.internal.KeywordExecutor.executeKeywordForPlatform(KeywordExecutor.groovy:74)
	at com.kms.katalon.core.keyword.BuiltinKeywords.callTestCase(BuiltinKeywords.groovy:310)
	at Script1689938677126.run(Script1689938677126.groovy:237)
	... 13 more
)

2024-04-10 07:27:12 - [MESSAGE][INFO] - Unable to find the element located by 'By.xpath: //div[contains(@id,'LoginDetailsInputSet-LoginLink')]'. Please recheck the objects properties to make sure the desired element is located. 

2024-04-10 07:27:12 - [MESSAGE][WARNING] - [SELF-HEALING] Failed to find element with id 'Object Repository/PolicyCenter_Login/div_PC_Login_Link_ClickHereToLogin'. Try using Self-healing.

2024-04-10 07:27:13 - [MESSAGE][INFO] - [SELF-HEALING] No working XPath is found.

2024-04-10 07:27:14 - [MESSAGE][INFO] - Unable to find the element located by 'By.xpath: '. Please recheck the objects properties to make sure the desired element is located. 

2024-04-10 07:27:14 - [MESSAGE][WARNING] - [SELF-HEALING] Cannot find elements when the selector is null

2024-04-10 07:27:14 - [MESSAGE][WARNING] - Unable to click on object 'Object Repository/PolicyCenter_Login/div_PC_Login_Link_ClickHereToLogin' (Root cause: com.kms.katalon.core.exception.StepFailedException: Unable to click on object 'Object Repository/PolicyCenter_Login/div_PC_Login_Link_ClickHereToLogin'
	at com.kms.katalon.core.webui.keyword.internal.WebUIKeywordMain.stepFailed(WebUIKeywordMain.groovy:64)
	at com.kms.katalon.core.webui.keyword.internal.WebUIKeywordMain.runKeyword(WebUIKeywordMain.groovy:26)
	at com.kms.katalon.core.webui.keyword.builtin.ClickKeyword.click(ClickKeyword.groovy:74)
	at com.kms.katalon.core.webui.keyword.builtin.ClickKeyword.execute(ClickKeyword.groovy:40)
	at com.kms.katalon.core.keyword.internal.KeywordExecutor.executeKeywordForPlatform(KeywordExecutor.groovy:74)
	at com.kms.katalon.core.webui.keyword.WebUiBuiltInKeywords.click(WebUiBuiltInKeywords.groovy:608)
	at com.kms.katalon.core.webui.keyword.WebUiBuiltInKeywords$click$5.call(Unknown Source)
	at Portal_Login.run(Portal_Login:34)
	at com.kms.katalon.core.main.ScriptEngine.run(ScriptEngine.java:194)
	at com.kms.katalon.core.main.ScriptEngine.runScriptAsRawText(ScriptEngine.java:119)
	at com.kms.katalon.core.main.TestCaseExecutor.runScript(TestCaseExecutor.java:448)
	at com.kms.katalon.core.main.TestCaseExecutor.doExecute(TestCaseExecutor.java:439)
	at com.kms.katalon.core.main.TestCaseExecutor.processExecutionPhase(TestCaseExecutor.java:418)
	at com.kms.katalon.core.main.TestCaseExecutor.accessMainPhase(TestCaseExecutor.java:410)
	at com.kms.katalon.core.main.TestCaseExecutor.execute(TestCaseExecutor.java:285)
	at com.kms.katalon.core.main.TestCaseMain.runTestCase(TestCaseMain.java:144)
	at com.kms.katalon.core.keyword.builtin.CallTestCaseKeyword$_callTestCase_closure1.doCall(CallTestCaseKeyword.groovy:59)
	at com.kms.katalon.core.keyword.builtin.CallTestCaseKeyword$_callTestCase_closure1.call(CallTestCaseKeyword.groovy)
	at com.kms.katalon.core.keyword.internal.KeywordMain.runKeyword(KeywordMain.groovy:75)
	at com.kms.katalon.core.keyword.builtin.CallTestCaseKeyword.callTestCase(CallTestCaseKeyword.groovy:81)
	at com.kms.katalon.core.keyword.builtin.CallTestCaseKeyword.execute(CallTestCaseKeyword.groovy:44)
	at com.kms.katalon.core.keyword.internal.KeywordExecutor.executeKeywordForPlatform(KeywordExecutor.groovy:74)
	at com.kms.katalon.core.keyword.BuiltinKeywords.callTestCase(BuiltinKeywords.groovy:310)
	at Portal_SmokeTest_WIState.run(Portal_SmokeTest_WIState:237)
	at com.kms.katalon.core.main.ScriptEngine.run(ScriptEngine.java:194)
	at com.kms.katalon.core.main.ScriptEngine.runScriptAsRawText(ScriptEngine.java:119)
	at com.kms.katalon.core.main.TestCaseExecutor.runScript(TestCaseExecutor.java:448)
	at com.kms.katalon.core.main.TestCaseExecutor.doExecute(TestCaseExecutor.java:439)
	at com.kms.katalon.core.main.TestCaseExecutor.processExecutionPhase(TestCaseExecutor.java:418)
	at com.kms.katalon.core.main.TestCaseExecutor.accessMainPhase(TestCaseExecutor.java:410)
	at com.kms.katalon.core.main.TestCaseExecutor.execute(TestCaseExecutor.java:285)
	at com.kms.katalon.core.common.CommonExecutor.accessTestCaseMainPhase(CommonExecutor.java:65)
	at com.kms.katalon.core.main.TestSuiteExecutor.accessTestSuiteMainPhase(TestSuiteExecutor.java:148)
	at com.kms.katalon.core.main.TestSuiteExecutor.execute(TestSuiteExecutor.java:106)
	at com.kms.katalon.core.main.TestCaseMain.startTestSuite(TestCaseMain.java:187)
	at com.kms.katalon.core.main.TestCaseMain$startTestSuite$0.call(Unknown Source)
	at TempTestSuite1712747184320.run(TempTestSuite1712747184320.groovy:36)
Caused by: com.kms.katalon.core.webui.exception.WebElementNotFoundException: Web element with id: 'Object Repository/PolicyCenter_Login/div_PC_Login_Link_ClickHereToLogin' located by '//div[contains(@id,'LoginDetailsInputSet-LoginLink')]' not found
	at com.kms.katalon.core.webui.common.WebUiCommonHelper.findWebElement(WebUiCommonHelper.java:1381)
	at com.kms.katalon.core.webui.keyword.internal.WebUIAbstractKeyword.findWebElement(WebUIAbstractKeyword.groovy:27)
	at com.kms.katalon.core.webui.keyword.builtin.ClickKeyword$_click_closure1.doCall(ClickKeyword.groovy:65)
	at com.kms.katalon.core.webui.keyword.builtin.ClickKeyword$_click_closure1.call(ClickKeyword.groovy)
	at com.kms.katalon.core.webui.keyword.internal.WebUIKeywordMain.runKeyword(WebUIKeywordMain.groovy:20)
	at com.kms.katalon.core.webui.keyword.builtin.ClickKeyword.click(ClickKeyword.groovy:74)
	at com.kms.katalon.core.webui.keyword.builtin.ClickKeyword.execute(ClickKeyword.groovy:40)
	at com.kms.katalon.core.keyword.internal.KeywordExecutor.executeKeywordForPlatform(KeywordExecutor.groovy:74)
	at com.kms.katalon.core.webui.keyword.WebUiBuiltInKeywords.click(WebUiBuiltInKeywords.groovy:608)
	at com.kms.katalon.core.webui.keyword.WebUiBuiltInKeywords$click$5.call(Unknown Source)
	at Script1683558008637.run(Script1683558008637.groovy:34)
	at com.kms.katalon.core.main.ScriptEngine.run(ScriptEngine.java:194)
	at com.kms.katalon.core.main.ScriptEngine.runScriptAsRawText(ScriptEngine.java:119)
	at com.kms.katalon.core.main.TestCaseExecutor.runScript(TestCaseExecutor.java:448)
	at com.kms.katalon.core.main.TestCaseExecutor.doExecute(TestCaseExecutor.java:439)
	at com.kms.katalon.core.main.TestCaseExecutor.processExecutionPhase(TestCaseExecutor.java:418)
	at com.kms.katalon.core.main.TestCaseExecutor.accessMainPhase(TestCaseExecutor.java:410)
	at com.kms.katalon.core.main.TestCaseExecutor.execute(TestCaseExecutor.java:285)
	at com.kms.katalon.core.main.TestCaseMain.runTestCase(TestCaseMain.java:144)
	at com.kms.katalon.core.keyword.builtin.CallTestCaseKeyword$_callTestCase_closure1.doCall(CallTestCaseKeyword.groovy:59)
	at com.kms.katalon.core.keyword.builtin.CallTestCaseKeyword$_callTestCase_closure1.call(CallTestCaseKeyword.groovy)
	at com.kms.katalon.core.keyword.internal.KeywordMain.runKeyword(KeywordMain.groovy:75)
	at com.kms.katalon.core.keyword.builtin.CallTestCaseKeyword.callTestCase(CallTestCaseKeyword.groovy:81)
	at com.kms.katalon.core.keyword.builtin.CallTestCaseKeyword.execute(CallTestCaseKeyword.groovy:44)
	at com.kms.katalon.core.keyword.internal.KeywordExecutor.executeKeywordForPlatform(KeywordExecutor.groovy:74)
	at com.kms.katalon.core.keyword.BuiltinKeywords.callTestCase(BuiltinKeywords.groovy:310)
	at Script1689938677126.run(Script1689938677126.groovy:237)
	... 13 more
)
[[ATTACHMENT|C:\\Users\\LellKir\\git\\HMIC-Portal\\HMIC-Portal\\HMIC-Portal\\HMIC-Portal\\HMIC-Portal\\HMIC-Portal\\Reports\\20240410_070624\\AgencyPortal_SmokeTest_WC\\20240410_070624\\1712748434377.png]]

2024-04-10 07:27:14 - [TEST_STEP][PASSED] - setText(findTestObject("Object Repository/PolicyCenter_Login/input_PC_Login_TextBox_UserName"), Portal_Username): Text 'adminuser2059' is set on object 'Object Repository/PolicyCenter_Login/input_PC_Login_TextBox_UserName'

2024-04-10 07:27:15 - [MESSAGE][PASSED] - Text 'adminuser2059' is set on object 'Object Repository/PolicyCenter_Login/input_PC_Login_TextBox_UserName'

2024-04-10 07:27:15 - [TEST_STEP][PASSED] - setText(findTestObject("Object Repository/PolicyCenter_Login/input_PC_Login_TextBox_Password"), Portal_Password): Text 'Hmic1234' is set on object 'Object Repository/PolicyCenter_Login/input_PC_Login_TextBox_Password'

2024-04-10 07:27:16 - [MESSAGE][PASSED] - Text 'Hmic1234' is set on object 'Object Repository/PolicyCenter_Login/input_PC_Login_TextBox_Password'

2024-04-10 07:27:16 - [TEST_STEP][PASSED] - takeFullPageScreenshot(): Taking screenshot successfully

2024-04-10 07:27:16 - [MESSAGE][INFO] - 0 hidden object(s)

2024-04-10 07:27:16 - [MESSAGE][PASSED] - Taking screenshot successfully
[[ATTACHMENT|C:\\Users\\LellKir\\git\\HMIC-Portal\\HMIC-Portal\\HMIC-Portal\\HMIC-Portal\\HMIC-Portal\\HMIC-Portal\\Reports\\20240410_070624\\AgencyPortal_SmokeTest_WC\\20240410_070624\\1712748436120.png]]

2024-04-10 07:27:16 - [TEST_STEP][PASSED] - waitForElementVisible(findTestObject("PolicyCenter_Login/input_PC_Login_Button_Login"), 20): Object 'Object Repository/PolicyCenter_Login/input_PC_Login_Button_Login' is visible

2024-04-10 07:27:17 - [MESSAGE][PASSED] - Object 'Object Repository/PolicyCenter_Login/input_PC_Login_Button_Login' is visible

2024-04-10 07:27:17 - [TEST_STEP][PASSED] - click(findTestObject("Object Repository/PolicyCenter_Login/input_PC_Login_Button_Login")): Object: 'Object Repository/PolicyCenter_Login/input_PC_Login_Button_Login' is clicked on

2024-04-10 07:27:17 - [MESSAGE][PASSED] - Object: 'Object Repository/PolicyCenter_Login/input_PC_Login_Button_Login' is clicked on

2024-04-10 07:27:17 - [TEST_STEP][PASSED] - takeFullPageScreenshot(): Taking screenshot successfully

2024-04-10 07:27:20 - [MESSAGE][INFO] - 0 hidden object(s)

2024-04-10 07:27:20 - [MESSAGE][PASSED] - Taking screenshot successfully
[[ATTACHMENT|C:\\Users\\LellKir\\git\\HMIC-Portal\\HMIC-Portal\\HMIC-Portal\\HMIC-Portal\\HMIC-Portal\\HMIC-Portal\\Reports\\20240410_070624\\AgencyPortal_SmokeTest_WC\\20240410_070624\\1712748437513.png]]

2024-04-10 07:27:20 - [TEST_STEP][PASSED] - waitForElementVisible(findTestObject("Portal/Portal_Common_Header_SearchForAccOrPol"), 30): Object 'Object Repository/Portal/Portal_Common_Header_SearchForAccOrPol' is visible

2024-04-10 07:27:21 - [MESSAGE][PASSED] - Object 'Object Repository/Portal/Portal_Common_Header_SearchForAccOrPol' is visible

2024-04-10 07:27:21 - [TEST_STEP][PASSED] - verifyElementVisible(findTestObject("Portal/Portal_Common_Header_SearchForAccOrPol")): Object 'Object Repository/Portal/Portal_Common_Header_SearchForAccOrPol' is visible

2024-04-10 07:27:22 - [MESSAGE][PASSED] - Object 'Object Repository/Portal/Portal_Common_Header_SearchForAccOrPol' is visible

2024-04-10 07:27:22 - [TEST_STEP][PASSED] - takeFullPageScreenshot(): Taking screenshot successfully

2024-04-10 07:27:22 - [MESSAGE][INFO] - 0 hidden object(s)

2024-04-10 07:27:22 - [MESSAGE][PASSED] - Taking screenshot successfully
[[ATTACHMENT|C:\\Users\\LellKir\\git\\HMIC-Portal\\HMIC-Portal\\HMIC-Portal\\HMIC-Portal\\HMIC-Portal\\HMIC-Portal\\Reports\\20240410_070624\\AgencyPortal_SmokeTest_WC\\20240410_070624\\1712748442240.png]]

2024-04-10 07:27:22 - [MESSAGE][PASSED] - Call Test Case 'Test Cases/Portal_Pages/Portal_CommonScreens/Portal_Login' successfully

2024-04-10 07:27:22 - [TEST_STEP][PASSED] - click(findTestObject("Object Repository/Portal/Portal_Common_Tab_Quote")): Object: 'Object Repository/Portal/Portal_Common_Tab_Quote' is clicked on

2024-04-10 07:27:30 - [MESSAGE][PASSED] - Object: 'Object Repository/Portal/Portal_Common_Tab_Quote' is clicked on

2024-04-10 07:27:30 - [TEST_STEP][PASSED] - comment("User should able to search the quote in Portal"): User should able to search the quote in Portal

2024-04-10 07:27:30 - [MESSAGE][INFO] - User should able to search the quote in Portal

2024-04-10 07:27:30 - [TEST_STEP][PASSED] - verifyElementText(findTestObject("Object Repository/Portal/Portal_Quote_Header_NewBusinessDashboard"), "New Business Dashboard"): Actual text and expected text of test object 'Object Repository/Portal/Portal_Quote_Header_NewBusinessDashboard' are matched.

2024-04-10 07:28:00 - [MESSAGE][PASSED] - Actual text and expected text of test object 'Object Repository/Portal/Portal_Quote_Header_NewBusinessDashboard' are matched.

2024-04-10 07:28:00 - [TEST_STEP][PASSED] - setText(findTestObject("Object Repository/Portal/Portal_Quote_TextBox_SearchFor"), SubmissionNumber): Text '0038772240' is set on object 'Object Repository/Portal/Portal_Quote_TextBox_SearchFor'

2024-04-10 07:28:40 - [MESSAGE][PASSED] - Text '0038772240' is set on object 'Object Repository/Portal/Portal_Quote_TextBox_SearchFor'

2024-04-10 07:28:40 - [TEST_STEP][PASSED] - waitForPageLoad(10): Wait for page load successfully

2024-04-10 07:28:40 - [MESSAGE][PASSED] - Wait for page load successfully

2024-04-10 07:28:40 - [TEST_STEP][PASSED] - click(findTestObject("Object Repository/Portal/Portal_Quote_Button_Search")): Object: 'Object Repository/Portal/Portal_Quote_Button_Search' is clicked on

2024-04-10 07:28:40 - [MESSAGE][PASSED] - Object: 'Object Repository/Portal/Portal_Quote_Button_Search' is clicked on

2024-04-10 07:28:40 - [TEST_STEP][PASSED] - waitForPageLoad(10): Wait for page load successfully

2024-04-10 07:28:40 - [MESSAGE][PASSED] - Wait for page load successfully

2024-04-10 07:28:40 - [TEST_STEP][PASSED] - click(findTestObject("Portal/Portal_Quote_Table_QuoteNum", ["SubmissionNumber":SubmissionNumber])): Object: 'Object Repository/Portal/Portal_Quote_Table_QuoteNum' is clicked on

2024-04-10 07:28:44 - [MESSAGE][PASSED] - Object: 'Object Repository/Portal/Portal_Quote_Table_QuoteNum' is clicked on

2024-04-10 07:28:44 - [TEST_STEP][PASSED] - takeFullPageScreenshot(): Taking screenshot successfully

2024-04-10 07:28:45 - [MESSAGE][INFO] - 0 hidden object(s)

2024-04-10 07:28:45 - [MESSAGE][PASSED] - Taking screenshot successfully
[[ATTACHMENT|C:\\Users\\LellKir\\git\\HMIC-Portal\\HMIC-Portal\\HMIC-Portal\\HMIC-Portal\\HMIC-Portal\\HMIC-Portal\\Reports\\20240410_070624\\AgencyPortal_SmokeTest_WC\\20240410_070624\\1712748524730.png]]

2024-04-10 07:28:45 - [TEST_STEP][PASSED] - waitForElementHasAttribute(findTestObject("Portal/Portal_Common_Label_Header"), "Step 8: Review", 10): Object 'Object Repository/Portal/Portal_Common_Label_Header' does not have attribute 'Step 8: Review'

2024-04-10 07:28:58 - [MESSAGE][WARNING] - Object 'Object Repository/Portal/Portal_Common_Label_Header' does not have attribute 'Step 8: Review'

2024-04-10 07:28:58 - [TEST_STEP][PASSED] - verifyElementText(findTestObject("Portal/Portal_Common_Label_Header"), "Step 8: Review"): Actual text and expected text of test object 'Object Repository/Portal/Portal_Common_Label_Header' are matched.

2024-04-10 07:28:58 - [MESSAGE][PASSED] - Actual text and expected text of test object 'Object Repository/Portal/Portal_Common_Label_Header' are matched.

2024-04-10 07:28:58 - [TEST_STEP][PASSED] - takeFullPageScreenshot(): Taking screenshot successfully

2024-04-10 07:28:59 - [MESSAGE][INFO] - 0 hidden object(s)

2024-04-10 07:29:00 - [MESSAGE][PASSED] - Taking screenshot successfully
[[ATTACHMENT|C:\\Users\\LellKir\\git\\HMIC-Portal\\HMIC-Portal\\HMIC-Portal\\HMIC-Portal\\HMIC-Portal\\HMIC-Portal\\Reports\\20240410_070624\\AgencyPortal_SmokeTest_WC\\20240410_070624\\1712748538792.png]]

2024-04-10 07:29:00 - [TEST_STEP][PASSED] - click(findTestObject("Portal/Portal_Common_Button_NextPayment")): Object: 'Object Repository/Portal/Portal_Common_Button_NextPayment' is clicked on

2024-04-10 07:29:00 - [MESSAGE][PASSED] - Object: 'Object Repository/Portal/Portal_Common_Button_NextPayment' is clicked on

2024-04-10 07:29:00 - [TEST_STEP][PASSED] - waitForElementHasAttribute(findTestObject("Portal/Portal_Common_Label_Header"), "Step 9: Payment", 10, OPTIONAL): Object 'Object Repository/Portal/Portal_Common_Label_Header' does not have attribute 'Step 9: Payment'

2024-04-10 07:29:11 - [MESSAGE][WARNING] - Object 'Object Repository/Portal/Portal_Common_Label_Header' does not have attribute 'Step 9: Payment'

2024-04-10 07:29:11 - [TEST_STEP][PASSED] - verifyElementText(findTestObject("Portal/Portal_Common_Label_Header"), "Step 9: Payment", OPTIONAL): Actual text 'Step 8: Review' and expected text 'Step 9: Payment' of test object 'Object Repository/Portal/Portal_Common_Label_Header' are NOT matched. (Root cause: com.kms.katalon.core.exception.StepFailedException: Actual text 'Step 8: Review' and expected text 'Step 9: Payment' of test object 'Object Repository/Portal/Portal_Common_Label_Header' are NOT matched.
	at com.kms.katalon.core.webui.keyword.internal.WebUIKeywordMain.stepFailed(WebUIKeywordMain.groovy:64)
	at com.kms.katalon.core.webui.keyword.builtin.VerifyElementTextKeyword$_verifyElementText_closure1.doCall(VerifyElementTextKeyword.groovy:57)
	at com.kms.katalon.core.webui.keyword.builtin.VerifyElementTextKeyword$_verifyElementText_closure1.call(VerifyElementTextKeyword.groovy)
	at com.kms.katalon.core.webui.keyword.internal.WebUIKeywordMain.runKeyword(WebUIKeywordMain.groovy:20)
	at com.kms.katalon.core.webui.keyword.builtin.VerifyElementTextKeyword.verifyElementText(VerifyElementTextKeyword.groovy:72)
	at com.kms.katalon.core.webui.keyword.builtin.VerifyElementTextKeyword.execute(VerifyElementTextKeyword.groovy:40)
	at com.kms.katalon.core.keyword.internal.KeywordExecutor.executeKeywordForPlatform(KeywordExecutor.groovy:74)
	at com.kms.katalon.core.webui.keyword.WebUiBuiltInKeywords.verifyElementText(WebUiBuiltInKeywords.groovy:4733)
	at com.kms.katalon.core.webui.keyword.WebUiBuiltInKeywords$verifyElementText$21.call(Unknown Source)
	at Portal_SmokeTest_WIState.run(Portal_SmokeTest_WIState:268)
	at com.kms.katalon.core.main.ScriptEngine.run(ScriptEngine.java:194)
	at com.kms.katalon.core.main.ScriptEngine.runScriptAsRawText(ScriptEngine.java:119)
	at com.kms.katalon.core.main.TestCaseExecutor.runScript(TestCaseExecutor.java:448)
	at com.kms.katalon.core.main.TestCaseExecutor.doExecute(TestCaseExecutor.java:439)
	at com.kms.katalon.core.main.TestCaseExecutor.processExecutionPhase(TestCaseExecutor.java:418)
	at com.kms.katalon.core.main.TestCaseExecutor.accessMainPhase(TestCaseExecutor.java:410)
	at com.kms.katalon.core.main.TestCaseExecutor.execute(TestCaseExecutor.java:285)
	at com.kms.katalon.core.common.CommonExecutor.accessTestCaseMainPhase(CommonExecutor.java:65)
	at com.kms.katalon.core.main.TestSuiteExecutor.accessTestSuiteMainPhase(TestSuiteExecutor.java:148)
	at com.kms.katalon.core.main.TestSuiteExecutor.execute(TestSuiteExecutor.java:106)
	at com.kms.katalon.core.main.TestCaseMain.startTestSuite(TestCaseMain.java:187)
	at com.kms.katalon.core.main.TestCaseMain$startTestSuite$0.call(Unknown Source)
	at TempTestSuite1712747184320.run(TempTestSuite1712747184320.groovy:36)
)

2024-04-10 07:29:11 - [MESSAGE][WARNING] - Actual text 'Step 8: Review' and expected text 'Step 9: Payment' of test object 'Object Repository/Portal/Portal_Common_Label_Header' are NOT matched. (Root cause: com.kms.katalon.core.exception.StepFailedException: Actual text 'Step 8: Review' and expected text 'Step 9: Payment' of test object 'Object Repository/Portal/Portal_Common_Label_Header' are NOT matched.
	at com.kms.katalon.core.webui.keyword.internal.WebUIKeywordMain.stepFailed(WebUIKeywordMain.groovy:64)
	at com.kms.katalon.core.webui.keyword.builtin.VerifyElementTextKeyword$_verifyElementText_closure1.doCall(VerifyElementTextKeyword.groovy:57)
	at com.kms.katalon.core.webui.keyword.builtin.VerifyElementTextKeyword$_verifyElementText_closure1.call(VerifyElementTextKeyword.groovy)
	at com.kms.katalon.core.webui.keyword.internal.WebUIKeywordMain.runKeyword(WebUIKeywordMain.groovy:20)
	at com.kms.katalon.core.webui.keyword.builtin.VerifyElementTextKeyword.verifyElementText(VerifyElementTextKeyword.groovy:72)
	at com.kms.katalon.core.webui.keyword.builtin.VerifyElementTextKeyword.execute(VerifyElementTextKeyword.groovy:40)
	at com.kms.katalon.core.keyword.internal.KeywordExecutor.executeKeywordForPlatform(KeywordExecutor.groovy:74)
	at com.kms.katalon.core.webui.keyword.WebUiBuiltInKeywords.verifyElementText(WebUiBuiltInKeywords.groovy:4733)
	at com.kms.katalon.core.webui.keyword.WebUiBuiltInKeywords$verifyElementText$21.call(Unknown Source)
	at Portal_SmokeTest_WIState.run(Portal_SmokeTest_WIState:268)
	at com.kms.katalon.core.main.ScriptEngine.run(ScriptEngine.java:194)
	at com.kms.katalon.core.main.ScriptEngine.runScriptAsRawText(ScriptEngine.java:119)
	at com.kms.katalon.core.main.TestCaseExecutor.runScript(TestCaseExecutor.java:448)
	at com.kms.katalon.core.main.TestCaseExecutor.doExecute(TestCaseExecutor.java:439)
	at com.kms.katalon.core.main.TestCaseExecutor.processExecutionPhase(TestCaseExecutor.java:418)
	at com.kms.katalon.core.main.TestCaseExecutor.accessMainPhase(TestCaseExecutor.java:410)
	at com.kms.katalon.core.main.TestCaseExecutor.execute(TestCaseExecutor.java:285)
	at com.kms.katalon.core.common.CommonExecutor.accessTestCaseMainPhase(CommonExecutor.java:65)
	at com.kms.katalon.core.main.TestSuiteExecutor.accessTestSuiteMainPhase(TestSuiteExecutor.java:148)
	at com.kms.katalon.core.main.TestSuiteExecutor.execute(TestSuiteExecutor.java:106)
	at com.kms.katalon.core.main.TestCaseMain.startTestSuite(TestCaseMain.java:187)
	at com.kms.katalon.core.main.TestCaseMain$startTestSuite$0.call(Unknown Source)
	at TempTestSuite1712747184320.run(TempTestSuite1712747184320.groovy:36)
)
[[ATTACHMENT|C:\\Users\\LellKir\\git\\HMIC-Portal\\HMIC-Portal\\HMIC-Portal\\HMIC-Portal\\HMIC-Portal\\HMIC-Portal\\Reports\\20240410_070624\\AgencyPortal_SmokeTest_WC\\20240410_070624\\1712748551535.png]]

2024-04-10 07:29:11 - [TEST_STEP][FAILED] - mouseOver(findTestObject("Portal/Portal_Payment_DirectBill_PaymentPlan_Radio_FullPay")): Unable to move mouse over object 'Object Repository/Portal/Portal_Payment_DirectBill_PaymentPlan_Radio_FullPay' (Root cause: com.kms.katalon.core.exception.StepFailedException: Unable to move mouse over object 'Object Repository/Portal/Portal_Payment_DirectBill_PaymentPlan_Radio_FullPay'
	at com.kms.katalon.core.webui.keyword.internal.WebUIKeywordMain.stepFailed(WebUIKeywordMain.groovy:64)
	at com.kms.katalon.core.webui.keyword.internal.WebUIKeywordMain.runKeyword(WebUIKeywordMain.groovy:26)
	at com.kms.katalon.core.webui.keyword.builtin.MouseOverKeyword.mouseOver(MouseOverKeyword.groovy:66)
	at com.kms.katalon.core.webui.keyword.builtin.MouseOverKeyword.execute(MouseOverKeyword.groovy:40)
	at com.kms.katalon.core.keyword.internal.KeywordExecutor.executeKeywordForPlatform(KeywordExecutor.groovy:74)
	at com.kms.katalon.core.webui.keyword.WebUiBuiltInKeywords.mouseOver(WebUiBuiltInKeywords.groovy:806)
	at com.kms.katalon.core.webui.keyword.WebUiBuiltInKeywords$mouseOver$14.call(Unknown Source)
	at Portal_SmokeTest_WIState.run(Portal_SmokeTest_WIState:270)
	at com.kms.katalon.core.main.ScriptEngine.run(ScriptEngine.java:194)
	at com.kms.katalon.core.main.ScriptEngine.runScriptAsRawText(ScriptEngine.java:119)
	at com.kms.katalon.core.main.TestCaseExecutor.runScript(TestCaseExecutor.java:448)
	at com.kms.katalon.core.main.TestCaseExecutor.doExecute(TestCaseExecutor.java:439)
	at com.kms.katalon.core.main.TestCaseExecutor.processExecutionPhase(TestCaseExecutor.java:418)
	at com.kms.katalon.core.main.TestCaseExecutor.accessMainPhase(TestCaseExecutor.java:410)
	at com.kms.katalon.core.main.TestCaseExecutor.execute(TestCaseExecutor.java:285)
	at com.kms.katalon.core.common.CommonExecutor.accessTestCaseMainPhase(CommonExecutor.java:65)
	at com.kms.katalon.core.main.TestSuiteExecutor.accessTestSuiteMainPhase(TestSuiteExecutor.java:148)
	at com.kms.katalon.core.main.TestSuiteExecutor.execute(TestSuiteExecutor.java:106)
	at com.kms.katalon.core.main.TestCaseMain.startTestSuite(TestCaseMain.java:187)
	at com.kms.katalon.core.main.TestCaseMain$startTestSuite$0.call(Unknown Source)
	at TempTestSuite1712747184320.run(TempTestSuite1712747184320.groovy:36)
Caused by: com.kms.katalon.core.webui.exception.WebElementNotFoundException: Web element with id: 'Object Repository/Portal/Portal_Payment_DirectBill_PaymentPlan_Radio_FullPay' located by '//span[text()='Full Pay']' not found
	at com.kms.katalon.core.webui.common.WebUiCommonHelper.findWebElement(WebUiCommonHelper.java:1381)
	at com.kms.katalon.core.webui.keyword.internal.WebUIAbstractKeyword.findWebElement(WebUIAbstractKeyword.groovy:27)
	at com.kms.katalon.core.webui.keyword.internal.WebUIAbstractKeyword.findWebElement(WebUIAbstractKeyword.groovy:26)
	at com.kms.katalon.core.webui.keyword.builtin.MouseOverKeyword$_mouseOver_closure1.doCall(MouseOverKeyword.groovy:54)
	at com.kms.katalon.core.webui.keyword.builtin.MouseOverKeyword$_mouseOver_closure1.call(MouseOverKeyword.groovy)
	at com.kms.katalon.core.webui.keyword.internal.WebUIKeywordMain.runKeyword(WebUIKeywordMain.groovy:20)
	at com.kms.katalon.core.webui.keyword.builtin.MouseOverKeyword.mouseOver(MouseOverKeyword.groovy:66)
	at com.kms.katalon.core.webui.keyword.builtin.MouseOverKeyword.execute(MouseOverKeyword.groovy:40)
	at com.kms.katalon.core.keyword.internal.KeywordExecutor.executeKeywordForPlatform(KeywordExecutor.groovy:74)
	at com.kms.katalon.core.webui.keyword.WebUiBuiltInKeywords.mouseOver(WebUiBuiltInKeywords.groovy:806)
	at com.kms.katalon.core.webui.keyword.WebUiBuiltInKeywords$mouseOver$14.call(Unknown Source)
	at Script1689938677126.run(Script1689938677126.groovy:270)
	... 13 more
)

2024-04-10 07:29:42 - [MESSAGE][INFO] - Unable to find the element located by 'By.xpath: //span[text()='Full Pay']'. Please recheck the objects properties to make sure the desired element is located. 

2024-04-10 07:29:42 - [MESSAGE][WARNING] - [SELF-HEALING] Failed to find element with id 'Object Repository/Portal/Portal_Payment_DirectBill_PaymentPlan_Radio_FullPay'. Try using Self-healing.

2024-04-10 07:29:43 - [MESSAGE][INFO] - [SELF-HEALING] No working XPath is found.

2024-04-10 07:29:45 - [MESSAGE][INFO] - Unable to find the element located by 'By.xpath: '. Please recheck the objects properties to make sure the desired element is located. 

2024-04-10 07:29:45 - [MESSAGE][WARNING] - [SELF-HEALING] Cannot find elements when the selector is null

2024-04-10 07:29:45 - [MESSAGE][FAILED] - Unable to move mouse over object 'Object Repository/Portal/Portal_Payment_DirectBill_PaymentPlan_Radio_FullPay' (Root cause: com.kms.katalon.core.exception.StepFailedException: Unable to move mouse over object 'Object Repository/Portal/Portal_Payment_DirectBill_PaymentPlan_Radio_FullPay'
	at com.kms.katalon.core.webui.keyword.internal.WebUIKeywordMain.stepFailed(WebUIKeywordMain.groovy:64)
	at com.kms.katalon.core.webui.keyword.internal.WebUIKeywordMain.runKeyword(WebUIKeywordMain.groovy:26)
	at com.kms.katalon.core.webui.keyword.builtin.MouseOverKeyword.mouseOver(MouseOverKeyword.groovy:66)
	at com.kms.katalon.core.webui.keyword.builtin.MouseOverKeyword.execute(MouseOverKeyword.groovy:40)
	at com.kms.katalon.core.keyword.internal.KeywordExecutor.executeKeywordForPlatform(KeywordExecutor.groovy:74)
	at com.kms.katalon.core.webui.keyword.WebUiBuiltInKeywords.mouseOver(WebUiBuiltInKeywords.groovy:806)
	at com.kms.katalon.core.webui.keyword.WebUiBuiltInKeywords$mouseOver$14.call(Unknown Source)
	at Portal_SmokeTest_WIState.run(Portal_SmokeTest_WIState:270)
	at com.kms.katalon.core.main.ScriptEngine.run(ScriptEngine.java:194)
	at com.kms.katalon.core.main.ScriptEngine.runScriptAsRawText(ScriptEngine.java:119)
	at com.kms.katalon.core.main.TestCaseExecutor.runScript(TestCaseExecutor.java:448)
	at com.kms.katalon.core.main.TestCaseExecutor.doExecute(TestCaseExecutor.java:439)
	at com.kms.katalon.core.main.TestCaseExecutor.processExecutionPhase(TestCaseExecutor.java:418)
	at com.kms.katalon.core.main.TestCaseExecutor.accessMainPhase(TestCaseExecutor.java:410)
	at com.kms.katalon.core.main.TestCaseExecutor.execute(TestCaseExecutor.java:285)
	at com.kms.katalon.core.common.CommonExecutor.accessTestCaseMainPhase(CommonExecutor.java:65)
	at com.kms.katalon.core.main.TestSuiteExecutor.accessTestSuiteMainPhase(TestSuiteExecutor.java:148)
	at com.kms.katalon.core.main.TestSuiteExecutor.execute(TestSuiteExecutor.java:106)
	at com.kms.katalon.core.main.TestCaseMain.startTestSuite(TestCaseMain.java:187)
	at com.kms.katalon.core.main.TestCaseMain$startTestSuite$0.call(Unknown Source)
	at TempTestSuite1712747184320.run(TempTestSuite1712747184320.groovy:36)
Caused by: com.kms.katalon.core.webui.exception.WebElementNotFoundException: Web element with id: 'Object Repository/Portal/Portal_Payment_DirectBill_PaymentPlan_Radio_FullPay' located by '//span[text()='Full Pay']' not found
	at com.kms.katalon.core.webui.common.WebUiCommonHelper.findWebElement(WebUiCommonHelper.java:1381)
	at com.kms.katalon.core.webui.keyword.internal.WebUIAbstractKeyword.findWebElement(WebUIAbstractKeyword.groovy:27)
	at com.kms.katalon.core.webui.keyword.internal.WebUIAbstractKeyword.findWebElement(WebUIAbstractKeyword.groovy:26)
	at com.kms.katalon.core.webui.keyword.builtin.MouseOverKeyword$_mouseOver_closure1.doCall(MouseOverKeyword.groovy:54)
	at com.kms.katalon.core.webui.keyword.builtin.MouseOverKeyword$_mouseOver_closure1.call(MouseOverKeyword.groovy)
	at com.kms.katalon.core.webui.keyword.internal.WebUIKeywordMain.runKeyword(WebUIKeywordMain.groovy:20)
	at com.kms.katalon.core.webui.keyword.builtin.MouseOverKeyword.mouseOver(MouseOverKeyword.groovy:66)
	at com.kms.katalon.core.webui.keyword.builtin.MouseOverKeyword.execute(MouseOverKeyword.groovy:40)
	at com.kms.katalon.core.keyword.internal.KeywordExecutor.executeKeywordForPlatform(KeywordExecutor.groovy:74)
	at com.kms.katalon.core.webui.keyword.WebUiBuiltInKeywords.mouseOver(WebUiBuiltInKeywords.groovy:806)
	at com.kms.katalon.core.webui.keyword.WebUiBuiltInKeywords$mouseOver$14.call(Unknown Source)
	at Script1689938677126.run(Script1689938677126.groovy:270)
	... 13 more
)
[[ATTACHMENT|C:\\Users\\LellKir\\git\\HMIC-Portal\\HMIC-Portal\\HMIC-Portal\\HMIC-Portal\\HMIC-Portal\\HMIC-Portal\\Reports\\20240410_070624\\AgencyPortal_SmokeTest_WC\\20240410_070624\\1712748585139.png]]]]></system-out>
         <system-err><![CDATA[2024-04-10 07:17:23 - [TEST_CASE][FAILED] - Test Cases/Portal_WorkersCompensation/WC_SmokeTest_AllState/Portal_SmokeTest_WIState: Test Cases/Portal_WorkersCompensation/WC_SmokeTest_AllState/Portal_SmokeTest_WIState FAILED.
Reason:
com.kms.katalon.core.exception.StepFailedException: Unable to move mouse over object 'Object Repository/Portal/Portal_Payment_DirectBill_PaymentPlan_Radio_FullPay'
	at com.kms.katalon.core.webui.keyword.internal.WebUIKeywordMain.stepFailed(WebUIKeywordMain.groovy:64)
	at com.kms.katalon.core.webui.keyword.internal.WebUIKeywordMain.runKeyword(WebUIKeywordMain.groovy:26)
	at com.kms.katalon.core.webui.keyword.builtin.MouseOverKeyword.mouseOver(MouseOverKeyword.groovy:66)
	at com.kms.katalon.core.webui.keyword.builtin.MouseOverKeyword.execute(MouseOverKeyword.groovy:40)
	at com.kms.katalon.core.keyword.internal.KeywordExecutor.executeKeywordForPlatform(KeywordExecutor.groovy:74)
	at com.kms.katalon.core.webui.keyword.WebUiBuiltInKeywords.mouseOver(WebUiBuiltInKeywords.groovy:806)
	at com.kms.katalon.core.webui.keyword.WebUiBuiltInKeywords$mouseOver$14.call(Unknown Source)
	at Portal_SmokeTest_WIState.run(Portal_SmokeTest_WIState:270)
	at com.kms.katalon.core.main.ScriptEngine.run(ScriptEngine.java:194)
	at com.kms.katalon.core.main.ScriptEngine.runScriptAsRawText(ScriptEngine.java:119)
	at com.kms.katalon.core.main.TestCaseExecutor.runScript(TestCaseExecutor.java:448)
	at com.kms.katalon.core.main.TestCaseExecutor.doExecute(TestCaseExecutor.java:439)
	at com.kms.katalon.core.main.TestCaseExecutor.processExecutionPhase(TestCaseExecutor.java:418)
	at com.kms.katalon.core.main.TestCaseExecutor.accessMainPhase(TestCaseExecutor.java:410)
	at com.kms.katalon.core.main.TestCaseExecutor.execute(TestCaseExecutor.java:285)
	at com.kms.katalon.core.common.CommonExecutor.accessTestCaseMainPhase(CommonExecutor.java:65)
	at com.kms.katalon.core.main.TestSuiteExecutor.accessTestSuiteMainPhase(TestSuiteExecutor.java:148)
	at com.kms.katalon.core.main.TestSuiteExecutor.execute(TestSuiteExecutor.java:106)
	at com.kms.katalon.core.main.TestCaseMain.startTestSuite(TestCaseMain.java:187)
	at com.kms.katalon.core.main.TestCaseMain$startTestSuite$0.call(Unknown Source)
	at TempTestSuite1712747184320.run(TempTestSuite1712747184320.groovy:36)
Caused by: com.kms.katalon.core.webui.exception.WebElementNotFoundException: Web element with id: 'Object Repository/Portal/Portal_Payment_DirectBill_PaymentPlan_Radio_FullPay' located by '//span[text()='Full Pay']' not found
	at com.kms.katalon.core.webui.common.WebUiCommonHelper.findWebElement(WebUiCommonHelper.java:1381)
	at com.kms.katalon.core.webui.keyword.internal.WebUIAbstractKeyword.findWebElement(WebUIAbstractKeyword.groovy:27)
	at com.kms.katalon.core.webui.keyword.internal.WebUIAbstractKeyword.findWebElement(WebUIAbstractKeyword.groovy:26)
	at com.kms.katalon.core.webui.keyword.builtin.MouseOverKeyword$_mouseOver_closure1.doCall(MouseOverKeyword.groovy:54)
	at com.kms.katalon.core.webui.keyword.builtin.MouseOverKeyword$_mouseOver_closure1.call(MouseOverKeyword.groovy)
	at com.kms.katalon.core.webui.keyword.internal.WebUIKeywordMain.runKeyword(WebUIKeywordMain.groovy:20)
	... 19 more]]></system-err>
      </testcase>
      <testcase name="Test Cases/Portal_WorkersCompensation/WC_SmokeTest_AllState/Portal_SmokeTest_INState" time="310.104" classname="Test Cases/Portal_WorkersCompensation/WC_SmokeTest_AllState/Portal_SmokeTest_INState" status="FAILED">
         <failure type="FAILED" message="Test Cases/Portal_WorkersCompensation/WC_SmokeTest_AllState/Portal_SmokeTest_INState FAILED.
Reason:
com.kms.katalon.core.exception.StepFailedException: Unable to click on object 'Object Repository/Portal/Portal_Supplemental_CheckBox_IhaveReviewed'
	at com.kms.katalon.core.webui.keyword.internal.WebUIKeywordMain.stepFailed(WebUIKeywordMain.groovy:64)
	at com.kms.katalon.core.webui.keyword.internal.WebUIKeywordMain.runKeyword(WebUIKeywordMain.groovy:26)
	at com.kms.katalon.core.webui.keyword.builtin.ClickKeyword.click(ClickKeyword.groovy:74)
	at com.kms.katalon.core.webui.keyword.builtin.ClickKeyword.execute(ClickKeyword.groovy:40)
	at com.kms.katalon.core.keyword.internal.KeywordExecutor.executeKeywordForPlatform(KeywordExecutor.groovy:74)
	at com.kms.katalon.core.webui.keyword.WebUiBuiltInKeywords.click(WebUiBuiltInKeywords.groovy:620)
	at com.kms.katalon.core.webui.keyword.WebUiBuiltInKeywords$click$8.call(Unknown Source)
	at Portal_SmokeTest_INState.run(Portal_SmokeTest_INState:148)
	at com.kms.katalon.core.main.ScriptEngine.run(ScriptEngine.java:194)
	at com.kms.katalon.core.main.ScriptEngine.runScriptAsRawText(ScriptEngine.java:119)
	at com.kms.katalon.core.main.TestCaseExecutor.runScript(TestCaseExecutor.java:448)
	at com.kms.katalon.core.main.TestCaseExecutor.doExecute(TestCaseExecutor.java:439)
	at com.kms.katalon.core.main.TestCaseExecutor.processExecutionPhase(TestCaseExecutor.java:418)
	at com.kms.katalon.core.main.TestCaseExecutor.accessMainPhase(TestCaseExecutor.java:410)
	at com.kms.katalon.core.main.TestCaseExecutor.execute(TestCaseExecutor.java:285)
	at com.kms.katalon.core.common.CommonExecutor.accessTestCaseMainPhase(CommonExecutor.java:65)
	at com.kms.katalon.core.main.TestSuiteExecutor.accessTestSuiteMainPhase(TestSuiteExecutor.java:148)
	at com.kms.katalon.core.main.TestSuiteExecutor.execute(TestSuiteExecutor.java:106)
	at com.kms.katalon.core.main.TestCaseMain.startTestSuite(TestCaseMain.java:187)
	at com.kms.katalon.core.main.TestCaseMain$startTestSuite$0.call(Unknown Source)
	at TempTestSuite1712747184320.run(TempTestSuite1712747184320.groovy:36)
Caused by: com.kms.katalon.core.webui.exception.WebElementNotFoundException: Web element with id: 'Object Repository/Portal/Portal_Supplemental_CheckBox_IhaveReviewed' located by '//div[@id='root']/div/div[6]/div/div/div[2]/div[2]/div/div[2]/div/div[6]/div/div/div/span' not found
	at com.kms.katalon.core.webui.common.WebUiCommonHelper.findWebElement(WebUiCommonHelper.java:1381)
	at com.kms.katalon.core.webui.keyword.internal.WebUIAbstractKeyword.findWebElement(WebUIAbstractKeyword.groovy:27)
	at com.kms.katalon.core.webui.keyword.builtin.ClickKeyword$_click_closure1.doCall(ClickKeyword.groovy:65)
	at com.kms.katalon.core.webui.keyword.builtin.ClickKeyword$_click_closure1.call(ClickKeyword.groovy)
	at com.kms.katalon.core.webui.keyword.internal.WebUIKeywordMain.runKeyword(WebUIKeywordMain.groovy:20)
	... 19 more
"/>
         <system-out><![CDATA[2024-04-10 07:29:45 - [TEST_CASE][FAILED] - Test Cases/Portal_WorkersCompensation/WC_SmokeTest_AllState/Portal_SmokeTest_INState: Test Cases/Portal_WorkersCompensation/WC_SmokeTest_AllState/Portal_SmokeTest_INState FAILED.
Reason:
com.kms.katalon.core.exception.StepFailedException: Unable to click on object 'Object Repository/Portal/Portal_Supplemental_CheckBox_IhaveReviewed'
	at com.kms.katalon.core.webui.keyword.internal.WebUIKeywordMain.stepFailed(WebUIKeywordMain.groovy:64)
	at com.kms.katalon.core.webui.keyword.internal.WebUIKeywordMain.runKeyword(WebUIKeywordMain.groovy:26)
	at com.kms.katalon.core.webui.keyword.builtin.ClickKeyword.click(ClickKeyword.groovy:74)
	at com.kms.katalon.core.webui.keyword.builtin.ClickKeyword.execute(ClickKeyword.groovy:40)
	at com.kms.katalon.core.keyword.internal.KeywordExecutor.executeKeywordForPlatform(KeywordExecutor.groovy:74)
	at com.kms.katalon.core.webui.keyword.WebUiBuiltInKeywords.click(WebUiBuiltInKeywords.groovy:620)
	at com.kms.katalon.core.webui.keyword.WebUiBuiltInKeywords$click$8.call(Unknown Source)
	at Portal_SmokeTest_INState.run(Portal_SmokeTest_INState:148)
	at com.kms.katalon.core.main.ScriptEngine.run(ScriptEngine.java:194)
	at com.kms.katalon.core.main.ScriptEngine.runScriptAsRawText(ScriptEngine.java:119)
	at com.kms.katalon.core.main.TestCaseExecutor.runScript(TestCaseExecutor.java:448)
	at com.kms.katalon.core.main.TestCaseExecutor.doExecute(TestCaseExecutor.java:439)
	at com.kms.katalon.core.main.TestCaseExecutor.processExecutionPhase(TestCaseExecutor.java:418)
	at com.kms.katalon.core.main.TestCaseExecutor.accessMainPhase(TestCaseExecutor.java:410)
	at com.kms.katalon.core.main.TestCaseExecutor.execute(TestCaseExecutor.java:285)
	at com.kms.katalon.core.common.CommonExecutor.accessTestCaseMainPhase(CommonExecutor.java:65)
	at com.kms.katalon.core.main.TestSuiteExecutor.accessTestSuiteMainPhase(TestSuiteExecutor.java:148)
	at com.kms.katalon.core.main.TestSuiteExecutor.execute(TestSuiteExecutor.java:106)
	at com.kms.katalon.core.main.TestCaseMain.startTestSuite(TestCaseMain.java:187)
	at com.kms.katalon.core.main.TestCaseMain$startTestSuite$0.call(Unknown Source)
	at TempTestSuite1712747184320.run(TempTestSuite1712747184320.groovy:36)
Caused by: com.kms.katalon.core.webui.exception.WebElementNotFoundException: Web element with id: 'Object Repository/Portal/Portal_Supplemental_CheckBox_IhaveReviewed' located by '//div[@id='root']/div/div[6]/div/div/div[2]/div[2]/div/div[2]/div/div[6]/div/div/div/span' not found
	at com.kms.katalon.core.webui.common.WebUiCommonHelper.findWebElement(WebUiCommonHelper.java:1381)
	at com.kms.katalon.core.webui.keyword.internal.WebUIAbstractKeyword.findWebElement(WebUIAbstractKeyword.groovy:27)
	at com.kms.katalon.core.webui.keyword.builtin.ClickKeyword$_click_closure1.doCall(ClickKeyword.groovy:65)
	at com.kms.katalon.core.webui.keyword.builtin.ClickKeyword$_click_closure1.call(ClickKeyword.groovy)
	at com.kms.katalon.core.webui.keyword.internal.WebUIKeywordMain.runKeyword(WebUIKeywordMain.groovy:20)
	... 19 more


2024-04-10 07:29:45 - [TEST_STEP][PASSED] - comment("Portal Smoke Test"): Portal Smoke Test

2024-04-10 07:29:45 - [MESSAGE][INFO] - Portal Smoke Test

2024-04-10 07:29:45 - [TEST_STEP][PASSED] - callTestCase(findTestCase("Portal_Pages/Portal_CommonScreens/Portal_Login"), ["Portal_Username":Portal_Username, "Portal_Password":Portal_Password], STOP_ON_FAILURE): Call Test Case 'Test Cases/Portal_Pages/Portal_CommonScreens/Portal_Login' successfully

2024-04-10 07:29:45 - [TEST_CASE][PASSED] - Test Cases/Portal_Pages/Portal_CommonScreens/Portal_Login: Test Cases/Portal_Pages/Portal_CommonScreens/Portal_Login

2024-04-10 07:29:45 - [TEST_STEP][PASSED] - openBrowser(""): Browser is opened with url: ''

2024-04-10 07:29:45 - [MESSAGE][WARNING] - A browser is already opened. Closing browser and opening a new one

2024-04-10 07:29:46 - [MESSAGE][INFO] - Starting 'Chrome' driver

2024-04-10 07:29:46 - [MESSAGE][INFO] - Action delay is set to 0 milliseconds

2024-04-10 07:29:48 - [MESSAGE][PASSED] - Browser is opened with url: ''

2024-04-10 07:29:48 - [TEST_STEP][PASSED] - deleteAllCookies(): Delete all cookies successfully

2024-04-10 07:29:48 - [MESSAGE][PASSED] - Delete all cookies successfully

2024-04-10 07:29:48 - [TEST_STEP][PASSED] - maximizeWindow(): Current window maximized

2024-04-10 07:29:48 - [MESSAGE][PASSED] - Current window maximized

2024-04-10 07:29:48 - [TEST_STEP][PASSED] - takeFullPageScreenshot(): Taking screenshot successfully

2024-04-10 07:29:48 - [MESSAGE][INFO] - 0 hidden object(s)

2024-04-10 07:29:48 - [MESSAGE][PASSED] - Taking screenshot successfully
[[ATTACHMENT|C:\\Users\\LellKir\\git\\HMIC-Portal\\HMIC-Portal\\HMIC-Portal\\HMIC-Portal\\HMIC-Portal\\HMIC-Portal\\Reports\\20240410_070624\\AgencyPortal_SmokeTest_WC\\20240410_070624\\1712748588330.png]]

2024-04-10 07:29:48 - [TEST_STEP][PASSED] - navigateToUrl(PortalURL): Navigate to 'https://agencyportal.qa1.hastingsmutual.com/Accounts' successfully

2024-04-10 07:29:59 - [MESSAGE][PASSED] - Navigate to 'https://agencyportal.qa1.hastingsmutual.com/Accounts' successfully

2024-04-10 07:29:59 - [TEST_STEP][PASSED] - waitForPageLoad(10): Wait for page load successfully

2024-04-10 07:30:00 - [MESSAGE][PASSED] - Wait for page load successfully

2024-04-10 07:30:00 - [TEST_STEP][PASSED] - takeFullPageScreenshot(): Taking screenshot successfully

2024-04-10 07:30:01 - [MESSAGE][INFO] - 0 hidden object(s)

2024-04-10 07:30:01 - [MESSAGE][PASSED] - Taking screenshot successfully
[[ATTACHMENT|C:\\Users\\LellKir\\git\\HMIC-Portal\\HMIC-Portal\\HMIC-Portal\\HMIC-Portal\\HMIC-Portal\\HMIC-Portal\\Reports\\20240410_070624\\AgencyPortal_SmokeTest_WC\\20240410_070624\\1712748600965.png]]

2024-04-10 07:30:01 - [TEST_STEP][PASSED] - click(findTestObject("Object Repository/PolicyCenter_Login/div_PC_Login_Link_ClickHereToLogin"), OPTIONAL): Unable to click on object 'Object Repository/PolicyCenter_Login/div_PC_Login_Link_ClickHereToLogin' (Root cause: com.kms.katalon.core.exception.StepFailedException: Unable to click on object 'Object Repository/PolicyCenter_Login/div_PC_Login_Link_ClickHereToLogin'
	at com.kms.katalon.core.webui.keyword.internal.WebUIKeywordMain.stepFailed(WebUIKeywordMain.groovy:64)
	at com.kms.katalon.core.webui.keyword.internal.WebUIKeywordMain.runKeyword(WebUIKeywordMain.groovy:26)
	at com.kms.katalon.core.webui.keyword.builtin.ClickKeyword.click(ClickKeyword.groovy:74)
	at com.kms.katalon.core.webui.keyword.builtin.ClickKeyword.execute(ClickKeyword.groovy:40)
	at com.kms.katalon.core.keyword.internal.KeywordExecutor.executeKeywordForPlatform(KeywordExecutor.groovy:74)
	at com.kms.katalon.core.webui.keyword.WebUiBuiltInKeywords.click(WebUiBuiltInKeywords.groovy:608)
	at com.kms.katalon.core.webui.keyword.WebUiBuiltInKeywords$click$5.call(Unknown Source)
	at Portal_Login.run(Portal_Login:34)
	at com.kms.katalon.core.main.ScriptEngine.run(ScriptEngine.java:194)
	at com.kms.katalon.core.main.ScriptEngine.runScriptAsRawText(ScriptEngine.java:119)
	at com.kms.katalon.core.main.TestCaseExecutor.runScript(TestCaseExecutor.java:448)
	at com.kms.katalon.core.main.TestCaseExecutor.doExecute(TestCaseExecutor.java:439)
	at com.kms.katalon.core.main.TestCaseExecutor.processExecutionPhase(TestCaseExecutor.java:418)
	at com.kms.katalon.core.main.TestCaseExecutor.accessMainPhase(TestCaseExecutor.java:410)
	at com.kms.katalon.core.main.TestCaseExecutor.execute(TestCaseExecutor.java:285)
	at com.kms.katalon.core.main.TestCaseMain.runTestCase(TestCaseMain.java:144)
	at com.kms.katalon.core.keyword.builtin.CallTestCaseKeyword$_callTestCase_closure1.doCall(CallTestCaseKeyword.groovy:59)
	at com.kms.katalon.core.keyword.builtin.CallTestCaseKeyword$_callTestCase_closure1.call(CallTestCaseKeyword.groovy)
	at com.kms.katalon.core.keyword.internal.KeywordMain.runKeyword(KeywordMain.groovy:75)
	at com.kms.katalon.core.keyword.builtin.CallTestCaseKeyword.callTestCase(CallTestCaseKeyword.groovy:81)
	at com.kms.katalon.core.keyword.builtin.CallTestCaseKeyword.execute(CallTestCaseKeyword.groovy:44)
	at com.kms.katalon.core.keyword.internal.KeywordExecutor.executeKeywordForPlatform(KeywordExecutor.groovy:74)
	at com.kms.katalon.core.keyword.BuiltinKeywords.callTestCase(BuiltinKeywords.groovy:310)
	at Portal_SmokeTest_INState.run(Portal_SmokeTest_INState:22)
	at com.kms.katalon.core.main.ScriptEngine.run(ScriptEngine.java:194)
	at com.kms.katalon.core.main.ScriptEngine.runScriptAsRawText(ScriptEngine.java:119)
	at com.kms.katalon.core.main.TestCaseExecutor.runScript(TestCaseExecutor.java:448)
	at com.kms.katalon.core.main.TestCaseExecutor.doExecute(TestCaseExecutor.java:439)
	at com.kms.katalon.core.main.TestCaseExecutor.processExecutionPhase(TestCaseExecutor.java:418)
	at com.kms.katalon.core.main.TestCaseExecutor.accessMainPhase(TestCaseExecutor.java:410)
	at com.kms.katalon.core.main.TestCaseExecutor.execute(TestCaseExecutor.java:285)
	at com.kms.katalon.core.common.CommonExecutor.accessTestCaseMainPhase(CommonExecutor.java:65)
	at com.kms.katalon.core.main.TestSuiteExecutor.accessTestSuiteMainPhase(TestSuiteExecutor.java:148)
	at com.kms.katalon.core.main.TestSuiteExecutor.execute(TestSuiteExecutor.java:106)
	at com.kms.katalon.core.main.TestCaseMain.startTestSuite(TestCaseMain.java:187)
	at com.kms.katalon.core.main.TestCaseMain$startTestSuite$0.call(Unknown Source)
	at TempTestSuite1712747184320.run(TempTestSuite1712747184320.groovy:36)
Caused by: com.kms.katalon.core.webui.exception.WebElementNotFoundException: Web element with id: 'Object Repository/PolicyCenter_Login/div_PC_Login_Link_ClickHereToLogin' located by '//div[contains(@id,'LoginDetailsInputSet-LoginLink')]' not found
	at com.kms.katalon.core.webui.common.WebUiCommonHelper.findWebElement(WebUiCommonHelper.java:1381)
	at com.kms.katalon.core.webui.keyword.internal.WebUIAbstractKeyword.findWebElement(WebUIAbstractKeyword.groovy:27)
	at com.kms.katalon.core.webui.keyword.builtin.ClickKeyword$_click_closure1.doCall(ClickKeyword.groovy:65)
	at com.kms.katalon.core.webui.keyword.builtin.ClickKeyword$_click_closure1.call(ClickKeyword.groovy)
	at com.kms.katalon.core.webui.keyword.internal.WebUIKeywordMain.runKeyword(WebUIKeywordMain.groovy:20)
	at com.kms.katalon.core.webui.keyword.builtin.ClickKeyword.click(ClickKeyword.groovy:74)
	at com.kms.katalon.core.webui.keyword.builtin.ClickKeyword.execute(ClickKeyword.groovy:40)
	at com.kms.katalon.core.keyword.internal.KeywordExecutor.executeKeywordForPlatform(KeywordExecutor.groovy:74)
	at com.kms.katalon.core.webui.keyword.WebUiBuiltInKeywords.click(WebUiBuiltInKeywords.groovy:608)
	at com.kms.katalon.core.webui.keyword.WebUiBuiltInKeywords$click$5.call(Unknown Source)
	at Script1683558008637.run(Script1683558008637.groovy:34)
	at com.kms.katalon.core.main.ScriptEngine.run(ScriptEngine.java:194)
	at com.kms.katalon.core.main.ScriptEngine.runScriptAsRawText(ScriptEngine.java:119)
	at com.kms.katalon.core.main.TestCaseExecutor.runScript(TestCaseExecutor.java:448)
	at com.kms.katalon.core.main.TestCaseExecutor.doExecute(TestCaseExecutor.java:439)
	at com.kms.katalon.core.main.TestCaseExecutor.processExecutionPhase(TestCaseExecutor.java:418)
	at com.kms.katalon.core.main.TestCaseExecutor.accessMainPhase(TestCaseExecutor.java:410)
	at com.kms.katalon.core.main.TestCaseExecutor.execute(TestCaseExecutor.java:285)
	at com.kms.katalon.core.main.TestCaseMain.runTestCase(TestCaseMain.java:144)
	at com.kms.katalon.core.keyword.builtin.CallTestCaseKeyword$_callTestCase_closure1.doCall(CallTestCaseKeyword.groovy:59)
	at com.kms.katalon.core.keyword.builtin.CallTestCaseKeyword$_callTestCase_closure1.call(CallTestCaseKeyword.groovy)
	at com.kms.katalon.core.keyword.internal.KeywordMain.runKeyword(KeywordMain.groovy:75)
	at com.kms.katalon.core.keyword.builtin.CallTestCaseKeyword.callTestCase(CallTestCaseKeyword.groovy:81)
	at com.kms.katalon.core.keyword.builtin.CallTestCaseKeyword.execute(CallTestCaseKeyword.groovy:44)
	at com.kms.katalon.core.keyword.internal.KeywordExecutor.executeKeywordForPlatform(KeywordExecutor.groovy:74)
	at com.kms.katalon.core.keyword.BuiltinKeywords.callTestCase(BuiltinKeywords.groovy:310)
	at Script1689943813856.run(Script1689943813856.groovy:22)
	... 13 more
)

2024-04-10 07:30:32 - [MESSAGE][INFO] - Unable to find the element located by 'By.xpath: //div[contains(@id,'LoginDetailsInputSet-LoginLink')]'. Please recheck the objects properties to make sure the desired element is located. 

2024-04-10 07:30:32 - [MESSAGE][WARNING] - [SELF-HEALING] Failed to find element with id 'Object Repository/PolicyCenter_Login/div_PC_Login_Link_ClickHereToLogin'. Try using Self-healing.

2024-04-10 07:30:33 - [MESSAGE][INFO] - [SELF-HEALING] No working XPath is found.

2024-04-10 07:30:34 - [MESSAGE][INFO] - Unable to find the element located by 'By.xpath: '. Please recheck the objects properties to make sure the desired element is located. 

2024-04-10 07:30:34 - [MESSAGE][WARNING] - [SELF-HEALING] Cannot find elements when the selector is null

2024-04-10 07:30:35 - [MESSAGE][WARNING] - Unable to click on object 'Object Repository/PolicyCenter_Login/div_PC_Login_Link_ClickHereToLogin' (Root cause: com.kms.katalon.core.exception.StepFailedException: Unable to click on object 'Object Repository/PolicyCenter_Login/div_PC_Login_Link_ClickHereToLogin'
	at com.kms.katalon.core.webui.keyword.internal.WebUIKeywordMain.stepFailed(WebUIKeywordMain.groovy:64)
	at com.kms.katalon.core.webui.keyword.internal.WebUIKeywordMain.runKeyword(WebUIKeywordMain.groovy:26)
	at com.kms.katalon.core.webui.keyword.builtin.ClickKeyword.click(ClickKeyword.groovy:74)
	at com.kms.katalon.core.webui.keyword.builtin.ClickKeyword.execute(ClickKeyword.groovy:40)
	at com.kms.katalon.core.keyword.internal.KeywordExecutor.executeKeywordForPlatform(KeywordExecutor.groovy:74)
	at com.kms.katalon.core.webui.keyword.WebUiBuiltInKeywords.click(WebUiBuiltInKeywords.groovy:608)
	at com.kms.katalon.core.webui.keyword.WebUiBuiltInKeywords$click$5.call(Unknown Source)
	at Portal_Login.run(Portal_Login:34)
	at com.kms.katalon.core.main.ScriptEngine.run(ScriptEngine.java:194)
	at com.kms.katalon.core.main.ScriptEngine.runScriptAsRawText(ScriptEngine.java:119)
	at com.kms.katalon.core.main.TestCaseExecutor.runScript(TestCaseExecutor.java:448)
	at com.kms.katalon.core.main.TestCaseExecutor.doExecute(TestCaseExecutor.java:439)
	at com.kms.katalon.core.main.TestCaseExecutor.processExecutionPhase(TestCaseExecutor.java:418)
	at com.kms.katalon.core.main.TestCaseExecutor.accessMainPhase(TestCaseExecutor.java:410)
	at com.kms.katalon.core.main.TestCaseExecutor.execute(TestCaseExecutor.java:285)
	at com.kms.katalon.core.main.TestCaseMain.runTestCase(TestCaseMain.java:144)
	at com.kms.katalon.core.keyword.builtin.CallTestCaseKeyword$_callTestCase_closure1.doCall(CallTestCaseKeyword.groovy:59)
	at com.kms.katalon.core.keyword.builtin.CallTestCaseKeyword$_callTestCase_closure1.call(CallTestCaseKeyword.groovy)
	at com.kms.katalon.core.keyword.internal.KeywordMain.runKeyword(KeywordMain.groovy:75)
	at com.kms.katalon.core.keyword.builtin.CallTestCaseKeyword.callTestCase(CallTestCaseKeyword.groovy:81)
	at com.kms.katalon.core.keyword.builtin.CallTestCaseKeyword.execute(CallTestCaseKeyword.groovy:44)
	at com.kms.katalon.core.keyword.internal.KeywordExecutor.executeKeywordForPlatform(KeywordExecutor.groovy:74)
	at com.kms.katalon.core.keyword.BuiltinKeywords.callTestCase(BuiltinKeywords.groovy:310)
	at Portal_SmokeTest_INState.run(Portal_SmokeTest_INState:22)
	at com.kms.katalon.core.main.ScriptEngine.run(ScriptEngine.java:194)
	at com.kms.katalon.core.main.ScriptEngine.runScriptAsRawText(ScriptEngine.java:119)
	at com.kms.katalon.core.main.TestCaseExecutor.runScript(TestCaseExecutor.java:448)
	at com.kms.katalon.core.main.TestCaseExecutor.doExecute(TestCaseExecutor.java:439)
	at com.kms.katalon.core.main.TestCaseExecutor.processExecutionPhase(TestCaseExecutor.java:418)
	at com.kms.katalon.core.main.TestCaseExecutor.accessMainPhase(TestCaseExecutor.java:410)
	at com.kms.katalon.core.main.TestCaseExecutor.execute(TestCaseExecutor.java:285)
	at com.kms.katalon.core.common.CommonExecutor.accessTestCaseMainPhase(CommonExecutor.java:65)
	at com.kms.katalon.core.main.TestSuiteExecutor.accessTestSuiteMainPhase(TestSuiteExecutor.java:148)
	at com.kms.katalon.core.main.TestSuiteExecutor.execute(TestSuiteExecutor.java:106)
	at com.kms.katalon.core.main.TestCaseMain.startTestSuite(TestCaseMain.java:187)
	at com.kms.katalon.core.main.TestCaseMain$startTestSuite$0.call(Unknown Source)
	at TempTestSuite1712747184320.run(TempTestSuite1712747184320.groovy:36)
Caused by: com.kms.katalon.core.webui.exception.WebElementNotFoundException: Web element with id: 'Object Repository/PolicyCenter_Login/div_PC_Login_Link_ClickHereToLogin' located by '//div[contains(@id,'LoginDetailsInputSet-LoginLink')]' not found
	at com.kms.katalon.core.webui.common.WebUiCommonHelper.findWebElement(WebUiCommonHelper.java:1381)
	at com.kms.katalon.core.webui.keyword.internal.WebUIAbstractKeyword.findWebElement(WebUIAbstractKeyword.groovy:27)
	at com.kms.katalon.core.webui.keyword.builtin.ClickKeyword$_click_closure1.doCall(ClickKeyword.groovy:65)
	at com.kms.katalon.core.webui.keyword.builtin.ClickKeyword$_click_closure1.call(ClickKeyword.groovy)
	at com.kms.katalon.core.webui.keyword.internal.WebUIKeywordMain.runKeyword(WebUIKeywordMain.groovy:20)
	at com.kms.katalon.core.webui.keyword.builtin.ClickKeyword.click(ClickKeyword.groovy:74)
	at com.kms.katalon.core.webui.keyword.builtin.ClickKeyword.execute(ClickKeyword.groovy:40)
	at com.kms.katalon.core.keyword.internal.KeywordExecutor.executeKeywordForPlatform(KeywordExecutor.groovy:74)
	at com.kms.katalon.core.webui.keyword.WebUiBuiltInKeywords.click(WebUiBuiltInKeywords.groovy:608)
	at com.kms.katalon.core.webui.keyword.WebUiBuiltInKeywords$click$5.call(Unknown Source)
	at Script1683558008637.run(Script1683558008637.groovy:34)
	at com.kms.katalon.core.main.ScriptEngine.run(ScriptEngine.java:194)
	at com.kms.katalon.core.main.ScriptEngine.runScriptAsRawText(ScriptEngine.java:119)
	at com.kms.katalon.core.main.TestCaseExecutor.runScript(TestCaseExecutor.java:448)
	at com.kms.katalon.core.main.TestCaseExecutor.doExecute(TestCaseExecutor.java:439)
	at com.kms.katalon.core.main.TestCaseExecutor.processExecutionPhase(TestCaseExecutor.java:418)
	at com.kms.katalon.core.main.TestCaseExecutor.accessMainPhase(TestCaseExecutor.java:410)
	at com.kms.katalon.core.main.TestCaseExecutor.execute(TestCaseExecutor.java:285)
	at com.kms.katalon.core.main.TestCaseMain.runTestCase(TestCaseMain.java:144)
	at com.kms.katalon.core.keyword.builtin.CallTestCaseKeyword$_callTestCase_closure1.doCall(CallTestCaseKeyword.groovy:59)
	at com.kms.katalon.core.keyword.builtin.CallTestCaseKeyword$_callTestCase_closure1.call(CallTestCaseKeyword.groovy)
	at com.kms.katalon.core.keyword.internal.KeywordMain.runKeyword(KeywordMain.groovy:75)
	at com.kms.katalon.core.keyword.builtin.CallTestCaseKeyword.callTestCase(CallTestCaseKeyword.groovy:81)
	at com.kms.katalon.core.keyword.builtin.CallTestCaseKeyword.execute(CallTestCaseKeyword.groovy:44)
	at com.kms.katalon.core.keyword.internal.KeywordExecutor.executeKeywordForPlatform(KeywordExecutor.groovy:74)
	at com.kms.katalon.core.keyword.BuiltinKeywords.callTestCase(BuiltinKeywords.groovy:310)
	at Script1689943813856.run(Script1689943813856.groovy:22)
	... 13 more
)
[[ATTACHMENT|C:\\Users\\LellKir\\git\\HMIC-Portal\\HMIC-Portal\\HMIC-Portal\\HMIC-Portal\\HMIC-Portal\\HMIC-Portal\\Reports\\20240410_070624\\AgencyPortal_SmokeTest_WC\\20240410_070624\\1712748634921.png]]

2024-04-10 07:30:35 - [TEST_STEP][PASSED] - setText(findTestObject("Object Repository/PolicyCenter_Login/input_PC_Login_TextBox_UserName"), Portal_Username): Text 'adminuser2059' is set on object 'Object Repository/PolicyCenter_Login/input_PC_Login_TextBox_UserName'

2024-04-10 07:30:35 - [MESSAGE][PASSED] - Text 'adminuser2059' is set on object 'Object Repository/PolicyCenter_Login/input_PC_Login_TextBox_UserName'

2024-04-10 07:30:35 - [TEST_STEP][PASSED] - setText(findTestObject("Object Repository/PolicyCenter_Login/input_PC_Login_TextBox_Password"), Portal_Password): Text 'Hmic1234' is set on object 'Object Repository/PolicyCenter_Login/input_PC_Login_TextBox_Password'

2024-04-10 07:30:36 - [MESSAGE][PASSED] - Text 'Hmic1234' is set on object 'Object Repository/PolicyCenter_Login/input_PC_Login_TextBox_Password'

2024-04-10 07:30:36 - [TEST_STEP][PASSED] - takeFullPageScreenshot(): Taking screenshot successfully

2024-04-10 07:30:37 - [MESSAGE][INFO] - 0 hidden object(s)

2024-04-10 07:30:37 - [MESSAGE][PASSED] - Taking screenshot successfully
[[ATTACHMENT|C:\\Users\\LellKir\\git\\HMIC-Portal\\HMIC-Portal\\HMIC-Portal\\HMIC-Portal\\HMIC-Portal\\HMIC-Portal\\Reports\\20240410_070624\\AgencyPortal_SmokeTest_WC\\20240410_070624\\1712748636637.png]]

2024-04-10 07:30:37 - [TEST_STEP][PASSED] - waitForElementVisible(findTestObject("PolicyCenter_Login/input_PC_Login_Button_Login"), 20): Object 'Object Repository/PolicyCenter_Login/input_PC_Login_Button_Login' is visible

2024-04-10 07:30:37 - [MESSAGE][PASSED] - Object 'Object Repository/PolicyCenter_Login/input_PC_Login_Button_Login' is visible

2024-04-10 07:30:37 - [TEST_STEP][PASSED] - click(findTestObject("Object Repository/PolicyCenter_Login/input_PC_Login_Button_Login")): Object: 'Object Repository/PolicyCenter_Login/input_PC_Login_Button_Login' is clicked on

2024-04-10 07:30:38 - [MESSAGE][PASSED] - Object: 'Object Repository/PolicyCenter_Login/input_PC_Login_Button_Login' is clicked on

2024-04-10 07:30:38 - [TEST_STEP][PASSED] - takeFullPageScreenshot(): Taking screenshot successfully

2024-04-10 07:30:40 - [MESSAGE][INFO] - 0 hidden object(s)

2024-04-10 07:30:40 - [MESSAGE][PASSED] - Taking screenshot successfully
[[ATTACHMENT|C:\\Users\\LellKir\\git\\HMIC-Portal\\HMIC-Portal\\HMIC-Portal\\HMIC-Portal\\HMIC-Portal\\HMIC-Portal\\Reports\\20240410_070624\\AgencyPortal_SmokeTest_WC\\20240410_070624\\1712748638141.png]]

2024-04-10 07:30:40 - [TEST_STEP][PASSED] - waitForElementVisible(findTestObject("Portal/Portal_Common_Header_SearchForAccOrPol"), 30): Object 'Object Repository/Portal/Portal_Common_Header_SearchForAccOrPol' is visible

2024-04-10 07:30:41 - [MESSAGE][PASSED] - Object 'Object Repository/Portal/Portal_Common_Header_SearchForAccOrPol' is visible

2024-04-10 07:30:41 - [TEST_STEP][PASSED] - verifyElementVisible(findTestObject("Portal/Portal_Common_Header_SearchForAccOrPol")): Object 'Object Repository/Portal/Portal_Common_Header_SearchForAccOrPol' is visible

2024-04-10 07:30:41 - [MESSAGE][PASSED] - Object 'Object Repository/Portal/Portal_Common_Header_SearchForAccOrPol' is visible

2024-04-10 07:30:41 - [TEST_STEP][PASSED] - takeFullPageScreenshot(): Taking screenshot successfully

2024-04-10 07:30:42 - [MESSAGE][INFO] - 0 hidden object(s)

2024-04-10 07:30:42 - [MESSAGE][PASSED] - Taking screenshot successfully
[[ATTACHMENT|C:\\Users\\LellKir\\git\\HMIC-Portal\\HMIC-Portal\\HMIC-Portal\\HMIC-Portal\\HMIC-Portal\\HMIC-Portal\\Reports\\20240410_070624\\AgencyPortal_SmokeTest_WC\\20240410_070624\\1712748641840.png]]

2024-04-10 07:30:42 - [MESSAGE][PASSED] - Call Test Case 'Test Cases/Portal_Pages/Portal_CommonScreens/Portal_Login' successfully

2024-04-10 07:30:42 - [TEST_STEP][PASSED] - click(findTestObject("Object Repository/Portal/Portal_Common_Tab_Quote")): Object: 'Object Repository/Portal/Portal_Common_Tab_Quote' is clicked on

2024-04-10 07:30:48 - [MESSAGE][PASSED] - Object: 'Object Repository/Portal/Portal_Common_Tab_Quote' is clicked on

2024-04-10 07:30:48 - [TEST_STEP][PASSED] - comment("User is able to Initiate the quote successfully"): User is able to Initiate the quote successfully

2024-04-10 07:30:48 - [MESSAGE][INFO] - User is able to Initiate the quote successfully

2024-04-10 07:30:48 - [TEST_STEP][PASSED] - verifyElementText(findTestObject("Object Repository/Portal/Portal_Quote_Header_NewBusinessDashboard"), "New Business Dashboard"): Actual text and expected text of test object 'Object Repository/Portal/Portal_Quote_Header_NewBusinessDashboard' are matched.

2024-04-10 07:31:19 - [MESSAGE][PASSED] - Actual text and expected text of test object 'Object Repository/Portal/Portal_Quote_Header_NewBusinessDashboard' are matched.

2024-04-10 07:31:19 - [TEST_STEP][PASSED] - click(findTestObject("Object Repository/Portal/Portal_Quote_Title_StartANewBusiness")): Object: 'Object Repository/Portal/Portal_Quote_Title_StartANewBusiness' is clicked on

2024-04-10 07:31:49 - [MESSAGE][PASSED] - Object: 'Object Repository/Portal/Portal_Quote_Title_StartANewBusiness' is clicked on

2024-04-10 07:31:49 - [TEST_STEP][PASSED] - click(findTestObject("Object Repository/Portal/Portal_Quote_Dropdown_SelectLineOfBusiness")): Object: 'Object Repository/Portal/Portal_Quote_Dropdown_SelectLineOfBusiness' is clicked on

2024-04-10 07:31:59 - [MESSAGE][PASSED] - Object: 'Object Repository/Portal/Portal_Quote_Dropdown_SelectLineOfBusiness' is clicked on

2024-04-10 07:31:59 - [TEST_STEP][PASSED] - click(findTestObject("Object Repository/Portal/Portal_LOB_TypeList_WorkersComp")): Object: 'Object Repository/Portal/Portal_LOB_TypeList_WorkersComp' is clicked on

2024-04-10 07:31:59 - [MESSAGE][PASSED] - Object: 'Object Repository/Portal/Portal_LOB_TypeList_WorkersComp' is clicked on

2024-04-10 07:31:59 - [TEST_STEP][PASSED] - click(findTestObject("Object Repository/Portal/Portal_Common_Button_Next")): Object: 'Object Repository/Portal/Portal_Common_Button_Next' is clicked on

2024-04-10 07:32:01 - [MESSAGE][PASSED] - Object: 'Object Repository/Portal/Portal_Common_Button_Next' is clicked on

2024-04-10 07:32:01 - [TEST_STEP][PASSED] - verifyElementText(findTestObject("Object Repository/Portal/Portal_PreQual_Title_PreQualification"), "Pre-Qualification"): Actual text and expected text of test object 'Object Repository/Portal/Portal_PreQual_Title_PreQualification' are matched.

2024-04-10 07:32:02 - [MESSAGE][PASSED] - Actual text and expected text of test object 'Object Repository/Portal/Portal_PreQual_Title_PreQualification' are matched.

2024-04-10 07:32:02 - [TEST_STEP][PASSED] - comment("Prequalification statement should be displayed."): Prequalification statement should be displayed.

2024-04-10 07:32:02 - [MESSAGE][INFO] - Prequalification statement should be displayed.

2024-04-10 07:32:02 - [TEST_STEP][PASSED] - click(findTestObject("Object Repository/Portal/Portal_PreQual_CheckBox_RiskDoesNotHaveAny")): Object: 'Object Repository/Portal/Portal_PreQual_CheckBox_RiskDoesNotHaveAny' is clicked on

2024-04-10 07:32:03 - [MESSAGE][PASSED] - Object: 'Object Repository/Portal/Portal_PreQual_CheckBox_RiskDoesNotHaveAny' is clicked on

2024-04-10 07:32:03 - [TEST_STEP][PASSED] - click(findTestObject("Object Repository/Portal/Portal_PreQual_Button_Agree")): Object: 'Object Repository/Portal/Portal_PreQual_Button_Agree' is clicked on

2024-04-10 07:32:03 - [MESSAGE][PASSED] - Object: 'Object Repository/Portal/Portal_PreQual_Button_Agree' is clicked on

2024-04-10 07:32:03 - [TEST_STEP][PASSED] - waitForElementHasAttribute(findTestObject("Object Repository/Portal/Portal_AccInfo_Header_AccInfo"), "Step 1: Account Information", 10): Object 'Object Repository/Portal/Portal_AccInfo_Header_AccInfo' does not have attribute 'Step 1: Account Information'

2024-04-10 07:32:14 - [MESSAGE][WARNING] - Object 'Object Repository/Portal/Portal_AccInfo_Header_AccInfo' does not have attribute 'Step 1: Account Information'

2024-04-10 07:32:14 - [TEST_STEP][PASSED] - verifyElementText(findTestObject("Object Repository/Portal/Portal_AccInfo_Header_AccInfo"), "Step 1: Account Information"): Actual text and expected text of test object 'Object Repository/Portal/Portal_AccInfo_Header_AccInfo' are matched.

2024-04-10 07:32:15 - [MESSAGE][PASSED] - Actual text and expected text of test object 'Object Repository/Portal/Portal_AccInfo_Header_AccInfo' are matched.

2024-04-10 07:32:15 - [TEST_STEP][PASSED] - comment("User successfully navigated to Account Information screen"): User successfully navigated to Account Information screen

2024-04-10 07:32:15 - [MESSAGE][INFO] - User successfully navigated to Account Information screen

2024-04-10 07:32:15 - [TEST_STEP][PASSED] - click(findTestObject("Object Repository/Portal/Portal_AccInfo_Dropdown_SearchOrQuoteFor")): Object: 'Object Repository/Portal/Portal_AccInfo_Dropdown_SearchOrQuoteFor' is clicked on

2024-04-10 07:32:15 - [MESSAGE][PASSED] - Object: 'Object Repository/Portal/Portal_AccInfo_Dropdown_SearchOrQuoteFor' is clicked on

2024-04-10 07:32:15 - [TEST_STEP][PASSED] - click(findTestObject("Object Repository/Portal/Portal_AccInfo_TypeList_Individual")): Object: 'Object Repository/Portal/Portal_AccInfo_TypeList_Individual' is clicked on

2024-04-10 07:32:16 - [MESSAGE][PASSED] - Object: 'Object Repository/Portal/Portal_AccInfo_TypeList_Individual' is clicked on

2024-04-10 07:32:16 - [TEST_STEP][PASSED] - setText(findTestObject("Object Repository/Portal/Portal_AccInfo_TextBox_FirstName"), "Auto_FirstName"): Text 'Auto_FirstName' is set on object 'Object Repository/Portal/Portal_AccInfo_TextBox_FirstName'

2024-04-10 07:32:17 - [MESSAGE][PASSED] - Text 'Auto_FirstName' is set on object 'Object Repository/Portal/Portal_AccInfo_TextBox_FirstName'

2024-04-10 07:32:17 - [TEST_STEP][PASSED] - setText(findTestObject("Object Repository/Portal/Portal_AccInfo_TextBox_LastName"), "LastName" + RandomStringUtils.randomAlphabetic(5)): Text 'LastNamebDbrv' is set on object 'Object Repository/Portal/Portal_AccInfo_TextBox_LastName'

2024-04-10 07:32:17 - [MESSAGE][PASSED] - Text 'LastNamebDbrv' is set on object 'Object Repository/Portal/Portal_AccInfo_TextBox_LastName'

2024-04-10 07:32:17 - [TEST_STEP][PASSED] - setText(findTestObject("Object Repository/Portal/Portal_AccInfo_TextBox_ZipCode"), "46268"): Text '46268' is set on object 'Object Repository/Portal/Portal_AccInfo_TextBox_ZipCode'

2024-04-10 07:32:18 - [MESSAGE][PASSED] - Text '46268' is set on object 'Object Repository/Portal/Portal_AccInfo_TextBox_ZipCode'

2024-04-10 07:32:18 - [TEST_STEP][PASSED] - click(findTestObject("Object Repository/Portal/Portal_AccInfo_Button_CreateNewAcc")): Object: 'Object Repository/Portal/Portal_AccInfo_Button_CreateNewAcc' is clicked on

2024-04-10 07:32:19 - [MESSAGE][PASSED] - Object: 'Object Repository/Portal/Portal_AccInfo_Button_CreateNewAcc' is clicked on

2024-04-10 07:32:19 - [TEST_STEP][PASSED] - verifyElementText(findTestObject("Object Repository/Portal/Portal_AccInfo_SubTitle_AddNewAcc"), "Add a New Account"): Actual text and expected text of test object 'Object Repository/Portal/Portal_AccInfo_SubTitle_AddNewAcc' are matched.

2024-04-10 07:32:20 - [MESSAGE][PASSED] - Actual text and expected text of test object 'Object Repository/Portal/Portal_AccInfo_SubTitle_AddNewAcc' are matched.

2024-04-10 07:32:20 - [TEST_STEP][PASSED] - mouseOver(findTestObject("Object Repository/Portal/Portal_AccountInfo_Dropdown_ProducerCode"), STOP_ON_FAILURE): Object: 'Object Repository/Portal/Portal_AccountInfo_Dropdown_ProducerCode' is hovered

2024-04-10 07:32:20 - [MESSAGE][PASSED] - Object: 'Object Repository/Portal/Portal_AccountInfo_Dropdown_ProducerCode' is hovered

2024-04-10 07:32:20 - [TEST_STEP][PASSED] - setText(findTestObject("Object Repository/Portal/Portal_AccInfo_TextBox_Address"), "3221 W 86th St"): Text '3221 W 86th St' is set on object 'Object Repository/Portal/Portal_AccInfo_TextBox_Address'

2024-04-10 07:32:21 - [MESSAGE][PASSED] - Text '3221 W 86th St' is set on object 'Object Repository/Portal/Portal_AccInfo_TextBox_Address'

2024-04-10 07:32:21 - [TEST_STEP][PASSED] - sendKeys(findTestObject("Object Repository/Portal/Portal_AccInfo_TextBox_Address"), Keys.chord(SPACE)): Keys 'SPACE + ' sent to object: 'Object Repository/Portal/Portal_AccInfo_TextBox_Address'

2024-04-10 07:32:22 - [MESSAGE][PASSED] - Keys 'SPACE + ' sent to object: 'Object Repository/Portal/Portal_AccInfo_TextBox_Address'

2024-04-10 07:32:22 - [TEST_STEP][PASSED] - click(findTestObject("Object Repository/Portal/Portal_AccInfo_TypeList_1stAddress"), OPTIONAL): Object: 'Object Repository/Portal/Portal_AccInfo_TypeList_1stAddress' is clicked on

2024-04-10 07:32:22 - [MESSAGE][PASSED] - Object: 'Object Repository/Portal/Portal_AccInfo_TypeList_1stAddress' is clicked on

2024-04-10 07:32:22 - [TEST_STEP][PASSED] - waitForPageLoad(10): Wait for page load successfully

2024-04-10 07:32:22 - [MESSAGE][PASSED] - Wait for page load successfully

2024-04-10 07:32:22 - [TEST_STEP][PASSED] - mouseOver(findTestObject("Object Repository/Portal/Portal_AccountInfo_Dropdown_ProducerCode")): Object: 'Object Repository/Portal/Portal_AccountInfo_Dropdown_ProducerCode' is hovered

2024-04-10 07:32:23 - [MESSAGE][PASSED] - Object: 'Object Repository/Portal/Portal_AccountInfo_Dropdown_ProducerCode' is hovered

2024-04-10 07:32:23 - [TEST_STEP][PASSED] - click(findTestObject("Object Repository/Portal/Portal_AccountInfo_Dropdown_ProducerCode")): Object: 'Object Repository/Portal/Portal_AccountInfo_Dropdown_ProducerCode' is clicked on

2024-04-10 07:32:24 - [MESSAGE][PASSED] - Object: 'Object Repository/Portal/Portal_AccountInfo_Dropdown_ProducerCode' is clicked on

2024-04-10 07:32:24 - [TEST_STEP][PASSED] - mouseOver(findTestObject("Object Repository/Portal/Portal_AccInfo_TypeList_2059HouseCode")): Object: 'Object Repository/Portal/Portal_AccInfo_TypeList_2059HouseCode' is hovered

2024-04-10 07:32:24 - [MESSAGE][PASSED] - Object: 'Object Repository/Portal/Portal_AccInfo_TypeList_2059HouseCode' is hovered

2024-04-10 07:32:24 - [TEST_STEP][PASSED] - click(findTestObject("Object Repository/Portal/Portal_AccInfo_TypeList_2059HouseCode")): Object: 'Object Repository/Portal/Portal_AccInfo_TypeList_2059HouseCode' is clicked on

2024-04-10 07:32:25 - [MESSAGE][PASSED] - Object: 'Object Repository/Portal/Portal_AccInfo_TypeList_2059HouseCode' is clicked on

2024-04-10 07:32:25 - [TEST_STEP][PASSED] - click(findTestObject("Object Repository/Portal/Portal_AccInfo_Button_AddAccount")): Object: 'Object Repository/Portal/Portal_AccInfo_Button_AddAccount' is clicked on

2024-04-10 07:32:25 - [MESSAGE][PASSED] - Object: 'Object Repository/Portal/Portal_AccInfo_Button_AddAccount' is clicked on

2024-04-10 07:32:25 - [TEST_STEP][PASSED] - click(findTestObject("Object Repository/Portal/Portal_StandardizeAddress_Button_Continue")): Object: 'Object Repository/Portal/Portal_StandardizeAddress_Button_Continue' is clicked on

2024-04-10 07:32:28 - [MESSAGE][PASSED] - Object: 'Object Repository/Portal/Portal_StandardizeAddress_Button_Continue' is clicked on

2024-04-10 07:32:28 - [TEST_STEP][PASSED] - AccountNumber = getText(findTestObject("Portal/Portal_NewAccountCreated_Label_AccountNum"), OPTIONAL): Unable to get text of object 'Object Repository/Portal/Portal_NewAccountCreated_Label_AccountNum' (Root cause: com.kms.katalon.core.exception.StepFailedException: Unable to get text of object 'Object Repository/Portal/Portal_NewAccountCreated_Label_AccountNum'
	at com.kms.katalon.core.webui.keyword.internal.WebUIKeywordMain.stepFailed(WebUIKeywordMain.groovy:64)
	at com.kms.katalon.core.webui.keyword.internal.WebUIKeywordMain.runKeyword(WebUIKeywordMain.groovy:26)
	at com.kms.katalon.core.webui.keyword.builtin.GetTextKeyword.getText(GetTextKeyword.groovy:88)
	at com.kms.katalon.core.webui.keyword.builtin.GetTextKeyword.execute(GetTextKeyword.groovy:67)
	at com.kms.katalon.core.keyword.internal.KeywordExecutor.executeKeywordForPlatform(KeywordExecutor.groovy:74)
	at com.kms.katalon.core.webui.keyword.WebUiBuiltInKeywords.getText(WebUiBuiltInKeywords.groovy:904)
	at com.kms.katalon.core.webui.keyword.WebUiBuiltInKeywords$getText$22.call(Unknown Source)
	at Portal_SmokeTest_INState.run(Portal_SmokeTest_INState:92)
	at com.kms.katalon.core.main.ScriptEngine.run(ScriptEngine.java:194)
	at com.kms.katalon.core.main.ScriptEngine.runScriptAsRawText(ScriptEngine.java:119)
	at com.kms.katalon.core.main.TestCaseExecutor.runScript(TestCaseExecutor.java:448)
	at com.kms.katalon.core.main.TestCaseExecutor.doExecute(TestCaseExecutor.java:439)
	at com.kms.katalon.core.main.TestCaseExecutor.processExecutionPhase(TestCaseExecutor.java:418)
	at com.kms.katalon.core.main.TestCaseExecutor.accessMainPhase(TestCaseExecutor.java:410)
	at com.kms.katalon.core.main.TestCaseExecutor.execute(TestCaseExecutor.java:285)
	at com.kms.katalon.core.common.CommonExecutor.accessTestCaseMainPhase(CommonExecutor.java:65)
	at com.kms.katalon.core.main.TestSuiteExecutor.accessTestSuiteMainPhase(TestSuiteExecutor.java:148)
	at com.kms.katalon.core.main.TestSuiteExecutor.execute(TestSuiteExecutor.java:106)
	at com.kms.katalon.core.main.TestCaseMain.startTestSuite(TestCaseMain.java:187)
	at com.kms.katalon.core.main.TestCaseMain$startTestSuite$0.call(Unknown Source)
	at TempTestSuite1712747184320.run(TempTestSuite1712747184320.groovy:36)
Caused by: com.kms.katalon.core.webui.exception.WebElementNotFoundException: Web element with id: 'Object Repository/Portal/Portal_NewAccountCreated_Label_AccountNum' located by '//div[contains(@class,'AccountCreateModal_body')]/p[2]' not found
	at com.kms.katalon.core.webui.common.WebUiCommonHelper.findWebElement(WebUiCommonHelper.java:1381)
	at com.kms.katalon.core.webui.keyword.internal.WebUIAbstractKeyword.findWebElement(WebUIAbstractKeyword.groovy:27)
	at com.kms.katalon.core.webui.keyword.internal.WebUIAbstractKeyword.findWebElement(WebUIAbstractKeyword.groovy:26)
	at com.kms.katalon.core.webui.keyword.builtin.GetTextKeyword$_getText_closure1.doCall(GetTextKeyword.groovy:78)
	at com.kms.katalon.core.webui.keyword.builtin.GetTextKeyword$_getText_closure1.call(GetTextKeyword.groovy)
	at com.kms.katalon.core.webui.keyword.internal.WebUIKeywordMain.runKeyword(WebUIKeywordMain.groovy:20)
	at com.kms.katalon.core.webui.keyword.builtin.GetTextKeyword.getText(GetTextKeyword.groovy:88)
	at com.kms.katalon.core.webui.keyword.builtin.GetTextKeyword.execute(GetTextKeyword.groovy:67)
	at com.kms.katalon.core.keyword.internal.KeywordExecutor.executeKeywordForPlatform(KeywordExecutor.groovy:74)
	at com.kms.katalon.core.webui.keyword.WebUiBuiltInKeywords.getText(WebUiBuiltInKeywords.groovy:904)
	at com.kms.katalon.core.webui.keyword.WebUiBuiltInKeywords$getText$22.call(Unknown Source)
	at Script1689943813856.run(Script1689943813856.groovy:92)
	... 13 more
)

2024-04-10 07:32:59 - [MESSAGE][INFO] - Unable to find the element located by 'By.xpath: //div[contains(@class,'AccountCreateModal_body')]/p[2]'. Please recheck the objects properties to make sure the desired element is located. 

2024-04-10 07:32:59 - [MESSAGE][WARNING] - [SELF-HEALING] Failed to find element with id 'Object Repository/Portal/Portal_NewAccountCreated_Label_AccountNum'. Try using Self-healing.

2024-04-10 07:33:00 - [MESSAGE][INFO] - [SELF-HEALING] No working XPath is found.

2024-04-10 07:33:01 - [MESSAGE][INFO] - Unable to find the element located by 'By.xpath: '. Please recheck the objects properties to make sure the desired element is located. 

2024-04-10 07:33:01 - [MESSAGE][WARNING] - [SELF-HEALING] Cannot find elements when the selector is null

2024-04-10 07:33:01 - [MESSAGE][WARNING] - Unable to get text of object 'Object Repository/Portal/Portal_NewAccountCreated_Label_AccountNum' (Root cause: com.kms.katalon.core.exception.StepFailedException: Unable to get text of object 'Object Repository/Portal/Portal_NewAccountCreated_Label_AccountNum'
	at com.kms.katalon.core.webui.keyword.internal.WebUIKeywordMain.stepFailed(WebUIKeywordMain.groovy:64)
	at com.kms.katalon.core.webui.keyword.internal.WebUIKeywordMain.runKeyword(WebUIKeywordMain.groovy:26)
	at com.kms.katalon.core.webui.keyword.builtin.GetTextKeyword.getText(GetTextKeyword.groovy:88)
	at com.kms.katalon.core.webui.keyword.builtin.GetTextKeyword.execute(GetTextKeyword.groovy:67)
	at com.kms.katalon.core.keyword.internal.KeywordExecutor.executeKeywordForPlatform(KeywordExecutor.groovy:74)
	at com.kms.katalon.core.webui.keyword.WebUiBuiltInKeywords.getText(WebUiBuiltInKeywords.groovy:904)
	at com.kms.katalon.core.webui.keyword.WebUiBuiltInKeywords$getText$22.call(Unknown Source)
	at Portal_SmokeTest_INState.run(Portal_SmokeTest_INState:92)
	at com.kms.katalon.core.main.ScriptEngine.run(ScriptEngine.java:194)
	at com.kms.katalon.core.main.ScriptEngine.runScriptAsRawText(ScriptEngine.java:119)
	at com.kms.katalon.core.main.TestCaseExecutor.runScript(TestCaseExecutor.java:448)
	at com.kms.katalon.core.main.TestCaseExecutor.doExecute(TestCaseExecutor.java:439)
	at com.kms.katalon.core.main.TestCaseExecutor.processExecutionPhase(TestCaseExecutor.java:418)
	at com.kms.katalon.core.main.TestCaseExecutor.accessMainPhase(TestCaseExecutor.java:410)
	at com.kms.katalon.core.main.TestCaseExecutor.execute(TestCaseExecutor.java:285)
	at com.kms.katalon.core.common.CommonExecutor.accessTestCaseMainPhase(CommonExecutor.java:65)
	at com.kms.katalon.core.main.TestSuiteExecutor.accessTestSuiteMainPhase(TestSuiteExecutor.java:148)
	at com.kms.katalon.core.main.TestSuiteExecutor.execute(TestSuiteExecutor.java:106)
	at com.kms.katalon.core.main.TestCaseMain.startTestSuite(TestCaseMain.java:187)
	at com.kms.katalon.core.main.TestCaseMain$startTestSuite$0.call(Unknown Source)
	at TempTestSuite1712747184320.run(TempTestSuite1712747184320.groovy:36)
Caused by: com.kms.katalon.core.webui.exception.WebElementNotFoundException: Web element with id: 'Object Repository/Portal/Portal_NewAccountCreated_Label_AccountNum' located by '//div[contains(@class,'AccountCreateModal_body')]/p[2]' not found
	at com.kms.katalon.core.webui.common.WebUiCommonHelper.findWebElement(WebUiCommonHelper.java:1381)
	at com.kms.katalon.core.webui.keyword.internal.WebUIAbstractKeyword.findWebElement(WebUIAbstractKeyword.groovy:27)
	at com.kms.katalon.core.webui.keyword.internal.WebUIAbstractKeyword.findWebElement(WebUIAbstractKeyword.groovy:26)
	at com.kms.katalon.core.webui.keyword.builtin.GetTextKeyword$_getText_closure1.doCall(GetTextKeyword.groovy:78)
	at com.kms.katalon.core.webui.keyword.builtin.GetTextKeyword$_getText_closure1.call(GetTextKeyword.groovy)
	at com.kms.katalon.core.webui.keyword.internal.WebUIKeywordMain.runKeyword(WebUIKeywordMain.groovy:20)
	at com.kms.katalon.core.webui.keyword.builtin.GetTextKeyword.getText(GetTextKeyword.groovy:88)
	at com.kms.katalon.core.webui.keyword.builtin.GetTextKeyword.execute(GetTextKeyword.groovy:67)
	at com.kms.katalon.core.keyword.internal.KeywordExecutor.executeKeywordForPlatform(KeywordExecutor.groovy:74)
	at com.kms.katalon.core.webui.keyword.WebUiBuiltInKeywords.getText(WebUiBuiltInKeywords.groovy:904)
	at com.kms.katalon.core.webui.keyword.WebUiBuiltInKeywords$getText$22.call(Unknown Source)
	at Script1689943813856.run(Script1689943813856.groovy:92)
	... 13 more
)
[[ATTACHMENT|C:\\Users\\LellKir\\git\\HMIC-Portal\\HMIC-Portal\\HMIC-Portal\\HMIC-Portal\\HMIC-Portal\\HMIC-Portal\\Reports\\20240410_070624\\AgencyPortal_SmokeTest_WC\\20240410_070624\\1712748781513.png]]

2024-04-10 07:33:01 - [TEST_STEP][PASSED] - click(findTestObject("Portal/Portal_NewAccountCreated_Button_Continue"), OPTIONAL): Unable to click on object 'Object Repository/Portal/Portal_NewAccountCreated_Button_Continue' (Root cause: com.kms.katalon.core.exception.StepFailedException: Unable to click on object 'Object Repository/Portal/Portal_NewAccountCreated_Button_Continue'
	at com.kms.katalon.core.webui.keyword.internal.WebUIKeywordMain.stepFailed(WebUIKeywordMain.groovy:64)
	at com.kms.katalon.core.webui.keyword.internal.WebUIKeywordMain.runKeyword(WebUIKeywordMain.groovy:26)
	at com.kms.katalon.core.webui.keyword.builtin.ClickKeyword.click(ClickKeyword.groovy:74)
	at com.kms.katalon.core.webui.keyword.builtin.ClickKeyword.execute(ClickKeyword.groovy:40)
	at com.kms.katalon.core.keyword.internal.KeywordExecutor.executeKeywordForPlatform(KeywordExecutor.groovy:74)
	at com.kms.katalon.core.webui.keyword.WebUiBuiltInKeywords.click(WebUiBuiltInKeywords.groovy:608)
	at com.kms.katalon.core.webui.keyword.WebUiBuiltInKeywords$click$5.call(Unknown Source)
	at Portal_SmokeTest_INState.run(Portal_SmokeTest_INState:94)
	at com.kms.katalon.core.main.ScriptEngine.run(ScriptEngine.java:194)
	at com.kms.katalon.core.main.ScriptEngine.runScriptAsRawText(ScriptEngine.java:119)
	at com.kms.katalon.core.main.TestCaseExecutor.runScript(TestCaseExecutor.java:448)
	at com.kms.katalon.core.main.TestCaseExecutor.doExecute(TestCaseExecutor.java:439)
	at com.kms.katalon.core.main.TestCaseExecutor.processExecutionPhase(TestCaseExecutor.java:418)
	at com.kms.katalon.core.main.TestCaseExecutor.accessMainPhase(TestCaseExecutor.java:410)
	at com.kms.katalon.core.main.TestCaseExecutor.execute(TestCaseExecutor.java:285)
	at com.kms.katalon.core.common.CommonExecutor.accessTestCaseMainPhase(CommonExecutor.java:65)
	at com.kms.katalon.core.main.TestSuiteExecutor.accessTestSuiteMainPhase(TestSuiteExecutor.java:148)
	at com.kms.katalon.core.main.TestSuiteExecutor.execute(TestSuiteExecutor.java:106)
	at com.kms.katalon.core.main.TestCaseMain.startTestSuite(TestCaseMain.java:187)
	at com.kms.katalon.core.main.TestCaseMain$startTestSuite$0.call(Unknown Source)
	at TempTestSuite1712747184320.run(TempTestSuite1712747184320.groovy:36)
Caused by: com.kms.katalon.core.webui.exception.WebElementNotFoundException: Web element with id: 'Object Repository/Portal/Portal_NewAccountCreated_Button_Continue' located by '//button[@type='button']//span[text()='Continue']' not found
	at com.kms.katalon.core.webui.common.WebUiCommonHelper.findWebElement(WebUiCommonHelper.java:1381)
	at com.kms.katalon.core.webui.keyword.internal.WebUIAbstractKeyword.findWebElement(WebUIAbstractKeyword.groovy:27)
	at com.kms.katalon.core.webui.keyword.builtin.ClickKeyword$_click_closure1.doCall(ClickKeyword.groovy:65)
	at com.kms.katalon.core.webui.keyword.builtin.ClickKeyword$_click_closure1.call(ClickKeyword.groovy)
	at com.kms.katalon.core.webui.keyword.internal.WebUIKeywordMain.runKeyword(WebUIKeywordMain.groovy:20)
	at com.kms.katalon.core.webui.keyword.builtin.ClickKeyword.click(ClickKeyword.groovy:74)
	at com.kms.katalon.core.webui.keyword.builtin.ClickKeyword.execute(ClickKeyword.groovy:40)
	at com.kms.katalon.core.keyword.internal.KeywordExecutor.executeKeywordForPlatform(KeywordExecutor.groovy:74)
	at com.kms.katalon.core.webui.keyword.WebUiBuiltInKeywords.click(WebUiBuiltInKeywords.groovy:608)
	at com.kms.katalon.core.webui.keyword.WebUiBuiltInKeywords$click$5.call(Unknown Source)
	at Script1689943813856.run(Script1689943813856.groovy:94)
	... 13 more
)

2024-04-10 07:33:32 - [MESSAGE][INFO] - Unable to find the element located by 'By.xpath: //button[@type='button']//span[text()='Continue']'. Please recheck the objects properties to make sure the desired element is located. 

2024-04-10 07:33:32 - [MESSAGE][WARNING] - [SELF-HEALING] Failed to find element with id 'Object Repository/Portal/Portal_NewAccountCreated_Button_Continue'. Try using Self-healing.

2024-04-10 07:33:33 - [MESSAGE][INFO] - [SELF-HEALING] No working XPath is found.

2024-04-10 07:33:34 - [MESSAGE][INFO] - Unable to find the element located by 'By.xpath: '. Please recheck the objects properties to make sure the desired element is located. 

2024-04-10 07:33:34 - [MESSAGE][WARNING] - [SELF-HEALING] Cannot find elements when the selector is null

2024-04-10 07:33:35 - [MESSAGE][WARNING] - Unable to click on object 'Object Repository/Portal/Portal_NewAccountCreated_Button_Continue' (Root cause: com.kms.katalon.core.exception.StepFailedException: Unable to click on object 'Object Repository/Portal/Portal_NewAccountCreated_Button_Continue'
	at com.kms.katalon.core.webui.keyword.internal.WebUIKeywordMain.stepFailed(WebUIKeywordMain.groovy:64)
	at com.kms.katalon.core.webui.keyword.internal.WebUIKeywordMain.runKeyword(WebUIKeywordMain.groovy:26)
	at com.kms.katalon.core.webui.keyword.builtin.ClickKeyword.click(ClickKeyword.groovy:74)
	at com.kms.katalon.core.webui.keyword.builtin.ClickKeyword.execute(ClickKeyword.groovy:40)
	at com.kms.katalon.core.keyword.internal.KeywordExecutor.executeKeywordForPlatform(KeywordExecutor.groovy:74)
	at com.kms.katalon.core.webui.keyword.WebUiBuiltInKeywords.click(WebUiBuiltInKeywords.groovy:608)
	at com.kms.katalon.core.webui.keyword.WebUiBuiltInKeywords$click$5.call(Unknown Source)
	at Portal_SmokeTest_INState.run(Portal_SmokeTest_INState:94)
	at com.kms.katalon.core.main.ScriptEngine.run(ScriptEngine.java:194)
	at com.kms.katalon.core.main.ScriptEngine.runScriptAsRawText(ScriptEngine.java:119)
	at com.kms.katalon.core.main.TestCaseExecutor.runScript(TestCaseExecutor.java:448)
	at com.kms.katalon.core.main.TestCaseExecutor.doExecute(TestCaseExecutor.java:439)
	at com.kms.katalon.core.main.TestCaseExecutor.processExecutionPhase(TestCaseExecutor.java:418)
	at com.kms.katalon.core.main.TestCaseExecutor.accessMainPhase(TestCaseExecutor.java:410)
	at com.kms.katalon.core.main.TestCaseExecutor.execute(TestCaseExecutor.java:285)
	at com.kms.katalon.core.common.CommonExecutor.accessTestCaseMainPhase(CommonExecutor.java:65)
	at com.kms.katalon.core.main.TestSuiteExecutor.accessTestSuiteMainPhase(TestSuiteExecutor.java:148)
	at com.kms.katalon.core.main.TestSuiteExecutor.execute(TestSuiteExecutor.java:106)
	at com.kms.katalon.core.main.TestCaseMain.startTestSuite(TestCaseMain.java:187)
	at com.kms.katalon.core.main.TestCaseMain$startTestSuite$0.call(Unknown Source)
	at TempTestSuite1712747184320.run(TempTestSuite1712747184320.groovy:36)
Caused by: com.kms.katalon.core.webui.exception.WebElementNotFoundException: Web element with id: 'Object Repository/Portal/Portal_NewAccountCreated_Button_Continue' located by '//button[@type='button']//span[text()='Continue']' not found
	at com.kms.katalon.core.webui.common.WebUiCommonHelper.findWebElement(WebUiCommonHelper.java:1381)
	at com.kms.katalon.core.webui.keyword.internal.WebUIAbstractKeyword.findWebElement(WebUIAbstractKeyword.groovy:27)
	at com.kms.katalon.core.webui.keyword.builtin.ClickKeyword$_click_closure1.doCall(ClickKeyword.groovy:65)
	at com.kms.katalon.core.webui.keyword.builtin.ClickKeyword$_click_closure1.call(ClickKeyword.groovy)
	at com.kms.katalon.core.webui.keyword.internal.WebUIKeywordMain.runKeyword(WebUIKeywordMain.groovy:20)
	at com.kms.katalon.core.webui.keyword.builtin.ClickKeyword.click(ClickKeyword.groovy:74)
	at com.kms.katalon.core.webui.keyword.builtin.ClickKeyword.execute(ClickKeyword.groovy:40)
	at com.kms.katalon.core.keyword.internal.KeywordExecutor.executeKeywordForPlatform(KeywordExecutor.groovy:74)
	at com.kms.katalon.core.webui.keyword.WebUiBuiltInKeywords.click(WebUiBuiltInKeywords.groovy:608)
	at com.kms.katalon.core.webui.keyword.WebUiBuiltInKeywords$click$5.call(Unknown Source)
	at Script1689943813856.run(Script1689943813856.groovy:94)
	... 13 more
)
[[ATTACHMENT|C:\\Users\\LellKir\\git\\HMIC-Portal\\HMIC-Portal\\HMIC-Portal\\HMIC-Portal\\HMIC-Portal\\HMIC-Portal\\Reports\\20240410_070624\\AgencyPortal_SmokeTest_WC\\20240410_070624\\1712748814945.png]]

2024-04-10 07:33:35 - [TEST_STEP][PASSED] - click(findTestObject("Object Repository/Portal/Portal_PolicyDetails_Dropdown_OrgType")): Object: 'Object Repository/Portal/Portal_PolicyDetails_Dropdown_OrgType' is clicked on

2024-04-10 07:33:35 - [MESSAGE][PASSED] - Object: 'Object Repository/Portal/Portal_PolicyDetails_Dropdown_OrgType' is clicked on

2024-04-10 07:33:35 - [TEST_STEP][PASSED] - click(findTestObject("Object Repository/Portal/Portal_PolDetails_OrgType_TypeList_Individual")): Object: 'Object Repository/Portal/Portal_PolDetails_OrgType_TypeList_Individual' is clicked on

2024-04-10 07:33:36 - [MESSAGE][PASSED] - Object: 'Object Repository/Portal/Portal_PolDetails_OrgType_TypeList_Individual' is clicked on

2024-04-10 07:33:36 - [TEST_STEP][PASSED] - mouseOver(findTestObject("Object Repository/Portal/Portal_PolDetails_TextBox_SSN"), STOP_ON_FAILURE): Object: 'Object Repository/Portal/Portal_PolDetails_TextBox_SSN' is hovered

2024-04-10 07:33:36 - [MESSAGE][PASSED] - Object: 'Object Repository/Portal/Portal_PolDetails_TextBox_SSN' is hovered

2024-04-10 07:33:36 - [TEST_STEP][PASSED] - click(findTestObject("Object Repository/Portal/Portal_PolDetails_TextBox_SSN"), STOP_ON_FAILURE): Object: 'Object Repository/Portal/Portal_PolDetails_TextBox_SSN' is clicked on

2024-04-10 07:33:37 - [MESSAGE][PASSED] - Object: 'Object Repository/Portal/Portal_PolDetails_TextBox_SSN' is clicked on

2024-04-10 07:33:37 - [TEST_STEP][PASSED] - sendKeys(findTestObject("Object Repository/Portal/Portal_PolDetails_TextBox_SSN"), Keys.chord("123456789")): Keys '123456789' sent to object: 'Object Repository/Portal/Portal_PolDetails_TextBox_SSN'

2024-04-10 07:33:37 - [MESSAGE][PASSED] - Keys '123456789' sent to object: 'Object Repository/Portal/Portal_PolDetails_TextBox_SSN'

2024-04-10 07:33:37 - [TEST_STEP][PASSED] - click(findTestObject("Object Repository/Portal/Portal_PolicyDetails_Button_Save")): Object: 'Object Repository/Portal/Portal_PolicyDetails_Button_Save' is clicked on

2024-04-10 07:33:38 - [MESSAGE][PASSED] - Object: 'Object Repository/Portal/Portal_PolicyDetails_Button_Save' is clicked on

2024-04-10 07:33:38 - [TEST_STEP][PASSED] - takeFullPageScreenshot(): Taking screenshot successfully

2024-04-10 07:33:39 - [MESSAGE][INFO] - 0 hidden object(s)

2024-04-10 07:33:39 - [MESSAGE][PASSED] - Taking screenshot successfully
[[ATTACHMENT|C:\\Users\\LellKir\\git\\HMIC-Portal\\HMIC-Portal\\HMIC-Portal\\HMIC-Portal\\HMIC-Portal\\HMIC-Portal\\Reports\\20240410_070624\\AgencyPortal_SmokeTest_WC\\20240410_070624\\1712748818475.png]]

2024-04-10 07:33:39 - [TEST_STEP][PASSED] - click(findTestObject("Object Repository/Portal/Portal_Common_Button_NextLoc")): Object: 'Object Repository/Portal/Portal_Common_Button_NextLoc' is clicked on

2024-04-10 07:33:39 - [MESSAGE][PASSED] - Object: 'Object Repository/Portal/Portal_Common_Button_NextLoc' is clicked on

2024-04-10 07:33:39 - [TEST_STEP][PASSED] - waitForElementHasAttribute(findTestObject("Object Repository/Portal/Portal_Loc_Header_Loc"), "Step 3: Locations", 10): Object 'Object Repository/Portal/Portal_Loc_Header_Loc' does not have attribute 'Step 3: Locations'

2024-04-10 07:33:52 - [MESSAGE][WARNING] - Object 'Object Repository/Portal/Portal_Loc_Header_Loc' does not have attribute 'Step 3: Locations'

2024-04-10 07:33:52 - [TEST_STEP][PASSED] - verifyElementText(findTestObject("Object Repository/Portal/Portal_Loc_Header_Loc"), "Step 3: Locations"): Actual text and expected text of test object 'Object Repository/Portal/Portal_Loc_Header_Loc' are matched.

2024-04-10 07:33:53 - [MESSAGE][PASSED] - Actual text and expected text of test object 'Object Repository/Portal/Portal_Loc_Header_Loc' are matched.

2024-04-10 07:33:53 - [TEST_STEP][PASSED] - setText(findTestObject("Object Repository/Portal/Portal_Loc_TextBox_MaxNumOfEmp"), "51"): Text '51' is set on object 'Object Repository/Portal/Portal_Loc_TextBox_MaxNumOfEmp'

2024-04-10 07:33:53 - [MESSAGE][PASSED] - Text '51' is set on object 'Object Repository/Portal/Portal_Loc_TextBox_MaxNumOfEmp'

2024-04-10 07:33:53 - [TEST_STEP][PASSED] - click(findTestObject("Object Repository/Portal/Portal_Loc_TextBox_WorkClassification")): Object: 'Object Repository/Portal/Portal_Loc_TextBox_WorkClassification' is clicked on

2024-04-10 07:33:54 - [MESSAGE][PASSED] - Object: 'Object Repository/Portal/Portal_Loc_TextBox_WorkClassification' is clicked on

2024-04-10 07:33:54 - [TEST_STEP][PASSED] - click(findTestObject("Object Repository/Portal/Portal_Loc_WorkClassification_TypeList_0005")): Object: 'Object Repository/Portal/Portal_Loc_WorkClassification_TypeList_0005' is clicked on

2024-04-10 07:33:55 - [MESSAGE][PASSED] - Object: 'Object Repository/Portal/Portal_Loc_WorkClassification_TypeList_0005' is clicked on

2024-04-10 07:33:55 - [TEST_STEP][PASSED] - setText(findTestObject("Object Repository/Portal/Portal_Loc_TextBox_TotalPayroll"), "5000"): Text '5000' is set on object 'Object Repository/Portal/Portal_Loc_TextBox_TotalPayroll'

2024-04-10 07:33:56 - [MESSAGE][PASSED] - Text '5000' is set on object 'Object Repository/Portal/Portal_Loc_TextBox_TotalPayroll'

2024-04-10 07:33:56 - [TEST_STEP][PASSED] - setText(findTestObject("Object Repository/Portal/Portal_Loc_TextBox_FullTimeEmployees"), "10"): Text '10' is set on object 'Object Repository/Portal/Portal_Loc_TextBox_FullTimeEmployees'

2024-04-10 07:33:57 - [MESSAGE][PASSED] - Text '10' is set on object 'Object Repository/Portal/Portal_Loc_TextBox_FullTimeEmployees'

2024-04-10 07:33:57 - [TEST_STEP][PASSED] - setText(findTestObject("Object Repository/Portal/Portal_Loc_TextBox_PartTimeEmployees"), "10"): Text '10' is set on object 'Object Repository/Portal/Portal_Loc_TextBox_PartTimeEmployees'

2024-04-10 07:33:58 - [MESSAGE][PASSED] - Text '10' is set on object 'Object Repository/Portal/Portal_Loc_TextBox_PartTimeEmployees'

2024-04-10 07:33:58 - [TEST_STEP][PASSED] - click(findTestObject("Object Repository/Portal/Portal_Loc_Button_Save")): Object: 'Object Repository/Portal/Portal_Loc_Button_Save' is clicked on

2024-04-10 07:33:58 - [MESSAGE][PASSED] - Object: 'Object Repository/Portal/Portal_Loc_Button_Save' is clicked on

2024-04-10 07:33:58 - [TEST_STEP][PASSED] - takeFullPageScreenshot(): Taking screenshot successfully

2024-04-10 07:33:59 - [MESSAGE][INFO] - 0 hidden object(s)

2024-04-10 07:33:59 - [MESSAGE][PASSED] - Taking screenshot successfully
[[ATTACHMENT|C:\\Users\\LellKir\\git\\HMIC-Portal\\HMIC-Portal\\HMIC-Portal\\HMIC-Portal\\HMIC-Portal\\HMIC-Portal\\Reports\\20240410_070624\\AgencyPortal_SmokeTest_WC\\20240410_070624\\1712748838737.png]]

2024-04-10 07:33:59 - [TEST_STEP][PASSED] - click(findTestObject("Object Repository/Portal/Portal_Common_Button_NextStateCov")): Object: 'Object Repository/Portal/Portal_Common_Button_NextStateCov' is clicked on

2024-04-10 07:33:59 - [MESSAGE][PASSED] - Object: 'Object Repository/Portal/Portal_Common_Button_NextStateCov' is clicked on

2024-04-10 07:33:59 - [TEST_STEP][PASSED] - waitForElementHasAttribute(findTestObject("Object Repository/Portal/Portal_Cov_Header_Coverages"), "Step 4: Coverages", 10): Object 'Object Repository/Portal/Portal_Cov_Header_Coverages' does not have attribute 'Step 4: Coverages'

2024-04-10 07:34:12 - [MESSAGE][WARNING] - Object 'Object Repository/Portal/Portal_Cov_Header_Coverages' does not have attribute 'Step 4: Coverages'

2024-04-10 07:34:12 - [TEST_STEP][PASSED] - verifyElementText(findTestObject("Object Repository/Portal/Portal_Cov_Header_Coverages"), "Step 4: Coverages"): Actual text and expected text of test object 'Object Repository/Portal/Portal_Cov_Header_Coverages' are matched.

2024-04-10 07:34:13 - [MESSAGE][PASSED] - Actual text and expected text of test object 'Object Repository/Portal/Portal_Cov_Header_Coverages' are matched.

2024-04-10 07:34:13 - [TEST_STEP][PASSED] - click(findTestObject("Portal/Portal_StateCov_Chkbox_ExpRating")): Object: 'Object Repository/Portal/Portal_StateCov_Chkbox_ExpRating' is clicked on

2024-04-10 07:34:13 - [MESSAGE][PASSED] - Object: 'Object Repository/Portal/Portal_StateCov_Chkbox_ExpRating' is clicked on

2024-04-10 07:34:13 - [TEST_STEP][PASSED] - setText(findTestObject("Portal/Portal_StateCov_input_ExpRating"), "10"): Text '10' is set on object 'Object Repository/Portal/Portal_StateCov_input_ExpRating'

2024-04-10 07:34:15 - [MESSAGE][PASSED] - Text '10' is set on object 'Object Repository/Portal/Portal_StateCov_input_ExpRating'

2024-04-10 07:34:15 - [TEST_STEP][PASSED] - click(findTestObject("Object Repository/Portal/Portal_StateCov_Button_NextLineCov")): Object: 'Object Repository/Portal/Portal_StateCov_Button_NextLineCov' is clicked on

2024-04-10 07:34:16 - [MESSAGE][PASSED] - Object: 'Object Repository/Portal/Portal_StateCov_Button_NextLineCov' is clicked on

2024-04-10 07:34:16 - [TEST_STEP][PASSED] - click(findTestObject("Object Repository/Portal/Portal_LineCov_button_NextSupplementalQues")): Object: 'Object Repository/Portal/Portal_LineCov_button_NextSupplementalQues' is clicked on

2024-04-10 07:34:19 - [MESSAGE][PASSED] - Object: 'Object Repository/Portal/Portal_LineCov_button_NextSupplementalQues' is clicked on

2024-04-10 07:34:19 - [TEST_STEP][FAILED] - click(findTestObject("Object Repository/Portal/Portal_Supplemental_CheckBox_IhaveReviewed")): Unable to click on object 'Object Repository/Portal/Portal_Supplemental_CheckBox_IhaveReviewed' (Root cause: com.kms.katalon.core.exception.StepFailedException: Unable to click on object 'Object Repository/Portal/Portal_Supplemental_CheckBox_IhaveReviewed'
	at com.kms.katalon.core.webui.keyword.internal.WebUIKeywordMain.stepFailed(WebUIKeywordMain.groovy:64)
	at com.kms.katalon.core.webui.keyword.internal.WebUIKeywordMain.runKeyword(WebUIKeywordMain.groovy:26)
	at com.kms.katalon.core.webui.keyword.builtin.ClickKeyword.click(ClickKeyword.groovy:74)
	at com.kms.katalon.core.webui.keyword.builtin.ClickKeyword.execute(ClickKeyword.groovy:40)
	at com.kms.katalon.core.keyword.internal.KeywordExecutor.executeKeywordForPlatform(KeywordExecutor.groovy:74)
	at com.kms.katalon.core.webui.keyword.WebUiBuiltInKeywords.click(WebUiBuiltInKeywords.groovy:620)
	at com.kms.katalon.core.webui.keyword.WebUiBuiltInKeywords$click$8.call(Unknown Source)
	at Portal_SmokeTest_INState.run(Portal_SmokeTest_INState:148)
	at com.kms.katalon.core.main.ScriptEngine.run(ScriptEngine.java:194)
	at com.kms.katalon.core.main.ScriptEngine.runScriptAsRawText(ScriptEngine.java:119)
	at com.kms.katalon.core.main.TestCaseExecutor.runScript(TestCaseExecutor.java:448)
	at com.kms.katalon.core.main.TestCaseExecutor.doExecute(TestCaseExecutor.java:439)
	at com.kms.katalon.core.main.TestCaseExecutor.processExecutionPhase(TestCaseExecutor.java:418)
	at com.kms.katalon.core.main.TestCaseExecutor.accessMainPhase(TestCaseExecutor.java:410)
	at com.kms.katalon.core.main.TestCaseExecutor.execute(TestCaseExecutor.java:285)
	at com.kms.katalon.core.common.CommonExecutor.accessTestCaseMainPhase(CommonExecutor.java:65)
	at com.kms.katalon.core.main.TestSuiteExecutor.accessTestSuiteMainPhase(TestSuiteExecutor.java:148)
	at com.kms.katalon.core.main.TestSuiteExecutor.execute(TestSuiteExecutor.java:106)
	at com.kms.katalon.core.main.TestCaseMain.startTestSuite(TestCaseMain.java:187)
	at com.kms.katalon.core.main.TestCaseMain$startTestSuite$0.call(Unknown Source)
	at TempTestSuite1712747184320.run(TempTestSuite1712747184320.groovy:36)
Caused by: com.kms.katalon.core.webui.exception.WebElementNotFoundException: Web element with id: 'Object Repository/Portal/Portal_Supplemental_CheckBox_IhaveReviewed' located by '//div[@id='root']/div/div[6]/div/div/div[2]/div[2]/div/div[2]/div/div[6]/div/div/div/span' not found
	at com.kms.katalon.core.webui.common.WebUiCommonHelper.findWebElement(WebUiCommonHelper.java:1381)
	at com.kms.katalon.core.webui.keyword.internal.WebUIAbstractKeyword.findWebElement(WebUIAbstractKeyword.groovy:27)
	at com.kms.katalon.core.webui.keyword.builtin.ClickKeyword$_click_closure1.doCall(ClickKeyword.groovy:65)
	at com.kms.katalon.core.webui.keyword.builtin.ClickKeyword$_click_closure1.call(ClickKeyword.groovy)
	at com.kms.katalon.core.webui.keyword.internal.WebUIKeywordMain.runKeyword(WebUIKeywordMain.groovy:20)
	at com.kms.katalon.core.webui.keyword.builtin.ClickKeyword.click(ClickKeyword.groovy:74)
	at com.kms.katalon.core.webui.keyword.builtin.ClickKeyword.execute(ClickKeyword.groovy:40)
	at com.kms.katalon.core.keyword.internal.KeywordExecutor.executeKeywordForPlatform(KeywordExecutor.groovy:74)
	at com.kms.katalon.core.webui.keyword.WebUiBuiltInKeywords.click(WebUiBuiltInKeywords.groovy:620)
	at com.kms.katalon.core.webui.keyword.WebUiBuiltInKeywords$click$8.call(Unknown Source)
	at Script1689943813856.run(Script1689943813856.groovy:148)
	... 13 more
)

2024-04-10 07:34:50 - [MESSAGE][INFO] - Unable to find the element located by 'By.xpath: //div[@id='root']/div/div[6]/div/div/div[2]/div[2]/div/div[2]/div/div[6]/div/div/div/span'. Please recheck the objects properties to make sure the desired element is located. 

2024-04-10 07:34:50 - [MESSAGE][WARNING] - [SELF-HEALING] Failed to find element with id 'Object Repository/Portal/Portal_Supplemental_CheckBox_IhaveReviewed'. Try using Self-healing.

2024-04-10 07:34:51 - [MESSAGE][INFO] - Unable to find the element located by 'By.xpath: //div[@id='root']/div/div[6]/div/div/div[2]/div[2]/div/div[2]/div/div[6]/div/div/div/span'. Please recheck the objects properties to make sure the desired element is located. 

2024-04-10 07:34:52 - [MESSAGE][INFO] - [SELF-HEALING] Failed Locator: '//div[@id='root']/div/div[6]/div/div/div[2]/div[2]/div/div[2]/div/div[6]/div/div/div/span'.

2024-04-10 07:34:52 - [MESSAGE][INFO] - [SELF-HEALING] Failed Locator: '//div[2]/div/div[6]/div/div/div/span'.

2024-04-10 07:34:52 - [MESSAGE][INFO] - [SELF-HEALING] Failed Locator: '//div[@id='root']/div/div[6]/div/div/div[2]/div[2]/div/div[2]/div/div[6]/div/div/div/span'.

2024-04-10 07:34:53 - [MESSAGE][INFO] - [SELF-HEALING] Failed Locator: '//div[2]/div/div[6]/div/div/div/span'.

2024-04-10 07:34:54 - [MESSAGE][INFO] - Unable to find the element located by 'By.xpath: id("root")/div[1]/div[@class="PageContainer_standard__3bPCs"]/div[@class="QuoteWizard_container__3EESf"]/div[1]/div[@class="Wizard_bottomContainer__3lWO5"]/div[2]/div[1]/div[@class="WizardPanel_body__21TLo"]/div[@class="SupplementalQuestions_container__2hokC"]/div[@class="FieldSet_container__3odpU"]/div[@class="jut__FieldComponent__fieldComponent"]/div[@class="jut__FieldComponent__contentContainer jut__FieldComponent__controls"]/div[@class="jut__CheckboxField__checkbox"]/span[@class="jut__CheckboxField__checkboxElement"]'. Please recheck the objects properties to make sure the desired element is located. 

2024-04-10 07:34:55 - [MESSAGE][INFO] - Unable to find the element located by 'By.cssSelector: div.FieldSet_container__3odpU > div.jut__FieldComponent__fieldComponent > div.jut__FieldComponent__contentContainer.jut__FieldComponent__controls > div.jut__CheckboxField__checkbox > span.jut__CheckboxField__checkboxElement'. Please recheck the objects properties to make sure the desired element is located. 

2024-04-10 07:34:55 - [MESSAGE][FAILED] - Unable to click on object 'Object Repository/Portal/Portal_Supplemental_CheckBox_IhaveReviewed' (Root cause: com.kms.katalon.core.exception.StepFailedException: Unable to click on object 'Object Repository/Portal/Portal_Supplemental_CheckBox_IhaveReviewed'
	at com.kms.katalon.core.webui.keyword.internal.WebUIKeywordMain.stepFailed(WebUIKeywordMain.groovy:64)
	at com.kms.katalon.core.webui.keyword.internal.WebUIKeywordMain.runKeyword(WebUIKeywordMain.groovy:26)
	at com.kms.katalon.core.webui.keyword.builtin.ClickKeyword.click(ClickKeyword.groovy:74)
	at com.kms.katalon.core.webui.keyword.builtin.ClickKeyword.execute(ClickKeyword.groovy:40)
	at com.kms.katalon.core.keyword.internal.KeywordExecutor.executeKeywordForPlatform(KeywordExecutor.groovy:74)
	at com.kms.katalon.core.webui.keyword.WebUiBuiltInKeywords.click(WebUiBuiltInKeywords.groovy:620)
	at com.kms.katalon.core.webui.keyword.WebUiBuiltInKeywords$click$8.call(Unknown Source)
	at Portal_SmokeTest_INState.run(Portal_SmokeTest_INState:148)
	at com.kms.katalon.core.main.ScriptEngine.run(ScriptEngine.java:194)
	at com.kms.katalon.core.main.ScriptEngine.runScriptAsRawText(ScriptEngine.java:119)
	at com.kms.katalon.core.main.TestCaseExecutor.runScript(TestCaseExecutor.java:448)
	at com.kms.katalon.core.main.TestCaseExecutor.doExecute(TestCaseExecutor.java:439)
	at com.kms.katalon.core.main.TestCaseExecutor.processExecutionPhase(TestCaseExecutor.java:418)
	at com.kms.katalon.core.main.TestCaseExecutor.accessMainPhase(TestCaseExecutor.java:410)
	at com.kms.katalon.core.main.TestCaseExecutor.execute(TestCaseExecutor.java:285)
	at com.kms.katalon.core.common.CommonExecutor.accessTestCaseMainPhase(CommonExecutor.java:65)
	at com.kms.katalon.core.main.TestSuiteExecutor.accessTestSuiteMainPhase(TestSuiteExecutor.java:148)
	at com.kms.katalon.core.main.TestSuiteExecutor.execute(TestSuiteExecutor.java:106)
	at com.kms.katalon.core.main.TestCaseMain.startTestSuite(TestCaseMain.java:187)
	at com.kms.katalon.core.main.TestCaseMain$startTestSuite$0.call(Unknown Source)
	at TempTestSuite1712747184320.run(TempTestSuite1712747184320.groovy:36)
Caused by: com.kms.katalon.core.webui.exception.WebElementNotFoundException: Web element with id: 'Object Repository/Portal/Portal_Supplemental_CheckBox_IhaveReviewed' located by '//div[@id='root']/div/div[6]/div/div/div[2]/div[2]/div/div[2]/div/div[6]/div/div/div/span' not found
	at com.kms.katalon.core.webui.common.WebUiCommonHelper.findWebElement(WebUiCommonHelper.java:1381)
	at com.kms.katalon.core.webui.keyword.internal.WebUIAbstractKeyword.findWebElement(WebUIAbstractKeyword.groovy:27)
	at com.kms.katalon.core.webui.keyword.builtin.ClickKeyword$_click_closure1.doCall(ClickKeyword.groovy:65)
	at com.kms.katalon.core.webui.keyword.builtin.ClickKeyword$_click_closure1.call(ClickKeyword.groovy)
	at com.kms.katalon.core.webui.keyword.internal.WebUIKeywordMain.runKeyword(WebUIKeywordMain.groovy:20)
	at com.kms.katalon.core.webui.keyword.builtin.ClickKeyword.click(ClickKeyword.groovy:74)
	at com.kms.katalon.core.webui.keyword.builtin.ClickKeyword.execute(ClickKeyword.groovy:40)
	at com.kms.katalon.core.keyword.internal.KeywordExecutor.executeKeywordForPlatform(KeywordExecutor.groovy:74)
	at com.kms.katalon.core.webui.keyword.WebUiBuiltInKeywords.click(WebUiBuiltInKeywords.groovy:620)
	at com.kms.katalon.core.webui.keyword.WebUiBuiltInKeywords$click$8.call(Unknown Source)
	at Script1689943813856.run(Script1689943813856.groovy:148)
	... 13 more
)
[[ATTACHMENT|C:\\Users\\LellKir\\git\\HMIC-Portal\\HMIC-Portal\\HMIC-Portal\\HMIC-Portal\\HMIC-Portal\\HMIC-Portal\\Reports\\20240410_070624\\AgencyPortal_SmokeTest_WC\\20240410_070624\\1712748895251.png]]]]></system-out>
         <system-err><![CDATA[2024-04-10 07:29:45 - [TEST_CASE][FAILED] - Test Cases/Portal_WorkersCompensation/WC_SmokeTest_AllState/Portal_SmokeTest_INState: Test Cases/Portal_WorkersCompensation/WC_SmokeTest_AllState/Portal_SmokeTest_INState FAILED.
Reason:
com.kms.katalon.core.exception.StepFailedException: Unable to click on object 'Object Repository/Portal/Portal_Supplemental_CheckBox_IhaveReviewed'
	at com.kms.katalon.core.webui.keyword.internal.WebUIKeywordMain.stepFailed(WebUIKeywordMain.groovy:64)
	at com.kms.katalon.core.webui.keyword.internal.WebUIKeywordMain.runKeyword(WebUIKeywordMain.groovy:26)
	at com.kms.katalon.core.webui.keyword.builtin.ClickKeyword.click(ClickKeyword.groovy:74)
	at com.kms.katalon.core.webui.keyword.builtin.ClickKeyword.execute(ClickKeyword.groovy:40)
	at com.kms.katalon.core.keyword.internal.KeywordExecutor.executeKeywordForPlatform(KeywordExecutor.groovy:74)
	at com.kms.katalon.core.webui.keyword.WebUiBuiltInKeywords.click(WebUiBuiltInKeywords.groovy:620)
	at com.kms.katalon.core.webui.keyword.WebUiBuiltInKeywords$click$8.call(Unknown Source)
	at Portal_SmokeTest_INState.run(Portal_SmokeTest_INState:148)
	at com.kms.katalon.core.main.ScriptEngine.run(ScriptEngine.java:194)
	at com.kms.katalon.core.main.ScriptEngine.runScriptAsRawText(ScriptEngine.java:119)
	at com.kms.katalon.core.main.TestCaseExecutor.runScript(TestCaseExecutor.java:448)
	at com.kms.katalon.core.main.TestCaseExecutor.doExecute(TestCaseExecutor.java:439)
	at com.kms.katalon.core.main.TestCaseExecutor.processExecutionPhase(TestCaseExecutor.java:418)
	at com.kms.katalon.core.main.TestCaseExecutor.accessMainPhase(TestCaseExecutor.java:410)
	at com.kms.katalon.core.main.TestCaseExecutor.execute(TestCaseExecutor.java:285)
	at com.kms.katalon.core.common.CommonExecutor.accessTestCaseMainPhase(CommonExecutor.java:65)
	at com.kms.katalon.core.main.TestSuiteExecutor.accessTestSuiteMainPhase(TestSuiteExecutor.java:148)
	at com.kms.katalon.core.main.TestSuiteExecutor.execute(TestSuiteExecutor.java:106)
	at com.kms.katalon.core.main.TestCaseMain.startTestSuite(TestCaseMain.java:187)
	at com.kms.katalon.core.main.TestCaseMain$startTestSuite$0.call(Unknown Source)
	at TempTestSuite1712747184320.run(TempTestSuite1712747184320.groovy:36)
Caused by: com.kms.katalon.core.webui.exception.WebElementNotFoundException: Web element with id: 'Object Repository/Portal/Portal_Supplemental_CheckBox_IhaveReviewed' located by '//div[@id='root']/div/div[6]/div/div/div[2]/div[2]/div/div[2]/div/div[6]/div/div/div/span' not found
	at com.kms.katalon.core.webui.common.WebUiCommonHelper.findWebElement(WebUiCommonHelper.java:1381)
	at com.kms.katalon.core.webui.keyword.internal.WebUIAbstractKeyword.findWebElement(WebUIAbstractKeyword.groovy:27)
	at com.kms.katalon.core.webui.keyword.builtin.ClickKeyword$_click_closure1.doCall(ClickKeyword.groovy:65)
	at com.kms.katalon.core.webui.keyword.builtin.ClickKeyword$_click_closure1.call(ClickKeyword.groovy)
	at com.kms.katalon.core.webui.keyword.internal.WebUIKeywordMain.runKeyword(WebUIKeywordMain.groovy:20)
	... 19 more]]></system-err>
      </testcase>
      <testcase name="Test Cases/Portal_WorkersCompensation/WC_SmokeTest_AllState/Portal_SmokeTest_MIState" time="344.405" classname="Test Cases/Portal_WorkersCompensation/WC_SmokeTest_AllState/Portal_SmokeTest_MIState" status="FAILED">
         <failure type="FAILED" message="Test Cases/Portal_WorkersCompensation/WC_SmokeTest_AllState/Portal_SmokeTest_MIState FAILED.
Reason:
com.kms.katalon.core.exception.StepFailedException: Verify element text of test object 'Object Repository/Portal/Portal_Quote_Header_Quote' FAILED.
	at com.kms.katalon.core.webui.keyword.internal.WebUIKeywordMain.stepFailed(WebUIKeywordMain.groovy:64)
	at com.kms.katalon.core.webui.keyword.internal.WebUIKeywordMain.runKeyword(WebUIKeywordMain.groovy:26)
	at com.kms.katalon.core.webui.keyword.builtin.VerifyElementTextKeyword.verifyElementText(VerifyElementTextKeyword.groovy:72)
	at com.kms.katalon.core.webui.keyword.builtin.VerifyElementTextKeyword.execute(VerifyElementTextKeyword.groovy:40)
	at com.kms.katalon.core.keyword.internal.KeywordExecutor.executeKeywordForPlatform(KeywordExecutor.groovy:74)
	at com.kms.katalon.core.webui.keyword.WebUiBuiltInKeywords.verifyElementText(WebUiBuiltInKeywords.groovy:4749)
	at com.kms.katalon.core.webui.keyword.WebUiBuiltInKeywords$verifyElementText$10.call(Unknown Source)
	at Portal_SmokeTest_MIState.run(Portal_SmokeTest_MIState:165)
	at com.kms.katalon.core.main.ScriptEngine.run(ScriptEngine.java:194)
	at com.kms.katalon.core.main.ScriptEngine.runScriptAsRawText(ScriptEngine.java:119)
	at com.kms.katalon.core.main.TestCaseExecutor.runScript(TestCaseExecutor.java:448)
	at com.kms.katalon.core.main.TestCaseExecutor.doExecute(TestCaseExecutor.java:439)
	at com.kms.katalon.core.main.TestCaseExecutor.processExecutionPhase(TestCaseExecutor.java:418)
	at com.kms.katalon.core.main.TestCaseExecutor.accessMainPhase(TestCaseExecutor.java:410)
	at com.kms.katalon.core.main.TestCaseExecutor.execute(TestCaseExecutor.java:285)
	at com.kms.katalon.core.common.CommonExecutor.accessTestCaseMainPhase(CommonExecutor.java:65)
	at com.kms.katalon.core.main.TestSuiteExecutor.accessTestSuiteMainPhase(TestSuiteExecutor.java:148)
	at com.kms.katalon.core.main.TestSuiteExecutor.execute(TestSuiteExecutor.java:106)
	at com.kms.katalon.core.main.TestCaseMain.startTestSuite(TestCaseMain.java:187)
	at com.kms.katalon.core.main.TestCaseMain$startTestSuite$0.call(Unknown Source)
	at TempTestSuite1712747184320.run(TempTestSuite1712747184320.groovy:36)
Caused by: com.kms.katalon.core.exception.StepFailedException: Actual text '' and expected text 'Step 6: Quote' of test object 'Object Repository/Portal/Portal_Quote_Header_Quote' are NOT matched.
	at com.kms.katalon.core.webui.keyword.internal.WebUIKeywordMain.stepFailed(WebUIKeywordMain.groovy:64)
	at com.kms.katalon.core.webui.keyword.builtin.VerifyElementTextKeyword$_verifyElementText_closure1.doCall(VerifyElementTextKeyword.groovy:57)
	at com.kms.katalon.core.webui.keyword.builtin.VerifyElementTextKeyword$_verifyElementText_closure1.call(VerifyElementTextKeyword.groovy)
	at com.kms.katalon.core.webui.keyword.internal.WebUIKeywordMain.runKeyword(WebUIKeywordMain.groovy:20)
	... 19 more
"/>
         <system-out><![CDATA[2024-04-10 07:34:55 - [TEST_CASE][FAILED] - Test Cases/Portal_WorkersCompensation/WC_SmokeTest_AllState/Portal_SmokeTest_MIState: Test Cases/Portal_WorkersCompensation/WC_SmokeTest_AllState/Portal_SmokeTest_MIState FAILED.
Reason:
com.kms.katalon.core.exception.StepFailedException: Verify element text of test object 'Object Repository/Portal/Portal_Quote_Header_Quote' FAILED.
	at com.kms.katalon.core.webui.keyword.internal.WebUIKeywordMain.stepFailed(WebUIKeywordMain.groovy:64)
	at com.kms.katalon.core.webui.keyword.internal.WebUIKeywordMain.runKeyword(WebUIKeywordMain.groovy:26)
	at com.kms.katalon.core.webui.keyword.builtin.VerifyElementTextKeyword.verifyElementText(VerifyElementTextKeyword.groovy:72)
	at com.kms.katalon.core.webui.keyword.builtin.VerifyElementTextKeyword.execute(VerifyElementTextKeyword.groovy:40)
	at com.kms.katalon.core.keyword.internal.KeywordExecutor.executeKeywordForPlatform(KeywordExecutor.groovy:74)
	at com.kms.katalon.core.webui.keyword.WebUiBuiltInKeywords.verifyElementText(WebUiBuiltInKeywords.groovy:4749)
	at com.kms.katalon.core.webui.keyword.WebUiBuiltInKeywords$verifyElementText$10.call(Unknown Source)
	at Portal_SmokeTest_MIState.run(Portal_SmokeTest_MIState:165)
	at com.kms.katalon.core.main.ScriptEngine.run(ScriptEngine.java:194)
	at com.kms.katalon.core.main.ScriptEngine.runScriptAsRawText(ScriptEngine.java:119)
	at com.kms.katalon.core.main.TestCaseExecutor.runScript(TestCaseExecutor.java:448)
	at com.kms.katalon.core.main.TestCaseExecutor.doExecute(TestCaseExecutor.java:439)
	at com.kms.katalon.core.main.TestCaseExecutor.processExecutionPhase(TestCaseExecutor.java:418)
	at com.kms.katalon.core.main.TestCaseExecutor.accessMainPhase(TestCaseExecutor.java:410)
	at com.kms.katalon.core.main.TestCaseExecutor.execute(TestCaseExecutor.java:285)
	at com.kms.katalon.core.common.CommonExecutor.accessTestCaseMainPhase(CommonExecutor.java:65)
	at com.kms.katalon.core.main.TestSuiteExecutor.accessTestSuiteMainPhase(TestSuiteExecutor.java:148)
	at com.kms.katalon.core.main.TestSuiteExecutor.execute(TestSuiteExecutor.java:106)
	at com.kms.katalon.core.main.TestCaseMain.startTestSuite(TestCaseMain.java:187)
	at com.kms.katalon.core.main.TestCaseMain$startTestSuite$0.call(Unknown Source)
	at TempTestSuite1712747184320.run(TempTestSuite1712747184320.groovy:36)
Caused by: com.kms.katalon.core.exception.StepFailedException: Actual text '' and expected text 'Step 6: Quote' of test object 'Object Repository/Portal/Portal_Quote_Header_Quote' are NOT matched.
	at com.kms.katalon.core.webui.keyword.internal.WebUIKeywordMain.stepFailed(WebUIKeywordMain.groovy:64)
	at com.kms.katalon.core.webui.keyword.builtin.VerifyElementTextKeyword$_verifyElementText_closure1.doCall(VerifyElementTextKeyword.groovy:57)
	at com.kms.katalon.core.webui.keyword.builtin.VerifyElementTextKeyword$_verifyElementText_closure1.call(VerifyElementTextKeyword.groovy)
	at com.kms.katalon.core.webui.keyword.internal.WebUIKeywordMain.runKeyword(WebUIKeywordMain.groovy:20)
	... 19 more


2024-04-10 07:34:55 - [TEST_STEP][PASSED] - comment("Portal Smoke Test"): Portal Smoke Test

2024-04-10 07:34:55 - [MESSAGE][INFO] - Portal Smoke Test

2024-04-10 07:34:55 - [TEST_STEP][PASSED] - callTestCase(findTestCase("Portal_Pages/Portal_CommonScreens/Portal_Login"), ["Portal_Username":Portal_Username, "Portal_Password":Portal_Password], STOP_ON_FAILURE): Call Test Case 'Test Cases/Portal_Pages/Portal_CommonScreens/Portal_Login' successfully

2024-04-10 07:34:56 - [TEST_CASE][PASSED] - Test Cases/Portal_Pages/Portal_CommonScreens/Portal_Login: Test Cases/Portal_Pages/Portal_CommonScreens/Portal_Login

2024-04-10 07:34:56 - [TEST_STEP][PASSED] - openBrowser(""): Browser is opened with url: ''

2024-04-10 07:34:56 - [MESSAGE][WARNING] - A browser is already opened. Closing browser and opening a new one

2024-04-10 07:34:56 - [MESSAGE][INFO] - Starting 'Chrome' driver

2024-04-10 07:34:56 - [MESSAGE][INFO] - Action delay is set to 0 milliseconds

2024-04-10 07:34:58 - [MESSAGE][PASSED] - Browser is opened with url: ''

2024-04-10 07:34:58 - [TEST_STEP][PASSED] - deleteAllCookies(): Delete all cookies successfully

2024-04-10 07:34:58 - [MESSAGE][PASSED] - Delete all cookies successfully

2024-04-10 07:34:58 - [TEST_STEP][PASSED] - maximizeWindow(): Current window maximized

2024-04-10 07:34:58 - [MESSAGE][PASSED] - Current window maximized

2024-04-10 07:34:58 - [TEST_STEP][PASSED] - takeFullPageScreenshot(): Taking screenshot successfully

2024-04-10 07:34:58 - [MESSAGE][INFO] - 0 hidden object(s)

2024-04-10 07:34:58 - [MESSAGE][PASSED] - Taking screenshot successfully
[[ATTACHMENT|C:\\Users\\LellKir\\git\\HMIC-Portal\\HMIC-Portal\\HMIC-Portal\\HMIC-Portal\\HMIC-Portal\\HMIC-Portal\\Reports\\20240410_070624\\AgencyPortal_SmokeTest_WC\\20240410_070624\\1712748898554.png]]

2024-04-10 07:34:58 - [TEST_STEP][PASSED] - navigateToUrl(PortalURL): Navigate to 'https://agencyportal.qa1.hastingsmutual.com/Accounts' successfully

2024-04-10 07:35:09 - [MESSAGE][PASSED] - Navigate to 'https://agencyportal.qa1.hastingsmutual.com/Accounts' successfully

2024-04-10 07:35:09 - [TEST_STEP][PASSED] - waitForPageLoad(10): Wait for page load successfully

2024-04-10 07:35:10 - [MESSAGE][PASSED] - Wait for page load successfully

2024-04-10 07:35:10 - [TEST_STEP][PASSED] - takeFullPageScreenshot(): Taking screenshot successfully

2024-04-10 07:35:10 - [MESSAGE][INFO] - 0 hidden object(s)

2024-04-10 07:35:10 - [MESSAGE][PASSED] - Taking screenshot successfully
[[ATTACHMENT|C:\\Users\\LellKir\\git\\HMIC-Portal\\HMIC-Portal\\HMIC-Portal\\HMIC-Portal\\HMIC-Portal\\HMIC-Portal\\Reports\\20240410_070624\\AgencyPortal_SmokeTest_WC\\20240410_070624\\1712748910457.png]]

2024-04-10 07:35:10 - [TEST_STEP][PASSED] - click(findTestObject("Object Repository/PolicyCenter_Login/div_PC_Login_Link_ClickHereToLogin"), OPTIONAL): Unable to click on object 'Object Repository/PolicyCenter_Login/div_PC_Login_Link_ClickHereToLogin' (Root cause: com.kms.katalon.core.exception.StepFailedException: Unable to click on object 'Object Repository/PolicyCenter_Login/div_PC_Login_Link_ClickHereToLogin'
	at com.kms.katalon.core.webui.keyword.internal.WebUIKeywordMain.stepFailed(WebUIKeywordMain.groovy:64)
	at com.kms.katalon.core.webui.keyword.internal.WebUIKeywordMain.runKeyword(WebUIKeywordMain.groovy:26)
	at com.kms.katalon.core.webui.keyword.builtin.ClickKeyword.click(ClickKeyword.groovy:74)
	at com.kms.katalon.core.webui.keyword.builtin.ClickKeyword.execute(ClickKeyword.groovy:40)
	at com.kms.katalon.core.keyword.internal.KeywordExecutor.executeKeywordForPlatform(KeywordExecutor.groovy:74)
	at com.kms.katalon.core.webui.keyword.WebUiBuiltInKeywords.click(WebUiBuiltInKeywords.groovy:608)
	at com.kms.katalon.core.webui.keyword.WebUiBuiltInKeywords$click$5.call(Unknown Source)
	at Portal_Login.run(Portal_Login:34)
	at com.kms.katalon.core.main.ScriptEngine.run(ScriptEngine.java:194)
	at com.kms.katalon.core.main.ScriptEngine.runScriptAsRawText(ScriptEngine.java:119)
	at com.kms.katalon.core.main.TestCaseExecutor.runScript(TestCaseExecutor.java:448)
	at com.kms.katalon.core.main.TestCaseExecutor.doExecute(TestCaseExecutor.java:439)
	at com.kms.katalon.core.main.TestCaseExecutor.processExecutionPhase(TestCaseExecutor.java:418)
	at com.kms.katalon.core.main.TestCaseExecutor.accessMainPhase(TestCaseExecutor.java:410)
	at com.kms.katalon.core.main.TestCaseExecutor.execute(TestCaseExecutor.java:285)
	at com.kms.katalon.core.main.TestCaseMain.runTestCase(TestCaseMain.java:144)
	at com.kms.katalon.core.keyword.builtin.CallTestCaseKeyword$_callTestCase_closure1.doCall(CallTestCaseKeyword.groovy:59)
	at com.kms.katalon.core.keyword.builtin.CallTestCaseKeyword$_callTestCase_closure1.call(CallTestCaseKeyword.groovy)
	at com.kms.katalon.core.keyword.internal.KeywordMain.runKeyword(KeywordMain.groovy:75)
	at com.kms.katalon.core.keyword.builtin.CallTestCaseKeyword.callTestCase(CallTestCaseKeyword.groovy:81)
	at com.kms.katalon.core.keyword.builtin.CallTestCaseKeyword.execute(CallTestCaseKeyword.groovy:44)
	at com.kms.katalon.core.keyword.internal.KeywordExecutor.executeKeywordForPlatform(KeywordExecutor.groovy:74)
	at com.kms.katalon.core.keyword.BuiltinKeywords.callTestCase(BuiltinKeywords.groovy:310)
	at Portal_SmokeTest_MIState.run(Portal_SmokeTest_MIState:22)
	at com.kms.katalon.core.main.ScriptEngine.run(ScriptEngine.java:194)
	at com.kms.katalon.core.main.ScriptEngine.runScriptAsRawText(ScriptEngine.java:119)
	at com.kms.katalon.core.main.TestCaseExecutor.runScript(TestCaseExecutor.java:448)
	at com.kms.katalon.core.main.TestCaseExecutor.doExecute(TestCaseExecutor.java:439)
	at com.kms.katalon.core.main.TestCaseExecutor.processExecutionPhase(TestCaseExecutor.java:418)
	at com.kms.katalon.core.main.TestCaseExecutor.accessMainPhase(TestCaseExecutor.java:410)
	at com.kms.katalon.core.main.TestCaseExecutor.execute(TestCaseExecutor.java:285)
	at com.kms.katalon.core.common.CommonExecutor.accessTestCaseMainPhase(CommonExecutor.java:65)
	at com.kms.katalon.core.main.TestSuiteExecutor.accessTestSuiteMainPhase(TestSuiteExecutor.java:148)
	at com.kms.katalon.core.main.TestSuiteExecutor.execute(TestSuiteExecutor.java:106)
	at com.kms.katalon.core.main.TestCaseMain.startTestSuite(TestCaseMain.java:187)
	at com.kms.katalon.core.main.TestCaseMain$startTestSuite$0.call(Unknown Source)
	at TempTestSuite1712747184320.run(TempTestSuite1712747184320.groovy:36)
Caused by: com.kms.katalon.core.webui.exception.WebElementNotFoundException: Web element with id: 'Object Repository/PolicyCenter_Login/div_PC_Login_Link_ClickHereToLogin' located by '//div[contains(@id,'LoginDetailsInputSet-LoginLink')]' not found
	at com.kms.katalon.core.webui.common.WebUiCommonHelper.findWebElement(WebUiCommonHelper.java:1381)
	at com.kms.katalon.core.webui.keyword.internal.WebUIAbstractKeyword.findWebElement(WebUIAbstractKeyword.groovy:27)
	at com.kms.katalon.core.webui.keyword.builtin.ClickKeyword$_click_closure1.doCall(ClickKeyword.groovy:65)
	at com.kms.katalon.core.webui.keyword.builtin.ClickKeyword$_click_closure1.call(ClickKeyword.groovy)
	at com.kms.katalon.core.webui.keyword.internal.WebUIKeywordMain.runKeyword(WebUIKeywordMain.groovy:20)
	at com.kms.katalon.core.webui.keyword.builtin.ClickKeyword.click(ClickKeyword.groovy:74)
	at com.kms.katalon.core.webui.keyword.builtin.ClickKeyword.execute(ClickKeyword.groovy:40)
	at com.kms.katalon.core.keyword.internal.KeywordExecutor.executeKeywordForPlatform(KeywordExecutor.groovy:74)
	at com.kms.katalon.core.webui.keyword.WebUiBuiltInKeywords.click(WebUiBuiltInKeywords.groovy:608)
	at com.kms.katalon.core.webui.keyword.WebUiBuiltInKeywords$click$5.call(Unknown Source)
	at Script1683558008637.run(Script1683558008637.groovy:34)
	at com.kms.katalon.core.main.ScriptEngine.run(ScriptEngine.java:194)
	at com.kms.katalon.core.main.ScriptEngine.runScriptAsRawText(ScriptEngine.java:119)
	at com.kms.katalon.core.main.TestCaseExecutor.runScript(TestCaseExecutor.java:448)
	at com.kms.katalon.core.main.TestCaseExecutor.doExecute(TestCaseExecutor.java:439)
	at com.kms.katalon.core.main.TestCaseExecutor.processExecutionPhase(TestCaseExecutor.java:418)
	at com.kms.katalon.core.main.TestCaseExecutor.accessMainPhase(TestCaseExecutor.java:410)
	at com.kms.katalon.core.main.TestCaseExecutor.execute(TestCaseExecutor.java:285)
	at com.kms.katalon.core.main.TestCaseMain.runTestCase(TestCaseMain.java:144)
	at com.kms.katalon.core.keyword.builtin.CallTestCaseKeyword$_callTestCase_closure1.doCall(CallTestCaseKeyword.groovy:59)
	at com.kms.katalon.core.keyword.builtin.CallTestCaseKeyword$_callTestCase_closure1.call(CallTestCaseKeyword.groovy)
	at com.kms.katalon.core.keyword.internal.KeywordMain.runKeyword(KeywordMain.groovy:75)
	at com.kms.katalon.core.keyword.builtin.CallTestCaseKeyword.callTestCase(CallTestCaseKeyword.groovy:81)
	at com.kms.katalon.core.keyword.builtin.CallTestCaseKeyword.execute(CallTestCaseKeyword.groovy:44)
	at com.kms.katalon.core.keyword.internal.KeywordExecutor.executeKeywordForPlatform(KeywordExecutor.groovy:74)
	at com.kms.katalon.core.keyword.BuiltinKeywords.callTestCase(BuiltinKeywords.groovy:310)
	at Script1689766602850.run(Script1689766602850.groovy:22)
	... 13 more
)

2024-04-10 07:35:42 - [MESSAGE][INFO] - Unable to find the element located by 'By.xpath: //div[contains(@id,'LoginDetailsInputSet-LoginLink')]'. Please recheck the objects properties to make sure the desired element is located. 

2024-04-10 07:35:42 - [MESSAGE][WARNING] - [SELF-HEALING] Failed to find element with id 'Object Repository/PolicyCenter_Login/div_PC_Login_Link_ClickHereToLogin'. Try using Self-healing.

2024-04-10 07:35:43 - [MESSAGE][INFO] - [SELF-HEALING] No working XPath is found.

2024-04-10 07:35:44 - [MESSAGE][INFO] - Unable to find the element located by 'By.xpath: '. Please recheck the objects properties to make sure the desired element is located. 

2024-04-10 07:35:44 - [MESSAGE][WARNING] - [SELF-HEALING] Cannot find elements when the selector is null

2024-04-10 07:35:44 - [MESSAGE][WARNING] - Unable to click on object 'Object Repository/PolicyCenter_Login/div_PC_Login_Link_ClickHereToLogin' (Root cause: com.kms.katalon.core.exception.StepFailedException: Unable to click on object 'Object Repository/PolicyCenter_Login/div_PC_Login_Link_ClickHereToLogin'
	at com.kms.katalon.core.webui.keyword.internal.WebUIKeywordMain.stepFailed(WebUIKeywordMain.groovy:64)
	at com.kms.katalon.core.webui.keyword.internal.WebUIKeywordMain.runKeyword(WebUIKeywordMain.groovy:26)
	at com.kms.katalon.core.webui.keyword.builtin.ClickKeyword.click(ClickKeyword.groovy:74)
	at com.kms.katalon.core.webui.keyword.builtin.ClickKeyword.execute(ClickKeyword.groovy:40)
	at com.kms.katalon.core.keyword.internal.KeywordExecutor.executeKeywordForPlatform(KeywordExecutor.groovy:74)
	at com.kms.katalon.core.webui.keyword.WebUiBuiltInKeywords.click(WebUiBuiltInKeywords.groovy:608)
	at com.kms.katalon.core.webui.keyword.WebUiBuiltInKeywords$click$5.call(Unknown Source)
	at Portal_Login.run(Portal_Login:34)
	at com.kms.katalon.core.main.ScriptEngine.run(ScriptEngine.java:194)
	at com.kms.katalon.core.main.ScriptEngine.runScriptAsRawText(ScriptEngine.java:119)
	at com.kms.katalon.core.main.TestCaseExecutor.runScript(TestCaseExecutor.java:448)
	at com.kms.katalon.core.main.TestCaseExecutor.doExecute(TestCaseExecutor.java:439)
	at com.kms.katalon.core.main.TestCaseExecutor.processExecutionPhase(TestCaseExecutor.java:418)
	at com.kms.katalon.core.main.TestCaseExecutor.accessMainPhase(TestCaseExecutor.java:410)
	at com.kms.katalon.core.main.TestCaseExecutor.execute(TestCaseExecutor.java:285)
	at com.kms.katalon.core.main.TestCaseMain.runTestCase(TestCaseMain.java:144)
	at com.kms.katalon.core.keyword.builtin.CallTestCaseKeyword$_callTestCase_closure1.doCall(CallTestCaseKeyword.groovy:59)
	at com.kms.katalon.core.keyword.builtin.CallTestCaseKeyword$_callTestCase_closure1.call(CallTestCaseKeyword.groovy)
	at com.kms.katalon.core.keyword.internal.KeywordMain.runKeyword(KeywordMain.groovy:75)
	at com.kms.katalon.core.keyword.builtin.CallTestCaseKeyword.callTestCase(CallTestCaseKeyword.groovy:81)
	at com.kms.katalon.core.keyword.builtin.CallTestCaseKeyword.execute(CallTestCaseKeyword.groovy:44)
	at com.kms.katalon.core.keyword.internal.KeywordExecutor.executeKeywordForPlatform(KeywordExecutor.groovy:74)
	at com.kms.katalon.core.keyword.BuiltinKeywords.callTestCase(BuiltinKeywords.groovy:310)
	at Portal_SmokeTest_MIState.run(Portal_SmokeTest_MIState:22)
	at com.kms.katalon.core.main.ScriptEngine.run(ScriptEngine.java:194)
	at com.kms.katalon.core.main.ScriptEngine.runScriptAsRawText(ScriptEngine.java:119)
	at com.kms.katalon.core.main.TestCaseExecutor.runScript(TestCaseExecutor.java:448)
	at com.kms.katalon.core.main.TestCaseExecutor.doExecute(TestCaseExecutor.java:439)
	at com.kms.katalon.core.main.TestCaseExecutor.processExecutionPhase(TestCaseExecutor.java:418)
	at com.kms.katalon.core.main.TestCaseExecutor.accessMainPhase(TestCaseExecutor.java:410)
	at com.kms.katalon.core.main.TestCaseExecutor.execute(TestCaseExecutor.java:285)
	at com.kms.katalon.core.common.CommonExecutor.accessTestCaseMainPhase(CommonExecutor.java:65)
	at com.kms.katalon.core.main.TestSuiteExecutor.accessTestSuiteMainPhase(TestSuiteExecutor.java:148)
	at com.kms.katalon.core.main.TestSuiteExecutor.execute(TestSuiteExecutor.java:106)
	at com.kms.katalon.core.main.TestCaseMain.startTestSuite(TestCaseMain.java:187)
	at com.kms.katalon.core.main.TestCaseMain$startTestSuite$0.call(Unknown Source)
	at TempTestSuite1712747184320.run(TempTestSuite1712747184320.groovy:36)
Caused by: com.kms.katalon.core.webui.exception.WebElementNotFoundException: Web element with id: 'Object Repository/PolicyCenter_Login/div_PC_Login_Link_ClickHereToLogin' located by '//div[contains(@id,'LoginDetailsInputSet-LoginLink')]' not found
	at com.kms.katalon.core.webui.common.WebUiCommonHelper.findWebElement(WebUiCommonHelper.java:1381)
	at com.kms.katalon.core.webui.keyword.internal.WebUIAbstractKeyword.findWebElement(WebUIAbstractKeyword.groovy:27)
	at com.kms.katalon.core.webui.keyword.builtin.ClickKeyword$_click_closure1.doCall(ClickKeyword.groovy:65)
	at com.kms.katalon.core.webui.keyword.builtin.ClickKeyword$_click_closure1.call(ClickKeyword.groovy)
	at com.kms.katalon.core.webui.keyword.internal.WebUIKeywordMain.runKeyword(WebUIKeywordMain.groovy:20)
	at com.kms.katalon.core.webui.keyword.builtin.ClickKeyword.click(ClickKeyword.groovy:74)
	at com.kms.katalon.core.webui.keyword.builtin.ClickKeyword.execute(ClickKeyword.groovy:40)
	at com.kms.katalon.core.keyword.internal.KeywordExecutor.executeKeywordForPlatform(KeywordExecutor.groovy:74)
	at com.kms.katalon.core.webui.keyword.WebUiBuiltInKeywords.click(WebUiBuiltInKeywords.groovy:608)
	at com.kms.katalon.core.webui.keyword.WebUiBuiltInKeywords$click$5.call(Unknown Source)
	at Script1683558008637.run(Script1683558008637.groovy:34)
	at com.kms.katalon.core.main.ScriptEngine.run(ScriptEngine.java:194)
	at com.kms.katalon.core.main.ScriptEngine.runScriptAsRawText(ScriptEngine.java:119)
	at com.kms.katalon.core.main.TestCaseExecutor.runScript(TestCaseExecutor.java:448)
	at com.kms.katalon.core.main.TestCaseExecutor.doExecute(TestCaseExecutor.java:439)
	at com.kms.katalon.core.main.TestCaseExecutor.processExecutionPhase(TestCaseExecutor.java:418)
	at com.kms.katalon.core.main.TestCaseExecutor.accessMainPhase(TestCaseExecutor.java:410)
	at com.kms.katalon.core.main.TestCaseExecutor.execute(TestCaseExecutor.java:285)
	at com.kms.katalon.core.main.TestCaseMain.runTestCase(TestCaseMain.java:144)
	at com.kms.katalon.core.keyword.builtin.CallTestCaseKeyword$_callTestCase_closure1.doCall(CallTestCaseKeyword.groovy:59)
	at com.kms.katalon.core.keyword.builtin.CallTestCaseKeyword$_callTestCase_closure1.call(CallTestCaseKeyword.groovy)
	at com.kms.katalon.core.keyword.internal.KeywordMain.runKeyword(KeywordMain.groovy:75)
	at com.kms.katalon.core.keyword.builtin.CallTestCaseKeyword.callTestCase(CallTestCaseKeyword.groovy:81)
	at com.kms.katalon.core.keyword.builtin.CallTestCaseKeyword.execute(CallTestCaseKeyword.groovy:44)
	at com.kms.katalon.core.keyword.internal.KeywordExecutor.executeKeywordForPlatform(KeywordExecutor.groovy:74)
	at com.kms.katalon.core.keyword.BuiltinKeywords.callTestCase(BuiltinKeywords.groovy:310)
	at Script1689766602850.run(Script1689766602850.groovy:22)
	... 13 more
)
[[ATTACHMENT|C:\\Users\\LellKir\\git\\HMIC-Portal\\HMIC-Portal\\HMIC-Portal\\HMIC-Portal\\HMIC-Portal\\HMIC-Portal\\Reports\\20240410_070624\\AgencyPortal_SmokeTest_WC\\20240410_070624\\1712748944274.png]]

2024-04-10 07:35:44 - [TEST_STEP][PASSED] - setText(findTestObject("Object Repository/PolicyCenter_Login/input_PC_Login_TextBox_UserName"), Portal_Username): Text 'adminuser2059' is set on object 'Object Repository/PolicyCenter_Login/input_PC_Login_TextBox_UserName'

2024-04-10 07:35:45 - [MESSAGE][PASSED] - Text 'adminuser2059' is set on object 'Object Repository/PolicyCenter_Login/input_PC_Login_TextBox_UserName'

2024-04-10 07:35:45 - [TEST_STEP][PASSED] - setText(findTestObject("Object Repository/PolicyCenter_Login/input_PC_Login_TextBox_Password"), Portal_Password): Text 'Hmic1234' is set on object 'Object Repository/PolicyCenter_Login/input_PC_Login_TextBox_Password'

2024-04-10 07:35:45 - [MESSAGE][PASSED] - Text 'Hmic1234' is set on object 'Object Repository/PolicyCenter_Login/input_PC_Login_TextBox_Password'

2024-04-10 07:35:45 - [TEST_STEP][PASSED] - takeFullPageScreenshot(): Taking screenshot successfully

2024-04-10 07:35:46 - [MESSAGE][INFO] - 0 hidden object(s)

2024-04-10 07:35:46 - [MESSAGE][PASSED] - Taking screenshot successfully
[[ATTACHMENT|C:\\Users\\LellKir\\git\\HMIC-Portal\\HMIC-Portal\\HMIC-Portal\\HMIC-Portal\\HMIC-Portal\\HMIC-Portal\\Reports\\20240410_070624\\AgencyPortal_SmokeTest_WC\\20240410_070624\\1712748945961.png]]

2024-04-10 07:35:46 - [TEST_STEP][PASSED] - waitForElementVisible(findTestObject("PolicyCenter_Login/input_PC_Login_Button_Login"), 20): Object 'Object Repository/PolicyCenter_Login/input_PC_Login_Button_Login' is visible

2024-04-10 07:35:46 - [MESSAGE][PASSED] - Object 'Object Repository/PolicyCenter_Login/input_PC_Login_Button_Login' is visible

2024-04-10 07:35:46 - [TEST_STEP][PASSED] - click(findTestObject("Object Repository/PolicyCenter_Login/input_PC_Login_Button_Login")): Object: 'Object Repository/PolicyCenter_Login/input_PC_Login_Button_Login' is clicked on

2024-04-10 07:35:47 - [MESSAGE][PASSED] - Object: 'Object Repository/PolicyCenter_Login/input_PC_Login_Button_Login' is clicked on

2024-04-10 07:35:47 - [TEST_STEP][PASSED] - takeFullPageScreenshot(): Taking screenshot successfully

2024-04-10 07:35:49 - [MESSAGE][INFO] - 0 hidden object(s)

2024-04-10 07:35:49 - [MESSAGE][PASSED] - Taking screenshot successfully
[[ATTACHMENT|C:\\Users\\LellKir\\git\\HMIC-Portal\\HMIC-Portal\\HMIC-Portal\\HMIC-Portal\\HMIC-Portal\\HMIC-Portal\\Reports\\20240410_070624\\AgencyPortal_SmokeTest_WC\\20240410_070624\\1712748947396.png]]

2024-04-10 07:35:49 - [TEST_STEP][PASSED] - waitForElementVisible(findTestObject("Portal/Portal_Common_Header_SearchForAccOrPol"), 30): Object 'Object Repository/Portal/Portal_Common_Header_SearchForAccOrPol' is visible

2024-04-10 07:35:51 - [MESSAGE][PASSED] - Object 'Object Repository/Portal/Portal_Common_Header_SearchForAccOrPol' is visible

2024-04-10 07:35:51 - [TEST_STEP][PASSED] - verifyElementVisible(findTestObject("Portal/Portal_Common_Header_SearchForAccOrPol")): Object 'Object Repository/Portal/Portal_Common_Header_SearchForAccOrPol' is visible

2024-04-10 07:35:51 - [MESSAGE][PASSED] - Object 'Object Repository/Portal/Portal_Common_Header_SearchForAccOrPol' is visible

2024-04-10 07:35:51 - [TEST_STEP][PASSED] - takeFullPageScreenshot(): Taking screenshot successfully

2024-04-10 07:35:51 - [MESSAGE][INFO] - 0 hidden object(s)

2024-04-10 07:35:52 - [MESSAGE][PASSED] - Taking screenshot successfully
[[ATTACHMENT|C:\\Users\\LellKir\\git\\HMIC-Portal\\HMIC-Portal\\HMIC-Portal\\HMIC-Portal\\HMIC-Portal\\HMIC-Portal\\Reports\\20240410_070624\\AgencyPortal_SmokeTest_WC\\20240410_070624\\1712748951605.png]]

2024-04-10 07:35:52 - [MESSAGE][PASSED] - Call Test Case 'Test Cases/Portal_Pages/Portal_CommonScreens/Portal_Login' successfully

2024-04-10 07:35:52 - [TEST_STEP][PASSED] - click(findTestObject("Object Repository/Portal/Portal_Common_Tab_Quote")): Object: 'Object Repository/Portal/Portal_Common_Tab_Quote' is clicked on

2024-04-10 07:36:00 - [MESSAGE][PASSED] - Object: 'Object Repository/Portal/Portal_Common_Tab_Quote' is clicked on

2024-04-10 07:36:00 - [TEST_STEP][PASSED] - comment("User is able to Initiate the quote successfully"): User is able to Initiate the quote successfully

2024-04-10 07:36:00 - [MESSAGE][INFO] - User is able to Initiate the quote successfully

2024-04-10 07:36:00 - [TEST_STEP][PASSED] - verifyElementText(findTestObject("Object Repository/Portal/Portal_Quote_Header_NewBusinessDashboard"), "New Business Dashboard"): Actual text and expected text of test object 'Object Repository/Portal/Portal_Quote_Header_NewBusinessDashboard' are matched.

2024-04-10 07:36:30 - [MESSAGE][PASSED] - Actual text and expected text of test object 'Object Repository/Portal/Portal_Quote_Header_NewBusinessDashboard' are matched.

2024-04-10 07:36:30 - [TEST_STEP][PASSED] - click(findTestObject("Object Repository/Portal/Portal_Quote_Title_StartANewBusiness")): Object: 'Object Repository/Portal/Portal_Quote_Title_StartANewBusiness' is clicked on

2024-04-10 07:37:01 - [MESSAGE][PASSED] - Object: 'Object Repository/Portal/Portal_Quote_Title_StartANewBusiness' is clicked on

2024-04-10 07:37:01 - [TEST_STEP][PASSED] - click(findTestObject("Object Repository/Portal/Portal_Quote_Dropdown_SelectLineOfBusiness")): Object: 'Object Repository/Portal/Portal_Quote_Dropdown_SelectLineOfBusiness' is clicked on

2024-04-10 07:37:31 - [MESSAGE][PASSED] - Object: 'Object Repository/Portal/Portal_Quote_Dropdown_SelectLineOfBusiness' is clicked on

2024-04-10 07:37:31 - [TEST_STEP][PASSED] - click(findTestObject("Object Repository/Portal/Portal_LOB_TypeList_WorkersComp")): Object: 'Object Repository/Portal/Portal_LOB_TypeList_WorkersComp' is clicked on

2024-04-10 07:38:01 - [MESSAGE][PASSED] - Object: 'Object Repository/Portal/Portal_LOB_TypeList_WorkersComp' is clicked on

2024-04-10 07:38:01 - [TEST_STEP][PASSED] - click(findTestObject("Object Repository/Portal/Portal_Common_Button_Next")): Object: 'Object Repository/Portal/Portal_Common_Button_Next' is clicked on

2024-04-10 07:38:16 - [MESSAGE][PASSED] - Object: 'Object Repository/Portal/Portal_Common_Button_Next' is clicked on

2024-04-10 07:38:16 - [TEST_STEP][PASSED] - verifyElementText(findTestObject("Object Repository/Portal/Portal_PreQual_Title_PreQualification"), "Pre-Qualification"): Actual text and expected text of test object 'Object Repository/Portal/Portal_PreQual_Title_PreQualification' are matched.

2024-04-10 07:38:18 - [MESSAGE][PASSED] - Actual text and expected text of test object 'Object Repository/Portal/Portal_PreQual_Title_PreQualification' are matched.

2024-04-10 07:38:18 - [TEST_STEP][PASSED] - comment("Prequalification statement should be displayed."): Prequalification statement should be displayed.

2024-04-10 07:38:18 - [MESSAGE][INFO] - Prequalification statement should be displayed.

2024-04-10 07:38:18 - [TEST_STEP][PASSED] - click(findTestObject("Object Repository/Portal/Portal_PreQual_CheckBox_RiskDoesNotHaveAny")): Object: 'Object Repository/Portal/Portal_PreQual_CheckBox_RiskDoesNotHaveAny' is clicked on

2024-04-10 07:38:19 - [MESSAGE][PASSED] - Object: 'Object Repository/Portal/Portal_PreQual_CheckBox_RiskDoesNotHaveAny' is clicked on

2024-04-10 07:38:19 - [TEST_STEP][PASSED] - click(findTestObject("Object Repository/Portal/Portal_PreQual_Button_Agree")): Object: 'Object Repository/Portal/Portal_PreQual_Button_Agree' is clicked on

2024-04-10 07:38:19 - [MESSAGE][PASSED] - Object: 'Object Repository/Portal/Portal_PreQual_Button_Agree' is clicked on

2024-04-10 07:38:19 - [TEST_STEP][PASSED] - waitForElementHasAttribute(findTestObject("Object Repository/Portal/Portal_AccInfo_Header_AccInfo"), "Step 1: Account Information", 10): Object 'Object Repository/Portal/Portal_AccInfo_Header_AccInfo' does not have attribute 'Step 1: Account Information'

2024-04-10 07:38:30 - [MESSAGE][WARNING] - Object 'Object Repository/Portal/Portal_AccInfo_Header_AccInfo' does not have attribute 'Step 1: Account Information'

2024-04-10 07:38:30 - [TEST_STEP][PASSED] - verifyElementText(findTestObject("Object Repository/Portal/Portal_AccInfo_Header_AccInfo"), "Step 1: Account Information"): Actual text and expected text of test object 'Object Repository/Portal/Portal_AccInfo_Header_AccInfo' are matched.

2024-04-10 07:38:31 - [MESSAGE][PASSED] - Actual text and expected text of test object 'Object Repository/Portal/Portal_AccInfo_Header_AccInfo' are matched.

2024-04-10 07:38:31 - [TEST_STEP][PASSED] - comment("User successfully navigated to Account Information screen"): User successfully navigated to Account Information screen

2024-04-10 07:38:31 - [MESSAGE][INFO] - User successfully navigated to Account Information screen

2024-04-10 07:38:31 - [TEST_STEP][PASSED] - click(findTestObject("Object Repository/Portal/Portal_AccInfo_Dropdown_SearchOrQuoteFor")): Object: 'Object Repository/Portal/Portal_AccInfo_Dropdown_SearchOrQuoteFor' is clicked on

2024-04-10 07:38:31 - [MESSAGE][PASSED] - Object: 'Object Repository/Portal/Portal_AccInfo_Dropdown_SearchOrQuoteFor' is clicked on

2024-04-10 07:38:31 - [TEST_STEP][PASSED] - click(findTestObject("Object Repository/Portal/Portal_AccInfo_TypeList_Individual")): Object: 'Object Repository/Portal/Portal_AccInfo_TypeList_Individual' is clicked on

2024-04-10 07:38:32 - [MESSAGE][PASSED] - Object: 'Object Repository/Portal/Portal_AccInfo_TypeList_Individual' is clicked on

2024-04-10 07:38:32 - [TEST_STEP][PASSED] - setText(findTestObject("Object Repository/Portal/Portal_AccInfo_TextBox_FirstName"), "Auto_FirstName"): Text 'Auto_FirstName' is set on object 'Object Repository/Portal/Portal_AccInfo_TextBox_FirstName'

2024-04-10 07:38:33 - [MESSAGE][PASSED] - Text 'Auto_FirstName' is set on object 'Object Repository/Portal/Portal_AccInfo_TextBox_FirstName'

2024-04-10 07:38:33 - [TEST_STEP][PASSED] - setText(findTestObject("Object Repository/Portal/Portal_AccInfo_TextBox_LastName"), "LastName" + RandomStringUtils.randomAlphabetic(5)): Text 'LastNameJSXdG' is set on object 'Object Repository/Portal/Portal_AccInfo_TextBox_LastName'

2024-04-10 07:38:34 - [MESSAGE][PASSED] - Text 'LastNameJSXdG' is set on object 'Object Repository/Portal/Portal_AccInfo_TextBox_LastName'

2024-04-10 07:38:34 - [TEST_STEP][PASSED] - setText(findTestObject("Object Repository/Portal/Portal_AccInfo_TextBox_ZipCode"), "49058"): Text '49058' is set on object 'Object Repository/Portal/Portal_AccInfo_TextBox_ZipCode'

2024-04-10 07:38:35 - [MESSAGE][PASSED] - Text '49058' is set on object 'Object Repository/Portal/Portal_AccInfo_TextBox_ZipCode'

2024-04-10 07:38:35 - [TEST_STEP][PASSED] - click(findTestObject("Object Repository/Portal/Portal_AccInfo_Button_CreateNewAcc")): Object: 'Object Repository/Portal/Portal_AccInfo_Button_CreateNewAcc' is clicked on

2024-04-10 07:38:35 - [MESSAGE][PASSED] - Object: 'Object Repository/Portal/Portal_AccInfo_Button_CreateNewAcc' is clicked on

2024-04-10 07:38:35 - [TEST_STEP][PASSED] - verifyElementText(findTestObject("Object Repository/Portal/Portal_AccInfo_SubTitle_AddNewAcc"), "Add a New Account"): Actual text and expected text of test object 'Object Repository/Portal/Portal_AccInfo_SubTitle_AddNewAcc' are matched.

2024-04-10 07:38:36 - [MESSAGE][PASSED] - Actual text and expected text of test object 'Object Repository/Portal/Portal_AccInfo_SubTitle_AddNewAcc' are matched.

2024-04-10 07:38:36 - [TEST_STEP][PASSED] - mouseOver(findTestObject("Object Repository/Portal/Portal_AccountInfo_Dropdown_ProducerCode"), STOP_ON_FAILURE): Object: 'Object Repository/Portal/Portal_AccountInfo_Dropdown_ProducerCode' is hovered

2024-04-10 07:38:37 - [MESSAGE][PASSED] - Object: 'Object Repository/Portal/Portal_AccountInfo_Dropdown_ProducerCode' is hovered

2024-04-10 07:38:37 - [TEST_STEP][PASSED] - setText(findTestObject("Object Repository/Portal/Portal_AccInfo_TextBox_Address"), "1618 W M 43 Hwy"): Text '1618 W M 43 Hwy' is set on object 'Object Repository/Portal/Portal_AccInfo_TextBox_Address'

2024-04-10 07:38:37 - [MESSAGE][PASSED] - Text '1618 W M 43 Hwy' is set on object 'Object Repository/Portal/Portal_AccInfo_TextBox_Address'

2024-04-10 07:38:37 - [TEST_STEP][PASSED] - sendKeys(findTestObject("Object Repository/Portal/Portal_AccInfo_TextBox_Address"), Keys.chord(SPACE)): Keys 'SPACE + ' sent to object: 'Object Repository/Portal/Portal_AccInfo_TextBox_Address'

2024-04-10 07:38:38 - [MESSAGE][PASSED] - Keys 'SPACE + ' sent to object: 'Object Repository/Portal/Portal_AccInfo_TextBox_Address'

2024-04-10 07:38:38 - [TEST_STEP][PASSED] - click(findTestObject("Object Repository/Portal/Portal_AccInfo_TypeList_1stAddress"), OPTIONAL): Object: 'Object Repository/Portal/Portal_AccInfo_TypeList_1stAddress' is clicked on

2024-04-10 07:38:39 - [MESSAGE][PASSED] - Object: 'Object Repository/Portal/Portal_AccInfo_TypeList_1stAddress' is clicked on

2024-04-10 07:38:39 - [TEST_STEP][PASSED] - waitForPageLoad(10): Wait for page load successfully

2024-04-10 07:38:39 - [MESSAGE][PASSED] - Wait for page load successfully

2024-04-10 07:38:39 - [TEST_STEP][PASSED] - mouseOver(findTestObject("Object Repository/Portal/Portal_AccountInfo_Dropdown_ProducerCode")): Object: 'Object Repository/Portal/Portal_AccountInfo_Dropdown_ProducerCode' is hovered

2024-04-10 07:38:40 - [MESSAGE][PASSED] - Object: 'Object Repository/Portal/Portal_AccountInfo_Dropdown_ProducerCode' is hovered

2024-04-10 07:38:40 - [TEST_STEP][PASSED] - click(findTestObject("Object Repository/Portal/Portal_AccountInfo_Dropdown_ProducerCode")): Object: 'Object Repository/Portal/Portal_AccountInfo_Dropdown_ProducerCode' is clicked on

2024-04-10 07:38:40 - [MESSAGE][PASSED] - Object: 'Object Repository/Portal/Portal_AccountInfo_Dropdown_ProducerCode' is clicked on

2024-04-10 07:38:40 - [TEST_STEP][PASSED] - mouseOver(findTestObject("Object Repository/Portal/Portal_AccInfo_TypeList_2059HouseCode")): Object: 'Object Repository/Portal/Portal_AccInfo_TypeList_2059HouseCode' is hovered

2024-04-10 07:38:41 - [MESSAGE][PASSED] - Object: 'Object Repository/Portal/Portal_AccInfo_TypeList_2059HouseCode' is hovered

2024-04-10 07:38:41 - [TEST_STEP][PASSED] - click(findTestObject("Object Repository/Portal/Portal_AccInfo_TypeList_2059HouseCode")): Object: 'Object Repository/Portal/Portal_AccInfo_TypeList_2059HouseCode' is clicked on

2024-04-10 07:38:41 - [MESSAGE][PASSED] - Object: 'Object Repository/Portal/Portal_AccInfo_TypeList_2059HouseCode' is clicked on

2024-04-10 07:38:41 - [TEST_STEP][PASSED] - click(findTestObject("Object Repository/Portal/Portal_AccInfo_Button_AddAccount")): Object: 'Object Repository/Portal/Portal_AccInfo_Button_AddAccount' is clicked on

2024-04-10 07:38:42 - [MESSAGE][PASSED] - Object: 'Object Repository/Portal/Portal_AccInfo_Button_AddAccount' is clicked on

2024-04-10 07:38:42 - [TEST_STEP][PASSED] - click(findTestObject("Object Repository/Portal/Portal_StandardizeAddress_Button_Continue")): Object: 'Object Repository/Portal/Portal_StandardizeAddress_Button_Continue' is clicked on

2024-04-10 07:38:43 - [MESSAGE][PASSED] - Object: 'Object Repository/Portal/Portal_StandardizeAddress_Button_Continue' is clicked on

2024-04-10 07:38:43 - [TEST_STEP][PASSED] - AccountNumber = getText(findTestObject("Portal/Portal_NewAccountCreated_Label_AccountNum")): Text of object 'Object Repository/Portal/Portal_NewAccountCreated_Label_AccountNum' is: 'AC00540434'

2024-04-10 07:38:44 - [MESSAGE][PASSED] - Text of object 'Object Repository/Portal/Portal_NewAccountCreated_Label_AccountNum' is: 'AC00540434'

2024-04-10 07:38:44 - [TEST_STEP][PASSED] - comment(AccountNumber): AC00540434

2024-04-10 07:38:44 - [MESSAGE][INFO] - AC00540434

2024-04-10 07:38:44 - [TEST_STEP][PASSED] - println(AccountNumber): null

2024-04-10 07:38:44 - [TEST_STEP][PASSED] - click(findTestObject("Portal/Portal_NewAccountCreated_Button_Continue")): Object: 'Object Repository/Portal/Portal_NewAccountCreated_Button_Continue' is clicked on

2024-04-10 07:38:44 - [MESSAGE][PASSED] - Object: 'Object Repository/Portal/Portal_NewAccountCreated_Button_Continue' is clicked on

2024-04-10 07:38:44 - [TEST_STEP][PASSED] - click(findTestObject("Object Repository/Portal/Portal_PolicyDetails_Dropdown_OrgType")): Object: 'Object Repository/Portal/Portal_PolicyDetails_Dropdown_OrgType' is clicked on

2024-04-10 07:38:49 - [MESSAGE][PASSED] - Object: 'Object Repository/Portal/Portal_PolicyDetails_Dropdown_OrgType' is clicked on

2024-04-10 07:38:49 - [TEST_STEP][PASSED] - click(findTestObject("Object Repository/Portal/Portal_PolDetails_OrgType_TypeList_Individual")): Object: 'Object Repository/Portal/Portal_PolDetails_OrgType_TypeList_Individual' is clicked on

2024-04-10 07:38:50 - [MESSAGE][PASSED] - Object: 'Object Repository/Portal/Portal_PolDetails_OrgType_TypeList_Individual' is clicked on

2024-04-10 07:38:50 - [TEST_STEP][PASSED] - mouseOver(findTestObject("Object Repository/Portal/Portal_PolDetails_TextBox_SSN"), STOP_ON_FAILURE): Object: 'Object Repository/Portal/Portal_PolDetails_TextBox_SSN' is hovered

2024-04-10 07:38:50 - [MESSAGE][PASSED] - Object: 'Object Repository/Portal/Portal_PolDetails_TextBox_SSN' is hovered

2024-04-10 07:38:50 - [TEST_STEP][PASSED] - click(findTestObject("Object Repository/Portal/Portal_PolDetails_TextBox_SSN"), STOP_ON_FAILURE): Object: 'Object Repository/Portal/Portal_PolDetails_TextBox_SSN' is clicked on

2024-04-10 07:38:51 - [MESSAGE][PASSED] - Object: 'Object Repository/Portal/Portal_PolDetails_TextBox_SSN' is clicked on

2024-04-10 07:38:51 - [TEST_STEP][PASSED] - sendKeys(findTestObject("Object Repository/Portal/Portal_PolDetails_TextBox_SSN"), Keys.chord("123456789")): Keys '123456789' sent to object: 'Object Repository/Portal/Portal_PolDetails_TextBox_SSN'

2024-04-10 07:38:52 - [MESSAGE][PASSED] - Keys '123456789' sent to object: 'Object Repository/Portal/Portal_PolDetails_TextBox_SSN'

2024-04-10 07:38:52 - [TEST_STEP][PASSED] - click(findTestObject("Object Repository/Portal/Portal_PolicyDetails_Button_Save")): Object: 'Object Repository/Portal/Portal_PolicyDetails_Button_Save' is clicked on

2024-04-10 07:38:52 - [MESSAGE][PASSED] - Object: 'Object Repository/Portal/Portal_PolicyDetails_Button_Save' is clicked on

2024-04-10 07:38:52 - [TEST_STEP][PASSED] - takeFullPageScreenshot(): Taking screenshot successfully

2024-04-10 07:38:53 - [MESSAGE][INFO] - 0 hidden object(s)

2024-04-10 07:38:53 - [MESSAGE][PASSED] - Taking screenshot successfully
[[ATTACHMENT|C:\\Users\\LellKir\\git\\HMIC-Portal\\HMIC-Portal\\HMIC-Portal\\HMIC-Portal\\HMIC-Portal\\HMIC-Portal\\Reports\\20240410_070624\\AgencyPortal_SmokeTest_WC\\20240410_070624\\1712749132684.png]]

2024-04-10 07:38:53 - [TEST_STEP][PASSED] - click(findTestObject("Object Repository/Portal/Portal_Common_Button_NextLoc")): Object: 'Object Repository/Portal/Portal_Common_Button_NextLoc' is clicked on

2024-04-10 07:38:54 - [MESSAGE][PASSED] - Object: 'Object Repository/Portal/Portal_Common_Button_NextLoc' is clicked on

2024-04-10 07:38:54 - [TEST_STEP][PASSED] - waitForElementHasAttribute(findTestObject("Object Repository/Portal/Portal_Loc_Header_Loc"), "Step 3: Locations", 10): Object 'Object Repository/Portal/Portal_Loc_Header_Loc' does not have attribute 'Step 3: Locations'

2024-04-10 07:39:06 - [MESSAGE][WARNING] - Object 'Object Repository/Portal/Portal_Loc_Header_Loc' does not have attribute 'Step 3: Locations'

2024-04-10 07:39:06 - [TEST_STEP][PASSED] - verifyElementText(findTestObject("Object Repository/Portal/Portal_Loc_Header_Loc"), "Step 3: Locations"): Actual text and expected text of test object 'Object Repository/Portal/Portal_Loc_Header_Loc' are matched.

2024-04-10 07:39:06 - [MESSAGE][PASSED] - Actual text and expected text of test object 'Object Repository/Portal/Portal_Loc_Header_Loc' are matched.

2024-04-10 07:39:06 - [TEST_STEP][PASSED] - setText(findTestObject("Object Repository/Portal/Portal_Loc_TextBox_MaxNumOfEmp"), "51"): Text '51' is set on object 'Object Repository/Portal/Portal_Loc_TextBox_MaxNumOfEmp'

2024-04-10 07:39:07 - [MESSAGE][PASSED] - Text '51' is set on object 'Object Repository/Portal/Portal_Loc_TextBox_MaxNumOfEmp'

2024-04-10 07:39:07 - [TEST_STEP][PASSED] - click(findTestObject("Object Repository/Portal/Portal_Loc_TextBox_WorkClassification")): Object: 'Object Repository/Portal/Portal_Loc_TextBox_WorkClassification' is clicked on

2024-04-10 07:39:08 - [MESSAGE][PASSED] - Object: 'Object Repository/Portal/Portal_Loc_TextBox_WorkClassification' is clicked on

2024-04-10 07:39:08 - [TEST_STEP][PASSED] - click(findTestObject("Object Repository/Portal/Portal_Loc_WorkClassification_TypeList_0005")): Object: 'Object Repository/Portal/Portal_Loc_WorkClassification_TypeList_0005' is clicked on

2024-04-10 07:39:09 - [MESSAGE][PASSED] - Object: 'Object Repository/Portal/Portal_Loc_WorkClassification_TypeList_0005' is clicked on

2024-04-10 07:39:09 - [TEST_STEP][PASSED] - setText(findTestObject("Object Repository/Portal/Portal_Loc_TextBox_TotalPayroll"), "5000"): Text '5000' is set on object 'Object Repository/Portal/Portal_Loc_TextBox_TotalPayroll'

2024-04-10 07:39:10 - [MESSAGE][PASSED] - Text '5000' is set on object 'Object Repository/Portal/Portal_Loc_TextBox_TotalPayroll'

2024-04-10 07:39:10 - [TEST_STEP][PASSED] - setText(findTestObject("Object Repository/Portal/Portal_Loc_TextBox_FullTimeEmployees"), "10"): Text '10' is set on object 'Object Repository/Portal/Portal_Loc_TextBox_FullTimeEmployees'

2024-04-10 07:39:10 - [MESSAGE][PASSED] - Text '10' is set on object 'Object Repository/Portal/Portal_Loc_TextBox_FullTimeEmployees'

2024-04-10 07:39:10 - [TEST_STEP][PASSED] - setText(findTestObject("Object Repository/Portal/Portal_Loc_TextBox_PartTimeEmployees"), "10"): Text '10' is set on object 'Object Repository/Portal/Portal_Loc_TextBox_PartTimeEmployees'

2024-04-10 07:39:12 - [MESSAGE][PASSED] - Text '10' is set on object 'Object Repository/Portal/Portal_Loc_TextBox_PartTimeEmployees'

2024-04-10 07:39:12 - [TEST_STEP][PASSED] - click(findTestObject("Object Repository/Portal/Portal_Loc_Button_Save")): Object: 'Object Repository/Portal/Portal_Loc_Button_Save' is clicked on

2024-04-10 07:39:12 - [MESSAGE][PASSED] - Object: 'Object Repository/Portal/Portal_Loc_Button_Save' is clicked on

2024-04-10 07:39:12 - [TEST_STEP][PASSED] - takeFullPageScreenshot(): Taking screenshot successfully

2024-04-10 07:39:13 - [MESSAGE][INFO] - 0 hidden object(s)

2024-04-10 07:39:13 - [MESSAGE][PASSED] - Taking screenshot successfully
[[ATTACHMENT|C:\\Users\\LellKir\\git\\HMIC-Portal\\HMIC-Portal\\HMIC-Portal\\HMIC-Portal\\HMIC-Portal\\HMIC-Portal\\Reports\\20240410_070624\\AgencyPortal_SmokeTest_WC\\20240410_070624\\1712749152582.png]]

2024-04-10 07:39:13 - [TEST_STEP][PASSED] - click(findTestObject("Object Repository/Portal/Portal_Common_Button_NextStateCov")): Object: 'Object Repository/Portal/Portal_Common_Button_NextStateCov' is clicked on

2024-04-10 07:39:13 - [MESSAGE][PASSED] - Object: 'Object Repository/Portal/Portal_Common_Button_NextStateCov' is clicked on

2024-04-10 07:39:13 - [TEST_STEP][PASSED] - waitForElementHasAttribute(findTestObject("Object Repository/Portal/Portal_Cov_Header_Coverages"), "Step 4: Coverages", 10): Object 'Object Repository/Portal/Portal_Cov_Header_Coverages' does not have attribute 'Step 4: Coverages'

2024-04-10 07:39:25 - [MESSAGE][WARNING] - Object 'Object Repository/Portal/Portal_Cov_Header_Coverages' does not have attribute 'Step 4: Coverages'

2024-04-10 07:39:25 - [TEST_STEP][PASSED] - verifyElementText(findTestObject("Object Repository/Portal/Portal_Cov_Header_Coverages"), "Step 4: Coverages"): Actual text and expected text of test object 'Object Repository/Portal/Portal_Cov_Header_Coverages' are matched.

2024-04-10 07:39:26 - [MESSAGE][PASSED] - Actual text and expected text of test object 'Object Repository/Portal/Portal_Cov_Header_Coverages' are matched.

2024-04-10 07:39:26 - [TEST_STEP][PASSED] - click(findTestObject("Portal/Portal_StateCov_Chkbox_ExpRating")): Object: 'Object Repository/Portal/Portal_StateCov_Chkbox_ExpRating' is clicked on

2024-04-10 07:39:26 - [MESSAGE][PASSED] - Object: 'Object Repository/Portal/Portal_StateCov_Chkbox_ExpRating' is clicked on

2024-04-10 07:39:26 - [TEST_STEP][PASSED] - setText(findTestObject("Portal/Portal_StateCov_input_ExpRating"), "3.22"): Text '3.22' is set on object 'Object Repository/Portal/Portal_StateCov_input_ExpRating'

2024-04-10 07:39:28 - [MESSAGE][PASSED] - Text '3.22' is set on object 'Object Repository/Portal/Portal_StateCov_input_ExpRating'

2024-04-10 07:39:28 - [TEST_STEP][PASSED] - click(findTestObject("Portal/Portal_StateCov_MI_Radiobtn_WPSC_LightDutyProgram_Yes")): Object: 'Object Repository/Portal/Portal_StateCov_MI_Radiobtn_WPSC_LightDutyProgram_Yes' is clicked on

2024-04-10 07:39:29 - [MESSAGE][PASSED] - Object: 'Object Repository/Portal/Portal_StateCov_MI_Radiobtn_WPSC_LightDutyProgram_Yes' is clicked on

2024-04-10 07:39:29 - [TEST_STEP][PASSED] - click(findTestObject("Portal/Portal_StateCov_MI_Radiobtn_WPSC_MeritOrExperience_Yes")): Object: 'Object Repository/Portal/Portal_StateCov_MI_Radiobtn_WPSC_MeritOrExperience_Yes' is clicked on

2024-04-10 07:39:31 - [MESSAGE][PASSED] - Object: 'Object Repository/Portal/Portal_StateCov_MI_Radiobtn_WPSC_MeritOrExperience_Yes' is clicked on

2024-04-10 07:39:31 - [TEST_STEP][PASSED] - click(findTestObject("Object Repository/Portal/Portal_StateCov_Button_NextLineCov")): Object: 'Object Repository/Portal/Portal_StateCov_Button_NextLineCov' is clicked on

2024-04-10 07:39:32 - [MESSAGE][PASSED] - Object: 'Object Repository/Portal/Portal_StateCov_Button_NextLineCov' is clicked on

2024-04-10 07:39:32 - [TEST_STEP][PASSED] - click(findTestObject("Object Repository/Portal/Portal_LineCov_button_NextSupplementalQues")): Object: 'Object Repository/Portal/Portal_LineCov_button_NextSupplementalQues' is clicked on

2024-04-10 07:39:34 - [MESSAGE][PASSED] - Object: 'Object Repository/Portal/Portal_LineCov_button_NextSupplementalQues' is clicked on

2024-04-10 07:39:34 - [TEST_STEP][PASSED] - click(findTestObject("Object Repository/Portal/Portal_Supplemental_CheckBox_IhaveReviewed")): Object: 'Object Repository/Portal/Portal_Supplemental_CheckBox_IhaveReviewed' is clicked on

2024-04-10 07:39:36 - [MESSAGE][PASSED] - Object: 'Object Repository/Portal/Portal_Supplemental_CheckBox_IhaveReviewed' is clicked on

2024-04-10 07:39:36 - [TEST_STEP][PASSED] - takeFullPageScreenshot(): Taking screenshot successfully

2024-04-10 07:39:37 - [MESSAGE][INFO] - 0 hidden object(s)

2024-04-10 07:39:38 - [MESSAGE][PASSED] - Taking screenshot successfully
[[ATTACHMENT|C:\\Users\\LellKir\\git\\HMIC-Portal\\HMIC-Portal\\HMIC-Portal\\HMIC-Portal\\HMIC-Portal\\HMIC-Portal\\Reports\\20240410_070624\\AgencyPortal_SmokeTest_WC\\20240410_070624\\1712749176992.png]]

2024-04-10 07:39:38 - [TEST_STEP][PASSED] - click(findTestObject("Object Repository/Portal/Portal_Common_Button_NextQuote")): Object: 'Object Repository/Portal/Portal_Common_Button_NextQuote' is clicked on

2024-04-10 07:39:38 - [MESSAGE][PASSED] - Object: 'Object Repository/Portal/Portal_Common_Button_NextQuote' is clicked on

2024-04-10 07:39:38 - [TEST_STEP][PASSED] - waitForElementHasAttribute(findTestObject("Object Repository/Portal/Portal_Quote_Header_Quote"), "Step 6: Quote", 10): Object 'Object Repository/Portal/Portal_Quote_Header_Quote' does not have attribute 'Step 6: Quote'

2024-04-10 07:40:19 - [MESSAGE][WARNING] - Object 'Object Repository/Portal/Portal_Quote_Header_Quote' does not have attribute 'Step 6: Quote'

2024-04-10 07:40:19 - [TEST_STEP][FAILED] - verifyElementText(findTestObject("Object Repository/Portal/Portal_Quote_Header_Quote"), "Step 6: Quote"): Verify element text of test object 'Object Repository/Portal/Portal_Quote_Header_Quote' FAILED. (Root cause: com.kms.katalon.core.exception.StepFailedException: Verify element text of test object 'Object Repository/Portal/Portal_Quote_Header_Quote' FAILED.
	at com.kms.katalon.core.webui.keyword.internal.WebUIKeywordMain.stepFailed(WebUIKeywordMain.groovy:64)
	at com.kms.katalon.core.webui.keyword.internal.WebUIKeywordMain.runKeyword(WebUIKeywordMain.groovy:26)
	at com.kms.katalon.core.webui.keyword.builtin.VerifyElementTextKeyword.verifyElementText(VerifyElementTextKeyword.groovy:72)
	at com.kms.katalon.core.webui.keyword.builtin.VerifyElementTextKeyword.execute(VerifyElementTextKeyword.groovy:40)
	at com.kms.katalon.core.keyword.internal.KeywordExecutor.executeKeywordForPlatform(KeywordExecutor.groovy:74)
	at com.kms.katalon.core.webui.keyword.WebUiBuiltInKeywords.verifyElementText(WebUiBuiltInKeywords.groovy:4749)
	at com.kms.katalon.core.webui.keyword.WebUiBuiltInKeywords$verifyElementText$10.call(Unknown Source)
	at Portal_SmokeTest_MIState.run(Portal_SmokeTest_MIState:165)
	at com.kms.katalon.core.main.ScriptEngine.run(ScriptEngine.java:194)
	at com.kms.katalon.core.main.ScriptEngine.runScriptAsRawText(ScriptEngine.java:119)
	at com.kms.katalon.core.main.TestCaseExecutor.runScript(TestCaseExecutor.java:448)
	at com.kms.katalon.core.main.TestCaseExecutor.doExecute(TestCaseExecutor.java:439)
	at com.kms.katalon.core.main.TestCaseExecutor.processExecutionPhase(TestCaseExecutor.java:418)
	at com.kms.katalon.core.main.TestCaseExecutor.accessMainPhase(TestCaseExecutor.java:410)
	at com.kms.katalon.core.main.TestCaseExecutor.execute(TestCaseExecutor.java:285)
	at com.kms.katalon.core.common.CommonExecutor.accessTestCaseMainPhase(CommonExecutor.java:65)
	at com.kms.katalon.core.main.TestSuiteExecutor.accessTestSuiteMainPhase(TestSuiteExecutor.java:148)
	at com.kms.katalon.core.main.TestSuiteExecutor.execute(TestSuiteExecutor.java:106)
	at com.kms.katalon.core.main.TestCaseMain.startTestSuite(TestCaseMain.java:187)
	at com.kms.katalon.core.main.TestCaseMain$startTestSuite$0.call(Unknown Source)
	at TempTestSuite1712747184320.run(TempTestSuite1712747184320.groovy:36)
Caused by: com.kms.katalon.core.exception.StepFailedException: Actual text '' and expected text 'Step 6: Quote' of test object 'Object Repository/Portal/Portal_Quote_Header_Quote' are NOT matched.
	at com.kms.katalon.core.webui.keyword.internal.WebUIKeywordMain.stepFailed(WebUIKeywordMain.groovy:64)
	at com.kms.katalon.core.webui.keyword.builtin.VerifyElementTextKeyword$_verifyElementText_closure1.doCall(VerifyElementTextKeyword.groovy:57)
	at com.kms.katalon.core.webui.keyword.builtin.VerifyElementTextKeyword$_verifyElementText_closure1.call(VerifyElementTextKeyword.groovy)
	at com.kms.katalon.core.webui.keyword.internal.WebUIKeywordMain.runKeyword(WebUIKeywordMain.groovy:20)
	... 19 more
)

2024-04-10 07:40:39 - [MESSAGE][FAILED] - Actual text '' and expected text 'Step 6: Quote' of test object 'Object Repository/Portal/Portal_Quote_Header_Quote' are NOT matched. (Root cause: com.kms.katalon.core.exception.StepFailedException: Actual text '' and expected text 'Step 6: Quote' of test object 'Object Repository/Portal/Portal_Quote_Header_Quote' are NOT matched.
	at com.kms.katalon.core.webui.keyword.internal.WebUIKeywordMain.stepFailed(WebUIKeywordMain.groovy:64)
	at com.kms.katalon.core.webui.keyword.builtin.VerifyElementTextKeyword$_verifyElementText_closure1.doCall(VerifyElementTextKeyword.groovy:57)
	at com.kms.katalon.core.webui.keyword.builtin.VerifyElementTextKeyword$_verifyElementText_closure1.call(VerifyElementTextKeyword.groovy)
	at com.kms.katalon.core.webui.keyword.internal.WebUIKeywordMain.runKeyword(WebUIKeywordMain.groovy:20)
	at com.kms.katalon.core.webui.keyword.builtin.VerifyElementTextKeyword.verifyElementText(VerifyElementTextKeyword.groovy:72)
	at com.kms.katalon.core.webui.keyword.builtin.VerifyElementTextKeyword.execute(VerifyElementTextKeyword.groovy:40)
	at com.kms.katalon.core.keyword.internal.KeywordExecutor.executeKeywordForPlatform(KeywordExecutor.groovy:74)
	at com.kms.katalon.core.webui.keyword.WebUiBuiltInKeywords.verifyElementText(WebUiBuiltInKeywords.groovy:4749)
	at com.kms.katalon.core.webui.keyword.WebUiBuiltInKeywords$verifyElementText$10.call(Unknown Source)
	at Portal_SmokeTest_MIState.run(Portal_SmokeTest_MIState:165)
	at com.kms.katalon.core.main.ScriptEngine.run(ScriptEngine.java:194)
	at com.kms.katalon.core.main.ScriptEngine.runScriptAsRawText(ScriptEngine.java:119)
	at com.kms.katalon.core.main.TestCaseExecutor.runScript(TestCaseExecutor.java:448)
	at com.kms.katalon.core.main.TestCaseExecutor.doExecute(TestCaseExecutor.java:439)
	at com.kms.katalon.core.main.TestCaseExecutor.processExecutionPhase(TestCaseExecutor.java:418)
	at com.kms.katalon.core.main.TestCaseExecutor.accessMainPhase(TestCaseExecutor.java:410)
	at com.kms.katalon.core.main.TestCaseExecutor.execute(TestCaseExecutor.java:285)
	at com.kms.katalon.core.common.CommonExecutor.accessTestCaseMainPhase(CommonExecutor.java:65)
	at com.kms.katalon.core.main.TestSuiteExecutor.accessTestSuiteMainPhase(TestSuiteExecutor.java:148)
	at com.kms.katalon.core.main.TestSuiteExecutor.execute(TestSuiteExecutor.java:106)
	at com.kms.katalon.core.main.TestCaseMain.startTestSuite(TestCaseMain.java:187)
	at com.kms.katalon.core.main.TestCaseMain$startTestSuite$0.call(Unknown Source)
	at TempTestSuite1712747184320.run(TempTestSuite1712747184320.groovy:36)
)
[[ATTACHMENT|C:\\Users\\LellKir\\git\\HMIC-Portal\\HMIC-Portal\\HMIC-Portal\\HMIC-Portal\\HMIC-Portal\\HMIC-Portal\\Reports\\20240410_070624\\AgencyPortal_SmokeTest_WC\\20240410_070624\\1712749239541.png]]

2024-04-10 07:40:39 - [MESSAGE][FAILED] - Verify element text of test object 'Object Repository/Portal/Portal_Quote_Header_Quote' FAILED. (Root cause: com.kms.katalon.core.exception.StepFailedException: Verify element text of test object 'Object Repository/Portal/Portal_Quote_Header_Quote' FAILED.
	at com.kms.katalon.core.webui.keyword.internal.WebUIKeywordMain.stepFailed(WebUIKeywordMain.groovy:64)
	at com.kms.katalon.core.webui.keyword.internal.WebUIKeywordMain.runKeyword(WebUIKeywordMain.groovy:26)
	at com.kms.katalon.core.webui.keyword.builtin.VerifyElementTextKeyword.verifyElementText(VerifyElementTextKeyword.groovy:72)
	at com.kms.katalon.core.webui.keyword.builtin.VerifyElementTextKeyword.execute(VerifyElementTextKeyword.groovy:40)
	at com.kms.katalon.core.keyword.internal.KeywordExecutor.executeKeywordForPlatform(KeywordExecutor.groovy:74)
	at com.kms.katalon.core.webui.keyword.WebUiBuiltInKeywords.verifyElementText(WebUiBuiltInKeywords.groovy:4749)
	at com.kms.katalon.core.webui.keyword.WebUiBuiltInKeywords$verifyElementText$10.call(Unknown Source)
	at Portal_SmokeTest_MIState.run(Portal_SmokeTest_MIState:165)
	at com.kms.katalon.core.main.ScriptEngine.run(ScriptEngine.java:194)
	at com.kms.katalon.core.main.ScriptEngine.runScriptAsRawText(ScriptEngine.java:119)
	at com.kms.katalon.core.main.TestCaseExecutor.runScript(TestCaseExecutor.java:448)
	at com.kms.katalon.core.main.TestCaseExecutor.doExecute(TestCaseExecutor.java:439)
	at com.kms.katalon.core.main.TestCaseExecutor.processExecutionPhase(TestCaseExecutor.java:418)
	at com.kms.katalon.core.main.TestCaseExecutor.accessMainPhase(TestCaseExecutor.java:410)
	at com.kms.katalon.core.main.TestCaseExecutor.execute(TestCaseExecutor.java:285)
	at com.kms.katalon.core.common.CommonExecutor.accessTestCaseMainPhase(CommonExecutor.java:65)
	at com.kms.katalon.core.main.TestSuiteExecutor.accessTestSuiteMainPhase(TestSuiteExecutor.java:148)
	at com.kms.katalon.core.main.TestSuiteExecutor.execute(TestSuiteExecutor.java:106)
	at com.kms.katalon.core.main.TestCaseMain.startTestSuite(TestCaseMain.java:187)
	at com.kms.katalon.core.main.TestCaseMain$startTestSuite$0.call(Unknown Source)
	at TempTestSuite1712747184320.run(TempTestSuite1712747184320.groovy:36)
Caused by: com.kms.katalon.core.exception.StepFailedException: Actual text '' and expected text 'Step 6: Quote' of test object 'Object Repository/Portal/Portal_Quote_Header_Quote' are NOT matched.
	at com.kms.katalon.core.webui.keyword.internal.WebUIKeywordMain.stepFailed(WebUIKeywordMain.groovy:64)
	at com.kms.katalon.core.webui.keyword.builtin.VerifyElementTextKeyword$_verifyElementText_closure1.doCall(VerifyElementTextKeyword.groovy:57)
	at com.kms.katalon.core.webui.keyword.builtin.VerifyElementTextKeyword$_verifyElementText_closure1.call(VerifyElementTextKeyword.groovy)
	at com.kms.katalon.core.webui.keyword.internal.WebUIKeywordMain.runKeyword(WebUIKeywordMain.groovy:20)
	... 19 more
)
[[ATTACHMENT|C:\\Users\\LellKir\\git\\HMIC-Portal\\HMIC-Portal\\HMIC-Portal\\HMIC-Portal\\HMIC-Portal\\HMIC-Portal\\Reports\\20240410_070624\\AgencyPortal_SmokeTest_WC\\20240410_070624\\1712749239654.png]]]]></system-out>
         <system-err><![CDATA[2024-04-10 07:34:55 - [TEST_CASE][FAILED] - Test Cases/Portal_WorkersCompensation/WC_SmokeTest_AllState/Portal_SmokeTest_MIState: Test Cases/Portal_WorkersCompensation/WC_SmokeTest_AllState/Portal_SmokeTest_MIState FAILED.
Reason:
com.kms.katalon.core.exception.StepFailedException: Verify element text of test object 'Object Repository/Portal/Portal_Quote_Header_Quote' FAILED.
	at com.kms.katalon.core.webui.keyword.internal.WebUIKeywordMain.stepFailed(WebUIKeywordMain.groovy:64)
	at com.kms.katalon.core.webui.keyword.internal.WebUIKeywordMain.runKeyword(WebUIKeywordMain.groovy:26)
	at com.kms.katalon.core.webui.keyword.builtin.VerifyElementTextKeyword.verifyElementText(VerifyElementTextKeyword.groovy:72)
	at com.kms.katalon.core.webui.keyword.builtin.VerifyElementTextKeyword.execute(VerifyElementTextKeyword.groovy:40)
	at com.kms.katalon.core.keyword.internal.KeywordExecutor.executeKeywordForPlatform(KeywordExecutor.groovy:74)
	at com.kms.katalon.core.webui.keyword.WebUiBuiltInKeywords.verifyElementText(WebUiBuiltInKeywords.groovy:4749)
	at com.kms.katalon.core.webui.keyword.WebUiBuiltInKeywords$verifyElementText$10.call(Unknown Source)
	at Portal_SmokeTest_MIState.run(Portal_SmokeTest_MIState:165)
	at com.kms.katalon.core.main.ScriptEngine.run(ScriptEngine.java:194)
	at com.kms.katalon.core.main.ScriptEngine.runScriptAsRawText(ScriptEngine.java:119)
	at com.kms.katalon.core.main.TestCaseExecutor.runScript(TestCaseExecutor.java:448)
	at com.kms.katalon.core.main.TestCaseExecutor.doExecute(TestCaseExecutor.java:439)
	at com.kms.katalon.core.main.TestCaseExecutor.processExecutionPhase(TestCaseExecutor.java:418)
	at com.kms.katalon.core.main.TestCaseExecutor.accessMainPhase(TestCaseExecutor.java:410)
	at com.kms.katalon.core.main.TestCaseExecutor.execute(TestCaseExecutor.java:285)
	at com.kms.katalon.core.common.CommonExecutor.accessTestCaseMainPhase(CommonExecutor.java:65)
	at com.kms.katalon.core.main.TestSuiteExecutor.accessTestSuiteMainPhase(TestSuiteExecutor.java:148)
	at com.kms.katalon.core.main.TestSuiteExecutor.execute(TestSuiteExecutor.java:106)
	at com.kms.katalon.core.main.TestCaseMain.startTestSuite(TestCaseMain.java:187)
	at com.kms.katalon.core.main.TestCaseMain$startTestSuite$0.call(Unknown Source)
	at TempTestSuite1712747184320.run(TempTestSuite1712747184320.groovy:36)
Caused by: com.kms.katalon.core.exception.StepFailedException: Actual text '' and expected text 'Step 6: Quote' of test object 'Object Repository/Portal/Portal_Quote_Header_Quote' are NOT matched.
	at com.kms.katalon.core.webui.keyword.internal.WebUIKeywordMain.stepFailed(WebUIKeywordMain.groovy:64)
	at com.kms.katalon.core.webui.keyword.builtin.VerifyElementTextKeyword$_verifyElementText_closure1.doCall(VerifyElementTextKeyword.groovy:57)
	at com.kms.katalon.core.webui.keyword.builtin.VerifyElementTextKeyword$_verifyElementText_closure1.call(VerifyElementTextKeyword.groovy)
	at com.kms.katalon.core.webui.keyword.internal.WebUIKeywordMain.runKeyword(WebUIKeywordMain.groovy:20)
	... 19 more]]></system-err>
      </testcase>
      <system-out><![CDATA[2024-04-10 07:06:41 - [TEST_SUITE][FAILED] - AgencyPortal_SmokeTest_WC: Test Cases/Portal_WorkersCompensation/WC_SmokeTest_AllState/Portal_SmokeTest_IAState FAILED.
Reason:
com.kms.katalon.core.exception.StepFailedException: Unable to set text '3.22' of object 'Object Repository/Portal/Portal_StateCov_input_ExpRating'
	at com.kms.katalon.core.webui.keyword.internal.WebUIKeywordMain.stepFailed(WebUIKeywordMain.groovy:64)
	at com.kms.katalon.core.webui.keyword.internal.WebUIKeywordMain.runKeyword(WebUIKeywordMain.groovy:26)
	at com.kms.katalon.core.webui.keyword.builtin.SetTextKeyword.setText(SetTextKeyword.groovy:66)
	at com.kms.katalon.core.webui.keyword.builtin.SetTextKeyword.execute(SetTextKeyword.groovy:37)
	at com.kms.katalon.core.keyword.internal.KeywordExecutor.executeKeywordForPlatform(KeywordExecutor.groovy:74)
	at com.kms.katalon.core.webui.keyword.WebUiBuiltInKeywords.setText(WebUiBuiltInKeywords.groovy:980)
	at com.kms.katalon.core.webui.keyword.WebUiBuiltInKeywords$setText$6.call(Unknown Source)
	at Portal_SmokeTest_IAState.run(Portal_SmokeTest_IAState:142)
	at com.kms.katalon.core.main.ScriptEngine.run(ScriptEngine.java:194)
	at com.kms.katalon.core.main.ScriptEngine.runScriptAsRawText(ScriptEngine.java:119)
	at com.kms.katalon.core.main.TestCaseExecutor.runScript(TestCaseExecutor.java:448)
	at com.kms.katalon.core.main.TestCaseExecutor.doExecute(TestCaseExecutor.java:439)
	at com.kms.katalon.core.main.TestCaseExecutor.processExecutionPhase(TestCaseExecutor.java:418)
	at com.kms.katalon.core.main.TestCaseExecutor.accessMainPhase(TestCaseExecutor.java:410)
	at com.kms.katalon.core.main.TestCaseExecutor.execute(TestCaseExecutor.java:285)
	at com.kms.katalon.core.common.CommonExecutor.accessTestCaseMainPhase(CommonExecutor.java:65)
	at com.kms.katalon.core.main.TestSuiteExecutor.accessTestSuiteMainPhase(TestSuiteExecutor.java:148)
	at com.kms.katalon.core.main.TestSuiteExecutor.execute(TestSuiteExecutor.java:106)
	at com.kms.katalon.core.main.TestCaseMain.startTestSuite(TestCaseMain.java:187)
	at com.kms.katalon.core.main.TestCaseMain$startTestSuite$0.call(Unknown Source)
	at TempTestSuite1712747184320.run(TempTestSuite1712747184320.groovy:36)
Caused by: org.openqa.selenium.ElementNotInteractableException: element not interactable
  (Session info: chrome=115.0.5790.110)
Build info: version: '3.141.59', revision: 'e82be7d358', time: '2018-11-14T08:25:53'
System info: host: 'FA28158', ip: '10.0.0.28', os.name: 'Windows 11', os.arch: 'amd64', os.version: '10.0', java.version: '1.8.0_362'
Driver info: com.kms.katalon.selenium.driver.CChromeDriver
Capabilities {acceptInsecureCerts: false, browserName: chrome, browserVersion: 115.0.5790.110, chrome: {chromedriverVersion: 114.0.5735.90 (386bc09e8f4f..., userDataDir: C:\Users\LellKir\AppData\Lo...}, goog:chromeOptions: {debuggerAddress: localhost:56583}, javascriptEnabled: true, networkConnectionEnabled: false, pageLoadStrategy: normal, platform: WINDOWS, platformName: WINDOWS, proxy: Proxy(), setWindowRect: true, strictFileInteractability: false, timeouts: {implicit: 0, pageLoad: 300000, script: 30000}, unhandledPromptBehavior: dismiss and notify, webauthn:extension:credBlob: true, webauthn:extension:largeBlob: true, webauthn:extension:minPinLength: true, webauthn:extension:prf: true, webauthn:virtualAuthenticators: true}
Session ID: 61b841dd730af9375ad881e0992c1769
	at org.openqa.selenium.remote.http.W3CHttpResponseCodec.createException(W3CHttpResponseCodec.java:187)
	at org.openqa.selenium.remote.http.W3CHttpResponseCodec.decode(W3CHttpResponseCodec.java:122)
	at org.openqa.selenium.remote.http.W3CHttpResponseCodec.decode(W3CHttpResponseCodec.java:49)
	at org.openqa.selenium.remote.HttpCommandExecutor.execute(HttpCommandExecutor.java:158)
	at org.openqa.selenium.remote.service.DriverCommandExecutor.execute(DriverCommandExecutor.java:83)
	at org.openqa.selenium.remote.RemoteWebDriver.execute(RemoteWebDriver.java:552)
	at com.kms.katalon.selenium.driver.CChromeDriver.execute(CChromeDriver.java:19)
	at org.openqa.selenium.remote.RemoteWebElement.execute(RemoteWebElement.java:285)
	at org.openqa.selenium.remote.RemoteWebElement.clear(RemoteWebElement.java:124)
	at org.openqa.selenium.support.events.EventFiringWebDriver$EventFiringWebElement.lambda$new$0(EventFiringWebDriver.java:404)
	at com.sun.proxy.$Proxy13.clear(Unknown Source)
	at org.openqa.selenium.support.events.EventFiringWebDriver$EventFiringWebElement.clear(EventFiringWebDriver.java:436)
	at com.kms.katalon.core.webui.keyword.builtin.SetTextKeyword$_setText_closure1.doCall(SetTextKeyword.groovy:53)
	at com.kms.katalon.core.webui.keyword.builtin.SetTextKeyword$_setText_closure1.call(SetTextKeyword.groovy)
	at com.kms.katalon.core.webui.keyword.internal.WebUIKeywordMain.runKeyword(WebUIKeywordMain.groovy:20)
	... 19 more]]></system-out>
      <system-err><![CDATA[2024-04-10 07:06:41 - [TEST_SUITE][FAILED] - AgencyPortal_SmokeTest_WC: Test Cases/Portal_WorkersCompensation/WC_SmokeTest_AllState/Portal_SmokeTest_IAState FAILED.
Reason:
com.kms.katalon.core.exception.StepFailedException: Unable to set text '3.22' of object 'Object Repository/Portal/Portal_StateCov_input_ExpRating'
	at com.kms.katalon.core.webui.keyword.internal.WebUIKeywordMain.stepFailed(WebUIKeywordMain.groovy:64)
	at com.kms.katalon.core.webui.keyword.internal.WebUIKeywordMain.runKeyword(WebUIKeywordMain.groovy:26)
	at com.kms.katalon.core.webui.keyword.builtin.SetTextKeyword.setText(SetTextKeyword.groovy:66)
	at com.kms.katalon.core.webui.keyword.builtin.SetTextKeyword.execute(SetTextKeyword.groovy:37)
	at com.kms.katalon.core.keyword.internal.KeywordExecutor.executeKeywordForPlatform(KeywordExecutor.groovy:74)
	at com.kms.katalon.core.webui.keyword.WebUiBuiltInKeywords.setText(WebUiBuiltInKeywords.groovy:980)
	at com.kms.katalon.core.webui.keyword.WebUiBuiltInKeywords$setText$6.call(Unknown Source)
	at Portal_SmokeTest_IAState.run(Portal_SmokeTest_IAState:142)
	at com.kms.katalon.core.main.ScriptEngine.run(ScriptEngine.java:194)
	at com.kms.katalon.core.main.ScriptEngine.runScriptAsRawText(ScriptEngine.java:119)
	at com.kms.katalon.core.main.TestCaseExecutor.runScript(TestCaseExecutor.java:448)
	at com.kms.katalon.core.main.TestCaseExecutor.doExecute(TestCaseExecutor.java:439)
	at com.kms.katalon.core.main.TestCaseExecutor.processExecutionPhase(TestCaseExecutor.java:418)
	at com.kms.katalon.core.main.TestCaseExecutor.accessMainPhase(TestCaseExecutor.java:410)
	at com.kms.katalon.core.main.TestCaseExecutor.execute(TestCaseExecutor.java:285)
	at com.kms.katalon.core.common.CommonExecutor.accessTestCaseMainPhase(CommonExecutor.java:65)
	at com.kms.katalon.core.main.TestSuiteExecutor.accessTestSuiteMainPhase(TestSuiteExecutor.java:148)
	at com.kms.katalon.core.main.TestSuiteExecutor.execute(TestSuiteExecutor.java:106)
	at com.kms.katalon.core.main.TestCaseMain.startTestSuite(TestCaseMain.java:187)
	at com.kms.katalon.core.main.TestCaseMain$startTestSuite$0.call(Unknown Source)
	at TempTestSuite1712747184320.run(TempTestSuite1712747184320.groovy:36)
Caused by: org.openqa.selenium.ElementNotInteractableException: element not interactable
  (Session info: chrome=115.0.5790.110)
Build info: version: '3.141.59', revision: 'e82be7d358', time: '2018-11-14T08:25:53'
System info: host: 'FA28158', ip: '10.0.0.28', os.name: 'Windows 11', os.arch: 'amd64', os.version: '10.0', java.version: '1.8.0_362'
Driver info: com.kms.katalon.selenium.driver.CChromeDriver
Capabilities {acceptInsecureCerts: false, browserName: chrome, browserVersion: 115.0.5790.110, chrome: {chromedriverVersion: 114.0.5735.90 (386bc09e8f4f..., userDataDir: C:\Users\LellKir\AppData\Lo...}, goog:chromeOptions: {debuggerAddress: localhost:56583}, javascriptEnabled: true, networkConnectionEnabled: false, pageLoadStrategy: normal, platform: WINDOWS, platformName: WINDOWS, proxy: Proxy(), setWindowRect: true, strictFileInteractability: false, timeouts: {implicit: 0, pageLoad: 300000, script: 30000}, unhandledPromptBehavior: dismiss and notify, webauthn:extension:credBlob: true, webauthn:extension:largeBlob: true, webauthn:extension:minPinLength: true, webauthn:extension:prf: true, webauthn:virtualAuthenticators: true}
Session ID: 61b841dd730af9375ad881e0992c1769
	at org.openqa.selenium.remote.http.W3CHttpResponseCodec.createException(W3CHttpResponseCodec.java:187)
	at org.openqa.selenium.remote.http.W3CHttpResponseCodec.decode(W3CHttpResponseCodec.java:122)
	at org.openqa.selenium.remote.http.W3CHttpResponseCodec.decode(W3CHttpResponseCodec.java:49)
	at org.openqa.selenium.remote.HttpCommandExecutor.execute(HttpCommandExecutor.java:158)
	at org.openqa.selenium.remote.service.DriverCommandExecutor.execute(DriverCommandExecutor.java:83)
	at org.openqa.selenium.remote.RemoteWebDriver.execute(RemoteWebDriver.java:552)
	at com.kms.katalon.selenium.driver.CChromeDriver.execute(CChromeDriver.java:19)
	at org.openqa.selenium.remote.RemoteWebElement.execute(RemoteWebElement.java:285)
	at org.openqa.selenium.remote.RemoteWebElement.clear(RemoteWebElement.java:124)
	at org.openqa.selenium.support.events.EventFiringWebDriver$EventFiringWebElement.lambda$new$0(EventFiringWebDriver.java:404)
	at com.sun.proxy.$Proxy13.clear(Unknown Source)
	at org.openqa.selenium.support.events.EventFiringWebDriver$EventFiringWebElement.clear(EventFiringWebDriver.java:436)
	at com.kms.katalon.core.webui.keyword.builtin.SetTextKeyword$_setText_closure1.doCall(SetTextKeyword.groovy:53)
	at com.kms.katalon.core.webui.keyword.builtin.SetTextKeyword$_setText_closure1.call(SetTextKeyword.groovy)
	at com.kms.katalon.core.webui.keyword.internal.WebUIKeywordMain.runKeyword(WebUIKeywordMain.groovy:20)
	... 19 more]]></system-err>
   </testsuite>
</testsuites>
