<?xml version="1.0" encoding="UTF-8"?>
<testsuites name="AgencyPortal_SmokeTest_WC" time="4160.798" tests="5" failures="5" errors="0">
   <testsuite name="AgencyPortal_SmokeTest_WC" tests="5" failures="5" errors="0" time="4160.798" skipped="0" timestamp="2024-04-11 23:29:37" hostname="LellKir - FA28158.Hmic.local" id="Test Suites/AgencyPortal_SmokeTest_WC">
      <properties>
         <property name="deviceName" value=""/>
         <property name="devicePlatform" value=""/>
         <property name="logFolder" value="C:\\Users\\LellKir\\git\\HMIC-Portal\\HMIC-Portal\\HMIC-Portal\\HMIC-Portal\\HMIC-Portal\\HMIC-Portal\\Reports\\20240411_232922\\AgencyPortal_SmokeTest_WC\\20240411_232922"/>
         <property name="logFiles" value="C:\\Users\\LellKir\\git\\HMIC-Portal\\HMIC-Portal\\HMIC-Portal\\HMIC-Portal\\HMIC-Portal\\HMIC-Portal\\Reports\\20240411_232922\\AgencyPortal_SmokeTest_WC\\20240411_232922\\execution0.log"/>
         <property name="attachments" value="C:\\Users\\LellKir\\git\\HMIC-Portal\\HMIC-Portal\\HMIC-Portal\\HMIC-Portal\\HMIC-Portal\\HMIC-Portal\\Reports\\20240411_232922\\AgencyPortal_SmokeTest_WC\\20240411_232922\\1712892583979.png, C:\\Users\\LellKir\\git\\HMIC-Portal\\HMIC-Portal\\HMIC-Portal\\HMIC-Portal\\HMIC-Portal\\HMIC-Portal\\Reports\\20240411_232922\\AgencyPortal_SmokeTest_WC\\20240411_232922\\1712892604178.png, C:\\Users\\LellKir\\git\\HMIC-Portal\\HMIC-Portal\\HMIC-Portal\\HMIC-Portal\\HMIC-Portal\\HMIC-Portal\\Reports\\20240411_232922\\AgencyPortal_SmokeTest_WC\\20240411_232922\\1712892638367.png, C:\\Users\\LellKir\\git\\HMIC-Portal\\HMIC-Portal\\HMIC-Portal\\HMIC-Portal\\HMIC-Portal\\HMIC-Portal\\Reports\\20240411_232922\\AgencyPortal_SmokeTest_WC\\20240411_232922\\1712892640382.png, C:\\Users\\LellKir\\git\\HMIC-Portal\\HMIC-Portal\\HMIC-Portal\\HMIC-Portal\\HMIC-Portal\\HMIC-Portal\\Reports\\20240411_232922\\AgencyPortal_SmokeTest_WC\\20240411_232922\\1712892642072.png, C:\\Users\\LellKir\\git\\HMIC-Portal\\HMIC-Portal\\HMIC-Portal\\HMIC-Portal\\HMIC-Portal\\HMIC-Portal\\Reports\\20240411_232922\\AgencyPortal_SmokeTest_WC\\20240411_232922\\1712892656588.png, C:\\Users\\LellKir\\git\\HMIC-Portal\\HMIC-Portal\\HMIC-Portal\\HMIC-Portal\\HMIC-Portal\\HMIC-Portal\\Reports\\20240411_232922\\AgencyPortal_SmokeTest_WC\\20240411_232922\\1712892868204.png, C:\\Users\\LellKir\\git\\HMIC-Portal\\HMIC-Portal\\HMIC-Portal\\HMIC-Portal\\HMIC-Portal\\HMIC-Portal\\Reports\\20240411_232922\\AgencyPortal_SmokeTest_WC\\20240411_232922\\1712892890609.png, C:\\Users\\LellKir\\git\\HMIC-Portal\\HMIC-Portal\\HMIC-Portal\\HMIC-Portal\\HMIC-Portal\\HMIC-Portal\\Reports\\20240411_232922\\AgencyPortal_SmokeTest_WC\\20240411_232922\\1712892913864.png, C:\\Users\\LellKir\\git\\HMIC-Portal\\HMIC-Portal\\HMIC-Portal\\HMIC-Portal\\HMIC-Portal\\HMIC-Portal\\Reports\\20240411_232922\\AgencyPortal_SmokeTest_WC\\20240411_232922\\1712892946434.png, C:\\Users\\LellKir\\git\\HMIC-Portal\\HMIC-Portal\\HMIC-Portal\\HMIC-Portal\\HMIC-Portal\\HMIC-Portal\\Reports\\20240411_232922\\AgencyPortal_SmokeTest_WC\\20240411_232922\\1712892974432.png, C:\\Users\\LellKir\\git\\HMIC-Portal\\HMIC-Portal\\HMIC-Portal\\HMIC-Portal\\HMIC-Portal\\HMIC-Portal\\Reports\\20240411_232922\\AgencyPortal_SmokeTest_WC\\20240411_232922\\1712892998049.png, C:\\Users\\LellKir\\git\\HMIC-Portal\\HMIC-Portal\\HMIC-Portal\\HMIC-Portal\\HMIC-Portal\\HMIC-Portal\\Reports\\20240411_232922\\AgencyPortal_SmokeTest_WC\\20240411_232922\\1712893002802.png, C:\\Users\\LellKir\\git\\HMIC-Portal\\HMIC-Portal\\HMIC-Portal\\HMIC-Portal\\HMIC-Portal\\HMIC-Portal\\Reports\\20240411_232922\\AgencyPortal_SmokeTest_WC\\20240411_232922\\1712893004348.png, C:\\Users\\LellKir\\git\\HMIC-Portal\\HMIC-Portal\\HMIC-Portal\\HMIC-Portal\\HMIC-Portal\\HMIC-Portal\\Reports\\20240411_232922\\AgencyPortal_SmokeTest_WC\\20240411_232922\\1712893040707.png, C:\\Users\\LellKir\\git\\HMIC-Portal\\HMIC-Portal\\HMIC-Portal\\HMIC-Portal\\HMIC-Portal\\HMIC-Portal\\Reports\\20240411_232922\\AgencyPortal_SmokeTest_WC\\20240411_232922\\1712893042577.png, C:\\Users\\LellKir\\git\\HMIC-Portal\\HMIC-Portal\\HMIC-Portal\\HMIC-Portal\\HMIC-Portal\\HMIC-Portal\\Reports\\20240411_232922\\AgencyPortal_SmokeTest_WC\\20240411_232922\\1712893044062.png, C:\\Users\\LellKir\\git\\HMIC-Portal\\HMIC-Portal\\HMIC-Portal\\HMIC-Portal\\HMIC-Portal\\HMIC-Portal\\Reports\\20240411_232922\\AgencyPortal_SmokeTest_WC\\20240411_232922\\1712894857825.png, C:\\Users\\LellKir\\git\\HMIC-Portal\\HMIC-Portal\\HMIC-Portal\\HMIC-Portal\\HMIC-Portal\\HMIC-Portal\\Reports\\20240411_232922\\AgencyPortal_SmokeTest_WC\\20240411_232922\\1712894869609.png, C:\\Users\\LellKir\\git\\HMIC-Portal\\HMIC-Portal\\HMIC-Portal\\HMIC-Portal\\HMIC-Portal\\HMIC-Portal\\Reports\\20240411_232922\\AgencyPortal_SmokeTest_WC\\20240411_232922\\1712894873247.png, C:\\Users\\LellKir\\git\\HMIC-Portal\\HMIC-Portal\\HMIC-Portal\\HMIC-Portal\\HMIC-Portal\\HMIC-Portal\\Reports\\20240411_232922\\AgencyPortal_SmokeTest_WC\\20240411_232922\\1712894888353.png, C:\\Users\\LellKir\\git\\HMIC-Portal\\HMIC-Portal\\HMIC-Portal\\HMIC-Portal\\HMIC-Portal\\HMIC-Portal\\Reports\\20240411_232922\\AgencyPortal_SmokeTest_WC\\20240411_232922\\1712894922592.png, C:\\Users\\LellKir\\git\\HMIC-Portal\\HMIC-Portal\\HMIC-Portal\\HMIC-Portal\\HMIC-Portal\\HMIC-Portal\\Reports\\20240411_232922\\AgencyPortal_SmokeTest_WC\\20240411_232922\\1712894924344.png, C:\\Users\\LellKir\\git\\HMIC-Portal\\HMIC-Portal\\HMIC-Portal\\HMIC-Portal\\HMIC-Portal\\HMIC-Portal\\Reports\\20240411_232922\\AgencyPortal_SmokeTest_WC\\20240411_232922\\1712894925876.png, C:\\Users\\LellKir\\git\\HMIC-Portal\\HMIC-Portal\\HMIC-Portal\\HMIC-Portal\\HMIC-Portal\\HMIC-Portal\\Reports\\20240411_232922\\AgencyPortal_SmokeTest_WC\\20240411_232922\\1712894931031.png, C:\\Users\\LellKir\\git\\HMIC-Portal\\HMIC-Portal\\HMIC-Portal\\HMIC-Portal\\HMIC-Portal\\HMIC-Portal\\Reports\\20240411_232922\\AgencyPortal_SmokeTest_WC\\20240411_232922\\1712895140213.png, C:\\Users\\LellKir\\git\\HMIC-Portal\\HMIC-Portal\\HMIC-Portal\\HMIC-Portal\\HMIC-Portal\\HMIC-Portal\\Reports\\20240411_232922\\AgencyPortal_SmokeTest_WC\\20240411_232922\\1712895163141.png, C:\\Users\\LellKir\\git\\HMIC-Portal\\HMIC-Portal\\HMIC-Portal\\HMIC-Portal\\HMIC-Portal\\HMIC-Portal\\Reports\\20240411_232922\\AgencyPortal_SmokeTest_WC\\20240411_232922\\1712895194140.png, C:\\Users\\LellKir\\git\\HMIC-Portal\\HMIC-Portal\\HMIC-Portal\\HMIC-Portal\\HMIC-Portal\\HMIC-Portal\\Reports\\20240411_232922\\AgencyPortal_SmokeTest_WC\\20240411_232922\\1712895223432.png, C:\\Users\\LellKir\\git\\HMIC-Portal\\HMIC-Portal\\HMIC-Portal\\HMIC-Portal\\HMIC-Portal\\HMIC-Portal\\Reports\\20240411_232922\\AgencyPortal_SmokeTest_WC\\20240411_232922\\1712895247957.png, C:\\Users\\LellKir\\git\\HMIC-Portal\\HMIC-Portal\\HMIC-Portal\\HMIC-Portal\\HMIC-Portal\\HMIC-Portal\\Reports\\20240411_232922\\AgencyPortal_SmokeTest_WC\\20240411_232922\\1712895270065.png, C:\\Users\\LellKir\\git\\HMIC-Portal\\HMIC-Portal\\HMIC-Portal\\HMIC-Portal\\HMIC-Portal\\HMIC-Portal\\Reports\\20240411_232922\\AgencyPortal_SmokeTest_WC\\20240411_232922\\1712895274848.png, C:\\Users\\LellKir\\git\\HMIC-Portal\\HMIC-Portal\\HMIC-Portal\\HMIC-Portal\\HMIC-Portal\\HMIC-Portal\\Reports\\20240411_232922\\AgencyPortal_SmokeTest_WC\\20240411_232922\\1712895276476.png, C:\\Users\\LellKir\\git\\HMIC-Portal\\HMIC-Portal\\HMIC-Portal\\HMIC-Portal\\HMIC-Portal\\HMIC-Portal\\Reports\\20240411_232922\\AgencyPortal_SmokeTest_WC\\20240411_232922\\1712895310748.png, C:\\Users\\LellKir\\git\\HMIC-Portal\\HMIC-Portal\\HMIC-Portal\\HMIC-Portal\\HMIC-Portal\\HMIC-Portal\\Reports\\20240411_232922\\AgencyPortal_SmokeTest_WC\\20240411_232922\\1712895312610.png, C:\\Users\\LellKir\\git\\HMIC-Portal\\HMIC-Portal\\HMIC-Portal\\HMIC-Portal\\HMIC-Portal\\HMIC-Portal\\Reports\\20240411_232922\\AgencyPortal_SmokeTest_WC\\20240411_232922\\1712895314338.png, C:\\Users\\LellKir\\git\\HMIC-Portal\\HMIC-Portal\\HMIC-Portal\\HMIC-Portal\\HMIC-Portal\\HMIC-Portal\\Reports\\20240411_232922\\AgencyPortal_SmokeTest_WC\\20240411_232922\\1712895320963.png, C:\\Users\\LellKir\\git\\HMIC-Portal\\HMIC-Portal\\HMIC-Portal\\HMIC-Portal\\HMIC-Portal\\HMIC-Portal\\Reports\\20240411_232922\\AgencyPortal_SmokeTest_WC\\20240411_232922\\1712895336626.png, C:\\Users\\LellKir\\git\\HMIC-Portal\\HMIC-Portal\\HMIC-Portal\\HMIC-Portal\\HMIC-Portal\\HMIC-Portal\\Reports\\20240411_232922\\AgencyPortal_SmokeTest_WC\\20240411_232922\\1712895339231.png, C:\\Users\\LellKir\\git\\HMIC-Portal\\HMIC-Portal\\HMIC-Portal\\HMIC-Portal\\HMIC-Portal\\HMIC-Portal\\Reports\\20240411_232922\\AgencyPortal_SmokeTest_WC\\20240411_232922\\1712895343794.png, C:\\Users\\LellKir\\git\\HMIC-Portal\\HMIC-Portal\\HMIC-Portal\\HMIC-Portal\\HMIC-Portal\\HMIC-Portal\\Reports\\20240411_232922\\AgencyPortal_SmokeTest_WC\\20240411_232922\\1712895346716.png, C:\\Users\\LellKir\\git\\HMIC-Portal\\HMIC-Portal\\HMIC-Portal\\HMIC-Portal\\HMIC-Portal\\HMIC-Portal\\Reports\\20240411_232922\\AgencyPortal_SmokeTest_WC\\20240411_232922\\1712895346912.png, C:\\Users\\LellKir\\git\\HMIC-Portal\\HMIC-Portal\\HMIC-Portal\\HMIC-Portal\\HMIC-Portal\\HMIC-Portal\\Reports\\20240411_232922\\AgencyPortal_SmokeTest_WC\\20240411_232922\\1712895381241.png, C:\\Users\\LellKir\\git\\HMIC-Portal\\HMIC-Portal\\HMIC-Portal\\HMIC-Portal\\HMIC-Portal\\HMIC-Portal\\Reports\\20240411_232922\\AgencyPortal_SmokeTest_WC\\20240411_232922\\1712895414997.png, C:\\Users\\LellKir\\git\\HMIC-Portal\\HMIC-Portal\\HMIC-Portal\\HMIC-Portal\\HMIC-Portal\\HMIC-Portal\\Reports\\20240411_232922\\AgencyPortal_SmokeTest_WC\\20240411_232922\\1712895448661.png, C:\\Users\\LellKir\\git\\HMIC-Portal\\HMIC-Portal\\HMIC-Portal\\HMIC-Portal\\HMIC-Portal\\HMIC-Portal\\Reports\\20240411_232922\\AgencyPortal_SmokeTest_WC\\20240411_232922\\1712895448794.png, C:\\Users\\LellKir\\git\\HMIC-Portal\\HMIC-Portal\\HMIC-Portal\\HMIC-Portal\\HMIC-Portal\\HMIC-Portal\\Reports\\20240411_232922\\AgencyPortal_SmokeTest_WC\\20240411_232922\\1712895451083.png, C:\\Users\\LellKir\\git\\HMIC-Portal\\HMIC-Portal\\HMIC-Portal\\HMIC-Portal\\HMIC-Portal\\HMIC-Portal\\Reports\\20240411_232922\\AgencyPortal_SmokeTest_WC\\20240411_232922\\1712895456234.png, C:\\Users\\LellKir\\git\\HMIC-Portal\\HMIC-Portal\\HMIC-Portal\\HMIC-Portal\\HMIC-Portal\\HMIC-Portal\\Reports\\20240411_232922\\AgencyPortal_SmokeTest_WC\\20240411_232922\\1712895467767.png, C:\\Users\\LellKir\\git\\HMIC-Portal\\HMIC-Portal\\HMIC-Portal\\HMIC-Portal\\HMIC-Portal\\HMIC-Portal\\Reports\\20240411_232922\\AgencyPortal_SmokeTest_WC\\20240411_232922\\1712895502005.png, C:\\Users\\LellKir\\git\\HMIC-Portal\\HMIC-Portal\\HMIC-Portal\\HMIC-Portal\\HMIC-Portal\\HMIC-Portal\\Reports\\20240411_232922\\AgencyPortal_SmokeTest_WC\\20240411_232922\\1712895503811.png, C:\\Users\\LellKir\\git\\HMIC-Portal\\HMIC-Portal\\HMIC-Portal\\HMIC-Portal\\HMIC-Portal\\HMIC-Portal\\Reports\\20240411_232922\\AgencyPortal_SmokeTest_WC\\20240411_232922\\1712895505470.png, C:\\Users\\LellKir\\git\\HMIC-Portal\\HMIC-Portal\\HMIC-Portal\\HMIC-Portal\\HMIC-Portal\\HMIC-Portal\\Reports\\20240411_232922\\AgencyPortal_SmokeTest_WC\\20240411_232922\\1712895509166.png, C:\\Users\\LellKir\\git\\HMIC-Portal\\HMIC-Portal\\HMIC-Portal\\HMIC-Portal\\HMIC-Portal\\HMIC-Portal\\Reports\\20240411_232922\\AgencyPortal_SmokeTest_WC\\20240411_232922\\1712895717562.png, C:\\Users\\LellKir\\git\\HMIC-Portal\\HMIC-Portal\\HMIC-Portal\\HMIC-Portal\\HMIC-Portal\\HMIC-Portal\\Reports\\20240411_232922\\AgencyPortal_SmokeTest_WC\\20240411_232922\\1712895721295.png, C:\\Users\\LellKir\\git\\HMIC-Portal\\HMIC-Portal\\HMIC-Portal\\HMIC-Portal\\HMIC-Portal\\HMIC-Portal\\Reports\\20240411_232922\\AgencyPortal_SmokeTest_WC\\20240411_232922\\1712895732168.png, C:\\Users\\LellKir\\git\\HMIC-Portal\\HMIC-Portal\\HMIC-Portal\\HMIC-Portal\\HMIC-Portal\\HMIC-Portal\\Reports\\20240411_232922\\AgencyPortal_SmokeTest_WC\\20240411_232922\\1712895766404.png, C:\\Users\\LellKir\\git\\HMIC-Portal\\HMIC-Portal\\HMIC-Portal\\HMIC-Portal\\HMIC-Portal\\HMIC-Portal\\Reports\\20240411_232922\\AgencyPortal_SmokeTest_WC\\20240411_232922\\1712895768212.png, C:\\Users\\LellKir\\git\\HMIC-Portal\\HMIC-Portal\\HMIC-Portal\\HMIC-Portal\\HMIC-Portal\\HMIC-Portal\\Reports\\20240411_232922\\AgencyPortal_SmokeTest_WC\\20240411_232922\\1712895769861.png, C:\\Users\\LellKir\\git\\HMIC-Portal\\HMIC-Portal\\HMIC-Portal\\HMIC-Portal\\HMIC-Portal\\HMIC-Portal\\Reports\\20240411_232922\\AgencyPortal_SmokeTest_WC\\20240411_232922\\1712895774157.png, C:\\Users\\LellKir\\git\\HMIC-Portal\\HMIC-Portal\\HMIC-Portal\\HMIC-Portal\\HMIC-Portal\\HMIC-Portal\\Reports\\20240411_232922\\AgencyPortal_SmokeTest_WC\\20240411_232922\\1712895902237.png, C:\\Users\\LellKir\\git\\HMIC-Portal\\HMIC-Portal\\HMIC-Portal\\HMIC-Portal\\HMIC-Portal\\HMIC-Portal\\Reports\\20240411_232922\\AgencyPortal_SmokeTest_WC\\20240411_232922\\1712895935866.png, C:\\Users\\LellKir\\git\\HMIC-Portal\\HMIC-Portal\\HMIC-Portal\\HMIC-Portal\\HMIC-Portal\\HMIC-Portal\\Reports\\20240411_232922\\AgencyPortal_SmokeTest_WC\\20240411_232922\\1712895939505.png, C:\\Users\\LellKir\\git\\HMIC-Portal\\HMIC-Portal\\HMIC-Portal\\HMIC-Portal\\HMIC-Portal\\HMIC-Portal\\Reports\\20240411_232922\\AgencyPortal_SmokeTest_WC\\20240411_232922\\1712895959481.png, C:\\Users\\LellKir\\git\\HMIC-Portal\\HMIC-Portal\\HMIC-Portal\\HMIC-Portal\\HMIC-Portal\\HMIC-Portal\\Reports\\20240411_232922\\AgencyPortal_SmokeTest_WC\\20240411_232922\\1712895980811.png, C:\\Users\\LellKir\\git\\HMIC-Portal\\HMIC-Portal\\HMIC-Portal\\HMIC-Portal\\HMIC-Portal\\HMIC-Portal\\Reports\\20240411_232922\\AgencyPortal_SmokeTest_WC\\20240411_232922\\1712896016391.png, C:\\Users\\LellKir\\git\\HMIC-Portal\\HMIC-Portal\\HMIC-Portal\\HMIC-Portal\\HMIC-Portal\\HMIC-Portal\\Reports\\20240411_232922\\AgencyPortal_SmokeTest_WC\\20240411_232922\\1712896039618.png, C:\\Users\\LellKir\\git\\HMIC-Portal\\HMIC-Portal\\HMIC-Portal\\HMIC-Portal\\HMIC-Portal\\HMIC-Portal\\Reports\\20240411_232922\\AgencyPortal_SmokeTest_WC\\20240411_232922\\1712896059296.png, C:\\Users\\LellKir\\git\\HMIC-Portal\\HMIC-Portal\\HMIC-Portal\\HMIC-Portal\\HMIC-Portal\\HMIC-Portal\\Reports\\20240411_232922\\AgencyPortal_SmokeTest_WC\\20240411_232922\\1712896063082.png, C:\\Users\\LellKir\\git\\HMIC-Portal\\HMIC-Portal\\HMIC-Portal\\HMIC-Portal\\HMIC-Portal\\HMIC-Portal\\Reports\\20240411_232922\\AgencyPortal_SmokeTest_WC\\20240411_232922\\1712896064479.png, C:\\Users\\LellKir\\git\\HMIC-Portal\\HMIC-Portal\\HMIC-Portal\\HMIC-Portal\\HMIC-Portal\\HMIC-Portal\\Reports\\20240411_232922\\AgencyPortal_SmokeTest_WC\\20240411_232922\\1712896098380.png, C:\\Users\\LellKir\\git\\HMIC-Portal\\HMIC-Portal\\HMIC-Portal\\HMIC-Portal\\HMIC-Portal\\HMIC-Portal\\Reports\\20240411_232922\\AgencyPortal_SmokeTest_WC\\20240411_232922\\1712896100227.png, C:\\Users\\LellKir\\git\\HMIC-Portal\\HMIC-Portal\\HMIC-Portal\\HMIC-Portal\\HMIC-Portal\\HMIC-Portal\\Reports\\20240411_232922\\AgencyPortal_SmokeTest_WC\\20240411_232922\\1712896101795.png, C:\\Users\\LellKir\\git\\HMIC-Portal\\HMIC-Portal\\HMIC-Portal\\HMIC-Portal\\HMIC-Portal\\HMIC-Portal\\Reports\\20240411_232922\\AgencyPortal_SmokeTest_WC\\20240411_232922\\1712896107342.png, C:\\Users\\LellKir\\git\\HMIC-Portal\\HMIC-Portal\\HMIC-Portal\\HMIC-Portal\\HMIC-Portal\\HMIC-Portal\\Reports\\20240411_232922\\AgencyPortal_SmokeTest_WC\\20240411_232922\\1712896120532.png, C:\\Users\\LellKir\\git\\HMIC-Portal\\HMIC-Portal\\HMIC-Portal\\HMIC-Portal\\HMIC-Portal\\HMIC-Portal\\Reports\\20240411_232922\\AgencyPortal_SmokeTest_WC\\20240411_232922\\1712896123083.png, C:\\Users\\LellKir\\git\\HMIC-Portal\\HMIC-Portal\\HMIC-Portal\\HMIC-Portal\\HMIC-Portal\\HMIC-Portal\\Reports\\20240411_232922\\AgencyPortal_SmokeTest_WC\\20240411_232922\\1712896126974.png, C:\\Users\\LellKir\\git\\HMIC-Portal\\HMIC-Portal\\HMIC-Portal\\HMIC-Portal\\HMIC-Portal\\HMIC-Portal\\Reports\\20240411_232922\\AgencyPortal_SmokeTest_WC\\20240411_232922\\1712896129675.png, C:\\Users\\LellKir\\git\\HMIC-Portal\\HMIC-Portal\\HMIC-Portal\\HMIC-Portal\\HMIC-Portal\\HMIC-Portal\\Reports\\20240411_232922\\AgencyPortal_SmokeTest_WC\\20240411_232922\\1712896129855.png, C:\\Users\\LellKir\\git\\HMIC-Portal\\HMIC-Portal\\HMIC-Portal\\HMIC-Portal\\HMIC-Portal\\HMIC-Portal\\Reports\\20240411_232922\\AgencyPortal_SmokeTest_WC\\20240411_232922\\1712896163969.png, C:\\Users\\LellKir\\git\\HMIC-Portal\\HMIC-Portal\\HMIC-Portal\\HMIC-Portal\\HMIC-Portal\\HMIC-Portal\\Reports\\20240411_232922\\AgencyPortal_SmokeTest_WC\\20240411_232922\\1712896197578.png, C:\\Users\\LellKir\\git\\HMIC-Portal\\HMIC-Portal\\HMIC-Portal\\HMIC-Portal\\HMIC-Portal\\HMIC-Portal\\Reports\\20240411_232922\\AgencyPortal_SmokeTest_WC\\20240411_232922\\1712896231210.png, C:\\Users\\LellKir\\git\\HMIC-Portal\\HMIC-Portal\\HMIC-Portal\\HMIC-Portal\\HMIC-Portal\\HMIC-Portal\\Reports\\20240411_232922\\AgencyPortal_SmokeTest_WC\\20240411_232922\\1712896231313.png, C:\\Users\\LellKir\\git\\HMIC-Portal\\HMIC-Portal\\HMIC-Portal\\HMIC-Portal\\HMIC-Portal\\HMIC-Portal\\Reports\\20240411_232922\\AgencyPortal_SmokeTest_WC\\20240411_232922\\1712896233075.png, C:\\Users\\LellKir\\git\\HMIC-Portal\\HMIC-Portal\\HMIC-Portal\\HMIC-Portal\\HMIC-Portal\\HMIC-Portal\\Reports\\20240411_232922\\AgencyPortal_SmokeTest_WC\\20240411_232922\\1712896235846.png, C:\\Users\\LellKir\\git\\HMIC-Portal\\HMIC-Portal\\HMIC-Portal\\HMIC-Portal\\HMIC-Portal\\HMIC-Portal\\Reports\\20240411_232922\\AgencyPortal_SmokeTest_WC\\20240411_232922\\1712896247900.png, C:\\Users\\LellKir\\git\\HMIC-Portal\\HMIC-Portal\\HMIC-Portal\\HMIC-Portal\\HMIC-Portal\\HMIC-Portal\\Reports\\20240411_232922\\AgencyPortal_SmokeTest_WC\\20240411_232922\\1712896281954.png, C:\\Users\\LellKir\\git\\HMIC-Portal\\HMIC-Portal\\HMIC-Portal\\HMIC-Portal\\HMIC-Portal\\HMIC-Portal\\Reports\\20240411_232922\\AgencyPortal_SmokeTest_WC\\20240411_232922\\1712896283702.png, C:\\Users\\LellKir\\git\\HMIC-Portal\\HMIC-Portal\\HMIC-Portal\\HMIC-Portal\\HMIC-Portal\\HMIC-Portal\\Reports\\20240411_232922\\AgencyPortal_SmokeTest_WC\\20240411_232922\\1712896285308.png, C:\\Users\\LellKir\\git\\HMIC-Portal\\HMIC-Portal\\HMIC-Portal\\HMIC-Portal\\HMIC-Portal\\HMIC-Portal\\Reports\\20240411_232922\\AgencyPortal_SmokeTest_WC\\20240411_232922\\1712896289260.png, C:\\Users\\LellKir\\git\\HMIC-Portal\\HMIC-Portal\\HMIC-Portal\\HMIC-Portal\\HMIC-Portal\\HMIC-Portal\\Reports\\20240411_232922\\AgencyPortal_SmokeTest_WC\\20240411_232922\\1712896410690.png, C:\\Users\\LellKir\\git\\HMIC-Portal\\HMIC-Portal\\HMIC-Portal\\HMIC-Portal\\HMIC-Portal\\HMIC-Portal\\Reports\\20240411_232922\\AgencyPortal_SmokeTest_WC\\20240411_232922\\1712896424464.png, C:\\Users\\LellKir\\git\\HMIC-Portal\\HMIC-Portal\\HMIC-Portal\\HMIC-Portal\\HMIC-Portal\\HMIC-Portal\\Reports\\20240411_232922\\AgencyPortal_SmokeTest_WC\\20240411_232922\\1712896437735.png, C:\\Users\\LellKir\\git\\HMIC-Portal\\HMIC-Portal\\HMIC-Portal\\HMIC-Portal\\HMIC-Portal\\HMIC-Portal\\Reports\\20240411_232922\\AgencyPortal_SmokeTest_WC\\20240411_232922\\1712896471407.png, C:\\Users\\LellKir\\git\\HMIC-Portal\\HMIC-Portal\\HMIC-Portal\\HMIC-Portal\\HMIC-Portal\\HMIC-Portal\\Reports\\20240411_232922\\AgencyPortal_SmokeTest_WC\\20240411_232922\\1712896474907.png, C:\\Users\\LellKir\\git\\HMIC-Portal\\HMIC-Portal\\HMIC-Portal\\HMIC-Portal\\HMIC-Portal\\HMIC-Portal\\Reports\\20240411_232922\\AgencyPortal_SmokeTest_WC\\20240411_232922\\1712896486030.png, C:\\Users\\LellKir\\git\\HMIC-Portal\\HMIC-Portal\\HMIC-Portal\\HMIC-Portal\\HMIC-Portal\\HMIC-Portal\\Reports\\20240411_232922\\AgencyPortal_SmokeTest_WC\\20240411_232922\\1712896520211.png, C:\\Users\\LellKir\\git\\HMIC-Portal\\HMIC-Portal\\HMIC-Portal\\HMIC-Portal\\HMIC-Portal\\HMIC-Portal\\Reports\\20240411_232922\\AgencyPortal_SmokeTest_WC\\20240411_232922\\1712896522039.png, C:\\Users\\LellKir\\git\\HMIC-Portal\\HMIC-Portal\\HMIC-Portal\\HMIC-Portal\\HMIC-Portal\\HMIC-Portal\\Reports\\20240411_232922\\AgencyPortal_SmokeTest_WC\\20240411_232922\\1712896523724.png, C:\\Users\\LellKir\\git\\HMIC-Portal\\HMIC-Portal\\HMIC-Portal\\HMIC-Portal\\HMIC-Portal\\HMIC-Portal\\Reports\\20240411_232922\\AgencyPortal_SmokeTest_WC\\20240411_232922\\1712896527421.png, C:\\Users\\LellKir\\git\\HMIC-Portal\\HMIC-Portal\\HMIC-Portal\\HMIC-Portal\\HMIC-Portal\\HMIC-Portal\\Reports\\20240411_232922\\AgencyPortal_SmokeTest_WC\\20240411_232922\\1712896629364.png, C:\\Users\\LellKir\\git\\HMIC-Portal\\HMIC-Portal\\HMIC-Portal\\HMIC-Portal\\HMIC-Portal\\HMIC-Portal\\Reports\\20240411_232922\\AgencyPortal_SmokeTest_WC\\20240411_232922\\1712896650220.png, C:\\Users\\LellKir\\git\\HMIC-Portal\\HMIC-Portal\\HMIC-Portal\\HMIC-Portal\\HMIC-Portal\\HMIC-Portal\\Reports\\20240411_232922\\AgencyPortal_SmokeTest_WC\\20240411_232922\\1712896674897.png, C:\\Users\\LellKir\\git\\HMIC-Portal\\HMIC-Portal\\HMIC-Portal\\HMIC-Portal\\HMIC-Portal\\HMIC-Portal\\Reports\\20240411_232922\\AgencyPortal_SmokeTest_WC\\20240411_232922\\1712896738494.png, C:\\Users\\LellKir\\git\\HMIC-Portal\\HMIC-Portal\\HMIC-Portal\\HMIC-Portal\\HMIC-Portal\\HMIC-Portal\\Reports\\20240411_232922\\AgencyPortal_SmokeTest_WC\\20240411_232922\\1712896738625.png"/>
         <property name="hostName" value="LellKir - FA28158.Hmic.local"/>
         <property name="os" value="Windows 11 64bit"/>
         <property name="katalonVersion" value="8.6.8.208"/>
         <property name="browser" value="Chrome 115.0.0.0"/>
         <property name="hostAddress" value="10.0.0.28"/>
         <property name="sessionId" value="02c9b0ec3d09561799b642787d780ad3"/>
         <property name="seleniumVersion" value="3.141.59"/>
         <property name="proxyInformation" value="ProxyInformation { proxyOption=NO_PROXY, proxyServerType=HTTP, username=, password=********, proxyServerAddress=, proxyServerPort=0, executionList=&quot;&quot;, isApplyToDesiredCapabilities=true }"/>
         <property name="platform" value="Windows 11"/>
      </properties>
      <testcase name="Test Cases/Portal_WorkersCompensation/WC_SmokeTest_AllState/Portal_SmokeTest_IAState" time="2275.884" classname="Test Cases/Portal_WorkersCompensation/WC_SmokeTest_AllState/Portal_SmokeTest_IAState" status="FAILED">
         <failure type="FAILED" message="Test Cases/Portal_WorkersCompensation/WC_SmokeTest_AllState/Portal_SmokeTest_IAState FAILED.
Reason:
com.kms.katalon.core.exception.StepFailedException: Call Test Case 'Test Cases/PolicyCenter_Pages/PC_CommonScreens/PC_Login' failed
	at com.kms.katalon.core.keyword.builtin.CallTestCaseKeyword$_callTestCase_closure1.doCall(CallTestCaseKeyword.groovy:63)
	at com.kms.katalon.core.keyword.builtin.CallTestCaseKeyword$_callTestCase_closure1.call(CallTestCaseKeyword.groovy)
	at com.kms.katalon.core.keyword.internal.KeywordMain.runKeyword(KeywordMain.groovy:75)
	at com.kms.katalon.core.keyword.builtin.CallTestCaseKeyword.callTestCase(CallTestCaseKeyword.groovy:81)
	at com.kms.katalon.core.keyword.builtin.CallTestCaseKeyword.execute(CallTestCaseKeyword.groovy:44)
	at com.kms.katalon.core.keyword.internal.KeywordExecutor.executeKeywordForPlatform(KeywordExecutor.groovy:74)
	at com.kms.katalon.core.keyword.BuiltinKeywords.callTestCase(BuiltinKeywords.groovy:310)
	at Portal_SmokeTest_IAState.run(Portal_SmokeTest_IAState:206)
	at com.kms.katalon.core.main.ScriptEngine.run(ScriptEngine.java:194)
	at com.kms.katalon.core.main.ScriptEngine.runScriptAsRawText(ScriptEngine.java:119)
	at com.kms.katalon.core.main.TestCaseExecutor.runScript(TestCaseExecutor.java:448)
	at com.kms.katalon.core.main.TestCaseExecutor.doExecute(TestCaseExecutor.java:439)
	at com.kms.katalon.core.main.TestCaseExecutor.processExecutionPhase(TestCaseExecutor.java:418)
	at com.kms.katalon.core.main.TestCaseExecutor.accessMainPhase(TestCaseExecutor.java:410)
	at com.kms.katalon.core.main.TestCaseExecutor.execute(TestCaseExecutor.java:285)
	at com.kms.katalon.core.common.CommonExecutor.accessTestCaseMainPhase(CommonExecutor.java:65)
	at com.kms.katalon.core.main.TestSuiteExecutor.accessTestSuiteMainPhase(TestSuiteExecutor.java:148)
	at com.kms.katalon.core.main.TestSuiteExecutor.execute(TestSuiteExecutor.java:106)
	at com.kms.katalon.core.main.TestCaseMain.startTestSuite(TestCaseMain.java:187)
	at com.kms.katalon.core.main.TestCaseMain$startTestSuite$0.call(Unknown Source)
	at TempTestSuite1712892562095.run(TempTestSuite1712892562095.groovy:36)
Caused by: com.kms.katalon.core.exception.StepFailedException: Cannot take screenshot
	at com.kms.katalon.core.webui.keyword.internal.WebUIKeywordMain.stepFailed(WebUIKeywordMain.groovy:64)
	at com.kms.katalon.core.webui.keyword.internal.WebUIKeywordMain.runKeyword(WebUIKeywordMain.groovy:26)
	at com.kms.katalon.core.webui.keyword.builtin.TakeFullPageScreenshotKeyword.takeScreenshot(TakeFullPageScreenshotKeyword.groovy:125)
	at com.kms.katalon.core.webui.keyword.builtin.TakeFullPageScreenshotKeyword.execute(TakeFullPageScreenshotKeyword.groovy:82)
	at com.kms.katalon.core.keyword.internal.KeywordExecutor.executeKeywordForPlatform(KeywordExecutor.groovy:74)
	at com.kms.katalon.core.webui.keyword.WebUiBuiltInKeywords.takeFullPageScreenshot(WebUiBuiltInKeywords.groovy:3283)
	at com.kms.katalon.core.webui.keyword.WebUiBuiltInKeywords$takeFullPageScreenshot$2.call(Unknown Source)
	at PC_Login.run(PC_Login:50)
	at com.kms.katalon.core.main.ScriptEngine.run(ScriptEngine.java:194)
	at com.kms.katalon.core.main.ScriptEngine.runScriptAsRawText(ScriptEngine.java:119)
	at com.kms.katalon.core.main.TestCaseExecutor.runScript(TestCaseExecutor.java:448)
	at com.kms.katalon.core.main.TestCaseExecutor.doExecute(TestCaseExecutor.java:439)
	at com.kms.katalon.core.main.TestCaseExecutor.processExecutionPhase(TestCaseExecutor.java:418)
	at com.kms.katalon.core.main.TestCaseExecutor.accessMainPhase(TestCaseExecutor.java:410)
	at com.kms.katalon.core.main.TestCaseExecutor.execute(TestCaseExecutor.java:285)
	at com.kms.katalon.core.main.TestCaseMain.runTestCase(TestCaseMain.java:144)
	at com.kms.katalon.core.keyword.builtin.CallTestCaseKeyword$_callTestCase_closure1.doCall(CallTestCaseKeyword.groovy:59)
	... 20 more
Caused by: java.lang.RuntimeException: java.lang.reflect.InvocationTargetException
	at com.assertthat.selenium_shutterbug.utils.web.Browser.sendCommand(Browser.java:678)
	at com.assertthat.selenium_shutterbug.utils.web.Browser.takeFullPageScreenshotChromeCommand(Browser.java:549)
	at com.assertthat.selenium_shutterbug.utils.web.Browser.takeFullPageScreenshot(Browser.java:150)
	at com.assertthat.selenium_shutterbug.core.Shutterbug.shootPage(Shutterbug.java:154)
	at com.assertthat.selenium_shutterbug.core.Shutterbug.shootPage(Shutterbug.java:83)
	at com.assertthat.selenium_shutterbug.core.Shutterbug.shootPage(Shutterbug.java:69)
	at com.kms.katalon.core.webui.util.FileUtil.takeFullPageScreenshot(FileUtil.java:86)
	at com.kms.katalon.core.webui.keyword.builtin.TakeFullPageScreenshotKeyword$_takeScreenshot_closure1.doCall(TakeFullPageScreenshotKeyword.groovy:126)
	at com.kms.katalon.core.webui.keyword.builtin.TakeFullPageScreenshotKeyword$_takeScreenshot_closure1.call(TakeFullPageScreenshotKeyword.groovy)
	at com.kms.katalon.core.webui.keyword.internal.WebUIKeywordMain.runKeyword(WebUIKeywordMain.groovy:20)
	at com.kms.katalon.core.webui.keyword.builtin.TakeFullPageScreenshotKeyword.takeScreenshot(TakeFullPageScreenshotKeyword.groovy:125)
	at com.kms.katalon.core.webui.keyword.builtin.TakeFullPageScreenshotKeyword.execute(TakeFullPageScreenshotKeyword.groovy:82)
	at com.kms.katalon.core.keyword.internal.KeywordExecutor.executeKeywordForPlatform(KeywordExecutor.groovy:74)
	at com.kms.katalon.core.webui.keyword.WebUiBuiltInKeywords.takeFullPageScreenshot(WebUiBuiltInKeywords.groovy:3283)
	at com.kms.katalon.core.webui.keyword.WebUiBuiltInKeywords$takeFullPageScreenshot$2.call(Unknown Source)
	at Script1683558651933.run(Script1683558651933.groovy:50)
	at com.kms.katalon.core.main.ScriptEngine.run(ScriptEngine.java:194)
	at com.kms.katalon.core.main.ScriptEngine.runScriptAsRawText(ScriptEngine.java:119)
	at com.kms.katalon.core.main.TestCaseExecutor.runScript(TestCaseExecutor.java:448)
	at com.kms.katalon.core.main.TestCaseExecutor.doExecute(TestCaseExecutor.java:439)
	at com.kms.katalon.core.main.TestCaseExecutor.processExecutionPhase(TestCaseExecutor.java:418)
	at com.kms.katalon.core.main.TestCaseExecutor.accessMainPhase(TestCaseExecutor.java:410)
	at com.kms.katalon.core.main.TestCaseExecutor.execute(TestCaseExecutor.java:285)
	at com.kms.katalon.core.main.TestCaseMain.runTestCase(TestCaseMain.java:144)
	at com.kms.katalon.core.keyword.builtin.CallTestCaseKeyword$_callTestCase_closure1.doCall(CallTestCaseKeyword.groovy:59)
	at com.kms.katalon.core.keyword.builtin.CallTestCaseKeyword$_callTestCase_closure1.call(CallTestCaseKeyword.groovy)
	at com.kms.katalon.core.keyword.internal.KeywordMain.runKeyword(KeywordMain.groovy:75)
	at com.kms.katalon.core.keyword.builtin.CallTestCaseKeyword.callTestCase(CallTestCaseKeyword.groovy:81)
	at com.kms.katalon.core.keyword.builtin.CallTestCaseKeyword.execute(CallTestCaseKeyword.groovy:44)
	at com.kms.katalon.core.keyword.internal.KeywordExecutor.executeKeywordForPlatform(KeywordExecutor.groovy:74)
	at com.kms.katalon.core.keyword.BuiltinKeywords.callTestCase(BuiltinKeywords.groovy:310)
	at Script1689773001064.run(Script1689773001064.groovy:206)
	... 13 more
Caused by: java.lang.reflect.InvocationTargetException
	at com.assertthat.selenium_shutterbug.utils.web.Browser.sendCommand(Browser.java:675)
	... 44 more
Caused by: org.openqa.selenium.TimeoutException: timeout: Timed out receiving message from renderer: 600.000
  (Session info: chrome=115.0.5790.110)
Build info: version: '3.141.59', revision: 'e82be7d358', time: '2018-11-14T08:25:53'
System info: host: 'FA28158', ip: '10.0.0.28', os.name: 'Windows 11', os.arch: 'amd64', os.version: '10.0', java.version: '1.8.0_362'
Driver info: com.kms.katalon.selenium.driver.CChromeDriver
Capabilities {acceptInsecureCerts: false, browserName: chrome, browserVersion: 115.0.5790.110, chrome: {chromedriverVersion: 114.0.5735.90 (386bc09e8f4f..., userDataDir: C:\Users\LellKir\AppData\Lo...}, goog:chromeOptions: {debuggerAddress: localhost:53189}, javascriptEnabled: true, networkConnectionEnabled: false, pageLoadStrategy: normal, platform: WINDOWS, platformName: WINDOWS, proxy: Proxy(), setWindowRect: true, strictFileInteractability: false, timeouts: {implicit: 0, pageLoad: 300000, script: 30000}, unhandledPromptBehavior: dismiss and notify, webauthn:extension:credBlob: true, webauthn:extension:largeBlob: true, webauthn:extension:minPinLength: true, webauthn:extension:prf: true, webauthn:virtualAuthenticators: true}
Session ID: 3b9df8091e4d1f10c0c81b4db8d7c78e
	at org.openqa.selenium.remote.http.W3CHttpResponseCodec.createException(W3CHttpResponseCodec.java:187)
	at org.openqa.selenium.remote.http.W3CHttpResponseCodec.decode(W3CHttpResponseCodec.java:122)
	at org.openqa.selenium.remote.http.W3CHttpResponseCodec.decode(W3CHttpResponseCodec.java:49)
	at org.openqa.selenium.remote.HttpCommandExecutor.execute(HttpCommandExecutor.java:158)
	at org.openqa.selenium.remote.service.DriverCommandExecutor.execute(DriverCommandExecutor.java:83)
	at org.openqa.selenium.remote.RemoteWebDriver.execute(RemoteWebDriver.java:552)
	at com.kms.katalon.selenium.driver.CChromeDriver.execute(CChromeDriver.java:19)
	at com.assertthat.selenium_shutterbug.utils.web.Browser.sendCommand(Browser.java:675)
	at com.assertthat.selenium_shutterbug.utils.web.Browser.takeFullPageScreenshotChromeCommand(Browser.java:549)
	at com.assertthat.selenium_shutterbug.utils.web.Browser.takeFullPageScreenshot(Browser.java:150)
	at com.assertthat.selenium_shutterbug.core.Shutterbug.shootPage(Shutterbug.java:154)
	at com.assertthat.selenium_shutterbug.core.Shutterbug.shootPage(Shutterbug.java:83)
	at com.assertthat.selenium_shutterbug.core.Shutterbug.shootPage(Shutterbug.java:69)
	at com.kms.katalon.core.webui.util.FileUtil.takeFullPageScreenshot(FileUtil.java:86)
	at com.kms.katalon.core.webui.keyword.builtin.TakeFullPageScreenshotKeyword$_takeScreenshot_closure1.doCall(TakeFullPageScreenshotKeyword.groovy:126)
	at com.kms.katalon.core.webui.keyword.builtin.TakeFullPageScreenshotKeyword$_takeScreenshot_closure1.call(TakeFullPageScreenshotKeyword.groovy)
	at com.kms.katalon.core.webui.keyword.internal.WebUIKeywordMain.runKeyword(WebUIKeywordMain.groovy:20)
	at com.kms.katalon.core.webui.keyword.builtin.TakeFullPageScreenshotKeyword.takeScreenshot(TakeFullPageScreenshotKeyword.groovy:125)
	at com.kms.katalon.core.webui.keyword.builtin.TakeFullPageScreenshotKeyword.execute(TakeFullPageScreenshotKeyword.groovy:82)
	at com.kms.katalon.core.keyword.internal.KeywordExecutor.executeKeywordForPlatform(KeywordExecutor.groovy:74)
	at com.kms.katalon.core.webui.keyword.WebUiBuiltInKeywords.takeFullPageScreenshot(WebUiBuiltInKeywords.groovy:3283)
	at com.kms.katalon.core.webui.keyword.WebUiBuiltInKeywords$takeFullPageScreenshot$2.call(Unknown Source)
	at PC_Login.run(PC_Login:50)
	at com.kms.katalon.core.main.ScriptEngine.run(ScriptEngine.java:194)
	at com.kms.katalon.core.main.ScriptEngine.runScriptAsRawText(ScriptEngine.java:119)
	at com.kms.katalon.core.main.TestCaseExecutor.runScript(TestCaseExecutor.java:448)
	at com.kms.katalon.core.main.TestCaseExecutor.doExecute(TestCaseExecutor.java:439)
	at com.kms.katalon.core.main.TestCaseExecutor.processExecutionPhase(TestCaseExecutor.java:418)
	at com.kms.katalon.core.main.TestCaseExecutor.accessMainPhase(TestCaseExecutor.java:410)
	at com.kms.katalon.core.main.TestCaseExecutor.execute(TestCaseExecutor.java:285)
	at com.kms.katalon.core.main.TestCaseMain.runTestCase(TestCaseMain.java:144)
	at com.kms.katalon.core.keyword.builtin.CallTestCaseKeyword$_callTestCase_closure1.doCall(CallTestCaseKeyword.groovy:59)
	at com.kms.katalon.core.keyword.builtin.CallTestCaseKeyword$_callTestCase_closure1.call(CallTestCaseKeyword.groovy)
	at com.kms.katalon.core.keyword.internal.KeywordMain.runKeyword(KeywordMain.groovy:75)
	at com.kms.katalon.core.keyword.builtin.CallTestCaseKeyword.callTestCase(CallTestCaseKeyword.groovy:81)
	at com.kms.katalon.core.keyword.builtin.CallTestCaseKeyword.execute(CallTestCaseKeyword.groovy:44)
	at com.kms.katalon.core.keyword.internal.KeywordExecutor.executeKeywordForPlatform(KeywordExecutor.groovy:74)
	at com.kms.katalon.core.keyword.BuiltinKeywords.callTestCase(BuiltinKeywords.groovy:310)
	at Portal_SmokeTest_IAState.run(Portal_SmokeTest_IAState:206)
	... 13 more
"/>
         <system-out><![CDATA[2024-04-11 23:29:38 - [TEST_CASE][FAILED] - Test Cases/Portal_WorkersCompensation/WC_SmokeTest_AllState/Portal_SmokeTest_IAState: Test Cases/Portal_WorkersCompensation/WC_SmokeTest_AllState/Portal_SmokeTest_IAState FAILED.
Reason:
com.kms.katalon.core.exception.StepFailedException: Call Test Case 'Test Cases/PolicyCenter_Pages/PC_CommonScreens/PC_Login' failed
	at com.kms.katalon.core.keyword.builtin.CallTestCaseKeyword$_callTestCase_closure1.doCall(CallTestCaseKeyword.groovy:63)
	at com.kms.katalon.core.keyword.builtin.CallTestCaseKeyword$_callTestCase_closure1.call(CallTestCaseKeyword.groovy)
	at com.kms.katalon.core.keyword.internal.KeywordMain.runKeyword(KeywordMain.groovy:75)
	at com.kms.katalon.core.keyword.builtin.CallTestCaseKeyword.callTestCase(CallTestCaseKeyword.groovy:81)
	at com.kms.katalon.core.keyword.builtin.CallTestCaseKeyword.execute(CallTestCaseKeyword.groovy:44)
	at com.kms.katalon.core.keyword.internal.KeywordExecutor.executeKeywordForPlatform(KeywordExecutor.groovy:74)
	at com.kms.katalon.core.keyword.BuiltinKeywords.callTestCase(BuiltinKeywords.groovy:310)
	at Portal_SmokeTest_IAState.run(Portal_SmokeTest_IAState:206)
	at com.kms.katalon.core.main.ScriptEngine.run(ScriptEngine.java:194)
	at com.kms.katalon.core.main.ScriptEngine.runScriptAsRawText(ScriptEngine.java:119)
	at com.kms.katalon.core.main.TestCaseExecutor.runScript(TestCaseExecutor.java:448)
	at com.kms.katalon.core.main.TestCaseExecutor.doExecute(TestCaseExecutor.java:439)
	at com.kms.katalon.core.main.TestCaseExecutor.processExecutionPhase(TestCaseExecutor.java:418)
	at com.kms.katalon.core.main.TestCaseExecutor.accessMainPhase(TestCaseExecutor.java:410)
	at com.kms.katalon.core.main.TestCaseExecutor.execute(TestCaseExecutor.java:285)
	at com.kms.katalon.core.common.CommonExecutor.accessTestCaseMainPhase(CommonExecutor.java:65)
	at com.kms.katalon.core.main.TestSuiteExecutor.accessTestSuiteMainPhase(TestSuiteExecutor.java:148)
	at com.kms.katalon.core.main.TestSuiteExecutor.execute(TestSuiteExecutor.java:106)
	at com.kms.katalon.core.main.TestCaseMain.startTestSuite(TestCaseMain.java:187)
	at com.kms.katalon.core.main.TestCaseMain$startTestSuite$0.call(Unknown Source)
	at TempTestSuite1712892562095.run(TempTestSuite1712892562095.groovy:36)
Caused by: com.kms.katalon.core.exception.StepFailedException: Cannot take screenshot
	at com.kms.katalon.core.webui.keyword.internal.WebUIKeywordMain.stepFailed(WebUIKeywordMain.groovy:64)
	at com.kms.katalon.core.webui.keyword.internal.WebUIKeywordMain.runKeyword(WebUIKeywordMain.groovy:26)
	at com.kms.katalon.core.webui.keyword.builtin.TakeFullPageScreenshotKeyword.takeScreenshot(TakeFullPageScreenshotKeyword.groovy:125)
	at com.kms.katalon.core.webui.keyword.builtin.TakeFullPageScreenshotKeyword.execute(TakeFullPageScreenshotKeyword.groovy:82)
	at com.kms.katalon.core.keyword.internal.KeywordExecutor.executeKeywordForPlatform(KeywordExecutor.groovy:74)
	at com.kms.katalon.core.webui.keyword.WebUiBuiltInKeywords.takeFullPageScreenshot(WebUiBuiltInKeywords.groovy:3283)
	at com.kms.katalon.core.webui.keyword.WebUiBuiltInKeywords$takeFullPageScreenshot$2.call(Unknown Source)
	at PC_Login.run(PC_Login:50)
	at com.kms.katalon.core.main.ScriptEngine.run(ScriptEngine.java:194)
	at com.kms.katalon.core.main.ScriptEngine.runScriptAsRawText(ScriptEngine.java:119)
	at com.kms.katalon.core.main.TestCaseExecutor.runScript(TestCaseExecutor.java:448)
	at com.kms.katalon.core.main.TestCaseExecutor.doExecute(TestCaseExecutor.java:439)
	at com.kms.katalon.core.main.TestCaseExecutor.processExecutionPhase(TestCaseExecutor.java:418)
	at com.kms.katalon.core.main.TestCaseExecutor.accessMainPhase(TestCaseExecutor.java:410)
	at com.kms.katalon.core.main.TestCaseExecutor.execute(TestCaseExecutor.java:285)
	at com.kms.katalon.core.main.TestCaseMain.runTestCase(TestCaseMain.java:144)
	at com.kms.katalon.core.keyword.builtin.CallTestCaseKeyword$_callTestCase_closure1.doCall(CallTestCaseKeyword.groovy:59)
	... 20 more
Caused by: java.lang.RuntimeException: java.lang.reflect.InvocationTargetException
	at com.assertthat.selenium_shutterbug.utils.web.Browser.sendCommand(Browser.java:678)
	at com.assertthat.selenium_shutterbug.utils.web.Browser.takeFullPageScreenshotChromeCommand(Browser.java:549)
	at com.assertthat.selenium_shutterbug.utils.web.Browser.takeFullPageScreenshot(Browser.java:150)
	at com.assertthat.selenium_shutterbug.core.Shutterbug.shootPage(Shutterbug.java:154)
	at com.assertthat.selenium_shutterbug.core.Shutterbug.shootPage(Shutterbug.java:83)
	at com.assertthat.selenium_shutterbug.core.Shutterbug.shootPage(Shutterbug.java:69)
	at com.kms.katalon.core.webui.util.FileUtil.takeFullPageScreenshot(FileUtil.java:86)
	at com.kms.katalon.core.webui.keyword.builtin.TakeFullPageScreenshotKeyword$_takeScreenshot_closure1.doCall(TakeFullPageScreenshotKeyword.groovy:126)
	at com.kms.katalon.core.webui.keyword.builtin.TakeFullPageScreenshotKeyword$_takeScreenshot_closure1.call(TakeFullPageScreenshotKeyword.groovy)
	at com.kms.katalon.core.webui.keyword.internal.WebUIKeywordMain.runKeyword(WebUIKeywordMain.groovy:20)
	at com.kms.katalon.core.webui.keyword.builtin.TakeFullPageScreenshotKeyword.takeScreenshot(TakeFullPageScreenshotKeyword.groovy:125)
	at com.kms.katalon.core.webui.keyword.builtin.TakeFullPageScreenshotKeyword.execute(TakeFullPageScreenshotKeyword.groovy:82)
	at com.kms.katalon.core.keyword.internal.KeywordExecutor.executeKeywordForPlatform(KeywordExecutor.groovy:74)
	at com.kms.katalon.core.webui.keyword.WebUiBuiltInKeywords.takeFullPageScreenshot(WebUiBuiltInKeywords.groovy:3283)
	at com.kms.katalon.core.webui.keyword.WebUiBuiltInKeywords$takeFullPageScreenshot$2.call(Unknown Source)
	at Script1683558651933.run(Script1683558651933.groovy:50)
	at com.kms.katalon.core.main.ScriptEngine.run(ScriptEngine.java:194)
	at com.kms.katalon.core.main.ScriptEngine.runScriptAsRawText(ScriptEngine.java:119)
	at com.kms.katalon.core.main.TestCaseExecutor.runScript(TestCaseExecutor.java:448)
	at com.kms.katalon.core.main.TestCaseExecutor.doExecute(TestCaseExecutor.java:439)
	at com.kms.katalon.core.main.TestCaseExecutor.processExecutionPhase(TestCaseExecutor.java:418)
	at com.kms.katalon.core.main.TestCaseExecutor.accessMainPhase(TestCaseExecutor.java:410)
	at com.kms.katalon.core.main.TestCaseExecutor.execute(TestCaseExecutor.java:285)
	at com.kms.katalon.core.main.TestCaseMain.runTestCase(TestCaseMain.java:144)
	at com.kms.katalon.core.keyword.builtin.CallTestCaseKeyword$_callTestCase_closure1.doCall(CallTestCaseKeyword.groovy:59)
	at com.kms.katalon.core.keyword.builtin.CallTestCaseKeyword$_callTestCase_closure1.call(CallTestCaseKeyword.groovy)
	at com.kms.katalon.core.keyword.internal.KeywordMain.runKeyword(KeywordMain.groovy:75)
	at com.kms.katalon.core.keyword.builtin.CallTestCaseKeyword.callTestCase(CallTestCaseKeyword.groovy:81)
	at com.kms.katalon.core.keyword.builtin.CallTestCaseKeyword.execute(CallTestCaseKeyword.groovy:44)
	at com.kms.katalon.core.keyword.internal.KeywordExecutor.executeKeywordForPlatform(KeywordExecutor.groovy:74)
	at com.kms.katalon.core.keyword.BuiltinKeywords.callTestCase(BuiltinKeywords.groovy:310)
	at Script1689773001064.run(Script1689773001064.groovy:206)
	... 13 more
Caused by: java.lang.reflect.InvocationTargetException
	at com.assertthat.selenium_shutterbug.utils.web.Browser.sendCommand(Browser.java:675)
	... 44 more
Caused by: org.openqa.selenium.TimeoutException: timeout: Timed out receiving message from renderer: 600.000
  (Session info: chrome=115.0.5790.110)
Build info: version: '3.141.59', revision: 'e82be7d358', time: '2018-11-14T08:25:53'
System info: host: 'FA28158', ip: '10.0.0.28', os.name: 'Windows 11', os.arch: 'amd64', os.version: '10.0', java.version: '1.8.0_362'
Driver info: com.kms.katalon.selenium.driver.CChromeDriver
Capabilities {acceptInsecureCerts: false, browserName: chrome, browserVersion: 115.0.5790.110, chrome: {chromedriverVersion: 114.0.5735.90 (386bc09e8f4f..., userDataDir: C:\Users\LellKir\AppData\Lo...}, goog:chromeOptions: {debuggerAddress: localhost:53189}, javascriptEnabled: true, networkConnectionEnabled: false, pageLoadStrategy: normal, platform: WINDOWS, platformName: WINDOWS, proxy: Proxy(), setWindowRect: true, strictFileInteractability: false, timeouts: {implicit: 0, pageLoad: 300000, script: 30000}, unhandledPromptBehavior: dismiss and notify, webauthn:extension:credBlob: true, webauthn:extension:largeBlob: true, webauthn:extension:minPinLength: true, webauthn:extension:prf: true, webauthn:virtualAuthenticators: true}
Session ID: 3b9df8091e4d1f10c0c81b4db8d7c78e
	at org.openqa.selenium.remote.http.W3CHttpResponseCodec.createException(W3CHttpResponseCodec.java:187)
	at org.openqa.selenium.remote.http.W3CHttpResponseCodec.decode(W3CHttpResponseCodec.java:122)
	at org.openqa.selenium.remote.http.W3CHttpResponseCodec.decode(W3CHttpResponseCodec.java:49)
	at org.openqa.selenium.remote.HttpCommandExecutor.execute(HttpCommandExecutor.java:158)
	at org.openqa.selenium.remote.service.DriverCommandExecutor.execute(DriverCommandExecutor.java:83)
	at org.openqa.selenium.remote.RemoteWebDriver.execute(RemoteWebDriver.java:552)
	at com.kms.katalon.selenium.driver.CChromeDriver.execute(CChromeDriver.java:19)
	at com.assertthat.selenium_shutterbug.utils.web.Browser.sendCommand(Browser.java:675)
	at com.assertthat.selenium_shutterbug.utils.web.Browser.takeFullPageScreenshotChromeCommand(Browser.java:549)
	at com.assertthat.selenium_shutterbug.utils.web.Browser.takeFullPageScreenshot(Browser.java:150)
	at com.assertthat.selenium_shutterbug.core.Shutterbug.shootPage(Shutterbug.java:154)
	at com.assertthat.selenium_shutterbug.core.Shutterbug.shootPage(Shutterbug.java:83)
	at com.assertthat.selenium_shutterbug.core.Shutterbug.shootPage(Shutterbug.java:69)
	at com.kms.katalon.core.webui.util.FileUtil.takeFullPageScreenshot(FileUtil.java:86)
	at com.kms.katalon.core.webui.keyword.builtin.TakeFullPageScreenshotKeyword$_takeScreenshot_closure1.doCall(TakeFullPageScreenshotKeyword.groovy:126)
	at com.kms.katalon.core.webui.keyword.builtin.TakeFullPageScreenshotKeyword$_takeScreenshot_closure1.call(TakeFullPageScreenshotKeyword.groovy)
	at com.kms.katalon.core.webui.keyword.internal.WebUIKeywordMain.runKeyword(WebUIKeywordMain.groovy:20)
	at com.kms.katalon.core.webui.keyword.builtin.TakeFullPageScreenshotKeyword.takeScreenshot(TakeFullPageScreenshotKeyword.groovy:125)
	at com.kms.katalon.core.webui.keyword.builtin.TakeFullPageScreenshotKeyword.execute(TakeFullPageScreenshotKeyword.groovy:82)
	at com.kms.katalon.core.keyword.internal.KeywordExecutor.executeKeywordForPlatform(KeywordExecutor.groovy:74)
	at com.kms.katalon.core.webui.keyword.WebUiBuiltInKeywords.takeFullPageScreenshot(WebUiBuiltInKeywords.groovy:3283)
	at com.kms.katalon.core.webui.keyword.WebUiBuiltInKeywords$takeFullPageScreenshot$2.call(Unknown Source)
	at PC_Login.run(PC_Login:50)
	at com.kms.katalon.core.main.ScriptEngine.run(ScriptEngine.java:194)
	at com.kms.katalon.core.main.ScriptEngine.runScriptAsRawText(ScriptEngine.java:119)
	at com.kms.katalon.core.main.TestCaseExecutor.runScript(TestCaseExecutor.java:448)
	at com.kms.katalon.core.main.TestCaseExecutor.doExecute(TestCaseExecutor.java:439)
	at com.kms.katalon.core.main.TestCaseExecutor.processExecutionPhase(TestCaseExecutor.java:418)
	at com.kms.katalon.core.main.TestCaseExecutor.accessMainPhase(TestCaseExecutor.java:410)
	at com.kms.katalon.core.main.TestCaseExecutor.execute(TestCaseExecutor.java:285)
	at com.kms.katalon.core.main.TestCaseMain.runTestCase(TestCaseMain.java:144)
	at com.kms.katalon.core.keyword.builtin.CallTestCaseKeyword$_callTestCase_closure1.doCall(CallTestCaseKeyword.groovy:59)
	at com.kms.katalon.core.keyword.builtin.CallTestCaseKeyword$_callTestCase_closure1.call(CallTestCaseKeyword.groovy)
	at com.kms.katalon.core.keyword.internal.KeywordMain.runKeyword(KeywordMain.groovy:75)
	at com.kms.katalon.core.keyword.builtin.CallTestCaseKeyword.callTestCase(CallTestCaseKeyword.groovy:81)
	at com.kms.katalon.core.keyword.builtin.CallTestCaseKeyword.execute(CallTestCaseKeyword.groovy:44)
	at com.kms.katalon.core.keyword.internal.KeywordExecutor.executeKeywordForPlatform(KeywordExecutor.groovy:74)
	at com.kms.katalon.core.keyword.BuiltinKeywords.callTestCase(BuiltinKeywords.groovy:310)
	at Portal_SmokeTest_IAState.run(Portal_SmokeTest_IAState:206)
	... 13 more


2024-04-11 23:29:38 - [TEST_STEP][PASSED] - comment("Portal Smoke Test"): Portal Smoke Test

2024-04-11 23:29:38 - [MESSAGE][INFO] - Portal Smoke Test

2024-04-11 23:29:38 - [TEST_STEP][PASSED] - callTestCase(findTestCase("Portal_Pages/Portal_CommonScreens/Portal_Login"), ["Portal_Username":Portal_Username, "Portal_Password":Portal_Password], STOP_ON_FAILURE): Call Test Case 'Test Cases/Portal_Pages/Portal_CommonScreens/Portal_Login' successfully

2024-04-11 23:29:39 - [TEST_CASE][PASSED] - Test Cases/Portal_Pages/Portal_CommonScreens/Portal_Login: Test Cases/Portal_Pages/Portal_CommonScreens/Portal_Login

2024-04-11 23:29:39 - [TEST_STEP][PASSED] - openBrowser(""): Browser is opened with url: ''

2024-04-11 23:29:40 - [MESSAGE][INFO] - Starting 'Chrome' driver

2024-04-11 23:29:40 - [MESSAGE][INFO] - Action delay is set to 0 milliseconds

2024-04-11 23:29:43 - [MESSAGE][PASSED] - Browser is opened with url: ''

2024-04-11 23:29:43 - [TEST_STEP][PASSED] - deleteAllCookies(): Delete all cookies successfully

2024-04-11 23:29:43 - [MESSAGE][PASSED] - Delete all cookies successfully

2024-04-11 23:29:43 - [TEST_STEP][PASSED] - maximizeWindow(): Current window maximized

2024-04-11 23:29:43 - [MESSAGE][PASSED] - Current window maximized

2024-04-11 23:29:43 - [TEST_STEP][PASSED] - takeFullPageScreenshot(): Taking screenshot successfully

2024-04-11 23:29:44 - [MESSAGE][INFO] - 0 hidden object(s)

2024-04-11 23:29:44 - [MESSAGE][PASSED] - Taking screenshot successfully
[[ATTACHMENT|C:\\Users\\LellKir\\git\\HMIC-Portal\\HMIC-Portal\\HMIC-Portal\\HMIC-Portal\\HMIC-Portal\\HMIC-Portal\\Reports\\20240411_232922\\AgencyPortal_SmokeTest_WC\\20240411_232922\\1712892583979.png]]

2024-04-11 23:29:44 - [TEST_STEP][PASSED] - navigateToUrl(PortalURL): Navigate to 'https://agencyportal.qa1.hastingsmutual.com/Accounts' successfully

2024-04-11 23:30:02 - [MESSAGE][PASSED] - Navigate to 'https://agencyportal.qa1.hastingsmutual.com/Accounts' successfully

2024-04-11 23:30:02 - [TEST_STEP][PASSED] - waitForPageLoad(10): Wait for page load successfully

2024-04-11 23:30:04 - [MESSAGE][PASSED] - Wait for page load successfully

2024-04-11 23:30:04 - [TEST_STEP][PASSED] - takeFullPageScreenshot(): Taking screenshot successfully

2024-04-11 23:30:04 - [MESSAGE][INFO] - 0 hidden object(s)

2024-04-11 23:30:04 - [MESSAGE][PASSED] - Taking screenshot successfully
[[ATTACHMENT|C:\\Users\\LellKir\\git\\HMIC-Portal\\HMIC-Portal\\HMIC-Portal\\HMIC-Portal\\HMIC-Portal\\HMIC-Portal\\Reports\\20240411_232922\\AgencyPortal_SmokeTest_WC\\20240411_232922\\1712892604178.png]]

2024-04-11 23:30:04 - [TEST_STEP][PASSED] - click(findTestObject("Object Repository/PolicyCenter_Login/div_PC_Login_Link_ClickHereToLogin"), OPTIONAL): Unable to click on object 'Object Repository/PolicyCenter_Login/div_PC_Login_Link_ClickHereToLogin' (Root cause: com.kms.katalon.core.exception.StepFailedException: Unable to click on object 'Object Repository/PolicyCenter_Login/div_PC_Login_Link_ClickHereToLogin'
	at com.kms.katalon.core.webui.keyword.internal.WebUIKeywordMain.stepFailed(WebUIKeywordMain.groovy:64)
	at com.kms.katalon.core.webui.keyword.internal.WebUIKeywordMain.runKeyword(WebUIKeywordMain.groovy:26)
	at com.kms.katalon.core.webui.keyword.builtin.ClickKeyword.click(ClickKeyword.groovy:74)
	at com.kms.katalon.core.webui.keyword.builtin.ClickKeyword.execute(ClickKeyword.groovy:40)
	at com.kms.katalon.core.keyword.internal.KeywordExecutor.executeKeywordForPlatform(KeywordExecutor.groovy:74)
	at com.kms.katalon.core.webui.keyword.WebUiBuiltInKeywords.click(WebUiBuiltInKeywords.groovy:608)
	at com.kms.katalon.core.webui.keyword.WebUiBuiltInKeywords$click$5.call(Unknown Source)
	at Portal_Login.run(Portal_Login:34)
	at com.kms.katalon.core.main.ScriptEngine.run(ScriptEngine.java:194)
	at com.kms.katalon.core.main.ScriptEngine.runScriptAsRawText(ScriptEngine.java:119)
	at com.kms.katalon.core.main.TestCaseExecutor.runScript(TestCaseExecutor.java:448)
	at com.kms.katalon.core.main.TestCaseExecutor.doExecute(TestCaseExecutor.java:439)
	at com.kms.katalon.core.main.TestCaseExecutor.processExecutionPhase(TestCaseExecutor.java:418)
	at com.kms.katalon.core.main.TestCaseExecutor.accessMainPhase(TestCaseExecutor.java:410)
	at com.kms.katalon.core.main.TestCaseExecutor.execute(TestCaseExecutor.java:285)
	at com.kms.katalon.core.main.TestCaseMain.runTestCase(TestCaseMain.java:144)
	at com.kms.katalon.core.keyword.builtin.CallTestCaseKeyword$_callTestCase_closure1.doCall(CallTestCaseKeyword.groovy:59)
	at com.kms.katalon.core.keyword.builtin.CallTestCaseKeyword$_callTestCase_closure1.call(CallTestCaseKeyword.groovy)
	at com.kms.katalon.core.keyword.internal.KeywordMain.runKeyword(KeywordMain.groovy:75)
	at com.kms.katalon.core.keyword.builtin.CallTestCaseKeyword.callTestCase(CallTestCaseKeyword.groovy:81)
	at com.kms.katalon.core.keyword.builtin.CallTestCaseKeyword.execute(CallTestCaseKeyword.groovy:44)
	at com.kms.katalon.core.keyword.internal.KeywordExecutor.executeKeywordForPlatform(KeywordExecutor.groovy:74)
	at com.kms.katalon.core.keyword.BuiltinKeywords.callTestCase(BuiltinKeywords.groovy:310)
	at Portal_SmokeTest_IAState.run(Portal_SmokeTest_IAState:22)
	at com.kms.katalon.core.main.ScriptEngine.run(ScriptEngine.java:194)
	at com.kms.katalon.core.main.ScriptEngine.runScriptAsRawText(ScriptEngine.java:119)
	at com.kms.katalon.core.main.TestCaseExecutor.runScript(TestCaseExecutor.java:448)
	at com.kms.katalon.core.main.TestCaseExecutor.doExecute(TestCaseExecutor.java:439)
	at com.kms.katalon.core.main.TestCaseExecutor.processExecutionPhase(TestCaseExecutor.java:418)
	at com.kms.katalon.core.main.TestCaseExecutor.accessMainPhase(TestCaseExecutor.java:410)
	at com.kms.katalon.core.main.TestCaseExecutor.execute(TestCaseExecutor.java:285)
	at com.kms.katalon.core.common.CommonExecutor.accessTestCaseMainPhase(CommonExecutor.java:65)
	at com.kms.katalon.core.main.TestSuiteExecutor.accessTestSuiteMainPhase(TestSuiteExecutor.java:148)
	at com.kms.katalon.core.main.TestSuiteExecutor.execute(TestSuiteExecutor.java:106)
	at com.kms.katalon.core.main.TestCaseMain.startTestSuite(TestCaseMain.java:187)
	at com.kms.katalon.core.main.TestCaseMain$startTestSuite$0.call(Unknown Source)
	at TempTestSuite1712892562095.run(TempTestSuite1712892562095.groovy:36)
Caused by: com.kms.katalon.core.webui.exception.WebElementNotFoundException: Web element with id: 'Object Repository/PolicyCenter_Login/div_PC_Login_Link_ClickHereToLogin' located by '//div[contains(@id,'LoginDetailsInputSet-LoginLink')]' not found
	at com.kms.katalon.core.webui.common.WebUiCommonHelper.findWebElement(WebUiCommonHelper.java:1381)
	at com.kms.katalon.core.webui.keyword.internal.WebUIAbstractKeyword.findWebElement(WebUIAbstractKeyword.groovy:27)
	at com.kms.katalon.core.webui.keyword.builtin.ClickKeyword$_click_closure1.doCall(ClickKeyword.groovy:65)
	at com.kms.katalon.core.webui.keyword.builtin.ClickKeyword$_click_closure1.call(ClickKeyword.groovy)
	at com.kms.katalon.core.webui.keyword.internal.WebUIKeywordMain.runKeyword(WebUIKeywordMain.groovy:20)
	at com.kms.katalon.core.webui.keyword.builtin.ClickKeyword.click(ClickKeyword.groovy:74)
	at com.kms.katalon.core.webui.keyword.builtin.ClickKeyword.execute(ClickKeyword.groovy:40)
	at com.kms.katalon.core.keyword.internal.KeywordExecutor.executeKeywordForPlatform(KeywordExecutor.groovy:74)
	at com.kms.katalon.core.webui.keyword.WebUiBuiltInKeywords.click(WebUiBuiltInKeywords.groovy:608)
	at com.kms.katalon.core.webui.keyword.WebUiBuiltInKeywords$click$5.call(Unknown Source)
	at Script1683558008637.run(Script1683558008637.groovy:34)
	at com.kms.katalon.core.main.ScriptEngine.run(ScriptEngine.java:194)
	at com.kms.katalon.core.main.ScriptEngine.runScriptAsRawText(ScriptEngine.java:119)
	at com.kms.katalon.core.main.TestCaseExecutor.runScript(TestCaseExecutor.java:448)
	at com.kms.katalon.core.main.TestCaseExecutor.doExecute(TestCaseExecutor.java:439)
	at com.kms.katalon.core.main.TestCaseExecutor.processExecutionPhase(TestCaseExecutor.java:418)
	at com.kms.katalon.core.main.TestCaseExecutor.accessMainPhase(TestCaseExecutor.java:410)
	at com.kms.katalon.core.main.TestCaseExecutor.execute(TestCaseExecutor.java:285)
	at com.kms.katalon.core.main.TestCaseMain.runTestCase(TestCaseMain.java:144)
	at com.kms.katalon.core.keyword.builtin.CallTestCaseKeyword$_callTestCase_closure1.doCall(CallTestCaseKeyword.groovy:59)
	at com.kms.katalon.core.keyword.builtin.CallTestCaseKeyword$_callTestCase_closure1.call(CallTestCaseKeyword.groovy)
	at com.kms.katalon.core.keyword.internal.KeywordMain.runKeyword(KeywordMain.groovy:75)
	at com.kms.katalon.core.keyword.builtin.CallTestCaseKeyword.callTestCase(CallTestCaseKeyword.groovy:81)
	at com.kms.katalon.core.keyword.builtin.CallTestCaseKeyword.execute(CallTestCaseKeyword.groovy:44)
	at com.kms.katalon.core.keyword.internal.KeywordExecutor.executeKeywordForPlatform(KeywordExecutor.groovy:74)
	at com.kms.katalon.core.keyword.BuiltinKeywords.callTestCase(BuiltinKeywords.groovy:310)
	at Script1689773001064.run(Script1689773001064.groovy:22)
	... 13 more
)

2024-04-11 23:30:36 - [MESSAGE][INFO] - Unable to find the element located by 'By.xpath: //div[contains(@id,'LoginDetailsInputSet-LoginLink')]'. Please recheck the objects properties to make sure the desired element is located. 

2024-04-11 23:30:36 - [MESSAGE][WARNING] - [SELF-HEALING] Failed to find element with id 'Object Repository/PolicyCenter_Login/div_PC_Login_Link_ClickHereToLogin'. Try using Self-healing.

2024-04-11 23:30:37 - [MESSAGE][INFO] - [SELF-HEALING] No working XPath is found.

2024-04-11 23:30:38 - [MESSAGE][INFO] - Unable to find the element located by 'By.xpath: '. Please recheck the objects properties to make sure the desired element is located. 

2024-04-11 23:30:38 - [MESSAGE][WARNING] - [SELF-HEALING] Cannot find elements when the selector is null

2024-04-11 23:30:38 - [MESSAGE][WARNING] - Unable to click on object 'Object Repository/PolicyCenter_Login/div_PC_Login_Link_ClickHereToLogin' (Root cause: com.kms.katalon.core.exception.StepFailedException: Unable to click on object 'Object Repository/PolicyCenter_Login/div_PC_Login_Link_ClickHereToLogin'
	at com.kms.katalon.core.webui.keyword.internal.WebUIKeywordMain.stepFailed(WebUIKeywordMain.groovy:64)
	at com.kms.katalon.core.webui.keyword.internal.WebUIKeywordMain.runKeyword(WebUIKeywordMain.groovy:26)
	at com.kms.katalon.core.webui.keyword.builtin.ClickKeyword.click(ClickKeyword.groovy:74)
	at com.kms.katalon.core.webui.keyword.builtin.ClickKeyword.execute(ClickKeyword.groovy:40)
	at com.kms.katalon.core.keyword.internal.KeywordExecutor.executeKeywordForPlatform(KeywordExecutor.groovy:74)
	at com.kms.katalon.core.webui.keyword.WebUiBuiltInKeywords.click(WebUiBuiltInKeywords.groovy:608)
	at com.kms.katalon.core.webui.keyword.WebUiBuiltInKeywords$click$5.call(Unknown Source)
	at Portal_Login.run(Portal_Login:34)
	at com.kms.katalon.core.main.ScriptEngine.run(ScriptEngine.java:194)
	at com.kms.katalon.core.main.ScriptEngine.runScriptAsRawText(ScriptEngine.java:119)
	at com.kms.katalon.core.main.TestCaseExecutor.runScript(TestCaseExecutor.java:448)
	at com.kms.katalon.core.main.TestCaseExecutor.doExecute(TestCaseExecutor.java:439)
	at com.kms.katalon.core.main.TestCaseExecutor.processExecutionPhase(TestCaseExecutor.java:418)
	at com.kms.katalon.core.main.TestCaseExecutor.accessMainPhase(TestCaseExecutor.java:410)
	at com.kms.katalon.core.main.TestCaseExecutor.execute(TestCaseExecutor.java:285)
	at com.kms.katalon.core.main.TestCaseMain.runTestCase(TestCaseMain.java:144)
	at com.kms.katalon.core.keyword.builtin.CallTestCaseKeyword$_callTestCase_closure1.doCall(CallTestCaseKeyword.groovy:59)
	at com.kms.katalon.core.keyword.builtin.CallTestCaseKeyword$_callTestCase_closure1.call(CallTestCaseKeyword.groovy)
	at com.kms.katalon.core.keyword.internal.KeywordMain.runKeyword(KeywordMain.groovy:75)
	at com.kms.katalon.core.keyword.builtin.CallTestCaseKeyword.callTestCase(CallTestCaseKeyword.groovy:81)
	at com.kms.katalon.core.keyword.builtin.CallTestCaseKeyword.execute(CallTestCaseKeyword.groovy:44)
	at com.kms.katalon.core.keyword.internal.KeywordExecutor.executeKeywordForPlatform(KeywordExecutor.groovy:74)
	at com.kms.katalon.core.keyword.BuiltinKeywords.callTestCase(BuiltinKeywords.groovy:310)
	at Portal_SmokeTest_IAState.run(Portal_SmokeTest_IAState:22)
	at com.kms.katalon.core.main.ScriptEngine.run(ScriptEngine.java:194)
	at com.kms.katalon.core.main.ScriptEngine.runScriptAsRawText(ScriptEngine.java:119)
	at com.kms.katalon.core.main.TestCaseExecutor.runScript(TestCaseExecutor.java:448)
	at com.kms.katalon.core.main.TestCaseExecutor.doExecute(TestCaseExecutor.java:439)
	at com.kms.katalon.core.main.TestCaseExecutor.processExecutionPhase(TestCaseExecutor.java:418)
	at com.kms.katalon.core.main.TestCaseExecutor.accessMainPhase(TestCaseExecutor.java:410)
	at com.kms.katalon.core.main.TestCaseExecutor.execute(TestCaseExecutor.java:285)
	at com.kms.katalon.core.common.CommonExecutor.accessTestCaseMainPhase(CommonExecutor.java:65)
	at com.kms.katalon.core.main.TestSuiteExecutor.accessTestSuiteMainPhase(TestSuiteExecutor.java:148)
	at com.kms.katalon.core.main.TestSuiteExecutor.execute(TestSuiteExecutor.java:106)
	at com.kms.katalon.core.main.TestCaseMain.startTestSuite(TestCaseMain.java:187)
	at com.kms.katalon.core.main.TestCaseMain$startTestSuite$0.call(Unknown Source)
	at TempTestSuite1712892562095.run(TempTestSuite1712892562095.groovy:36)
Caused by: com.kms.katalon.core.webui.exception.WebElementNotFoundException: Web element with id: 'Object Repository/PolicyCenter_Login/div_PC_Login_Link_ClickHereToLogin' located by '//div[contains(@id,'LoginDetailsInputSet-LoginLink')]' not found
	at com.kms.katalon.core.webui.common.WebUiCommonHelper.findWebElement(WebUiCommonHelper.java:1381)
	at com.kms.katalon.core.webui.keyword.internal.WebUIAbstractKeyword.findWebElement(WebUIAbstractKeyword.groovy:27)
	at com.kms.katalon.core.webui.keyword.builtin.ClickKeyword$_click_closure1.doCall(ClickKeyword.groovy:65)
	at com.kms.katalon.core.webui.keyword.builtin.ClickKeyword$_click_closure1.call(ClickKeyword.groovy)
	at com.kms.katalon.core.webui.keyword.internal.WebUIKeywordMain.runKeyword(WebUIKeywordMain.groovy:20)
	at com.kms.katalon.core.webui.keyword.builtin.ClickKeyword.click(ClickKeyword.groovy:74)
	at com.kms.katalon.core.webui.keyword.builtin.ClickKeyword.execute(ClickKeyword.groovy:40)
	at com.kms.katalon.core.keyword.internal.KeywordExecutor.executeKeywordForPlatform(KeywordExecutor.groovy:74)
	at com.kms.katalon.core.webui.keyword.WebUiBuiltInKeywords.click(WebUiBuiltInKeywords.groovy:608)
	at com.kms.katalon.core.webui.keyword.WebUiBuiltInKeywords$click$5.call(Unknown Source)
	at Script1683558008637.run(Script1683558008637.groovy:34)
	at com.kms.katalon.core.main.ScriptEngine.run(ScriptEngine.java:194)
	at com.kms.katalon.core.main.ScriptEngine.runScriptAsRawText(ScriptEngine.java:119)
	at com.kms.katalon.core.main.TestCaseExecutor.runScript(TestCaseExecutor.java:448)
	at com.kms.katalon.core.main.TestCaseExecutor.doExecute(TestCaseExecutor.java:439)
	at com.kms.katalon.core.main.TestCaseExecutor.processExecutionPhase(TestCaseExecutor.java:418)
	at com.kms.katalon.core.main.TestCaseExecutor.accessMainPhase(TestCaseExecutor.java:410)
	at com.kms.katalon.core.main.TestCaseExecutor.execute(TestCaseExecutor.java:285)
	at com.kms.katalon.core.main.TestCaseMain.runTestCase(TestCaseMain.java:144)
	at com.kms.katalon.core.keyword.builtin.CallTestCaseKeyword$_callTestCase_closure1.doCall(CallTestCaseKeyword.groovy:59)
	at com.kms.katalon.core.keyword.builtin.CallTestCaseKeyword$_callTestCase_closure1.call(CallTestCaseKeyword.groovy)
	at com.kms.katalon.core.keyword.internal.KeywordMain.runKeyword(KeywordMain.groovy:75)
	at com.kms.katalon.core.keyword.builtin.CallTestCaseKeyword.callTestCase(CallTestCaseKeyword.groovy:81)
	at com.kms.katalon.core.keyword.builtin.CallTestCaseKeyword.execute(CallTestCaseKeyword.groovy:44)
	at com.kms.katalon.core.keyword.internal.KeywordExecutor.executeKeywordForPlatform(KeywordExecutor.groovy:74)
	at com.kms.katalon.core.keyword.BuiltinKeywords.callTestCase(BuiltinKeywords.groovy:310)
	at Script1689773001064.run(Script1689773001064.groovy:22)
	... 13 more
)
[[ATTACHMENT|C:\\Users\\LellKir\\git\\HMIC-Portal\\HMIC-Portal\\HMIC-Portal\\HMIC-Portal\\HMIC-Portal\\HMIC-Portal\\Reports\\20240411_232922\\AgencyPortal_SmokeTest_WC\\20240411_232922\\1712892638367.png]]

2024-04-11 23:30:38 - [TEST_STEP][PASSED] - setText(findTestObject("Object Repository/PolicyCenter_Login/input_PC_Login_TextBox_UserName"), Portal_Username): Text 'adminuser2059' is set on object 'Object Repository/PolicyCenter_Login/input_PC_Login_TextBox_UserName'

2024-04-11 23:30:39 - [MESSAGE][PASSED] - Text 'adminuser2059' is set on object 'Object Repository/PolicyCenter_Login/input_PC_Login_TextBox_UserName'

2024-04-11 23:30:39 - [TEST_STEP][PASSED] - setText(findTestObject("Object Repository/PolicyCenter_Login/input_PC_Login_TextBox_Password"), Portal_Password): Text 'Hmic1234' is set on object 'Object Repository/PolicyCenter_Login/input_PC_Login_TextBox_Password'

2024-04-11 23:30:40 - [MESSAGE][PASSED] - Text 'Hmic1234' is set on object 'Object Repository/PolicyCenter_Login/input_PC_Login_TextBox_Password'

2024-04-11 23:30:40 - [TEST_STEP][PASSED] - takeFullPageScreenshot(): Taking screenshot successfully

2024-04-11 23:30:40 - [MESSAGE][INFO] - 0 hidden object(s)

2024-04-11 23:30:41 - [MESSAGE][PASSED] - Taking screenshot successfully
[[ATTACHMENT|C:\\Users\\LellKir\\git\\HMIC-Portal\\HMIC-Portal\\HMIC-Portal\\HMIC-Portal\\HMIC-Portal\\HMIC-Portal\\Reports\\20240411_232922\\AgencyPortal_SmokeTest_WC\\20240411_232922\\1712892640382.png]]

2024-04-11 23:30:41 - [TEST_STEP][PASSED] - waitForElementVisible(findTestObject("PolicyCenter_Login/input_PC_Login_Button_Login"), 20): Object 'Object Repository/PolicyCenter_Login/input_PC_Login_Button_Login' is visible

2024-04-11 23:30:41 - [MESSAGE][PASSED] - Object 'Object Repository/PolicyCenter_Login/input_PC_Login_Button_Login' is visible

2024-04-11 23:30:41 - [TEST_STEP][PASSED] - click(findTestObject("Object Repository/PolicyCenter_Login/input_PC_Login_Button_Login")): Object: 'Object Repository/PolicyCenter_Login/input_PC_Login_Button_Login' is clicked on

2024-04-11 23:30:42 - [MESSAGE][PASSED] - Object: 'Object Repository/PolicyCenter_Login/input_PC_Login_Button_Login' is clicked on

2024-04-11 23:30:42 - [TEST_STEP][PASSED] - takeFullPageScreenshot(): Taking screenshot successfully

2024-04-11 23:30:44 - [MESSAGE][INFO] - 0 hidden object(s)

2024-04-11 23:30:44 - [MESSAGE][PASSED] - Taking screenshot successfully
[[ATTACHMENT|C:\\Users\\LellKir\\git\\HMIC-Portal\\HMIC-Portal\\HMIC-Portal\\HMIC-Portal\\HMIC-Portal\\HMIC-Portal\\Reports\\20240411_232922\\AgencyPortal_SmokeTest_WC\\20240411_232922\\1712892642072.png]]

2024-04-11 23:30:44 - [TEST_STEP][PASSED] - waitForElementVisible(findTestObject("Portal/Portal_Common_Header_SearchForAccOrPol"), 30): Object 'Object Repository/Portal/Portal_Common_Header_SearchForAccOrPol' is visible

2024-04-11 23:30:56 - [MESSAGE][PASSED] - Object 'Object Repository/Portal/Portal_Common_Header_SearchForAccOrPol' is visible

2024-04-11 23:30:56 - [TEST_STEP][PASSED] - verifyElementVisible(findTestObject("Portal/Portal_Common_Header_SearchForAccOrPol")): Object 'Object Repository/Portal/Portal_Common_Header_SearchForAccOrPol' is visible

2024-04-11 23:30:56 - [MESSAGE][PASSED] - Object 'Object Repository/Portal/Portal_Common_Header_SearchForAccOrPol' is visible

2024-04-11 23:30:56 - [TEST_STEP][PASSED] - takeFullPageScreenshot(): Taking screenshot successfully

2024-04-11 23:30:56 - [MESSAGE][INFO] - 0 hidden object(s)

2024-04-11 23:30:57 - [MESSAGE][PASSED] - Taking screenshot successfully
[[ATTACHMENT|C:\\Users\\LellKir\\git\\HMIC-Portal\\HMIC-Portal\\HMIC-Portal\\HMIC-Portal\\HMIC-Portal\\HMIC-Portal\\Reports\\20240411_232922\\AgencyPortal_SmokeTest_WC\\20240411_232922\\1712892656588.png]]

2024-04-11 23:30:57 - [MESSAGE][PASSED] - Call Test Case 'Test Cases/Portal_Pages/Portal_CommonScreens/Portal_Login' successfully

2024-04-11 23:30:57 - [TEST_STEP][PASSED] - click(findTestObject("Object Repository/Portal/Portal_Common_Tab_Quote")): Object: 'Object Repository/Portal/Portal_Common_Tab_Quote' is clicked on

2024-04-11 23:31:13 - [MESSAGE][PASSED] - Object: 'Object Repository/Portal/Portal_Common_Tab_Quote' is clicked on

2024-04-11 23:31:13 - [TEST_STEP][PASSED] - comment("User is able to Initiate the quote successfully"): User is able to Initiate the quote successfully

2024-04-11 23:31:13 - [MESSAGE][INFO] - User is able to Initiate the quote successfully

2024-04-11 23:31:13 - [TEST_STEP][PASSED] - verifyElementText(findTestObject("Object Repository/Portal/Portal_Quote_Header_NewBusinessDashboard"), "New Business Dashboard"): Actual text and expected text of test object 'Object Repository/Portal/Portal_Quote_Header_NewBusinessDashboard' are matched.

2024-04-11 23:31:44 - [MESSAGE][PASSED] - Actual text and expected text of test object 'Object Repository/Portal/Portal_Quote_Header_NewBusinessDashboard' are matched.

2024-04-11 23:31:44 - [TEST_STEP][PASSED] - click(findTestObject("Object Repository/Portal/Portal_Quote_Title_StartANewBusiness")): Object: 'Object Repository/Portal/Portal_Quote_Title_StartANewBusiness' is clicked on

2024-04-11 23:32:14 - [MESSAGE][PASSED] - Object: 'Object Repository/Portal/Portal_Quote_Title_StartANewBusiness' is clicked on

2024-04-11 23:32:14 - [TEST_STEP][PASSED] - click(findTestObject("Object Repository/Portal/Portal_Quote_Dropdown_SelectLineOfBusiness")): Object: 'Object Repository/Portal/Portal_Quote_Dropdown_SelectLineOfBusiness' is clicked on

2024-04-11 23:32:44 - [MESSAGE][PASSED] - Object: 'Object Repository/Portal/Portal_Quote_Dropdown_SelectLineOfBusiness' is clicked on

2024-04-11 23:32:44 - [TEST_STEP][PASSED] - click(findTestObject("Object Repository/Portal/Portal_LOB_TypeList_WorkersComp")): Object: 'Object Repository/Portal/Portal_LOB_TypeList_WorkersComp' is clicked on

2024-04-11 23:33:14 - [MESSAGE][PASSED] - Object: 'Object Repository/Portal/Portal_LOB_TypeList_WorkersComp' is clicked on

2024-04-11 23:33:14 - [TEST_STEP][PASSED] - click(findTestObject("Object Repository/Portal/Portal_Common_Button_Next")): Object: 'Object Repository/Portal/Portal_Common_Button_Next' is clicked on

2024-04-11 23:33:46 - [MESSAGE][PASSED] - Object: 'Object Repository/Portal/Portal_Common_Button_Next' is clicked on

2024-04-11 23:33:46 - [TEST_STEP][PASSED] - verifyElementText(findTestObject("Object Repository/Portal/Portal_PreQual_Title_PreQualification"), "Pre-Qualification"): Actual text and expected text of test object 'Object Repository/Portal/Portal_PreQual_Title_PreQualification' are matched.

2024-04-11 23:33:49 - [MESSAGE][PASSED] - Actual text and expected text of test object 'Object Repository/Portal/Portal_PreQual_Title_PreQualification' are matched.

2024-04-11 23:33:49 - [TEST_STEP][PASSED] - comment("Prequalification statement should be displayed."): Prequalification statement should be displayed.

2024-04-11 23:33:49 - [MESSAGE][INFO] - Prequalification statement should be displayed.

2024-04-11 23:33:49 - [TEST_STEP][PASSED] - click(findTestObject("Object Repository/Portal/Portal_PreQual_CheckBox_RiskDoesNotHaveAny")): Object: 'Object Repository/Portal/Portal_PreQual_CheckBox_RiskDoesNotHaveAny' is clicked on

2024-04-11 23:33:50 - [MESSAGE][PASSED] - Object: 'Object Repository/Portal/Portal_PreQual_CheckBox_RiskDoesNotHaveAny' is clicked on

2024-04-11 23:33:50 - [TEST_STEP][PASSED] - click(findTestObject("Object Repository/Portal/Portal_PreQual_Button_Agree")): Object: 'Object Repository/Portal/Portal_PreQual_Button_Agree' is clicked on

2024-04-11 23:33:50 - [MESSAGE][PASSED] - Object: 'Object Repository/Portal/Portal_PreQual_Button_Agree' is clicked on

2024-04-11 23:33:50 - [TEST_STEP][PASSED] - waitForElementHasAttribute(findTestObject("Object Repository/Portal/Portal_AccInfo_Header_AccInfo"), "Step 1: Account Information", 10): Object 'Object Repository/Portal/Portal_AccInfo_Header_AccInfo' does not have attribute 'Step 1: Account Information'

2024-04-11 23:34:02 - [MESSAGE][WARNING] - Object 'Object Repository/Portal/Portal_AccInfo_Header_AccInfo' does not have attribute 'Step 1: Account Information'

2024-04-11 23:34:02 - [TEST_STEP][PASSED] - verifyElementText(findTestObject("Object Repository/Portal/Portal_AccInfo_Header_AccInfo"), "Step 1: Account Information"): Actual text and expected text of test object 'Object Repository/Portal/Portal_AccInfo_Header_AccInfo' are matched.

2024-04-11 23:34:02 - [MESSAGE][PASSED] - Actual text and expected text of test object 'Object Repository/Portal/Portal_AccInfo_Header_AccInfo' are matched.

2024-04-11 23:34:02 - [TEST_STEP][PASSED] - comment("User successfully navigated to Account Information screen"): User successfully navigated to Account Information screen

2024-04-11 23:34:02 - [MESSAGE][INFO] - User successfully navigated to Account Information screen

2024-04-11 23:34:02 - [TEST_STEP][PASSED] - click(findTestObject("Object Repository/Portal/Portal_AccInfo_Dropdown_SearchOrQuoteFor")): Object: 'Object Repository/Portal/Portal_AccInfo_Dropdown_SearchOrQuoteFor' is clicked on

2024-04-11 23:34:03 - [MESSAGE][PASSED] - Object: 'Object Repository/Portal/Portal_AccInfo_Dropdown_SearchOrQuoteFor' is clicked on

2024-04-11 23:34:03 - [TEST_STEP][PASSED] - click(findTestObject("Object Repository/Portal/Portal_AccInfo_TypeList_Individual")): Object: 'Object Repository/Portal/Portal_AccInfo_TypeList_Individual' is clicked on

2024-04-11 23:34:03 - [MESSAGE][PASSED] - Object: 'Object Repository/Portal/Portal_AccInfo_TypeList_Individual' is clicked on

2024-04-11 23:34:03 - [TEST_STEP][PASSED] - setText(findTestObject("Object Repository/Portal/Portal_AccInfo_TextBox_FirstName"), "Auto_FirstName"): Text 'Auto_FirstName' is set on object 'Object Repository/Portal/Portal_AccInfo_TextBox_FirstName'

2024-04-11 23:34:05 - [MESSAGE][PASSED] - Text 'Auto_FirstName' is set on object 'Object Repository/Portal/Portal_AccInfo_TextBox_FirstName'

2024-04-11 23:34:05 - [TEST_STEP][PASSED] - setText(findTestObject("Object Repository/Portal/Portal_AccInfo_TextBox_LastName"), "LastName" + RandomStringUtils.randomAlphabetic(5)): Text 'LastNameWlnht' is set on object 'Object Repository/Portal/Portal_AccInfo_TextBox_LastName'

2024-04-11 23:34:06 - [MESSAGE][PASSED] - Text 'LastNameWlnht' is set on object 'Object Repository/Portal/Portal_AccInfo_TextBox_LastName'

2024-04-11 23:34:06 - [TEST_STEP][PASSED] - setText(findTestObject("Object Repository/Portal/Portal_AccInfo_TextBox_ZipCode"), "52246"): Text '52246' is set on object 'Object Repository/Portal/Portal_AccInfo_TextBox_ZipCode'

2024-04-11 23:34:07 - [MESSAGE][PASSED] - Text '52246' is set on object 'Object Repository/Portal/Portal_AccInfo_TextBox_ZipCode'

2024-04-11 23:34:07 - [TEST_STEP][PASSED] - click(findTestObject("Object Repository/Portal/Portal_AccInfo_Button_CreateNewAcc")): Object: 'Object Repository/Portal/Portal_AccInfo_Button_CreateNewAcc' is clicked on

2024-04-11 23:34:07 - [MESSAGE][PASSED] - Object: 'Object Repository/Portal/Portal_AccInfo_Button_CreateNewAcc' is clicked on

2024-04-11 23:34:07 - [TEST_STEP][PASSED] - verifyElementText(findTestObject("Object Repository/Portal/Portal_AccInfo_SubTitle_AddNewAcc"), "Add a New Account"): Actual text and expected text of test object 'Object Repository/Portal/Portal_AccInfo_SubTitle_AddNewAcc' are matched.

2024-04-11 23:34:08 - [MESSAGE][PASSED] - Actual text and expected text of test object 'Object Repository/Portal/Portal_AccInfo_SubTitle_AddNewAcc' are matched.

2024-04-11 23:34:08 - [TEST_STEP][PASSED] - mouseOver(findTestObject("Object Repository/Portal/Portal_AccountInfo_Dropdown_ProducerCode"), STOP_ON_FAILURE): Object: 'Object Repository/Portal/Portal_AccountInfo_Dropdown_ProducerCode' is hovered

2024-04-11 23:34:09 - [MESSAGE][PASSED] - Object: 'Object Repository/Portal/Portal_AccountInfo_Dropdown_ProducerCode' is hovered

2024-04-11 23:34:09 - [TEST_STEP][PASSED] - setText(findTestObject("Object Repository/Portal/Portal_AccInfo_TextBox_Address"), "919 Highway 1 W"): Text '919 Highway 1 W' is set on object 'Object Repository/Portal/Portal_AccInfo_TextBox_Address'

2024-04-11 23:34:10 - [MESSAGE][PASSED] - Text '919 Highway 1 W' is set on object 'Object Repository/Portal/Portal_AccInfo_TextBox_Address'

2024-04-11 23:34:10 - [TEST_STEP][PASSED] - sendKeys(findTestObject("Object Repository/Portal/Portal_AccInfo_TextBox_Address"), Keys.chord(SPACE)): Keys 'SPACE + ' sent to object: 'Object Repository/Portal/Portal_AccInfo_TextBox_Address'

2024-04-11 23:34:11 - [MESSAGE][PASSED] - Keys 'SPACE + ' sent to object: 'Object Repository/Portal/Portal_AccInfo_TextBox_Address'

2024-04-11 23:34:11 - [TEST_STEP][PASSED] - click(findTestObject("Object Repository/Portal/Portal_AccInfo_TypeList_1stAddress"), OPTIONAL): Object: 'Object Repository/Portal/Portal_AccInfo_TypeList_1stAddress' is clicked on

2024-04-11 23:34:12 - [MESSAGE][PASSED] - Object: 'Object Repository/Portal/Portal_AccInfo_TypeList_1stAddress' is clicked on

2024-04-11 23:34:12 - [TEST_STEP][PASSED] - waitForPageLoad(10): Wait for page load successfully

2024-04-11 23:34:12 - [MESSAGE][PASSED] - Wait for page load successfully

2024-04-11 23:34:12 - [TEST_STEP][PASSED] - mouseOver(findTestObject("Object Repository/Portal/Portal_AccountInfo_Dropdown_ProducerCode")): Object: 'Object Repository/Portal/Portal_AccountInfo_Dropdown_ProducerCode' is hovered

2024-04-11 23:34:12 - [MESSAGE][PASSED] - Object: 'Object Repository/Portal/Portal_AccountInfo_Dropdown_ProducerCode' is hovered

2024-04-11 23:34:12 - [TEST_STEP][PASSED] - click(findTestObject("Object Repository/Portal/Portal_AccountInfo_Dropdown_ProducerCode")): Object: 'Object Repository/Portal/Portal_AccountInfo_Dropdown_ProducerCode' is clicked on

2024-04-11 23:34:13 - [MESSAGE][PASSED] - Object: 'Object Repository/Portal/Portal_AccountInfo_Dropdown_ProducerCode' is clicked on

2024-04-11 23:34:13 - [TEST_STEP][PASSED] - mouseOver(findTestObject("Object Repository/Portal/Portal_AccInfo_TypeList_2059HouseCode")): Object: 'Object Repository/Portal/Portal_AccInfo_TypeList_2059HouseCode' is hovered

2024-04-11 23:34:14 - [MESSAGE][PASSED] - Object: 'Object Repository/Portal/Portal_AccInfo_TypeList_2059HouseCode' is hovered

2024-04-11 23:34:14 - [TEST_STEP][PASSED] - click(findTestObject("Object Repository/Portal/Portal_AccInfo_TypeList_2059HouseCode")): Object: 'Object Repository/Portal/Portal_AccInfo_TypeList_2059HouseCode' is clicked on

2024-04-11 23:34:15 - [MESSAGE][PASSED] - Object: 'Object Repository/Portal/Portal_AccInfo_TypeList_2059HouseCode' is clicked on

2024-04-11 23:34:15 - [TEST_STEP][PASSED] - click(findTestObject("Object Repository/Portal/Portal_AccInfo_Button_AddAccount")): Object: 'Object Repository/Portal/Portal_AccInfo_Button_AddAccount' is clicked on

2024-04-11 23:34:15 - [MESSAGE][PASSED] - Object: 'Object Repository/Portal/Portal_AccInfo_Button_AddAccount' is clicked on

2024-04-11 23:34:15 - [TEST_STEP][PASSED] - click(findTestObject("Object Repository/Portal/Portal_StandardizeAddress_Button_Continue")): Object: 'Object Repository/Portal/Portal_StandardizeAddress_Button_Continue' is clicked on

2024-04-11 23:34:16 - [MESSAGE][PASSED] - Object: 'Object Repository/Portal/Portal_StandardizeAddress_Button_Continue' is clicked on

2024-04-11 23:34:16 - [TEST_STEP][PASSED] - AccountNumber = getText(findTestObject("Portal/Portal_NewAccountCreated_Label_AccountNum")): Text of object 'Object Repository/Portal/Portal_NewAccountCreated_Label_AccountNum' is: 'AC00541530'

2024-04-11 23:34:18 - [MESSAGE][PASSED] - Text of object 'Object Repository/Portal/Portal_NewAccountCreated_Label_AccountNum' is: 'AC00541530'

2024-04-11 23:34:18 - [TEST_STEP][PASSED] - click(findTestObject("Portal/Portal_NewAccountCreated_Button_Continue")): Object: 'Object Repository/Portal/Portal_NewAccountCreated_Button_Continue' is clicked on

2024-04-11 23:34:19 - [MESSAGE][PASSED] - Object: 'Object Repository/Portal/Portal_NewAccountCreated_Button_Continue' is clicked on

2024-04-11 23:34:19 - [TEST_STEP][PASSED] - click(findTestObject("Object Repository/Portal/Portal_PolicyDetails_Dropdown_OrgType")): Object: 'Object Repository/Portal/Portal_PolicyDetails_Dropdown_OrgType' is clicked on

2024-04-11 23:34:23 - [MESSAGE][PASSED] - Object: 'Object Repository/Portal/Portal_PolicyDetails_Dropdown_OrgType' is clicked on

2024-04-11 23:34:24 - [TEST_STEP][PASSED] - click(findTestObject("Object Repository/Portal/Portal_PolDetails_OrgType_TypeList_Individual")): Object: 'Object Repository/Portal/Portal_PolDetails_OrgType_TypeList_Individual' is clicked on

2024-04-11 23:34:24 - [MESSAGE][PASSED] - Object: 'Object Repository/Portal/Portal_PolDetails_OrgType_TypeList_Individual' is clicked on

2024-04-11 23:34:24 - [TEST_STEP][PASSED] - mouseOver(findTestObject("Object Repository/Portal/Portal_PolDetails_TextBox_SSN"), STOP_ON_FAILURE): Object: 'Object Repository/Portal/Portal_PolDetails_TextBox_SSN' is hovered

2024-04-11 23:34:25 - [MESSAGE][PASSED] - Object: 'Object Repository/Portal/Portal_PolDetails_TextBox_SSN' is hovered

2024-04-11 23:34:25 - [TEST_STEP][PASSED] - click(findTestObject("Object Repository/Portal/Portal_PolDetails_TextBox_SSN"), STOP_ON_FAILURE): Object: 'Object Repository/Portal/Portal_PolDetails_TextBox_SSN' is clicked on

2024-04-11 23:34:26 - [MESSAGE][PASSED] - Object: 'Object Repository/Portal/Portal_PolDetails_TextBox_SSN' is clicked on

2024-04-11 23:34:26 - [TEST_STEP][PASSED] - sendKeys(findTestObject("Object Repository/Portal/Portal_PolDetails_TextBox_SSN"), Keys.chord("123456789")): Keys '123456789' sent to object: 'Object Repository/Portal/Portal_PolDetails_TextBox_SSN'

2024-04-11 23:34:27 - [MESSAGE][PASSED] - Keys '123456789' sent to object: 'Object Repository/Portal/Portal_PolDetails_TextBox_SSN'

2024-04-11 23:34:27 - [TEST_STEP][PASSED] - click(findTestObject("Object Repository/Portal/Portal_PolicyDetails_Button_Save")): Object: 'Object Repository/Portal/Portal_PolicyDetails_Button_Save' is clicked on

2024-04-11 23:34:28 - [MESSAGE][PASSED] - Object: 'Object Repository/Portal/Portal_PolicyDetails_Button_Save' is clicked on

2024-04-11 23:34:28 - [TEST_STEP][PASSED] - takeFullPageScreenshot(): Taking screenshot successfully

2024-04-11 23:34:29 - [MESSAGE][INFO] - 0 hidden object(s)

2024-04-11 23:34:29 - [MESSAGE][PASSED] - Taking screenshot successfully
[[ATTACHMENT|C:\\Users\\LellKir\\git\\HMIC-Portal\\HMIC-Portal\\HMIC-Portal\\HMIC-Portal\\HMIC-Portal\\HMIC-Portal\\Reports\\20240411_232922\\AgencyPortal_SmokeTest_WC\\20240411_232922\\1712892868204.png]]

2024-04-11 23:34:29 - [TEST_STEP][PASSED] - click(findTestObject("Object Repository/Portal/Portal_Common_Button_NextLoc")): Object: 'Object Repository/Portal/Portal_Common_Button_NextLoc' is clicked on

2024-04-11 23:34:29 - [MESSAGE][PASSED] - Object: 'Object Repository/Portal/Portal_Common_Button_NextLoc' is clicked on

2024-04-11 23:34:29 - [TEST_STEP][PASSED] - waitForElementHasAttribute(findTestObject("Object Repository/Portal/Portal_Loc_Header_Loc"), "Step 3: Locations", 10): Object 'Object Repository/Portal/Portal_Loc_Header_Loc' does not have attribute 'Step 3: Locations'

2024-04-11 23:34:43 - [MESSAGE][WARNING] - Object 'Object Repository/Portal/Portal_Loc_Header_Loc' does not have attribute 'Step 3: Locations'

2024-04-11 23:34:43 - [TEST_STEP][PASSED] - verifyElementText(findTestObject("Object Repository/Portal/Portal_Loc_Header_Loc"), "Step 3: Locations"): Actual text and expected text of test object 'Object Repository/Portal/Portal_Loc_Header_Loc' are matched.

2024-04-11 23:34:43 - [MESSAGE][PASSED] - Actual text and expected text of test object 'Object Repository/Portal/Portal_Loc_Header_Loc' are matched.

2024-04-11 23:34:43 - [TEST_STEP][PASSED] - setText(findTestObject("Object Repository/Portal/Portal_Loc_TextBox_MaxNumOfEmp"), "51"): Text '51' is set on object 'Object Repository/Portal/Portal_Loc_TextBox_MaxNumOfEmp'

2024-04-11 23:34:44 - [MESSAGE][PASSED] - Text '51' is set on object 'Object Repository/Portal/Portal_Loc_TextBox_MaxNumOfEmp'

2024-04-11 23:34:44 - [TEST_STEP][PASSED] - click(findTestObject("Object Repository/Portal/Portal_Loc_TextBox_WorkClassification")): Object: 'Object Repository/Portal/Portal_Loc_TextBox_WorkClassification' is clicked on

2024-04-11 23:34:45 - [MESSAGE][PASSED] - Object: 'Object Repository/Portal/Portal_Loc_TextBox_WorkClassification' is clicked on

2024-04-11 23:34:45 - [TEST_STEP][PASSED] - click(findTestObject("Object Repository/Portal/Portal_Loc_WorkClassification_TypeList_0005")): Object: 'Object Repository/Portal/Portal_Loc_WorkClassification_TypeList_0005' is clicked on

2024-04-11 23:34:46 - [MESSAGE][PASSED] - Object: 'Object Repository/Portal/Portal_Loc_WorkClassification_TypeList_0005' is clicked on

2024-04-11 23:34:46 - [TEST_STEP][PASSED] - setText(findTestObject("Object Repository/Portal/Portal_Loc_TextBox_TotalPayroll"), "5000"): Text '5000' is set on object 'Object Repository/Portal/Portal_Loc_TextBox_TotalPayroll'

2024-04-11 23:34:47 - [MESSAGE][PASSED] - Text '5000' is set on object 'Object Repository/Portal/Portal_Loc_TextBox_TotalPayroll'

2024-04-11 23:34:47 - [TEST_STEP][PASSED] - setText(findTestObject("Object Repository/Portal/Portal_Loc_TextBox_FullTimeEmployees"), "10"): Text '10' is set on object 'Object Repository/Portal/Portal_Loc_TextBox_FullTimeEmployees'

2024-04-11 23:34:48 - [MESSAGE][PASSED] - Text '10' is set on object 'Object Repository/Portal/Portal_Loc_TextBox_FullTimeEmployees'

2024-04-11 23:34:48 - [TEST_STEP][PASSED] - setText(findTestObject("Object Repository/Portal/Portal_Loc_TextBox_PartTimeEmployees"), "10"): Text '10' is set on object 'Object Repository/Portal/Portal_Loc_TextBox_PartTimeEmployees'

2024-04-11 23:34:49 - [MESSAGE][PASSED] - Text '10' is set on object 'Object Repository/Portal/Portal_Loc_TextBox_PartTimeEmployees'

2024-04-11 23:34:49 - [TEST_STEP][PASSED] - click(findTestObject("Object Repository/Portal/Portal_Loc_Button_Save")): Object: 'Object Repository/Portal/Portal_Loc_Button_Save' is clicked on

2024-04-11 23:34:50 - [MESSAGE][PASSED] - Object: 'Object Repository/Portal/Portal_Loc_Button_Save' is clicked on

2024-04-11 23:34:50 - [TEST_STEP][PASSED] - takeFullPageScreenshot(): Taking screenshot successfully

2024-04-11 23:34:51 - [MESSAGE][INFO] - 0 hidden object(s)

2024-04-11 23:34:51 - [MESSAGE][PASSED] - Taking screenshot successfully
[[ATTACHMENT|C:\\Users\\LellKir\\git\\HMIC-Portal\\HMIC-Portal\\HMIC-Portal\\HMIC-Portal\\HMIC-Portal\\HMIC-Portal\\Reports\\20240411_232922\\AgencyPortal_SmokeTest_WC\\20240411_232922\\1712892890609.png]]

2024-04-11 23:34:51 - [TEST_STEP][PASSED] - click(findTestObject("Object Repository/Portal/Portal_Common_Button_NextStateCov")): Object: 'Object Repository/Portal/Portal_Common_Button_NextStateCov' is clicked on

2024-04-11 23:34:52 - [MESSAGE][PASSED] - Object: 'Object Repository/Portal/Portal_Common_Button_NextStateCov' is clicked on

2024-04-11 23:34:52 - [TEST_STEP][PASSED] - waitForElementHasAttribute(findTestObject("Object Repository/Portal/Portal_Cov_Header_Coverages"), "Step 4: Coverages", 10): Object 'Object Repository/Portal/Portal_Cov_Header_Coverages' does not have attribute 'Step 4: Coverages'

2024-04-11 23:35:04 - [MESSAGE][WARNING] - Object 'Object Repository/Portal/Portal_Cov_Header_Coverages' does not have attribute 'Step 4: Coverages'

2024-04-11 23:35:04 - [TEST_STEP][PASSED] - verifyElementText(findTestObject("Object Repository/Portal/Portal_Cov_Header_Coverages"), "Step 4: Coverages"): Actual text and expected text of test object 'Object Repository/Portal/Portal_Cov_Header_Coverages' are matched.

2024-04-11 23:35:04 - [MESSAGE][PASSED] - Actual text and expected text of test object 'Object Repository/Portal/Portal_Cov_Header_Coverages' are matched.

2024-04-11 23:35:04 - [TEST_STEP][PASSED] - click(findTestObject("Portal/Portal_StateCov_Chkbox_ExpRating")): Object: 'Object Repository/Portal/Portal_StateCov_Chkbox_ExpRating' is clicked on

2024-04-11 23:35:05 - [MESSAGE][PASSED] - Object: 'Object Repository/Portal/Portal_StateCov_Chkbox_ExpRating' is clicked on

2024-04-11 23:35:05 - [TEST_STEP][PASSED] - setText(findTestObject("Portal/Portal_StateCov_input_ExpRating"), "3.22"): Text '3.22' is set on object 'Object Repository/Portal/Portal_StateCov_input_ExpRating'

2024-04-11 23:35:08 - [MESSAGE][PASSED] - Text '3.22' is set on object 'Object Repository/Portal/Portal_StateCov_input_ExpRating'

2024-04-11 23:35:08 - [TEST_STEP][PASSED] - click(findTestObject("Object Repository/Portal/Portal_StateCov_Button_NextLineCov")): Object: 'Object Repository/Portal/Portal_StateCov_Button_NextLineCov' is clicked on

2024-04-11 23:35:09 - [MESSAGE][PASSED] - Object: 'Object Repository/Portal/Portal_StateCov_Button_NextLineCov' is clicked on

2024-04-11 23:35:09 - [TEST_STEP][PASSED] - click(findTestObject("Object Repository/Portal/Portal_LineCov_button_NextSupplementalQues")): Object: 'Object Repository/Portal/Portal_LineCov_button_NextSupplementalQues' is clicked on

2024-04-11 23:35:11 - [MESSAGE][PASSED] - Object: 'Object Repository/Portal/Portal_LineCov_button_NextSupplementalQues' is clicked on

2024-04-11 23:35:11 - [TEST_STEP][PASSED] - click(findTestObject("Object Repository/Portal/Portal_Supplemental_CheckBox_IhaveReviewed")): Object: 'Object Repository/Portal/Portal_Supplemental_CheckBox_IhaveReviewed' is clicked on

2024-04-11 23:35:13 - [MESSAGE][PASSED] - Object: 'Object Repository/Portal/Portal_Supplemental_CheckBox_IhaveReviewed' is clicked on

2024-04-11 23:35:13 - [TEST_STEP][PASSED] - takeFullPageScreenshot(): Taking screenshot successfully

2024-04-11 23:35:15 - [MESSAGE][INFO] - 0 hidden object(s)

2024-04-11 23:35:15 - [MESSAGE][PASSED] - Taking screenshot successfully
[[ATTACHMENT|C:\\Users\\LellKir\\git\\HMIC-Portal\\HMIC-Portal\\HMIC-Portal\\HMIC-Portal\\HMIC-Portal\\HMIC-Portal\\Reports\\20240411_232922\\AgencyPortal_SmokeTest_WC\\20240411_232922\\1712892913864.png]]

2024-04-11 23:35:15 - [TEST_STEP][PASSED] - click(findTestObject("Object Repository/Portal/Portal_Common_Button_NextQuote")): Object: 'Object Repository/Portal/Portal_Common_Button_NextQuote' is clicked on

2024-04-11 23:35:16 - [MESSAGE][PASSED] - Object: 'Object Repository/Portal/Portal_Common_Button_NextQuote' is clicked on

2024-04-11 23:35:16 - [TEST_STEP][PASSED] - waitForElementHasAttribute(findTestObject("Object Repository/Portal/Portal_Quote_Header_Quote"), "Step 6: Quote", 10): Object 'Object Repository/Portal/Portal_Quote_Header_Quote' does not have attribute 'Step 6: Quote'

2024-04-11 23:35:45 - [MESSAGE][WARNING] - Object 'Object Repository/Portal/Portal_Quote_Header_Quote' does not have attribute 'Step 6: Quote'

2024-04-11 23:35:45 - [TEST_STEP][PASSED] - verifyElementText(findTestObject("Object Repository/Portal/Portal_Quote_Header_Quote"), "Step 6: Quote"): Actual text and expected text of test object 'Object Repository/Portal/Portal_Quote_Header_Quote' are matched.

2024-04-11 23:35:45 - [MESSAGE][PASSED] - Actual text and expected text of test object 'Object Repository/Portal/Portal_Quote_Header_Quote' are matched.

2024-04-11 23:35:45 - [TEST_STEP][PASSED] - verifyElementPresent(findTestObject("Object Repository/Portal/Portal_Quote_Label_SubmissionNum"), 30): Object 'Object Repository/Portal/Portal_Quote_Label_SubmissionNum' is present

2024-04-11 23:35:45 - [MESSAGE][PASSED] - Object 'Object Repository/Portal/Portal_Quote_Label_SubmissionNum' is present

2024-04-11 23:35:45 - [TEST_STEP][PASSED] - SubmissionNumber = getText(findTestObject("Object Repository/Portal/Portal_Quote_Label_SubmissionNum")): Text of object 'Object Repository/Portal/Portal_Quote_Label_SubmissionNum' is: 'Quote No. 0011229212'

2024-04-11 23:35:46 - [MESSAGE][PASSED] - Text of object 'Object Repository/Portal/Portal_Quote_Label_SubmissionNum' is: 'Quote No. 0011229212'

2024-04-11 23:35:46 - [TEST_STEP][PASSED] - takeFullPageScreenshot(): Taking screenshot successfully

2024-04-11 23:35:47 - [MESSAGE][INFO] - 0 hidden object(s)

2024-04-11 23:35:48 - [MESSAGE][PASSED] - Taking screenshot successfully
[[ATTACHMENT|C:\\Users\\LellKir\\git\\HMIC-Portal\\HMIC-Portal\\HMIC-Portal\\HMIC-Portal\\HMIC-Portal\\HMIC-Portal\\Reports\\20240411_232922\\AgencyPortal_SmokeTest_WC\\20240411_232922\\1712892946434.png]]

2024-04-11 23:35:48 - [TEST_STEP][PASSED] - click(findTestObject("Portal/Portal_Quote_Button_NextAdditionalInfo")): Object: 'Object Repository/Portal/Portal_Quote_Button_NextAdditionalInfo' is clicked on

2024-04-11 23:35:48 - [MESSAGE][PASSED] - Object: 'Object Repository/Portal/Portal_Quote_Button_NextAdditionalInfo' is clicked on

2024-04-11 23:35:48 - [TEST_STEP][PASSED] - waitForElementHasAttribute(findTestObject("Portal/Portal_Common_Label_Header"), "Step 7: Additional Info", 10): Object 'Object Repository/Portal/Portal_Common_Label_Header' does not have attribute 'Step 7: Additional Info'

2024-04-11 23:36:03 - [MESSAGE][WARNING] - Object 'Object Repository/Portal/Portal_Common_Label_Header' does not have attribute 'Step 7: Additional Info'

2024-04-11 23:36:03 - [TEST_STEP][PASSED] - verifyElementText(findTestObject("Portal/Portal_Common_Label_Header"), "Step 7: Additional Info"): Actual text and expected text of test object 'Object Repository/Portal/Portal_Common_Label_Header' are matched.

2024-04-11 23:36:04 - [MESSAGE][PASSED] - Actual text and expected text of test object 'Object Repository/Portal/Portal_Common_Label_Header' are matched.

2024-04-11 23:36:04 - [TEST_STEP][PASSED] - setText(findTestObject("Portal/Portal_AddInfo_TextArea_DescriptionOfOp"), "Individual"): Text 'Individual' is set on object 'Object Repository/Portal/Portal_AddInfo_TextArea_DescriptionOfOp'

2024-04-11 23:36:05 - [MESSAGE][PASSED] - Text 'Individual' is set on object 'Object Repository/Portal/Portal_AddInfo_TextArea_DescriptionOfOp'

2024-04-11 23:36:05 - [TEST_STEP][PASSED] - setText(findTestObject("Portal/Portal_AccAndInsCont_TextBox_FirstName"), "AccAndIns_FirstName"): Text 'AccAndIns_FirstName' is set on object 'Object Repository/Portal/Portal_AccAndInsCont_TextBox_FirstName'

2024-04-11 23:36:06 - [MESSAGE][PASSED] - Text 'AccAndIns_FirstName' is set on object 'Object Repository/Portal/Portal_AccAndInsCont_TextBox_FirstName'

2024-04-11 23:36:06 - [TEST_STEP][PASSED] - setText(findTestObject("Portal/Portal_AccAndInsCont_TextBox_LastName"), "LastName" + RandomStringUtils.randomAlphabetic(5)): Text 'LastNameWLQZW' is set on object 'Object Repository/Portal/Portal_AccAndInsCont_TextBox_LastName'

2024-04-11 23:36:07 - [MESSAGE][PASSED] - Text 'LastNameWLQZW' is set on object 'Object Repository/Portal/Portal_AccAndInsCont_TextBox_LastName'

2024-04-11 23:36:07 - [TEST_STEP][PASSED] - sendKeys(findTestObject("Portal/Portal_AccAndIns_TextBox_PhoneNum"), Keys.chord("8567123411")): Keys '8567123411' sent to object: 'Object Repository/Portal/Portal_AccAndIns_TextBox_PhoneNum'

2024-04-11 23:36:08 - [MESSAGE][PASSED] - Keys '8567123411' sent to object: 'Object Repository/Portal/Portal_AccAndIns_TextBox_PhoneNum'

2024-04-11 23:36:08 - [TEST_STEP][PASSED] - click(findTestObject("Portal/Portal_Common_Button_Save")): Object: 'Object Repository/Portal/Portal_Common_Button_Save' is clicked on

2024-04-11 23:36:09 - [MESSAGE][PASSED] - Object: 'Object Repository/Portal/Portal_Common_Button_Save' is clicked on

2024-04-11 23:36:09 - [TEST_STEP][PASSED] - setText(findTestObject("Portal/Portal_AccInfo_TextBox_FirstName"), "Test"): Text 'Test' is set on object 'Object Repository/Portal/Portal_AccInfo_TextBox_FirstName'

2024-04-11 23:36:10 - [MESSAGE][PASSED] - Text 'Test' is set on object 'Object Repository/Portal/Portal_AccInfo_TextBox_FirstName'

2024-04-11 23:36:10 - [TEST_STEP][PASSED] - setText(findTestObject("Portal/Portal_AccInfo_TextBox_LastName"), "Person"): Text 'Person' is set on object 'Object Repository/Portal/Portal_AccInfo_TextBox_LastName'

2024-04-11 23:36:11 - [MESSAGE][PASSED] - Text 'Person' is set on object 'Object Repository/Portal/Portal_AccInfo_TextBox_LastName'

2024-04-11 23:36:11 - [TEST_STEP][PASSED] - setText(findTestObject("Portal/Portal_FirstCall_TextBox_EmailAddress"), "ssomasundaram@hastingsmutual.com"): Text 'ssomasundaram@hastingsmutual.com' is set on object 'Object Repository/Portal/Portal_FirstCall_TextBox_EmailAddress'

2024-04-11 23:36:13 - [MESSAGE][PASSED] - Text 'ssomasundaram@hastingsmutual.com' is set on object 'Object Repository/Portal/Portal_FirstCall_TextBox_EmailAddress'

2024-04-11 23:36:13 - [TEST_STEP][PASSED] - setText(findTestObject("Portal/Portal_AdditionalInfo_input_IA_BureauID"), "756787655"): Text '756787655' is set on object 'Object Repository/Portal/Portal_AdditionalInfo_input_IA_BureauID'

2024-04-11 23:36:14 - [MESSAGE][PASSED] - Text '756787655' is set on object 'Object Repository/Portal/Portal_AdditionalInfo_input_IA_BureauID'

2024-04-11 23:36:14 - [TEST_STEP][PASSED] - takeFullPageScreenshot(): Taking screenshot successfully

2024-04-11 23:36:16 - [MESSAGE][INFO] - 0 hidden object(s)

2024-04-11 23:36:17 - [MESSAGE][PASSED] - Taking screenshot successfully
[[ATTACHMENT|C:\\Users\\LellKir\\git\\HMIC-Portal\\HMIC-Portal\\HMIC-Portal\\HMIC-Portal\\HMIC-Portal\\HMIC-Portal\\Reports\\20240411_232922\\AgencyPortal_SmokeTest_WC\\20240411_232922\\1712892974432.png]]

2024-04-11 23:36:17 - [TEST_STEP][PASSED] - click(findTestObject("Portal/Portal_Common_Button_NextReview")): Object: 'Object Repository/Portal/Portal_Common_Button_NextReview' is clicked on

2024-04-11 23:36:17 - [MESSAGE][PASSED] - Object: 'Object Repository/Portal/Portal_Common_Button_NextReview' is clicked on

2024-04-11 23:36:17 - [TEST_STEP][PASSED] - waitForElementHasAttribute(findTestObject("Portal/Portal_Common_Label_Header"), "Step 8: Review", 10): Object 'Object Repository/Portal/Portal_Common_Label_Header' does not have attribute 'Step 8: Review'

2024-04-11 23:36:37 - [MESSAGE][WARNING] - Object 'Object Repository/Portal/Portal_Common_Label_Header' does not have attribute 'Step 8: Review'

2024-04-11 23:36:37 - [TEST_STEP][PASSED] - verifyElementText(findTestObject("Portal/Portal_Common_Label_Header"), "Step 8: Review"): Actual text and expected text of test object 'Object Repository/Portal/Portal_Common_Label_Header' are matched.

2024-04-11 23:36:38 - [MESSAGE][PASSED] - Actual text and expected text of test object 'Object Repository/Portal/Portal_Common_Label_Header' are matched.

2024-04-11 23:36:38 - [TEST_STEP][PASSED] - comment("User should be able to quote the submission in Portal"): User should be able to quote the submission in Portal

2024-04-11 23:36:38 - [MESSAGE][INFO] - User should be able to quote the submission in Portal

2024-04-11 23:36:38 - [TEST_STEP][PASSED] - SubmissionNumber = SubmissionNumber: null

2024-04-11 23:36:38 - [TEST_STEP][PASSED] - takeFullPageScreenshot(): Taking screenshot successfully

2024-04-11 23:36:39 - [MESSAGE][INFO] - 0 hidden object(s)

2024-04-11 23:36:39 - [MESSAGE][PASSED] - Taking screenshot successfully
[[ATTACHMENT|C:\\Users\\LellKir\\git\\HMIC-Portal\\HMIC-Portal\\HMIC-Portal\\HMIC-Portal\\HMIC-Portal\\HMIC-Portal\\Reports\\20240411_232922\\AgencyPortal_SmokeTest_WC\\20240411_232922\\1712892998049.png]]

2024-04-11 23:36:39 - [TEST_STEP][PASSED] - comment("Login to PC and approve UW issues"): Login to PC and approve UW issues

2024-04-11 23:36:39 - [MESSAGE][INFO] - Login to PC and approve UW issues

2024-04-11 23:36:39 - [TEST_STEP][FAILED] - callTestCase(findTestCase("PolicyCenter_Pages/PC_CommonScreens/PC_Login"), ["PC_Username":PC_Username, "PC_Password":PC_Password], STOP_ON_FAILURE): Unable to call Test Case 'Test Cases/PolicyCenter_Pages/PC_CommonScreens/PC_Login' (Root cause: com.kms.katalon.core.exception.StepFailedException: Call Test Case 'Test Cases/PolicyCenter_Pages/PC_CommonScreens/PC_Login' failed
	at com.kms.katalon.core.keyword.builtin.CallTestCaseKeyword$_callTestCase_closure1.doCall(CallTestCaseKeyword.groovy:63)
	at com.kms.katalon.core.keyword.builtin.CallTestCaseKeyword$_callTestCase_closure1.call(CallTestCaseKeyword.groovy)
	at com.kms.katalon.core.keyword.internal.KeywordMain.runKeyword(KeywordMain.groovy:75)
	at com.kms.katalon.core.keyword.builtin.CallTestCaseKeyword.callTestCase(CallTestCaseKeyword.groovy:81)
	at com.kms.katalon.core.keyword.builtin.CallTestCaseKeyword.execute(CallTestCaseKeyword.groovy:44)
	at com.kms.katalon.core.keyword.internal.KeywordExecutor.executeKeywordForPlatform(KeywordExecutor.groovy:74)
	at com.kms.katalon.core.keyword.BuiltinKeywords.callTestCase(BuiltinKeywords.groovy:310)
	at Portal_SmokeTest_IAState.run(Portal_SmokeTest_IAState:206)
	at com.kms.katalon.core.main.ScriptEngine.run(ScriptEngine.java:194)
	at com.kms.katalon.core.main.ScriptEngine.runScriptAsRawText(ScriptEngine.java:119)
	at com.kms.katalon.core.main.TestCaseExecutor.runScript(TestCaseExecutor.java:448)
	at com.kms.katalon.core.main.TestCaseExecutor.doExecute(TestCaseExecutor.java:439)
	at com.kms.katalon.core.main.TestCaseExecutor.processExecutionPhase(TestCaseExecutor.java:418)
	at com.kms.katalon.core.main.TestCaseExecutor.accessMainPhase(TestCaseExecutor.java:410)
	at com.kms.katalon.core.main.TestCaseExecutor.execute(TestCaseExecutor.java:285)
	at com.kms.katalon.core.common.CommonExecutor.accessTestCaseMainPhase(CommonExecutor.java:65)
	at com.kms.katalon.core.main.TestSuiteExecutor.accessTestSuiteMainPhase(TestSuiteExecutor.java:148)
	at com.kms.katalon.core.main.TestSuiteExecutor.execute(TestSuiteExecutor.java:106)
	at com.kms.katalon.core.main.TestCaseMain.startTestSuite(TestCaseMain.java:187)
	at com.kms.katalon.core.main.TestCaseMain$startTestSuite$0.call(Unknown Source)
	at TempTestSuite1712892562095.run(TempTestSuite1712892562095.groovy:36)
Caused by: com.kms.katalon.core.exception.StepFailedException: Cannot take screenshot
	at com.kms.katalon.core.webui.keyword.internal.WebUIKeywordMain.stepFailed(WebUIKeywordMain.groovy:64)
	at com.kms.katalon.core.webui.keyword.internal.WebUIKeywordMain.runKeyword(WebUIKeywordMain.groovy:26)
	at com.kms.katalon.core.webui.keyword.builtin.TakeFullPageScreenshotKeyword.takeScreenshot(TakeFullPageScreenshotKeyword.groovy:125)
	at com.kms.katalon.core.webui.keyword.builtin.TakeFullPageScreenshotKeyword.execute(TakeFullPageScreenshotKeyword.groovy:82)
	at com.kms.katalon.core.keyword.internal.KeywordExecutor.executeKeywordForPlatform(KeywordExecutor.groovy:74)
	at com.kms.katalon.core.webui.keyword.WebUiBuiltInKeywords.takeFullPageScreenshot(WebUiBuiltInKeywords.groovy:3283)
	at com.kms.katalon.core.webui.keyword.WebUiBuiltInKeywords$takeFullPageScreenshot$2.call(Unknown Source)
	at PC_Login.run(PC_Login:50)
	at com.kms.katalon.core.main.ScriptEngine.run(ScriptEngine.java:194)
	at com.kms.katalon.core.main.ScriptEngine.runScriptAsRawText(ScriptEngine.java:119)
	at com.kms.katalon.core.main.TestCaseExecutor.runScript(TestCaseExecutor.java:448)
	at com.kms.katalon.core.main.TestCaseExecutor.doExecute(TestCaseExecutor.java:439)
	at com.kms.katalon.core.main.TestCaseExecutor.processExecutionPhase(TestCaseExecutor.java:418)
	at com.kms.katalon.core.main.TestCaseExecutor.accessMainPhase(TestCaseExecutor.java:410)
	at com.kms.katalon.core.main.TestCaseExecutor.execute(TestCaseExecutor.java:285)
	at com.kms.katalon.core.main.TestCaseMain.runTestCase(TestCaseMain.java:144)
	at com.kms.katalon.core.keyword.builtin.CallTestCaseKeyword$_callTestCase_closure1.doCall(CallTestCaseKeyword.groovy:59)
	... 20 more
Caused by: java.lang.RuntimeException: java.lang.reflect.InvocationTargetException
	at com.assertthat.selenium_shutterbug.utils.web.Browser.sendCommand(Browser.java:678)
	at com.assertthat.selenium_shutterbug.utils.web.Browser.takeFullPageScreenshotChromeCommand(Browser.java:549)
	at com.assertthat.selenium_shutterbug.utils.web.Browser.takeFullPageScreenshot(Browser.java:150)
	at com.assertthat.selenium_shutterbug.core.Shutterbug.shootPage(Shutterbug.java:154)
	at com.assertthat.selenium_shutterbug.core.Shutterbug.shootPage(Shutterbug.java:83)
	at com.assertthat.selenium_shutterbug.core.Shutterbug.shootPage(Shutterbug.java:69)
	at com.kms.katalon.core.webui.util.FileUtil.takeFullPageScreenshot(FileUtil.java:86)
	at com.kms.katalon.core.webui.keyword.builtin.TakeFullPageScreenshotKeyword$_takeScreenshot_closure1.doCall(TakeFullPageScreenshotKeyword.groovy:126)
	at com.kms.katalon.core.webui.keyword.builtin.TakeFullPageScreenshotKeyword$_takeScreenshot_closure1.call(TakeFullPageScreenshotKeyword.groovy)
	at com.kms.katalon.core.webui.keyword.internal.WebUIKeywordMain.runKeyword(WebUIKeywordMain.groovy:20)
	at com.kms.katalon.core.webui.keyword.builtin.TakeFullPageScreenshotKeyword.takeScreenshot(TakeFullPageScreenshotKeyword.groovy:125)
	at com.kms.katalon.core.webui.keyword.builtin.TakeFullPageScreenshotKeyword.execute(TakeFullPageScreenshotKeyword.groovy:82)
	at com.kms.katalon.core.keyword.internal.KeywordExecutor.executeKeywordForPlatform(KeywordExecutor.groovy:74)
	at com.kms.katalon.core.webui.keyword.WebUiBuiltInKeywords.takeFullPageScreenshot(WebUiBuiltInKeywords.groovy:3283)
	at com.kms.katalon.core.webui.keyword.WebUiBuiltInKeywords$takeFullPageScreenshot$2.call(Unknown Source)
	at Script1683558651933.run(Script1683558651933.groovy:50)
	at com.kms.katalon.core.main.ScriptEngine.run(ScriptEngine.java:194)
	at com.kms.katalon.core.main.ScriptEngine.runScriptAsRawText(ScriptEngine.java:119)
	at com.kms.katalon.core.main.TestCaseExecutor.runScript(TestCaseExecutor.java:448)
	at com.kms.katalon.core.main.TestCaseExecutor.doExecute(TestCaseExecutor.java:439)
	at com.kms.katalon.core.main.TestCaseExecutor.processExecutionPhase(TestCaseExecutor.java:418)
	at com.kms.katalon.core.main.TestCaseExecutor.accessMainPhase(TestCaseExecutor.java:410)
	at com.kms.katalon.core.main.TestCaseExecutor.execute(TestCaseExecutor.java:285)
	at com.kms.katalon.core.main.TestCaseMain.runTestCase(TestCaseMain.java:144)
	at com.kms.katalon.core.keyword.builtin.CallTestCaseKeyword$_callTestCase_closure1.doCall(CallTestCaseKeyword.groovy:59)
	at com.kms.katalon.core.keyword.builtin.CallTestCaseKeyword$_callTestCase_closure1.call(CallTestCaseKeyword.groovy)
	at com.kms.katalon.core.keyword.internal.KeywordMain.runKeyword(KeywordMain.groovy:75)
	at com.kms.katalon.core.keyword.builtin.CallTestCaseKeyword.callTestCase(CallTestCaseKeyword.groovy:81)
	at com.kms.katalon.core.keyword.builtin.CallTestCaseKeyword.execute(CallTestCaseKeyword.groovy:44)
	at com.kms.katalon.core.keyword.internal.KeywordExecutor.executeKeywordForPlatform(KeywordExecutor.groovy:74)
	at com.kms.katalon.core.keyword.BuiltinKeywords.callTestCase(BuiltinKeywords.groovy:310)
	at Script1689773001064.run(Script1689773001064.groovy:206)
	... 13 more
Caused by: java.lang.reflect.InvocationTargetException
	at com.assertthat.selenium_shutterbug.utils.web.Browser.sendCommand(Browser.java:675)
	... 44 more
Caused by: org.openqa.selenium.TimeoutException: timeout: Timed out receiving message from renderer: 600.000
  (Session info: chrome=115.0.5790.110)
Build info: version: '3.141.59', revision: 'e82be7d358', time: '2018-11-14T08:25:53'
System info: host: 'FA28158', ip: '10.0.0.28', os.name: 'Windows 11', os.arch: 'amd64', os.version: '10.0', java.version: '1.8.0_362'
Driver info: com.kms.katalon.selenium.driver.CChromeDriver
Capabilities {acceptInsecureCerts: false, browserName: chrome, browserVersion: 115.0.5790.110, chrome: {chromedriverVersion: 114.0.5735.90 (386bc09e8f4f..., userDataDir: C:\Users\LellKir\AppData\Lo...}, goog:chromeOptions: {debuggerAddress: localhost:53189}, javascriptEnabled: true, networkConnectionEnabled: false, pageLoadStrategy: normal, platform: WINDOWS, platformName: WINDOWS, proxy: Proxy(), setWindowRect: true, strictFileInteractability: false, timeouts: {implicit: 0, pageLoad: 300000, script: 30000}, unhandledPromptBehavior: dismiss and notify, webauthn:extension:credBlob: true, webauthn:extension:largeBlob: true, webauthn:extension:minPinLength: true, webauthn:extension:prf: true, webauthn:virtualAuthenticators: true}
Session ID: 3b9df8091e4d1f10c0c81b4db8d7c78e
	at org.openqa.selenium.remote.http.W3CHttpResponseCodec.createException(W3CHttpResponseCodec.java:187)
	at org.openqa.selenium.remote.http.W3CHttpResponseCodec.decode(W3CHttpResponseCodec.java:122)
	at org.openqa.selenium.remote.http.W3CHttpResponseCodec.decode(W3CHttpResponseCodec.java:49)
	at org.openqa.selenium.remote.HttpCommandExecutor.execute(HttpCommandExecutor.java:158)
	at org.openqa.selenium.remote.service.DriverCommandExecutor.execute(DriverCommandExecutor.java:83)
	at org.openqa.selenium.remote.RemoteWebDriver.execute(RemoteWebDriver.java:552)
	at com.kms.katalon.selenium.driver.CChromeDriver.execute(CChromeDriver.java:19)
	at com.assertthat.selenium_shutterbug.utils.web.Browser.sendCommand(Browser.java:675)
	at com.assertthat.selenium_shutterbug.utils.web.Browser.takeFullPageScreenshotChromeCommand(Browser.java:549)
	at com.assertthat.selenium_shutterbug.utils.web.Browser.takeFullPageScreenshot(Browser.java:150)
	at com.assertthat.selenium_shutterbug.core.Shutterbug.shootPage(Shutterbug.java:154)
	at com.assertthat.selenium_shutterbug.core.Shutterbug.shootPage(Shutterbug.java:83)
	at com.assertthat.selenium_shutterbug.core.Shutterbug.shootPage(Shutterbug.java:69)
	at com.kms.katalon.core.webui.util.FileUtil.takeFullPageScreenshot(FileUtil.java:86)
	at com.kms.katalon.core.webui.keyword.builtin.TakeFullPageScreenshotKeyword$_takeScreenshot_closure1.doCall(TakeFullPageScreenshotKeyword.groovy:126)
	at com.kms.katalon.core.webui.keyword.builtin.TakeFullPageScreenshotKeyword$_takeScreenshot_closure1.call(TakeFullPageScreenshotKeyword.groovy)
	at com.kms.katalon.core.webui.keyword.internal.WebUIKeywordMain.runKeyword(WebUIKeywordMain.groovy:20)
	at com.kms.katalon.core.webui.keyword.builtin.TakeFullPageScreenshotKeyword.takeScreenshot(TakeFullPageScreenshotKeyword.groovy:125)
	at com.kms.katalon.core.webui.keyword.builtin.TakeFullPageScreenshotKeyword.execute(TakeFullPageScreenshotKeyword.groovy:82)
	at com.kms.katalon.core.keyword.internal.KeywordExecutor.executeKeywordForPlatform(KeywordExecutor.groovy:74)
	at com.kms.katalon.core.webui.keyword.WebUiBuiltInKeywords.takeFullPageScreenshot(WebUiBuiltInKeywords.groovy:3283)
	at com.kms.katalon.core.webui.keyword.WebUiBuiltInKeywords$takeFullPageScreenshot$2.call(Unknown Source)
	at PC_Login.run(PC_Login:50)
	at com.kms.katalon.core.main.ScriptEngine.run(ScriptEngine.java:194)
	at com.kms.katalon.core.main.ScriptEngine.runScriptAsRawText(ScriptEngine.java:119)
	at com.kms.katalon.core.main.TestCaseExecutor.runScript(TestCaseExecutor.java:448)
	at com.kms.katalon.core.main.TestCaseExecutor.doExecute(TestCaseExecutor.java:439)
	at com.kms.katalon.core.main.TestCaseExecutor.processExecutionPhase(TestCaseExecutor.java:418)
	at com.kms.katalon.core.main.TestCaseExecutor.accessMainPhase(TestCaseExecutor.java:410)
	at com.kms.katalon.core.main.TestCaseExecutor.execute(TestCaseExecutor.java:285)
	at com.kms.katalon.core.main.TestCaseMain.runTestCase(TestCaseMain.java:144)
	at com.kms.katalon.core.keyword.builtin.CallTestCaseKeyword$_callTestCase_closure1.doCall(CallTestCaseKeyword.groovy:59)
	at com.kms.katalon.core.keyword.builtin.CallTestCaseKeyword$_callTestCase_closure1.call(CallTestCaseKeyword.groovy)
	at com.kms.katalon.core.keyword.internal.KeywordMain.runKeyword(KeywordMain.groovy:75)
	at com.kms.katalon.core.keyword.builtin.CallTestCaseKeyword.callTestCase(CallTestCaseKeyword.groovy:81)
	at com.kms.katalon.core.keyword.builtin.CallTestCaseKeyword.execute(CallTestCaseKeyword.groovy:44)
	at com.kms.katalon.core.keyword.internal.KeywordExecutor.executeKeywordForPlatform(KeywordExecutor.groovy:74)
	at com.kms.katalon.core.keyword.BuiltinKeywords.callTestCase(BuiltinKeywords.groovy:310)
	at Portal_SmokeTest_IAState.run(Portal_SmokeTest_IAState:206)
	... 13 more
)

2024-04-11 23:36:39 - [TEST_CASE][FAILED] - Test Cases/PolicyCenter_Pages/PC_CommonScreens/PC_Login: Test Cases/PolicyCenter_Pages/PC_CommonScreens/PC_Login FAILED.
Reason:
com.kms.katalon.core.exception.StepFailedException: Cannot take screenshot
	at com.kms.katalon.core.webui.keyword.internal.WebUIKeywordMain.stepFailed(WebUIKeywordMain.groovy:64)
	at com.kms.katalon.core.webui.keyword.internal.WebUIKeywordMain.runKeyword(WebUIKeywordMain.groovy:26)
	at com.kms.katalon.core.webui.keyword.builtin.TakeFullPageScreenshotKeyword.takeScreenshot(TakeFullPageScreenshotKeyword.groovy:125)
	at com.kms.katalon.core.webui.keyword.builtin.TakeFullPageScreenshotKeyword.execute(TakeFullPageScreenshotKeyword.groovy:82)
	at com.kms.katalon.core.keyword.internal.KeywordExecutor.executeKeywordForPlatform(KeywordExecutor.groovy:74)
	at com.kms.katalon.core.webui.keyword.WebUiBuiltInKeywords.takeFullPageScreenshot(WebUiBuiltInKeywords.groovy:3283)
	at com.kms.katalon.core.webui.keyword.WebUiBuiltInKeywords$takeFullPageScreenshot$2.call(Unknown Source)
	at PC_Login.run(PC_Login:50)
	at com.kms.katalon.core.main.ScriptEngine.run(ScriptEngine.java:194)
	at com.kms.katalon.core.main.ScriptEngine.runScriptAsRawText(ScriptEngine.java:119)
	at com.kms.katalon.core.main.TestCaseExecutor.runScript(TestCaseExecutor.java:448)
	at com.kms.katalon.core.main.TestCaseExecutor.doExecute(TestCaseExecutor.java:439)
	at com.kms.katalon.core.main.TestCaseExecutor.processExecutionPhase(TestCaseExecutor.java:418)
	at com.kms.katalon.core.main.TestCaseExecutor.accessMainPhase(TestCaseExecutor.java:410)
	at com.kms.katalon.core.main.TestCaseExecutor.execute(TestCaseExecutor.java:285)
	at com.kms.katalon.core.main.TestCaseMain.runTestCase(TestCaseMain.java:144)
	at com.kms.katalon.core.keyword.builtin.CallTestCaseKeyword$_callTestCase_closure1.doCall(CallTestCaseKeyword.groovy:59)
	at com.kms.katalon.core.keyword.builtin.CallTestCaseKeyword$_callTestCase_closure1.call(CallTestCaseKeyword.groovy)
	at com.kms.katalon.core.keyword.internal.KeywordMain.runKeyword(KeywordMain.groovy:75)
	at com.kms.katalon.core.keyword.builtin.CallTestCaseKeyword.callTestCase(CallTestCaseKeyword.groovy:81)
	at com.kms.katalon.core.keyword.builtin.CallTestCaseKeyword.execute(CallTestCaseKeyword.groovy:44)
	at com.kms.katalon.core.keyword.internal.KeywordExecutor.executeKeywordForPlatform(KeywordExecutor.groovy:74)
	at com.kms.katalon.core.keyword.BuiltinKeywords.callTestCase(BuiltinKeywords.groovy:310)
	at Portal_SmokeTest_IAState.run(Portal_SmokeTest_IAState:206)
	at com.kms.katalon.core.main.ScriptEngine.run(ScriptEngine.java:194)
	at com.kms.katalon.core.main.ScriptEngine.runScriptAsRawText(ScriptEngine.java:119)
	at com.kms.katalon.core.main.TestCaseExecutor.runScript(TestCaseExecutor.java:448)
	at com.kms.katalon.core.main.TestCaseExecutor.doExecute(TestCaseExecutor.java:439)
	at com.kms.katalon.core.main.TestCaseExecutor.processExecutionPhase(TestCaseExecutor.java:418)
	at com.kms.katalon.core.main.TestCaseExecutor.accessMainPhase(TestCaseExecutor.java:410)
	at com.kms.katalon.core.main.TestCaseExecutor.execute(TestCaseExecutor.java:285)
	at com.kms.katalon.core.common.CommonExecutor.accessTestCaseMainPhase(CommonExecutor.java:65)
	at com.kms.katalon.core.main.TestSuiteExecutor.accessTestSuiteMainPhase(TestSuiteExecutor.java:148)
	at com.kms.katalon.core.main.TestSuiteExecutor.execute(TestSuiteExecutor.java:106)
	at com.kms.katalon.core.main.TestCaseMain.startTestSuite(TestCaseMain.java:187)
	at com.kms.katalon.core.main.TestCaseMain$startTestSuite$0.call(Unknown Source)
	at TempTestSuite1712892562095.run(TempTestSuite1712892562095.groovy:36)
Caused by: java.lang.RuntimeException: java.lang.reflect.InvocationTargetException
	at com.assertthat.selenium_shutterbug.utils.web.Browser.sendCommand(Browser.java:678)
	at com.assertthat.selenium_shutterbug.utils.web.Browser.takeFullPageScreenshotChromeCommand(Browser.java:549)
	at com.assertthat.selenium_shutterbug.utils.web.Browser.takeFullPageScreenshot(Browser.java:150)
	at com.assertthat.selenium_shutterbug.core.Shutterbug.shootPage(Shutterbug.java:154)
	at com.assertthat.selenium_shutterbug.core.Shutterbug.shootPage(Shutterbug.java:83)
	at com.assertthat.selenium_shutterbug.core.Shutterbug.shootPage(Shutterbug.java:69)
	at com.kms.katalon.core.webui.util.FileUtil.takeFullPageScreenshot(FileUtil.java:86)
	at com.kms.katalon.core.webui.keyword.builtin.TakeFullPageScreenshotKeyword$_takeScreenshot_closure1.doCall(TakeFullPageScreenshotKeyword.groovy:126)
	at com.kms.katalon.core.webui.keyword.builtin.TakeFullPageScreenshotKeyword$_takeScreenshot_closure1.call(TakeFullPageScreenshotKeyword.groovy)
	at com.kms.katalon.core.webui.keyword.internal.WebUIKeywordMain.runKeyword(WebUIKeywordMain.groovy:20)
	at com.kms.katalon.core.webui.keyword.builtin.TakeFullPageScreenshotKeyword.takeScreenshot(TakeFullPageScreenshotKeyword.groovy:125)
	at com.kms.katalon.core.webui.keyword.builtin.TakeFullPageScreenshotKeyword.execute(TakeFullPageScreenshotKeyword.groovy:82)
	at com.kms.katalon.core.keyword.internal.KeywordExecutor.executeKeywordForPlatform(KeywordExecutor.groovy:74)
	at com.kms.katalon.core.webui.keyword.WebUiBuiltInKeywords.takeFullPageScreenshot(WebUiBuiltInKeywords.groovy:3283)
	at com.kms.katalon.core.webui.keyword.WebUiBuiltInKeywords$takeFullPageScreenshot$2.call(Unknown Source)
	at Script1683558651933.run(Script1683558651933.groovy:50)
	at com.kms.katalon.core.main.ScriptEngine.run(ScriptEngine.java:194)
	at com.kms.katalon.core.main.ScriptEngine.runScriptAsRawText(ScriptEngine.java:119)
	at com.kms.katalon.core.main.TestCaseExecutor.runScript(TestCaseExecutor.java:448)
	at com.kms.katalon.core.main.TestCaseExecutor.doExecute(TestCaseExecutor.java:439)
	at com.kms.katalon.core.main.TestCaseExecutor.processExecutionPhase(TestCaseExecutor.java:418)
	at com.kms.katalon.core.main.TestCaseExecutor.accessMainPhase(TestCaseExecutor.java:410)
	at com.kms.katalon.core.main.TestCaseExecutor.execute(TestCaseExecutor.java:285)
	at com.kms.katalon.core.main.TestCaseMain.runTestCase(TestCaseMain.java:144)
	at com.kms.katalon.core.keyword.builtin.CallTestCaseKeyword$_callTestCase_closure1.doCall(CallTestCaseKeyword.groovy:59)
	at com.kms.katalon.core.keyword.builtin.CallTestCaseKeyword$_callTestCase_closure1.call(CallTestCaseKeyword.groovy)
	at com.kms.katalon.core.keyword.internal.KeywordMain.runKeyword(KeywordMain.groovy:75)
	at com.kms.katalon.core.keyword.builtin.CallTestCaseKeyword.callTestCase(CallTestCaseKeyword.groovy:81)
	at com.kms.katalon.core.keyword.builtin.CallTestCaseKeyword.execute(CallTestCaseKeyword.groovy:44)
	at com.kms.katalon.core.keyword.internal.KeywordExecutor.executeKeywordForPlatform(KeywordExecutor.groovy:74)
	at com.kms.katalon.core.keyword.BuiltinKeywords.callTestCase(BuiltinKeywords.groovy:310)
	at Script1689773001064.run(Script1689773001064.groovy:206)
	... 13 more
Caused by: java.lang.reflect.InvocationTargetException
	at com.assertthat.selenium_shutterbug.utils.web.Browser.sendCommand(Browser.java:675)
	... 44 more
Caused by: org.openqa.selenium.TimeoutException: timeout: Timed out receiving message from renderer: 600.000
  (Session info: chrome=115.0.5790.110)
Build info: version: '3.141.59', revision: 'e82be7d358', time: '2018-11-14T08:25:53'
System info: host: 'FA28158', ip: '10.0.0.28', os.name: 'Windows 11', os.arch: 'amd64', os.version: '10.0', java.version: '1.8.0_362'
Driver info: com.kms.katalon.selenium.driver.CChromeDriver
Capabilities {acceptInsecureCerts: false, browserName: chrome, browserVersion: 115.0.5790.110, chrome: {chromedriverVersion: 114.0.5735.90 (386bc09e8f4f..., userDataDir: C:\Users\LellKir\AppData\Lo...}, goog:chromeOptions: {debuggerAddress: localhost:53189}, javascriptEnabled: true, networkConnectionEnabled: false, pageLoadStrategy: normal, platform: WINDOWS, platformName: WINDOWS, proxy: Proxy(), setWindowRect: true, strictFileInteractability: false, timeouts: {implicit: 0, pageLoad: 300000, script: 30000}, unhandledPromptBehavior: dismiss and notify, webauthn:extension:credBlob: true, webauthn:extension:largeBlob: true, webauthn:extension:minPinLength: true, webauthn:extension:prf: true, webauthn:virtualAuthenticators: true}
Session ID: 3b9df8091e4d1f10c0c81b4db8d7c78e
	at org.openqa.selenium.remote.http.W3CHttpResponseCodec.createException(W3CHttpResponseCodec.java:187)
	at org.openqa.selenium.remote.http.W3CHttpResponseCodec.decode(W3CHttpResponseCodec.java:122)
	at org.openqa.selenium.remote.http.W3CHttpResponseCodec.decode(W3CHttpResponseCodec.java:49)
	at org.openqa.selenium.remote.HttpCommandExecutor.execute(HttpCommandExecutor.java:158)
	at org.openqa.selenium.remote.service.DriverCommandExecutor.execute(DriverCommandExecutor.java:83)
	at org.openqa.selenium.remote.RemoteWebDriver.execute(RemoteWebDriver.java:552)
	at com.kms.katalon.selenium.driver.CChromeDriver.execute(CChromeDriver.java:19)
	at com.assertthat.selenium_shutterbug.utils.web.Browser.sendCommand(Browser.java:675)
	at com.assertthat.selenium_shutterbug.utils.web.Browser.takeFullPageScreenshotChromeCommand(Browser.java:549)
	at com.assertthat.selenium_shutterbug.utils.web.Browser.takeFullPageScreenshot(Browser.java:150)
	at com.assertthat.selenium_shutterbug.core.Shutterbug.shootPage(Shutterbug.java:154)
	at com.assertthat.selenium_shutterbug.core.Shutterbug.shootPage(Shutterbug.java:83)
	at com.assertthat.selenium_shutterbug.core.Shutterbug.shootPage(Shutterbug.java:69)
	at com.kms.katalon.core.webui.util.FileUtil.takeFullPageScreenshot(FileUtil.java:86)
	at com.kms.katalon.core.webui.keyword.builtin.TakeFullPageScreenshotKeyword$_takeScreenshot_closure1.doCall(TakeFullPageScreenshotKeyword.groovy:126)
	at com.kms.katalon.core.webui.keyword.builtin.TakeFullPageScreenshotKeyword$_takeScreenshot_closure1.call(TakeFullPageScreenshotKeyword.groovy)
	at com.kms.katalon.core.webui.keyword.internal.WebUIKeywordMain.runKeyword(WebUIKeywordMain.groovy:20)
	at com.kms.katalon.core.webui.keyword.builtin.TakeFullPageScreenshotKeyword.takeScreenshot(TakeFullPageScreenshotKeyword.groovy:125)
	at com.kms.katalon.core.webui.keyword.builtin.TakeFullPageScreenshotKeyword.execute(TakeFullPageScreenshotKeyword.groovy:82)
	at com.kms.katalon.core.keyword.internal.KeywordExecutor.executeKeywordForPlatform(KeywordExecutor.groovy:74)
	at com.kms.katalon.core.webui.keyword.WebUiBuiltInKeywords.takeFullPageScreenshot(WebUiBuiltInKeywords.groovy:3283)
	at com.kms.katalon.core.webui.keyword.WebUiBuiltInKeywords$takeFullPageScreenshot$2.call(Unknown Source)
	at PC_Login.run(PC_Login:50)
	at com.kms.katalon.core.main.ScriptEngine.run(ScriptEngine.java:194)
	at com.kms.katalon.core.main.ScriptEngine.runScriptAsRawText(ScriptEngine.java:119)
	at com.kms.katalon.core.main.TestCaseExecutor.runScript(TestCaseExecutor.java:448)
	at com.kms.katalon.core.main.TestCaseExecutor.doExecute(TestCaseExecutor.java:439)
	at com.kms.katalon.core.main.TestCaseExecutor.processExecutionPhase(TestCaseExecutor.java:418)
	at com.kms.katalon.core.main.TestCaseExecutor.accessMainPhase(TestCaseExecutor.java:410)
	at com.kms.katalon.core.main.TestCaseExecutor.execute(TestCaseExecutor.java:285)
	at com.kms.katalon.core.main.TestCaseMain.runTestCase(TestCaseMain.java:144)
	at com.kms.katalon.core.keyword.builtin.CallTestCaseKeyword$_callTestCase_closure1.doCall(CallTestCaseKeyword.groovy:59)
	at com.kms.katalon.core.keyword.builtin.CallTestCaseKeyword$_callTestCase_closure1.call(CallTestCaseKeyword.groovy)
	at com.kms.katalon.core.keyword.internal.KeywordMain.runKeyword(KeywordMain.groovy:75)
	at com.kms.katalon.core.keyword.builtin.CallTestCaseKeyword.callTestCase(CallTestCaseKeyword.groovy:81)
	at com.kms.katalon.core.keyword.builtin.CallTestCaseKeyword.execute(CallTestCaseKeyword.groovy:44)
	at com.kms.katalon.core.keyword.internal.KeywordExecutor.executeKeywordForPlatform(KeywordExecutor.groovy:74)
	at com.kms.katalon.core.keyword.BuiltinKeywords.callTestCase(BuiltinKeywords.groovy:310)
	at Portal_SmokeTest_IAState.run(Portal_SmokeTest_IAState:206)
	... 13 more


2024-04-11 23:36:40 - [TEST_STEP][PASSED] - openBrowser(""): Browser is opened with url: ''

2024-04-11 23:36:40 - [MESSAGE][WARNING] - A browser is already opened. Closing browser and opening a new one

2024-04-11 23:36:41 - [MESSAGE][INFO] - Starting 'Chrome' driver

2024-04-11 23:36:41 - [MESSAGE][INFO] - Action delay is set to 0 milliseconds

2024-04-11 23:36:42 - [MESSAGE][PASSED] - Browser is opened with url: ''

2024-04-11 23:36:42 - [TEST_STEP][PASSED] - deleteAllCookies(): Delete all cookies successfully

2024-04-11 23:36:42 - [MESSAGE][PASSED] - Delete all cookies successfully

2024-04-11 23:36:42 - [TEST_STEP][PASSED] - maximizeWindow(): Current window maximized

2024-04-11 23:36:42 - [MESSAGE][PASSED] - Current window maximized

2024-04-11 23:36:42 - [TEST_STEP][PASSED] - takeFullPageScreenshot(): Taking screenshot successfully

2024-04-11 23:36:43 - [MESSAGE][INFO] - 0 hidden object(s)

2024-04-11 23:36:43 - [MESSAGE][PASSED] - Taking screenshot successfully
[[ATTACHMENT|C:\\Users\\LellKir\\git\\HMIC-Portal\\HMIC-Portal\\HMIC-Portal\\HMIC-Portal\\HMIC-Portal\\HMIC-Portal\\Reports\\20240411_232922\\AgencyPortal_SmokeTest_WC\\20240411_232922\\1712893002802.png]]

2024-04-11 23:36:43 - [TEST_STEP][PASSED] - navigateToUrl(URL): Navigate to 'https://qaservices.hastingsmutual.com/Authentication/Login?ReturnUrl=https://policycenter.qa1.hastingsmutual.com/pc/service/ssosaml' successfully

2024-04-11 23:36:44 - [MESSAGE][PASSED] - Navigate to 'https://qaservices.hastingsmutual.com/Authentication/Login?ReturnUrl=https://policycenter.qa1.hastingsmutual.com/pc/service/ssosaml' successfully

2024-04-11 23:36:44 - [TEST_STEP][PASSED] - takeFullPageScreenshot(): Taking screenshot successfully

2024-04-11 23:36:44 - [MESSAGE][INFO] - 0 hidden object(s)

2024-04-11 23:36:44 - [MESSAGE][PASSED] - Taking screenshot successfully
[[ATTACHMENT|C:\\Users\\LellKir\\git\\HMIC-Portal\\HMIC-Portal\\HMIC-Portal\\HMIC-Portal\\HMIC-Portal\\HMIC-Portal\\Reports\\20240411_232922\\AgencyPortal_SmokeTest_WC\\20240411_232922\\1712893004348.png]]

2024-04-11 23:36:44 - [TEST_STEP][PASSED] - click(findTestObject("Object Repository/PolicyCenter_Login/div_PC_Login_Link_ClickHereToLogin"), OPTIONAL): Unable to click on object 'Object Repository/PolicyCenter_Login/div_PC_Login_Link_ClickHereToLogin' (Root cause: com.kms.katalon.core.exception.StepFailedException: Unable to click on object 'Object Repository/PolicyCenter_Login/div_PC_Login_Link_ClickHereToLogin'
	at com.kms.katalon.core.webui.keyword.internal.WebUIKeywordMain.stepFailed(WebUIKeywordMain.groovy:64)
	at com.kms.katalon.core.webui.keyword.internal.WebUIKeywordMain.runKeyword(WebUIKeywordMain.groovy:26)
	at com.kms.katalon.core.webui.keyword.builtin.ClickKeyword.click(ClickKeyword.groovy:74)
	at com.kms.katalon.core.webui.keyword.builtin.ClickKeyword.execute(ClickKeyword.groovy:40)
	at com.kms.katalon.core.keyword.internal.KeywordExecutor.executeKeywordForPlatform(KeywordExecutor.groovy:74)
	at com.kms.katalon.core.webui.keyword.WebUiBuiltInKeywords.click(WebUiBuiltInKeywords.groovy:608)
	at com.kms.katalon.core.webui.keyword.WebUiBuiltInKeywords$click$5.call(Unknown Source)
	at PC_Login.run(PC_Login:32)
	at com.kms.katalon.core.main.ScriptEngine.run(ScriptEngine.java:194)
	at com.kms.katalon.core.main.ScriptEngine.runScriptAsRawText(ScriptEngine.java:119)
	at com.kms.katalon.core.main.TestCaseExecutor.runScript(TestCaseExecutor.java:448)
	at com.kms.katalon.core.main.TestCaseExecutor.doExecute(TestCaseExecutor.java:439)
	at com.kms.katalon.core.main.TestCaseExecutor.processExecutionPhase(TestCaseExecutor.java:418)
	at com.kms.katalon.core.main.TestCaseExecutor.accessMainPhase(TestCaseExecutor.java:410)
	at com.kms.katalon.core.main.TestCaseExecutor.execute(TestCaseExecutor.java:285)
	at com.kms.katalon.core.main.TestCaseMain.runTestCase(TestCaseMain.java:144)
	at com.kms.katalon.core.keyword.builtin.CallTestCaseKeyword$_callTestCase_closure1.doCall(CallTestCaseKeyword.groovy:59)
	at com.kms.katalon.core.keyword.builtin.CallTestCaseKeyword$_callTestCase_closure1.call(CallTestCaseKeyword.groovy)
	at com.kms.katalon.core.keyword.internal.KeywordMain.runKeyword(KeywordMain.groovy:75)
	at com.kms.katalon.core.keyword.builtin.CallTestCaseKeyword.callTestCase(CallTestCaseKeyword.groovy:81)
	at com.kms.katalon.core.keyword.builtin.CallTestCaseKeyword.execute(CallTestCaseKeyword.groovy:44)
	at com.kms.katalon.core.keyword.internal.KeywordExecutor.executeKeywordForPlatform(KeywordExecutor.groovy:74)
	at com.kms.katalon.core.keyword.BuiltinKeywords.callTestCase(BuiltinKeywords.groovy:310)
	at Portal_SmokeTest_IAState.run(Portal_SmokeTest_IAState:206)
	at com.kms.katalon.core.main.ScriptEngine.run(ScriptEngine.java:194)
	at com.kms.katalon.core.main.ScriptEngine.runScriptAsRawText(ScriptEngine.java:119)
	at com.kms.katalon.core.main.TestCaseExecutor.runScript(TestCaseExecutor.java:448)
	at com.kms.katalon.core.main.TestCaseExecutor.doExecute(TestCaseExecutor.java:439)
	at com.kms.katalon.core.main.TestCaseExecutor.processExecutionPhase(TestCaseExecutor.java:418)
	at com.kms.katalon.core.main.TestCaseExecutor.accessMainPhase(TestCaseExecutor.java:410)
	at com.kms.katalon.core.main.TestCaseExecutor.execute(TestCaseExecutor.java:285)
	at com.kms.katalon.core.common.CommonExecutor.accessTestCaseMainPhase(CommonExecutor.java:65)
	at com.kms.katalon.core.main.TestSuiteExecutor.accessTestSuiteMainPhase(TestSuiteExecutor.java:148)
	at com.kms.katalon.core.main.TestSuiteExecutor.execute(TestSuiteExecutor.java:106)
	at com.kms.katalon.core.main.TestCaseMain.startTestSuite(TestCaseMain.java:187)
	at com.kms.katalon.core.main.TestCaseMain$startTestSuite$0.call(Unknown Source)
	at TempTestSuite1712892562095.run(TempTestSuite1712892562095.groovy:36)
Caused by: com.kms.katalon.core.webui.exception.WebElementNotFoundException: Web element with id: 'Object Repository/PolicyCenter_Login/div_PC_Login_Link_ClickHereToLogin' located by '//div[contains(@id,'LoginDetailsInputSet-LoginLink')]' not found
	at com.kms.katalon.core.webui.common.WebUiCommonHelper.findWebElement(WebUiCommonHelper.java:1381)
	at com.kms.katalon.core.webui.keyword.internal.WebUIAbstractKeyword.findWebElement(WebUIAbstractKeyword.groovy:27)
	at com.kms.katalon.core.webui.keyword.builtin.ClickKeyword$_click_closure1.doCall(ClickKeyword.groovy:65)
	at com.kms.katalon.core.webui.keyword.builtin.ClickKeyword$_click_closure1.call(ClickKeyword.groovy)
	at com.kms.katalon.core.webui.keyword.internal.WebUIKeywordMain.runKeyword(WebUIKeywordMain.groovy:20)
	at com.kms.katalon.core.webui.keyword.builtin.ClickKeyword.click(ClickKeyword.groovy:74)
	at com.kms.katalon.core.webui.keyword.builtin.ClickKeyword.execute(ClickKeyword.groovy:40)
	at com.kms.katalon.core.keyword.internal.KeywordExecutor.executeKeywordForPlatform(KeywordExecutor.groovy:74)
	at com.kms.katalon.core.webui.keyword.WebUiBuiltInKeywords.click(WebUiBuiltInKeywords.groovy:608)
	at com.kms.katalon.core.webui.keyword.WebUiBuiltInKeywords$click$5.call(Unknown Source)
	at Script1683558651933.run(Script1683558651933.groovy:32)
	at com.kms.katalon.core.main.ScriptEngine.run(ScriptEngine.java:194)
	at com.kms.katalon.core.main.ScriptEngine.runScriptAsRawText(ScriptEngine.java:119)
	at com.kms.katalon.core.main.TestCaseExecutor.runScript(TestCaseExecutor.java:448)
	at com.kms.katalon.core.main.TestCaseExecutor.doExecute(TestCaseExecutor.java:439)
	at com.kms.katalon.core.main.TestCaseExecutor.processExecutionPhase(TestCaseExecutor.java:418)
	at com.kms.katalon.core.main.TestCaseExecutor.accessMainPhase(TestCaseExecutor.java:410)
	at com.kms.katalon.core.main.TestCaseExecutor.execute(TestCaseExecutor.java:285)
	at com.kms.katalon.core.main.TestCaseMain.runTestCase(TestCaseMain.java:144)
	at com.kms.katalon.core.keyword.builtin.CallTestCaseKeyword$_callTestCase_closure1.doCall(CallTestCaseKeyword.groovy:59)
	at com.kms.katalon.core.keyword.builtin.CallTestCaseKeyword$_callTestCase_closure1.call(CallTestCaseKeyword.groovy)
	at com.kms.katalon.core.keyword.internal.KeywordMain.runKeyword(KeywordMain.groovy:75)
	at com.kms.katalon.core.keyword.builtin.CallTestCaseKeyword.callTestCase(CallTestCaseKeyword.groovy:81)
	at com.kms.katalon.core.keyword.builtin.CallTestCaseKeyword.execute(CallTestCaseKeyword.groovy:44)
	at com.kms.katalon.core.keyword.internal.KeywordExecutor.executeKeywordForPlatform(KeywordExecutor.groovy:74)
	at com.kms.katalon.core.keyword.BuiltinKeywords.callTestCase(BuiltinKeywords.groovy:310)
	at Script1689773001064.run(Script1689773001064.groovy:206)
	... 13 more
)

2024-04-11 23:37:17 - [MESSAGE][INFO] - Unable to find the element located by 'By.xpath: //div[contains(@id,'LoginDetailsInputSet-LoginLink')]'. Please recheck the objects properties to make sure the desired element is located. 

2024-04-11 23:37:17 - [MESSAGE][WARNING] - [SELF-HEALING] Failed to find element with id 'Object Repository/PolicyCenter_Login/div_PC_Login_Link_ClickHereToLogin'. Try using Self-healing.

2024-04-11 23:37:18 - [MESSAGE][INFO] - [SELF-HEALING] No working XPath is found.

2024-04-11 23:37:20 - [MESSAGE][INFO] - Unable to find the element located by 'By.xpath: '. Please recheck the objects properties to make sure the desired element is located. 

2024-04-11 23:37:20 - [MESSAGE][WARNING] - [SELF-HEALING] Cannot find elements when the selector is null

2024-04-11 23:37:21 - [MESSAGE][WARNING] - Unable to click on object 'Object Repository/PolicyCenter_Login/div_PC_Login_Link_ClickHereToLogin' (Root cause: com.kms.katalon.core.exception.StepFailedException: Unable to click on object 'Object Repository/PolicyCenter_Login/div_PC_Login_Link_ClickHereToLogin'
	at com.kms.katalon.core.webui.keyword.internal.WebUIKeywordMain.stepFailed(WebUIKeywordMain.groovy:64)
	at com.kms.katalon.core.webui.keyword.internal.WebUIKeywordMain.runKeyword(WebUIKeywordMain.groovy:26)
	at com.kms.katalon.core.webui.keyword.builtin.ClickKeyword.click(ClickKeyword.groovy:74)
	at com.kms.katalon.core.webui.keyword.builtin.ClickKeyword.execute(ClickKeyword.groovy:40)
	at com.kms.katalon.core.keyword.internal.KeywordExecutor.executeKeywordForPlatform(KeywordExecutor.groovy:74)
	at com.kms.katalon.core.webui.keyword.WebUiBuiltInKeywords.click(WebUiBuiltInKeywords.groovy:608)
	at com.kms.katalon.core.webui.keyword.WebUiBuiltInKeywords$click$5.call(Unknown Source)
	at PC_Login.run(PC_Login:32)
	at com.kms.katalon.core.main.ScriptEngine.run(ScriptEngine.java:194)
	at com.kms.katalon.core.main.ScriptEngine.runScriptAsRawText(ScriptEngine.java:119)
	at com.kms.katalon.core.main.TestCaseExecutor.runScript(TestCaseExecutor.java:448)
	at com.kms.katalon.core.main.TestCaseExecutor.doExecute(TestCaseExecutor.java:439)
	at com.kms.katalon.core.main.TestCaseExecutor.processExecutionPhase(TestCaseExecutor.java:418)
	at com.kms.katalon.core.main.TestCaseExecutor.accessMainPhase(TestCaseExecutor.java:410)
	at com.kms.katalon.core.main.TestCaseExecutor.execute(TestCaseExecutor.java:285)
	at com.kms.katalon.core.main.TestCaseMain.runTestCase(TestCaseMain.java:144)
	at com.kms.katalon.core.keyword.builtin.CallTestCaseKeyword$_callTestCase_closure1.doCall(CallTestCaseKeyword.groovy:59)
	at com.kms.katalon.core.keyword.builtin.CallTestCaseKeyword$_callTestCase_closure1.call(CallTestCaseKeyword.groovy)
	at com.kms.katalon.core.keyword.internal.KeywordMain.runKeyword(KeywordMain.groovy:75)
	at com.kms.katalon.core.keyword.builtin.CallTestCaseKeyword.callTestCase(CallTestCaseKeyword.groovy:81)
	at com.kms.katalon.core.keyword.builtin.CallTestCaseKeyword.execute(CallTestCaseKeyword.groovy:44)
	at com.kms.katalon.core.keyword.internal.KeywordExecutor.executeKeywordForPlatform(KeywordExecutor.groovy:74)
	at com.kms.katalon.core.keyword.BuiltinKeywords.callTestCase(BuiltinKeywords.groovy:310)
	at Portal_SmokeTest_IAState.run(Portal_SmokeTest_IAState:206)
	at com.kms.katalon.core.main.ScriptEngine.run(ScriptEngine.java:194)
	at com.kms.katalon.core.main.ScriptEngine.runScriptAsRawText(ScriptEngine.java:119)
	at com.kms.katalon.core.main.TestCaseExecutor.runScript(TestCaseExecutor.java:448)
	at com.kms.katalon.core.main.TestCaseExecutor.doExecute(TestCaseExecutor.java:439)
	at com.kms.katalon.core.main.TestCaseExecutor.processExecutionPhase(TestCaseExecutor.java:418)
	at com.kms.katalon.core.main.TestCaseExecutor.accessMainPhase(TestCaseExecutor.java:410)
	at com.kms.katalon.core.main.TestCaseExecutor.execute(TestCaseExecutor.java:285)
	at com.kms.katalon.core.common.CommonExecutor.accessTestCaseMainPhase(CommonExecutor.java:65)
	at com.kms.katalon.core.main.TestSuiteExecutor.accessTestSuiteMainPhase(TestSuiteExecutor.java:148)
	at com.kms.katalon.core.main.TestSuiteExecutor.execute(TestSuiteExecutor.java:106)
	at com.kms.katalon.core.main.TestCaseMain.startTestSuite(TestCaseMain.java:187)
	at com.kms.katalon.core.main.TestCaseMain$startTestSuite$0.call(Unknown Source)
	at TempTestSuite1712892562095.run(TempTestSuite1712892562095.groovy:36)
Caused by: com.kms.katalon.core.webui.exception.WebElementNotFoundException: Web element with id: 'Object Repository/PolicyCenter_Login/div_PC_Login_Link_ClickHereToLogin' located by '//div[contains(@id,'LoginDetailsInputSet-LoginLink')]' not found
	at com.kms.katalon.core.webui.common.WebUiCommonHelper.findWebElement(WebUiCommonHelper.java:1381)
	at com.kms.katalon.core.webui.keyword.internal.WebUIAbstractKeyword.findWebElement(WebUIAbstractKeyword.groovy:27)
	at com.kms.katalon.core.webui.keyword.builtin.ClickKeyword$_click_closure1.doCall(ClickKeyword.groovy:65)
	at com.kms.katalon.core.webui.keyword.builtin.ClickKeyword$_click_closure1.call(ClickKeyword.groovy)
	at com.kms.katalon.core.webui.keyword.internal.WebUIKeywordMain.runKeyword(WebUIKeywordMain.groovy:20)
	at com.kms.katalon.core.webui.keyword.builtin.ClickKeyword.click(ClickKeyword.groovy:74)
	at com.kms.katalon.core.webui.keyword.builtin.ClickKeyword.execute(ClickKeyword.groovy:40)
	at com.kms.katalon.core.keyword.internal.KeywordExecutor.executeKeywordForPlatform(KeywordExecutor.groovy:74)
	at com.kms.katalon.core.webui.keyword.WebUiBuiltInKeywords.click(WebUiBuiltInKeywords.groovy:608)
	at com.kms.katalon.core.webui.keyword.WebUiBuiltInKeywords$click$5.call(Unknown Source)
	at Script1683558651933.run(Script1683558651933.groovy:32)
	at com.kms.katalon.core.main.ScriptEngine.run(ScriptEngine.java:194)
	at com.kms.katalon.core.main.ScriptEngine.runScriptAsRawText(ScriptEngine.java:119)
	at com.kms.katalon.core.main.TestCaseExecutor.runScript(TestCaseExecutor.java:448)
	at com.kms.katalon.core.main.TestCaseExecutor.doExecute(TestCaseExecutor.java:439)
	at com.kms.katalon.core.main.TestCaseExecutor.processExecutionPhase(TestCaseExecutor.java:418)
	at com.kms.katalon.core.main.TestCaseExecutor.accessMainPhase(TestCaseExecutor.java:410)
	at com.kms.katalon.core.main.TestCaseExecutor.execute(TestCaseExecutor.java:285)
	at com.kms.katalon.core.main.TestCaseMain.runTestCase(TestCaseMain.java:144)
	at com.kms.katalon.core.keyword.builtin.CallTestCaseKeyword$_callTestCase_closure1.doCall(CallTestCaseKeyword.groovy:59)
	at com.kms.katalon.core.keyword.builtin.CallTestCaseKeyword$_callTestCase_closure1.call(CallTestCaseKeyword.groovy)
	at com.kms.katalon.core.keyword.internal.KeywordMain.runKeyword(KeywordMain.groovy:75)
	at com.kms.katalon.core.keyword.builtin.CallTestCaseKeyword.callTestCase(CallTestCaseKeyword.groovy:81)
	at com.kms.katalon.core.keyword.builtin.CallTestCaseKeyword.execute(CallTestCaseKeyword.groovy:44)
	at com.kms.katalon.core.keyword.internal.KeywordExecutor.executeKeywordForPlatform(KeywordExecutor.groovy:74)
	at com.kms.katalon.core.keyword.BuiltinKeywords.callTestCase(BuiltinKeywords.groovy:310)
	at Script1689773001064.run(Script1689773001064.groovy:206)
	... 13 more
)
[[ATTACHMENT|C:\\Users\\LellKir\\git\\HMIC-Portal\\HMIC-Portal\\HMIC-Portal\\HMIC-Portal\\HMIC-Portal\\HMIC-Portal\\Reports\\20240411_232922\\AgencyPortal_SmokeTest_WC\\20240411_232922\\1712893040707.png]]

2024-04-11 23:37:21 - [TEST_STEP][PASSED] - setText(findTestObject("Object Repository/PolicyCenter_Login/input_PC_Login_TextBox_UserName"), PC_Username): Text 'testuwsup3' is set on object 'Object Repository/PolicyCenter_Login/input_PC_Login_TextBox_UserName'

2024-04-11 23:37:21 - [MESSAGE][PASSED] - Text 'testuwsup3' is set on object 'Object Repository/PolicyCenter_Login/input_PC_Login_TextBox_UserName'

2024-04-11 23:37:21 - [TEST_STEP][PASSED] - setText(findTestObject("Object Repository/PolicyCenter_Login/input_PC_Login_TextBox_Password"), PC_Password): Text 'Guide123Wire' is set on object 'Object Repository/PolicyCenter_Login/input_PC_Login_TextBox_Password'

2024-04-11 23:37:22 - [MESSAGE][PASSED] - Text 'Guide123Wire' is set on object 'Object Repository/PolicyCenter_Login/input_PC_Login_TextBox_Password'

2024-04-11 23:37:22 - [TEST_STEP][PASSED] - takeFullPageScreenshot(): Taking screenshot successfully

2024-04-11 23:37:23 - [MESSAGE][INFO] - 0 hidden object(s)

2024-04-11 23:37:23 - [MESSAGE][PASSED] - Taking screenshot successfully
[[ATTACHMENT|C:\\Users\\LellKir\\git\\HMIC-Portal\\HMIC-Portal\\HMIC-Portal\\HMIC-Portal\\HMIC-Portal\\HMIC-Portal\\Reports\\20240411_232922\\AgencyPortal_SmokeTest_WC\\20240411_232922\\1712893042577.png]]

2024-04-11 23:37:23 - [TEST_STEP][PASSED] - waitForElementVisible(findTestObject("PolicyCenter_Login/input_PC_Login_Button_Login"), 20): Object 'Object Repository/PolicyCenter_Login/input_PC_Login_Button_Login' is visible

2024-04-11 23:37:23 - [MESSAGE][PASSED] - Object 'Object Repository/PolicyCenter_Login/input_PC_Login_Button_Login' is visible

2024-04-11 23:37:23 - [TEST_STEP][PASSED] - click(findTestObject("Object Repository/PolicyCenter_Login/input_PC_Login_Button_Login")): Object: 'Object Repository/PolicyCenter_Login/input_PC_Login_Button_Login' is clicked on

2024-04-11 23:37:24 - [MESSAGE][PASSED] - Object: 'Object Repository/PolicyCenter_Login/input_PC_Login_Button_Login' is clicked on

2024-04-11 23:37:24 - [TEST_STEP][PASSED] - takeFullPageScreenshot(): Taking screenshot successfully

2024-04-11 23:37:24 - [MESSAGE][INFO] - 0 hidden object(s)

2024-04-11 23:37:24 - [MESSAGE][PASSED] - Taking screenshot successfully
[[ATTACHMENT|C:\\Users\\LellKir\\git\\HMIC-Portal\\HMIC-Portal\\HMIC-Portal\\HMIC-Portal\\HMIC-Portal\\HMIC-Portal\\Reports\\20240411_232922\\AgencyPortal_SmokeTest_WC\\20240411_232922\\1712893044062.png]]

2024-04-11 23:37:24 - [TEST_STEP][PASSED] - waitForElementVisible(findTestObject("PolicyCenter/PolicyCenterObjects/PC_Common_Label_Title"), 30): Object 'Object Repository/PolicyCenter/PolicyCenterObjects/PC_Common_Label_Title' is visible

2024-04-11 23:37:31 - [MESSAGE][PASSED] - Object 'Object Repository/PolicyCenter/PolicyCenterObjects/PC_Common_Label_Title' is visible

2024-04-11 23:37:31 - [TEST_STEP][PASSED] - verifyElementVisible(findTestObject("PolicyCenter/PolicyCenterObjects/PC_Common_Label_Title")): Object 'Object Repository/PolicyCenter/PolicyCenterObjects/PC_Common_Label_Title' is visible

2024-04-11 23:37:33 - [MESSAGE][PASSED] - Object 'Object Repository/PolicyCenter/PolicyCenterObjects/PC_Common_Label_Title' is visible

2024-04-11 23:37:33 - [TEST_STEP][FAILED] - takeFullPageScreenshot(): Cannot take screenshot (Root cause: com.kms.katalon.core.exception.StepFailedException: Cannot take screenshot
	at com.kms.katalon.core.webui.keyword.internal.WebUIKeywordMain.stepFailed(WebUIKeywordMain.groovy:64)
	at com.kms.katalon.core.webui.keyword.internal.WebUIKeywordMain.runKeyword(WebUIKeywordMain.groovy:26)
	at com.kms.katalon.core.webui.keyword.builtin.TakeFullPageScreenshotKeyword.takeScreenshot(TakeFullPageScreenshotKeyword.groovy:125)
	at com.kms.katalon.core.webui.keyword.builtin.TakeFullPageScreenshotKeyword.execute(TakeFullPageScreenshotKeyword.groovy:82)
	at com.kms.katalon.core.keyword.internal.KeywordExecutor.executeKeywordForPlatform(KeywordExecutor.groovy:74)
	at com.kms.katalon.core.webui.keyword.WebUiBuiltInKeywords.takeFullPageScreenshot(WebUiBuiltInKeywords.groovy:3283)
	at com.kms.katalon.core.webui.keyword.WebUiBuiltInKeywords$takeFullPageScreenshot$2.call(Unknown Source)
	at PC_Login.run(PC_Login:50)
	at com.kms.katalon.core.main.ScriptEngine.run(ScriptEngine.java:194)
	at com.kms.katalon.core.main.ScriptEngine.runScriptAsRawText(ScriptEngine.java:119)
	at com.kms.katalon.core.main.TestCaseExecutor.runScript(TestCaseExecutor.java:448)
	at com.kms.katalon.core.main.TestCaseExecutor.doExecute(TestCaseExecutor.java:439)
	at com.kms.katalon.core.main.TestCaseExecutor.processExecutionPhase(TestCaseExecutor.java:418)
	at com.kms.katalon.core.main.TestCaseExecutor.accessMainPhase(TestCaseExecutor.java:410)
	at com.kms.katalon.core.main.TestCaseExecutor.execute(TestCaseExecutor.java:285)
	at com.kms.katalon.core.main.TestCaseMain.runTestCase(TestCaseMain.java:144)
	at com.kms.katalon.core.keyword.builtin.CallTestCaseKeyword$_callTestCase_closure1.doCall(CallTestCaseKeyword.groovy:59)
	at com.kms.katalon.core.keyword.builtin.CallTestCaseKeyword$_callTestCase_closure1.call(CallTestCaseKeyword.groovy)
	at com.kms.katalon.core.keyword.internal.KeywordMain.runKeyword(KeywordMain.groovy:75)
	at com.kms.katalon.core.keyword.builtin.CallTestCaseKeyword.callTestCase(CallTestCaseKeyword.groovy:81)
	at com.kms.katalon.core.keyword.builtin.CallTestCaseKeyword.execute(CallTestCaseKeyword.groovy:44)
	at com.kms.katalon.core.keyword.internal.KeywordExecutor.executeKeywordForPlatform(KeywordExecutor.groovy:74)
	at com.kms.katalon.core.keyword.BuiltinKeywords.callTestCase(BuiltinKeywords.groovy:310)
	at Portal_SmokeTest_IAState.run(Portal_SmokeTest_IAState:206)
	at com.kms.katalon.core.main.ScriptEngine.run(ScriptEngine.java:194)
	at com.kms.katalon.core.main.ScriptEngine.runScriptAsRawText(ScriptEngine.java:119)
	at com.kms.katalon.core.main.TestCaseExecutor.runScript(TestCaseExecutor.java:448)
	at com.kms.katalon.core.main.TestCaseExecutor.doExecute(TestCaseExecutor.java:439)
	at com.kms.katalon.core.main.TestCaseExecutor.processExecutionPhase(TestCaseExecutor.java:418)
	at com.kms.katalon.core.main.TestCaseExecutor.accessMainPhase(TestCaseExecutor.java:410)
	at com.kms.katalon.core.main.TestCaseExecutor.execute(TestCaseExecutor.java:285)
	at com.kms.katalon.core.common.CommonExecutor.accessTestCaseMainPhase(CommonExecutor.java:65)
	at com.kms.katalon.core.main.TestSuiteExecutor.accessTestSuiteMainPhase(TestSuiteExecutor.java:148)
	at com.kms.katalon.core.main.TestSuiteExecutor.execute(TestSuiteExecutor.java:106)
	at com.kms.katalon.core.main.TestCaseMain.startTestSuite(TestCaseMain.java:187)
	at com.kms.katalon.core.main.TestCaseMain$startTestSuite$0.call(Unknown Source)
	at TempTestSuite1712892562095.run(TempTestSuite1712892562095.groovy:36)
Caused by: java.lang.RuntimeException: java.lang.reflect.InvocationTargetException
	at com.assertthat.selenium_shutterbug.utils.web.Browser.sendCommand(Browser.java:678)
	at com.assertthat.selenium_shutterbug.utils.web.Browser.takeFullPageScreenshotChromeCommand(Browser.java:549)
	at com.assertthat.selenium_shutterbug.utils.web.Browser.takeFullPageScreenshot(Browser.java:150)
	at com.assertthat.selenium_shutterbug.core.Shutterbug.shootPage(Shutterbug.java:154)
	at com.assertthat.selenium_shutterbug.core.Shutterbug.shootPage(Shutterbug.java:83)
	at com.assertthat.selenium_shutterbug.core.Shutterbug.shootPage(Shutterbug.java:69)
	at com.kms.katalon.core.webui.util.FileUtil.takeFullPageScreenshot(FileUtil.java:86)
	at com.kms.katalon.core.webui.keyword.builtin.TakeFullPageScreenshotKeyword$_takeScreenshot_closure1.doCall(TakeFullPageScreenshotKeyword.groovy:126)
	at com.kms.katalon.core.webui.keyword.builtin.TakeFullPageScreenshotKeyword$_takeScreenshot_closure1.call(TakeFullPageScreenshotKeyword.groovy)
	at com.kms.katalon.core.webui.keyword.internal.WebUIKeywordMain.runKeyword(WebUIKeywordMain.groovy:20)
	at com.kms.katalon.core.webui.keyword.builtin.TakeFullPageScreenshotKeyword.takeScreenshot(TakeFullPageScreenshotKeyword.groovy:125)
	at com.kms.katalon.core.webui.keyword.builtin.TakeFullPageScreenshotKeyword.execute(TakeFullPageScreenshotKeyword.groovy:82)
	at com.kms.katalon.core.keyword.internal.KeywordExecutor.executeKeywordForPlatform(KeywordExecutor.groovy:74)
	at com.kms.katalon.core.webui.keyword.WebUiBuiltInKeywords.takeFullPageScreenshot(WebUiBuiltInKeywords.groovy:3283)
	at com.kms.katalon.core.webui.keyword.WebUiBuiltInKeywords$takeFullPageScreenshot$2.call(Unknown Source)
	at Script1683558651933.run(Script1683558651933.groovy:50)
	at com.kms.katalon.core.main.ScriptEngine.run(ScriptEngine.java:194)
	at com.kms.katalon.core.main.ScriptEngine.runScriptAsRawText(ScriptEngine.java:119)
	at com.kms.katalon.core.main.TestCaseExecutor.runScript(TestCaseExecutor.java:448)
	at com.kms.katalon.core.main.TestCaseExecutor.doExecute(TestCaseExecutor.java:439)
	at com.kms.katalon.core.main.TestCaseExecutor.processExecutionPhase(TestCaseExecutor.java:418)
	at com.kms.katalon.core.main.TestCaseExecutor.accessMainPhase(TestCaseExecutor.java:410)
	at com.kms.katalon.core.main.TestCaseExecutor.execute(TestCaseExecutor.java:285)
	at com.kms.katalon.core.main.TestCaseMain.runTestCase(TestCaseMain.java:144)
	at com.kms.katalon.core.keyword.builtin.CallTestCaseKeyword$_callTestCase_closure1.doCall(CallTestCaseKeyword.groovy:59)
	at com.kms.katalon.core.keyword.builtin.CallTestCaseKeyword$_callTestCase_closure1.call(CallTestCaseKeyword.groovy)
	at com.kms.katalon.core.keyword.internal.KeywordMain.runKeyword(KeywordMain.groovy:75)
	at com.kms.katalon.core.keyword.builtin.CallTestCaseKeyword.callTestCase(CallTestCaseKeyword.groovy:81)
	at com.kms.katalon.core.keyword.builtin.CallTestCaseKeyword.execute(CallTestCaseKeyword.groovy:44)
	at com.kms.katalon.core.keyword.internal.KeywordExecutor.executeKeywordForPlatform(KeywordExecutor.groovy:74)
	at com.kms.katalon.core.keyword.BuiltinKeywords.callTestCase(BuiltinKeywords.groovy:310)
	at Script1689773001064.run(Script1689773001064.groovy:206)
	... 13 more
Caused by: java.lang.reflect.InvocationTargetException
	at com.assertthat.selenium_shutterbug.utils.web.Browser.sendCommand(Browser.java:675)
	... 44 more
Caused by: org.openqa.selenium.TimeoutException: timeout: Timed out receiving message from renderer: 600.000
  (Session info: chrome=115.0.5790.110)
Build info: version: '3.141.59', revision: 'e82be7d358', time: '2018-11-14T08:25:53'
System info: host: 'FA28158', ip: '10.0.0.28', os.name: 'Windows 11', os.arch: 'amd64', os.version: '10.0', java.version: '1.8.0_362'
Driver info: com.kms.katalon.selenium.driver.CChromeDriver
Capabilities {acceptInsecureCerts: false, browserName: chrome, browserVersion: 115.0.5790.110, chrome: {chromedriverVersion: 114.0.5735.90 (386bc09e8f4f..., userDataDir: C:\Users\LellKir\AppData\Lo...}, goog:chromeOptions: {debuggerAddress: localhost:53189}, javascriptEnabled: true, networkConnectionEnabled: false, pageLoadStrategy: normal, platform: WINDOWS, platformName: WINDOWS, proxy: Proxy(), setWindowRect: true, strictFileInteractability: false, timeouts: {implicit: 0, pageLoad: 300000, script: 30000}, unhandledPromptBehavior: dismiss and notify, webauthn:extension:credBlob: true, webauthn:extension:largeBlob: true, webauthn:extension:minPinLength: true, webauthn:extension:prf: true, webauthn:virtualAuthenticators: true}
Session ID: 3b9df8091e4d1f10c0c81b4db8d7c78e
	at org.openqa.selenium.remote.http.W3CHttpResponseCodec.createException(W3CHttpResponseCodec.java:187)
	at org.openqa.selenium.remote.http.W3CHttpResponseCodec.decode(W3CHttpResponseCodec.java:122)
	at org.openqa.selenium.remote.http.W3CHttpResponseCodec.decode(W3CHttpResponseCodec.java:49)
	at org.openqa.selenium.remote.HttpCommandExecutor.execute(HttpCommandExecutor.java:158)
	at org.openqa.selenium.remote.service.DriverCommandExecutor.execute(DriverCommandExecutor.java:83)
	at org.openqa.selenium.remote.RemoteWebDriver.execute(RemoteWebDriver.java:552)
	at com.kms.katalon.selenium.driver.CChromeDriver.execute(CChromeDriver.java:19)
	... 45 more
)

2024-04-12 00:07:34 - [MESSAGE][FAILED] - Cannot take screenshot (Root cause: com.kms.katalon.core.exception.StepFailedException: Cannot take screenshot
	at com.kms.katalon.core.webui.keyword.internal.WebUIKeywordMain.stepFailed(WebUIKeywordMain.groovy:64)
	at com.kms.katalon.core.webui.keyword.internal.WebUIKeywordMain.runKeyword(WebUIKeywordMain.groovy:26)
	at com.kms.katalon.core.webui.keyword.builtin.TakeFullPageScreenshotKeyword.takeScreenshot(TakeFullPageScreenshotKeyword.groovy:125)
	at com.kms.katalon.core.webui.keyword.builtin.TakeFullPageScreenshotKeyword.execute(TakeFullPageScreenshotKeyword.groovy:82)
	at com.kms.katalon.core.keyword.internal.KeywordExecutor.executeKeywordForPlatform(KeywordExecutor.groovy:74)
	at com.kms.katalon.core.webui.keyword.WebUiBuiltInKeywords.takeFullPageScreenshot(WebUiBuiltInKeywords.groovy:3283)
	at com.kms.katalon.core.webui.keyword.WebUiBuiltInKeywords$takeFullPageScreenshot$2.call(Unknown Source)
	at PC_Login.run(PC_Login:50)
	at com.kms.katalon.core.main.ScriptEngine.run(ScriptEngine.java:194)
	at com.kms.katalon.core.main.ScriptEngine.runScriptAsRawText(ScriptEngine.java:119)
	at com.kms.katalon.core.main.TestCaseExecutor.runScript(TestCaseExecutor.java:448)
	at com.kms.katalon.core.main.TestCaseExecutor.doExecute(TestCaseExecutor.java:439)
	at com.kms.katalon.core.main.TestCaseExecutor.processExecutionPhase(TestCaseExecutor.java:418)
	at com.kms.katalon.core.main.TestCaseExecutor.accessMainPhase(TestCaseExecutor.java:410)
	at com.kms.katalon.core.main.TestCaseExecutor.execute(TestCaseExecutor.java:285)
	at com.kms.katalon.core.main.TestCaseMain.runTestCase(TestCaseMain.java:144)
	at com.kms.katalon.core.keyword.builtin.CallTestCaseKeyword$_callTestCase_closure1.doCall(CallTestCaseKeyword.groovy:59)
	at com.kms.katalon.core.keyword.builtin.CallTestCaseKeyword$_callTestCase_closure1.call(CallTestCaseKeyword.groovy)
	at com.kms.katalon.core.keyword.internal.KeywordMain.runKeyword(KeywordMain.groovy:75)
	at com.kms.katalon.core.keyword.builtin.CallTestCaseKeyword.callTestCase(CallTestCaseKeyword.groovy:81)
	at com.kms.katalon.core.keyword.builtin.CallTestCaseKeyword.execute(CallTestCaseKeyword.groovy:44)
	at com.kms.katalon.core.keyword.internal.KeywordExecutor.executeKeywordForPlatform(KeywordExecutor.groovy:74)
	at com.kms.katalon.core.keyword.BuiltinKeywords.callTestCase(BuiltinKeywords.groovy:310)
	at Portal_SmokeTest_IAState.run(Portal_SmokeTest_IAState:206)
	at com.kms.katalon.core.main.ScriptEngine.run(ScriptEngine.java:194)
	at com.kms.katalon.core.main.ScriptEngine.runScriptAsRawText(ScriptEngine.java:119)
	at com.kms.katalon.core.main.TestCaseExecutor.runScript(TestCaseExecutor.java:448)
	at com.kms.katalon.core.main.TestCaseExecutor.doExecute(TestCaseExecutor.java:439)
	at com.kms.katalon.core.main.TestCaseExecutor.processExecutionPhase(TestCaseExecutor.java:418)
	at com.kms.katalon.core.main.TestCaseExecutor.accessMainPhase(TestCaseExecutor.java:410)
	at com.kms.katalon.core.main.TestCaseExecutor.execute(TestCaseExecutor.java:285)
	at com.kms.katalon.core.common.CommonExecutor.accessTestCaseMainPhase(CommonExecutor.java:65)
	at com.kms.katalon.core.main.TestSuiteExecutor.accessTestSuiteMainPhase(TestSuiteExecutor.java:148)
	at com.kms.katalon.core.main.TestSuiteExecutor.execute(TestSuiteExecutor.java:106)
	at com.kms.katalon.core.main.TestCaseMain.startTestSuite(TestCaseMain.java:187)
	at com.kms.katalon.core.main.TestCaseMain$startTestSuite$0.call(Unknown Source)
	at TempTestSuite1712892562095.run(TempTestSuite1712892562095.groovy:36)
Caused by: java.lang.RuntimeException: java.lang.reflect.InvocationTargetException
	at com.assertthat.selenium_shutterbug.utils.web.Browser.sendCommand(Browser.java:678)
	at com.assertthat.selenium_shutterbug.utils.web.Browser.takeFullPageScreenshotChromeCommand(Browser.java:549)
	at com.assertthat.selenium_shutterbug.utils.web.Browser.takeFullPageScreenshot(Browser.java:150)
	at com.assertthat.selenium_shutterbug.core.Shutterbug.shootPage(Shutterbug.java:154)
	at com.assertthat.selenium_shutterbug.core.Shutterbug.shootPage(Shutterbug.java:83)
	at com.assertthat.selenium_shutterbug.core.Shutterbug.shootPage(Shutterbug.java:69)
	at com.kms.katalon.core.webui.util.FileUtil.takeFullPageScreenshot(FileUtil.java:86)
	at com.kms.katalon.core.webui.keyword.builtin.TakeFullPageScreenshotKeyword$_takeScreenshot_closure1.doCall(TakeFullPageScreenshotKeyword.groovy:126)
	at com.kms.katalon.core.webui.keyword.builtin.TakeFullPageScreenshotKeyword$_takeScreenshot_closure1.call(TakeFullPageScreenshotKeyword.groovy)
	at com.kms.katalon.core.webui.keyword.internal.WebUIKeywordMain.runKeyword(WebUIKeywordMain.groovy:20)
	at com.kms.katalon.core.webui.keyword.builtin.TakeFullPageScreenshotKeyword.takeScreenshot(TakeFullPageScreenshotKeyword.groovy:125)
	at com.kms.katalon.core.webui.keyword.builtin.TakeFullPageScreenshotKeyword.execute(TakeFullPageScreenshotKeyword.groovy:82)
	at com.kms.katalon.core.keyword.internal.KeywordExecutor.executeKeywordForPlatform(KeywordExecutor.groovy:74)
	at com.kms.katalon.core.webui.keyword.WebUiBuiltInKeywords.takeFullPageScreenshot(WebUiBuiltInKeywords.groovy:3283)
	at com.kms.katalon.core.webui.keyword.WebUiBuiltInKeywords$takeFullPageScreenshot$2.call(Unknown Source)
	at Script1683558651933.run(Script1683558651933.groovy:50)
	at com.kms.katalon.core.main.ScriptEngine.run(ScriptEngine.java:194)
	at com.kms.katalon.core.main.ScriptEngine.runScriptAsRawText(ScriptEngine.java:119)
	at com.kms.katalon.core.main.TestCaseExecutor.runScript(TestCaseExecutor.java:448)
	at com.kms.katalon.core.main.TestCaseExecutor.doExecute(TestCaseExecutor.java:439)
	at com.kms.katalon.core.main.TestCaseExecutor.processExecutionPhase(TestCaseExecutor.java:418)
	at com.kms.katalon.core.main.TestCaseExecutor.accessMainPhase(TestCaseExecutor.java:410)
	at com.kms.katalon.core.main.TestCaseExecutor.execute(TestCaseExecutor.java:285)
	at com.kms.katalon.core.main.TestCaseMain.runTestCase(TestCaseMain.java:144)
	at com.kms.katalon.core.keyword.builtin.CallTestCaseKeyword$_callTestCase_closure1.doCall(CallTestCaseKeyword.groovy:59)
	at com.kms.katalon.core.keyword.builtin.CallTestCaseKeyword$_callTestCase_closure1.call(CallTestCaseKeyword.groovy)
	at com.kms.katalon.core.keyword.internal.KeywordMain.runKeyword(KeywordMain.groovy:75)
	at com.kms.katalon.core.keyword.builtin.CallTestCaseKeyword.callTestCase(CallTestCaseKeyword.groovy:81)
	at com.kms.katalon.core.keyword.builtin.CallTestCaseKeyword.execute(CallTestCaseKeyword.groovy:44)
	at com.kms.katalon.core.keyword.internal.KeywordExecutor.executeKeywordForPlatform(KeywordExecutor.groovy:74)
	at com.kms.katalon.core.keyword.BuiltinKeywords.callTestCase(BuiltinKeywords.groovy:310)
	at Script1689773001064.run(Script1689773001064.groovy:206)
	... 13 more
Caused by: java.lang.reflect.InvocationTargetException
	at com.assertthat.selenium_shutterbug.utils.web.Browser.sendCommand(Browser.java:675)
	... 44 more
Caused by: org.openqa.selenium.TimeoutException: timeout: Timed out receiving message from renderer: 600.000
  (Session info: chrome=115.0.5790.110)
Build info: version: '3.141.59', revision: 'e82be7d358', time: '2018-11-14T08:25:53'
System info: host: 'FA28158', ip: '10.0.0.28', os.name: 'Windows 11', os.arch: 'amd64', os.version: '10.0', java.version: '1.8.0_362'
Driver info: com.kms.katalon.selenium.driver.CChromeDriver
Capabilities {acceptInsecureCerts: false, browserName: chrome, browserVersion: 115.0.5790.110, chrome: {chromedriverVersion: 114.0.5735.90 (386bc09e8f4f..., userDataDir: C:\Users\LellKir\AppData\Lo...}, goog:chromeOptions: {debuggerAddress: localhost:53189}, javascriptEnabled: true, networkConnectionEnabled: false, pageLoadStrategy: normal, platform: WINDOWS, platformName: WINDOWS, proxy: Proxy(), setWindowRect: true, strictFileInteractability: false, timeouts: {implicit: 0, pageLoad: 300000, script: 30000}, unhandledPromptBehavior: dismiss and notify, webauthn:extension:credBlob: true, webauthn:extension:largeBlob: true, webauthn:extension:minPinLength: true, webauthn:extension:prf: true, webauthn:virtualAuthenticators: true}
Session ID: 3b9df8091e4d1f10c0c81b4db8d7c78e
	at org.openqa.selenium.remote.http.W3CHttpResponseCodec.createException(W3CHttpResponseCodec.java:187)
	at org.openqa.selenium.remote.http.W3CHttpResponseCodec.decode(W3CHttpResponseCodec.java:122)
	at org.openqa.selenium.remote.http.W3CHttpResponseCodec.decode(W3CHttpResponseCodec.java:49)
	at org.openqa.selenium.remote.HttpCommandExecutor.execute(HttpCommandExecutor.java:158)
	at org.openqa.selenium.remote.service.DriverCommandExecutor.execute(DriverCommandExecutor.java:83)
	at org.openqa.selenium.remote.RemoteWebDriver.execute(RemoteWebDriver.java:552)
	at com.kms.katalon.selenium.driver.CChromeDriver.execute(CChromeDriver.java:19)
	... 45 more
)

2024-04-12 00:07:34 - [MESSAGE][FAILED] - Unable to call Test Case 'Test Cases/PolicyCenter_Pages/PC_CommonScreens/PC_Login' (Root cause: com.kms.katalon.core.exception.StepFailedException: Call Test Case 'Test Cases/PolicyCenter_Pages/PC_CommonScreens/PC_Login' failed
	at com.kms.katalon.core.keyword.builtin.CallTestCaseKeyword$_callTestCase_closure1.doCall(CallTestCaseKeyword.groovy:63)
	at com.kms.katalon.core.keyword.builtin.CallTestCaseKeyword$_callTestCase_closure1.call(CallTestCaseKeyword.groovy)
	at com.kms.katalon.core.keyword.internal.KeywordMain.runKeyword(KeywordMain.groovy:75)
	at com.kms.katalon.core.keyword.builtin.CallTestCaseKeyword.callTestCase(CallTestCaseKeyword.groovy:81)
	at com.kms.katalon.core.keyword.builtin.CallTestCaseKeyword.execute(CallTestCaseKeyword.groovy:44)
	at com.kms.katalon.core.keyword.internal.KeywordExecutor.executeKeywordForPlatform(KeywordExecutor.groovy:74)
	at com.kms.katalon.core.keyword.BuiltinKeywords.callTestCase(BuiltinKeywords.groovy:310)
	at Portal_SmokeTest_IAState.run(Portal_SmokeTest_IAState:206)
	at com.kms.katalon.core.main.ScriptEngine.run(ScriptEngine.java:194)
	at com.kms.katalon.core.main.ScriptEngine.runScriptAsRawText(ScriptEngine.java:119)
	at com.kms.katalon.core.main.TestCaseExecutor.runScript(TestCaseExecutor.java:448)
	at com.kms.katalon.core.main.TestCaseExecutor.doExecute(TestCaseExecutor.java:439)
	at com.kms.katalon.core.main.TestCaseExecutor.processExecutionPhase(TestCaseExecutor.java:418)
	at com.kms.katalon.core.main.TestCaseExecutor.accessMainPhase(TestCaseExecutor.java:410)
	at com.kms.katalon.core.main.TestCaseExecutor.execute(TestCaseExecutor.java:285)
	at com.kms.katalon.core.common.CommonExecutor.accessTestCaseMainPhase(CommonExecutor.java:65)
	at com.kms.katalon.core.main.TestSuiteExecutor.accessTestSuiteMainPhase(TestSuiteExecutor.java:148)
	at com.kms.katalon.core.main.TestSuiteExecutor.execute(TestSuiteExecutor.java:106)
	at com.kms.katalon.core.main.TestCaseMain.startTestSuite(TestCaseMain.java:187)
	at com.kms.katalon.core.main.TestCaseMain$startTestSuite$0.call(Unknown Source)
	at TempTestSuite1712892562095.run(TempTestSuite1712892562095.groovy:36)
Caused by: com.kms.katalon.core.exception.StepFailedException: Cannot take screenshot
	at com.kms.katalon.core.webui.keyword.internal.WebUIKeywordMain.stepFailed(WebUIKeywordMain.groovy:64)
	at com.kms.katalon.core.webui.keyword.internal.WebUIKeywordMain.runKeyword(WebUIKeywordMain.groovy:26)
	at com.kms.katalon.core.webui.keyword.builtin.TakeFullPageScreenshotKeyword.takeScreenshot(TakeFullPageScreenshotKeyword.groovy:125)
	at com.kms.katalon.core.webui.keyword.builtin.TakeFullPageScreenshotKeyword.execute(TakeFullPageScreenshotKeyword.groovy:82)
	at com.kms.katalon.core.keyword.internal.KeywordExecutor.executeKeywordForPlatform(KeywordExecutor.groovy:74)
	at com.kms.katalon.core.webui.keyword.WebUiBuiltInKeywords.takeFullPageScreenshot(WebUiBuiltInKeywords.groovy:3283)
	at com.kms.katalon.core.webui.keyword.WebUiBuiltInKeywords$takeFullPageScreenshot$2.call(Unknown Source)
	at PC_Login.run(PC_Login:50)
	at com.kms.katalon.core.main.ScriptEngine.run(ScriptEngine.java:194)
	at com.kms.katalon.core.main.ScriptEngine.runScriptAsRawText(ScriptEngine.java:119)
	at com.kms.katalon.core.main.TestCaseExecutor.runScript(TestCaseExecutor.java:448)
	at com.kms.katalon.core.main.TestCaseExecutor.doExecute(TestCaseExecutor.java:439)
	at com.kms.katalon.core.main.TestCaseExecutor.processExecutionPhase(TestCaseExecutor.java:418)
	at com.kms.katalon.core.main.TestCaseExecutor.accessMainPhase(TestCaseExecutor.java:410)
	at com.kms.katalon.core.main.TestCaseExecutor.execute(TestCaseExecutor.java:285)
	at com.kms.katalon.core.main.TestCaseMain.runTestCase(TestCaseMain.java:144)
	at com.kms.katalon.core.keyword.builtin.CallTestCaseKeyword$_callTestCase_closure1.doCall(CallTestCaseKeyword.groovy:59)
	... 20 more
Caused by: java.lang.RuntimeException: java.lang.reflect.InvocationTargetException
	at com.assertthat.selenium_shutterbug.utils.web.Browser.sendCommand(Browser.java:678)
	at com.assertthat.selenium_shutterbug.utils.web.Browser.takeFullPageScreenshotChromeCommand(Browser.java:549)
	at com.assertthat.selenium_shutterbug.utils.web.Browser.takeFullPageScreenshot(Browser.java:150)
	at com.assertthat.selenium_shutterbug.core.Shutterbug.shootPage(Shutterbug.java:154)
	at com.assertthat.selenium_shutterbug.core.Shutterbug.shootPage(Shutterbug.java:83)
	at com.assertthat.selenium_shutterbug.core.Shutterbug.shootPage(Shutterbug.java:69)
	at com.kms.katalon.core.webui.util.FileUtil.takeFullPageScreenshot(FileUtil.java:86)
	at com.kms.katalon.core.webui.keyword.builtin.TakeFullPageScreenshotKeyword$_takeScreenshot_closure1.doCall(TakeFullPageScreenshotKeyword.groovy:126)
	at com.kms.katalon.core.webui.keyword.builtin.TakeFullPageScreenshotKeyword$_takeScreenshot_closure1.call(TakeFullPageScreenshotKeyword.groovy)
	at com.kms.katalon.core.webui.keyword.internal.WebUIKeywordMain.runKeyword(WebUIKeywordMain.groovy:20)
	at com.kms.katalon.core.webui.keyword.builtin.TakeFullPageScreenshotKeyword.takeScreenshot(TakeFullPageScreenshotKeyword.groovy:125)
	at com.kms.katalon.core.webui.keyword.builtin.TakeFullPageScreenshotKeyword.execute(TakeFullPageScreenshotKeyword.groovy:82)
	at com.kms.katalon.core.keyword.internal.KeywordExecutor.executeKeywordForPlatform(KeywordExecutor.groovy:74)
	at com.kms.katalon.core.webui.keyword.WebUiBuiltInKeywords.takeFullPageScreenshot(WebUiBuiltInKeywords.groovy:3283)
	at com.kms.katalon.core.webui.keyword.WebUiBuiltInKeywords$takeFullPageScreenshot$2.call(Unknown Source)
	at Script1683558651933.run(Script1683558651933.groovy:50)
	at com.kms.katalon.core.main.ScriptEngine.run(ScriptEngine.java:194)
	at com.kms.katalon.core.main.ScriptEngine.runScriptAsRawText(ScriptEngine.java:119)
	at com.kms.katalon.core.main.TestCaseExecutor.runScript(TestCaseExecutor.java:448)
	at com.kms.katalon.core.main.TestCaseExecutor.doExecute(TestCaseExecutor.java:439)
	at com.kms.katalon.core.main.TestCaseExecutor.processExecutionPhase(TestCaseExecutor.java:418)
	at com.kms.katalon.core.main.TestCaseExecutor.accessMainPhase(TestCaseExecutor.java:410)
	at com.kms.katalon.core.main.TestCaseExecutor.execute(TestCaseExecutor.java:285)
	at com.kms.katalon.core.main.TestCaseMain.runTestCase(TestCaseMain.java:144)
	at com.kms.katalon.core.keyword.builtin.CallTestCaseKeyword$_callTestCase_closure1.doCall(CallTestCaseKeyword.groovy:59)
	at com.kms.katalon.core.keyword.builtin.CallTestCaseKeyword$_callTestCase_closure1.call(CallTestCaseKeyword.groovy)
	at com.kms.katalon.core.keyword.internal.KeywordMain.runKeyword(KeywordMain.groovy:75)
	at com.kms.katalon.core.keyword.builtin.CallTestCaseKeyword.callTestCase(CallTestCaseKeyword.groovy:81)
	at com.kms.katalon.core.keyword.builtin.CallTestCaseKeyword.execute(CallTestCaseKeyword.groovy:44)
	at com.kms.katalon.core.keyword.internal.KeywordExecutor.executeKeywordForPlatform(KeywordExecutor.groovy:74)
	at com.kms.katalon.core.keyword.BuiltinKeywords.callTestCase(BuiltinKeywords.groovy:310)
	at Script1689773001064.run(Script1689773001064.groovy:206)
	... 13 more
Caused by: java.lang.reflect.InvocationTargetException
	at com.assertthat.selenium_shutterbug.utils.web.Browser.sendCommand(Browser.java:675)
	... 44 more
Caused by: org.openqa.selenium.TimeoutException: timeout: Timed out receiving message from renderer: 600.000
  (Session info: chrome=115.0.5790.110)
Build info: version: '3.141.59', revision: 'e82be7d358', time: '2018-11-14T08:25:53'
System info: host: 'FA28158', ip: '10.0.0.28', os.name: 'Windows 11', os.arch: 'amd64', os.version: '10.0', java.version: '1.8.0_362'
Driver info: com.kms.katalon.selenium.driver.CChromeDriver
Capabilities {acceptInsecureCerts: false, browserName: chrome, browserVersion: 115.0.5790.110, chrome: {chromedriverVersion: 114.0.5735.90 (386bc09e8f4f..., userDataDir: C:\Users\LellKir\AppData\Lo...}, goog:chromeOptions: {debuggerAddress: localhost:53189}, javascriptEnabled: true, networkConnectionEnabled: false, pageLoadStrategy: normal, platform: WINDOWS, platformName: WINDOWS, proxy: Proxy(), setWindowRect: true, strictFileInteractability: false, timeouts: {implicit: 0, pageLoad: 300000, script: 30000}, unhandledPromptBehavior: dismiss and notify, webauthn:extension:credBlob: true, webauthn:extension:largeBlob: true, webauthn:extension:minPinLength: true, webauthn:extension:prf: true, webauthn:virtualAuthenticators: true}
Session ID: 3b9df8091e4d1f10c0c81b4db8d7c78e
	at org.openqa.selenium.remote.http.W3CHttpResponseCodec.createException(W3CHttpResponseCodec.java:187)
	at org.openqa.selenium.remote.http.W3CHttpResponseCodec.decode(W3CHttpResponseCodec.java:122)
	at org.openqa.selenium.remote.http.W3CHttpResponseCodec.decode(W3CHttpResponseCodec.java:49)
	at org.openqa.selenium.remote.HttpCommandExecutor.execute(HttpCommandExecutor.java:158)
	at org.openqa.selenium.remote.service.DriverCommandExecutor.execute(DriverCommandExecutor.java:83)
	at org.openqa.selenium.remote.RemoteWebDriver.execute(RemoteWebDriver.java:552)
	at com.kms.katalon.selenium.driver.CChromeDriver.execute(CChromeDriver.java:19)
	at com.assertthat.selenium_shutterbug.utils.web.Browser.sendCommand(Browser.java:675)
	at com.assertthat.selenium_shutterbug.utils.web.Browser.takeFullPageScreenshotChromeCommand(Browser.java:549)
	at com.assertthat.selenium_shutterbug.utils.web.Browser.takeFullPageScreenshot(Browser.java:150)
	at com.assertthat.selenium_shutterbug.core.Shutterbug.shootPage(Shutterbug.java:154)
	at com.assertthat.selenium_shutterbug.core.Shutterbug.shootPage(Shutterbug.java:83)
	at com.assertthat.selenium_shutterbug.core.Shutterbug.shootPage(Shutterbug.java:69)
	at com.kms.katalon.core.webui.util.FileUtil.takeFullPageScreenshot(FileUtil.java:86)
	at com.kms.katalon.core.webui.keyword.builtin.TakeFullPageScreenshotKeyword$_takeScreenshot_closure1.doCall(TakeFullPageScreenshotKeyword.groovy:126)
	at com.kms.katalon.core.webui.keyword.builtin.TakeFullPageScreenshotKeyword$_takeScreenshot_closure1.call(TakeFullPageScreenshotKeyword.groovy)
	at com.kms.katalon.core.webui.keyword.internal.WebUIKeywordMain.runKeyword(WebUIKeywordMain.groovy:20)
	at com.kms.katalon.core.webui.keyword.builtin.TakeFullPageScreenshotKeyword.takeScreenshot(TakeFullPageScreenshotKeyword.groovy:125)
	at com.kms.katalon.core.webui.keyword.builtin.TakeFullPageScreenshotKeyword.execute(TakeFullPageScreenshotKeyword.groovy:82)
	at com.kms.katalon.core.keyword.internal.KeywordExecutor.executeKeywordForPlatform(KeywordExecutor.groovy:74)
	at com.kms.katalon.core.webui.keyword.WebUiBuiltInKeywords.takeFullPageScreenshot(WebUiBuiltInKeywords.groovy:3283)
	at com.kms.katalon.core.webui.keyword.WebUiBuiltInKeywords$takeFullPageScreenshot$2.call(Unknown Source)
	at PC_Login.run(PC_Login:50)
	at com.kms.katalon.core.main.ScriptEngine.run(ScriptEngine.java:194)
	at com.kms.katalon.core.main.ScriptEngine.runScriptAsRawText(ScriptEngine.java:119)
	at com.kms.katalon.core.main.TestCaseExecutor.runScript(TestCaseExecutor.java:448)
	at com.kms.katalon.core.main.TestCaseExecutor.doExecute(TestCaseExecutor.java:439)
	at com.kms.katalon.core.main.TestCaseExecutor.processExecutionPhase(TestCaseExecutor.java:418)
	at com.kms.katalon.core.main.TestCaseExecutor.accessMainPhase(TestCaseExecutor.java:410)
	at com.kms.katalon.core.main.TestCaseExecutor.execute(TestCaseExecutor.java:285)
	at com.kms.katalon.core.main.TestCaseMain.runTestCase(TestCaseMain.java:144)
	at com.kms.katalon.core.keyword.builtin.CallTestCaseKeyword$_callTestCase_closure1.doCall(CallTestCaseKeyword.groovy:59)
	at com.kms.katalon.core.keyword.builtin.CallTestCaseKeyword$_callTestCase_closure1.call(CallTestCaseKeyword.groovy)
	at com.kms.katalon.core.keyword.internal.KeywordMain.runKeyword(KeywordMain.groovy:75)
	at com.kms.katalon.core.keyword.builtin.CallTestCaseKeyword.callTestCase(CallTestCaseKeyword.groovy:81)
	at com.kms.katalon.core.keyword.builtin.CallTestCaseKeyword.execute(CallTestCaseKeyword.groovy:44)
	at com.kms.katalon.core.keyword.internal.KeywordExecutor.executeKeywordForPlatform(KeywordExecutor.groovy:74)
	at com.kms.katalon.core.keyword.BuiltinKeywords.callTestCase(BuiltinKeywords.groovy:310)
	at Portal_SmokeTest_IAState.run(Portal_SmokeTest_IAState:206)
	... 13 more
)]]></system-out>
         <system-err><![CDATA[2024-04-11 23:29:38 - [TEST_CASE][FAILED] - Test Cases/Portal_WorkersCompensation/WC_SmokeTest_AllState/Portal_SmokeTest_IAState: Test Cases/Portal_WorkersCompensation/WC_SmokeTest_AllState/Portal_SmokeTest_IAState FAILED.
Reason:
com.kms.katalon.core.exception.StepFailedException: Call Test Case 'Test Cases/PolicyCenter_Pages/PC_CommonScreens/PC_Login' failed
	at com.kms.katalon.core.keyword.builtin.CallTestCaseKeyword$_callTestCase_closure1.doCall(CallTestCaseKeyword.groovy:63)
	at com.kms.katalon.core.keyword.builtin.CallTestCaseKeyword$_callTestCase_closure1.call(CallTestCaseKeyword.groovy)
	at com.kms.katalon.core.keyword.internal.KeywordMain.runKeyword(KeywordMain.groovy:75)
	at com.kms.katalon.core.keyword.builtin.CallTestCaseKeyword.callTestCase(CallTestCaseKeyword.groovy:81)
	at com.kms.katalon.core.keyword.builtin.CallTestCaseKeyword.execute(CallTestCaseKeyword.groovy:44)
	at com.kms.katalon.core.keyword.internal.KeywordExecutor.executeKeywordForPlatform(KeywordExecutor.groovy:74)
	at com.kms.katalon.core.keyword.BuiltinKeywords.callTestCase(BuiltinKeywords.groovy:310)
	at Portal_SmokeTest_IAState.run(Portal_SmokeTest_IAState:206)
	at com.kms.katalon.core.main.ScriptEngine.run(ScriptEngine.java:194)
	at com.kms.katalon.core.main.ScriptEngine.runScriptAsRawText(ScriptEngine.java:119)
	at com.kms.katalon.core.main.TestCaseExecutor.runScript(TestCaseExecutor.java:448)
	at com.kms.katalon.core.main.TestCaseExecutor.doExecute(TestCaseExecutor.java:439)
	at com.kms.katalon.core.main.TestCaseExecutor.processExecutionPhase(TestCaseExecutor.java:418)
	at com.kms.katalon.core.main.TestCaseExecutor.accessMainPhase(TestCaseExecutor.java:410)
	at com.kms.katalon.core.main.TestCaseExecutor.execute(TestCaseExecutor.java:285)
	at com.kms.katalon.core.common.CommonExecutor.accessTestCaseMainPhase(CommonExecutor.java:65)
	at com.kms.katalon.core.main.TestSuiteExecutor.accessTestSuiteMainPhase(TestSuiteExecutor.java:148)
	at com.kms.katalon.core.main.TestSuiteExecutor.execute(TestSuiteExecutor.java:106)
	at com.kms.katalon.core.main.TestCaseMain.startTestSuite(TestCaseMain.java:187)
	at com.kms.katalon.core.main.TestCaseMain$startTestSuite$0.call(Unknown Source)
	at TempTestSuite1712892562095.run(TempTestSuite1712892562095.groovy:36)
Caused by: com.kms.katalon.core.exception.StepFailedException: Cannot take screenshot
	at com.kms.katalon.core.webui.keyword.internal.WebUIKeywordMain.stepFailed(WebUIKeywordMain.groovy:64)
	at com.kms.katalon.core.webui.keyword.internal.WebUIKeywordMain.runKeyword(WebUIKeywordMain.groovy:26)
	at com.kms.katalon.core.webui.keyword.builtin.TakeFullPageScreenshotKeyword.takeScreenshot(TakeFullPageScreenshotKeyword.groovy:125)
	at com.kms.katalon.core.webui.keyword.builtin.TakeFullPageScreenshotKeyword.execute(TakeFullPageScreenshotKeyword.groovy:82)
	at com.kms.katalon.core.keyword.internal.KeywordExecutor.executeKeywordForPlatform(KeywordExecutor.groovy:74)
	at com.kms.katalon.core.webui.keyword.WebUiBuiltInKeywords.takeFullPageScreenshot(WebUiBuiltInKeywords.groovy:3283)
	at com.kms.katalon.core.webui.keyword.WebUiBuiltInKeywords$takeFullPageScreenshot$2.call(Unknown Source)
	at PC_Login.run(PC_Login:50)
	at com.kms.katalon.core.main.ScriptEngine.run(ScriptEngine.java:194)
	at com.kms.katalon.core.main.ScriptEngine.runScriptAsRawText(ScriptEngine.java:119)
	at com.kms.katalon.core.main.TestCaseExecutor.runScript(TestCaseExecutor.java:448)
	at com.kms.katalon.core.main.TestCaseExecutor.doExecute(TestCaseExecutor.java:439)
	at com.kms.katalon.core.main.TestCaseExecutor.processExecutionPhase(TestCaseExecutor.java:418)
	at com.kms.katalon.core.main.TestCaseExecutor.accessMainPhase(TestCaseExecutor.java:410)
	at com.kms.katalon.core.main.TestCaseExecutor.execute(TestCaseExecutor.java:285)
	at com.kms.katalon.core.main.TestCaseMain.runTestCase(TestCaseMain.java:144)
	at com.kms.katalon.core.keyword.builtin.CallTestCaseKeyword$_callTestCase_closure1.doCall(CallTestCaseKeyword.groovy:59)
	... 20 more
Caused by: java.lang.RuntimeException: java.lang.reflect.InvocationTargetException
	at com.assertthat.selenium_shutterbug.utils.web.Browser.sendCommand(Browser.java:678)
	at com.assertthat.selenium_shutterbug.utils.web.Browser.takeFullPageScreenshotChromeCommand(Browser.java:549)
	at com.assertthat.selenium_shutterbug.utils.web.Browser.takeFullPageScreenshot(Browser.java:150)
	at com.assertthat.selenium_shutterbug.core.Shutterbug.shootPage(Shutterbug.java:154)
	at com.assertthat.selenium_shutterbug.core.Shutterbug.shootPage(Shutterbug.java:83)
	at com.assertthat.selenium_shutterbug.core.Shutterbug.shootPage(Shutterbug.java:69)
	at com.kms.katalon.core.webui.util.FileUtil.takeFullPageScreenshot(FileUtil.java:86)
	at com.kms.katalon.core.webui.keyword.builtin.TakeFullPageScreenshotKeyword$_takeScreenshot_closure1.doCall(TakeFullPageScreenshotKeyword.groovy:126)
	at com.kms.katalon.core.webui.keyword.builtin.TakeFullPageScreenshotKeyword$_takeScreenshot_closure1.call(TakeFullPageScreenshotKeyword.groovy)
	at com.kms.katalon.core.webui.keyword.internal.WebUIKeywordMain.runKeyword(WebUIKeywordMain.groovy:20)
	at com.kms.katalon.core.webui.keyword.builtin.TakeFullPageScreenshotKeyword.takeScreenshot(TakeFullPageScreenshotKeyword.groovy:125)
	at com.kms.katalon.core.webui.keyword.builtin.TakeFullPageScreenshotKeyword.execute(TakeFullPageScreenshotKeyword.groovy:82)
	at com.kms.katalon.core.keyword.internal.KeywordExecutor.executeKeywordForPlatform(KeywordExecutor.groovy:74)
	at com.kms.katalon.core.webui.keyword.WebUiBuiltInKeywords.takeFullPageScreenshot(WebUiBuiltInKeywords.groovy:3283)
	at com.kms.katalon.core.webui.keyword.WebUiBuiltInKeywords$takeFullPageScreenshot$2.call(Unknown Source)
	at Script1683558651933.run(Script1683558651933.groovy:50)
	at com.kms.katalon.core.main.ScriptEngine.run(ScriptEngine.java:194)
	at com.kms.katalon.core.main.ScriptEngine.runScriptAsRawText(ScriptEngine.java:119)
	at com.kms.katalon.core.main.TestCaseExecutor.runScript(TestCaseExecutor.java:448)
	at com.kms.katalon.core.main.TestCaseExecutor.doExecute(TestCaseExecutor.java:439)
	at com.kms.katalon.core.main.TestCaseExecutor.processExecutionPhase(TestCaseExecutor.java:418)
	at com.kms.katalon.core.main.TestCaseExecutor.accessMainPhase(TestCaseExecutor.java:410)
	at com.kms.katalon.core.main.TestCaseExecutor.execute(TestCaseExecutor.java:285)
	at com.kms.katalon.core.main.TestCaseMain.runTestCase(TestCaseMain.java:144)
	at com.kms.katalon.core.keyword.builtin.CallTestCaseKeyword$_callTestCase_closure1.doCall(CallTestCaseKeyword.groovy:59)
	at com.kms.katalon.core.keyword.builtin.CallTestCaseKeyword$_callTestCase_closure1.call(CallTestCaseKeyword.groovy)
	at com.kms.katalon.core.keyword.internal.KeywordMain.runKeyword(KeywordMain.groovy:75)
	at com.kms.katalon.core.keyword.builtin.CallTestCaseKeyword.callTestCase(CallTestCaseKeyword.groovy:81)
	at com.kms.katalon.core.keyword.builtin.CallTestCaseKeyword.execute(CallTestCaseKeyword.groovy:44)
	at com.kms.katalon.core.keyword.internal.KeywordExecutor.executeKeywordForPlatform(KeywordExecutor.groovy:74)
	at com.kms.katalon.core.keyword.BuiltinKeywords.callTestCase(BuiltinKeywords.groovy:310)
	at Script1689773001064.run(Script1689773001064.groovy:206)
	... 13 more
Caused by: java.lang.reflect.InvocationTargetException
	at com.assertthat.selenium_shutterbug.utils.web.Browser.sendCommand(Browser.java:675)
	... 44 more
Caused by: org.openqa.selenium.TimeoutException: timeout: Timed out receiving message from renderer: 600.000
  (Session info: chrome=115.0.5790.110)
Build info: version: '3.141.59', revision: 'e82be7d358', time: '2018-11-14T08:25:53'
System info: host: 'FA28158', ip: '10.0.0.28', os.name: 'Windows 11', os.arch: 'amd64', os.version: '10.0', java.version: '1.8.0_362'
Driver info: com.kms.katalon.selenium.driver.CChromeDriver
Capabilities {acceptInsecureCerts: false, browserName: chrome, browserVersion: 115.0.5790.110, chrome: {chromedriverVersion: 114.0.5735.90 (386bc09e8f4f..., userDataDir: C:\Users\LellKir\AppData\Lo...}, goog:chromeOptions: {debuggerAddress: localhost:53189}, javascriptEnabled: true, networkConnectionEnabled: false, pageLoadStrategy: normal, platform: WINDOWS, platformName: WINDOWS, proxy: Proxy(), setWindowRect: true, strictFileInteractability: false, timeouts: {implicit: 0, pageLoad: 300000, script: 30000}, unhandledPromptBehavior: dismiss and notify, webauthn:extension:credBlob: true, webauthn:extension:largeBlob: true, webauthn:extension:minPinLength: true, webauthn:extension:prf: true, webauthn:virtualAuthenticators: true}
Session ID: 3b9df8091e4d1f10c0c81b4db8d7c78e
	at org.openqa.selenium.remote.http.W3CHttpResponseCodec.createException(W3CHttpResponseCodec.java:187)
	at org.openqa.selenium.remote.http.W3CHttpResponseCodec.decode(W3CHttpResponseCodec.java:122)
	at org.openqa.selenium.remote.http.W3CHttpResponseCodec.decode(W3CHttpResponseCodec.java:49)
	at org.openqa.selenium.remote.HttpCommandExecutor.execute(HttpCommandExecutor.java:158)
	at org.openqa.selenium.remote.service.DriverCommandExecutor.execute(DriverCommandExecutor.java:83)
	at org.openqa.selenium.remote.RemoteWebDriver.execute(RemoteWebDriver.java:552)
	at com.kms.katalon.selenium.driver.CChromeDriver.execute(CChromeDriver.java:19)
	at com.assertthat.selenium_shutterbug.utils.web.Browser.sendCommand(Browser.java:675)
	at com.assertthat.selenium_shutterbug.utils.web.Browser.takeFullPageScreenshotChromeCommand(Browser.java:549)
	at com.assertthat.selenium_shutterbug.utils.web.Browser.takeFullPageScreenshot(Browser.java:150)
	at com.assertthat.selenium_shutterbug.core.Shutterbug.shootPage(Shutterbug.java:154)
	at com.assertthat.selenium_shutterbug.core.Shutterbug.shootPage(Shutterbug.java:83)
	at com.assertthat.selenium_shutterbug.core.Shutterbug.shootPage(Shutterbug.java:69)
	at com.kms.katalon.core.webui.util.FileUtil.takeFullPageScreenshot(FileUtil.java:86)
	at com.kms.katalon.core.webui.keyword.builtin.TakeFullPageScreenshotKeyword$_takeScreenshot_closure1.doCall(TakeFullPageScreenshotKeyword.groovy:126)
	at com.kms.katalon.core.webui.keyword.builtin.TakeFullPageScreenshotKeyword$_takeScreenshot_closure1.call(TakeFullPageScreenshotKeyword.groovy)
	at com.kms.katalon.core.webui.keyword.internal.WebUIKeywordMain.runKeyword(WebUIKeywordMain.groovy:20)
	at com.kms.katalon.core.webui.keyword.builtin.TakeFullPageScreenshotKeyword.takeScreenshot(TakeFullPageScreenshotKeyword.groovy:125)
	at com.kms.katalon.core.webui.keyword.builtin.TakeFullPageScreenshotKeyword.execute(TakeFullPageScreenshotKeyword.groovy:82)
	at com.kms.katalon.core.keyword.internal.KeywordExecutor.executeKeywordForPlatform(KeywordExecutor.groovy:74)
	at com.kms.katalon.core.webui.keyword.WebUiBuiltInKeywords.takeFullPageScreenshot(WebUiBuiltInKeywords.groovy:3283)
	at com.kms.katalon.core.webui.keyword.WebUiBuiltInKeywords$takeFullPageScreenshot$2.call(Unknown Source)
	at PC_Login.run(PC_Login:50)
	at com.kms.katalon.core.main.ScriptEngine.run(ScriptEngine.java:194)
	at com.kms.katalon.core.main.ScriptEngine.runScriptAsRawText(ScriptEngine.java:119)
	at com.kms.katalon.core.main.TestCaseExecutor.runScript(TestCaseExecutor.java:448)
	at com.kms.katalon.core.main.TestCaseExecutor.doExecute(TestCaseExecutor.java:439)
	at com.kms.katalon.core.main.TestCaseExecutor.processExecutionPhase(TestCaseExecutor.java:418)
	at com.kms.katalon.core.main.TestCaseExecutor.accessMainPhase(TestCaseExecutor.java:410)
	at com.kms.katalon.core.main.TestCaseExecutor.execute(TestCaseExecutor.java:285)
	at com.kms.katalon.core.main.TestCaseMain.runTestCase(TestCaseMain.java:144)
	at com.kms.katalon.core.keyword.builtin.CallTestCaseKeyword$_callTestCase_closure1.doCall(CallTestCaseKeyword.groovy:59)
	at com.kms.katalon.core.keyword.builtin.CallTestCaseKeyword$_callTestCase_closure1.call(CallTestCaseKeyword.groovy)
	at com.kms.katalon.core.keyword.internal.KeywordMain.runKeyword(KeywordMain.groovy:75)
	at com.kms.katalon.core.keyword.builtin.CallTestCaseKeyword.callTestCase(CallTestCaseKeyword.groovy:81)
	at com.kms.katalon.core.keyword.builtin.CallTestCaseKeyword.execute(CallTestCaseKeyword.groovy:44)
	at com.kms.katalon.core.keyword.internal.KeywordExecutor.executeKeywordForPlatform(KeywordExecutor.groovy:74)
	at com.kms.katalon.core.keyword.BuiltinKeywords.callTestCase(BuiltinKeywords.groovy:310)
	at Portal_SmokeTest_IAState.run(Portal_SmokeTest_IAState:206)
	... 13 more]]></system-err>
      </testcase>
      <testcase name="Test Cases/Portal_WorkersCompensation/WC_SmokeTest_AllState/Portal_SmokeTest_ILState" time="15.638" classname="Test Cases/Portal_WorkersCompensation/WC_SmokeTest_AllState/Portal_SmokeTest_ILState" status="FAILED">
         <failure type="FAILED" message="Test Cases/Portal_WorkersCompensation/WC_SmokeTest_AllState/Portal_SmokeTest_ILState FAILED.
Reason:
com.kms.katalon.core.exception.StepFailedException: Call Test Case 'Test Cases/Portal_Pages/Portal_CommonScreens/Portal_Login' failed
	at com.kms.katalon.core.keyword.builtin.CallTestCaseKeyword$_callTestCase_closure1.doCall(CallTestCaseKeyword.groovy:63)
	at com.kms.katalon.core.keyword.builtin.CallTestCaseKeyword$_callTestCase_closure1.call(CallTestCaseKeyword.groovy)
	at com.kms.katalon.core.keyword.internal.KeywordMain.runKeyword(KeywordMain.groovy:75)
	at com.kms.katalon.core.keyword.builtin.CallTestCaseKeyword.callTestCase(CallTestCaseKeyword.groovy:81)
	at com.kms.katalon.core.keyword.builtin.CallTestCaseKeyword.execute(CallTestCaseKeyword.groovy:44)
	at com.kms.katalon.core.keyword.internal.KeywordExecutor.executeKeywordForPlatform(KeywordExecutor.groovy:74)
	at com.kms.katalon.core.keyword.BuiltinKeywords.callTestCase(BuiltinKeywords.groovy:310)
	at Portal_SmokeTest_ILState.run(Portal_SmokeTest_ILState:22)
	at com.kms.katalon.core.main.ScriptEngine.run(ScriptEngine.java:194)
	at com.kms.katalon.core.main.ScriptEngine.runScriptAsRawText(ScriptEngine.java:119)
	at com.kms.katalon.core.main.TestCaseExecutor.runScript(TestCaseExecutor.java:448)
	at com.kms.katalon.core.main.TestCaseExecutor.doExecute(TestCaseExecutor.java:439)
	at com.kms.katalon.core.main.TestCaseExecutor.processExecutionPhase(TestCaseExecutor.java:418)
	at com.kms.katalon.core.main.TestCaseExecutor.accessMainPhase(TestCaseExecutor.java:410)
	at com.kms.katalon.core.main.TestCaseExecutor.execute(TestCaseExecutor.java:285)
	at com.kms.katalon.core.common.CommonExecutor.accessTestCaseMainPhase(CommonExecutor.java:65)
	at com.kms.katalon.core.main.TestSuiteExecutor.accessTestSuiteMainPhase(TestSuiteExecutor.java:148)
	at com.kms.katalon.core.main.TestSuiteExecutor.execute(TestSuiteExecutor.java:106)
	at com.kms.katalon.core.main.TestCaseMain.startTestSuite(TestCaseMain.java:187)
	at com.kms.katalon.core.main.TestCaseMain$startTestSuite$0.call(Unknown Source)
	at TempTestSuite1712892562095.run(TempTestSuite1712892562095.groovy:36)
Caused by: com.kms.katalon.core.exception.StepFailedException: Unable to navigate to 'https://agencyportal.qa1.hastingsmutual.com/Accounts'
	at com.kms.katalon.core.webui.keyword.internal.WebUIKeywordMain.stepFailed(WebUIKeywordMain.groovy:64)
	at com.kms.katalon.core.webui.keyword.internal.WebUIKeywordMain.runKeyword(WebUIKeywordMain.groovy:26)
	at com.kms.katalon.core.webui.keyword.builtin.NavigateToUrlKeyword.navigateToUrl(NavigateToUrlKeyword.groovy:83)
	at com.kms.katalon.core.webui.keyword.builtin.NavigateToUrlKeyword.execute(NavigateToUrlKeyword.groovy:67)
	at com.kms.katalon.core.keyword.internal.KeywordExecutor.executeKeywordForPlatform(KeywordExecutor.groovy:74)
	at com.kms.katalon.core.webui.keyword.WebUiBuiltInKeywords.navigateToUrl(WebUiBuiltInKeywords.groovy:187)
	at com.kms.katalon.core.webui.keyword.WebUiBuiltInKeywords$navigateToUrl$3.call(Unknown Source)
	at Portal_Login.run(Portal_Login:28)
	at com.kms.katalon.core.main.ScriptEngine.run(ScriptEngine.java:194)
	at com.kms.katalon.core.main.ScriptEngine.runScriptAsRawText(ScriptEngine.java:119)
	at com.kms.katalon.core.main.TestCaseExecutor.runScript(TestCaseExecutor.java:448)
	at com.kms.katalon.core.main.TestCaseExecutor.doExecute(TestCaseExecutor.java:439)
	at com.kms.katalon.core.main.TestCaseExecutor.processExecutionPhase(TestCaseExecutor.java:418)
	at com.kms.katalon.core.main.TestCaseExecutor.accessMainPhase(TestCaseExecutor.java:410)
	at com.kms.katalon.core.main.TestCaseExecutor.execute(TestCaseExecutor.java:285)
	at com.kms.katalon.core.main.TestCaseMain.runTestCase(TestCaseMain.java:144)
	at com.kms.katalon.core.keyword.builtin.CallTestCaseKeyword$_callTestCase_closure1.doCall(CallTestCaseKeyword.groovy:59)
	... 20 more
Caused by: org.openqa.selenium.WebDriverException: unknown error: net::ERR_NAME_NOT_RESOLVED
  (Session info: chrome=115.0.5790.110)
Build info: version: '3.141.59', revision: 'e82be7d358', time: '2018-11-14T08:25:53'
System info: host: 'FA28158', ip: '10.0.0.28', os.name: 'Windows 11', os.arch: 'amd64', os.version: '10.0', java.version: '1.8.0_362'
Driver info: com.kms.katalon.selenium.driver.CChromeDriver
Capabilities {acceptInsecureCerts: false, browserName: chrome, browserVersion: 115.0.5790.110, chrome: {chromedriverVersion: 114.0.5735.90 (386bc09e8f4f..., userDataDir: C:\Users\LellKir\AppData\Lo...}, goog:chromeOptions: {debuggerAddress: localhost:53993}, javascriptEnabled: true, networkConnectionEnabled: false, pageLoadStrategy: normal, platform: WINDOWS, platformName: WINDOWS, proxy: Proxy(), setWindowRect: true, strictFileInteractability: false, timeouts: {implicit: 0, pageLoad: 300000, script: 30000}, unhandledPromptBehavior: dismiss and notify, webauthn:extension:credBlob: true, webauthn:extension:largeBlob: true, webauthn:extension:minPinLength: true, webauthn:extension:prf: true, webauthn:virtualAuthenticators: true}
Session ID: aecca9484711eff4d8127d670066ecfe
	at org.openqa.selenium.remote.http.W3CHttpResponseCodec.createException(W3CHttpResponseCodec.java:187)
	at org.openqa.selenium.remote.http.W3CHttpResponseCodec.decode(W3CHttpResponseCodec.java:122)
	at org.openqa.selenium.remote.http.W3CHttpResponseCodec.decode(W3CHttpResponseCodec.java:49)
	at org.openqa.selenium.remote.HttpCommandExecutor.execute(HttpCommandExecutor.java:158)
	at org.openqa.selenium.remote.service.DriverCommandExecutor.execute(DriverCommandExecutor.java:83)
	at org.openqa.selenium.remote.RemoteWebDriver.execute(RemoteWebDriver.java:552)
	at com.kms.katalon.selenium.driver.CChromeDriver.execute(CChromeDriver.java:19)
	at org.openqa.selenium.remote.RemoteWebDriver.get(RemoteWebDriver.java:277)
	at org.openqa.selenium.remote.RemoteWebDriver$RemoteNavigation.to(RemoteWebDriver.java:857)
	at org.openqa.selenium.support.events.EventFiringWebDriver$EventFiringNavigation.to(EventFiringWebDriver.java:569)
	at com.kms.katalon.core.webui.keyword.builtin.NavigateToUrlKeyword$_navigateToUrl_closure1.doCall(NavigateToUrlKeyword.groovy:81)
	at com.kms.katalon.core.webui.keyword.builtin.NavigateToUrlKeyword$_navigateToUrl_closure1.call(NavigateToUrlKeyword.groovy)
	at com.kms.katalon.core.webui.keyword.internal.WebUIKeywordMain.runKeyword(WebUIKeywordMain.groovy:20)
	... 35 more
"/>
         <system-out><![CDATA[2024-04-12 00:07:34 - [TEST_CASE][FAILED] - Test Cases/Portal_WorkersCompensation/WC_SmokeTest_AllState/Portal_SmokeTest_ILState: Test Cases/Portal_WorkersCompensation/WC_SmokeTest_AllState/Portal_SmokeTest_ILState FAILED.
Reason:
com.kms.katalon.core.exception.StepFailedException: Call Test Case 'Test Cases/Portal_Pages/Portal_CommonScreens/Portal_Login' failed
	at com.kms.katalon.core.keyword.builtin.CallTestCaseKeyword$_callTestCase_closure1.doCall(CallTestCaseKeyword.groovy:63)
	at com.kms.katalon.core.keyword.builtin.CallTestCaseKeyword$_callTestCase_closure1.call(CallTestCaseKeyword.groovy)
	at com.kms.katalon.core.keyword.internal.KeywordMain.runKeyword(KeywordMain.groovy:75)
	at com.kms.katalon.core.keyword.builtin.CallTestCaseKeyword.callTestCase(CallTestCaseKeyword.groovy:81)
	at com.kms.katalon.core.keyword.builtin.CallTestCaseKeyword.execute(CallTestCaseKeyword.groovy:44)
	at com.kms.katalon.core.keyword.internal.KeywordExecutor.executeKeywordForPlatform(KeywordExecutor.groovy:74)
	at com.kms.katalon.core.keyword.BuiltinKeywords.callTestCase(BuiltinKeywords.groovy:310)
	at Portal_SmokeTest_ILState.run(Portal_SmokeTest_ILState:22)
	at com.kms.katalon.core.main.ScriptEngine.run(ScriptEngine.java:194)
	at com.kms.katalon.core.main.ScriptEngine.runScriptAsRawText(ScriptEngine.java:119)
	at com.kms.katalon.core.main.TestCaseExecutor.runScript(TestCaseExecutor.java:448)
	at com.kms.katalon.core.main.TestCaseExecutor.doExecute(TestCaseExecutor.java:439)
	at com.kms.katalon.core.main.TestCaseExecutor.processExecutionPhase(TestCaseExecutor.java:418)
	at com.kms.katalon.core.main.TestCaseExecutor.accessMainPhase(TestCaseExecutor.java:410)
	at com.kms.katalon.core.main.TestCaseExecutor.execute(TestCaseExecutor.java:285)
	at com.kms.katalon.core.common.CommonExecutor.accessTestCaseMainPhase(CommonExecutor.java:65)
	at com.kms.katalon.core.main.TestSuiteExecutor.accessTestSuiteMainPhase(TestSuiteExecutor.java:148)
	at com.kms.katalon.core.main.TestSuiteExecutor.execute(TestSuiteExecutor.java:106)
	at com.kms.katalon.core.main.TestCaseMain.startTestSuite(TestCaseMain.java:187)
	at com.kms.katalon.core.main.TestCaseMain$startTestSuite$0.call(Unknown Source)
	at TempTestSuite1712892562095.run(TempTestSuite1712892562095.groovy:36)
Caused by: com.kms.katalon.core.exception.StepFailedException: Unable to navigate to 'https://agencyportal.qa1.hastingsmutual.com/Accounts'
	at com.kms.katalon.core.webui.keyword.internal.WebUIKeywordMain.stepFailed(WebUIKeywordMain.groovy:64)
	at com.kms.katalon.core.webui.keyword.internal.WebUIKeywordMain.runKeyword(WebUIKeywordMain.groovy:26)
	at com.kms.katalon.core.webui.keyword.builtin.NavigateToUrlKeyword.navigateToUrl(NavigateToUrlKeyword.groovy:83)
	at com.kms.katalon.core.webui.keyword.builtin.NavigateToUrlKeyword.execute(NavigateToUrlKeyword.groovy:67)
	at com.kms.katalon.core.keyword.internal.KeywordExecutor.executeKeywordForPlatform(KeywordExecutor.groovy:74)
	at com.kms.katalon.core.webui.keyword.WebUiBuiltInKeywords.navigateToUrl(WebUiBuiltInKeywords.groovy:187)
	at com.kms.katalon.core.webui.keyword.WebUiBuiltInKeywords$navigateToUrl$3.call(Unknown Source)
	at Portal_Login.run(Portal_Login:28)
	at com.kms.katalon.core.main.ScriptEngine.run(ScriptEngine.java:194)
	at com.kms.katalon.core.main.ScriptEngine.runScriptAsRawText(ScriptEngine.java:119)
	at com.kms.katalon.core.main.TestCaseExecutor.runScript(TestCaseExecutor.java:448)
	at com.kms.katalon.core.main.TestCaseExecutor.doExecute(TestCaseExecutor.java:439)
	at com.kms.katalon.core.main.TestCaseExecutor.processExecutionPhase(TestCaseExecutor.java:418)
	at com.kms.katalon.core.main.TestCaseExecutor.accessMainPhase(TestCaseExecutor.java:410)
	at com.kms.katalon.core.main.TestCaseExecutor.execute(TestCaseExecutor.java:285)
	at com.kms.katalon.core.main.TestCaseMain.runTestCase(TestCaseMain.java:144)
	at com.kms.katalon.core.keyword.builtin.CallTestCaseKeyword$_callTestCase_closure1.doCall(CallTestCaseKeyword.groovy:59)
	... 20 more
Caused by: org.openqa.selenium.WebDriverException: unknown error: net::ERR_NAME_NOT_RESOLVED
  (Session info: chrome=115.0.5790.110)
Build info: version: '3.141.59', revision: 'e82be7d358', time: '2018-11-14T08:25:53'
System info: host: 'FA28158', ip: '10.0.0.28', os.name: 'Windows 11', os.arch: 'amd64', os.version: '10.0', java.version: '1.8.0_362'
Driver info: com.kms.katalon.selenium.driver.CChromeDriver
Capabilities {acceptInsecureCerts: false, browserName: chrome, browserVersion: 115.0.5790.110, chrome: {chromedriverVersion: 114.0.5735.90 (386bc09e8f4f..., userDataDir: C:\Users\LellKir\AppData\Lo...}, goog:chromeOptions: {debuggerAddress: localhost:53993}, javascriptEnabled: true, networkConnectionEnabled: false, pageLoadStrategy: normal, platform: WINDOWS, platformName: WINDOWS, proxy: Proxy(), setWindowRect: true, strictFileInteractability: false, timeouts: {implicit: 0, pageLoad: 300000, script: 30000}, unhandledPromptBehavior: dismiss and notify, webauthn:extension:credBlob: true, webauthn:extension:largeBlob: true, webauthn:extension:minPinLength: true, webauthn:extension:prf: true, webauthn:virtualAuthenticators: true}
Session ID: aecca9484711eff4d8127d670066ecfe
	at org.openqa.selenium.remote.http.W3CHttpResponseCodec.createException(W3CHttpResponseCodec.java:187)
	at org.openqa.selenium.remote.http.W3CHttpResponseCodec.decode(W3CHttpResponseCodec.java:122)
	at org.openqa.selenium.remote.http.W3CHttpResponseCodec.decode(W3CHttpResponseCodec.java:49)
	at org.openqa.selenium.remote.HttpCommandExecutor.execute(HttpCommandExecutor.java:158)
	at org.openqa.selenium.remote.service.DriverCommandExecutor.execute(DriverCommandExecutor.java:83)
	at org.openqa.selenium.remote.RemoteWebDriver.execute(RemoteWebDriver.java:552)
	at com.kms.katalon.selenium.driver.CChromeDriver.execute(CChromeDriver.java:19)
	at org.openqa.selenium.remote.RemoteWebDriver.get(RemoteWebDriver.java:277)
	at org.openqa.selenium.remote.RemoteWebDriver$RemoteNavigation.to(RemoteWebDriver.java:857)
	at org.openqa.selenium.support.events.EventFiringWebDriver$EventFiringNavigation.to(EventFiringWebDriver.java:569)
	at com.kms.katalon.core.webui.keyword.builtin.NavigateToUrlKeyword$_navigateToUrl_closure1.doCall(NavigateToUrlKeyword.groovy:81)
	at com.kms.katalon.core.webui.keyword.builtin.NavigateToUrlKeyword$_navigateToUrl_closure1.call(NavigateToUrlKeyword.groovy)
	at com.kms.katalon.core.webui.keyword.internal.WebUIKeywordMain.runKeyword(WebUIKeywordMain.groovy:20)
	... 35 more


2024-04-12 00:07:35 - [TEST_STEP][PASSED] - comment("Portal Smoke Test"): Portal Smoke Test

2024-04-12 00:07:35 - [MESSAGE][INFO] - Portal Smoke Test

2024-04-12 00:07:35 - [TEST_STEP][FAILED] - callTestCase(findTestCase("Portal_Pages/Portal_CommonScreens/Portal_Login"), ["Portal_Username":Portal_Username, "Portal_Password":Portal_Password], STOP_ON_FAILURE): Unable to call Test Case 'Test Cases/Portal_Pages/Portal_CommonScreens/Portal_Login' (Root cause: com.kms.katalon.core.exception.StepFailedException: Call Test Case 'Test Cases/Portal_Pages/Portal_CommonScreens/Portal_Login' failed
	at com.kms.katalon.core.keyword.builtin.CallTestCaseKeyword$_callTestCase_closure1.doCall(CallTestCaseKeyword.groovy:63)
	at com.kms.katalon.core.keyword.builtin.CallTestCaseKeyword$_callTestCase_closure1.call(CallTestCaseKeyword.groovy)
	at com.kms.katalon.core.keyword.internal.KeywordMain.runKeyword(KeywordMain.groovy:75)
	at com.kms.katalon.core.keyword.builtin.CallTestCaseKeyword.callTestCase(CallTestCaseKeyword.groovy:81)
	at com.kms.katalon.core.keyword.builtin.CallTestCaseKeyword.execute(CallTestCaseKeyword.groovy:44)
	at com.kms.katalon.core.keyword.internal.KeywordExecutor.executeKeywordForPlatform(KeywordExecutor.groovy:74)
	at com.kms.katalon.core.keyword.BuiltinKeywords.callTestCase(BuiltinKeywords.groovy:310)
	at Portal_SmokeTest_ILState.run(Portal_SmokeTest_ILState:22)
	at com.kms.katalon.core.main.ScriptEngine.run(ScriptEngine.java:194)
	at com.kms.katalon.core.main.ScriptEngine.runScriptAsRawText(ScriptEngine.java:119)
	at com.kms.katalon.core.main.TestCaseExecutor.runScript(TestCaseExecutor.java:448)
	at com.kms.katalon.core.main.TestCaseExecutor.doExecute(TestCaseExecutor.java:439)
	at com.kms.katalon.core.main.TestCaseExecutor.processExecutionPhase(TestCaseExecutor.java:418)
	at com.kms.katalon.core.main.TestCaseExecutor.accessMainPhase(TestCaseExecutor.java:410)
	at com.kms.katalon.core.main.TestCaseExecutor.execute(TestCaseExecutor.java:285)
	at com.kms.katalon.core.common.CommonExecutor.accessTestCaseMainPhase(CommonExecutor.java:65)
	at com.kms.katalon.core.main.TestSuiteExecutor.accessTestSuiteMainPhase(TestSuiteExecutor.java:148)
	at com.kms.katalon.core.main.TestSuiteExecutor.execute(TestSuiteExecutor.java:106)
	at com.kms.katalon.core.main.TestCaseMain.startTestSuite(TestCaseMain.java:187)
	at com.kms.katalon.core.main.TestCaseMain$startTestSuite$0.call(Unknown Source)
	at TempTestSuite1712892562095.run(TempTestSuite1712892562095.groovy:36)
Caused by: com.kms.katalon.core.exception.StepFailedException: Unable to navigate to 'https://agencyportal.qa1.hastingsmutual.com/Accounts'
	at com.kms.katalon.core.webui.keyword.internal.WebUIKeywordMain.stepFailed(WebUIKeywordMain.groovy:64)
	at com.kms.katalon.core.webui.keyword.internal.WebUIKeywordMain.runKeyword(WebUIKeywordMain.groovy:26)
	at com.kms.katalon.core.webui.keyword.builtin.NavigateToUrlKeyword.navigateToUrl(NavigateToUrlKeyword.groovy:83)
	at com.kms.katalon.core.webui.keyword.builtin.NavigateToUrlKeyword.execute(NavigateToUrlKeyword.groovy:67)
	at com.kms.katalon.core.keyword.internal.KeywordExecutor.executeKeywordForPlatform(KeywordExecutor.groovy:74)
	at com.kms.katalon.core.webui.keyword.WebUiBuiltInKeywords.navigateToUrl(WebUiBuiltInKeywords.groovy:187)
	at com.kms.katalon.core.webui.keyword.WebUiBuiltInKeywords$navigateToUrl$3.call(Unknown Source)
	at Portal_Login.run(Portal_Login:28)
	at com.kms.katalon.core.main.ScriptEngine.run(ScriptEngine.java:194)
	at com.kms.katalon.core.main.ScriptEngine.runScriptAsRawText(ScriptEngine.java:119)
	at com.kms.katalon.core.main.TestCaseExecutor.runScript(TestCaseExecutor.java:448)
	at com.kms.katalon.core.main.TestCaseExecutor.doExecute(TestCaseExecutor.java:439)
	at com.kms.katalon.core.main.TestCaseExecutor.processExecutionPhase(TestCaseExecutor.java:418)
	at com.kms.katalon.core.main.TestCaseExecutor.accessMainPhase(TestCaseExecutor.java:410)
	at com.kms.katalon.core.main.TestCaseExecutor.execute(TestCaseExecutor.java:285)
	at com.kms.katalon.core.main.TestCaseMain.runTestCase(TestCaseMain.java:144)
	at com.kms.katalon.core.keyword.builtin.CallTestCaseKeyword$_callTestCase_closure1.doCall(CallTestCaseKeyword.groovy:59)
	... 20 more
Caused by: org.openqa.selenium.WebDriverException: unknown error: net::ERR_NAME_NOT_RESOLVED
  (Session info: chrome=115.0.5790.110)
Build info: version: '3.141.59', revision: 'e82be7d358', time: '2018-11-14T08:25:53'
System info: host: 'FA28158', ip: '10.0.0.28', os.name: 'Windows 11', os.arch: 'amd64', os.version: '10.0', java.version: '1.8.0_362'
Driver info: com.kms.katalon.selenium.driver.CChromeDriver
Capabilities {acceptInsecureCerts: false, browserName: chrome, browserVersion: 115.0.5790.110, chrome: {chromedriverVersion: 114.0.5735.90 (386bc09e8f4f..., userDataDir: C:\Users\LellKir\AppData\Lo...}, goog:chromeOptions: {debuggerAddress: localhost:53993}, javascriptEnabled: true, networkConnectionEnabled: false, pageLoadStrategy: normal, platform: WINDOWS, platformName: WINDOWS, proxy: Proxy(), setWindowRect: true, strictFileInteractability: false, timeouts: {implicit: 0, pageLoad: 300000, script: 30000}, unhandledPromptBehavior: dismiss and notify, webauthn:extension:credBlob: true, webauthn:extension:largeBlob: true, webauthn:extension:minPinLength: true, webauthn:extension:prf: true, webauthn:virtualAuthenticators: true}
Session ID: aecca9484711eff4d8127d670066ecfe
	at org.openqa.selenium.remote.http.W3CHttpResponseCodec.createException(W3CHttpResponseCodec.java:187)
	at org.openqa.selenium.remote.http.W3CHttpResponseCodec.decode(W3CHttpResponseCodec.java:122)
	at org.openqa.selenium.remote.http.W3CHttpResponseCodec.decode(W3CHttpResponseCodec.java:49)
	at org.openqa.selenium.remote.HttpCommandExecutor.execute(HttpCommandExecutor.java:158)
	at org.openqa.selenium.remote.service.DriverCommandExecutor.execute(DriverCommandExecutor.java:83)
	at org.openqa.selenium.remote.RemoteWebDriver.execute(RemoteWebDriver.java:552)
	at com.kms.katalon.selenium.driver.CChromeDriver.execute(CChromeDriver.java:19)
	at org.openqa.selenium.remote.RemoteWebDriver.get(RemoteWebDriver.java:277)
	at org.openqa.selenium.remote.RemoteWebDriver$RemoteNavigation.to(RemoteWebDriver.java:857)
	at org.openqa.selenium.support.events.EventFiringWebDriver$EventFiringNavigation.to(EventFiringWebDriver.java:569)
	at com.kms.katalon.core.webui.keyword.builtin.NavigateToUrlKeyword$_navigateToUrl_closure1.doCall(NavigateToUrlKeyword.groovy:81)
	at com.kms.katalon.core.webui.keyword.builtin.NavigateToUrlKeyword$_navigateToUrl_closure1.call(NavigateToUrlKeyword.groovy)
	at com.kms.katalon.core.webui.keyword.internal.WebUIKeywordMain.runKeyword(WebUIKeywordMain.groovy:20)
	... 35 more
)

2024-04-12 00:07:35 - [TEST_CASE][FAILED] - Test Cases/Portal_Pages/Portal_CommonScreens/Portal_Login: Test Cases/Portal_Pages/Portal_CommonScreens/Portal_Login FAILED.
Reason:
com.kms.katalon.core.exception.StepFailedException: Unable to navigate to 'https://agencyportal.qa1.hastingsmutual.com/Accounts'
	at com.kms.katalon.core.webui.keyword.internal.WebUIKeywordMain.stepFailed(WebUIKeywordMain.groovy:64)
	at com.kms.katalon.core.webui.keyword.internal.WebUIKeywordMain.runKeyword(WebUIKeywordMain.groovy:26)
	at com.kms.katalon.core.webui.keyword.builtin.NavigateToUrlKeyword.navigateToUrl(NavigateToUrlKeyword.groovy:83)
	at com.kms.katalon.core.webui.keyword.builtin.NavigateToUrlKeyword.execute(NavigateToUrlKeyword.groovy:67)
	at com.kms.katalon.core.keyword.internal.KeywordExecutor.executeKeywordForPlatform(KeywordExecutor.groovy:74)
	at com.kms.katalon.core.webui.keyword.WebUiBuiltInKeywords.navigateToUrl(WebUiBuiltInKeywords.groovy:187)
	at com.kms.katalon.core.webui.keyword.WebUiBuiltInKeywords$navigateToUrl$3.call(Unknown Source)
	at Portal_Login.run(Portal_Login:28)
	at com.kms.katalon.core.main.ScriptEngine.run(ScriptEngine.java:194)
	at com.kms.katalon.core.main.ScriptEngine.runScriptAsRawText(ScriptEngine.java:119)
	at com.kms.katalon.core.main.TestCaseExecutor.runScript(TestCaseExecutor.java:448)
	at com.kms.katalon.core.main.TestCaseExecutor.doExecute(TestCaseExecutor.java:439)
	at com.kms.katalon.core.main.TestCaseExecutor.processExecutionPhase(TestCaseExecutor.java:418)
	at com.kms.katalon.core.main.TestCaseExecutor.accessMainPhase(TestCaseExecutor.java:410)
	at com.kms.katalon.core.main.TestCaseExecutor.execute(TestCaseExecutor.java:285)
	at com.kms.katalon.core.main.TestCaseMain.runTestCase(TestCaseMain.java:144)
	at com.kms.katalon.core.keyword.builtin.CallTestCaseKeyword$_callTestCase_closure1.doCall(CallTestCaseKeyword.groovy:59)
	at com.kms.katalon.core.keyword.builtin.CallTestCaseKeyword$_callTestCase_closure1.call(CallTestCaseKeyword.groovy)
	at com.kms.katalon.core.keyword.internal.KeywordMain.runKeyword(KeywordMain.groovy:75)
	at com.kms.katalon.core.keyword.builtin.CallTestCaseKeyword.callTestCase(CallTestCaseKeyword.groovy:81)
	at com.kms.katalon.core.keyword.builtin.CallTestCaseKeyword.execute(CallTestCaseKeyword.groovy:44)
	at com.kms.katalon.core.keyword.internal.KeywordExecutor.executeKeywordForPlatform(KeywordExecutor.groovy:74)
	at com.kms.katalon.core.keyword.BuiltinKeywords.callTestCase(BuiltinKeywords.groovy:310)
	at Portal_SmokeTest_ILState.run(Portal_SmokeTest_ILState:22)
	at com.kms.katalon.core.main.ScriptEngine.run(ScriptEngine.java:194)
	at com.kms.katalon.core.main.ScriptEngine.runScriptAsRawText(ScriptEngine.java:119)
	at com.kms.katalon.core.main.TestCaseExecutor.runScript(TestCaseExecutor.java:448)
	at com.kms.katalon.core.main.TestCaseExecutor.doExecute(TestCaseExecutor.java:439)
	at com.kms.katalon.core.main.TestCaseExecutor.processExecutionPhase(TestCaseExecutor.java:418)
	at com.kms.katalon.core.main.TestCaseExecutor.accessMainPhase(TestCaseExecutor.java:410)
	at com.kms.katalon.core.main.TestCaseExecutor.execute(TestCaseExecutor.java:285)
	at com.kms.katalon.core.common.CommonExecutor.accessTestCaseMainPhase(CommonExecutor.java:65)
	at com.kms.katalon.core.main.TestSuiteExecutor.accessTestSuiteMainPhase(TestSuiteExecutor.java:148)
	at com.kms.katalon.core.main.TestSuiteExecutor.execute(TestSuiteExecutor.java:106)
	at com.kms.katalon.core.main.TestCaseMain.startTestSuite(TestCaseMain.java:187)
	at com.kms.katalon.core.main.TestCaseMain$startTestSuite$0.call(Unknown Source)
	at TempTestSuite1712892562095.run(TempTestSuite1712892562095.groovy:36)
Caused by: org.openqa.selenium.WebDriverException: unknown error: net::ERR_NAME_NOT_RESOLVED
  (Session info: chrome=115.0.5790.110)
Build info: version: '3.141.59', revision: 'e82be7d358', time: '2018-11-14T08:25:53'
System info: host: 'FA28158', ip: '10.0.0.28', os.name: 'Windows 11', os.arch: 'amd64', os.version: '10.0', java.version: '1.8.0_362'
Driver info: com.kms.katalon.selenium.driver.CChromeDriver
Capabilities {acceptInsecureCerts: false, browserName: chrome, browserVersion: 115.0.5790.110, chrome: {chromedriverVersion: 114.0.5735.90 (386bc09e8f4f..., userDataDir: C:\Users\LellKir\AppData\Lo...}, goog:chromeOptions: {debuggerAddress: localhost:53993}, javascriptEnabled: true, networkConnectionEnabled: false, pageLoadStrategy: normal, platform: WINDOWS, platformName: WINDOWS, proxy: Proxy(), setWindowRect: true, strictFileInteractability: false, timeouts: {implicit: 0, pageLoad: 300000, script: 30000}, unhandledPromptBehavior: dismiss and notify, webauthn:extension:credBlob: true, webauthn:extension:largeBlob: true, webauthn:extension:minPinLength: true, webauthn:extension:prf: true, webauthn:virtualAuthenticators: true}
Session ID: aecca9484711eff4d8127d670066ecfe
	at org.openqa.selenium.remote.http.W3CHttpResponseCodec.createException(W3CHttpResponseCodec.java:187)
	at org.openqa.selenium.remote.http.W3CHttpResponseCodec.decode(W3CHttpResponseCodec.java:122)
	at org.openqa.selenium.remote.http.W3CHttpResponseCodec.decode(W3CHttpResponseCodec.java:49)
	at org.openqa.selenium.remote.HttpCommandExecutor.execute(HttpCommandExecutor.java:158)
	at org.openqa.selenium.remote.service.DriverCommandExecutor.execute(DriverCommandExecutor.java:83)
	at org.openqa.selenium.remote.RemoteWebDriver.execute(RemoteWebDriver.java:552)
	at com.kms.katalon.selenium.driver.CChromeDriver.execute(CChromeDriver.java:19)
	at org.openqa.selenium.remote.RemoteWebDriver.get(RemoteWebDriver.java:277)
	at org.openqa.selenium.remote.RemoteWebDriver$RemoteNavigation.to(RemoteWebDriver.java:857)
	at org.openqa.selenium.support.events.EventFiringWebDriver$EventFiringNavigation.to(EventFiringWebDriver.java:569)
	at com.kms.katalon.core.webui.keyword.builtin.NavigateToUrlKeyword$_navigateToUrl_closure1.doCall(NavigateToUrlKeyword.groovy:81)
	at com.kms.katalon.core.webui.keyword.builtin.NavigateToUrlKeyword$_navigateToUrl_closure1.call(NavigateToUrlKeyword.groovy)
	at com.kms.katalon.core.webui.keyword.internal.WebUIKeywordMain.runKeyword(WebUIKeywordMain.groovy:20)
	... 35 more


2024-04-12 00:07:35 - [TEST_STEP][PASSED] - openBrowser(""): Browser is opened with url: ''

2024-04-12 00:07:35 - [MESSAGE][WARNING] - A browser is already opened. Closing browser and opening a new one

2024-04-12 00:07:35 - [MESSAGE][INFO] - Starting 'Chrome' driver

2024-04-12 00:07:35 - [MESSAGE][INFO] - Action delay is set to 0 milliseconds

2024-04-12 00:07:37 - [MESSAGE][PASSED] - Browser is opened with url: ''

2024-04-12 00:07:37 - [TEST_STEP][PASSED] - deleteAllCookies(): Delete all cookies successfully

2024-04-12 00:07:37 - [MESSAGE][PASSED] - Delete all cookies successfully

2024-04-12 00:07:37 - [TEST_STEP][PASSED] - maximizeWindow(): Current window maximized

2024-04-12 00:07:37 - [MESSAGE][PASSED] - Current window maximized

2024-04-12 00:07:37 - [TEST_STEP][PASSED] - takeFullPageScreenshot(): Taking screenshot successfully

2024-04-12 00:07:38 - [MESSAGE][INFO] - 0 hidden object(s)

2024-04-12 00:07:38 - [MESSAGE][PASSED] - Taking screenshot successfully
[[ATTACHMENT|C:\\Users\\LellKir\\git\\HMIC-Portal\\HMIC-Portal\\HMIC-Portal\\HMIC-Portal\\HMIC-Portal\\HMIC-Portal\\Reports\\20240411_232922\\AgencyPortal_SmokeTest_WC\\20240411_232922\\1712894857825.png]]

2024-04-12 00:07:38 - [TEST_STEP][FAILED] - navigateToUrl(PortalURL): Unable to navigate to 'https://agencyportal.qa1.hastingsmutual.com/Accounts' (Root cause: com.kms.katalon.core.exception.StepFailedException: Unable to navigate to 'https://agencyportal.qa1.hastingsmutual.com/Accounts'
	at com.kms.katalon.core.webui.keyword.internal.WebUIKeywordMain.stepFailed(WebUIKeywordMain.groovy:64)
	at com.kms.katalon.core.webui.keyword.internal.WebUIKeywordMain.runKeyword(WebUIKeywordMain.groovy:26)
	at com.kms.katalon.core.webui.keyword.builtin.NavigateToUrlKeyword.navigateToUrl(NavigateToUrlKeyword.groovy:83)
	at com.kms.katalon.core.webui.keyword.builtin.NavigateToUrlKeyword.execute(NavigateToUrlKeyword.groovy:67)
	at com.kms.katalon.core.keyword.internal.KeywordExecutor.executeKeywordForPlatform(KeywordExecutor.groovy:74)
	at com.kms.katalon.core.webui.keyword.WebUiBuiltInKeywords.navigateToUrl(WebUiBuiltInKeywords.groovy:187)
	at com.kms.katalon.core.webui.keyword.WebUiBuiltInKeywords$navigateToUrl$3.call(Unknown Source)
	at Portal_Login.run(Portal_Login:28)
	at com.kms.katalon.core.main.ScriptEngine.run(ScriptEngine.java:194)
	at com.kms.katalon.core.main.ScriptEngine.runScriptAsRawText(ScriptEngine.java:119)
	at com.kms.katalon.core.main.TestCaseExecutor.runScript(TestCaseExecutor.java:448)
	at com.kms.katalon.core.main.TestCaseExecutor.doExecute(TestCaseExecutor.java:439)
	at com.kms.katalon.core.main.TestCaseExecutor.processExecutionPhase(TestCaseExecutor.java:418)
	at com.kms.katalon.core.main.TestCaseExecutor.accessMainPhase(TestCaseExecutor.java:410)
	at com.kms.katalon.core.main.TestCaseExecutor.execute(TestCaseExecutor.java:285)
	at com.kms.katalon.core.main.TestCaseMain.runTestCase(TestCaseMain.java:144)
	at com.kms.katalon.core.keyword.builtin.CallTestCaseKeyword$_callTestCase_closure1.doCall(CallTestCaseKeyword.groovy:59)
	at com.kms.katalon.core.keyword.builtin.CallTestCaseKeyword$_callTestCase_closure1.call(CallTestCaseKeyword.groovy)
	at com.kms.katalon.core.keyword.internal.KeywordMain.runKeyword(KeywordMain.groovy:75)
	at com.kms.katalon.core.keyword.builtin.CallTestCaseKeyword.callTestCase(CallTestCaseKeyword.groovy:81)
	at com.kms.katalon.core.keyword.builtin.CallTestCaseKeyword.execute(CallTestCaseKeyword.groovy:44)
	at com.kms.katalon.core.keyword.internal.KeywordExecutor.executeKeywordForPlatform(KeywordExecutor.groovy:74)
	at com.kms.katalon.core.keyword.BuiltinKeywords.callTestCase(BuiltinKeywords.groovy:310)
	at Portal_SmokeTest_ILState.run(Portal_SmokeTest_ILState:22)
	at com.kms.katalon.core.main.ScriptEngine.run(ScriptEngine.java:194)
	at com.kms.katalon.core.main.ScriptEngine.runScriptAsRawText(ScriptEngine.java:119)
	at com.kms.katalon.core.main.TestCaseExecutor.runScript(TestCaseExecutor.java:448)
	at com.kms.katalon.core.main.TestCaseExecutor.doExecute(TestCaseExecutor.java:439)
	at com.kms.katalon.core.main.TestCaseExecutor.processExecutionPhase(TestCaseExecutor.java:418)
	at com.kms.katalon.core.main.TestCaseExecutor.accessMainPhase(TestCaseExecutor.java:410)
	at com.kms.katalon.core.main.TestCaseExecutor.execute(TestCaseExecutor.java:285)
	at com.kms.katalon.core.common.CommonExecutor.accessTestCaseMainPhase(CommonExecutor.java:65)
	at com.kms.katalon.core.main.TestSuiteExecutor.accessTestSuiteMainPhase(TestSuiteExecutor.java:148)
	at com.kms.katalon.core.main.TestSuiteExecutor.execute(TestSuiteExecutor.java:106)
	at com.kms.katalon.core.main.TestCaseMain.startTestSuite(TestCaseMain.java:187)
	at com.kms.katalon.core.main.TestCaseMain$startTestSuite$0.call(Unknown Source)
	at TempTestSuite1712892562095.run(TempTestSuite1712892562095.groovy:36)
Caused by: org.openqa.selenium.WebDriverException: unknown error: net::ERR_NAME_NOT_RESOLVED
  (Session info: chrome=115.0.5790.110)
Build info: version: '3.141.59', revision: 'e82be7d358', time: '2018-11-14T08:25:53'
System info: host: 'FA28158', ip: '10.0.0.28', os.name: 'Windows 11', os.arch: 'amd64', os.version: '10.0', java.version: '1.8.0_362'
Driver info: com.kms.katalon.selenium.driver.CChromeDriver
Capabilities {acceptInsecureCerts: false, browserName: chrome, browserVersion: 115.0.5790.110, chrome: {chromedriverVersion: 114.0.5735.90 (386bc09e8f4f..., userDataDir: C:\Users\LellKir\AppData\Lo...}, goog:chromeOptions: {debuggerAddress: localhost:53993}, javascriptEnabled: true, networkConnectionEnabled: false, pageLoadStrategy: normal, platform: WINDOWS, platformName: WINDOWS, proxy: Proxy(), setWindowRect: true, strictFileInteractability: false, timeouts: {implicit: 0, pageLoad: 300000, script: 30000}, unhandledPromptBehavior: dismiss and notify, webauthn:extension:credBlob: true, webauthn:extension:largeBlob: true, webauthn:extension:minPinLength: true, webauthn:extension:prf: true, webauthn:virtualAuthenticators: true}
Session ID: aecca9484711eff4d8127d670066ecfe
	at org.openqa.selenium.remote.http.W3CHttpResponseCodec.createException(W3CHttpResponseCodec.java:187)
	at org.openqa.selenium.remote.http.W3CHttpResponseCodec.decode(W3CHttpResponseCodec.java:122)
	at org.openqa.selenium.remote.http.W3CHttpResponseCodec.decode(W3CHttpResponseCodec.java:49)
	at org.openqa.selenium.remote.HttpCommandExecutor.execute(HttpCommandExecutor.java:158)
	at org.openqa.selenium.remote.service.DriverCommandExecutor.execute(DriverCommandExecutor.java:83)
	at org.openqa.selenium.remote.RemoteWebDriver.execute(RemoteWebDriver.java:552)
	at com.kms.katalon.selenium.driver.CChromeDriver.execute(CChromeDriver.java:19)
	at org.openqa.selenium.remote.RemoteWebDriver.get(RemoteWebDriver.java:277)
	at org.openqa.selenium.remote.RemoteWebDriver$RemoteNavigation.to(RemoteWebDriver.java:857)
	at org.openqa.selenium.support.events.EventFiringWebDriver$EventFiringNavigation.to(EventFiringWebDriver.java:569)
	at com.kms.katalon.core.webui.keyword.builtin.NavigateToUrlKeyword$_navigateToUrl_closure1.doCall(NavigateToUrlKeyword.groovy:81)
	at com.kms.katalon.core.webui.keyword.builtin.NavigateToUrlKeyword$_navigateToUrl_closure1.call(NavigateToUrlKeyword.groovy)
	at com.kms.katalon.core.webui.keyword.internal.WebUIKeywordMain.runKeyword(WebUIKeywordMain.groovy:20)
	at com.kms.katalon.core.webui.keyword.builtin.NavigateToUrlKeyword.navigateToUrl(NavigateToUrlKeyword.groovy:83)
	at com.kms.katalon.core.webui.keyword.builtin.NavigateToUrlKeyword.execute(NavigateToUrlKeyword.groovy:67)
	at com.kms.katalon.core.keyword.internal.KeywordExecutor.executeKeywordForPlatform(KeywordExecutor.groovy:74)
	at com.kms.katalon.core.webui.keyword.WebUiBuiltInKeywords.navigateToUrl(WebUiBuiltInKeywords.groovy:187)
	at com.kms.katalon.core.webui.keyword.WebUiBuiltInKeywords$navigateToUrl$3.call(Unknown Source)
	at Script1683558008637.run(Script1683558008637.groovy:28)
	at com.kms.katalon.core.main.ScriptEngine.run(ScriptEngine.java:194)
	at com.kms.katalon.core.main.ScriptEngine.runScriptAsRawText(ScriptEngine.java:119)
	at com.kms.katalon.core.main.TestCaseExecutor.runScript(TestCaseExecutor.java:448)
	at com.kms.katalon.core.main.TestCaseExecutor.doExecute(TestCaseExecutor.java:439)
	at com.kms.katalon.core.main.TestCaseExecutor.processExecutionPhase(TestCaseExecutor.java:418)
	at com.kms.katalon.core.main.TestCaseExecutor.accessMainPhase(TestCaseExecutor.java:410)
	at com.kms.katalon.core.main.TestCaseExecutor.execute(TestCaseExecutor.java:285)
	at com.kms.katalon.core.main.TestCaseMain.runTestCase(TestCaseMain.java:144)
	at com.kms.katalon.core.keyword.builtin.CallTestCaseKeyword$_callTestCase_closure1.doCall(CallTestCaseKeyword.groovy:59)
	at com.kms.katalon.core.keyword.builtin.CallTestCaseKeyword$_callTestCase_closure1.call(CallTestCaseKeyword.groovy)
	at com.kms.katalon.core.keyword.internal.KeywordMain.runKeyword(KeywordMain.groovy:75)
	at com.kms.katalon.core.keyword.builtin.CallTestCaseKeyword.callTestCase(CallTestCaseKeyword.groovy:81)
	at com.kms.katalon.core.keyword.builtin.CallTestCaseKeyword.execute(CallTestCaseKeyword.groovy:44)
	at com.kms.katalon.core.keyword.internal.KeywordExecutor.executeKeywordForPlatform(KeywordExecutor.groovy:74)
	at com.kms.katalon.core.keyword.BuiltinKeywords.callTestCase(BuiltinKeywords.groovy:310)
	at Script1689766561351.run(Script1689766561351.groovy:22)
	... 13 more
)

2024-04-12 00:07:49 - [MESSAGE][FAILED] - Unable to navigate to 'https://agencyportal.qa1.hastingsmutual.com/Accounts' (Root cause: com.kms.katalon.core.exception.StepFailedException: Unable to navigate to 'https://agencyportal.qa1.hastingsmutual.com/Accounts'
	at com.kms.katalon.core.webui.keyword.internal.WebUIKeywordMain.stepFailed(WebUIKeywordMain.groovy:64)
	at com.kms.katalon.core.webui.keyword.internal.WebUIKeywordMain.runKeyword(WebUIKeywordMain.groovy:26)
	at com.kms.katalon.core.webui.keyword.builtin.NavigateToUrlKeyword.navigateToUrl(NavigateToUrlKeyword.groovy:83)
	at com.kms.katalon.core.webui.keyword.builtin.NavigateToUrlKeyword.execute(NavigateToUrlKeyword.groovy:67)
	at com.kms.katalon.core.keyword.internal.KeywordExecutor.executeKeywordForPlatform(KeywordExecutor.groovy:74)
	at com.kms.katalon.core.webui.keyword.WebUiBuiltInKeywords.navigateToUrl(WebUiBuiltInKeywords.groovy:187)
	at com.kms.katalon.core.webui.keyword.WebUiBuiltInKeywords$navigateToUrl$3.call(Unknown Source)
	at Portal_Login.run(Portal_Login:28)
	at com.kms.katalon.core.main.ScriptEngine.run(ScriptEngine.java:194)
	at com.kms.katalon.core.main.ScriptEngine.runScriptAsRawText(ScriptEngine.java:119)
	at com.kms.katalon.core.main.TestCaseExecutor.runScript(TestCaseExecutor.java:448)
	at com.kms.katalon.core.main.TestCaseExecutor.doExecute(TestCaseExecutor.java:439)
	at com.kms.katalon.core.main.TestCaseExecutor.processExecutionPhase(TestCaseExecutor.java:418)
	at com.kms.katalon.core.main.TestCaseExecutor.accessMainPhase(TestCaseExecutor.java:410)
	at com.kms.katalon.core.main.TestCaseExecutor.execute(TestCaseExecutor.java:285)
	at com.kms.katalon.core.main.TestCaseMain.runTestCase(TestCaseMain.java:144)
	at com.kms.katalon.core.keyword.builtin.CallTestCaseKeyword$_callTestCase_closure1.doCall(CallTestCaseKeyword.groovy:59)
	at com.kms.katalon.core.keyword.builtin.CallTestCaseKeyword$_callTestCase_closure1.call(CallTestCaseKeyword.groovy)
	at com.kms.katalon.core.keyword.internal.KeywordMain.runKeyword(KeywordMain.groovy:75)
	at com.kms.katalon.core.keyword.builtin.CallTestCaseKeyword.callTestCase(CallTestCaseKeyword.groovy:81)
	at com.kms.katalon.core.keyword.builtin.CallTestCaseKeyword.execute(CallTestCaseKeyword.groovy:44)
	at com.kms.katalon.core.keyword.internal.KeywordExecutor.executeKeywordForPlatform(KeywordExecutor.groovy:74)
	at com.kms.katalon.core.keyword.BuiltinKeywords.callTestCase(BuiltinKeywords.groovy:310)
	at Portal_SmokeTest_ILState.run(Portal_SmokeTest_ILState:22)
	at com.kms.katalon.core.main.ScriptEngine.run(ScriptEngine.java:194)
	at com.kms.katalon.core.main.ScriptEngine.runScriptAsRawText(ScriptEngine.java:119)
	at com.kms.katalon.core.main.TestCaseExecutor.runScript(TestCaseExecutor.java:448)
	at com.kms.katalon.core.main.TestCaseExecutor.doExecute(TestCaseExecutor.java:439)
	at com.kms.katalon.core.main.TestCaseExecutor.processExecutionPhase(TestCaseExecutor.java:418)
	at com.kms.katalon.core.main.TestCaseExecutor.accessMainPhase(TestCaseExecutor.java:410)
	at com.kms.katalon.core.main.TestCaseExecutor.execute(TestCaseExecutor.java:285)
	at com.kms.katalon.core.common.CommonExecutor.accessTestCaseMainPhase(CommonExecutor.java:65)
	at com.kms.katalon.core.main.TestSuiteExecutor.accessTestSuiteMainPhase(TestSuiteExecutor.java:148)
	at com.kms.katalon.core.main.TestSuiteExecutor.execute(TestSuiteExecutor.java:106)
	at com.kms.katalon.core.main.TestCaseMain.startTestSuite(TestCaseMain.java:187)
	at com.kms.katalon.core.main.TestCaseMain$startTestSuite$0.call(Unknown Source)
	at TempTestSuite1712892562095.run(TempTestSuite1712892562095.groovy:36)
Caused by: org.openqa.selenium.WebDriverException: unknown error: net::ERR_NAME_NOT_RESOLVED
  (Session info: chrome=115.0.5790.110)
Build info: version: '3.141.59', revision: 'e82be7d358', time: '2018-11-14T08:25:53'
System info: host: 'FA28158', ip: '10.0.0.28', os.name: 'Windows 11', os.arch: 'amd64', os.version: '10.0', java.version: '1.8.0_362'
Driver info: com.kms.katalon.selenium.driver.CChromeDriver
Capabilities {acceptInsecureCerts: false, browserName: chrome, browserVersion: 115.0.5790.110, chrome: {chromedriverVersion: 114.0.5735.90 (386bc09e8f4f..., userDataDir: C:\Users\LellKir\AppData\Lo...}, goog:chromeOptions: {debuggerAddress: localhost:53993}, javascriptEnabled: true, networkConnectionEnabled: false, pageLoadStrategy: normal, platform: WINDOWS, platformName: WINDOWS, proxy: Proxy(), setWindowRect: true, strictFileInteractability: false, timeouts: {implicit: 0, pageLoad: 300000, script: 30000}, unhandledPromptBehavior: dismiss and notify, webauthn:extension:credBlob: true, webauthn:extension:largeBlob: true, webauthn:extension:minPinLength: true, webauthn:extension:prf: true, webauthn:virtualAuthenticators: true}
Session ID: aecca9484711eff4d8127d670066ecfe
	at org.openqa.selenium.remote.http.W3CHttpResponseCodec.createException(W3CHttpResponseCodec.java:187)
	at org.openqa.selenium.remote.http.W3CHttpResponseCodec.decode(W3CHttpResponseCodec.java:122)
	at org.openqa.selenium.remote.http.W3CHttpResponseCodec.decode(W3CHttpResponseCodec.java:49)
	at org.openqa.selenium.remote.HttpCommandExecutor.execute(HttpCommandExecutor.java:158)
	at org.openqa.selenium.remote.service.DriverCommandExecutor.execute(DriverCommandExecutor.java:83)
	at org.openqa.selenium.remote.RemoteWebDriver.execute(RemoteWebDriver.java:552)
	at com.kms.katalon.selenium.driver.CChromeDriver.execute(CChromeDriver.java:19)
	at org.openqa.selenium.remote.RemoteWebDriver.get(RemoteWebDriver.java:277)
	at org.openqa.selenium.remote.RemoteWebDriver$RemoteNavigation.to(RemoteWebDriver.java:857)
	at org.openqa.selenium.support.events.EventFiringWebDriver$EventFiringNavigation.to(EventFiringWebDriver.java:569)
	at com.kms.katalon.core.webui.keyword.builtin.NavigateToUrlKeyword$_navigateToUrl_closure1.doCall(NavigateToUrlKeyword.groovy:81)
	at com.kms.katalon.core.webui.keyword.builtin.NavigateToUrlKeyword$_navigateToUrl_closure1.call(NavigateToUrlKeyword.groovy)
	at com.kms.katalon.core.webui.keyword.internal.WebUIKeywordMain.runKeyword(WebUIKeywordMain.groovy:20)
	at com.kms.katalon.core.webui.keyword.builtin.NavigateToUrlKeyword.navigateToUrl(NavigateToUrlKeyword.groovy:83)
	at com.kms.katalon.core.webui.keyword.builtin.NavigateToUrlKeyword.execute(NavigateToUrlKeyword.groovy:67)
	at com.kms.katalon.core.keyword.internal.KeywordExecutor.executeKeywordForPlatform(KeywordExecutor.groovy:74)
	at com.kms.katalon.core.webui.keyword.WebUiBuiltInKeywords.navigateToUrl(WebUiBuiltInKeywords.groovy:187)
	at com.kms.katalon.core.webui.keyword.WebUiBuiltInKeywords$navigateToUrl$3.call(Unknown Source)
	at Script1683558008637.run(Script1683558008637.groovy:28)
	at com.kms.katalon.core.main.ScriptEngine.run(ScriptEngine.java:194)
	at com.kms.katalon.core.main.ScriptEngine.runScriptAsRawText(ScriptEngine.java:119)
	at com.kms.katalon.core.main.TestCaseExecutor.runScript(TestCaseExecutor.java:448)
	at com.kms.katalon.core.main.TestCaseExecutor.doExecute(TestCaseExecutor.java:439)
	at com.kms.katalon.core.main.TestCaseExecutor.processExecutionPhase(TestCaseExecutor.java:418)
	at com.kms.katalon.core.main.TestCaseExecutor.accessMainPhase(TestCaseExecutor.java:410)
	at com.kms.katalon.core.main.TestCaseExecutor.execute(TestCaseExecutor.java:285)
	at com.kms.katalon.core.main.TestCaseMain.runTestCase(TestCaseMain.java:144)
	at com.kms.katalon.core.keyword.builtin.CallTestCaseKeyword$_callTestCase_closure1.doCall(CallTestCaseKeyword.groovy:59)
	at com.kms.katalon.core.keyword.builtin.CallTestCaseKeyword$_callTestCase_closure1.call(CallTestCaseKeyword.groovy)
	at com.kms.katalon.core.keyword.internal.KeywordMain.runKeyword(KeywordMain.groovy:75)
	at com.kms.katalon.core.keyword.builtin.CallTestCaseKeyword.callTestCase(CallTestCaseKeyword.groovy:81)
	at com.kms.katalon.core.keyword.builtin.CallTestCaseKeyword.execute(CallTestCaseKeyword.groovy:44)
	at com.kms.katalon.core.keyword.internal.KeywordExecutor.executeKeywordForPlatform(KeywordExecutor.groovy:74)
	at com.kms.katalon.core.keyword.BuiltinKeywords.callTestCase(BuiltinKeywords.groovy:310)
	at Script1689766561351.run(Script1689766561351.groovy:22)
	... 13 more
)
[[ATTACHMENT|C:\\Users\\LellKir\\git\\HMIC-Portal\\HMIC-Portal\\HMIC-Portal\\HMIC-Portal\\HMIC-Portal\\HMIC-Portal\\Reports\\20240411_232922\\AgencyPortal_SmokeTest_WC\\20240411_232922\\1712894869609.png]]

2024-04-12 00:07:49 - [MESSAGE][FAILED] - Unable to call Test Case 'Test Cases/Portal_Pages/Portal_CommonScreens/Portal_Login' (Root cause: com.kms.katalon.core.exception.StepFailedException: Call Test Case 'Test Cases/Portal_Pages/Portal_CommonScreens/Portal_Login' failed
	at com.kms.katalon.core.keyword.builtin.CallTestCaseKeyword$_callTestCase_closure1.doCall(CallTestCaseKeyword.groovy:63)
	at com.kms.katalon.core.keyword.builtin.CallTestCaseKeyword$_callTestCase_closure1.call(CallTestCaseKeyword.groovy)
	at com.kms.katalon.core.keyword.internal.KeywordMain.runKeyword(KeywordMain.groovy:75)
	at com.kms.katalon.core.keyword.builtin.CallTestCaseKeyword.callTestCase(CallTestCaseKeyword.groovy:81)
	at com.kms.katalon.core.keyword.builtin.CallTestCaseKeyword.execute(CallTestCaseKeyword.groovy:44)
	at com.kms.katalon.core.keyword.internal.KeywordExecutor.executeKeywordForPlatform(KeywordExecutor.groovy:74)
	at com.kms.katalon.core.keyword.BuiltinKeywords.callTestCase(BuiltinKeywords.groovy:310)
	at Portal_SmokeTest_ILState.run(Portal_SmokeTest_ILState:22)
	at com.kms.katalon.core.main.ScriptEngine.run(ScriptEngine.java:194)
	at com.kms.katalon.core.main.ScriptEngine.runScriptAsRawText(ScriptEngine.java:119)
	at com.kms.katalon.core.main.TestCaseExecutor.runScript(TestCaseExecutor.java:448)
	at com.kms.katalon.core.main.TestCaseExecutor.doExecute(TestCaseExecutor.java:439)
	at com.kms.katalon.core.main.TestCaseExecutor.processExecutionPhase(TestCaseExecutor.java:418)
	at com.kms.katalon.core.main.TestCaseExecutor.accessMainPhase(TestCaseExecutor.java:410)
	at com.kms.katalon.core.main.TestCaseExecutor.execute(TestCaseExecutor.java:285)
	at com.kms.katalon.core.common.CommonExecutor.accessTestCaseMainPhase(CommonExecutor.java:65)
	at com.kms.katalon.core.main.TestSuiteExecutor.accessTestSuiteMainPhase(TestSuiteExecutor.java:148)
	at com.kms.katalon.core.main.TestSuiteExecutor.execute(TestSuiteExecutor.java:106)
	at com.kms.katalon.core.main.TestCaseMain.startTestSuite(TestCaseMain.java:187)
	at com.kms.katalon.core.main.TestCaseMain$startTestSuite$0.call(Unknown Source)
	at TempTestSuite1712892562095.run(TempTestSuite1712892562095.groovy:36)
Caused by: com.kms.katalon.core.exception.StepFailedException: Unable to navigate to 'https://agencyportal.qa1.hastingsmutual.com/Accounts'
	at com.kms.katalon.core.webui.keyword.internal.WebUIKeywordMain.stepFailed(WebUIKeywordMain.groovy:64)
	at com.kms.katalon.core.webui.keyword.internal.WebUIKeywordMain.runKeyword(WebUIKeywordMain.groovy:26)
	at com.kms.katalon.core.webui.keyword.builtin.NavigateToUrlKeyword.navigateToUrl(NavigateToUrlKeyword.groovy:83)
	at com.kms.katalon.core.webui.keyword.builtin.NavigateToUrlKeyword.execute(NavigateToUrlKeyword.groovy:67)
	at com.kms.katalon.core.keyword.internal.KeywordExecutor.executeKeywordForPlatform(KeywordExecutor.groovy:74)
	at com.kms.katalon.core.webui.keyword.WebUiBuiltInKeywords.navigateToUrl(WebUiBuiltInKeywords.groovy:187)
	at com.kms.katalon.core.webui.keyword.WebUiBuiltInKeywords$navigateToUrl$3.call(Unknown Source)
	at Portal_Login.run(Portal_Login:28)
	at com.kms.katalon.core.main.ScriptEngine.run(ScriptEngine.java:194)
	at com.kms.katalon.core.main.ScriptEngine.runScriptAsRawText(ScriptEngine.java:119)
	at com.kms.katalon.core.main.TestCaseExecutor.runScript(TestCaseExecutor.java:448)
	at com.kms.katalon.core.main.TestCaseExecutor.doExecute(TestCaseExecutor.java:439)
	at com.kms.katalon.core.main.TestCaseExecutor.processExecutionPhase(TestCaseExecutor.java:418)
	at com.kms.katalon.core.main.TestCaseExecutor.accessMainPhase(TestCaseExecutor.java:410)
	at com.kms.katalon.core.main.TestCaseExecutor.execute(TestCaseExecutor.java:285)
	at com.kms.katalon.core.main.TestCaseMain.runTestCase(TestCaseMain.java:144)
	at com.kms.katalon.core.keyword.builtin.CallTestCaseKeyword$_callTestCase_closure1.doCall(CallTestCaseKeyword.groovy:59)
	... 20 more
Caused by: org.openqa.selenium.WebDriverException: unknown error: net::ERR_NAME_NOT_RESOLVED
  (Session info: chrome=115.0.5790.110)
Build info: version: '3.141.59', revision: 'e82be7d358', time: '2018-11-14T08:25:53'
System info: host: 'FA28158', ip: '10.0.0.28', os.name: 'Windows 11', os.arch: 'amd64', os.version: '10.0', java.version: '1.8.0_362'
Driver info: com.kms.katalon.selenium.driver.CChromeDriver
Capabilities {acceptInsecureCerts: false, browserName: chrome, browserVersion: 115.0.5790.110, chrome: {chromedriverVersion: 114.0.5735.90 (386bc09e8f4f..., userDataDir: C:\Users\LellKir\AppData\Lo...}, goog:chromeOptions: {debuggerAddress: localhost:53993}, javascriptEnabled: true, networkConnectionEnabled: false, pageLoadStrategy: normal, platform: WINDOWS, platformName: WINDOWS, proxy: Proxy(), setWindowRect: true, strictFileInteractability: false, timeouts: {implicit: 0, pageLoad: 300000, script: 30000}, unhandledPromptBehavior: dismiss and notify, webauthn:extension:credBlob: true, webauthn:extension:largeBlob: true, webauthn:extension:minPinLength: true, webauthn:extension:prf: true, webauthn:virtualAuthenticators: true}
Session ID: aecca9484711eff4d8127d670066ecfe
	at org.openqa.selenium.remote.http.W3CHttpResponseCodec.createException(W3CHttpResponseCodec.java:187)
	at org.openqa.selenium.remote.http.W3CHttpResponseCodec.decode(W3CHttpResponseCodec.java:122)
	at org.openqa.selenium.remote.http.W3CHttpResponseCodec.decode(W3CHttpResponseCodec.java:49)
	at org.openqa.selenium.remote.HttpCommandExecutor.execute(HttpCommandExecutor.java:158)
	at org.openqa.selenium.remote.service.DriverCommandExecutor.execute(DriverCommandExecutor.java:83)
	at org.openqa.selenium.remote.RemoteWebDriver.execute(RemoteWebDriver.java:552)
	at com.kms.katalon.selenium.driver.CChromeDriver.execute(CChromeDriver.java:19)
	at org.openqa.selenium.remote.RemoteWebDriver.get(RemoteWebDriver.java:277)
	at org.openqa.selenium.remote.RemoteWebDriver$RemoteNavigation.to(RemoteWebDriver.java:857)
	at org.openqa.selenium.support.events.EventFiringWebDriver$EventFiringNavigation.to(EventFiringWebDriver.java:569)
	at com.kms.katalon.core.webui.keyword.builtin.NavigateToUrlKeyword$_navigateToUrl_closure1.doCall(NavigateToUrlKeyword.groovy:81)
	at com.kms.katalon.core.webui.keyword.builtin.NavigateToUrlKeyword$_navigateToUrl_closure1.call(NavigateToUrlKeyword.groovy)
	at com.kms.katalon.core.webui.keyword.internal.WebUIKeywordMain.runKeyword(WebUIKeywordMain.groovy:20)
	... 35 more
)]]></system-out>
         <system-err><![CDATA[2024-04-12 00:07:34 - [TEST_CASE][FAILED] - Test Cases/Portal_WorkersCompensation/WC_SmokeTest_AllState/Portal_SmokeTest_ILState: Test Cases/Portal_WorkersCompensation/WC_SmokeTest_AllState/Portal_SmokeTest_ILState FAILED.
Reason:
com.kms.katalon.core.exception.StepFailedException: Call Test Case 'Test Cases/Portal_Pages/Portal_CommonScreens/Portal_Login' failed
	at com.kms.katalon.core.keyword.builtin.CallTestCaseKeyword$_callTestCase_closure1.doCall(CallTestCaseKeyword.groovy:63)
	at com.kms.katalon.core.keyword.builtin.CallTestCaseKeyword$_callTestCase_closure1.call(CallTestCaseKeyword.groovy)
	at com.kms.katalon.core.keyword.internal.KeywordMain.runKeyword(KeywordMain.groovy:75)
	at com.kms.katalon.core.keyword.builtin.CallTestCaseKeyword.callTestCase(CallTestCaseKeyword.groovy:81)
	at com.kms.katalon.core.keyword.builtin.CallTestCaseKeyword.execute(CallTestCaseKeyword.groovy:44)
	at com.kms.katalon.core.keyword.internal.KeywordExecutor.executeKeywordForPlatform(KeywordExecutor.groovy:74)
	at com.kms.katalon.core.keyword.BuiltinKeywords.callTestCase(BuiltinKeywords.groovy:310)
	at Portal_SmokeTest_ILState.run(Portal_SmokeTest_ILState:22)
	at com.kms.katalon.core.main.ScriptEngine.run(ScriptEngine.java:194)
	at com.kms.katalon.core.main.ScriptEngine.runScriptAsRawText(ScriptEngine.java:119)
	at com.kms.katalon.core.main.TestCaseExecutor.runScript(TestCaseExecutor.java:448)
	at com.kms.katalon.core.main.TestCaseExecutor.doExecute(TestCaseExecutor.java:439)
	at com.kms.katalon.core.main.TestCaseExecutor.processExecutionPhase(TestCaseExecutor.java:418)
	at com.kms.katalon.core.main.TestCaseExecutor.accessMainPhase(TestCaseExecutor.java:410)
	at com.kms.katalon.core.main.TestCaseExecutor.execute(TestCaseExecutor.java:285)
	at com.kms.katalon.core.common.CommonExecutor.accessTestCaseMainPhase(CommonExecutor.java:65)
	at com.kms.katalon.core.main.TestSuiteExecutor.accessTestSuiteMainPhase(TestSuiteExecutor.java:148)
	at com.kms.katalon.core.main.TestSuiteExecutor.execute(TestSuiteExecutor.java:106)
	at com.kms.katalon.core.main.TestCaseMain.startTestSuite(TestCaseMain.java:187)
	at com.kms.katalon.core.main.TestCaseMain$startTestSuite$0.call(Unknown Source)
	at TempTestSuite1712892562095.run(TempTestSuite1712892562095.groovy:36)
Caused by: com.kms.katalon.core.exception.StepFailedException: Unable to navigate to 'https://agencyportal.qa1.hastingsmutual.com/Accounts'
	at com.kms.katalon.core.webui.keyword.internal.WebUIKeywordMain.stepFailed(WebUIKeywordMain.groovy:64)
	at com.kms.katalon.core.webui.keyword.internal.WebUIKeywordMain.runKeyword(WebUIKeywordMain.groovy:26)
	at com.kms.katalon.core.webui.keyword.builtin.NavigateToUrlKeyword.navigateToUrl(NavigateToUrlKeyword.groovy:83)
	at com.kms.katalon.core.webui.keyword.builtin.NavigateToUrlKeyword.execute(NavigateToUrlKeyword.groovy:67)
	at com.kms.katalon.core.keyword.internal.KeywordExecutor.executeKeywordForPlatform(KeywordExecutor.groovy:74)
	at com.kms.katalon.core.webui.keyword.WebUiBuiltInKeywords.navigateToUrl(WebUiBuiltInKeywords.groovy:187)
	at com.kms.katalon.core.webui.keyword.WebUiBuiltInKeywords$navigateToUrl$3.call(Unknown Source)
	at Portal_Login.run(Portal_Login:28)
	at com.kms.katalon.core.main.ScriptEngine.run(ScriptEngine.java:194)
	at com.kms.katalon.core.main.ScriptEngine.runScriptAsRawText(ScriptEngine.java:119)
	at com.kms.katalon.core.main.TestCaseExecutor.runScript(TestCaseExecutor.java:448)
	at com.kms.katalon.core.main.TestCaseExecutor.doExecute(TestCaseExecutor.java:439)
	at com.kms.katalon.core.main.TestCaseExecutor.processExecutionPhase(TestCaseExecutor.java:418)
	at com.kms.katalon.core.main.TestCaseExecutor.accessMainPhase(TestCaseExecutor.java:410)
	at com.kms.katalon.core.main.TestCaseExecutor.execute(TestCaseExecutor.java:285)
	at com.kms.katalon.core.main.TestCaseMain.runTestCase(TestCaseMain.java:144)
	at com.kms.katalon.core.keyword.builtin.CallTestCaseKeyword$_callTestCase_closure1.doCall(CallTestCaseKeyword.groovy:59)
	... 20 more
Caused by: org.openqa.selenium.WebDriverException: unknown error: net::ERR_NAME_NOT_RESOLVED
  (Session info: chrome=115.0.5790.110)
Build info: version: '3.141.59', revision: 'e82be7d358', time: '2018-11-14T08:25:53'
System info: host: 'FA28158', ip: '10.0.0.28', os.name: 'Windows 11', os.arch: 'amd64', os.version: '10.0', java.version: '1.8.0_362'
Driver info: com.kms.katalon.selenium.driver.CChromeDriver
Capabilities {acceptInsecureCerts: false, browserName: chrome, browserVersion: 115.0.5790.110, chrome: {chromedriverVersion: 114.0.5735.90 (386bc09e8f4f..., userDataDir: C:\Users\LellKir\AppData\Lo...}, goog:chromeOptions: {debuggerAddress: localhost:53993}, javascriptEnabled: true, networkConnectionEnabled: false, pageLoadStrategy: normal, platform: WINDOWS, platformName: WINDOWS, proxy: Proxy(), setWindowRect: true, strictFileInteractability: false, timeouts: {implicit: 0, pageLoad: 300000, script: 30000}, unhandledPromptBehavior: dismiss and notify, webauthn:extension:credBlob: true, webauthn:extension:largeBlob: true, webauthn:extension:minPinLength: true, webauthn:extension:prf: true, webauthn:virtualAuthenticators: true}
Session ID: aecca9484711eff4d8127d670066ecfe
	at org.openqa.selenium.remote.http.W3CHttpResponseCodec.createException(W3CHttpResponseCodec.java:187)
	at org.openqa.selenium.remote.http.W3CHttpResponseCodec.decode(W3CHttpResponseCodec.java:122)
	at org.openqa.selenium.remote.http.W3CHttpResponseCodec.decode(W3CHttpResponseCodec.java:49)
	at org.openqa.selenium.remote.HttpCommandExecutor.execute(HttpCommandExecutor.java:158)
	at org.openqa.selenium.remote.service.DriverCommandExecutor.execute(DriverCommandExecutor.java:83)
	at org.openqa.selenium.remote.RemoteWebDriver.execute(RemoteWebDriver.java:552)
	at com.kms.katalon.selenium.driver.CChromeDriver.execute(CChromeDriver.java:19)
	at org.openqa.selenium.remote.RemoteWebDriver.get(RemoteWebDriver.java:277)
	at org.openqa.selenium.remote.RemoteWebDriver$RemoteNavigation.to(RemoteWebDriver.java:857)
	at org.openqa.selenium.support.events.EventFiringWebDriver$EventFiringNavigation.to(EventFiringWebDriver.java:569)
	at com.kms.katalon.core.webui.keyword.builtin.NavigateToUrlKeyword$_navigateToUrl_closure1.doCall(NavigateToUrlKeyword.groovy:81)
	at com.kms.katalon.core.webui.keyword.builtin.NavigateToUrlKeyword$_navigateToUrl_closure1.call(NavigateToUrlKeyword.groovy)
	at com.kms.katalon.core.webui.keyword.internal.WebUIKeywordMain.runKeyword(WebUIKeywordMain.groovy:20)
	... 35 more]]></system-err>
      </testcase>
      <testcase name="Test Cases/Portal_WorkersCompensation/WC_SmokeTest_AllState/Portal_SmokeTest_WIState" time="847.874" classname="Test Cases/Portal_WorkersCompensation/WC_SmokeTest_AllState/Portal_SmokeTest_WIState" status="FAILED">
         <failure type="FAILED" message="Test Cases/Portal_WorkersCompensation/WC_SmokeTest_AllState/Portal_SmokeTest_WIState FAILED.
Reason:
com.kms.katalon.core.exception.StepFailedException: Unable to click on object 'Object Repository/Portal/Portal_Quote_Table_QuoteNum'
	at com.kms.katalon.core.webui.keyword.internal.WebUIKeywordMain.stepFailed(WebUIKeywordMain.groovy:64)
	at com.kms.katalon.core.webui.keyword.internal.WebUIKeywordMain.runKeyword(WebUIKeywordMain.groovy:26)
	at com.kms.katalon.core.webui.keyword.builtin.ClickKeyword.click(ClickKeyword.groovy:74)
	at com.kms.katalon.core.webui.keyword.builtin.ClickKeyword.execute(ClickKeyword.groovy:40)
	at com.kms.katalon.core.keyword.internal.KeywordExecutor.executeKeywordForPlatform(KeywordExecutor.groovy:74)
	at com.kms.katalon.core.webui.keyword.WebUiBuiltInKeywords.click(WebUiBuiltInKeywords.groovy:620)
	at com.kms.katalon.core.webui.keyword.WebUiBuiltInKeywords$click$8.call(Unknown Source)
	at Portal_SmokeTest_WIState.run(Portal_SmokeTest_WIState:254)
	at com.kms.katalon.core.main.ScriptEngine.run(ScriptEngine.java:194)
	at com.kms.katalon.core.main.ScriptEngine.runScriptAsRawText(ScriptEngine.java:119)
	at com.kms.katalon.core.main.TestCaseExecutor.runScript(TestCaseExecutor.java:448)
	at com.kms.katalon.core.main.TestCaseExecutor.doExecute(TestCaseExecutor.java:439)
	at com.kms.katalon.core.main.TestCaseExecutor.processExecutionPhase(TestCaseExecutor.java:418)
	at com.kms.katalon.core.main.TestCaseExecutor.accessMainPhase(TestCaseExecutor.java:410)
	at com.kms.katalon.core.main.TestCaseExecutor.execute(TestCaseExecutor.java:285)
	at com.kms.katalon.core.common.CommonExecutor.accessTestCaseMainPhase(CommonExecutor.java:65)
	at com.kms.katalon.core.main.TestSuiteExecutor.accessTestSuiteMainPhase(TestSuiteExecutor.java:148)
	at com.kms.katalon.core.main.TestSuiteExecutor.execute(TestSuiteExecutor.java:106)
	at com.kms.katalon.core.main.TestCaseMain.startTestSuite(TestCaseMain.java:187)
	at com.kms.katalon.core.main.TestCaseMain$startTestSuite$0.call(Unknown Source)
	at TempTestSuite1712892562095.run(TempTestSuite1712892562095.groovy:36)
Caused by: com.kms.katalon.core.webui.exception.WebElementNotFoundException: Web element with id: 'Object Repository/Portal/Portal_Quote_Table_QuoteNum' located by '//div[contains(@class,'OpenQuote_Cell_')]//p[text()='0011309828']' not found
	at com.kms.katalon.core.webui.common.WebUiCommonHelper.findWebElement(WebUiCommonHelper.java:1381)
	at com.kms.katalon.core.webui.keyword.internal.WebUIAbstractKeyword.findWebElement(WebUIAbstractKeyword.groovy:27)
	at com.kms.katalon.core.webui.keyword.builtin.ClickKeyword$_click_closure1.doCall(ClickKeyword.groovy:65)
	at com.kms.katalon.core.webui.keyword.builtin.ClickKeyword$_click_closure1.call(ClickKeyword.groovy)
	at com.kms.katalon.core.webui.keyword.internal.WebUIKeywordMain.runKeyword(WebUIKeywordMain.groovy:20)
	... 19 more
"/>
         <system-out><![CDATA[2024-04-12 00:07:49 - [TEST_CASE][FAILED] - Test Cases/Portal_WorkersCompensation/WC_SmokeTest_AllState/Portal_SmokeTest_WIState: Test Cases/Portal_WorkersCompensation/WC_SmokeTest_AllState/Portal_SmokeTest_WIState FAILED.
Reason:
com.kms.katalon.core.exception.StepFailedException: Unable to click on object 'Object Repository/Portal/Portal_Quote_Table_QuoteNum'
	at com.kms.katalon.core.webui.keyword.internal.WebUIKeywordMain.stepFailed(WebUIKeywordMain.groovy:64)
	at com.kms.katalon.core.webui.keyword.internal.WebUIKeywordMain.runKeyword(WebUIKeywordMain.groovy:26)
	at com.kms.katalon.core.webui.keyword.builtin.ClickKeyword.click(ClickKeyword.groovy:74)
	at com.kms.katalon.core.webui.keyword.builtin.ClickKeyword.execute(ClickKeyword.groovy:40)
	at com.kms.katalon.core.keyword.internal.KeywordExecutor.executeKeywordForPlatform(KeywordExecutor.groovy:74)
	at com.kms.katalon.core.webui.keyword.WebUiBuiltInKeywords.click(WebUiBuiltInKeywords.groovy:620)
	at com.kms.katalon.core.webui.keyword.WebUiBuiltInKeywords$click$8.call(Unknown Source)
	at Portal_SmokeTest_WIState.run(Portal_SmokeTest_WIState:254)
	at com.kms.katalon.core.main.ScriptEngine.run(ScriptEngine.java:194)
	at com.kms.katalon.core.main.ScriptEngine.runScriptAsRawText(ScriptEngine.java:119)
	at com.kms.katalon.core.main.TestCaseExecutor.runScript(TestCaseExecutor.java:448)
	at com.kms.katalon.core.main.TestCaseExecutor.doExecute(TestCaseExecutor.java:439)
	at com.kms.katalon.core.main.TestCaseExecutor.processExecutionPhase(TestCaseExecutor.java:418)
	at com.kms.katalon.core.main.TestCaseExecutor.accessMainPhase(TestCaseExecutor.java:410)
	at com.kms.katalon.core.main.TestCaseExecutor.execute(TestCaseExecutor.java:285)
	at com.kms.katalon.core.common.CommonExecutor.accessTestCaseMainPhase(CommonExecutor.java:65)
	at com.kms.katalon.core.main.TestSuiteExecutor.accessTestSuiteMainPhase(TestSuiteExecutor.java:148)
	at com.kms.katalon.core.main.TestSuiteExecutor.execute(TestSuiteExecutor.java:106)
	at com.kms.katalon.core.main.TestCaseMain.startTestSuite(TestCaseMain.java:187)
	at com.kms.katalon.core.main.TestCaseMain$startTestSuite$0.call(Unknown Source)
	at TempTestSuite1712892562095.run(TempTestSuite1712892562095.groovy:36)
Caused by: com.kms.katalon.core.webui.exception.WebElementNotFoundException: Web element with id: 'Object Repository/Portal/Portal_Quote_Table_QuoteNum' located by '//div[contains(@class,'OpenQuote_Cell_')]//p[text()='0011309828']' not found
	at com.kms.katalon.core.webui.common.WebUiCommonHelper.findWebElement(WebUiCommonHelper.java:1381)
	at com.kms.katalon.core.webui.keyword.internal.WebUIAbstractKeyword.findWebElement(WebUIAbstractKeyword.groovy:27)
	at com.kms.katalon.core.webui.keyword.builtin.ClickKeyword$_click_closure1.doCall(ClickKeyword.groovy:65)
	at com.kms.katalon.core.webui.keyword.builtin.ClickKeyword$_click_closure1.call(ClickKeyword.groovy)
	at com.kms.katalon.core.webui.keyword.internal.WebUIKeywordMain.runKeyword(WebUIKeywordMain.groovy:20)
	... 19 more


2024-04-12 00:07:50 - [TEST_STEP][PASSED] - comment("Portal Smoke Test"): Portal Smoke Test

2024-04-12 00:07:50 - [MESSAGE][INFO] - Portal Smoke Test

2024-04-12 00:07:50 - [TEST_STEP][PASSED] - callTestCase(findTestCase("Portal_Pages/Portal_CommonScreens/Portal_Login"), ["Portal_Username":Portal_Username, "Portal_Password":Portal_Password], STOP_ON_FAILURE): Call Test Case 'Test Cases/Portal_Pages/Portal_CommonScreens/Portal_Login' successfully

2024-04-12 00:07:50 - [TEST_CASE][PASSED] - Test Cases/Portal_Pages/Portal_CommonScreens/Portal_Login: Test Cases/Portal_Pages/Portal_CommonScreens/Portal_Login

2024-04-12 00:07:50 - [TEST_STEP][PASSED] - openBrowser(""): Browser is opened with url: ''

2024-04-12 00:07:50 - [MESSAGE][WARNING] - A browser is already opened. Closing browser and opening a new one

2024-04-12 00:07:51 - [MESSAGE][INFO] - Starting 'Chrome' driver

2024-04-12 00:07:51 - [MESSAGE][INFO] - Action delay is set to 0 milliseconds

2024-04-12 00:07:53 - [MESSAGE][PASSED] - Browser is opened with url: ''

2024-04-12 00:07:53 - [TEST_STEP][PASSED] - deleteAllCookies(): Delete all cookies successfully

2024-04-12 00:07:53 - [MESSAGE][PASSED] - Delete all cookies successfully

2024-04-12 00:07:53 - [TEST_STEP][PASSED] - maximizeWindow(): Current window maximized

2024-04-12 00:07:53 - [MESSAGE][PASSED] - Current window maximized

2024-04-12 00:07:53 - [TEST_STEP][PASSED] - takeFullPageScreenshot(): Taking screenshot successfully

2024-04-12 00:07:53 - [MESSAGE][INFO] - 0 hidden object(s)

2024-04-12 00:07:53 - [MESSAGE][PASSED] - Taking screenshot successfully
[[ATTACHMENT|C:\\Users\\LellKir\\git\\HMIC-Portal\\HMIC-Portal\\HMIC-Portal\\HMIC-Portal\\HMIC-Portal\\HMIC-Portal\\Reports\\20240411_232922\\AgencyPortal_SmokeTest_WC\\20240411_232922\\1712894873247.png]]

2024-04-12 00:07:53 - [TEST_STEP][PASSED] - navigateToUrl(PortalURL): Navigate to 'https://agencyportal.qa1.hastingsmutual.com/Accounts' successfully

2024-04-12 00:08:07 - [MESSAGE][PASSED] - Navigate to 'https://agencyportal.qa1.hastingsmutual.com/Accounts' successfully

2024-04-12 00:08:07 - [TEST_STEP][PASSED] - waitForPageLoad(10): Wait for page load successfully

2024-04-12 00:08:08 - [MESSAGE][PASSED] - Wait for page load successfully

2024-04-12 00:08:08 - [TEST_STEP][PASSED] - takeFullPageScreenshot(): Taking screenshot successfully

2024-04-12 00:08:08 - [MESSAGE][INFO] - 0 hidden object(s)

2024-04-12 00:08:09 - [MESSAGE][PASSED] - Taking screenshot successfully
[[ATTACHMENT|C:\\Users\\LellKir\\git\\HMIC-Portal\\HMIC-Portal\\HMIC-Portal\\HMIC-Portal\\HMIC-Portal\\HMIC-Portal\\Reports\\20240411_232922\\AgencyPortal_SmokeTest_WC\\20240411_232922\\1712894888353.png]]

2024-04-12 00:08:09 - [TEST_STEP][PASSED] - click(findTestObject("Object Repository/PolicyCenter_Login/div_PC_Login_Link_ClickHereToLogin"), OPTIONAL): Unable to click on object 'Object Repository/PolicyCenter_Login/div_PC_Login_Link_ClickHereToLogin' (Root cause: com.kms.katalon.core.exception.StepFailedException: Unable to click on object 'Object Repository/PolicyCenter_Login/div_PC_Login_Link_ClickHereToLogin'
	at com.kms.katalon.core.webui.keyword.internal.WebUIKeywordMain.stepFailed(WebUIKeywordMain.groovy:64)
	at com.kms.katalon.core.webui.keyword.internal.WebUIKeywordMain.runKeyword(WebUIKeywordMain.groovy:26)
	at com.kms.katalon.core.webui.keyword.builtin.ClickKeyword.click(ClickKeyword.groovy:74)
	at com.kms.katalon.core.webui.keyword.builtin.ClickKeyword.execute(ClickKeyword.groovy:40)
	at com.kms.katalon.core.keyword.internal.KeywordExecutor.executeKeywordForPlatform(KeywordExecutor.groovy:74)
	at com.kms.katalon.core.webui.keyword.WebUiBuiltInKeywords.click(WebUiBuiltInKeywords.groovy:608)
	at com.kms.katalon.core.webui.keyword.WebUiBuiltInKeywords$click$5.call(Unknown Source)
	at Portal_Login.run(Portal_Login:34)
	at com.kms.katalon.core.main.ScriptEngine.run(ScriptEngine.java:194)
	at com.kms.katalon.core.main.ScriptEngine.runScriptAsRawText(ScriptEngine.java:119)
	at com.kms.katalon.core.main.TestCaseExecutor.runScript(TestCaseExecutor.java:448)
	at com.kms.katalon.core.main.TestCaseExecutor.doExecute(TestCaseExecutor.java:439)
	at com.kms.katalon.core.main.TestCaseExecutor.processExecutionPhase(TestCaseExecutor.java:418)
	at com.kms.katalon.core.main.TestCaseExecutor.accessMainPhase(TestCaseExecutor.java:410)
	at com.kms.katalon.core.main.TestCaseExecutor.execute(TestCaseExecutor.java:285)
	at com.kms.katalon.core.main.TestCaseMain.runTestCase(TestCaseMain.java:144)
	at com.kms.katalon.core.keyword.builtin.CallTestCaseKeyword$_callTestCase_closure1.doCall(CallTestCaseKeyword.groovy:59)
	at com.kms.katalon.core.keyword.builtin.CallTestCaseKeyword$_callTestCase_closure1.call(CallTestCaseKeyword.groovy)
	at com.kms.katalon.core.keyword.internal.KeywordMain.runKeyword(KeywordMain.groovy:75)
	at com.kms.katalon.core.keyword.builtin.CallTestCaseKeyword.callTestCase(CallTestCaseKeyword.groovy:81)
	at com.kms.katalon.core.keyword.builtin.CallTestCaseKeyword.execute(CallTestCaseKeyword.groovy:44)
	at com.kms.katalon.core.keyword.internal.KeywordExecutor.executeKeywordForPlatform(KeywordExecutor.groovy:74)
	at com.kms.katalon.core.keyword.BuiltinKeywords.callTestCase(BuiltinKeywords.groovy:310)
	at Portal_SmokeTest_WIState.run(Portal_SmokeTest_WIState:22)
	at com.kms.katalon.core.main.ScriptEngine.run(ScriptEngine.java:194)
	at com.kms.katalon.core.main.ScriptEngine.runScriptAsRawText(ScriptEngine.java:119)
	at com.kms.katalon.core.main.TestCaseExecutor.runScript(TestCaseExecutor.java:448)
	at com.kms.katalon.core.main.TestCaseExecutor.doExecute(TestCaseExecutor.java:439)
	at com.kms.katalon.core.main.TestCaseExecutor.processExecutionPhase(TestCaseExecutor.java:418)
	at com.kms.katalon.core.main.TestCaseExecutor.accessMainPhase(TestCaseExecutor.java:410)
	at com.kms.katalon.core.main.TestCaseExecutor.execute(TestCaseExecutor.java:285)
	at com.kms.katalon.core.common.CommonExecutor.accessTestCaseMainPhase(CommonExecutor.java:65)
	at com.kms.katalon.core.main.TestSuiteExecutor.accessTestSuiteMainPhase(TestSuiteExecutor.java:148)
	at com.kms.katalon.core.main.TestSuiteExecutor.execute(TestSuiteExecutor.java:106)
	at com.kms.katalon.core.main.TestCaseMain.startTestSuite(TestCaseMain.java:187)
	at com.kms.katalon.core.main.TestCaseMain$startTestSuite$0.call(Unknown Source)
	at TempTestSuite1712892562095.run(TempTestSuite1712892562095.groovy:36)
Caused by: com.kms.katalon.core.webui.exception.WebElementNotFoundException: Web element with id: 'Object Repository/PolicyCenter_Login/div_PC_Login_Link_ClickHereToLogin' located by '//div[contains(@id,'LoginDetailsInputSet-LoginLink')]' not found
	at com.kms.katalon.core.webui.common.WebUiCommonHelper.findWebElement(WebUiCommonHelper.java:1381)
	at com.kms.katalon.core.webui.keyword.internal.WebUIAbstractKeyword.findWebElement(WebUIAbstractKeyword.groovy:27)
	at com.kms.katalon.core.webui.keyword.builtin.ClickKeyword$_click_closure1.doCall(ClickKeyword.groovy:65)
	at com.kms.katalon.core.webui.keyword.builtin.ClickKeyword$_click_closure1.call(ClickKeyword.groovy)
	at com.kms.katalon.core.webui.keyword.internal.WebUIKeywordMain.runKeyword(WebUIKeywordMain.groovy:20)
	at com.kms.katalon.core.webui.keyword.builtin.ClickKeyword.click(ClickKeyword.groovy:74)
	at com.kms.katalon.core.webui.keyword.builtin.ClickKeyword.execute(ClickKeyword.groovy:40)
	at com.kms.katalon.core.keyword.internal.KeywordExecutor.executeKeywordForPlatform(KeywordExecutor.groovy:74)
	at com.kms.katalon.core.webui.keyword.WebUiBuiltInKeywords.click(WebUiBuiltInKeywords.groovy:608)
	at com.kms.katalon.core.webui.keyword.WebUiBuiltInKeywords$click$5.call(Unknown Source)
	at Script1683558008637.run(Script1683558008637.groovy:34)
	at com.kms.katalon.core.main.ScriptEngine.run(ScriptEngine.java:194)
	at com.kms.katalon.core.main.ScriptEngine.runScriptAsRawText(ScriptEngine.java:119)
	at com.kms.katalon.core.main.TestCaseExecutor.runScript(TestCaseExecutor.java:448)
	at com.kms.katalon.core.main.TestCaseExecutor.doExecute(TestCaseExecutor.java:439)
	at com.kms.katalon.core.main.TestCaseExecutor.processExecutionPhase(TestCaseExecutor.java:418)
	at com.kms.katalon.core.main.TestCaseExecutor.accessMainPhase(TestCaseExecutor.java:410)
	at com.kms.katalon.core.main.TestCaseExecutor.execute(TestCaseExecutor.java:285)
	at com.kms.katalon.core.main.TestCaseMain.runTestCase(TestCaseMain.java:144)
	at com.kms.katalon.core.keyword.builtin.CallTestCaseKeyword$_callTestCase_closure1.doCall(CallTestCaseKeyword.groovy:59)
	at com.kms.katalon.core.keyword.builtin.CallTestCaseKeyword$_callTestCase_closure1.call(CallTestCaseKeyword.groovy)
	at com.kms.katalon.core.keyword.internal.KeywordMain.runKeyword(KeywordMain.groovy:75)
	at com.kms.katalon.core.keyword.builtin.CallTestCaseKeyword.callTestCase(CallTestCaseKeyword.groovy:81)
	at com.kms.katalon.core.keyword.builtin.CallTestCaseKeyword.execute(CallTestCaseKeyword.groovy:44)
	at com.kms.katalon.core.keyword.internal.KeywordExecutor.executeKeywordForPlatform(KeywordExecutor.groovy:74)
	at com.kms.katalon.core.keyword.BuiltinKeywords.callTestCase(BuiltinKeywords.groovy:310)
	at Script1689938677126.run(Script1689938677126.groovy:22)
	... 13 more
)

2024-04-12 00:08:40 - [MESSAGE][INFO] - Unable to find the element located by 'By.xpath: //div[contains(@id,'LoginDetailsInputSet-LoginLink')]'. Please recheck the objects properties to make sure the desired element is located. 

2024-04-12 00:08:40 - [MESSAGE][WARNING] - [SELF-HEALING] Failed to find element with id 'Object Repository/PolicyCenter_Login/div_PC_Login_Link_ClickHereToLogin'. Try using Self-healing.

2024-04-12 00:08:41 - [MESSAGE][INFO] - [SELF-HEALING] No working XPath is found.

2024-04-12 00:08:42 - [MESSAGE][INFO] - Unable to find the element located by 'By.xpath: '. Please recheck the objects properties to make sure the desired element is located. 

2024-04-12 00:08:42 - [MESSAGE][WARNING] - [SELF-HEALING] Cannot find elements when the selector is null

2024-04-12 00:08:42 - [MESSAGE][WARNING] - Unable to click on object 'Object Repository/PolicyCenter_Login/div_PC_Login_Link_ClickHereToLogin' (Root cause: com.kms.katalon.core.exception.StepFailedException: Unable to click on object 'Object Repository/PolicyCenter_Login/div_PC_Login_Link_ClickHereToLogin'
	at com.kms.katalon.core.webui.keyword.internal.WebUIKeywordMain.stepFailed(WebUIKeywordMain.groovy:64)
	at com.kms.katalon.core.webui.keyword.internal.WebUIKeywordMain.runKeyword(WebUIKeywordMain.groovy:26)
	at com.kms.katalon.core.webui.keyword.builtin.ClickKeyword.click(ClickKeyword.groovy:74)
	at com.kms.katalon.core.webui.keyword.builtin.ClickKeyword.execute(ClickKeyword.groovy:40)
	at com.kms.katalon.core.keyword.internal.KeywordExecutor.executeKeywordForPlatform(KeywordExecutor.groovy:74)
	at com.kms.katalon.core.webui.keyword.WebUiBuiltInKeywords.click(WebUiBuiltInKeywords.groovy:608)
	at com.kms.katalon.core.webui.keyword.WebUiBuiltInKeywords$click$5.call(Unknown Source)
	at Portal_Login.run(Portal_Login:34)
	at com.kms.katalon.core.main.ScriptEngine.run(ScriptEngine.java:194)
	at com.kms.katalon.core.main.ScriptEngine.runScriptAsRawText(ScriptEngine.java:119)
	at com.kms.katalon.core.main.TestCaseExecutor.runScript(TestCaseExecutor.java:448)
	at com.kms.katalon.core.main.TestCaseExecutor.doExecute(TestCaseExecutor.java:439)
	at com.kms.katalon.core.main.TestCaseExecutor.processExecutionPhase(TestCaseExecutor.java:418)
	at com.kms.katalon.core.main.TestCaseExecutor.accessMainPhase(TestCaseExecutor.java:410)
	at com.kms.katalon.core.main.TestCaseExecutor.execute(TestCaseExecutor.java:285)
	at com.kms.katalon.core.main.TestCaseMain.runTestCase(TestCaseMain.java:144)
	at com.kms.katalon.core.keyword.builtin.CallTestCaseKeyword$_callTestCase_closure1.doCall(CallTestCaseKeyword.groovy:59)
	at com.kms.katalon.core.keyword.builtin.CallTestCaseKeyword$_callTestCase_closure1.call(CallTestCaseKeyword.groovy)
	at com.kms.katalon.core.keyword.internal.KeywordMain.runKeyword(KeywordMain.groovy:75)
	at com.kms.katalon.core.keyword.builtin.CallTestCaseKeyword.callTestCase(CallTestCaseKeyword.groovy:81)
	at com.kms.katalon.core.keyword.builtin.CallTestCaseKeyword.execute(CallTestCaseKeyword.groovy:44)
	at com.kms.katalon.core.keyword.internal.KeywordExecutor.executeKeywordForPlatform(KeywordExecutor.groovy:74)
	at com.kms.katalon.core.keyword.BuiltinKeywords.callTestCase(BuiltinKeywords.groovy:310)
	at Portal_SmokeTest_WIState.run(Portal_SmokeTest_WIState:22)
	at com.kms.katalon.core.main.ScriptEngine.run(ScriptEngine.java:194)
	at com.kms.katalon.core.main.ScriptEngine.runScriptAsRawText(ScriptEngine.java:119)
	at com.kms.katalon.core.main.TestCaseExecutor.runScript(TestCaseExecutor.java:448)
	at com.kms.katalon.core.main.TestCaseExecutor.doExecute(TestCaseExecutor.java:439)
	at com.kms.katalon.core.main.TestCaseExecutor.processExecutionPhase(TestCaseExecutor.java:418)
	at com.kms.katalon.core.main.TestCaseExecutor.accessMainPhase(TestCaseExecutor.java:410)
	at com.kms.katalon.core.main.TestCaseExecutor.execute(TestCaseExecutor.java:285)
	at com.kms.katalon.core.common.CommonExecutor.accessTestCaseMainPhase(CommonExecutor.java:65)
	at com.kms.katalon.core.main.TestSuiteExecutor.accessTestSuiteMainPhase(TestSuiteExecutor.java:148)
	at com.kms.katalon.core.main.TestSuiteExecutor.execute(TestSuiteExecutor.java:106)
	at com.kms.katalon.core.main.TestCaseMain.startTestSuite(TestCaseMain.java:187)
	at com.kms.katalon.core.main.TestCaseMain$startTestSuite$0.call(Unknown Source)
	at TempTestSuite1712892562095.run(TempTestSuite1712892562095.groovy:36)
Caused by: com.kms.katalon.core.webui.exception.WebElementNotFoundException: Web element with id: 'Object Repository/PolicyCenter_Login/div_PC_Login_Link_ClickHereToLogin' located by '//div[contains(@id,'LoginDetailsInputSet-LoginLink')]' not found
	at com.kms.katalon.core.webui.common.WebUiCommonHelper.findWebElement(WebUiCommonHelper.java:1381)
	at com.kms.katalon.core.webui.keyword.internal.WebUIAbstractKeyword.findWebElement(WebUIAbstractKeyword.groovy:27)
	at com.kms.katalon.core.webui.keyword.builtin.ClickKeyword$_click_closure1.doCall(ClickKeyword.groovy:65)
	at com.kms.katalon.core.webui.keyword.builtin.ClickKeyword$_click_closure1.call(ClickKeyword.groovy)
	at com.kms.katalon.core.webui.keyword.internal.WebUIKeywordMain.runKeyword(WebUIKeywordMain.groovy:20)
	at com.kms.katalon.core.webui.keyword.builtin.ClickKeyword.click(ClickKeyword.groovy:74)
	at com.kms.katalon.core.webui.keyword.builtin.ClickKeyword.execute(ClickKeyword.groovy:40)
	at com.kms.katalon.core.keyword.internal.KeywordExecutor.executeKeywordForPlatform(KeywordExecutor.groovy:74)
	at com.kms.katalon.core.webui.keyword.WebUiBuiltInKeywords.click(WebUiBuiltInKeywords.groovy:608)
	at com.kms.katalon.core.webui.keyword.WebUiBuiltInKeywords$click$5.call(Unknown Source)
	at Script1683558008637.run(Script1683558008637.groovy:34)
	at com.kms.katalon.core.main.ScriptEngine.run(ScriptEngine.java:194)
	at com.kms.katalon.core.main.ScriptEngine.runScriptAsRawText(ScriptEngine.java:119)
	at com.kms.katalon.core.main.TestCaseExecutor.runScript(TestCaseExecutor.java:448)
	at com.kms.katalon.core.main.TestCaseExecutor.doExecute(TestCaseExecutor.java:439)
	at com.kms.katalon.core.main.TestCaseExecutor.processExecutionPhase(TestCaseExecutor.java:418)
	at com.kms.katalon.core.main.TestCaseExecutor.accessMainPhase(TestCaseExecutor.java:410)
	at com.kms.katalon.core.main.TestCaseExecutor.execute(TestCaseExecutor.java:285)
	at com.kms.katalon.core.main.TestCaseMain.runTestCase(TestCaseMain.java:144)
	at com.kms.katalon.core.keyword.builtin.CallTestCaseKeyword$_callTestCase_closure1.doCall(CallTestCaseKeyword.groovy:59)
	at com.kms.katalon.core.keyword.builtin.CallTestCaseKeyword$_callTestCase_closure1.call(CallTestCaseKeyword.groovy)
	at com.kms.katalon.core.keyword.internal.KeywordMain.runKeyword(KeywordMain.groovy:75)
	at com.kms.katalon.core.keyword.builtin.CallTestCaseKeyword.callTestCase(CallTestCaseKeyword.groovy:81)
	at com.kms.katalon.core.keyword.builtin.CallTestCaseKeyword.execute(CallTestCaseKeyword.groovy:44)
	at com.kms.katalon.core.keyword.internal.KeywordExecutor.executeKeywordForPlatform(KeywordExecutor.groovy:74)
	at com.kms.katalon.core.keyword.BuiltinKeywords.callTestCase(BuiltinKeywords.groovy:310)
	at Script1689938677126.run(Script1689938677126.groovy:22)
	... 13 more
)
[[ATTACHMENT|C:\\Users\\LellKir\\git\\HMIC-Portal\\HMIC-Portal\\HMIC-Portal\\HMIC-Portal\\HMIC-Portal\\HMIC-Portal\\Reports\\20240411_232922\\AgencyPortal_SmokeTest_WC\\20240411_232922\\1712894922592.png]]

2024-04-12 00:08:42 - [TEST_STEP][PASSED] - setText(findTestObject("Object Repository/PolicyCenter_Login/input_PC_Login_TextBox_UserName"), Portal_Username): Text 'adminuser2059' is set on object 'Object Repository/PolicyCenter_Login/input_PC_Login_TextBox_UserName'

2024-04-12 00:08:43 - [MESSAGE][PASSED] - Text 'adminuser2059' is set on object 'Object Repository/PolicyCenter_Login/input_PC_Login_TextBox_UserName'

2024-04-12 00:08:43 - [TEST_STEP][PASSED] - setText(findTestObject("Object Repository/PolicyCenter_Login/input_PC_Login_TextBox_Password"), Portal_Password): Text 'Hmic1234' is set on object 'Object Repository/PolicyCenter_Login/input_PC_Login_TextBox_Password'

2024-04-12 00:08:44 - [MESSAGE][PASSED] - Text 'Hmic1234' is set on object 'Object Repository/PolicyCenter_Login/input_PC_Login_TextBox_Password'

2024-04-12 00:08:44 - [TEST_STEP][PASSED] - takeFullPageScreenshot(): Taking screenshot successfully

2024-04-12 00:08:44 - [MESSAGE][INFO] - 0 hidden object(s)

2024-04-12 00:08:44 - [MESSAGE][PASSED] - Taking screenshot successfully
[[ATTACHMENT|C:\\Users\\LellKir\\git\\HMIC-Portal\\HMIC-Portal\\HMIC-Portal\\HMIC-Portal\\HMIC-Portal\\HMIC-Portal\\Reports\\20240411_232922\\AgencyPortal_SmokeTest_WC\\20240411_232922\\1712894924344.png]]

2024-04-12 00:08:44 - [TEST_STEP][PASSED] - waitForElementVisible(findTestObject("PolicyCenter_Login/input_PC_Login_Button_Login"), 20): Object 'Object Repository/PolicyCenter_Login/input_PC_Login_Button_Login' is visible

2024-04-12 00:08:45 - [MESSAGE][PASSED] - Object 'Object Repository/PolicyCenter_Login/input_PC_Login_Button_Login' is visible

2024-04-12 00:08:45 - [TEST_STEP][PASSED] - click(findTestObject("Object Repository/PolicyCenter_Login/input_PC_Login_Button_Login")): Object: 'Object Repository/PolicyCenter_Login/input_PC_Login_Button_Login' is clicked on

2024-04-12 00:08:45 - [MESSAGE][PASSED] - Object: 'Object Repository/PolicyCenter_Login/input_PC_Login_Button_Login' is clicked on

2024-04-12 00:08:45 - [TEST_STEP][PASSED] - takeFullPageScreenshot(): Taking screenshot successfully

2024-04-12 00:08:46 - [MESSAGE][INFO] - 0 hidden object(s)

2024-04-12 00:08:46 - [MESSAGE][PASSED] - Taking screenshot successfully
[[ATTACHMENT|C:\\Users\\LellKir\\git\\HMIC-Portal\\HMIC-Portal\\HMIC-Portal\\HMIC-Portal\\HMIC-Portal\\HMIC-Portal\\Reports\\20240411_232922\\AgencyPortal_SmokeTest_WC\\20240411_232922\\1712894925876.png]]

2024-04-12 00:08:46 - [TEST_STEP][PASSED] - waitForElementVisible(findTestObject("Portal/Portal_Common_Header_SearchForAccOrPol"), 30): Object 'Object Repository/Portal/Portal_Common_Header_SearchForAccOrPol' is visible

2024-04-12 00:08:50 - [MESSAGE][PASSED] - Object 'Object Repository/Portal/Portal_Common_Header_SearchForAccOrPol' is visible

2024-04-12 00:08:50 - [TEST_STEP][PASSED] - verifyElementVisible(findTestObject("Portal/Portal_Common_Header_SearchForAccOrPol")): Object 'Object Repository/Portal/Portal_Common_Header_SearchForAccOrPol' is visible

2024-04-12 00:08:51 - [MESSAGE][PASSED] - Object 'Object Repository/Portal/Portal_Common_Header_SearchForAccOrPol' is visible

2024-04-12 00:08:51 - [TEST_STEP][PASSED] - takeFullPageScreenshot(): Taking screenshot successfully

2024-04-12 00:08:51 - [MESSAGE][INFO] - 0 hidden object(s)

2024-04-12 00:08:51 - [MESSAGE][PASSED] - Taking screenshot successfully
[[ATTACHMENT|C:\\Users\\LellKir\\git\\HMIC-Portal\\HMIC-Portal\\HMIC-Portal\\HMIC-Portal\\HMIC-Portal\\HMIC-Portal\\Reports\\20240411_232922\\AgencyPortal_SmokeTest_WC\\20240411_232922\\1712894931031.png]]

2024-04-12 00:08:51 - [MESSAGE][PASSED] - Call Test Case 'Test Cases/Portal_Pages/Portal_CommonScreens/Portal_Login' successfully

2024-04-12 00:08:51 - [TEST_STEP][PASSED] - click(findTestObject("Object Repository/Portal/Portal_Common_Tab_Quote")): Object: 'Object Repository/Portal/Portal_Common_Tab_Quote' is clicked on

2024-04-12 00:09:05 - [MESSAGE][PASSED] - Object: 'Object Repository/Portal/Portal_Common_Tab_Quote' is clicked on

2024-04-12 00:09:05 - [TEST_STEP][PASSED] - comment("User is able to Initiate the quote successfully"): User is able to Initiate the quote successfully

2024-04-12 00:09:05 - [MESSAGE][INFO] - User is able to Initiate the quote successfully

2024-04-12 00:09:05 - [TEST_STEP][PASSED] - verifyElementText(findTestObject("Object Repository/Portal/Portal_Quote_Header_NewBusinessDashboard"), "New Business Dashboard"): Actual text and expected text of test object 'Object Repository/Portal/Portal_Quote_Header_NewBusinessDashboard' are matched.

2024-04-12 00:09:35 - [MESSAGE][PASSED] - Actual text and expected text of test object 'Object Repository/Portal/Portal_Quote_Header_NewBusinessDashboard' are matched.

2024-04-12 00:09:35 - [TEST_STEP][PASSED] - click(findTestObject("Object Repository/Portal/Portal_Quote_Title_StartANewBusiness")): Object: 'Object Repository/Portal/Portal_Quote_Title_StartANewBusiness' is clicked on

2024-04-12 00:10:06 - [MESSAGE][PASSED] - Object: 'Object Repository/Portal/Portal_Quote_Title_StartANewBusiness' is clicked on

2024-04-12 00:10:06 - [TEST_STEP][PASSED] - click(findTestObject("Object Repository/Portal/Portal_Quote_Dropdown_SelectLineOfBusiness")): Object: 'Object Repository/Portal/Portal_Quote_Dropdown_SelectLineOfBusiness' is clicked on

2024-04-12 00:10:36 - [MESSAGE][PASSED] - Object: 'Object Repository/Portal/Portal_Quote_Dropdown_SelectLineOfBusiness' is clicked on

2024-04-12 00:10:36 - [TEST_STEP][PASSED] - click(findTestObject("Object Repository/Portal/Portal_LOB_TypeList_WorkersComp")): Object: 'Object Repository/Portal/Portal_LOB_TypeList_WorkersComp' is clicked on

2024-04-12 00:11:06 - [MESSAGE][PASSED] - Object: 'Object Repository/Portal/Portal_LOB_TypeList_WorkersComp' is clicked on

2024-04-12 00:11:06 - [TEST_STEP][PASSED] - click(findTestObject("Object Repository/Portal/Portal_Common_Button_Next")): Object: 'Object Repository/Portal/Portal_Common_Button_Next' is clicked on

2024-04-12 00:11:38 - [MESSAGE][PASSED] - Object: 'Object Repository/Portal/Portal_Common_Button_Next' is clicked on

2024-04-12 00:11:38 - [TEST_STEP][PASSED] - verifyElementText(findTestObject("Object Repository/Portal/Portal_PreQual_Title_PreQualification"), "Pre-Qualification"): Actual text and expected text of test object 'Object Repository/Portal/Portal_PreQual_Title_PreQualification' are matched.

2024-04-12 00:11:40 - [MESSAGE][PASSED] - Actual text and expected text of test object 'Object Repository/Portal/Portal_PreQual_Title_PreQualification' are matched.

2024-04-12 00:11:40 - [TEST_STEP][PASSED] - comment("Prequalification statement should be displayed."): Prequalification statement should be displayed.

2024-04-12 00:11:40 - [MESSAGE][INFO] - Prequalification statement should be displayed.

2024-04-12 00:11:40 - [TEST_STEP][PASSED] - click(findTestObject("Object Repository/Portal/Portal_PreQual_CheckBox_RiskDoesNotHaveAny")): Object: 'Object Repository/Portal/Portal_PreQual_CheckBox_RiskDoesNotHaveAny' is clicked on

2024-04-12 00:11:40 - [MESSAGE][PASSED] - Object: 'Object Repository/Portal/Portal_PreQual_CheckBox_RiskDoesNotHaveAny' is clicked on

2024-04-12 00:11:40 - [TEST_STEP][PASSED] - click(findTestObject("Object Repository/Portal/Portal_PreQual_Button_Agree")): Object: 'Object Repository/Portal/Portal_PreQual_Button_Agree' is clicked on

2024-04-12 00:11:41 - [MESSAGE][PASSED] - Object: 'Object Repository/Portal/Portal_PreQual_Button_Agree' is clicked on

2024-04-12 00:11:41 - [TEST_STEP][PASSED] - waitForElementHasAttribute(findTestObject("Object Repository/Portal/Portal_AccInfo_Header_AccInfo"), "Step 1: Account Information", 10): Object 'Object Repository/Portal/Portal_AccInfo_Header_AccInfo' does not have attribute 'Step 1: Account Information'

2024-04-12 00:11:52 - [MESSAGE][WARNING] - Object 'Object Repository/Portal/Portal_AccInfo_Header_AccInfo' does not have attribute 'Step 1: Account Information'

2024-04-12 00:11:52 - [TEST_STEP][PASSED] - verifyElementText(findTestObject("Object Repository/Portal/Portal_AccInfo_Header_AccInfo"), "Step 1: Account Information"): Actual text and expected text of test object 'Object Repository/Portal/Portal_AccInfo_Header_AccInfo' are matched.

2024-04-12 00:11:53 - [MESSAGE][PASSED] - Actual text and expected text of test object 'Object Repository/Portal/Portal_AccInfo_Header_AccInfo' are matched.

2024-04-12 00:11:53 - [TEST_STEP][PASSED] - comment("User successfully navigated to Account Information screen"): User successfully navigated to Account Information screen

2024-04-12 00:11:53 - [MESSAGE][INFO] - User successfully navigated to Account Information screen

2024-04-12 00:11:53 - [TEST_STEP][PASSED] - click(findTestObject("Object Repository/Portal/Portal_AccInfo_Dropdown_SearchOrQuoteFor")): Object: 'Object Repository/Portal/Portal_AccInfo_Dropdown_SearchOrQuoteFor' is clicked on

2024-04-12 00:11:53 - [MESSAGE][PASSED] - Object: 'Object Repository/Portal/Portal_AccInfo_Dropdown_SearchOrQuoteFor' is clicked on

2024-04-12 00:11:53 - [TEST_STEP][PASSED] - click(findTestObject("Object Repository/Portal/Portal_AccInfo_TypeList_Individual")): Object: 'Object Repository/Portal/Portal_AccInfo_TypeList_Individual' is clicked on

2024-04-12 00:11:54 - [MESSAGE][PASSED] - Object: 'Object Repository/Portal/Portal_AccInfo_TypeList_Individual' is clicked on

2024-04-12 00:11:54 - [TEST_STEP][PASSED] - setText(findTestObject("Object Repository/Portal/Portal_AccInfo_TextBox_FirstName"), "Auto_FirstName"): Text 'Auto_FirstName' is set on object 'Object Repository/Portal/Portal_AccInfo_TextBox_FirstName'

2024-04-12 00:11:55 - [MESSAGE][PASSED] - Text 'Auto_FirstName' is set on object 'Object Repository/Portal/Portal_AccInfo_TextBox_FirstName'

2024-04-12 00:11:55 - [TEST_STEP][PASSED] - setText(findTestObject("Object Repository/Portal/Portal_AccInfo_TextBox_LastName"), "LastName" + RandomStringUtils.randomAlphabetic(5)): Text 'LastNameSzdep' is set on object 'Object Repository/Portal/Portal_AccInfo_TextBox_LastName'

2024-04-12 00:11:56 - [MESSAGE][PASSED] - Text 'LastNameSzdep' is set on object 'Object Repository/Portal/Portal_AccInfo_TextBox_LastName'

2024-04-12 00:11:56 - [TEST_STEP][PASSED] - setText(findTestObject("Object Repository/Portal/Portal_AccInfo_TextBox_ZipCode"), "54913"): Text '54913' is set on object 'Object Repository/Portal/Portal_AccInfo_TextBox_ZipCode'

2024-04-12 00:11:56 - [MESSAGE][PASSED] - Text '54913' is set on object 'Object Repository/Portal/Portal_AccInfo_TextBox_ZipCode'

2024-04-12 00:11:56 - [TEST_STEP][PASSED] - click(findTestObject("Object Repository/Portal/Portal_AccInfo_Button_CreateNewAcc")): Object: 'Object Repository/Portal/Portal_AccInfo_Button_CreateNewAcc' is clicked on

2024-04-12 00:11:57 - [MESSAGE][PASSED] - Object: 'Object Repository/Portal/Portal_AccInfo_Button_CreateNewAcc' is clicked on

2024-04-12 00:11:57 - [TEST_STEP][PASSED] - verifyElementText(findTestObject("Object Repository/Portal/Portal_AccInfo_SubTitle_AddNewAcc"), "Add a New Account"): Actual text and expected text of test object 'Object Repository/Portal/Portal_AccInfo_SubTitle_AddNewAcc' are matched.

2024-04-12 00:11:58 - [MESSAGE][PASSED] - Actual text and expected text of test object 'Object Repository/Portal/Portal_AccInfo_SubTitle_AddNewAcc' are matched.

2024-04-12 00:11:58 - [TEST_STEP][PASSED] - mouseOver(findTestObject("Object Repository/Portal/Portal_AccountInfo_Dropdown_ProducerCode"), STOP_ON_FAILURE): Object: 'Object Repository/Portal/Portal_AccountInfo_Dropdown_ProducerCode' is hovered

2024-04-12 00:11:59 - [MESSAGE][PASSED] - Object: 'Object Repository/Portal/Portal_AccountInfo_Dropdown_ProducerCode' is hovered

2024-04-12 00:11:59 - [TEST_STEP][PASSED] - setText(findTestObject("Object Repository/Portal/Portal_AccInfo_TextBox_Address"), "955 N Mutual Way"): Text '955 N Mutual Way' is set on object 'Object Repository/Portal/Portal_AccInfo_TextBox_Address'

2024-04-12 00:11:59 - [MESSAGE][PASSED] - Text '955 N Mutual Way' is set on object 'Object Repository/Portal/Portal_AccInfo_TextBox_Address'

2024-04-12 00:11:59 - [TEST_STEP][PASSED] - sendKeys(findTestObject("Object Repository/Portal/Portal_AccInfo_TextBox_Address"), Keys.chord(SPACE)): Keys 'SPACE + ' sent to object: 'Object Repository/Portal/Portal_AccInfo_TextBox_Address'

2024-04-12 00:12:00 - [MESSAGE][PASSED] - Keys 'SPACE + ' sent to object: 'Object Repository/Portal/Portal_AccInfo_TextBox_Address'

2024-04-12 00:12:00 - [TEST_STEP][PASSED] - click(findTestObject("Object Repository/Portal/Portal_AccInfo_TypeList_1stAddress"), OPTIONAL): Object: 'Object Repository/Portal/Portal_AccInfo_TypeList_1stAddress' is clicked on

2024-04-12 00:12:01 - [MESSAGE][PASSED] - Object: 'Object Repository/Portal/Portal_AccInfo_TypeList_1stAddress' is clicked on

2024-04-12 00:12:01 - [TEST_STEP][PASSED] - waitForPageLoad(10): Wait for page load successfully

2024-04-12 00:12:01 - [MESSAGE][PASSED] - Wait for page load successfully

2024-04-12 00:12:01 - [TEST_STEP][PASSED] - mouseOver(findTestObject("Object Repository/Portal/Portal_AccountInfo_Dropdown_ProducerCode")): Object: 'Object Repository/Portal/Portal_AccountInfo_Dropdown_ProducerCode' is hovered

2024-04-12 00:12:02 - [MESSAGE][PASSED] - Object: 'Object Repository/Portal/Portal_AccountInfo_Dropdown_ProducerCode' is hovered

2024-04-12 00:12:02 - [TEST_STEP][PASSED] - click(findTestObject("Object Repository/Portal/Portal_AccountInfo_Dropdown_ProducerCode")): Object: 'Object Repository/Portal/Portal_AccountInfo_Dropdown_ProducerCode' is clicked on

2024-04-12 00:12:02 - [MESSAGE][PASSED] - Object: 'Object Repository/Portal/Portal_AccountInfo_Dropdown_ProducerCode' is clicked on

2024-04-12 00:12:02 - [TEST_STEP][PASSED] - mouseOver(findTestObject("Object Repository/Portal/Portal_AccInfo_TypeList_2059HouseCode")): Object: 'Object Repository/Portal/Portal_AccInfo_TypeList_2059HouseCode' is hovered

2024-04-12 00:12:03 - [MESSAGE][PASSED] - Object: 'Object Repository/Portal/Portal_AccInfo_TypeList_2059HouseCode' is hovered

2024-04-12 00:12:03 - [TEST_STEP][PASSED] - click(findTestObject("Object Repository/Portal/Portal_AccInfo_TypeList_2059HouseCode")): Object: 'Object Repository/Portal/Portal_AccInfo_TypeList_2059HouseCode' is clicked on

2024-04-12 00:12:03 - [MESSAGE][PASSED] - Object: 'Object Repository/Portal/Portal_AccInfo_TypeList_2059HouseCode' is clicked on

2024-04-12 00:12:03 - [TEST_STEP][PASSED] - click(findTestObject("Object Repository/Portal/Portal_AccInfo_Button_AddAccount")): Object: 'Object Repository/Portal/Portal_AccInfo_Button_AddAccount' is clicked on

2024-04-12 00:12:04 - [MESSAGE][PASSED] - Object: 'Object Repository/Portal/Portal_AccInfo_Button_AddAccount' is clicked on

2024-04-12 00:12:04 - [TEST_STEP][PASSED] - click(findTestObject("Object Repository/Portal/Portal_StandardizeAddress_Button_Continue")): Object: 'Object Repository/Portal/Portal_StandardizeAddress_Button_Continue' is clicked on

2024-04-12 00:12:10 - [MESSAGE][PASSED] - Object: 'Object Repository/Portal/Portal_StandardizeAddress_Button_Continue' is clicked on

2024-04-12 00:12:10 - [TEST_STEP][PASSED] - AccountNumber = getText(findTestObject("Portal/Portal_NewAccountCreated_Label_AccountNum")): Text of object 'Object Repository/Portal/Portal_NewAccountCreated_Label_AccountNum' is: 'AC00541543'

2024-04-12 00:12:11 - [MESSAGE][PASSED] - Text of object 'Object Repository/Portal/Portal_NewAccountCreated_Label_AccountNum' is: 'AC00541543'

2024-04-12 00:12:11 - [TEST_STEP][PASSED] - click(findTestObject("Portal/Portal_NewAccountCreated_Button_Continue")): Object: 'Object Repository/Portal/Portal_NewAccountCreated_Button_Continue' is clicked on

2024-04-12 00:12:12 - [MESSAGE][PASSED] - Object: 'Object Repository/Portal/Portal_NewAccountCreated_Button_Continue' is clicked on

2024-04-12 00:12:12 - [TEST_STEP][PASSED] - click(findTestObject("Object Repository/Portal/Portal_PolicyDetails_Dropdown_OrgType")): Object: 'Object Repository/Portal/Portal_PolicyDetails_Dropdown_OrgType' is clicked on

2024-04-12 00:12:16 - [MESSAGE][PASSED] - Object: 'Object Repository/Portal/Portal_PolicyDetails_Dropdown_OrgType' is clicked on

2024-04-12 00:12:16 - [TEST_STEP][PASSED] - click(findTestObject("Object Repository/Portal/Portal_PolDetails_OrgType_TypeList_Individual")): Object: 'Object Repository/Portal/Portal_PolDetails_OrgType_TypeList_Individual' is clicked on

2024-04-12 00:12:17 - [MESSAGE][PASSED] - Object: 'Object Repository/Portal/Portal_PolDetails_OrgType_TypeList_Individual' is clicked on

2024-04-12 00:12:17 - [TEST_STEP][PASSED] - mouseOver(findTestObject("Object Repository/Portal/Portal_PolDetails_TextBox_SSN"), STOP_ON_FAILURE): Object: 'Object Repository/Portal/Portal_PolDetails_TextBox_SSN' is hovered

2024-04-12 00:12:18 - [MESSAGE][PASSED] - Object: 'Object Repository/Portal/Portal_PolDetails_TextBox_SSN' is hovered

2024-04-12 00:12:18 - [TEST_STEP][PASSED] - click(findTestObject("Object Repository/Portal/Portal_PolDetails_TextBox_SSN"), STOP_ON_FAILURE): Object: 'Object Repository/Portal/Portal_PolDetails_TextBox_SSN' is clicked on

2024-04-12 00:12:18 - [MESSAGE][PASSED] - Object: 'Object Repository/Portal/Portal_PolDetails_TextBox_SSN' is clicked on

2024-04-12 00:12:18 - [TEST_STEP][PASSED] - sendKeys(findTestObject("Object Repository/Portal/Portal_PolDetails_TextBox_SSN"), Keys.chord("123456789")): Keys '123456789' sent to object: 'Object Repository/Portal/Portal_PolDetails_TextBox_SSN'

2024-04-12 00:12:19 - [MESSAGE][PASSED] - Keys '123456789' sent to object: 'Object Repository/Portal/Portal_PolDetails_TextBox_SSN'

2024-04-12 00:12:19 - [TEST_STEP][PASSED] - click(findTestObject("Object Repository/Portal/Portal_PolicyDetails_Button_Save")): Object: 'Object Repository/Portal/Portal_PolicyDetails_Button_Save' is clicked on

2024-04-12 00:12:20 - [MESSAGE][PASSED] - Object: 'Object Repository/Portal/Portal_PolicyDetails_Button_Save' is clicked on

2024-04-12 00:12:20 - [TEST_STEP][PASSED] - takeFullPageScreenshot(): Taking screenshot successfully

2024-04-12 00:12:21 - [MESSAGE][INFO] - 0 hidden object(s)

2024-04-12 00:12:21 - [MESSAGE][PASSED] - Taking screenshot successfully
[[ATTACHMENT|C:\\Users\\LellKir\\git\\HMIC-Portal\\HMIC-Portal\\HMIC-Portal\\HMIC-Portal\\HMIC-Portal\\HMIC-Portal\\Reports\\20240411_232922\\AgencyPortal_SmokeTest_WC\\20240411_232922\\1712895140213.png]]

2024-04-12 00:12:21 - [TEST_STEP][PASSED] - click(findTestObject("Object Repository/Portal/Portal_Common_Button_NextLoc")): Object: 'Object Repository/Portal/Portal_Common_Button_NextLoc' is clicked on

2024-04-12 00:12:22 - [MESSAGE][PASSED] - Object: 'Object Repository/Portal/Portal_Common_Button_NextLoc' is clicked on

2024-04-12 00:12:22 - [TEST_STEP][PASSED] - waitForElementHasAttribute(findTestObject("Object Repository/Portal/Portal_Loc_Header_Loc"), "Step 3: Locations", 10): Object 'Object Repository/Portal/Portal_Loc_Header_Loc' does not have attribute 'Step 3: Locations'

2024-04-12 00:12:36 - [MESSAGE][WARNING] - Object 'Object Repository/Portal/Portal_Loc_Header_Loc' does not have attribute 'Step 3: Locations'

2024-04-12 00:12:36 - [TEST_STEP][PASSED] - verifyElementText(findTestObject("Object Repository/Portal/Portal_Loc_Header_Loc"), "Step 3: Locations"): Actual text and expected text of test object 'Object Repository/Portal/Portal_Loc_Header_Loc' are matched.

2024-04-12 00:12:36 - [MESSAGE][PASSED] - Actual text and expected text of test object 'Object Repository/Portal/Portal_Loc_Header_Loc' are matched.

2024-04-12 00:12:36 - [TEST_STEP][PASSED] - setText(findTestObject("Object Repository/Portal/Portal_Loc_TextBox_MaxNumOfEmp"), "51"): Text '51' is set on object 'Object Repository/Portal/Portal_Loc_TextBox_MaxNumOfEmp'

2024-04-12 00:12:37 - [MESSAGE][PASSED] - Text '51' is set on object 'Object Repository/Portal/Portal_Loc_TextBox_MaxNumOfEmp'

2024-04-12 00:12:37 - [TEST_STEP][PASSED] - click(findTestObject("Object Repository/Portal/Portal_Loc_TextBox_WorkClassification")): Object: 'Object Repository/Portal/Portal_Loc_TextBox_WorkClassification' is clicked on

2024-04-12 00:12:38 - [MESSAGE][PASSED] - Object: 'Object Repository/Portal/Portal_Loc_TextBox_WorkClassification' is clicked on

2024-04-12 00:12:38 - [TEST_STEP][PASSED] - click(findTestObject("Object Repository/Portal/Portal_Loc_WorkClassification_TypeList_0005")): Object: 'Object Repository/Portal/Portal_Loc_WorkClassification_TypeList_0005' is clicked on

2024-04-12 00:12:39 - [MESSAGE][PASSED] - Object: 'Object Repository/Portal/Portal_Loc_WorkClassification_TypeList_0005' is clicked on

2024-04-12 00:12:39 - [TEST_STEP][PASSED] - setText(findTestObject("Object Repository/Portal/Portal_Loc_TextBox_TotalPayroll"), "5000"): Text '5000' is set on object 'Object Repository/Portal/Portal_Loc_TextBox_TotalPayroll'

2024-04-12 00:12:40 - [MESSAGE][PASSED] - Text '5000' is set on object 'Object Repository/Portal/Portal_Loc_TextBox_TotalPayroll'

2024-04-12 00:12:40 - [TEST_STEP][PASSED] - setText(findTestObject("Object Repository/Portal/Portal_Loc_TextBox_FullTimeEmployees"), "10"): Text '10' is set on object 'Object Repository/Portal/Portal_Loc_TextBox_FullTimeEmployees'

2024-04-12 00:12:41 - [MESSAGE][PASSED] - Text '10' is set on object 'Object Repository/Portal/Portal_Loc_TextBox_FullTimeEmployees'

2024-04-12 00:12:41 - [TEST_STEP][PASSED] - setText(findTestObject("Object Repository/Portal/Portal_Loc_TextBox_PartTimeEmployees"), "10"): Text '10' is set on object 'Object Repository/Portal/Portal_Loc_TextBox_PartTimeEmployees'

2024-04-12 00:12:42 - [MESSAGE][PASSED] - Text '10' is set on object 'Object Repository/Portal/Portal_Loc_TextBox_PartTimeEmployees'

2024-04-12 00:12:42 - [TEST_STEP][PASSED] - click(findTestObject("Object Repository/Portal/Portal_Loc_Button_Save")): Object: 'Object Repository/Portal/Portal_Loc_Button_Save' is clicked on

2024-04-12 00:12:43 - [MESSAGE][PASSED] - Object: 'Object Repository/Portal/Portal_Loc_Button_Save' is clicked on

2024-04-12 00:12:43 - [TEST_STEP][PASSED] - takeFullPageScreenshot(): Taking screenshot successfully

2024-04-12 00:12:43 - [MESSAGE][INFO] - 0 hidden object(s)

2024-04-12 00:12:44 - [MESSAGE][PASSED] - Taking screenshot successfully
[[ATTACHMENT|C:\\Users\\LellKir\\git\\HMIC-Portal\\HMIC-Portal\\HMIC-Portal\\HMIC-Portal\\HMIC-Portal\\HMIC-Portal\\Reports\\20240411_232922\\AgencyPortal_SmokeTest_WC\\20240411_232922\\1712895163141.png]]

2024-04-12 00:12:44 - [TEST_STEP][PASSED] - click(findTestObject("Object Repository/Portal/Portal_Common_Button_NextStateCov")): Object: 'Object Repository/Portal/Portal_Common_Button_NextStateCov' is clicked on

2024-04-12 00:12:44 - [MESSAGE][PASSED] - Object: 'Object Repository/Portal/Portal_Common_Button_NextStateCov' is clicked on

2024-04-12 00:12:44 - [TEST_STEP][PASSED] - waitForElementHasAttribute(findTestObject("Object Repository/Portal/Portal_Cov_Header_Coverages"), "Step 4: Coverages", 10): Object 'Object Repository/Portal/Portal_Cov_Header_Coverages' does not have attribute 'Step 4: Coverages'

2024-04-12 00:13:01 - [MESSAGE][WARNING] - Object 'Object Repository/Portal/Portal_Cov_Header_Coverages' does not have attribute 'Step 4: Coverages'

2024-04-12 00:13:01 - [TEST_STEP][PASSED] - verifyElementText(findTestObject("Object Repository/Portal/Portal_Cov_Header_Coverages"), "Step 4: Coverages"): Actual text and expected text of test object 'Object Repository/Portal/Portal_Cov_Header_Coverages' are matched.

2024-04-12 00:13:01 - [MESSAGE][PASSED] - Actual text and expected text of test object 'Object Repository/Portal/Portal_Cov_Header_Coverages' are matched.

2024-04-12 00:13:01 - [TEST_STEP][PASSED] - click(findTestObject("Portal/Portal_StateCov_Chkbox_ExpRating")): Object: 'Object Repository/Portal/Portal_StateCov_Chkbox_ExpRating' is clicked on

2024-04-12 00:13:02 - [MESSAGE][PASSED] - Object: 'Object Repository/Portal/Portal_StateCov_Chkbox_ExpRating' is clicked on

2024-04-12 00:13:02 - [TEST_STEP][PASSED] - setText(findTestObject("Portal/Portal_StateCov_input_ExpRating"), "10"): Text '10' is set on object 'Object Repository/Portal/Portal_StateCov_input_ExpRating'

2024-04-12 00:13:04 - [MESSAGE][PASSED] - Text '10' is set on object 'Object Repository/Portal/Portal_StateCov_input_ExpRating'

2024-04-12 00:13:04 - [TEST_STEP][PASSED] - click(findTestObject("Portal/Portal_StateCov_Checkbox_ContractingClassAdj")): Object: 'Object Repository/Portal/Portal_StateCov_Checkbox_ContractingClassAdj' is clicked on

2024-04-12 00:13:05 - [MESSAGE][PASSED] - Object: 'Object Repository/Portal/Portal_StateCov_Checkbox_ContractingClassAdj' is clicked on

2024-04-12 00:13:05 - [TEST_STEP][PASSED] - click(findTestObject("Portal/Portal_StateCov_TypeList_ContractingClassAdj")): Object: 'Object Repository/Portal/Portal_StateCov_TypeList_ContractingClassAdj' is clicked on

2024-04-12 00:13:06 - [MESSAGE][PASSED] - Object: 'Object Repository/Portal/Portal_StateCov_TypeList_ContractingClassAdj' is clicked on

2024-04-12 00:13:06 - [TEST_STEP][PASSED] - click(findTestObject("Portal/Portal_StateCov_Select_Credit_5_ContractingClassAdj")): Object: 'Object Repository/Portal/Portal_StateCov_Select_Credit_5_ContractingClassAdj' is clicked on

2024-04-12 00:13:07 - [MESSAGE][PASSED] - Object: 'Object Repository/Portal/Portal_StateCov_Select_Credit_5_ContractingClassAdj' is clicked on

2024-04-12 00:13:07 - [TEST_STEP][PASSED] - click(findTestObject("Object Repository/Portal/Portal_StateCov_Button_NextLineCov")): Object: 'Object Repository/Portal/Portal_StateCov_Button_NextLineCov' is clicked on

2024-04-12 00:13:09 - [MESSAGE][PASSED] - Object: 'Object Repository/Portal/Portal_StateCov_Button_NextLineCov' is clicked on

2024-04-12 00:13:09 - [TEST_STEP][PASSED] - click(findTestObject("Object Repository/Portal/Portal_LineCov_button_NextSupplementalQues")): Object: 'Object Repository/Portal/Portal_LineCov_button_NextSupplementalQues' is clicked on

2024-04-12 00:13:11 - [MESSAGE][PASSED] - Object: 'Object Repository/Portal/Portal_LineCov_button_NextSupplementalQues' is clicked on

2024-04-12 00:13:11 - [TEST_STEP][PASSED] - click(findTestObject("Object Repository/Portal/Portal_Supplemental_CheckBox_IhaveReviewed")): Object: 'Object Repository/Portal/Portal_Supplemental_CheckBox_IhaveReviewed' is clicked on

2024-04-12 00:13:14 - [MESSAGE][PASSED] - Object: 'Object Repository/Portal/Portal_Supplemental_CheckBox_IhaveReviewed' is clicked on

2024-04-12 00:13:14 - [TEST_STEP][PASSED] - takeFullPageScreenshot(): Taking screenshot successfully

2024-04-12 00:13:15 - [MESSAGE][INFO] - 0 hidden object(s)

2024-04-12 00:13:16 - [MESSAGE][PASSED] - Taking screenshot successfully
[[ATTACHMENT|C:\\Users\\LellKir\\git\\HMIC-Portal\\HMIC-Portal\\HMIC-Portal\\HMIC-Portal\\HMIC-Portal\\HMIC-Portal\\Reports\\20240411_232922\\AgencyPortal_SmokeTest_WC\\20240411_232922\\1712895194140.png]]

2024-04-12 00:13:16 - [TEST_STEP][PASSED] - click(findTestObject("Object Repository/Portal/Portal_Common_Button_NextQuote")): Object: 'Object Repository/Portal/Portal_Common_Button_NextQuote' is clicked on

2024-04-12 00:13:16 - [MESSAGE][PASSED] - Object: 'Object Repository/Portal/Portal_Common_Button_NextQuote' is clicked on

2024-04-12 00:13:16 - [TEST_STEP][PASSED] - waitForElementHasAttribute(findTestObject("Object Repository/Portal/Portal_Quote_Header_Quote"), "Step 6: Quote", 10): Object 'Object Repository/Portal/Portal_Quote_Header_Quote' does not have attribute 'Step 6: Quote'

2024-04-12 00:13:42 - [MESSAGE][WARNING] - Object 'Object Repository/Portal/Portal_Quote_Header_Quote' does not have attribute 'Step 6: Quote'

2024-04-12 00:13:42 - [TEST_STEP][PASSED] - verifyElementText(findTestObject("Object Repository/Portal/Portal_Quote_Header_Quote"), "Step 6: Quote"): Actual text and expected text of test object 'Object Repository/Portal/Portal_Quote_Header_Quote' are matched.

2024-04-12 00:13:42 - [MESSAGE][PASSED] - Actual text and expected text of test object 'Object Repository/Portal/Portal_Quote_Header_Quote' are matched.

2024-04-12 00:13:42 - [TEST_STEP][PASSED] - verifyElementPresent(findTestObject("Object Repository/Portal/Portal_Quote_Label_SubmissionNum"), 30): Object 'Object Repository/Portal/Portal_Quote_Label_SubmissionNum' is present

2024-04-12 00:13:43 - [MESSAGE][PASSED] - Object 'Object Repository/Portal/Portal_Quote_Label_SubmissionNum' is present

2024-04-12 00:13:43 - [TEST_STEP][PASSED] - SubmissionNumber = getText(findTestObject("Object Repository/Portal/Portal_Quote_Label_SubmissionNum")): Text of object 'Object Repository/Portal/Portal_Quote_Label_SubmissionNum' is: 'Quote No. 0011309828'

2024-04-12 00:13:43 - [MESSAGE][PASSED] - Text of object 'Object Repository/Portal/Portal_Quote_Label_SubmissionNum' is: 'Quote No. 0011309828'

2024-04-12 00:13:43 - [TEST_STEP][PASSED] - takeFullPageScreenshot(): Taking screenshot successfully

2024-04-12 00:13:44 - [MESSAGE][INFO] - 0 hidden object(s)

2024-04-12 00:13:44 - [MESSAGE][PASSED] - Taking screenshot successfully
[[ATTACHMENT|C:\\Users\\LellKir\\git\\HMIC-Portal\\HMIC-Portal\\HMIC-Portal\\HMIC-Portal\\HMIC-Portal\\HMIC-Portal\\Reports\\20240411_232922\\AgencyPortal_SmokeTest_WC\\20240411_232922\\1712895223432.png]]

2024-04-12 00:13:44 - [TEST_STEP][PASSED] - click(findTestObject("Portal/Portal_Quote_Button_NextAdditionalInfo")): Object: 'Object Repository/Portal/Portal_Quote_Button_NextAdditionalInfo' is clicked on

2024-04-12 00:13:45 - [MESSAGE][PASSED] - Object: 'Object Repository/Portal/Portal_Quote_Button_NextAdditionalInfo' is clicked on

2024-04-12 00:13:45 - [TEST_STEP][PASSED] - waitForElementHasAttribute(findTestObject("Portal/Portal_Common_Label_Header"), "Step 7: Additional Info", 10): Object 'Object Repository/Portal/Portal_Common_Label_Header' does not have attribute 'Step 7: Additional Info'

2024-04-12 00:13:59 - [MESSAGE][WARNING] - Object 'Object Repository/Portal/Portal_Common_Label_Header' does not have attribute 'Step 7: Additional Info'

2024-04-12 00:13:59 - [TEST_STEP][PASSED] - verifyElementText(findTestObject("Portal/Portal_Common_Label_Header"), "Step 7: Additional Info"): Actual text and expected text of test object 'Object Repository/Portal/Portal_Common_Label_Header' are matched.

2024-04-12 00:13:59 - [MESSAGE][PASSED] - Actual text and expected text of test object 'Object Repository/Portal/Portal_Common_Label_Header' are matched.

2024-04-12 00:13:59 - [TEST_STEP][PASSED] - setText(findTestObject("Portal/Portal_AddInfo_TextArea_DescriptionOfOp"), "Individual"): Text 'Individual' is set on object 'Object Repository/Portal/Portal_AddInfo_TextArea_DescriptionOfOp'

2024-04-12 00:14:00 - [MESSAGE][PASSED] - Text 'Individual' is set on object 'Object Repository/Portal/Portal_AddInfo_TextArea_DescriptionOfOp'

2024-04-12 00:14:00 - [TEST_STEP][PASSED] - setText(findTestObject("Portal/Portal_AccAndInsCont_TextBox_FirstName"), "AccAndIns_FirstName"): Text 'AccAndIns_FirstName' is set on object 'Object Repository/Portal/Portal_AccAndInsCont_TextBox_FirstName'

2024-04-12 00:14:01 - [MESSAGE][PASSED] - Text 'AccAndIns_FirstName' is set on object 'Object Repository/Portal/Portal_AccAndInsCont_TextBox_FirstName'

2024-04-12 00:14:01 - [TEST_STEP][PASSED] - setText(findTestObject("Portal/Portal_AccAndInsCont_TextBox_LastName"), "LastName" + RandomStringUtils.randomAlphabetic(5)): Text 'LastNameOIWON' is set on object 'Object Repository/Portal/Portal_AccAndInsCont_TextBox_LastName'

2024-04-12 00:14:02 - [MESSAGE][PASSED] - Text 'LastNameOIWON' is set on object 'Object Repository/Portal/Portal_AccAndInsCont_TextBox_LastName'

2024-04-12 00:14:02 - [TEST_STEP][PASSED] - sendKeys(findTestObject("Portal/Portal_AccAndIns_TextBox_PhoneNum"), Keys.chord("8567123411")): Keys '8567123411' sent to object: 'Object Repository/Portal/Portal_AccAndIns_TextBox_PhoneNum'

2024-04-12 00:14:03 - [MESSAGE][PASSED] - Keys '8567123411' sent to object: 'Object Repository/Portal/Portal_AccAndIns_TextBox_PhoneNum'

2024-04-12 00:14:03 - [TEST_STEP][PASSED] - click(findTestObject("Portal/Portal_Common_Button_Save")): Object: 'Object Repository/Portal/Portal_Common_Button_Save' is clicked on

2024-04-12 00:14:03 - [MESSAGE][PASSED] - Object: 'Object Repository/Portal/Portal_Common_Button_Save' is clicked on

2024-04-12 00:14:03 - [TEST_STEP][PASSED] - setText(findTestObject("Portal/Portal_AccInfo_TextBox_FirstName"), "Test"): Text 'Test' is set on object 'Object Repository/Portal/Portal_AccInfo_TextBox_FirstName'

2024-04-12 00:14:04 - [MESSAGE][PASSED] - Text 'Test' is set on object 'Object Repository/Portal/Portal_AccInfo_TextBox_FirstName'

2024-04-12 00:14:04 - [TEST_STEP][PASSED] - setText(findTestObject("Portal/Portal_AccInfo_TextBox_LastName"), "Person"): Text 'Person' is set on object 'Object Repository/Portal/Portal_AccInfo_TextBox_LastName'

2024-04-12 00:14:05 - [MESSAGE][PASSED] - Text 'Person' is set on object 'Object Repository/Portal/Portal_AccInfo_TextBox_LastName'

2024-04-12 00:14:05 - [TEST_STEP][PASSED] - setText(findTestObject("Portal/Portal_FirstCall_TextBox_EmailAddress"), "ssomasundaram@hastingsmutual.com"): Text 'ssomasundaram@hastingsmutual.com' is set on object 'Object Repository/Portal/Portal_FirstCall_TextBox_EmailAddress'

2024-04-12 00:14:06 - [MESSAGE][PASSED] - Text 'ssomasundaram@hastingsmutual.com' is set on object 'Object Repository/Portal/Portal_FirstCall_TextBox_EmailAddress'

2024-04-12 00:14:06 - [TEST_STEP][PASSED] - setText(findTestObject("Portal/Portal_AdditionalInfo_input_WI_BureauID"), "912275645"): Text '912275645' is set on object 'Object Repository/Portal/Portal_AdditionalInfo_input_WI_BureauID'

2024-04-12 00:14:07 - [MESSAGE][PASSED] - Text '912275645' is set on object 'Object Repository/Portal/Portal_AdditionalInfo_input_WI_BureauID'

2024-04-12 00:14:07 - [TEST_STEP][PASSED] - takeFullPageScreenshot(): Taking screenshot successfully

2024-04-12 00:14:09 - [MESSAGE][INFO] - 0 hidden object(s)

2024-04-12 00:14:10 - [MESSAGE][PASSED] - Taking screenshot successfully
[[ATTACHMENT|C:\\Users\\LellKir\\git\\HMIC-Portal\\HMIC-Portal\\HMIC-Portal\\HMIC-Portal\\HMIC-Portal\\HMIC-Portal\\Reports\\20240411_232922\\AgencyPortal_SmokeTest_WC\\20240411_232922\\1712895247957.png]]

2024-04-12 00:14:10 - [TEST_STEP][PASSED] - click(findTestObject("Portal/Portal_Common_Button_NextReview")): Object: 'Object Repository/Portal/Portal_Common_Button_NextReview' is clicked on

2024-04-12 00:14:10 - [MESSAGE][PASSED] - Object: 'Object Repository/Portal/Portal_Common_Button_NextReview' is clicked on

2024-04-12 00:14:10 - [TEST_STEP][PASSED] - waitForElementHasAttribute(findTestObject("Portal/Portal_Common_Label_Header"), "Step 8: Review", 10): Object 'Object Repository/Portal/Portal_Common_Label_Header' does not have attribute 'Step 8: Review'

2024-04-12 00:14:29 - [MESSAGE][WARNING] - Object 'Object Repository/Portal/Portal_Common_Label_Header' does not have attribute 'Step 8: Review'

2024-04-12 00:14:29 - [TEST_STEP][PASSED] - verifyElementText(findTestObject("Portal/Portal_Common_Label_Header"), "Step 8: Review"): Actual text and expected text of test object 'Object Repository/Portal/Portal_Common_Label_Header' are matched.

2024-04-12 00:14:30 - [MESSAGE][PASSED] - Actual text and expected text of test object 'Object Repository/Portal/Portal_Common_Label_Header' are matched.

2024-04-12 00:14:30 - [TEST_STEP][PASSED] - comment("User should be able to quote the submission in Portal"): User should be able to quote the submission in Portal

2024-04-12 00:14:30 - [MESSAGE][INFO] - User should be able to quote the submission in Portal

2024-04-12 00:14:30 - [TEST_STEP][PASSED] - SubmissionNumber = SubmissionNumber: null

2024-04-12 00:14:30 - [TEST_STEP][PASSED] - takeFullPageScreenshot(): Taking screenshot successfully

2024-04-12 00:14:31 - [MESSAGE][INFO] - 0 hidden object(s)

2024-04-12 00:14:31 - [MESSAGE][PASSED] - Taking screenshot successfully
[[ATTACHMENT|C:\\Users\\LellKir\\git\\HMIC-Portal\\HMIC-Portal\\HMIC-Portal\\HMIC-Portal\\HMIC-Portal\\HMIC-Portal\\Reports\\20240411_232922\\AgencyPortal_SmokeTest_WC\\20240411_232922\\1712895270065.png]]

2024-04-12 00:14:31 - [TEST_STEP][PASSED] - comment("Login to PC and approve UW issues"): Login to PC and approve UW issues

2024-04-12 00:14:31 - [MESSAGE][INFO] - Login to PC and approve UW issues

2024-04-12 00:14:31 - [TEST_STEP][PASSED] - callTestCase(findTestCase("PolicyCenter_Pages/PC_CommonScreens/PC_Login"), ["PC_Username":PC_Username, "PC_Password":PC_Password], STOP_ON_FAILURE): Call Test Case 'Test Cases/PolicyCenter_Pages/PC_CommonScreens/PC_Login' successfully

2024-04-12 00:14:31 - [TEST_CASE][PASSED] - Test Cases/PolicyCenter_Pages/PC_CommonScreens/PC_Login: Test Cases/PolicyCenter_Pages/PC_CommonScreens/PC_Login

2024-04-12 00:14:31 - [TEST_STEP][PASSED] - openBrowser(""): Browser is opened with url: ''

2024-04-12 00:14:31 - [MESSAGE][WARNING] - A browser is already opened. Closing browser and opening a new one

2024-04-12 00:14:32 - [MESSAGE][INFO] - Starting 'Chrome' driver

2024-04-12 00:14:32 - [MESSAGE][INFO] - Action delay is set to 0 milliseconds

2024-04-12 00:14:34 - [MESSAGE][PASSED] - Browser is opened with url: ''

2024-04-12 00:14:34 - [TEST_STEP][PASSED] - deleteAllCookies(): Delete all cookies successfully

2024-04-12 00:14:34 - [MESSAGE][PASSED] - Delete all cookies successfully

2024-04-12 00:14:34 - [TEST_STEP][PASSED] - maximizeWindow(): Current window maximized

2024-04-12 00:14:34 - [MESSAGE][PASSED] - Current window maximized

2024-04-12 00:14:34 - [TEST_STEP][PASSED] - takeFullPageScreenshot(): Taking screenshot successfully

2024-04-12 00:14:35 - [MESSAGE][INFO] - 0 hidden object(s)

2024-04-12 00:14:35 - [MESSAGE][PASSED] - Taking screenshot successfully
[[ATTACHMENT|C:\\Users\\LellKir\\git\\HMIC-Portal\\HMIC-Portal\\HMIC-Portal\\HMIC-Portal\\HMIC-Portal\\HMIC-Portal\\Reports\\20240411_232922\\AgencyPortal_SmokeTest_WC\\20240411_232922\\1712895274848.png]]

2024-04-12 00:14:35 - [TEST_STEP][PASSED] - navigateToUrl(URL): Navigate to 'https://qaservices.hastingsmutual.com/Authentication/Login?ReturnUrl=https://policycenter.qa1.hastingsmutual.com/pc/service/ssosaml' successfully

2024-04-12 00:14:36 - [MESSAGE][PASSED] - Navigate to 'https://qaservices.hastingsmutual.com/Authentication/Login?ReturnUrl=https://policycenter.qa1.hastingsmutual.com/pc/service/ssosaml' successfully

2024-04-12 00:14:36 - [TEST_STEP][PASSED] - takeFullPageScreenshot(): Taking screenshot successfully

2024-04-12 00:14:36 - [MESSAGE][INFO] - 0 hidden object(s)

2024-04-12 00:14:37 - [MESSAGE][PASSED] - Taking screenshot successfully
[[ATTACHMENT|C:\\Users\\LellKir\\git\\HMIC-Portal\\HMIC-Portal\\HMIC-Portal\\HMIC-Portal\\HMIC-Portal\\HMIC-Portal\\Reports\\20240411_232922\\AgencyPortal_SmokeTest_WC\\20240411_232922\\1712895276476.png]]

2024-04-12 00:14:37 - [TEST_STEP][PASSED] - click(findTestObject("Object Repository/PolicyCenter_Login/div_PC_Login_Link_ClickHereToLogin"), OPTIONAL): Unable to click on object 'Object Repository/PolicyCenter_Login/div_PC_Login_Link_ClickHereToLogin' (Root cause: com.kms.katalon.core.exception.StepFailedException: Unable to click on object 'Object Repository/PolicyCenter_Login/div_PC_Login_Link_ClickHereToLogin'
	at com.kms.katalon.core.webui.keyword.internal.WebUIKeywordMain.stepFailed(WebUIKeywordMain.groovy:64)
	at com.kms.katalon.core.webui.keyword.internal.WebUIKeywordMain.runKeyword(WebUIKeywordMain.groovy:26)
	at com.kms.katalon.core.webui.keyword.builtin.ClickKeyword.click(ClickKeyword.groovy:74)
	at com.kms.katalon.core.webui.keyword.builtin.ClickKeyword.execute(ClickKeyword.groovy:40)
	at com.kms.katalon.core.keyword.internal.KeywordExecutor.executeKeywordForPlatform(KeywordExecutor.groovy:74)
	at com.kms.katalon.core.webui.keyword.WebUiBuiltInKeywords.click(WebUiBuiltInKeywords.groovy:608)
	at com.kms.katalon.core.webui.keyword.WebUiBuiltInKeywords$click$5.call(Unknown Source)
	at PC_Login.run(PC_Login:32)
	at com.kms.katalon.core.main.ScriptEngine.run(ScriptEngine.java:194)
	at com.kms.katalon.core.main.ScriptEngine.runScriptAsRawText(ScriptEngine.java:119)
	at com.kms.katalon.core.main.TestCaseExecutor.runScript(TestCaseExecutor.java:448)
	at com.kms.katalon.core.main.TestCaseExecutor.doExecute(TestCaseExecutor.java:439)
	at com.kms.katalon.core.main.TestCaseExecutor.processExecutionPhase(TestCaseExecutor.java:418)
	at com.kms.katalon.core.main.TestCaseExecutor.accessMainPhase(TestCaseExecutor.java:410)
	at com.kms.katalon.core.main.TestCaseExecutor.execute(TestCaseExecutor.java:285)
	at com.kms.katalon.core.main.TestCaseMain.runTestCase(TestCaseMain.java:144)
	at com.kms.katalon.core.keyword.builtin.CallTestCaseKeyword$_callTestCase_closure1.doCall(CallTestCaseKeyword.groovy:59)
	at com.kms.katalon.core.keyword.builtin.CallTestCaseKeyword$_callTestCase_closure1.call(CallTestCaseKeyword.groovy)
	at com.kms.katalon.core.keyword.internal.KeywordMain.runKeyword(KeywordMain.groovy:75)
	at com.kms.katalon.core.keyword.builtin.CallTestCaseKeyword.callTestCase(CallTestCaseKeyword.groovy:81)
	at com.kms.katalon.core.keyword.builtin.CallTestCaseKeyword.execute(CallTestCaseKeyword.groovy:44)
	at com.kms.katalon.core.keyword.internal.KeywordExecutor.executeKeywordForPlatform(KeywordExecutor.groovy:74)
	at com.kms.katalon.core.keyword.BuiltinKeywords.callTestCase(BuiltinKeywords.groovy:310)
	at Portal_SmokeTest_WIState.run(Portal_SmokeTest_WIState:212)
	at com.kms.katalon.core.main.ScriptEngine.run(ScriptEngine.java:194)
	at com.kms.katalon.core.main.ScriptEngine.runScriptAsRawText(ScriptEngine.java:119)
	at com.kms.katalon.core.main.TestCaseExecutor.runScript(TestCaseExecutor.java:448)
	at com.kms.katalon.core.main.TestCaseExecutor.doExecute(TestCaseExecutor.java:439)
	at com.kms.katalon.core.main.TestCaseExecutor.processExecutionPhase(TestCaseExecutor.java:418)
	at com.kms.katalon.core.main.TestCaseExecutor.accessMainPhase(TestCaseExecutor.java:410)
	at com.kms.katalon.core.main.TestCaseExecutor.execute(TestCaseExecutor.java:285)
	at com.kms.katalon.core.common.CommonExecutor.accessTestCaseMainPhase(CommonExecutor.java:65)
	at com.kms.katalon.core.main.TestSuiteExecutor.accessTestSuiteMainPhase(TestSuiteExecutor.java:148)
	at com.kms.katalon.core.main.TestSuiteExecutor.execute(TestSuiteExecutor.java:106)
	at com.kms.katalon.core.main.TestCaseMain.startTestSuite(TestCaseMain.java:187)
	at com.kms.katalon.core.main.TestCaseMain$startTestSuite$0.call(Unknown Source)
	at TempTestSuite1712892562095.run(TempTestSuite1712892562095.groovy:36)
Caused by: com.kms.katalon.core.webui.exception.WebElementNotFoundException: Web element with id: 'Object Repository/PolicyCenter_Login/div_PC_Login_Link_ClickHereToLogin' located by '//div[contains(@id,'LoginDetailsInputSet-LoginLink')]' not found
	at com.kms.katalon.core.webui.common.WebUiCommonHelper.findWebElement(WebUiCommonHelper.java:1381)
	at com.kms.katalon.core.webui.keyword.internal.WebUIAbstractKeyword.findWebElement(WebUIAbstractKeyword.groovy:27)
	at com.kms.katalon.core.webui.keyword.builtin.ClickKeyword$_click_closure1.doCall(ClickKeyword.groovy:65)
	at com.kms.katalon.core.webui.keyword.builtin.ClickKeyword$_click_closure1.call(ClickKeyword.groovy)
	at com.kms.katalon.core.webui.keyword.internal.WebUIKeywordMain.runKeyword(WebUIKeywordMain.groovy:20)
	at com.kms.katalon.core.webui.keyword.builtin.ClickKeyword.click(ClickKeyword.groovy:74)
	at com.kms.katalon.core.webui.keyword.builtin.ClickKeyword.execute(ClickKeyword.groovy:40)
	at com.kms.katalon.core.keyword.internal.KeywordExecutor.executeKeywordForPlatform(KeywordExecutor.groovy:74)
	at com.kms.katalon.core.webui.keyword.WebUiBuiltInKeywords.click(WebUiBuiltInKeywords.groovy:608)
	at com.kms.katalon.core.webui.keyword.WebUiBuiltInKeywords$click$5.call(Unknown Source)
	at Script1683558651933.run(Script1683558651933.groovy:32)
	at com.kms.katalon.core.main.ScriptEngine.run(ScriptEngine.java:194)
	at com.kms.katalon.core.main.ScriptEngine.runScriptAsRawText(ScriptEngine.java:119)
	at com.kms.katalon.core.main.TestCaseExecutor.runScript(TestCaseExecutor.java:448)
	at com.kms.katalon.core.main.TestCaseExecutor.doExecute(TestCaseExecutor.java:439)
	at com.kms.katalon.core.main.TestCaseExecutor.processExecutionPhase(TestCaseExecutor.java:418)
	at com.kms.katalon.core.main.TestCaseExecutor.accessMainPhase(TestCaseExecutor.java:410)
	at com.kms.katalon.core.main.TestCaseExecutor.execute(TestCaseExecutor.java:285)
	at com.kms.katalon.core.main.TestCaseMain.runTestCase(TestCaseMain.java:144)
	at com.kms.katalon.core.keyword.builtin.CallTestCaseKeyword$_callTestCase_closure1.doCall(CallTestCaseKeyword.groovy:59)
	at com.kms.katalon.core.keyword.builtin.CallTestCaseKeyword$_callTestCase_closure1.call(CallTestCaseKeyword.groovy)
	at com.kms.katalon.core.keyword.internal.KeywordMain.runKeyword(KeywordMain.groovy:75)
	at com.kms.katalon.core.keyword.builtin.CallTestCaseKeyword.callTestCase(CallTestCaseKeyword.groovy:81)
	at com.kms.katalon.core.keyword.builtin.CallTestCaseKeyword.execute(CallTestCaseKeyword.groovy:44)
	at com.kms.katalon.core.keyword.internal.KeywordExecutor.executeKeywordForPlatform(KeywordExecutor.groovy:74)
	at com.kms.katalon.core.keyword.BuiltinKeywords.callTestCase(BuiltinKeywords.groovy:310)
	at Script1689938677126.run(Script1689938677126.groovy:212)
	... 13 more
)

2024-04-12 00:15:08 - [MESSAGE][INFO] - Unable to find the element located by 'By.xpath: //div[contains(@id,'LoginDetailsInputSet-LoginLink')]'. Please recheck the objects properties to make sure the desired element is located. 

2024-04-12 00:15:08 - [MESSAGE][WARNING] - [SELF-HEALING] Failed to find element with id 'Object Repository/PolicyCenter_Login/div_PC_Login_Link_ClickHereToLogin'. Try using Self-healing.

2024-04-12 00:15:09 - [MESSAGE][INFO] - [SELF-HEALING] No working XPath is found.

2024-04-12 00:15:10 - [MESSAGE][INFO] - Unable to find the element located by 'By.xpath: '. Please recheck the objects properties to make sure the desired element is located. 

2024-04-12 00:15:10 - [MESSAGE][WARNING] - [SELF-HEALING] Cannot find elements when the selector is null

2024-04-12 00:15:10 - [MESSAGE][WARNING] - Unable to click on object 'Object Repository/PolicyCenter_Login/div_PC_Login_Link_ClickHereToLogin' (Root cause: com.kms.katalon.core.exception.StepFailedException: Unable to click on object 'Object Repository/PolicyCenter_Login/div_PC_Login_Link_ClickHereToLogin'
	at com.kms.katalon.core.webui.keyword.internal.WebUIKeywordMain.stepFailed(WebUIKeywordMain.groovy:64)
	at com.kms.katalon.core.webui.keyword.internal.WebUIKeywordMain.runKeyword(WebUIKeywordMain.groovy:26)
	at com.kms.katalon.core.webui.keyword.builtin.ClickKeyword.click(ClickKeyword.groovy:74)
	at com.kms.katalon.core.webui.keyword.builtin.ClickKeyword.execute(ClickKeyword.groovy:40)
	at com.kms.katalon.core.keyword.internal.KeywordExecutor.executeKeywordForPlatform(KeywordExecutor.groovy:74)
	at com.kms.katalon.core.webui.keyword.WebUiBuiltInKeywords.click(WebUiBuiltInKeywords.groovy:608)
	at com.kms.katalon.core.webui.keyword.WebUiBuiltInKeywords$click$5.call(Unknown Source)
	at PC_Login.run(PC_Login:32)
	at com.kms.katalon.core.main.ScriptEngine.run(ScriptEngine.java:194)
	at com.kms.katalon.core.main.ScriptEngine.runScriptAsRawText(ScriptEngine.java:119)
	at com.kms.katalon.core.main.TestCaseExecutor.runScript(TestCaseExecutor.java:448)
	at com.kms.katalon.core.main.TestCaseExecutor.doExecute(TestCaseExecutor.java:439)
	at com.kms.katalon.core.main.TestCaseExecutor.processExecutionPhase(TestCaseExecutor.java:418)
	at com.kms.katalon.core.main.TestCaseExecutor.accessMainPhase(TestCaseExecutor.java:410)
	at com.kms.katalon.core.main.TestCaseExecutor.execute(TestCaseExecutor.java:285)
	at com.kms.katalon.core.main.TestCaseMain.runTestCase(TestCaseMain.java:144)
	at com.kms.katalon.core.keyword.builtin.CallTestCaseKeyword$_callTestCase_closure1.doCall(CallTestCaseKeyword.groovy:59)
	at com.kms.katalon.core.keyword.builtin.CallTestCaseKeyword$_callTestCase_closure1.call(CallTestCaseKeyword.groovy)
	at com.kms.katalon.core.keyword.internal.KeywordMain.runKeyword(KeywordMain.groovy:75)
	at com.kms.katalon.core.keyword.builtin.CallTestCaseKeyword.callTestCase(CallTestCaseKeyword.groovy:81)
	at com.kms.katalon.core.keyword.builtin.CallTestCaseKeyword.execute(CallTestCaseKeyword.groovy:44)
	at com.kms.katalon.core.keyword.internal.KeywordExecutor.executeKeywordForPlatform(KeywordExecutor.groovy:74)
	at com.kms.katalon.core.keyword.BuiltinKeywords.callTestCase(BuiltinKeywords.groovy:310)
	at Portal_SmokeTest_WIState.run(Portal_SmokeTest_WIState:212)
	at com.kms.katalon.core.main.ScriptEngine.run(ScriptEngine.java:194)
	at com.kms.katalon.core.main.ScriptEngine.runScriptAsRawText(ScriptEngine.java:119)
	at com.kms.katalon.core.main.TestCaseExecutor.runScript(TestCaseExecutor.java:448)
	at com.kms.katalon.core.main.TestCaseExecutor.doExecute(TestCaseExecutor.java:439)
	at com.kms.katalon.core.main.TestCaseExecutor.processExecutionPhase(TestCaseExecutor.java:418)
	at com.kms.katalon.core.main.TestCaseExecutor.accessMainPhase(TestCaseExecutor.java:410)
	at com.kms.katalon.core.main.TestCaseExecutor.execute(TestCaseExecutor.java:285)
	at com.kms.katalon.core.common.CommonExecutor.accessTestCaseMainPhase(CommonExecutor.java:65)
	at com.kms.katalon.core.main.TestSuiteExecutor.accessTestSuiteMainPhase(TestSuiteExecutor.java:148)
	at com.kms.katalon.core.main.TestSuiteExecutor.execute(TestSuiteExecutor.java:106)
	at com.kms.katalon.core.main.TestCaseMain.startTestSuite(TestCaseMain.java:187)
	at com.kms.katalon.core.main.TestCaseMain$startTestSuite$0.call(Unknown Source)
	at TempTestSuite1712892562095.run(TempTestSuite1712892562095.groovy:36)
Caused by: com.kms.katalon.core.webui.exception.WebElementNotFoundException: Web element with id: 'Object Repository/PolicyCenter_Login/div_PC_Login_Link_ClickHereToLogin' located by '//div[contains(@id,'LoginDetailsInputSet-LoginLink')]' not found
	at com.kms.katalon.core.webui.common.WebUiCommonHelper.findWebElement(WebUiCommonHelper.java:1381)
	at com.kms.katalon.core.webui.keyword.internal.WebUIAbstractKeyword.findWebElement(WebUIAbstractKeyword.groovy:27)
	at com.kms.katalon.core.webui.keyword.builtin.ClickKeyword$_click_closure1.doCall(ClickKeyword.groovy:65)
	at com.kms.katalon.core.webui.keyword.builtin.ClickKeyword$_click_closure1.call(ClickKeyword.groovy)
	at com.kms.katalon.core.webui.keyword.internal.WebUIKeywordMain.runKeyword(WebUIKeywordMain.groovy:20)
	at com.kms.katalon.core.webui.keyword.builtin.ClickKeyword.click(ClickKeyword.groovy:74)
	at com.kms.katalon.core.webui.keyword.builtin.ClickKeyword.execute(ClickKeyword.groovy:40)
	at com.kms.katalon.core.keyword.internal.KeywordExecutor.executeKeywordForPlatform(KeywordExecutor.groovy:74)
	at com.kms.katalon.core.webui.keyword.WebUiBuiltInKeywords.click(WebUiBuiltInKeywords.groovy:608)
	at com.kms.katalon.core.webui.keyword.WebUiBuiltInKeywords$click$5.call(Unknown Source)
	at Script1683558651933.run(Script1683558651933.groovy:32)
	at com.kms.katalon.core.main.ScriptEngine.run(ScriptEngine.java:194)
	at com.kms.katalon.core.main.ScriptEngine.runScriptAsRawText(ScriptEngine.java:119)
	at com.kms.katalon.core.main.TestCaseExecutor.runScript(TestCaseExecutor.java:448)
	at com.kms.katalon.core.main.TestCaseExecutor.doExecute(TestCaseExecutor.java:439)
	at com.kms.katalon.core.main.TestCaseExecutor.processExecutionPhase(TestCaseExecutor.java:418)
	at com.kms.katalon.core.main.TestCaseExecutor.accessMainPhase(TestCaseExecutor.java:410)
	at com.kms.katalon.core.main.TestCaseExecutor.execute(TestCaseExecutor.java:285)
	at com.kms.katalon.core.main.TestCaseMain.runTestCase(TestCaseMain.java:144)
	at com.kms.katalon.core.keyword.builtin.CallTestCaseKeyword$_callTestCase_closure1.doCall(CallTestCaseKeyword.groovy:59)
	at com.kms.katalon.core.keyword.builtin.CallTestCaseKeyword$_callTestCase_closure1.call(CallTestCaseKeyword.groovy)
	at com.kms.katalon.core.keyword.internal.KeywordMain.runKeyword(KeywordMain.groovy:75)
	at com.kms.katalon.core.keyword.builtin.CallTestCaseKeyword.callTestCase(CallTestCaseKeyword.groovy:81)
	at com.kms.katalon.core.keyword.builtin.CallTestCaseKeyword.execute(CallTestCaseKeyword.groovy:44)
	at com.kms.katalon.core.keyword.internal.KeywordExecutor.executeKeywordForPlatform(KeywordExecutor.groovy:74)
	at com.kms.katalon.core.keyword.BuiltinKeywords.callTestCase(BuiltinKeywords.groovy:310)
	at Script1689938677126.run(Script1689938677126.groovy:212)
	... 13 more
)
[[ATTACHMENT|C:\\Users\\LellKir\\git\\HMIC-Portal\\HMIC-Portal\\HMIC-Portal\\HMIC-Portal\\HMIC-Portal\\HMIC-Portal\\Reports\\20240411_232922\\AgencyPortal_SmokeTest_WC\\20240411_232922\\1712895310748.png]]

2024-04-12 00:15:10 - [TEST_STEP][PASSED] - setText(findTestObject("Object Repository/PolicyCenter_Login/input_PC_Login_TextBox_UserName"), PC_Username): Text 'testuwsup3' is set on object 'Object Repository/PolicyCenter_Login/input_PC_Login_TextBox_UserName'

2024-04-12 00:15:11 - [MESSAGE][PASSED] - Text 'testuwsup3' is set on object 'Object Repository/PolicyCenter_Login/input_PC_Login_TextBox_UserName'

2024-04-12 00:15:11 - [TEST_STEP][PASSED] - setText(findTestObject("Object Repository/PolicyCenter_Login/input_PC_Login_TextBox_Password"), PC_Password): Text 'Guide123Wire' is set on object 'Object Repository/PolicyCenter_Login/input_PC_Login_TextBox_Password'

2024-04-12 00:15:12 - [MESSAGE][PASSED] - Text 'Guide123Wire' is set on object 'Object Repository/PolicyCenter_Login/input_PC_Login_TextBox_Password'

2024-04-12 00:15:12 - [TEST_STEP][PASSED] - takeFullPageScreenshot(): Taking screenshot successfully

2024-04-12 00:15:13 - [MESSAGE][INFO] - 0 hidden object(s)

2024-04-12 00:15:13 - [MESSAGE][PASSED] - Taking screenshot successfully
[[ATTACHMENT|C:\\Users\\LellKir\\git\\HMIC-Portal\\HMIC-Portal\\HMIC-Portal\\HMIC-Portal\\HMIC-Portal\\HMIC-Portal\\Reports\\20240411_232922\\AgencyPortal_SmokeTest_WC\\20240411_232922\\1712895312610.png]]

2024-04-12 00:15:13 - [TEST_STEP][PASSED] - waitForElementVisible(findTestObject("PolicyCenter_Login/input_PC_Login_Button_Login"), 20): Object 'Object Repository/PolicyCenter_Login/input_PC_Login_Button_Login' is visible

2024-04-12 00:15:13 - [MESSAGE][PASSED] - Object 'Object Repository/PolicyCenter_Login/input_PC_Login_Button_Login' is visible

2024-04-12 00:15:13 - [TEST_STEP][PASSED] - click(findTestObject("Object Repository/PolicyCenter_Login/input_PC_Login_Button_Login")): Object: 'Object Repository/PolicyCenter_Login/input_PC_Login_Button_Login' is clicked on

2024-04-12 00:15:14 - [MESSAGE][PASSED] - Object: 'Object Repository/PolicyCenter_Login/input_PC_Login_Button_Login' is clicked on

2024-04-12 00:15:14 - [TEST_STEP][PASSED] - takeFullPageScreenshot(): Taking screenshot successfully

2024-04-12 00:15:14 - [MESSAGE][INFO] - 0 hidden object(s)

2024-04-12 00:15:15 - [MESSAGE][PASSED] - Taking screenshot successfully
[[ATTACHMENT|C:\\Users\\LellKir\\git\\HMIC-Portal\\HMIC-Portal\\HMIC-Portal\\HMIC-Portal\\HMIC-Portal\\HMIC-Portal\\Reports\\20240411_232922\\AgencyPortal_SmokeTest_WC\\20240411_232922\\1712895314338.png]]

2024-04-12 00:15:15 - [TEST_STEP][PASSED] - waitForElementVisible(findTestObject("PolicyCenter/PolicyCenterObjects/PC_Common_Label_Title"), 30): Object 'Object Repository/PolicyCenter/PolicyCenterObjects/PC_Common_Label_Title' is visible

2024-04-12 00:15:20 - [MESSAGE][PASSED] - Object 'Object Repository/PolicyCenter/PolicyCenterObjects/PC_Common_Label_Title' is visible

2024-04-12 00:15:20 - [TEST_STEP][PASSED] - verifyElementVisible(findTestObject("PolicyCenter/PolicyCenterObjects/PC_Common_Label_Title")): Object 'Object Repository/PolicyCenter/PolicyCenterObjects/PC_Common_Label_Title' is visible

2024-04-12 00:15:20 - [MESSAGE][PASSED] - Object 'Object Repository/PolicyCenter/PolicyCenterObjects/PC_Common_Label_Title' is visible

2024-04-12 00:15:20 - [TEST_STEP][PASSED] - takeFullPageScreenshot(): Taking screenshot successfully

2024-04-12 00:15:21 - [MESSAGE][INFO] - 0 hidden object(s)

2024-04-12 00:15:21 - [MESSAGE][PASSED] - Taking screenshot successfully
[[ATTACHMENT|C:\\Users\\LellKir\\git\\HMIC-Portal\\HMIC-Portal\\HMIC-Portal\\HMIC-Portal\\HMIC-Portal\\HMIC-Portal\\Reports\\20240411_232922\\AgencyPortal_SmokeTest_WC\\20240411_232922\\1712895320963.png]]

2024-04-12 00:15:21 - [MESSAGE][PASSED] - Call Test Case 'Test Cases/PolicyCenter_Pages/PC_CommonScreens/PC_Login' successfully

2024-04-12 00:15:21 - [TEST_STEP][PASSED] - SubmissionNumber = SubmissionNumber.replace("Quote No. ", ""): null

2024-04-12 00:15:21 - [TEST_STEP][PASSED] - callTestCase(findTestCase("PolicyCenter_Pages/PC_CommonScreens/PC_SearchSubmission"), ["SubmissionNumber":SubmissionNumber], STOP_ON_FAILURE): Call Test Case 'Test Cases/PolicyCenter_Pages/PC_CommonScreens/PC_SearchSubmission' successfully

2024-04-12 00:15:21 - [TEST_CASE][PASSED] - Test Cases/PolicyCenter_Pages/PC_CommonScreens/PC_SearchSubmission: Test Cases/PolicyCenter_Pages/PC_CommonScreens/PC_SearchSubmission

2024-04-12 00:15:22 - [TEST_STEP][PASSED] - click(findTestObject("PolicyCenter/PolicyCenterObjects/PC_Common_PolicyTab_Button_Arrow")): Object: 'Object Repository/PolicyCenter/PolicyCenterObjects/PC_Common_PolicyTab_Button_Arrow' is clicked on

2024-04-12 00:15:22 - [MESSAGE][PASSED] - Object: 'Object Repository/PolicyCenter/PolicyCenterObjects/PC_Common_PolicyTab_Button_Arrow' is clicked on

2024-04-12 00:15:22 - [TEST_STEP][PASSED] - subNum = SubmissionNumber: null

2024-04-12 00:15:22 - [TEST_STEP][PASSED] - if (subNum.contains("Submission")): null

2024-04-12 00:15:22 - [TEST_STEP][PASSED] - setText(findTestObject("PolicyCenter/PolicyCenterObjects/PC_Common_PolicyTab_TextBox_SubNum"), subNum): Text '0011309828' is set on object 'Object Repository/PolicyCenter/PolicyCenterObjects/PC_Common_PolicyTab_TextBox_SubNum'

2024-04-12 00:15:23 - [MESSAGE][PASSED] - Text '0011309828' is set on object 'Object Repository/PolicyCenter/PolicyCenterObjects/PC_Common_PolicyTab_TextBox_SubNum'

2024-04-12 00:15:23 - [TEST_STEP][PASSED] - click(findTestObject("PolicyCenter/PolicyCenterObjects/PC_Common_PolicyTab_Button_SubSearchIcon")): Object: 'Object Repository/PolicyCenter/PolicyCenterObjects/PC_Common_PolicyTab_Button_SubSearchIcon' is clicked on

2024-04-12 00:15:24 - [MESSAGE][PASSED] - Object: 'Object Repository/PolicyCenter/PolicyCenterObjects/PC_Common_PolicyTab_Button_SubSearchIcon' is clicked on

2024-04-12 00:15:24 - [TEST_STEP][PASSED] - waitForPageLoad(20): Wait for page load successfully

2024-04-12 00:15:24 - [MESSAGE][PASSED] - Wait for page load successfully

2024-04-12 00:15:24 - [MESSAGE][PASSED] - Call Test Case 'Test Cases/PolicyCenter_Pages/PC_CommonScreens/PC_SearchSubmission' successfully

2024-04-12 00:15:24 - [TEST_STEP][PASSED] - click(findTestObject("PolicyCenter/PolicyCenterObjects/PC_Common_LeftPanel_RiskAnalysis")): Object: 'Object Repository/PolicyCenter/PolicyCenterObjects/PC_Common_LeftPanel_RiskAnalysis' is clicked on

2024-04-12 00:15:26 - [MESSAGE][PASSED] - Object: 'Object Repository/PolicyCenter/PolicyCenterObjects/PC_Common_LeftPanel_RiskAnalysis' is clicked on

2024-04-12 00:15:26 - [TEST_STEP][PASSED] - verifyElementText(findTestObject("PolicyCenter/PolicyCenterObjects/PC_Common_Label_Title"), "Risk Analysis"): Actual text and expected text of test object 'Object Repository/PolicyCenter/PolicyCenterObjects/PC_Common_Label_Title' are matched.

2024-04-12 00:15:28 - [MESSAGE][PASSED] - Actual text and expected text of test object 'Object Repository/PolicyCenter/PolicyCenterObjects/PC_Common_Label_Title' are matched.

2024-04-12 00:15:28 - [TEST_STEP][PASSED] - callTestCase(findTestCase("PolicyCenter_Pages/PC_CommonScreens/PC_RiskAnalysisScreen_ApproveUWIssues"), [:], STOP_ON_FAILURE): Call Test Case 'Test Cases/PolicyCenter_Pages/PC_CommonScreens/PC_RiskAnalysisScreen_ApproveUWIssues' successfully

2024-04-12 00:15:28 - [TEST_CASE][PASSED] - Test Cases/PolicyCenter_Pages/PC_CommonScreens/PC_RiskAnalysisScreen_ApproveUWIssues: Test Cases/PolicyCenter_Pages/PC_CommonScreens/PC_RiskAnalysisScreen_ApproveUWIssues

2024-04-12 00:15:29 - [TEST_STEP][PASSED] - click(findTestObject("PolicyCenter/PolicyCenterObjects/PC_Common_Label_Title")): Object: 'Object Repository/PolicyCenter/PolicyCenterObjects/PC_Common_Label_Title' is clicked on

2024-04-12 00:15:29 - [MESSAGE][PASSED] - Object: 'Object Repository/PolicyCenter/PolicyCenterObjects/PC_Common_Label_Title' is clicked on

2024-04-12 00:15:29 - [TEST_STEP][PASSED] - TitleName = getText(findTestObject("PolicyCenter/PolicyCenterObjects/PC_Common_Label_Title")): Text of object 'Object Repository/PolicyCenter/PolicyCenterObjects/PC_Common_Label_Title' is: 'Risk Analysis'

2024-04-12 00:15:29 - [MESSAGE][PASSED] - Text of object 'Object Repository/PolicyCenter/PolicyCenterObjects/PC_Common_Label_Title' is: 'Risk Analysis'

2024-04-12 00:15:29 - [TEST_STEP][PASSED] - if (TitleName.contains("Risk Analysis")): No alert found (Root cause: com.kms.katalon.core.exception.StepFailedException: No alert found
	at com.kms.katalon.core.webui.keyword.internal.WebUIKeywordMain.stepFailed(WebUIKeywordMain.groovy:64)
	at com.kms.katalon.core.webui.keyword.builtin.AcceptAlertKeyword$_acceptAlert_closure1.doCall(AcceptAlertKeyword.groovy:78)
	at com.kms.katalon.core.webui.keyword.builtin.AcceptAlertKeyword$_acceptAlert_closure1.call(AcceptAlertKeyword.groovy)
	at com.kms.katalon.core.webui.keyword.internal.WebUIKeywordMain.runKeyword(WebUIKeywordMain.groovy:20)
	at com.kms.katalon.core.webui.keyword.builtin.AcceptAlertKeyword.acceptAlert(AcceptAlertKeyword.groovy:71)
	at com.kms.katalon.core.webui.keyword.builtin.AcceptAlertKeyword.execute(AcceptAlertKeyword.groovy:66)
	at com.kms.katalon.core.keyword.internal.KeywordExecutor.executeKeywordForPlatform(KeywordExecutor.groovy:74)
	at com.kms.katalon.core.webui.keyword.WebUiBuiltInKeywords.acceptAlert(WebUiBuiltInKeywords.groovy:1510)
	at com.kms.katalon.core.webui.keyword.WebUiBuiltInKeywords$acceptAlert$18.call(Unknown Source)
	at PC_RiskAnalysisScreen_ApproveUWIssues.run(PC_RiskAnalysisScreen_ApproveUWIssues:70)
	at com.kms.katalon.core.main.ScriptEngine.run(ScriptEngine.java:194)
	at com.kms.katalon.core.main.ScriptEngine.runScriptAsRawText(ScriptEngine.java:119)
	at com.kms.katalon.core.main.TestCaseExecutor.runScript(TestCaseExecutor.java:448)
	at com.kms.katalon.core.main.TestCaseExecutor.doExecute(TestCaseExecutor.java:439)
	at com.kms.katalon.core.main.TestCaseExecutor.processExecutionPhase(TestCaseExecutor.java:418)
	at com.kms.katalon.core.main.TestCaseExecutor.accessMainPhase(TestCaseExecutor.java:410)
	at com.kms.katalon.core.main.TestCaseExecutor.execute(TestCaseExecutor.java:285)
	at com.kms.katalon.core.main.TestCaseMain.runTestCase(TestCaseMain.java:144)
	at com.kms.katalon.core.keyword.builtin.CallTestCaseKeyword$_callTestCase_closure1.doCall(CallTestCaseKeyword.groovy:59)
	at com.kms.katalon.core.keyword.builtin.CallTestCaseKeyword$_callTestCase_closure1.call(CallTestCaseKeyword.groovy)
	at com.kms.katalon.core.keyword.internal.KeywordMain.runKeyword(KeywordMain.groovy:75)
	at com.kms.katalon.core.keyword.builtin.CallTestCaseKeyword.callTestCase(CallTestCaseKeyword.groovy:81)
	at com.kms.katalon.core.keyword.builtin.CallTestCaseKeyword.execute(CallTestCaseKeyword.groovy:44)
	at com.kms.katalon.core.keyword.internal.KeywordExecutor.executeKeywordForPlatform(KeywordExecutor.groovy:74)
	at com.kms.katalon.core.keyword.BuiltinKeywords.callTestCase(BuiltinKeywords.groovy:310)
	at Portal_SmokeTest_WIState.run(Portal_SmokeTest_WIState:224)
	at com.kms.katalon.core.main.ScriptEngine.run(ScriptEngine.java:194)
	at com.kms.katalon.core.main.ScriptEngine.runScriptAsRawText(ScriptEngine.java:119)
	at com.kms.katalon.core.main.TestCaseExecutor.runScript(TestCaseExecutor.java:448)
	at com.kms.katalon.core.main.TestCaseExecutor.doExecute(TestCaseExecutor.java:439)
	at com.kms.katalon.core.main.TestCaseExecutor.processExecutionPhase(TestCaseExecutor.java:418)
	at com.kms.katalon.core.main.TestCaseExecutor.accessMainPhase(TestCaseExecutor.java:410)
	at com.kms.katalon.core.main.TestCaseExecutor.execute(TestCaseExecutor.java:285)
	at com.kms.katalon.core.common.CommonExecutor.accessTestCaseMainPhase(CommonExecutor.java:65)
	at com.kms.katalon.core.main.TestSuiteExecutor.accessTestSuiteMainPhase(TestSuiteExecutor.java:148)
	at com.kms.katalon.core.main.TestSuiteExecutor.execute(TestSuiteExecutor.java:106)
	at com.kms.katalon.core.main.TestCaseMain.startTestSuite(TestCaseMain.java:187)
	at com.kms.katalon.core.main.TestCaseMain$startTestSuite$0.call(Unknown Source)
	at TempTestSuite1712892562095.run(TempTestSuite1712892562095.groovy:36)
)

2024-04-12 00:15:29 - [TEST_STEP][PASSED] - verifyElementText(findTestObject("PolicyCenter/PolicyCenterObjects/PC_Common_Label_Title"), "Risk Analysis"): Actual text and expected text of test object 'Object Repository/PolicyCenter/PolicyCenterObjects/PC_Common_Label_Title' are matched.

2024-04-12 00:15:30 - [MESSAGE][PASSED] - Actual text and expected text of test object 'Object Repository/PolicyCenter/PolicyCenterObjects/PC_Common_Label_Title' are matched.

2024-04-12 00:15:30 - [TEST_STEP][PASSED] - eleSpecialApprove = false: null

2024-04-12 00:15:30 - [TEST_STEP][PASSED] - eleSpecialApprove = verifyElementPresent(findTestObject("PolicyCenter/PolicyCenterObjects/PC_RiskAnalysis_Button_SpecialApprove"), 5, OPTIONAL): com.kms.katalon.core.webui.exception.WebElementNotFoundException: Web element with id: 'Object Repository/PolicyCenter/PolicyCenterObjects/PC_RiskAnalysis_Button_SpecialApprove' located by '//div[contains(@id,'UWIssueRowSet-SpecialApprove')]' not found (Root cause: com.kms.katalon.core.exception.StepFailedException: com.kms.katalon.core.webui.exception.WebElementNotFoundException: Web element with id: 'Object Repository/PolicyCenter/PolicyCenterObjects/PC_RiskAnalysis_Button_SpecialApprove' located by '//div[contains(@id,'UWIssueRowSet-SpecialApprove')]' not found
	at com.kms.katalon.core.webui.keyword.internal.WebUIKeywordMain.stepFailed(WebUIKeywordMain.groovy:64)
	at com.kms.katalon.core.webui.keyword.builtin.VerifyElementPresentKeyword$_verifyElementPresent_closure1.doCall(VerifyElementPresentKeyword.groovy:85)
	at com.kms.katalon.core.webui.keyword.builtin.VerifyElementPresentKeyword$_verifyElementPresent_closure1.call(VerifyElementPresentKeyword.groovy)
	at com.kms.katalon.core.webui.keyword.internal.WebUIKeywordMain.runKeyword(WebUIKeywordMain.groovy:20)
	at com.kms.katalon.core.webui.keyword.builtin.VerifyElementPresentKeyword.verifyElementPresent(VerifyElementPresentKeyword.groovy:92)
	at com.kms.katalon.core.webui.keyword.builtin.VerifyElementPresentKeyword.execute(VerifyElementPresentKeyword.groovy:68)
	at com.kms.katalon.core.keyword.internal.KeywordExecutor.executeKeywordForPlatform(KeywordExecutor.groovy:74)
	at com.kms.katalon.core.webui.keyword.WebUiBuiltInKeywords.verifyElementPresent(WebUiBuiltInKeywords.groovy:1448)
	at com.kms.katalon.core.webui.keyword.WebUiBuiltInKeywords$verifyElementPresent$17.call(Unknown Source)
	at PC_RiskAnalysisScreen_ApproveUWIssues.run(PC_RiskAnalysisScreen_ApproveUWIssues:29)
	at com.kms.katalon.core.main.ScriptEngine.run(ScriptEngine.java:194)
	at com.kms.katalon.core.main.ScriptEngine.runScriptAsRawText(ScriptEngine.java:119)
	at com.kms.katalon.core.main.TestCaseExecutor.runScript(TestCaseExecutor.java:448)
	at com.kms.katalon.core.main.TestCaseExecutor.doExecute(TestCaseExecutor.java:439)
	at com.kms.katalon.core.main.TestCaseExecutor.processExecutionPhase(TestCaseExecutor.java:418)
	at com.kms.katalon.core.main.TestCaseExecutor.accessMainPhase(TestCaseExecutor.java:410)
	at com.kms.katalon.core.main.TestCaseExecutor.execute(TestCaseExecutor.java:285)
	at com.kms.katalon.core.main.TestCaseMain.runTestCase(TestCaseMain.java:144)
	at com.kms.katalon.core.keyword.builtin.CallTestCaseKeyword$_callTestCase_closure1.doCall(CallTestCaseKeyword.groovy:59)
	at com.kms.katalon.core.keyword.builtin.CallTestCaseKeyword$_callTestCase_closure1.call(CallTestCaseKeyword.groovy)
	at com.kms.katalon.core.keyword.internal.KeywordMain.runKeyword(KeywordMain.groovy:75)
	at com.kms.katalon.core.keyword.builtin.CallTestCaseKeyword.callTestCase(CallTestCaseKeyword.groovy:81)
	at com.kms.katalon.core.keyword.builtin.CallTestCaseKeyword.execute(CallTestCaseKeyword.groovy:44)
	at com.kms.katalon.core.keyword.internal.KeywordExecutor.executeKeywordForPlatform(KeywordExecutor.groovy:74)
	at com.kms.katalon.core.keyword.BuiltinKeywords.callTestCase(BuiltinKeywords.groovy:310)
	at Portal_SmokeTest_WIState.run(Portal_SmokeTest_WIState:224)
	at com.kms.katalon.core.main.ScriptEngine.run(ScriptEngine.java:194)
	at com.kms.katalon.core.main.ScriptEngine.runScriptAsRawText(ScriptEngine.java:119)
	at com.kms.katalon.core.main.TestCaseExecutor.runScript(TestCaseExecutor.java:448)
	at com.kms.katalon.core.main.TestCaseExecutor.doExecute(TestCaseExecutor.java:439)
	at com.kms.katalon.core.main.TestCaseExecutor.processExecutionPhase(TestCaseExecutor.java:418)
	at com.kms.katalon.core.main.TestCaseExecutor.accessMainPhase(TestCaseExecutor.java:410)
	at com.kms.katalon.core.main.TestCaseExecutor.execute(TestCaseExecutor.java:285)
	at com.kms.katalon.core.common.CommonExecutor.accessTestCaseMainPhase(CommonExecutor.java:65)
	at com.kms.katalon.core.main.TestSuiteExecutor.accessTestSuiteMainPhase(TestSuiteExecutor.java:148)
	at com.kms.katalon.core.main.TestSuiteExecutor.execute(TestSuiteExecutor.java:106)
	at com.kms.katalon.core.main.TestCaseMain.startTestSuite(TestCaseMain.java:187)
	at com.kms.katalon.core.main.TestCaseMain$startTestSuite$0.call(Unknown Source)
	at TempTestSuite1712892562095.run(TempTestSuite1712892562095.groovy:36)
)

2024-04-12 00:15:36 - [MESSAGE][INFO] - Unable to find the element located by 'By.xpath: //div[contains(@id,'UWIssueRowSet-SpecialApprove')]'. Please recheck the objects properties to make sure the desired element is located. 

2024-04-12 00:15:36 - [MESSAGE][WARNING] - com.kms.katalon.core.webui.exception.WebElementNotFoundException: Web element with id: 'Object Repository/PolicyCenter/PolicyCenterObjects/PC_RiskAnalysis_Button_SpecialApprove' located by '//div[contains(@id,'UWIssueRowSet-SpecialApprove')]' not found (Root cause: com.kms.katalon.core.exception.StepFailedException: com.kms.katalon.core.webui.exception.WebElementNotFoundException: Web element with id: 'Object Repository/PolicyCenter/PolicyCenterObjects/PC_RiskAnalysis_Button_SpecialApprove' located by '//div[contains(@id,'UWIssueRowSet-SpecialApprove')]' not found
	at com.kms.katalon.core.webui.keyword.internal.WebUIKeywordMain.stepFailed(WebUIKeywordMain.groovy:64)
	at com.kms.katalon.core.webui.keyword.builtin.VerifyElementPresentKeyword$_verifyElementPresent_closure1.doCall(VerifyElementPresentKeyword.groovy:85)
	at com.kms.katalon.core.webui.keyword.builtin.VerifyElementPresentKeyword$_verifyElementPresent_closure1.call(VerifyElementPresentKeyword.groovy)
	at com.kms.katalon.core.webui.keyword.internal.WebUIKeywordMain.runKeyword(WebUIKeywordMain.groovy:20)
	at com.kms.katalon.core.webui.keyword.builtin.VerifyElementPresentKeyword.verifyElementPresent(VerifyElementPresentKeyword.groovy:92)
	at com.kms.katalon.core.webui.keyword.builtin.VerifyElementPresentKeyword.execute(VerifyElementPresentKeyword.groovy:68)
	at com.kms.katalon.core.keyword.internal.KeywordExecutor.executeKeywordForPlatform(KeywordExecutor.groovy:74)
	at com.kms.katalon.core.webui.keyword.WebUiBuiltInKeywords.verifyElementPresent(WebUiBuiltInKeywords.groovy:1448)
	at com.kms.katalon.core.webui.keyword.WebUiBuiltInKeywords$verifyElementPresent$17.call(Unknown Source)
	at PC_RiskAnalysisScreen_ApproveUWIssues.run(PC_RiskAnalysisScreen_ApproveUWIssues:29)
	at com.kms.katalon.core.main.ScriptEngine.run(ScriptEngine.java:194)
	at com.kms.katalon.core.main.ScriptEngine.runScriptAsRawText(ScriptEngine.java:119)
	at com.kms.katalon.core.main.TestCaseExecutor.runScript(TestCaseExecutor.java:448)
	at com.kms.katalon.core.main.TestCaseExecutor.doExecute(TestCaseExecutor.java:439)
	at com.kms.katalon.core.main.TestCaseExecutor.processExecutionPhase(TestCaseExecutor.java:418)
	at com.kms.katalon.core.main.TestCaseExecutor.accessMainPhase(TestCaseExecutor.java:410)
	at com.kms.katalon.core.main.TestCaseExecutor.execute(TestCaseExecutor.java:285)
	at com.kms.katalon.core.main.TestCaseMain.runTestCase(TestCaseMain.java:144)
	at com.kms.katalon.core.keyword.builtin.CallTestCaseKeyword$_callTestCase_closure1.doCall(CallTestCaseKeyword.groovy:59)
	at com.kms.katalon.core.keyword.builtin.CallTestCaseKeyword$_callTestCase_closure1.call(CallTestCaseKeyword.groovy)
	at com.kms.katalon.core.keyword.internal.KeywordMain.runKeyword(KeywordMain.groovy:75)
	at com.kms.katalon.core.keyword.builtin.CallTestCaseKeyword.callTestCase(CallTestCaseKeyword.groovy:81)
	at com.kms.katalon.core.keyword.builtin.CallTestCaseKeyword.execute(CallTestCaseKeyword.groovy:44)
	at com.kms.katalon.core.keyword.internal.KeywordExecutor.executeKeywordForPlatform(KeywordExecutor.groovy:74)
	at com.kms.katalon.core.keyword.BuiltinKeywords.callTestCase(BuiltinKeywords.groovy:310)
	at Portal_SmokeTest_WIState.run(Portal_SmokeTest_WIState:224)
	at com.kms.katalon.core.main.ScriptEngine.run(ScriptEngine.java:194)
	at com.kms.katalon.core.main.ScriptEngine.runScriptAsRawText(ScriptEngine.java:119)
	at com.kms.katalon.core.main.TestCaseExecutor.runScript(TestCaseExecutor.java:448)
	at com.kms.katalon.core.main.TestCaseExecutor.doExecute(TestCaseExecutor.java:439)
	at com.kms.katalon.core.main.TestCaseExecutor.processExecutionPhase(TestCaseExecutor.java:418)
	at com.kms.katalon.core.main.TestCaseExecutor.accessMainPhase(TestCaseExecutor.java:410)
	at com.kms.katalon.core.main.TestCaseExecutor.execute(TestCaseExecutor.java:285)
	at com.kms.katalon.core.common.CommonExecutor.accessTestCaseMainPhase(CommonExecutor.java:65)
	at com.kms.katalon.core.main.TestSuiteExecutor.accessTestSuiteMainPhase(TestSuiteExecutor.java:148)
	at com.kms.katalon.core.main.TestSuiteExecutor.execute(TestSuiteExecutor.java:106)
	at com.kms.katalon.core.main.TestCaseMain.startTestSuite(TestCaseMain.java:187)
	at com.kms.katalon.core.main.TestCaseMain$startTestSuite$0.call(Unknown Source)
	at TempTestSuite1712892562095.run(TempTestSuite1712892562095.groovy:36)
)
[[ATTACHMENT|C:\\Users\\LellKir\\git\\HMIC-Portal\\HMIC-Portal\\HMIC-Portal\\HMIC-Portal\\HMIC-Portal\\HMIC-Portal\\Reports\\20240411_232922\\AgencyPortal_SmokeTest_WC\\20240411_232922\\1712895336626.png]]

2024-04-12 00:15:36 - [TEST_STEP][PASSED] - if (eleSpecialApprove.equals(true)): null

2024-04-12 00:15:36 - [TEST_STEP][PASSED] - eleApprove = false: null

2024-04-12 00:15:36 - [TEST_STEP][PASSED] - eleApprove = verifyElementPresent(findTestObject("Object Repository/PolicyCenter/PolicyCenterObjects/PC_RiskAnalysis_Button_Approve"), 5, OPTIONAL): Object 'Object Repository/PolicyCenter/PolicyCenterObjects/PC_RiskAnalysis_Button_Approve' is present

2024-04-12 00:15:37 - [MESSAGE][PASSED] - Object 'Object Repository/PolicyCenter/PolicyCenterObjects/PC_RiskAnalysis_Button_Approve' is present

2024-04-12 00:15:37 - [TEST_STEP][PASSED] - if (eleApprove.equals(true)): No alert found (Root cause: com.kms.katalon.core.exception.StepFailedException: No alert found
	at com.kms.katalon.core.webui.keyword.internal.WebUIKeywordMain.stepFailed(WebUIKeywordMain.groovy:64)
	at com.kms.katalon.core.webui.keyword.builtin.AcceptAlertKeyword$_acceptAlert_closure1.doCall(AcceptAlertKeyword.groovy:78)
	at com.kms.katalon.core.webui.keyword.builtin.AcceptAlertKeyword$_acceptAlert_closure1.call(AcceptAlertKeyword.groovy)
	at com.kms.katalon.core.webui.keyword.internal.WebUIKeywordMain.runKeyword(WebUIKeywordMain.groovy:20)
	at com.kms.katalon.core.webui.keyword.builtin.AcceptAlertKeyword.acceptAlert(AcceptAlertKeyword.groovy:71)
	at com.kms.katalon.core.webui.keyword.builtin.AcceptAlertKeyword.execute(AcceptAlertKeyword.groovy:66)
	at com.kms.katalon.core.keyword.internal.KeywordExecutor.executeKeywordForPlatform(KeywordExecutor.groovy:74)
	at com.kms.katalon.core.webui.keyword.WebUiBuiltInKeywords.acceptAlert(WebUiBuiltInKeywords.groovy:1510)
	at com.kms.katalon.core.webui.keyword.WebUiBuiltInKeywords$acceptAlert$18.call(Unknown Source)
	at PC_RiskAnalysisScreen_ApproveUWIssues.run(PC_RiskAnalysisScreen_ApproveUWIssues:70)
	at com.kms.katalon.core.main.ScriptEngine.run(ScriptEngine.java:194)
	at com.kms.katalon.core.main.ScriptEngine.runScriptAsRawText(ScriptEngine.java:119)
	at com.kms.katalon.core.main.TestCaseExecutor.runScript(TestCaseExecutor.java:448)
	at com.kms.katalon.core.main.TestCaseExecutor.doExecute(TestCaseExecutor.java:439)
	at com.kms.katalon.core.main.TestCaseExecutor.processExecutionPhase(TestCaseExecutor.java:418)
	at com.kms.katalon.core.main.TestCaseExecutor.accessMainPhase(TestCaseExecutor.java:410)
	at com.kms.katalon.core.main.TestCaseExecutor.execute(TestCaseExecutor.java:285)
	at com.kms.katalon.core.main.TestCaseMain.runTestCase(TestCaseMain.java:144)
	at com.kms.katalon.core.keyword.builtin.CallTestCaseKeyword$_callTestCase_closure1.doCall(CallTestCaseKeyword.groovy:59)
	at com.kms.katalon.core.keyword.builtin.CallTestCaseKeyword$_callTestCase_closure1.call(CallTestCaseKeyword.groovy)
	at com.kms.katalon.core.keyword.internal.KeywordMain.runKeyword(KeywordMain.groovy:75)
	at com.kms.katalon.core.keyword.builtin.CallTestCaseKeyword.callTestCase(CallTestCaseKeyword.groovy:81)
	at com.kms.katalon.core.keyword.builtin.CallTestCaseKeyword.execute(CallTestCaseKeyword.groovy:44)
	at com.kms.katalon.core.keyword.internal.KeywordExecutor.executeKeywordForPlatform(KeywordExecutor.groovy:74)
	at com.kms.katalon.core.keyword.BuiltinKeywords.callTestCase(BuiltinKeywords.groovy:310)
	at Portal_SmokeTest_WIState.run(Portal_SmokeTest_WIState:224)
	at com.kms.katalon.core.main.ScriptEngine.run(ScriptEngine.java:194)
	at com.kms.katalon.core.main.ScriptEngine.runScriptAsRawText(ScriptEngine.java:119)
	at com.kms.katalon.core.main.TestCaseExecutor.runScript(TestCaseExecutor.java:448)
	at com.kms.katalon.core.main.TestCaseExecutor.doExecute(TestCaseExecutor.java:439)
	at com.kms.katalon.core.main.TestCaseExecutor.processExecutionPhase(TestCaseExecutor.java:418)
	at com.kms.katalon.core.main.TestCaseExecutor.accessMainPhase(TestCaseExecutor.java:410)
	at com.kms.katalon.core.main.TestCaseExecutor.execute(TestCaseExecutor.java:285)
	at com.kms.katalon.core.common.CommonExecutor.accessTestCaseMainPhase(CommonExecutor.java:65)
	at com.kms.katalon.core.main.TestSuiteExecutor.accessTestSuiteMainPhase(TestSuiteExecutor.java:148)
	at com.kms.katalon.core.main.TestSuiteExecutor.execute(TestSuiteExecutor.java:106)
	at com.kms.katalon.core.main.TestCaseMain.startTestSuite(TestCaseMain.java:187)
	at com.kms.katalon.core.main.TestCaseMain$startTestSuite$0.call(Unknown Source)
	at TempTestSuite1712892562095.run(TempTestSuite1712892562095.groovy:36)
)

2024-04-12 00:15:37 - [TEST_STEP][PASSED] - approveButton = findWebElements(findTestObject("Object Repository/PolicyCenter/PolicyCenterObjects/PC_RiskAnalysis_Button_Approve"), 30): null

2024-04-12 00:15:37 - [TEST_STEP][PASSED] - approveSize = approveButton.size(): null

2024-04-12 00:15:37 - [TEST_STEP][PASSED] - for ([i = 0, i < approveSize, (i++)]): No alert found (Root cause: com.kms.katalon.core.exception.StepFailedException: No alert found
	at com.kms.katalon.core.webui.keyword.internal.WebUIKeywordMain.stepFailed(WebUIKeywordMain.groovy:64)
	at com.kms.katalon.core.webui.keyword.builtin.AcceptAlertKeyword$_acceptAlert_closure1.doCall(AcceptAlertKeyword.groovy:78)
	at com.kms.katalon.core.webui.keyword.builtin.AcceptAlertKeyword$_acceptAlert_closure1.call(AcceptAlertKeyword.groovy)
	at com.kms.katalon.core.webui.keyword.internal.WebUIKeywordMain.runKeyword(WebUIKeywordMain.groovy:20)
	at com.kms.katalon.core.webui.keyword.builtin.AcceptAlertKeyword.acceptAlert(AcceptAlertKeyword.groovy:71)
	at com.kms.katalon.core.webui.keyword.builtin.AcceptAlertKeyword.execute(AcceptAlertKeyword.groovy:66)
	at com.kms.katalon.core.keyword.internal.KeywordExecutor.executeKeywordForPlatform(KeywordExecutor.groovy:74)
	at com.kms.katalon.core.webui.keyword.WebUiBuiltInKeywords.acceptAlert(WebUiBuiltInKeywords.groovy:1510)
	at com.kms.katalon.core.webui.keyword.WebUiBuiltInKeywords$acceptAlert$18.call(Unknown Source)
	at PC_RiskAnalysisScreen_ApproveUWIssues.run(PC_RiskAnalysisScreen_ApproveUWIssues:70)
	at com.kms.katalon.core.main.ScriptEngine.run(ScriptEngine.java:194)
	at com.kms.katalon.core.main.ScriptEngine.runScriptAsRawText(ScriptEngine.java:119)
	at com.kms.katalon.core.main.TestCaseExecutor.runScript(TestCaseExecutor.java:448)
	at com.kms.katalon.core.main.TestCaseExecutor.doExecute(TestCaseExecutor.java:439)
	at com.kms.katalon.core.main.TestCaseExecutor.processExecutionPhase(TestCaseExecutor.java:418)
	at com.kms.katalon.core.main.TestCaseExecutor.accessMainPhase(TestCaseExecutor.java:410)
	at com.kms.katalon.core.main.TestCaseExecutor.execute(TestCaseExecutor.java:285)
	at com.kms.katalon.core.main.TestCaseMain.runTestCase(TestCaseMain.java:144)
	at com.kms.katalon.core.keyword.builtin.CallTestCaseKeyword$_callTestCase_closure1.doCall(CallTestCaseKeyword.groovy:59)
	at com.kms.katalon.core.keyword.builtin.CallTestCaseKeyword$_callTestCase_closure1.call(CallTestCaseKeyword.groovy)
	at com.kms.katalon.core.keyword.internal.KeywordMain.runKeyword(KeywordMain.groovy:75)
	at com.kms.katalon.core.keyword.builtin.CallTestCaseKeyword.callTestCase(CallTestCaseKeyword.groovy:81)
	at com.kms.katalon.core.keyword.builtin.CallTestCaseKeyword.execute(CallTestCaseKeyword.groovy:44)
	at com.kms.katalon.core.keyword.internal.KeywordExecutor.executeKeywordForPlatform(KeywordExecutor.groovy:74)
	at com.kms.katalon.core.keyword.BuiltinKeywords.callTestCase(BuiltinKeywords.groovy:310)
	at Portal_SmokeTest_WIState.run(Portal_SmokeTest_WIState:224)
	at com.kms.katalon.core.main.ScriptEngine.run(ScriptEngine.java:194)
	at com.kms.katalon.core.main.ScriptEngine.runScriptAsRawText(ScriptEngine.java:119)
	at com.kms.katalon.core.main.TestCaseExecutor.runScript(TestCaseExecutor.java:448)
	at com.kms.katalon.core.main.TestCaseExecutor.doExecute(TestCaseExecutor.java:439)
	at com.kms.katalon.core.main.TestCaseExecutor.processExecutionPhase(TestCaseExecutor.java:418)
	at com.kms.katalon.core.main.TestCaseExecutor.accessMainPhase(TestCaseExecutor.java:410)
	at com.kms.katalon.core.main.TestCaseExecutor.execute(TestCaseExecutor.java:285)
	at com.kms.katalon.core.common.CommonExecutor.accessTestCaseMainPhase(CommonExecutor.java:65)
	at com.kms.katalon.core.main.TestSuiteExecutor.accessTestSuiteMainPhase(TestSuiteExecutor.java:148)
	at com.kms.katalon.core.main.TestSuiteExecutor.execute(TestSuiteExecutor.java:106)
	at com.kms.katalon.core.main.TestCaseMain.startTestSuite(TestCaseMain.java:187)
	at com.kms.katalon.core.main.TestCaseMain$startTestSuite$0.call(Unknown Source)
	at TempTestSuite1712892562095.run(TempTestSuite1712892562095.groovy:36)
)

2024-04-12 00:15:37 - [TEST_STEP][PASSED] - click(findTestObject("Object Repository/PolicyCenter/PolicyCenterObjects/PC_RiskAnalysis_Button_Approve")): Object: 'Object Repository/PolicyCenter/PolicyCenterObjects/PC_RiskAnalysis_Button_Approve' is clicked on

2024-04-12 00:15:37 - [MESSAGE][PASSED] - Object: 'Object Repository/PolicyCenter/PolicyCenterObjects/PC_RiskAnalysis_Button_Approve' is clicked on

2024-04-12 00:15:37 - [TEST_STEP][PASSED] - verifyElementText(findTestObject("PolicyCenter/PolicyCenterObjects/PC_Common_Label_Title"), "Risk Approval Details"): Actual text and expected text of test object 'Object Repository/PolicyCenter/PolicyCenterObjects/PC_Common_Label_Title' are matched.

2024-04-12 00:15:38 - [MESSAGE][PASSED] - Actual text and expected text of test object 'Object Repository/PolicyCenter/PolicyCenterObjects/PC_Common_Label_Title' are matched.

2024-04-12 00:15:38 - [TEST_STEP][PASSED] - click(findTestObject("Object Repository/PolicyCenter/PolicyCenterObjects/PC_RiskAnalysis_Button_OK")): Object: 'Object Repository/PolicyCenter/PolicyCenterObjects/PC_RiskAnalysis_Button_OK' is clicked on

2024-04-12 00:15:39 - [MESSAGE][PASSED] - Object: 'Object Repository/PolicyCenter/PolicyCenterObjects/PC_RiskAnalysis_Button_OK' is clicked on

2024-04-12 00:15:39 - [TEST_STEP][PASSED] - acceptAlert(OPTIONAL): No alert found (Root cause: com.kms.katalon.core.exception.StepFailedException: No alert found
	at com.kms.katalon.core.webui.keyword.internal.WebUIKeywordMain.stepFailed(WebUIKeywordMain.groovy:64)
	at com.kms.katalon.core.webui.keyword.builtin.AcceptAlertKeyword$_acceptAlert_closure1.doCall(AcceptAlertKeyword.groovy:78)
	at com.kms.katalon.core.webui.keyword.builtin.AcceptAlertKeyword$_acceptAlert_closure1.call(AcceptAlertKeyword.groovy)
	at com.kms.katalon.core.webui.keyword.internal.WebUIKeywordMain.runKeyword(WebUIKeywordMain.groovy:20)
	at com.kms.katalon.core.webui.keyword.builtin.AcceptAlertKeyword.acceptAlert(AcceptAlertKeyword.groovy:71)
	at com.kms.katalon.core.webui.keyword.builtin.AcceptAlertKeyword.execute(AcceptAlertKeyword.groovy:66)
	at com.kms.katalon.core.keyword.internal.KeywordExecutor.executeKeywordForPlatform(KeywordExecutor.groovy:74)
	at com.kms.katalon.core.webui.keyword.WebUiBuiltInKeywords.acceptAlert(WebUiBuiltInKeywords.groovy:1510)
	at com.kms.katalon.core.webui.keyword.WebUiBuiltInKeywords$acceptAlert$18.call(Unknown Source)
	at PC_RiskAnalysisScreen_ApproveUWIssues.run(PC_RiskAnalysisScreen_ApproveUWIssues:70)
	at com.kms.katalon.core.main.ScriptEngine.run(ScriptEngine.java:194)
	at com.kms.katalon.core.main.ScriptEngine.runScriptAsRawText(ScriptEngine.java:119)
	at com.kms.katalon.core.main.TestCaseExecutor.runScript(TestCaseExecutor.java:448)
	at com.kms.katalon.core.main.TestCaseExecutor.doExecute(TestCaseExecutor.java:439)
	at com.kms.katalon.core.main.TestCaseExecutor.processExecutionPhase(TestCaseExecutor.java:418)
	at com.kms.katalon.core.main.TestCaseExecutor.accessMainPhase(TestCaseExecutor.java:410)
	at com.kms.katalon.core.main.TestCaseExecutor.execute(TestCaseExecutor.java:285)
	at com.kms.katalon.core.main.TestCaseMain.runTestCase(TestCaseMain.java:144)
	at com.kms.katalon.core.keyword.builtin.CallTestCaseKeyword$_callTestCase_closure1.doCall(CallTestCaseKeyword.groovy:59)
	at com.kms.katalon.core.keyword.builtin.CallTestCaseKeyword$_callTestCase_closure1.call(CallTestCaseKeyword.groovy)
	at com.kms.katalon.core.keyword.internal.KeywordMain.runKeyword(KeywordMain.groovy:75)
	at com.kms.katalon.core.keyword.builtin.CallTestCaseKeyword.callTestCase(CallTestCaseKeyword.groovy:81)
	at com.kms.katalon.core.keyword.builtin.CallTestCaseKeyword.execute(CallTestCaseKeyword.groovy:44)
	at com.kms.katalon.core.keyword.internal.KeywordExecutor.executeKeywordForPlatform(KeywordExecutor.groovy:74)
	at com.kms.katalon.core.keyword.BuiltinKeywords.callTestCase(BuiltinKeywords.groovy:310)
	at Portal_SmokeTest_WIState.run(Portal_SmokeTest_WIState:224)
	at com.kms.katalon.core.main.ScriptEngine.run(ScriptEngine.java:194)
	at com.kms.katalon.core.main.ScriptEngine.runScriptAsRawText(ScriptEngine.java:119)
	at com.kms.katalon.core.main.TestCaseExecutor.runScript(TestCaseExecutor.java:448)
	at com.kms.katalon.core.main.TestCaseExecutor.doExecute(TestCaseExecutor.java:439)
	at com.kms.katalon.core.main.TestCaseExecutor.processExecutionPhase(TestCaseExecutor.java:418)
	at com.kms.katalon.core.main.TestCaseExecutor.accessMainPhase(TestCaseExecutor.java:410)
	at com.kms.katalon.core.main.TestCaseExecutor.execute(TestCaseExecutor.java:285)
	at com.kms.katalon.core.common.CommonExecutor.accessTestCaseMainPhase(CommonExecutor.java:65)
	at com.kms.katalon.core.main.TestSuiteExecutor.accessTestSuiteMainPhase(TestSuiteExecutor.java:148)
	at com.kms.katalon.core.main.TestSuiteExecutor.execute(TestSuiteExecutor.java:106)
	at com.kms.katalon.core.main.TestCaseMain.startTestSuite(TestCaseMain.java:187)
	at com.kms.katalon.core.main.TestCaseMain$startTestSuite$0.call(Unknown Source)
	at TempTestSuite1712892562095.run(TempTestSuite1712892562095.groovy:36)
)

2024-04-12 00:15:39 - [MESSAGE][WARNING] - No alert found (Root cause: com.kms.katalon.core.exception.StepFailedException: No alert found
	at com.kms.katalon.core.webui.keyword.internal.WebUIKeywordMain.stepFailed(WebUIKeywordMain.groovy:64)
	at com.kms.katalon.core.webui.keyword.builtin.AcceptAlertKeyword$_acceptAlert_closure1.doCall(AcceptAlertKeyword.groovy:78)
	at com.kms.katalon.core.webui.keyword.builtin.AcceptAlertKeyword$_acceptAlert_closure1.call(AcceptAlertKeyword.groovy)
	at com.kms.katalon.core.webui.keyword.internal.WebUIKeywordMain.runKeyword(WebUIKeywordMain.groovy:20)
	at com.kms.katalon.core.webui.keyword.builtin.AcceptAlertKeyword.acceptAlert(AcceptAlertKeyword.groovy:71)
	at com.kms.katalon.core.webui.keyword.builtin.AcceptAlertKeyword.execute(AcceptAlertKeyword.groovy:66)
	at com.kms.katalon.core.keyword.internal.KeywordExecutor.executeKeywordForPlatform(KeywordExecutor.groovy:74)
	at com.kms.katalon.core.webui.keyword.WebUiBuiltInKeywords.acceptAlert(WebUiBuiltInKeywords.groovy:1510)
	at com.kms.katalon.core.webui.keyword.WebUiBuiltInKeywords$acceptAlert$18.call(Unknown Source)
	at PC_RiskAnalysisScreen_ApproveUWIssues.run(PC_RiskAnalysisScreen_ApproveUWIssues:70)
	at com.kms.katalon.core.main.ScriptEngine.run(ScriptEngine.java:194)
	at com.kms.katalon.core.main.ScriptEngine.runScriptAsRawText(ScriptEngine.java:119)
	at com.kms.katalon.core.main.TestCaseExecutor.runScript(TestCaseExecutor.java:448)
	at com.kms.katalon.core.main.TestCaseExecutor.doExecute(TestCaseExecutor.java:439)
	at com.kms.katalon.core.main.TestCaseExecutor.processExecutionPhase(TestCaseExecutor.java:418)
	at com.kms.katalon.core.main.TestCaseExecutor.accessMainPhase(TestCaseExecutor.java:410)
	at com.kms.katalon.core.main.TestCaseExecutor.execute(TestCaseExecutor.java:285)
	at com.kms.katalon.core.main.TestCaseMain.runTestCase(TestCaseMain.java:144)
	at com.kms.katalon.core.keyword.builtin.CallTestCaseKeyword$_callTestCase_closure1.doCall(CallTestCaseKeyword.groovy:59)
	at com.kms.katalon.core.keyword.builtin.CallTestCaseKeyword$_callTestCase_closure1.call(CallTestCaseKeyword.groovy)
	at com.kms.katalon.core.keyword.internal.KeywordMain.runKeyword(KeywordMain.groovy:75)
	at com.kms.katalon.core.keyword.builtin.CallTestCaseKeyword.callTestCase(CallTestCaseKeyword.groovy:81)
	at com.kms.katalon.core.keyword.builtin.CallTestCaseKeyword.execute(CallTestCaseKeyword.groovy:44)
	at com.kms.katalon.core.keyword.internal.KeywordExecutor.executeKeywordForPlatform(KeywordExecutor.groovy:74)
	at com.kms.katalon.core.keyword.BuiltinKeywords.callTestCase(BuiltinKeywords.groovy:310)
	at Portal_SmokeTest_WIState.run(Portal_SmokeTest_WIState:224)
	at com.kms.katalon.core.main.ScriptEngine.run(ScriptEngine.java:194)
	at com.kms.katalon.core.main.ScriptEngine.runScriptAsRawText(ScriptEngine.java:119)
	at com.kms.katalon.core.main.TestCaseExecutor.runScript(TestCaseExecutor.java:448)
	at com.kms.katalon.core.main.TestCaseExecutor.doExecute(TestCaseExecutor.java:439)
	at com.kms.katalon.core.main.TestCaseExecutor.processExecutionPhase(TestCaseExecutor.java:418)
	at com.kms.katalon.core.main.TestCaseExecutor.accessMainPhase(TestCaseExecutor.java:410)
	at com.kms.katalon.core.main.TestCaseExecutor.execute(TestCaseExecutor.java:285)
	at com.kms.katalon.core.common.CommonExecutor.accessTestCaseMainPhase(CommonExecutor.java:65)
	at com.kms.katalon.core.main.TestSuiteExecutor.accessTestSuiteMainPhase(TestSuiteExecutor.java:148)
	at com.kms.katalon.core.main.TestSuiteExecutor.execute(TestSuiteExecutor.java:106)
	at com.kms.katalon.core.main.TestCaseMain.startTestSuite(TestCaseMain.java:187)
	at com.kms.katalon.core.main.TestCaseMain$startTestSuite$0.call(Unknown Source)
	at TempTestSuite1712892562095.run(TempTestSuite1712892562095.groovy:36)
)
[[ATTACHMENT|C:\\Users\\LellKir\\git\\HMIC-Portal\\HMIC-Portal\\HMIC-Portal\\HMIC-Portal\\HMIC-Portal\\HMIC-Portal\\Reports\\20240411_232922\\AgencyPortal_SmokeTest_WC\\20240411_232922\\1712895339231.png]]

2024-04-12 00:15:39 - [TEST_STEP][PASSED] - click(findTestObject("Object Repository/PolicyCenter/PolicyCenterObjects/PC_RiskAnalysis_Button_Approve")): Object: 'Object Repository/PolicyCenter/PolicyCenterObjects/PC_RiskAnalysis_Button_Approve' is clicked on

2024-04-12 00:15:42 - [MESSAGE][PASSED] - Object: 'Object Repository/PolicyCenter/PolicyCenterObjects/PC_RiskAnalysis_Button_Approve' is clicked on

2024-04-12 00:15:42 - [TEST_STEP][PASSED] - verifyElementText(findTestObject("PolicyCenter/PolicyCenterObjects/PC_Common_Label_Title"), "Risk Approval Details"): Actual text and expected text of test object 'Object Repository/PolicyCenter/PolicyCenterObjects/PC_Common_Label_Title' are matched.

2024-04-12 00:15:43 - [MESSAGE][PASSED] - Actual text and expected text of test object 'Object Repository/PolicyCenter/PolicyCenterObjects/PC_Common_Label_Title' are matched.

2024-04-12 00:15:43 - [TEST_STEP][PASSED] - click(findTestObject("Object Repository/PolicyCenter/PolicyCenterObjects/PC_RiskAnalysis_Button_OK")): Object: 'Object Repository/PolicyCenter/PolicyCenterObjects/PC_RiskAnalysis_Button_OK' is clicked on

2024-04-12 00:15:43 - [MESSAGE][PASSED] - Object: 'Object Repository/PolicyCenter/PolicyCenterObjects/PC_RiskAnalysis_Button_OK' is clicked on

2024-04-12 00:15:43 - [TEST_STEP][PASSED] - acceptAlert(OPTIONAL): No alert found (Root cause: com.kms.katalon.core.exception.StepFailedException: No alert found
	at com.kms.katalon.core.webui.keyword.internal.WebUIKeywordMain.stepFailed(WebUIKeywordMain.groovy:64)
	at com.kms.katalon.core.webui.keyword.builtin.AcceptAlertKeyword$_acceptAlert_closure1.doCall(AcceptAlertKeyword.groovy:78)
	at com.kms.katalon.core.webui.keyword.builtin.AcceptAlertKeyword$_acceptAlert_closure1.call(AcceptAlertKeyword.groovy)
	at com.kms.katalon.core.webui.keyword.internal.WebUIKeywordMain.runKeyword(WebUIKeywordMain.groovy:20)
	at com.kms.katalon.core.webui.keyword.builtin.AcceptAlertKeyword.acceptAlert(AcceptAlertKeyword.groovy:71)
	at com.kms.katalon.core.webui.keyword.builtin.AcceptAlertKeyword.execute(AcceptAlertKeyword.groovy:66)
	at com.kms.katalon.core.keyword.internal.KeywordExecutor.executeKeywordForPlatform(KeywordExecutor.groovy:74)
	at com.kms.katalon.core.webui.keyword.WebUiBuiltInKeywords.acceptAlert(WebUiBuiltInKeywords.groovy:1510)
	at com.kms.katalon.core.webui.keyword.WebUiBuiltInKeywords$acceptAlert$18.call(Unknown Source)
	at PC_RiskAnalysisScreen_ApproveUWIssues.run(PC_RiskAnalysisScreen_ApproveUWIssues:70)
	at com.kms.katalon.core.main.ScriptEngine.run(ScriptEngine.java:194)
	at com.kms.katalon.core.main.ScriptEngine.runScriptAsRawText(ScriptEngine.java:119)
	at com.kms.katalon.core.main.TestCaseExecutor.runScript(TestCaseExecutor.java:448)
	at com.kms.katalon.core.main.TestCaseExecutor.doExecute(TestCaseExecutor.java:439)
	at com.kms.katalon.core.main.TestCaseExecutor.processExecutionPhase(TestCaseExecutor.java:418)
	at com.kms.katalon.core.main.TestCaseExecutor.accessMainPhase(TestCaseExecutor.java:410)
	at com.kms.katalon.core.main.TestCaseExecutor.execute(TestCaseExecutor.java:285)
	at com.kms.katalon.core.main.TestCaseMain.runTestCase(TestCaseMain.java:144)
	at com.kms.katalon.core.keyword.builtin.CallTestCaseKeyword$_callTestCase_closure1.doCall(CallTestCaseKeyword.groovy:59)
	at com.kms.katalon.core.keyword.builtin.CallTestCaseKeyword$_callTestCase_closure1.call(CallTestCaseKeyword.groovy)
	at com.kms.katalon.core.keyword.internal.KeywordMain.runKeyword(KeywordMain.groovy:75)
	at com.kms.katalon.core.keyword.builtin.CallTestCaseKeyword.callTestCase(CallTestCaseKeyword.groovy:81)
	at com.kms.katalon.core.keyword.builtin.CallTestCaseKeyword.execute(CallTestCaseKeyword.groovy:44)
	at com.kms.katalon.core.keyword.internal.KeywordExecutor.executeKeywordForPlatform(KeywordExecutor.groovy:74)
	at com.kms.katalon.core.keyword.BuiltinKeywords.callTestCase(BuiltinKeywords.groovy:310)
	at Portal_SmokeTest_WIState.run(Portal_SmokeTest_WIState:224)
	at com.kms.katalon.core.main.ScriptEngine.run(ScriptEngine.java:194)
	at com.kms.katalon.core.main.ScriptEngine.runScriptAsRawText(ScriptEngine.java:119)
	at com.kms.katalon.core.main.TestCaseExecutor.runScript(TestCaseExecutor.java:448)
	at com.kms.katalon.core.main.TestCaseExecutor.doExecute(TestCaseExecutor.java:439)
	at com.kms.katalon.core.main.TestCaseExecutor.processExecutionPhase(TestCaseExecutor.java:418)
	at com.kms.katalon.core.main.TestCaseExecutor.accessMainPhase(TestCaseExecutor.java:410)
	at com.kms.katalon.core.main.TestCaseExecutor.execute(TestCaseExecutor.java:285)
	at com.kms.katalon.core.common.CommonExecutor.accessTestCaseMainPhase(CommonExecutor.java:65)
	at com.kms.katalon.core.main.TestSuiteExecutor.accessTestSuiteMainPhase(TestSuiteExecutor.java:148)
	at com.kms.katalon.core.main.TestSuiteExecutor.execute(TestSuiteExecutor.java:106)
	at com.kms.katalon.core.main.TestCaseMain.startTestSuite(TestCaseMain.java:187)
	at com.kms.katalon.core.main.TestCaseMain$startTestSuite$0.call(Unknown Source)
	at TempTestSuite1712892562095.run(TempTestSuite1712892562095.groovy:36)
)

2024-04-12 00:15:43 - [MESSAGE][WARNING] - No alert found (Root cause: com.kms.katalon.core.exception.StepFailedException: No alert found
	at com.kms.katalon.core.webui.keyword.internal.WebUIKeywordMain.stepFailed(WebUIKeywordMain.groovy:64)
	at com.kms.katalon.core.webui.keyword.builtin.AcceptAlertKeyword$_acceptAlert_closure1.doCall(AcceptAlertKeyword.groovy:78)
	at com.kms.katalon.core.webui.keyword.builtin.AcceptAlertKeyword$_acceptAlert_closure1.call(AcceptAlertKeyword.groovy)
	at com.kms.katalon.core.webui.keyword.internal.WebUIKeywordMain.runKeyword(WebUIKeywordMain.groovy:20)
	at com.kms.katalon.core.webui.keyword.builtin.AcceptAlertKeyword.acceptAlert(AcceptAlertKeyword.groovy:71)
	at com.kms.katalon.core.webui.keyword.builtin.AcceptAlertKeyword.execute(AcceptAlertKeyword.groovy:66)
	at com.kms.katalon.core.keyword.internal.KeywordExecutor.executeKeywordForPlatform(KeywordExecutor.groovy:74)
	at com.kms.katalon.core.webui.keyword.WebUiBuiltInKeywords.acceptAlert(WebUiBuiltInKeywords.groovy:1510)
	at com.kms.katalon.core.webui.keyword.WebUiBuiltInKeywords$acceptAlert$18.call(Unknown Source)
	at PC_RiskAnalysisScreen_ApproveUWIssues.run(PC_RiskAnalysisScreen_ApproveUWIssues:70)
	at com.kms.katalon.core.main.ScriptEngine.run(ScriptEngine.java:194)
	at com.kms.katalon.core.main.ScriptEngine.runScriptAsRawText(ScriptEngine.java:119)
	at com.kms.katalon.core.main.TestCaseExecutor.runScript(TestCaseExecutor.java:448)
	at com.kms.katalon.core.main.TestCaseExecutor.doExecute(TestCaseExecutor.java:439)
	at com.kms.katalon.core.main.TestCaseExecutor.processExecutionPhase(TestCaseExecutor.java:418)
	at com.kms.katalon.core.main.TestCaseExecutor.accessMainPhase(TestCaseExecutor.java:410)
	at com.kms.katalon.core.main.TestCaseExecutor.execute(TestCaseExecutor.java:285)
	at com.kms.katalon.core.main.TestCaseMain.runTestCase(TestCaseMain.java:144)
	at com.kms.katalon.core.keyword.builtin.CallTestCaseKeyword$_callTestCase_closure1.doCall(CallTestCaseKeyword.groovy:59)
	at com.kms.katalon.core.keyword.builtin.CallTestCaseKeyword$_callTestCase_closure1.call(CallTestCaseKeyword.groovy)
	at com.kms.katalon.core.keyword.internal.KeywordMain.runKeyword(KeywordMain.groovy:75)
	at com.kms.katalon.core.keyword.builtin.CallTestCaseKeyword.callTestCase(CallTestCaseKeyword.groovy:81)
	at com.kms.katalon.core.keyword.builtin.CallTestCaseKeyword.execute(CallTestCaseKeyword.groovy:44)
	at com.kms.katalon.core.keyword.internal.KeywordExecutor.executeKeywordForPlatform(KeywordExecutor.groovy:74)
	at com.kms.katalon.core.keyword.BuiltinKeywords.callTestCase(BuiltinKeywords.groovy:310)
	at Portal_SmokeTest_WIState.run(Portal_SmokeTest_WIState:224)
	at com.kms.katalon.core.main.ScriptEngine.run(ScriptEngine.java:194)
	at com.kms.katalon.core.main.ScriptEngine.runScriptAsRawText(ScriptEngine.java:119)
	at com.kms.katalon.core.main.TestCaseExecutor.runScript(TestCaseExecutor.java:448)
	at com.kms.katalon.core.main.TestCaseExecutor.doExecute(TestCaseExecutor.java:439)
	at com.kms.katalon.core.main.TestCaseExecutor.processExecutionPhase(TestCaseExecutor.java:418)
	at com.kms.katalon.core.main.TestCaseExecutor.accessMainPhase(TestCaseExecutor.java:410)
	at com.kms.katalon.core.main.TestCaseExecutor.execute(TestCaseExecutor.java:285)
	at com.kms.katalon.core.common.CommonExecutor.accessTestCaseMainPhase(CommonExecutor.java:65)
	at com.kms.katalon.core.main.TestSuiteExecutor.accessTestSuiteMainPhase(TestSuiteExecutor.java:148)
	at com.kms.katalon.core.main.TestSuiteExecutor.execute(TestSuiteExecutor.java:106)
	at com.kms.katalon.core.main.TestCaseMain.startTestSuite(TestCaseMain.java:187)
	at com.kms.katalon.core.main.TestCaseMain$startTestSuite$0.call(Unknown Source)
	at TempTestSuite1712892562095.run(TempTestSuite1712892562095.groovy:36)
)
[[ATTACHMENT|C:\\Users\\LellKir\\git\\HMIC-Portal\\HMIC-Portal\\HMIC-Portal\\HMIC-Portal\\HMIC-Portal\\HMIC-Portal\\Reports\\20240411_232922\\AgencyPortal_SmokeTest_WC\\20240411_232922\\1712895343794.png]]

2024-04-12 00:15:43 - [TEST_STEP][PASSED] - click(findTestObject("Object Repository/PolicyCenter/PolicyCenterObjects/PC_RiskAnalysis_Button_Approve")): Object: 'Object Repository/PolicyCenter/PolicyCenterObjects/PC_RiskAnalysis_Button_Approve' is clicked on

2024-04-12 00:15:45 - [MESSAGE][PASSED] - Object: 'Object Repository/PolicyCenter/PolicyCenterObjects/PC_RiskAnalysis_Button_Approve' is clicked on

2024-04-12 00:15:45 - [TEST_STEP][PASSED] - verifyElementText(findTestObject("PolicyCenter/PolicyCenterObjects/PC_Common_Label_Title"), "Risk Approval Details"): Actual text and expected text of test object 'Object Repository/PolicyCenter/PolicyCenterObjects/PC_Common_Label_Title' are matched.

2024-04-12 00:15:46 - [MESSAGE][PASSED] - Actual text and expected text of test object 'Object Repository/PolicyCenter/PolicyCenterObjects/PC_Common_Label_Title' are matched.

2024-04-12 00:15:46 - [TEST_STEP][PASSED] - click(findTestObject("Object Repository/PolicyCenter/PolicyCenterObjects/PC_RiskAnalysis_Button_OK")): Object: 'Object Repository/PolicyCenter/PolicyCenterObjects/PC_RiskAnalysis_Button_OK' is clicked on

2024-04-12 00:15:46 - [MESSAGE][PASSED] - Object: 'Object Repository/PolicyCenter/PolicyCenterObjects/PC_RiskAnalysis_Button_OK' is clicked on

2024-04-12 00:15:46 - [TEST_STEP][PASSED] - acceptAlert(OPTIONAL): No alert found (Root cause: com.kms.katalon.core.exception.StepFailedException: No alert found
	at com.kms.katalon.core.webui.keyword.internal.WebUIKeywordMain.stepFailed(WebUIKeywordMain.groovy:64)
	at com.kms.katalon.core.webui.keyword.builtin.AcceptAlertKeyword$_acceptAlert_closure1.doCall(AcceptAlertKeyword.groovy:78)
	at com.kms.katalon.core.webui.keyword.builtin.AcceptAlertKeyword$_acceptAlert_closure1.call(AcceptAlertKeyword.groovy)
	at com.kms.katalon.core.webui.keyword.internal.WebUIKeywordMain.runKeyword(WebUIKeywordMain.groovy:20)
	at com.kms.katalon.core.webui.keyword.builtin.AcceptAlertKeyword.acceptAlert(AcceptAlertKeyword.groovy:71)
	at com.kms.katalon.core.webui.keyword.builtin.AcceptAlertKeyword.execute(AcceptAlertKeyword.groovy:66)
	at com.kms.katalon.core.keyword.internal.KeywordExecutor.executeKeywordForPlatform(KeywordExecutor.groovy:74)
	at com.kms.katalon.core.webui.keyword.WebUiBuiltInKeywords.acceptAlert(WebUiBuiltInKeywords.groovy:1510)
	at com.kms.katalon.core.webui.keyword.WebUiBuiltInKeywords$acceptAlert$18.call(Unknown Source)
	at PC_RiskAnalysisScreen_ApproveUWIssues.run(PC_RiskAnalysisScreen_ApproveUWIssues:70)
	at com.kms.katalon.core.main.ScriptEngine.run(ScriptEngine.java:194)
	at com.kms.katalon.core.main.ScriptEngine.runScriptAsRawText(ScriptEngine.java:119)
	at com.kms.katalon.core.main.TestCaseExecutor.runScript(TestCaseExecutor.java:448)
	at com.kms.katalon.core.main.TestCaseExecutor.doExecute(TestCaseExecutor.java:439)
	at com.kms.katalon.core.main.TestCaseExecutor.processExecutionPhase(TestCaseExecutor.java:418)
	at com.kms.katalon.core.main.TestCaseExecutor.accessMainPhase(TestCaseExecutor.java:410)
	at com.kms.katalon.core.main.TestCaseExecutor.execute(TestCaseExecutor.java:285)
	at com.kms.katalon.core.main.TestCaseMain.runTestCase(TestCaseMain.java:144)
	at com.kms.katalon.core.keyword.builtin.CallTestCaseKeyword$_callTestCase_closure1.doCall(CallTestCaseKeyword.groovy:59)
	at com.kms.katalon.core.keyword.builtin.CallTestCaseKeyword$_callTestCase_closure1.call(CallTestCaseKeyword.groovy)
	at com.kms.katalon.core.keyword.internal.KeywordMain.runKeyword(KeywordMain.groovy:75)
	at com.kms.katalon.core.keyword.builtin.CallTestCaseKeyword.callTestCase(CallTestCaseKeyword.groovy:81)
	at com.kms.katalon.core.keyword.builtin.CallTestCaseKeyword.execute(CallTestCaseKeyword.groovy:44)
	at com.kms.katalon.core.keyword.internal.KeywordExecutor.executeKeywordForPlatform(KeywordExecutor.groovy:74)
	at com.kms.katalon.core.keyword.BuiltinKeywords.callTestCase(BuiltinKeywords.groovy:310)
	at Portal_SmokeTest_WIState.run(Portal_SmokeTest_WIState:224)
	at com.kms.katalon.core.main.ScriptEngine.run(ScriptEngine.java:194)
	at com.kms.katalon.core.main.ScriptEngine.runScriptAsRawText(ScriptEngine.java:119)
	at com.kms.katalon.core.main.TestCaseExecutor.runScript(TestCaseExecutor.java:448)
	at com.kms.katalon.core.main.TestCaseExecutor.doExecute(TestCaseExecutor.java:439)
	at com.kms.katalon.core.main.TestCaseExecutor.processExecutionPhase(TestCaseExecutor.java:418)
	at com.kms.katalon.core.main.TestCaseExecutor.accessMainPhase(TestCaseExecutor.java:410)
	at com.kms.katalon.core.main.TestCaseExecutor.execute(TestCaseExecutor.java:285)
	at com.kms.katalon.core.common.CommonExecutor.accessTestCaseMainPhase(CommonExecutor.java:65)
	at com.kms.katalon.core.main.TestSuiteExecutor.accessTestSuiteMainPhase(TestSuiteExecutor.java:148)
	at com.kms.katalon.core.main.TestSuiteExecutor.execute(TestSuiteExecutor.java:106)
	at com.kms.katalon.core.main.TestCaseMain.startTestSuite(TestCaseMain.java:187)
	at com.kms.katalon.core.main.TestCaseMain$startTestSuite$0.call(Unknown Source)
	at TempTestSuite1712892562095.run(TempTestSuite1712892562095.groovy:36)
)

2024-04-12 00:15:46 - [MESSAGE][WARNING] - No alert found (Root cause: com.kms.katalon.core.exception.StepFailedException: No alert found
	at com.kms.katalon.core.webui.keyword.internal.WebUIKeywordMain.stepFailed(WebUIKeywordMain.groovy:64)
	at com.kms.katalon.core.webui.keyword.builtin.AcceptAlertKeyword$_acceptAlert_closure1.doCall(AcceptAlertKeyword.groovy:78)
	at com.kms.katalon.core.webui.keyword.builtin.AcceptAlertKeyword$_acceptAlert_closure1.call(AcceptAlertKeyword.groovy)
	at com.kms.katalon.core.webui.keyword.internal.WebUIKeywordMain.runKeyword(WebUIKeywordMain.groovy:20)
	at com.kms.katalon.core.webui.keyword.builtin.AcceptAlertKeyword.acceptAlert(AcceptAlertKeyword.groovy:71)
	at com.kms.katalon.core.webui.keyword.builtin.AcceptAlertKeyword.execute(AcceptAlertKeyword.groovy:66)
	at com.kms.katalon.core.keyword.internal.KeywordExecutor.executeKeywordForPlatform(KeywordExecutor.groovy:74)
	at com.kms.katalon.core.webui.keyword.WebUiBuiltInKeywords.acceptAlert(WebUiBuiltInKeywords.groovy:1510)
	at com.kms.katalon.core.webui.keyword.WebUiBuiltInKeywords$acceptAlert$18.call(Unknown Source)
	at PC_RiskAnalysisScreen_ApproveUWIssues.run(PC_RiskAnalysisScreen_ApproveUWIssues:70)
	at com.kms.katalon.core.main.ScriptEngine.run(ScriptEngine.java:194)
	at com.kms.katalon.core.main.ScriptEngine.runScriptAsRawText(ScriptEngine.java:119)
	at com.kms.katalon.core.main.TestCaseExecutor.runScript(TestCaseExecutor.java:448)
	at com.kms.katalon.core.main.TestCaseExecutor.doExecute(TestCaseExecutor.java:439)
	at com.kms.katalon.core.main.TestCaseExecutor.processExecutionPhase(TestCaseExecutor.java:418)
	at com.kms.katalon.core.main.TestCaseExecutor.accessMainPhase(TestCaseExecutor.java:410)
	at com.kms.katalon.core.main.TestCaseExecutor.execute(TestCaseExecutor.java:285)
	at com.kms.katalon.core.main.TestCaseMain.runTestCase(TestCaseMain.java:144)
	at com.kms.katalon.core.keyword.builtin.CallTestCaseKeyword$_callTestCase_closure1.doCall(CallTestCaseKeyword.groovy:59)
	at com.kms.katalon.core.keyword.builtin.CallTestCaseKeyword$_callTestCase_closure1.call(CallTestCaseKeyword.groovy)
	at com.kms.katalon.core.keyword.internal.KeywordMain.runKeyword(KeywordMain.groovy:75)
	at com.kms.katalon.core.keyword.builtin.CallTestCaseKeyword.callTestCase(CallTestCaseKeyword.groovy:81)
	at com.kms.katalon.core.keyword.builtin.CallTestCaseKeyword.execute(CallTestCaseKeyword.groovy:44)
	at com.kms.katalon.core.keyword.internal.KeywordExecutor.executeKeywordForPlatform(KeywordExecutor.groovy:74)
	at com.kms.katalon.core.keyword.BuiltinKeywords.callTestCase(BuiltinKeywords.groovy:310)
	at Portal_SmokeTest_WIState.run(Portal_SmokeTest_WIState:224)
	at com.kms.katalon.core.main.ScriptEngine.run(ScriptEngine.java:194)
	at com.kms.katalon.core.main.ScriptEngine.runScriptAsRawText(ScriptEngine.java:119)
	at com.kms.katalon.core.main.TestCaseExecutor.runScript(TestCaseExecutor.java:448)
	at com.kms.katalon.core.main.TestCaseExecutor.doExecute(TestCaseExecutor.java:439)
	at com.kms.katalon.core.main.TestCaseExecutor.processExecutionPhase(TestCaseExecutor.java:418)
	at com.kms.katalon.core.main.TestCaseExecutor.accessMainPhase(TestCaseExecutor.java:410)
	at com.kms.katalon.core.main.TestCaseExecutor.execute(TestCaseExecutor.java:285)
	at com.kms.katalon.core.common.CommonExecutor.accessTestCaseMainPhase(CommonExecutor.java:65)
	at com.kms.katalon.core.main.TestSuiteExecutor.accessTestSuiteMainPhase(TestSuiteExecutor.java:148)
	at com.kms.katalon.core.main.TestSuiteExecutor.execute(TestSuiteExecutor.java:106)
	at com.kms.katalon.core.main.TestCaseMain.startTestSuite(TestCaseMain.java:187)
	at com.kms.katalon.core.main.TestCaseMain$startTestSuite$0.call(Unknown Source)
	at TempTestSuite1712892562095.run(TempTestSuite1712892562095.groovy:36)
)
[[ATTACHMENT|C:\\Users\\LellKir\\git\\HMIC-Portal\\HMIC-Portal\\HMIC-Portal\\HMIC-Portal\\HMIC-Portal\\HMIC-Portal\\Reports\\20240411_232922\\AgencyPortal_SmokeTest_WC\\20240411_232922\\1712895346716.png]]

2024-04-12 00:15:46 - [TEST_STEP][PASSED] - takeFullPageScreenshot(): Taking screenshot successfully

2024-04-12 00:15:47 - [MESSAGE][INFO] - 0 hidden object(s)

2024-04-12 00:15:47 - [MESSAGE][PASSED] - Taking screenshot successfully
[[ATTACHMENT|C:\\Users\\LellKir\\git\\HMIC-Portal\\HMIC-Portal\\HMIC-Portal\\HMIC-Portal\\HMIC-Portal\\HMIC-Portal\\Reports\\20240411_232922\\AgencyPortal_SmokeTest_WC\\20240411_232922\\1712895346912.png]]

2024-04-12 00:15:47 - [MESSAGE][PASSED] - Call Test Case 'Test Cases/PolicyCenter_Pages/PC_CommonScreens/PC_RiskAnalysisScreen_ApproveUWIssues' successfully

2024-04-12 00:15:47 - [TEST_STEP][PASSED] - click(findTestObject("PolicyCenter/PolicyCenterObjects/PC_Common_Button_ReleaseLock"), OPTIONAL): Unable to click on object 'Object Repository/PolicyCenter/PolicyCenterObjects/PC_Common_Button_ReleaseLock' (Root cause: com.kms.katalon.core.exception.StepFailedException: Unable to click on object 'Object Repository/PolicyCenter/PolicyCenterObjects/PC_Common_Button_ReleaseLock'
	at com.kms.katalon.core.webui.keyword.internal.WebUIKeywordMain.stepFailed(WebUIKeywordMain.groovy:64)
	at com.kms.katalon.core.webui.keyword.internal.WebUIKeywordMain.runKeyword(WebUIKeywordMain.groovy:26)
	at com.kms.katalon.core.webui.keyword.builtin.ClickKeyword.click(ClickKeyword.groovy:74)
	at com.kms.katalon.core.webui.keyword.builtin.ClickKeyword.execute(ClickKeyword.groovy:40)
	at com.kms.katalon.core.keyword.internal.KeywordExecutor.executeKeywordForPlatform(KeywordExecutor.groovy:74)
	at com.kms.katalon.core.webui.keyword.WebUiBuiltInKeywords.click(WebUiBuiltInKeywords.groovy:608)
	at com.kms.katalon.core.webui.keyword.WebUiBuiltInKeywords$click$5.call(Unknown Source)
	at Portal_SmokeTest_WIState.run(Portal_SmokeTest_WIState:226)
	at com.kms.katalon.core.main.ScriptEngine.run(ScriptEngine.java:194)
	at com.kms.katalon.core.main.ScriptEngine.runScriptAsRawText(ScriptEngine.java:119)
	at com.kms.katalon.core.main.TestCaseExecutor.runScript(TestCaseExecutor.java:448)
	at com.kms.katalon.core.main.TestCaseExecutor.doExecute(TestCaseExecutor.java:439)
	at com.kms.katalon.core.main.TestCaseExecutor.processExecutionPhase(TestCaseExecutor.java:418)
	at com.kms.katalon.core.main.TestCaseExecutor.accessMainPhase(TestCaseExecutor.java:410)
	at com.kms.katalon.core.main.TestCaseExecutor.execute(TestCaseExecutor.java:285)
	at com.kms.katalon.core.common.CommonExecutor.accessTestCaseMainPhase(CommonExecutor.java:65)
	at com.kms.katalon.core.main.TestSuiteExecutor.accessTestSuiteMainPhase(TestSuiteExecutor.java:148)
	at com.kms.katalon.core.main.TestSuiteExecutor.execute(TestSuiteExecutor.java:106)
	at com.kms.katalon.core.main.TestCaseMain.startTestSuite(TestCaseMain.java:187)
	at com.kms.katalon.core.main.TestCaseMain$startTestSuite$0.call(Unknown Source)
	at TempTestSuite1712892562095.run(TempTestSuite1712892562095.groovy:36)
Caused by: com.kms.katalon.core.webui.exception.WebElementNotFoundException: Web element with id: 'Object Repository/PolicyCenter/PolicyCenterObjects/PC_Common_Button_ReleaseLock' located by '//div[contains(@id,'JobWizardToolbarButtonSet-Unlock')]//div[@class='gw-label']' not found
	at com.kms.katalon.core.webui.common.WebUiCommonHelper.findWebElement(WebUiCommonHelper.java:1381)
	at com.kms.katalon.core.webui.keyword.internal.WebUIAbstractKeyword.findWebElement(WebUIAbstractKeyword.groovy:27)
	at com.kms.katalon.core.webui.keyword.builtin.ClickKeyword$_click_closure1.doCall(ClickKeyword.groovy:65)
	at com.kms.katalon.core.webui.keyword.builtin.ClickKeyword$_click_closure1.call(ClickKeyword.groovy)
	at com.kms.katalon.core.webui.keyword.internal.WebUIKeywordMain.runKeyword(WebUIKeywordMain.groovy:20)
	at com.kms.katalon.core.webui.keyword.builtin.ClickKeyword.click(ClickKeyword.groovy:74)
	at com.kms.katalon.core.webui.keyword.builtin.ClickKeyword.execute(ClickKeyword.groovy:40)
	at com.kms.katalon.core.keyword.internal.KeywordExecutor.executeKeywordForPlatform(KeywordExecutor.groovy:74)
	at com.kms.katalon.core.webui.keyword.WebUiBuiltInKeywords.click(WebUiBuiltInKeywords.groovy:608)
	at com.kms.katalon.core.webui.keyword.WebUiBuiltInKeywords$click$5.call(Unknown Source)
	at Script1689938677126.run(Script1689938677126.groovy:226)
	... 13 more
)

2024-04-12 00:16:18 - [MESSAGE][INFO] - Unable to find the element located by 'By.xpath: //div[contains(@id,'JobWizardToolbarButtonSet-Unlock')]//div[@class='gw-label']'. Please recheck the objects properties to make sure the desired element is located. 

2024-04-12 00:16:18 - [MESSAGE][WARNING] - [SELF-HEALING] Failed to find element with id 'Object Repository/PolicyCenter/PolicyCenterObjects/PC_Common_Button_ReleaseLock'. Try using Self-healing.

2024-04-12 00:16:19 - [MESSAGE][INFO] - [SELF-HEALING] No working XPath is found.

2024-04-12 00:16:21 - [MESSAGE][INFO] - Unable to find the element located by 'By.xpath: '. Please recheck the objects properties to make sure the desired element is located. 

2024-04-12 00:16:21 - [MESSAGE][WARNING] - [SELF-HEALING] Cannot find elements when the selector is null

2024-04-12 00:16:21 - [MESSAGE][WARNING] - Unable to click on object 'Object Repository/PolicyCenter/PolicyCenterObjects/PC_Common_Button_ReleaseLock' (Root cause: com.kms.katalon.core.exception.StepFailedException: Unable to click on object 'Object Repository/PolicyCenter/PolicyCenterObjects/PC_Common_Button_ReleaseLock'
	at com.kms.katalon.core.webui.keyword.internal.WebUIKeywordMain.stepFailed(WebUIKeywordMain.groovy:64)
	at com.kms.katalon.core.webui.keyword.internal.WebUIKeywordMain.runKeyword(WebUIKeywordMain.groovy:26)
	at com.kms.katalon.core.webui.keyword.builtin.ClickKeyword.click(ClickKeyword.groovy:74)
	at com.kms.katalon.core.webui.keyword.builtin.ClickKeyword.execute(ClickKeyword.groovy:40)
	at com.kms.katalon.core.keyword.internal.KeywordExecutor.executeKeywordForPlatform(KeywordExecutor.groovy:74)
	at com.kms.katalon.core.webui.keyword.WebUiBuiltInKeywords.click(WebUiBuiltInKeywords.groovy:608)
	at com.kms.katalon.core.webui.keyword.WebUiBuiltInKeywords$click$5.call(Unknown Source)
	at Portal_SmokeTest_WIState.run(Portal_SmokeTest_WIState:226)
	at com.kms.katalon.core.main.ScriptEngine.run(ScriptEngine.java:194)
	at com.kms.katalon.core.main.ScriptEngine.runScriptAsRawText(ScriptEngine.java:119)
	at com.kms.katalon.core.main.TestCaseExecutor.runScript(TestCaseExecutor.java:448)
	at com.kms.katalon.core.main.TestCaseExecutor.doExecute(TestCaseExecutor.java:439)
	at com.kms.katalon.core.main.TestCaseExecutor.processExecutionPhase(TestCaseExecutor.java:418)
	at com.kms.katalon.core.main.TestCaseExecutor.accessMainPhase(TestCaseExecutor.java:410)
	at com.kms.katalon.core.main.TestCaseExecutor.execute(TestCaseExecutor.java:285)
	at com.kms.katalon.core.common.CommonExecutor.accessTestCaseMainPhase(CommonExecutor.java:65)
	at com.kms.katalon.core.main.TestSuiteExecutor.accessTestSuiteMainPhase(TestSuiteExecutor.java:148)
	at com.kms.katalon.core.main.TestSuiteExecutor.execute(TestSuiteExecutor.java:106)
	at com.kms.katalon.core.main.TestCaseMain.startTestSuite(TestCaseMain.java:187)
	at com.kms.katalon.core.main.TestCaseMain$startTestSuite$0.call(Unknown Source)
	at TempTestSuite1712892562095.run(TempTestSuite1712892562095.groovy:36)
Caused by: com.kms.katalon.core.webui.exception.WebElementNotFoundException: Web element with id: 'Object Repository/PolicyCenter/PolicyCenterObjects/PC_Common_Button_ReleaseLock' located by '//div[contains(@id,'JobWizardToolbarButtonSet-Unlock')]//div[@class='gw-label']' not found
	at com.kms.katalon.core.webui.common.WebUiCommonHelper.findWebElement(WebUiCommonHelper.java:1381)
	at com.kms.katalon.core.webui.keyword.internal.WebUIAbstractKeyword.findWebElement(WebUIAbstractKeyword.groovy:27)
	at com.kms.katalon.core.webui.keyword.builtin.ClickKeyword$_click_closure1.doCall(ClickKeyword.groovy:65)
	at com.kms.katalon.core.webui.keyword.builtin.ClickKeyword$_click_closure1.call(ClickKeyword.groovy)
	at com.kms.katalon.core.webui.keyword.internal.WebUIKeywordMain.runKeyword(WebUIKeywordMain.groovy:20)
	at com.kms.katalon.core.webui.keyword.builtin.ClickKeyword.click(ClickKeyword.groovy:74)
	at com.kms.katalon.core.webui.keyword.builtin.ClickKeyword.execute(ClickKeyword.groovy:40)
	at com.kms.katalon.core.keyword.internal.KeywordExecutor.executeKeywordForPlatform(KeywordExecutor.groovy:74)
	at com.kms.katalon.core.webui.keyword.WebUiBuiltInKeywords.click(WebUiBuiltInKeywords.groovy:608)
	at com.kms.katalon.core.webui.keyword.WebUiBuiltInKeywords$click$5.call(Unknown Source)
	at Script1689938677126.run(Script1689938677126.groovy:226)
	... 13 more
)
[[ATTACHMENT|C:\\Users\\LellKir\\git\\HMIC-Portal\\HMIC-Portal\\HMIC-Portal\\HMIC-Portal\\HMIC-Portal\\HMIC-Portal\\Reports\\20240411_232922\\AgencyPortal_SmokeTest_WC\\20240411_232922\\1712895381241.png]]

2024-04-12 00:16:21 - [TEST_STEP][PASSED] - selectOptionByLabel(findTestObject("PolicyCenter/PolicyCenterObjects/PC_UWActivity_Dropdown_AssignTo"), "Test Processor3 (Renewal Com Proc)", false, OPTIONAL): Unable to select option by label 'Test Processor3 (Renewal Com Proc)' of object 'Object Repository/PolicyCenter/PolicyCenterObjects/PC_UWActivity_Dropdown_AssignTo'  (Root cause: com.kms.katalon.core.exception.StepFailedException: Unable to select option by label 'Test Processor3 (Renewal Com Proc)' of object 'Object Repository/PolicyCenter/PolicyCenterObjects/PC_UWActivity_Dropdown_AssignTo' 
	at com.kms.katalon.core.webui.keyword.internal.WebUIKeywordMain.stepFailed(WebUIKeywordMain.groovy:64)
	at com.kms.katalon.core.webui.keyword.internal.WebUIKeywordMain.runKeyword(WebUIKeywordMain.groovy:26)
	at com.kms.katalon.core.webui.keyword.builtin.SelectOptionByLabelKeyword.selectOptionByLabel(SelectOptionByLabelKeyword.groovy:98)
	at com.kms.katalon.core.webui.keyword.builtin.SelectOptionByLabelKeyword.execute(SelectOptionByLabelKeyword.groovy:71)
	at com.kms.katalon.core.keyword.internal.KeywordExecutor.executeKeywordForPlatform(KeywordExecutor.groovy:74)
	at com.kms.katalon.core.webui.keyword.WebUiBuiltInKeywords.selectOptionByLabel(WebUiBuiltInKeywords.groovy:1213)
	at com.kms.katalon.core.webui.keyword.WebUiBuiltInKeywords$selectOptionByLabel$19.call(Unknown Source)
	at Portal_SmokeTest_WIState.run(Portal_SmokeTest_WIState:228)
	at com.kms.katalon.core.main.ScriptEngine.run(ScriptEngine.java:194)
	at com.kms.katalon.core.main.ScriptEngine.runScriptAsRawText(ScriptEngine.java:119)
	at com.kms.katalon.core.main.TestCaseExecutor.runScript(TestCaseExecutor.java:448)
	at com.kms.katalon.core.main.TestCaseExecutor.doExecute(TestCaseExecutor.java:439)
	at com.kms.katalon.core.main.TestCaseExecutor.processExecutionPhase(TestCaseExecutor.java:418)
	at com.kms.katalon.core.main.TestCaseExecutor.accessMainPhase(TestCaseExecutor.java:410)
	at com.kms.katalon.core.main.TestCaseExecutor.execute(TestCaseExecutor.java:285)
	at com.kms.katalon.core.common.CommonExecutor.accessTestCaseMainPhase(CommonExecutor.java:65)
	at com.kms.katalon.core.main.TestSuiteExecutor.accessTestSuiteMainPhase(TestSuiteExecutor.java:148)
	at com.kms.katalon.core.main.TestSuiteExecutor.execute(TestSuiteExecutor.java:106)
	at com.kms.katalon.core.main.TestCaseMain.startTestSuite(TestCaseMain.java:187)
	at com.kms.katalon.core.main.TestCaseMain$startTestSuite$0.call(Unknown Source)
	at TempTestSuite1712892562095.run(TempTestSuite1712892562095.groovy:36)
Caused by: com.kms.katalon.core.webui.exception.WebElementNotFoundException: Web element with id: 'Object Repository/PolicyCenter/PolicyCenterObjects/PC_UWActivity_Dropdown_AssignTo' located by '//div[text()='Assign To']/..//select' not found
	at com.kms.katalon.core.webui.common.WebUiCommonHelper.findWebElement(WebUiCommonHelper.java:1381)
	at com.kms.katalon.core.webui.keyword.internal.WebUIAbstractKeyword.findWebElement(WebUIAbstractKeyword.groovy:27)
	at com.kms.katalon.core.webui.keyword.internal.WebUIAbstractKeyword.findWebElement(WebUIAbstractKeyword.groovy:26)
	at com.kms.katalon.core.webui.keyword.builtin.SelectOptionByLabelKeyword$_selectOptionByLabel_closure1.doCall(SelectOptionByLabelKeyword.groovy:86)
	at com.kms.katalon.core.webui.keyword.builtin.SelectOptionByLabelKeyword$_selectOptionByLabel_closure1.call(SelectOptionByLabelKeyword.groovy)
	at com.kms.katalon.core.webui.keyword.internal.WebUIKeywordMain.runKeyword(WebUIKeywordMain.groovy:20)
	at com.kms.katalon.core.webui.keyword.builtin.SelectOptionByLabelKeyword.selectOptionByLabel(SelectOptionByLabelKeyword.groovy:98)
	at com.kms.katalon.core.webui.keyword.builtin.SelectOptionByLabelKeyword.execute(SelectOptionByLabelKeyword.groovy:71)
	at com.kms.katalon.core.keyword.internal.KeywordExecutor.executeKeywordForPlatform(KeywordExecutor.groovy:74)
	at com.kms.katalon.core.webui.keyword.WebUiBuiltInKeywords.selectOptionByLabel(WebUiBuiltInKeywords.groovy:1213)
	at com.kms.katalon.core.webui.keyword.WebUiBuiltInKeywords$selectOptionByLabel$19.call(Unknown Source)
	at Script1689938677126.run(Script1689938677126.groovy:228)
	... 13 more
)

2024-04-12 00:16:52 - [MESSAGE][INFO] - Unable to find the element located by 'By.xpath: //div[text()='Assign To']/..//select'. Please recheck the objects properties to make sure the desired element is located. 

2024-04-12 00:16:52 - [MESSAGE][WARNING] - [SELF-HEALING] Failed to find element with id 'Object Repository/PolicyCenter/PolicyCenterObjects/PC_UWActivity_Dropdown_AssignTo'. Try using Self-healing.

2024-04-12 00:16:53 - [MESSAGE][INFO] - [SELF-HEALING] No working XPath is found.

2024-04-12 00:16:54 - [MESSAGE][INFO] - Unable to find the element located by 'By.xpath: '. Please recheck the objects properties to make sure the desired element is located. 

2024-04-12 00:16:54 - [MESSAGE][WARNING] - [SELF-HEALING] Cannot find elements when the selector is null

2024-04-12 00:16:55 - [MESSAGE][WARNING] - Unable to select option by label 'Test Processor3 (Renewal Com Proc)' of object 'Object Repository/PolicyCenter/PolicyCenterObjects/PC_UWActivity_Dropdown_AssignTo'  (Root cause: com.kms.katalon.core.exception.StepFailedException: Unable to select option by label 'Test Processor3 (Renewal Com Proc)' of object 'Object Repository/PolicyCenter/PolicyCenterObjects/PC_UWActivity_Dropdown_AssignTo' 
	at com.kms.katalon.core.webui.keyword.internal.WebUIKeywordMain.stepFailed(WebUIKeywordMain.groovy:64)
	at com.kms.katalon.core.webui.keyword.internal.WebUIKeywordMain.runKeyword(WebUIKeywordMain.groovy:26)
	at com.kms.katalon.core.webui.keyword.builtin.SelectOptionByLabelKeyword.selectOptionByLabel(SelectOptionByLabelKeyword.groovy:98)
	at com.kms.katalon.core.webui.keyword.builtin.SelectOptionByLabelKeyword.execute(SelectOptionByLabelKeyword.groovy:71)
	at com.kms.katalon.core.keyword.internal.KeywordExecutor.executeKeywordForPlatform(KeywordExecutor.groovy:74)
	at com.kms.katalon.core.webui.keyword.WebUiBuiltInKeywords.selectOptionByLabel(WebUiBuiltInKeywords.groovy:1213)
	at com.kms.katalon.core.webui.keyword.WebUiBuiltInKeywords$selectOptionByLabel$19.call(Unknown Source)
	at Portal_SmokeTest_WIState.run(Portal_SmokeTest_WIState:228)
	at com.kms.katalon.core.main.ScriptEngine.run(ScriptEngine.java:194)
	at com.kms.katalon.core.main.ScriptEngine.runScriptAsRawText(ScriptEngine.java:119)
	at com.kms.katalon.core.main.TestCaseExecutor.runScript(TestCaseExecutor.java:448)
	at com.kms.katalon.core.main.TestCaseExecutor.doExecute(TestCaseExecutor.java:439)
	at com.kms.katalon.core.main.TestCaseExecutor.processExecutionPhase(TestCaseExecutor.java:418)
	at com.kms.katalon.core.main.TestCaseExecutor.accessMainPhase(TestCaseExecutor.java:410)
	at com.kms.katalon.core.main.TestCaseExecutor.execute(TestCaseExecutor.java:285)
	at com.kms.katalon.core.common.CommonExecutor.accessTestCaseMainPhase(CommonExecutor.java:65)
	at com.kms.katalon.core.main.TestSuiteExecutor.accessTestSuiteMainPhase(TestSuiteExecutor.java:148)
	at com.kms.katalon.core.main.TestSuiteExecutor.execute(TestSuiteExecutor.java:106)
	at com.kms.katalon.core.main.TestCaseMain.startTestSuite(TestCaseMain.java:187)
	at com.kms.katalon.core.main.TestCaseMain$startTestSuite$0.call(Unknown Source)
	at TempTestSuite1712892562095.run(TempTestSuite1712892562095.groovy:36)
Caused by: com.kms.katalon.core.webui.exception.WebElementNotFoundException: Web element with id: 'Object Repository/PolicyCenter/PolicyCenterObjects/PC_UWActivity_Dropdown_AssignTo' located by '//div[text()='Assign To']/..//select' not found
	at com.kms.katalon.core.webui.common.WebUiCommonHelper.findWebElement(WebUiCommonHelper.java:1381)
	at com.kms.katalon.core.webui.keyword.internal.WebUIAbstractKeyword.findWebElement(WebUIAbstractKeyword.groovy:27)
	at com.kms.katalon.core.webui.keyword.internal.WebUIAbstractKeyword.findWebElement(WebUIAbstractKeyword.groovy:26)
	at com.kms.katalon.core.webui.keyword.builtin.SelectOptionByLabelKeyword$_selectOptionByLabel_closure1.doCall(SelectOptionByLabelKeyword.groovy:86)
	at com.kms.katalon.core.webui.keyword.builtin.SelectOptionByLabelKeyword$_selectOptionByLabel_closure1.call(SelectOptionByLabelKeyword.groovy)
	at com.kms.katalon.core.webui.keyword.internal.WebUIKeywordMain.runKeyword(WebUIKeywordMain.groovy:20)
	at com.kms.katalon.core.webui.keyword.builtin.SelectOptionByLabelKeyword.selectOptionByLabel(SelectOptionByLabelKeyword.groovy:98)
	at com.kms.katalon.core.webui.keyword.builtin.SelectOptionByLabelKeyword.execute(SelectOptionByLabelKeyword.groovy:71)
	at com.kms.katalon.core.keyword.internal.KeywordExecutor.executeKeywordForPlatform(KeywordExecutor.groovy:74)
	at com.kms.katalon.core.webui.keyword.WebUiBuiltInKeywords.selectOptionByLabel(WebUiBuiltInKeywords.groovy:1213)
	at com.kms.katalon.core.webui.keyword.WebUiBuiltInKeywords$selectOptionByLabel$19.call(Unknown Source)
	at Script1689938677126.run(Script1689938677126.groovy:228)
	... 13 more
)
[[ATTACHMENT|C:\\Users\\LellKir\\git\\HMIC-Portal\\HMIC-Portal\\HMIC-Portal\\HMIC-Portal\\HMIC-Portal\\HMIC-Portal\\Reports\\20240411_232922\\AgencyPortal_SmokeTest_WC\\20240411_232922\\1712895414997.png]]

2024-04-12 00:16:55 - [TEST_STEP][PASSED] - click(findTestObject("PolicyCenter/PolicyCenterObjects/PC_UWActivity_Button_Release"), OPTIONAL): Unable to click on object 'Object Repository/PolicyCenter/PolicyCenterObjects/PC_UWActivity_Button_Release' (Root cause: com.kms.katalon.core.exception.StepFailedException: Unable to click on object 'Object Repository/PolicyCenter/PolicyCenterObjects/PC_UWActivity_Button_Release'
	at com.kms.katalon.core.webui.keyword.internal.WebUIKeywordMain.stepFailed(WebUIKeywordMain.groovy:64)
	at com.kms.katalon.core.webui.keyword.internal.WebUIKeywordMain.runKeyword(WebUIKeywordMain.groovy:26)
	at com.kms.katalon.core.webui.keyword.builtin.ClickKeyword.click(ClickKeyword.groovy:74)
	at com.kms.katalon.core.webui.keyword.builtin.ClickKeyword.execute(ClickKeyword.groovy:40)
	at com.kms.katalon.core.keyword.internal.KeywordExecutor.executeKeywordForPlatform(KeywordExecutor.groovy:74)
	at com.kms.katalon.core.webui.keyword.WebUiBuiltInKeywords.click(WebUiBuiltInKeywords.groovy:608)
	at com.kms.katalon.core.webui.keyword.WebUiBuiltInKeywords$click$5.call(Unknown Source)
	at Portal_SmokeTest_WIState.run(Portal_SmokeTest_WIState:231)
	at com.kms.katalon.core.main.ScriptEngine.run(ScriptEngine.java:194)
	at com.kms.katalon.core.main.ScriptEngine.runScriptAsRawText(ScriptEngine.java:119)
	at com.kms.katalon.core.main.TestCaseExecutor.runScript(TestCaseExecutor.java:448)
	at com.kms.katalon.core.main.TestCaseExecutor.doExecute(TestCaseExecutor.java:439)
	at com.kms.katalon.core.main.TestCaseExecutor.processExecutionPhase(TestCaseExecutor.java:418)
	at com.kms.katalon.core.main.TestCaseExecutor.accessMainPhase(TestCaseExecutor.java:410)
	at com.kms.katalon.core.main.TestCaseExecutor.execute(TestCaseExecutor.java:285)
	at com.kms.katalon.core.common.CommonExecutor.accessTestCaseMainPhase(CommonExecutor.java:65)
	at com.kms.katalon.core.main.TestSuiteExecutor.accessTestSuiteMainPhase(TestSuiteExecutor.java:148)
	at com.kms.katalon.core.main.TestSuiteExecutor.execute(TestSuiteExecutor.java:106)
	at com.kms.katalon.core.main.TestCaseMain.startTestSuite(TestCaseMain.java:187)
	at com.kms.katalon.core.main.TestCaseMain$startTestSuite$0.call(Unknown Source)
	at TempTestSuite1712892562095.run(TempTestSuite1712892562095.groovy:36)
Caused by: com.kms.katalon.core.webui.exception.WebElementNotFoundException: Web element with id: 'Object Repository/PolicyCenter/PolicyCenterObjects/PC_UWActivity_Button_Release' located by '//div[@role='button']//div[text()='Release']' not found
	at com.kms.katalon.core.webui.common.WebUiCommonHelper.findWebElement(WebUiCommonHelper.java:1381)
	at com.kms.katalon.core.webui.keyword.internal.WebUIAbstractKeyword.findWebElement(WebUIAbstractKeyword.groovy:27)
	at com.kms.katalon.core.webui.keyword.builtin.ClickKeyword$_click_closure1.doCall(ClickKeyword.groovy:65)
	at com.kms.katalon.core.webui.keyword.builtin.ClickKeyword$_click_closure1.call(ClickKeyword.groovy)
	at com.kms.katalon.core.webui.keyword.internal.WebUIKeywordMain.runKeyword(WebUIKeywordMain.groovy:20)
	at com.kms.katalon.core.webui.keyword.builtin.ClickKeyword.click(ClickKeyword.groovy:74)
	at com.kms.katalon.core.webui.keyword.builtin.ClickKeyword.execute(ClickKeyword.groovy:40)
	at com.kms.katalon.core.keyword.internal.KeywordExecutor.executeKeywordForPlatform(KeywordExecutor.groovy:74)
	at com.kms.katalon.core.webui.keyword.WebUiBuiltInKeywords.click(WebUiBuiltInKeywords.groovy:608)
	at com.kms.katalon.core.webui.keyword.WebUiBuiltInKeywords$click$5.call(Unknown Source)
	at Script1689938677126.run(Script1689938677126.groovy:231)
	... 13 more
)

2024-04-12 00:17:26 - [MESSAGE][INFO] - Unable to find the element located by 'By.xpath: //div[@role='button']//div[text()='Release']'. Please recheck the objects properties to make sure the desired element is located. 

2024-04-12 00:17:26 - [MESSAGE][WARNING] - [SELF-HEALING] Failed to find element with id 'Object Repository/PolicyCenter/PolicyCenterObjects/PC_UWActivity_Button_Release'. Try using Self-healing.

2024-04-12 00:17:27 - [MESSAGE][INFO] - [SELF-HEALING] No working XPath is found.

2024-04-12 00:17:28 - [MESSAGE][INFO] - Unable to find the element located by 'By.xpath: '. Please recheck the objects properties to make sure the desired element is located. 

2024-04-12 00:17:28 - [MESSAGE][WARNING] - [SELF-HEALING] Cannot find elements when the selector is null

2024-04-12 00:17:28 - [MESSAGE][WARNING] - Unable to click on object 'Object Repository/PolicyCenter/PolicyCenterObjects/PC_UWActivity_Button_Release' (Root cause: com.kms.katalon.core.exception.StepFailedException: Unable to click on object 'Object Repository/PolicyCenter/PolicyCenterObjects/PC_UWActivity_Button_Release'
	at com.kms.katalon.core.webui.keyword.internal.WebUIKeywordMain.stepFailed(WebUIKeywordMain.groovy:64)
	at com.kms.katalon.core.webui.keyword.internal.WebUIKeywordMain.runKeyword(WebUIKeywordMain.groovy:26)
	at com.kms.katalon.core.webui.keyword.builtin.ClickKeyword.click(ClickKeyword.groovy:74)
	at com.kms.katalon.core.webui.keyword.builtin.ClickKeyword.execute(ClickKeyword.groovy:40)
	at com.kms.katalon.core.keyword.internal.KeywordExecutor.executeKeywordForPlatform(KeywordExecutor.groovy:74)
	at com.kms.katalon.core.webui.keyword.WebUiBuiltInKeywords.click(WebUiBuiltInKeywords.groovy:608)
	at com.kms.katalon.core.webui.keyword.WebUiBuiltInKeywords$click$5.call(Unknown Source)
	at Portal_SmokeTest_WIState.run(Portal_SmokeTest_WIState:231)
	at com.kms.katalon.core.main.ScriptEngine.run(ScriptEngine.java:194)
	at com.kms.katalon.core.main.ScriptEngine.runScriptAsRawText(ScriptEngine.java:119)
	at com.kms.katalon.core.main.TestCaseExecutor.runScript(TestCaseExecutor.java:448)
	at com.kms.katalon.core.main.TestCaseExecutor.doExecute(TestCaseExecutor.java:439)
	at com.kms.katalon.core.main.TestCaseExecutor.processExecutionPhase(TestCaseExecutor.java:418)
	at com.kms.katalon.core.main.TestCaseExecutor.accessMainPhase(TestCaseExecutor.java:410)
	at com.kms.katalon.core.main.TestCaseExecutor.execute(TestCaseExecutor.java:285)
	at com.kms.katalon.core.common.CommonExecutor.accessTestCaseMainPhase(CommonExecutor.java:65)
	at com.kms.katalon.core.main.TestSuiteExecutor.accessTestSuiteMainPhase(TestSuiteExecutor.java:148)
	at com.kms.katalon.core.main.TestSuiteExecutor.execute(TestSuiteExecutor.java:106)
	at com.kms.katalon.core.main.TestCaseMain.startTestSuite(TestCaseMain.java:187)
	at com.kms.katalon.core.main.TestCaseMain$startTestSuite$0.call(Unknown Source)
	at TempTestSuite1712892562095.run(TempTestSuite1712892562095.groovy:36)
Caused by: com.kms.katalon.core.webui.exception.WebElementNotFoundException: Web element with id: 'Object Repository/PolicyCenter/PolicyCenterObjects/PC_UWActivity_Button_Release' located by '//div[@role='button']//div[text()='Release']' not found
	at com.kms.katalon.core.webui.common.WebUiCommonHelper.findWebElement(WebUiCommonHelper.java:1381)
	at com.kms.katalon.core.webui.keyword.internal.WebUIAbstractKeyword.findWebElement(WebUIAbstractKeyword.groovy:27)
	at com.kms.katalon.core.webui.keyword.builtin.ClickKeyword$_click_closure1.doCall(ClickKeyword.groovy:65)
	at com.kms.katalon.core.webui.keyword.builtin.ClickKeyword$_click_closure1.call(ClickKeyword.groovy)
	at com.kms.katalon.core.webui.keyword.internal.WebUIKeywordMain.runKeyword(WebUIKeywordMain.groovy:20)
	at com.kms.katalon.core.webui.keyword.builtin.ClickKeyword.click(ClickKeyword.groovy:74)
	at com.kms.katalon.core.webui.keyword.builtin.ClickKeyword.execute(ClickKeyword.groovy:40)
	at com.kms.katalon.core.keyword.internal.KeywordExecutor.executeKeywordForPlatform(KeywordExecutor.groovy:74)
	at com.kms.katalon.core.webui.keyword.WebUiBuiltInKeywords.click(WebUiBuiltInKeywords.groovy:608)
	at com.kms.katalon.core.webui.keyword.WebUiBuiltInKeywords$click$5.call(Unknown Source)
	at Script1689938677126.run(Script1689938677126.groovy:231)
	... 13 more
)
[[ATTACHMENT|C:\\Users\\LellKir\\git\\HMIC-Portal\\HMIC-Portal\\HMIC-Portal\\HMIC-Portal\\HMIC-Portal\\HMIC-Portal\\Reports\\20240411_232922\\AgencyPortal_SmokeTest_WC\\20240411_232922\\1712895448661.png]]

2024-04-12 00:17:28 - [TEST_STEP][PASSED] - takeFullPageScreenshot(): Taking screenshot successfully

2024-04-12 00:17:29 - [MESSAGE][INFO] - 0 hidden object(s)

2024-04-12 00:17:29 - [MESSAGE][PASSED] - Taking screenshot successfully
[[ATTACHMENT|C:\\Users\\LellKir\\git\\HMIC-Portal\\HMIC-Portal\\HMIC-Portal\\HMIC-Portal\\HMIC-Portal\\HMIC-Portal\\Reports\\20240411_232922\\AgencyPortal_SmokeTest_WC\\20240411_232922\\1712895448794.png]]

2024-04-12 00:17:29 - [TEST_STEP][PASSED] - callTestCase(findTestCase("PolicyCenter_Pages/PC_CommonScreens/PC_LogOut"), [:], STOP_ON_FAILURE): Call Test Case 'Test Cases/PolicyCenter_Pages/PC_CommonScreens/PC_LogOut' successfully

2024-04-12 00:17:29 - [TEST_CASE][PASSED] - Test Cases/PolicyCenter_Pages/PC_CommonScreens/PC_LogOut: Test Cases/PolicyCenter_Pages/PC_CommonScreens/PC_LogOut

2024-04-12 00:17:30 - [TEST_STEP][PASSED] - click(findTestObject("PolicyCenter_LogOut/span_PC_Menu_Button_Settings")): Object: 'Object Repository/PolicyCenter_LogOut/span_PC_Menu_Button_Settings' is clicked on

2024-04-12 00:17:30 - [MESSAGE][PASSED] - Object: 'Object Repository/PolicyCenter_LogOut/span_PC_Menu_Button_Settings' is clicked on

2024-04-12 00:17:30 - [TEST_STEP][PASSED] - click(findTestObject("PolicyCenter_LogOut/div_PC_LogOut_TypeList_LogOut")): Object: 'Object Repository/PolicyCenter_LogOut/div_PC_LogOut_TypeList_LogOut' is clicked on

2024-04-12 00:17:31 - [MESSAGE][PASSED] - Object: 'Object Repository/PolicyCenter_LogOut/div_PC_LogOut_TypeList_LogOut' is clicked on

2024-04-12 00:17:31 - [TEST_STEP][PASSED] - acceptAlert(OPTIONAL): No alert found (Root cause: com.kms.katalon.core.exception.StepFailedException: No alert found
	at com.kms.katalon.core.webui.keyword.internal.WebUIKeywordMain.stepFailed(WebUIKeywordMain.groovy:64)
	at com.kms.katalon.core.webui.keyword.builtin.AcceptAlertKeyword$_acceptAlert_closure1.doCall(AcceptAlertKeyword.groovy:78)
	at com.kms.katalon.core.webui.keyword.builtin.AcceptAlertKeyword$_acceptAlert_closure1.call(AcceptAlertKeyword.groovy)
	at com.kms.katalon.core.webui.keyword.internal.WebUIKeywordMain.runKeyword(WebUIKeywordMain.groovy:20)
	at com.kms.katalon.core.webui.keyword.builtin.AcceptAlertKeyword.acceptAlert(AcceptAlertKeyword.groovy:71)
	at com.kms.katalon.core.webui.keyword.builtin.AcceptAlertKeyword.execute(AcceptAlertKeyword.groovy:66)
	at com.kms.katalon.core.keyword.internal.KeywordExecutor.executeKeywordForPlatform(KeywordExecutor.groovy:74)
	at com.kms.katalon.core.webui.keyword.WebUiBuiltInKeywords.acceptAlert(WebUiBuiltInKeywords.groovy:1510)
	at com.kms.katalon.core.webui.keyword.WebUiBuiltInKeywords$acceptAlert$18.call(Unknown Source)
	at PC_LogOut.run(PC_LogOut:24)
	at com.kms.katalon.core.main.ScriptEngine.run(ScriptEngine.java:194)
	at com.kms.katalon.core.main.ScriptEngine.runScriptAsRawText(ScriptEngine.java:119)
	at com.kms.katalon.core.main.TestCaseExecutor.runScript(TestCaseExecutor.java:448)
	at com.kms.katalon.core.main.TestCaseExecutor.doExecute(TestCaseExecutor.java:439)
	at com.kms.katalon.core.main.TestCaseExecutor.processExecutionPhase(TestCaseExecutor.java:418)
	at com.kms.katalon.core.main.TestCaseExecutor.accessMainPhase(TestCaseExecutor.java:410)
	at com.kms.katalon.core.main.TestCaseExecutor.execute(TestCaseExecutor.java:285)
	at com.kms.katalon.core.main.TestCaseMain.runTestCase(TestCaseMain.java:144)
	at com.kms.katalon.core.keyword.builtin.CallTestCaseKeyword$_callTestCase_closure1.doCall(CallTestCaseKeyword.groovy:59)
	at com.kms.katalon.core.keyword.builtin.CallTestCaseKeyword$_callTestCase_closure1.call(CallTestCaseKeyword.groovy)
	at com.kms.katalon.core.keyword.internal.KeywordMain.runKeyword(KeywordMain.groovy:75)
	at com.kms.katalon.core.keyword.builtin.CallTestCaseKeyword.callTestCase(CallTestCaseKeyword.groovy:81)
	at com.kms.katalon.core.keyword.builtin.CallTestCaseKeyword.execute(CallTestCaseKeyword.groovy:44)
	at com.kms.katalon.core.keyword.internal.KeywordExecutor.executeKeywordForPlatform(KeywordExecutor.groovy:74)
	at com.kms.katalon.core.keyword.BuiltinKeywords.callTestCase(BuiltinKeywords.groovy:310)
	at Portal_SmokeTest_WIState.run(Portal_SmokeTest_WIState:235)
	at com.kms.katalon.core.main.ScriptEngine.run(ScriptEngine.java:194)
	at com.kms.katalon.core.main.ScriptEngine.runScriptAsRawText(ScriptEngine.java:119)
	at com.kms.katalon.core.main.TestCaseExecutor.runScript(TestCaseExecutor.java:448)
	at com.kms.katalon.core.main.TestCaseExecutor.doExecute(TestCaseExecutor.java:439)
	at com.kms.katalon.core.main.TestCaseExecutor.processExecutionPhase(TestCaseExecutor.java:418)
	at com.kms.katalon.core.main.TestCaseExecutor.accessMainPhase(TestCaseExecutor.java:410)
	at com.kms.katalon.core.main.TestCaseExecutor.execute(TestCaseExecutor.java:285)
	at com.kms.katalon.core.common.CommonExecutor.accessTestCaseMainPhase(CommonExecutor.java:65)
	at com.kms.katalon.core.main.TestSuiteExecutor.accessTestSuiteMainPhase(TestSuiteExecutor.java:148)
	at com.kms.katalon.core.main.TestSuiteExecutor.execute(TestSuiteExecutor.java:106)
	at com.kms.katalon.core.main.TestCaseMain.startTestSuite(TestCaseMain.java:187)
	at com.kms.katalon.core.main.TestCaseMain$startTestSuite$0.call(Unknown Source)
	at TempTestSuite1712892562095.run(TempTestSuite1712892562095.groovy:36)
)

2024-04-12 00:17:31 - [MESSAGE][WARNING] - No alert found (Root cause: com.kms.katalon.core.exception.StepFailedException: No alert found
	at com.kms.katalon.core.webui.keyword.internal.WebUIKeywordMain.stepFailed(WebUIKeywordMain.groovy:64)
	at com.kms.katalon.core.webui.keyword.builtin.AcceptAlertKeyword$_acceptAlert_closure1.doCall(AcceptAlertKeyword.groovy:78)
	at com.kms.katalon.core.webui.keyword.builtin.AcceptAlertKeyword$_acceptAlert_closure1.call(AcceptAlertKeyword.groovy)
	at com.kms.katalon.core.webui.keyword.internal.WebUIKeywordMain.runKeyword(WebUIKeywordMain.groovy:20)
	at com.kms.katalon.core.webui.keyword.builtin.AcceptAlertKeyword.acceptAlert(AcceptAlertKeyword.groovy:71)
	at com.kms.katalon.core.webui.keyword.builtin.AcceptAlertKeyword.execute(AcceptAlertKeyword.groovy:66)
	at com.kms.katalon.core.keyword.internal.KeywordExecutor.executeKeywordForPlatform(KeywordExecutor.groovy:74)
	at com.kms.katalon.core.webui.keyword.WebUiBuiltInKeywords.acceptAlert(WebUiBuiltInKeywords.groovy:1510)
	at com.kms.katalon.core.webui.keyword.WebUiBuiltInKeywords$acceptAlert$18.call(Unknown Source)
	at PC_LogOut.run(PC_LogOut:24)
	at com.kms.katalon.core.main.ScriptEngine.run(ScriptEngine.java:194)
	at com.kms.katalon.core.main.ScriptEngine.runScriptAsRawText(ScriptEngine.java:119)
	at com.kms.katalon.core.main.TestCaseExecutor.runScript(TestCaseExecutor.java:448)
	at com.kms.katalon.core.main.TestCaseExecutor.doExecute(TestCaseExecutor.java:439)
	at com.kms.katalon.core.main.TestCaseExecutor.processExecutionPhase(TestCaseExecutor.java:418)
	at com.kms.katalon.core.main.TestCaseExecutor.accessMainPhase(TestCaseExecutor.java:410)
	at com.kms.katalon.core.main.TestCaseExecutor.execute(TestCaseExecutor.java:285)
	at com.kms.katalon.core.main.TestCaseMain.runTestCase(TestCaseMain.java:144)
	at com.kms.katalon.core.keyword.builtin.CallTestCaseKeyword$_callTestCase_closure1.doCall(CallTestCaseKeyword.groovy:59)
	at com.kms.katalon.core.keyword.builtin.CallTestCaseKeyword$_callTestCase_closure1.call(CallTestCaseKeyword.groovy)
	at com.kms.katalon.core.keyword.internal.KeywordMain.runKeyword(KeywordMain.groovy:75)
	at com.kms.katalon.core.keyword.builtin.CallTestCaseKeyword.callTestCase(CallTestCaseKeyword.groovy:81)
	at com.kms.katalon.core.keyword.builtin.CallTestCaseKeyword.execute(CallTestCaseKeyword.groovy:44)
	at com.kms.katalon.core.keyword.internal.KeywordExecutor.executeKeywordForPlatform(KeywordExecutor.groovy:74)
	at com.kms.katalon.core.keyword.BuiltinKeywords.callTestCase(BuiltinKeywords.groovy:310)
	at Portal_SmokeTest_WIState.run(Portal_SmokeTest_WIState:235)
	at com.kms.katalon.core.main.ScriptEngine.run(ScriptEngine.java:194)
	at com.kms.katalon.core.main.ScriptEngine.runScriptAsRawText(ScriptEngine.java:119)
	at com.kms.katalon.core.main.TestCaseExecutor.runScript(TestCaseExecutor.java:448)
	at com.kms.katalon.core.main.TestCaseExecutor.doExecute(TestCaseExecutor.java:439)
	at com.kms.katalon.core.main.TestCaseExecutor.processExecutionPhase(TestCaseExecutor.java:418)
	at com.kms.katalon.core.main.TestCaseExecutor.accessMainPhase(TestCaseExecutor.java:410)
	at com.kms.katalon.core.main.TestCaseExecutor.execute(TestCaseExecutor.java:285)
	at com.kms.katalon.core.common.CommonExecutor.accessTestCaseMainPhase(CommonExecutor.java:65)
	at com.kms.katalon.core.main.TestSuiteExecutor.accessTestSuiteMainPhase(TestSuiteExecutor.java:148)
	at com.kms.katalon.core.main.TestSuiteExecutor.execute(TestSuiteExecutor.java:106)
	at com.kms.katalon.core.main.TestCaseMain.startTestSuite(TestCaseMain.java:187)
	at com.kms.katalon.core.main.TestCaseMain$startTestSuite$0.call(Unknown Source)
	at TempTestSuite1712892562095.run(TempTestSuite1712892562095.groovy:36)
)
[[ATTACHMENT|C:\\Users\\LellKir\\git\\HMIC-Portal\\HMIC-Portal\\HMIC-Portal\\HMIC-Portal\\HMIC-Portal\\HMIC-Portal\\Reports\\20240411_232922\\AgencyPortal_SmokeTest_WC\\20240411_232922\\1712895451083.png]]

2024-04-12 00:17:31 - [MESSAGE][PASSED] - Call Test Case 'Test Cases/PolicyCenter_Pages/PC_CommonScreens/PC_LogOut' successfully

2024-04-12 00:17:31 - [TEST_STEP][PASSED] - callTestCase(findTestCase("Portal_Pages/Portal_CommonScreens/Portal_Login"), ["Portal_Username":Portal_Username, "Portal_Password":Portal_Password], STOP_ON_FAILURE): Call Test Case 'Test Cases/Portal_Pages/Portal_CommonScreens/Portal_Login' successfully

2024-04-12 00:17:31 - [TEST_CASE][PASSED] - Test Cases/Portal_Pages/Portal_CommonScreens/Portal_Login: Test Cases/Portal_Pages/Portal_CommonScreens/Portal_Login

2024-04-12 00:17:31 - [TEST_STEP][PASSED] - openBrowser(""): Browser is opened with url: ''

2024-04-12 00:17:31 - [MESSAGE][WARNING] - A browser is already opened. Closing browser and opening a new one

2024-04-12 00:17:32 - [MESSAGE][INFO] - Starting 'Chrome' driver

2024-04-12 00:17:32 - [MESSAGE][INFO] - Action delay is set to 0 milliseconds

2024-04-12 00:17:36 - [MESSAGE][PASSED] - Browser is opened with url: ''

2024-04-12 00:17:36 - [TEST_STEP][PASSED] - deleteAllCookies(): Delete all cookies successfully

2024-04-12 00:17:36 - [MESSAGE][PASSED] - Delete all cookies successfully

2024-04-12 00:17:36 - [TEST_STEP][PASSED] - maximizeWindow(): Current window maximized

2024-04-12 00:17:36 - [MESSAGE][PASSED] - Current window maximized

2024-04-12 00:17:36 - [TEST_STEP][PASSED] - takeFullPageScreenshot(): Taking screenshot successfully

2024-04-12 00:17:36 - [MESSAGE][INFO] - 0 hidden object(s)

2024-04-12 00:17:36 - [MESSAGE][PASSED] - Taking screenshot successfully
[[ATTACHMENT|C:\\Users\\LellKir\\git\\HMIC-Portal\\HMIC-Portal\\HMIC-Portal\\HMIC-Portal\\HMIC-Portal\\HMIC-Portal\\Reports\\20240411_232922\\AgencyPortal_SmokeTest_WC\\20240411_232922\\1712895456234.png]]

2024-04-12 00:17:36 - [TEST_STEP][PASSED] - navigateToUrl(PortalURL): Navigate to 'https://agencyportal.qa1.hastingsmutual.com/Accounts' successfully

2024-04-12 00:17:46 - [MESSAGE][PASSED] - Navigate to 'https://agencyportal.qa1.hastingsmutual.com/Accounts' successfully

2024-04-12 00:17:46 - [TEST_STEP][PASSED] - waitForPageLoad(10): Wait for page load successfully

2024-04-12 00:17:47 - [MESSAGE][PASSED] - Wait for page load successfully

2024-04-12 00:17:47 - [TEST_STEP][PASSED] - takeFullPageScreenshot(): Taking screenshot successfully

2024-04-12 00:17:48 - [MESSAGE][INFO] - 0 hidden object(s)

2024-04-12 00:17:48 - [MESSAGE][PASSED] - Taking screenshot successfully
[[ATTACHMENT|C:\\Users\\LellKir\\git\\HMIC-Portal\\HMIC-Portal\\HMIC-Portal\\HMIC-Portal\\HMIC-Portal\\HMIC-Portal\\Reports\\20240411_232922\\AgencyPortal_SmokeTest_WC\\20240411_232922\\1712895467767.png]]

2024-04-12 00:17:48 - [TEST_STEP][PASSED] - click(findTestObject("Object Repository/PolicyCenter_Login/div_PC_Login_Link_ClickHereToLogin"), OPTIONAL): Unable to click on object 'Object Repository/PolicyCenter_Login/div_PC_Login_Link_ClickHereToLogin' (Root cause: com.kms.katalon.core.exception.StepFailedException: Unable to click on object 'Object Repository/PolicyCenter_Login/div_PC_Login_Link_ClickHereToLogin'
	at com.kms.katalon.core.webui.keyword.internal.WebUIKeywordMain.stepFailed(WebUIKeywordMain.groovy:64)
	at com.kms.katalon.core.webui.keyword.internal.WebUIKeywordMain.runKeyword(WebUIKeywordMain.groovy:26)
	at com.kms.katalon.core.webui.keyword.builtin.ClickKeyword.click(ClickKeyword.groovy:74)
	at com.kms.katalon.core.webui.keyword.builtin.ClickKeyword.execute(ClickKeyword.groovy:40)
	at com.kms.katalon.core.keyword.internal.KeywordExecutor.executeKeywordForPlatform(KeywordExecutor.groovy:74)
	at com.kms.katalon.core.webui.keyword.WebUiBuiltInKeywords.click(WebUiBuiltInKeywords.groovy:608)
	at com.kms.katalon.core.webui.keyword.WebUiBuiltInKeywords$click$5.call(Unknown Source)
	at Portal_Login.run(Portal_Login:34)
	at com.kms.katalon.core.main.ScriptEngine.run(ScriptEngine.java:194)
	at com.kms.katalon.core.main.ScriptEngine.runScriptAsRawText(ScriptEngine.java:119)
	at com.kms.katalon.core.main.TestCaseExecutor.runScript(TestCaseExecutor.java:448)
	at com.kms.katalon.core.main.TestCaseExecutor.doExecute(TestCaseExecutor.java:439)
	at com.kms.katalon.core.main.TestCaseExecutor.processExecutionPhase(TestCaseExecutor.java:418)
	at com.kms.katalon.core.main.TestCaseExecutor.accessMainPhase(TestCaseExecutor.java:410)
	at com.kms.katalon.core.main.TestCaseExecutor.execute(TestCaseExecutor.java:285)
	at com.kms.katalon.core.main.TestCaseMain.runTestCase(TestCaseMain.java:144)
	at com.kms.katalon.core.keyword.builtin.CallTestCaseKeyword$_callTestCase_closure1.doCall(CallTestCaseKeyword.groovy:59)
	at com.kms.katalon.core.keyword.builtin.CallTestCaseKeyword$_callTestCase_closure1.call(CallTestCaseKeyword.groovy)
	at com.kms.katalon.core.keyword.internal.KeywordMain.runKeyword(KeywordMain.groovy:75)
	at com.kms.katalon.core.keyword.builtin.CallTestCaseKeyword.callTestCase(CallTestCaseKeyword.groovy:81)
	at com.kms.katalon.core.keyword.builtin.CallTestCaseKeyword.execute(CallTestCaseKeyword.groovy:44)
	at com.kms.katalon.core.keyword.internal.KeywordExecutor.executeKeywordForPlatform(KeywordExecutor.groovy:74)
	at com.kms.katalon.core.keyword.BuiltinKeywords.callTestCase(BuiltinKeywords.groovy:310)
	at Portal_SmokeTest_WIState.run(Portal_SmokeTest_WIState:237)
	at com.kms.katalon.core.main.ScriptEngine.run(ScriptEngine.java:194)
	at com.kms.katalon.core.main.ScriptEngine.runScriptAsRawText(ScriptEngine.java:119)
	at com.kms.katalon.core.main.TestCaseExecutor.runScript(TestCaseExecutor.java:448)
	at com.kms.katalon.core.main.TestCaseExecutor.doExecute(TestCaseExecutor.java:439)
	at com.kms.katalon.core.main.TestCaseExecutor.processExecutionPhase(TestCaseExecutor.java:418)
	at com.kms.katalon.core.main.TestCaseExecutor.accessMainPhase(TestCaseExecutor.java:410)
	at com.kms.katalon.core.main.TestCaseExecutor.execute(TestCaseExecutor.java:285)
	at com.kms.katalon.core.common.CommonExecutor.accessTestCaseMainPhase(CommonExecutor.java:65)
	at com.kms.katalon.core.main.TestSuiteExecutor.accessTestSuiteMainPhase(TestSuiteExecutor.java:148)
	at com.kms.katalon.core.main.TestSuiteExecutor.execute(TestSuiteExecutor.java:106)
	at com.kms.katalon.core.main.TestCaseMain.startTestSuite(TestCaseMain.java:187)
	at com.kms.katalon.core.main.TestCaseMain$startTestSuite$0.call(Unknown Source)
	at TempTestSuite1712892562095.run(TempTestSuite1712892562095.groovy:36)
Caused by: com.kms.katalon.core.webui.exception.WebElementNotFoundException: Web element with id: 'Object Repository/PolicyCenter_Login/div_PC_Login_Link_ClickHereToLogin' located by '//div[contains(@id,'LoginDetailsInputSet-LoginLink')]' not found
	at com.kms.katalon.core.webui.common.WebUiCommonHelper.findWebElement(WebUiCommonHelper.java:1381)
	at com.kms.katalon.core.webui.keyword.internal.WebUIAbstractKeyword.findWebElement(WebUIAbstractKeyword.groovy:27)
	at com.kms.katalon.core.webui.keyword.builtin.ClickKeyword$_click_closure1.doCall(ClickKeyword.groovy:65)
	at com.kms.katalon.core.webui.keyword.builtin.ClickKeyword$_click_closure1.call(ClickKeyword.groovy)
	at com.kms.katalon.core.webui.keyword.internal.WebUIKeywordMain.runKeyword(WebUIKeywordMain.groovy:20)
	at com.kms.katalon.core.webui.keyword.builtin.ClickKeyword.click(ClickKeyword.groovy:74)
	at com.kms.katalon.core.webui.keyword.builtin.ClickKeyword.execute(ClickKeyword.groovy:40)
	at com.kms.katalon.core.keyword.internal.KeywordExecutor.executeKeywordForPlatform(KeywordExecutor.groovy:74)
	at com.kms.katalon.core.webui.keyword.WebUiBuiltInKeywords.click(WebUiBuiltInKeywords.groovy:608)
	at com.kms.katalon.core.webui.keyword.WebUiBuiltInKeywords$click$5.call(Unknown Source)
	at Script1683558008637.run(Script1683558008637.groovy:34)
	at com.kms.katalon.core.main.ScriptEngine.run(ScriptEngine.java:194)
	at com.kms.katalon.core.main.ScriptEngine.runScriptAsRawText(ScriptEngine.java:119)
	at com.kms.katalon.core.main.TestCaseExecutor.runScript(TestCaseExecutor.java:448)
	at com.kms.katalon.core.main.TestCaseExecutor.doExecute(TestCaseExecutor.java:439)
	at com.kms.katalon.core.main.TestCaseExecutor.processExecutionPhase(TestCaseExecutor.java:418)
	at com.kms.katalon.core.main.TestCaseExecutor.accessMainPhase(TestCaseExecutor.java:410)
	at com.kms.katalon.core.main.TestCaseExecutor.execute(TestCaseExecutor.java:285)
	at com.kms.katalon.core.main.TestCaseMain.runTestCase(TestCaseMain.java:144)
	at com.kms.katalon.core.keyword.builtin.CallTestCaseKeyword$_callTestCase_closure1.doCall(CallTestCaseKeyword.groovy:59)
	at com.kms.katalon.core.keyword.builtin.CallTestCaseKeyword$_callTestCase_closure1.call(CallTestCaseKeyword.groovy)
	at com.kms.katalon.core.keyword.internal.KeywordMain.runKeyword(KeywordMain.groovy:75)
	at com.kms.katalon.core.keyword.builtin.CallTestCaseKeyword.callTestCase(CallTestCaseKeyword.groovy:81)
	at com.kms.katalon.core.keyword.builtin.CallTestCaseKeyword.execute(CallTestCaseKeyword.groovy:44)
	at com.kms.katalon.core.keyword.internal.KeywordExecutor.executeKeywordForPlatform(KeywordExecutor.groovy:74)
	at com.kms.katalon.core.keyword.BuiltinKeywords.callTestCase(BuiltinKeywords.groovy:310)
	at Script1689938677126.run(Script1689938677126.groovy:237)
	... 13 more
)

2024-04-12 00:18:19 - [MESSAGE][INFO] - Unable to find the element located by 'By.xpath: //div[contains(@id,'LoginDetailsInputSet-LoginLink')]'. Please recheck the objects properties to make sure the desired element is located. 

2024-04-12 00:18:19 - [MESSAGE][WARNING] - [SELF-HEALING] Failed to find element with id 'Object Repository/PolicyCenter_Login/div_PC_Login_Link_ClickHereToLogin'. Try using Self-healing.

2024-04-12 00:18:20 - [MESSAGE][INFO] - [SELF-HEALING] No working XPath is found.

2024-04-12 00:18:22 - [MESSAGE][INFO] - Unable to find the element located by 'By.xpath: '. Please recheck the objects properties to make sure the desired element is located. 

2024-04-12 00:18:22 - [MESSAGE][WARNING] - [SELF-HEALING] Cannot find elements when the selector is null

2024-04-12 00:18:22 - [MESSAGE][WARNING] - Unable to click on object 'Object Repository/PolicyCenter_Login/div_PC_Login_Link_ClickHereToLogin' (Root cause: com.kms.katalon.core.exception.StepFailedException: Unable to click on object 'Object Repository/PolicyCenter_Login/div_PC_Login_Link_ClickHereToLogin'
	at com.kms.katalon.core.webui.keyword.internal.WebUIKeywordMain.stepFailed(WebUIKeywordMain.groovy:64)
	at com.kms.katalon.core.webui.keyword.internal.WebUIKeywordMain.runKeyword(WebUIKeywordMain.groovy:26)
	at com.kms.katalon.core.webui.keyword.builtin.ClickKeyword.click(ClickKeyword.groovy:74)
	at com.kms.katalon.core.webui.keyword.builtin.ClickKeyword.execute(ClickKeyword.groovy:40)
	at com.kms.katalon.core.keyword.internal.KeywordExecutor.executeKeywordForPlatform(KeywordExecutor.groovy:74)
	at com.kms.katalon.core.webui.keyword.WebUiBuiltInKeywords.click(WebUiBuiltInKeywords.groovy:608)
	at com.kms.katalon.core.webui.keyword.WebUiBuiltInKeywords$click$5.call(Unknown Source)
	at Portal_Login.run(Portal_Login:34)
	at com.kms.katalon.core.main.ScriptEngine.run(ScriptEngine.java:194)
	at com.kms.katalon.core.main.ScriptEngine.runScriptAsRawText(ScriptEngine.java:119)
	at com.kms.katalon.core.main.TestCaseExecutor.runScript(TestCaseExecutor.java:448)
	at com.kms.katalon.core.main.TestCaseExecutor.doExecute(TestCaseExecutor.java:439)
	at com.kms.katalon.core.main.TestCaseExecutor.processExecutionPhase(TestCaseExecutor.java:418)
	at com.kms.katalon.core.main.TestCaseExecutor.accessMainPhase(TestCaseExecutor.java:410)
	at com.kms.katalon.core.main.TestCaseExecutor.execute(TestCaseExecutor.java:285)
	at com.kms.katalon.core.main.TestCaseMain.runTestCase(TestCaseMain.java:144)
	at com.kms.katalon.core.keyword.builtin.CallTestCaseKeyword$_callTestCase_closure1.doCall(CallTestCaseKeyword.groovy:59)
	at com.kms.katalon.core.keyword.builtin.CallTestCaseKeyword$_callTestCase_closure1.call(CallTestCaseKeyword.groovy)
	at com.kms.katalon.core.keyword.internal.KeywordMain.runKeyword(KeywordMain.groovy:75)
	at com.kms.katalon.core.keyword.builtin.CallTestCaseKeyword.callTestCase(CallTestCaseKeyword.groovy:81)
	at com.kms.katalon.core.keyword.builtin.CallTestCaseKeyword.execute(CallTestCaseKeyword.groovy:44)
	at com.kms.katalon.core.keyword.internal.KeywordExecutor.executeKeywordForPlatform(KeywordExecutor.groovy:74)
	at com.kms.katalon.core.keyword.BuiltinKeywords.callTestCase(BuiltinKeywords.groovy:310)
	at Portal_SmokeTest_WIState.run(Portal_SmokeTest_WIState:237)
	at com.kms.katalon.core.main.ScriptEngine.run(ScriptEngine.java:194)
	at com.kms.katalon.core.main.ScriptEngine.runScriptAsRawText(ScriptEngine.java:119)
	at com.kms.katalon.core.main.TestCaseExecutor.runScript(TestCaseExecutor.java:448)
	at com.kms.katalon.core.main.TestCaseExecutor.doExecute(TestCaseExecutor.java:439)
	at com.kms.katalon.core.main.TestCaseExecutor.processExecutionPhase(TestCaseExecutor.java:418)
	at com.kms.katalon.core.main.TestCaseExecutor.accessMainPhase(TestCaseExecutor.java:410)
	at com.kms.katalon.core.main.TestCaseExecutor.execute(TestCaseExecutor.java:285)
	at com.kms.katalon.core.common.CommonExecutor.accessTestCaseMainPhase(CommonExecutor.java:65)
	at com.kms.katalon.core.main.TestSuiteExecutor.accessTestSuiteMainPhase(TestSuiteExecutor.java:148)
	at com.kms.katalon.core.main.TestSuiteExecutor.execute(TestSuiteExecutor.java:106)
	at com.kms.katalon.core.main.TestCaseMain.startTestSuite(TestCaseMain.java:187)
	at com.kms.katalon.core.main.TestCaseMain$startTestSuite$0.call(Unknown Source)
	at TempTestSuite1712892562095.run(TempTestSuite1712892562095.groovy:36)
Caused by: com.kms.katalon.core.webui.exception.WebElementNotFoundException: Web element with id: 'Object Repository/PolicyCenter_Login/div_PC_Login_Link_ClickHereToLogin' located by '//div[contains(@id,'LoginDetailsInputSet-LoginLink')]' not found
	at com.kms.katalon.core.webui.common.WebUiCommonHelper.findWebElement(WebUiCommonHelper.java:1381)
	at com.kms.katalon.core.webui.keyword.internal.WebUIAbstractKeyword.findWebElement(WebUIAbstractKeyword.groovy:27)
	at com.kms.katalon.core.webui.keyword.builtin.ClickKeyword$_click_closure1.doCall(ClickKeyword.groovy:65)
	at com.kms.katalon.core.webui.keyword.builtin.ClickKeyword$_click_closure1.call(ClickKeyword.groovy)
	at com.kms.katalon.core.webui.keyword.internal.WebUIKeywordMain.runKeyword(WebUIKeywordMain.groovy:20)
	at com.kms.katalon.core.webui.keyword.builtin.ClickKeyword.click(ClickKeyword.groovy:74)
	at com.kms.katalon.core.webui.keyword.builtin.ClickKeyword.execute(ClickKeyword.groovy:40)
	at com.kms.katalon.core.keyword.internal.KeywordExecutor.executeKeywordForPlatform(KeywordExecutor.groovy:74)
	at com.kms.katalon.core.webui.keyword.WebUiBuiltInKeywords.click(WebUiBuiltInKeywords.groovy:608)
	at com.kms.katalon.core.webui.keyword.WebUiBuiltInKeywords$click$5.call(Unknown Source)
	at Script1683558008637.run(Script1683558008637.groovy:34)
	at com.kms.katalon.core.main.ScriptEngine.run(ScriptEngine.java:194)
	at com.kms.katalon.core.main.ScriptEngine.runScriptAsRawText(ScriptEngine.java:119)
	at com.kms.katalon.core.main.TestCaseExecutor.runScript(TestCaseExecutor.java:448)
	at com.kms.katalon.core.main.TestCaseExecutor.doExecute(TestCaseExecutor.java:439)
	at com.kms.katalon.core.main.TestCaseExecutor.processExecutionPhase(TestCaseExecutor.java:418)
	at com.kms.katalon.core.main.TestCaseExecutor.accessMainPhase(TestCaseExecutor.java:410)
	at com.kms.katalon.core.main.TestCaseExecutor.execute(TestCaseExecutor.java:285)
	at com.kms.katalon.core.main.TestCaseMain.runTestCase(TestCaseMain.java:144)
	at com.kms.katalon.core.keyword.builtin.CallTestCaseKeyword$_callTestCase_closure1.doCall(CallTestCaseKeyword.groovy:59)
	at com.kms.katalon.core.keyword.builtin.CallTestCaseKeyword$_callTestCase_closure1.call(CallTestCaseKeyword.groovy)
	at com.kms.katalon.core.keyword.internal.KeywordMain.runKeyword(KeywordMain.groovy:75)
	at com.kms.katalon.core.keyword.builtin.CallTestCaseKeyword.callTestCase(CallTestCaseKeyword.groovy:81)
	at com.kms.katalon.core.keyword.builtin.CallTestCaseKeyword.execute(CallTestCaseKeyword.groovy:44)
	at com.kms.katalon.core.keyword.internal.KeywordExecutor.executeKeywordForPlatform(KeywordExecutor.groovy:74)
	at com.kms.katalon.core.keyword.BuiltinKeywords.callTestCase(BuiltinKeywords.groovy:310)
	at Script1689938677126.run(Script1689938677126.groovy:237)
	... 13 more
)
[[ATTACHMENT|C:\\Users\\LellKir\\git\\HMIC-Portal\\HMIC-Portal\\HMIC-Portal\\HMIC-Portal\\HMIC-Portal\\HMIC-Portal\\Reports\\20240411_232922\\AgencyPortal_SmokeTest_WC\\20240411_232922\\1712895502005.png]]

2024-04-12 00:18:22 - [TEST_STEP][PASSED] - setText(findTestObject("Object Repository/PolicyCenter_Login/input_PC_Login_TextBox_UserName"), Portal_Username): Text 'adminuser2059' is set on object 'Object Repository/PolicyCenter_Login/input_PC_Login_TextBox_UserName'

2024-04-12 00:18:23 - [MESSAGE][PASSED] - Text 'adminuser2059' is set on object 'Object Repository/PolicyCenter_Login/input_PC_Login_TextBox_UserName'

2024-04-12 00:18:23 - [TEST_STEP][PASSED] - setText(findTestObject("Object Repository/PolicyCenter_Login/input_PC_Login_TextBox_Password"), Portal_Password): Text 'Hmic1234' is set on object 'Object Repository/PolicyCenter_Login/input_PC_Login_TextBox_Password'

2024-04-12 00:18:23 - [MESSAGE][PASSED] - Text 'Hmic1234' is set on object 'Object Repository/PolicyCenter_Login/input_PC_Login_TextBox_Password'

2024-04-12 00:18:23 - [TEST_STEP][PASSED] - takeFullPageScreenshot(): Taking screenshot successfully

2024-04-12 00:18:24 - [MESSAGE][INFO] - 0 hidden object(s)

2024-04-12 00:18:24 - [MESSAGE][PASSED] - Taking screenshot successfully
[[ATTACHMENT|C:\\Users\\LellKir\\git\\HMIC-Portal\\HMIC-Portal\\HMIC-Portal\\HMIC-Portal\\HMIC-Portal\\HMIC-Portal\\Reports\\20240411_232922\\AgencyPortal_SmokeTest_WC\\20240411_232922\\1712895503811.png]]

2024-04-12 00:18:24 - [TEST_STEP][PASSED] - waitForElementVisible(findTestObject("PolicyCenter_Login/input_PC_Login_Button_Login"), 20): Object 'Object Repository/PolicyCenter_Login/input_PC_Login_Button_Login' is visible

2024-04-12 00:18:24 - [MESSAGE][PASSED] - Object 'Object Repository/PolicyCenter_Login/input_PC_Login_Button_Login' is visible

2024-04-12 00:18:24 - [TEST_STEP][PASSED] - click(findTestObject("Object Repository/PolicyCenter_Login/input_PC_Login_Button_Login")): Object: 'Object Repository/PolicyCenter_Login/input_PC_Login_Button_Login' is clicked on

2024-04-12 00:18:25 - [MESSAGE][PASSED] - Object: 'Object Repository/PolicyCenter_Login/input_PC_Login_Button_Login' is clicked on

2024-04-12 00:18:25 - [TEST_STEP][PASSED] - takeFullPageScreenshot(): Taking screenshot successfully

2024-04-12 00:18:27 - [MESSAGE][INFO] - 0 hidden object(s)

2024-04-12 00:18:27 - [MESSAGE][PASSED] - Taking screenshot successfully
[[ATTACHMENT|C:\\Users\\LellKir\\git\\HMIC-Portal\\HMIC-Portal\\HMIC-Portal\\HMIC-Portal\\HMIC-Portal\\HMIC-Portal\\Reports\\20240411_232922\\AgencyPortal_SmokeTest_WC\\20240411_232922\\1712895505470.png]]

2024-04-12 00:18:27 - [TEST_STEP][PASSED] - waitForElementVisible(findTestObject("Portal/Portal_Common_Header_SearchForAccOrPol"), 30): Object 'Object Repository/Portal/Portal_Common_Header_SearchForAccOrPol' is visible

2024-04-12 00:18:28 - [MESSAGE][PASSED] - Object 'Object Repository/Portal/Portal_Common_Header_SearchForAccOrPol' is visible

2024-04-12 00:18:28 - [TEST_STEP][PASSED] - verifyElementVisible(findTestObject("Portal/Portal_Common_Header_SearchForAccOrPol")): Object 'Object Repository/Portal/Portal_Common_Header_SearchForAccOrPol' is visible

2024-04-12 00:18:29 - [MESSAGE][PASSED] - Object 'Object Repository/Portal/Portal_Common_Header_SearchForAccOrPol' is visible

2024-04-12 00:18:29 - [TEST_STEP][PASSED] - takeFullPageScreenshot(): Taking screenshot successfully

2024-04-12 00:18:29 - [MESSAGE][INFO] - 0 hidden object(s)

2024-04-12 00:18:29 - [MESSAGE][PASSED] - Taking screenshot successfully
[[ATTACHMENT|C:\\Users\\LellKir\\git\\HMIC-Portal\\HMIC-Portal\\HMIC-Portal\\HMIC-Portal\\HMIC-Portal\\HMIC-Portal\\Reports\\20240411_232922\\AgencyPortal_SmokeTest_WC\\20240411_232922\\1712895509166.png]]

2024-04-12 00:18:29 - [MESSAGE][PASSED] - Call Test Case 'Test Cases/Portal_Pages/Portal_CommonScreens/Portal_Login' successfully

2024-04-12 00:18:29 - [TEST_STEP][PASSED] - click(findTestObject("Object Repository/Portal/Portal_Common_Tab_Quote")): Object: 'Object Repository/Portal/Portal_Common_Tab_Quote' is clicked on

2024-04-12 00:18:36 - [MESSAGE][PASSED] - Object: 'Object Repository/Portal/Portal_Common_Tab_Quote' is clicked on

2024-04-12 00:18:36 - [TEST_STEP][PASSED] - comment("User should able to search the quote in Portal"): User should able to search the quote in Portal

2024-04-12 00:18:36 - [MESSAGE][INFO] - User should able to search the quote in Portal

2024-04-12 00:18:36 - [TEST_STEP][PASSED] - verifyElementText(findTestObject("Object Repository/Portal/Portal_Quote_Header_NewBusinessDashboard"), "New Business Dashboard"): Actual text and expected text of test object 'Object Repository/Portal/Portal_Quote_Header_NewBusinessDashboard' are matched.

2024-04-12 00:19:07 - [MESSAGE][PASSED] - Actual text and expected text of test object 'Object Repository/Portal/Portal_Quote_Header_NewBusinessDashboard' are matched.

2024-04-12 00:19:07 - [TEST_STEP][PASSED] - setText(findTestObject("Object Repository/Portal/Portal_Quote_TextBox_SearchFor"), SubmissionNumber): Text '0011309828' is set on object 'Object Repository/Portal/Portal_Quote_TextBox_SearchFor'

2024-04-12 00:20:07 - [MESSAGE][PASSED] - Text '0011309828' is set on object 'Object Repository/Portal/Portal_Quote_TextBox_SearchFor'

2024-04-12 00:20:07 - [TEST_STEP][PASSED] - waitForPageLoad(10): Wait for page load successfully

2024-04-12 00:20:07 - [MESSAGE][PASSED] - Wait for page load successfully

2024-04-12 00:20:07 - [TEST_STEP][PASSED] - click(findTestObject("Object Repository/Portal/Portal_Quote_Button_Search")): Object: 'Object Repository/Portal/Portal_Quote_Button_Search' is clicked on

2024-04-12 00:20:37 - [MESSAGE][PASSED] - Object: 'Object Repository/Portal/Portal_Quote_Button_Search' is clicked on

2024-04-12 00:20:37 - [TEST_STEP][PASSED] - waitForPageLoad(10): Wait for page load successfully

2024-04-12 00:20:37 - [MESSAGE][PASSED] - Wait for page load successfully

2024-04-12 00:20:37 - [TEST_STEP][FAILED] - click(findTestObject("Portal/Portal_Quote_Table_QuoteNum", ["SubmissionNumber":SubmissionNumber])): Unable to click on object 'Object Repository/Portal/Portal_Quote_Table_QuoteNum' (Root cause: com.kms.katalon.core.exception.StepFailedException: Unable to click on object 'Object Repository/Portal/Portal_Quote_Table_QuoteNum'
	at com.kms.katalon.core.webui.keyword.internal.WebUIKeywordMain.stepFailed(WebUIKeywordMain.groovy:64)
	at com.kms.katalon.core.webui.keyword.internal.WebUIKeywordMain.runKeyword(WebUIKeywordMain.groovy:26)
	at com.kms.katalon.core.webui.keyword.builtin.ClickKeyword.click(ClickKeyword.groovy:74)
	at com.kms.katalon.core.webui.keyword.builtin.ClickKeyword.execute(ClickKeyword.groovy:40)
	at com.kms.katalon.core.keyword.internal.KeywordExecutor.executeKeywordForPlatform(KeywordExecutor.groovy:74)
	at com.kms.katalon.core.webui.keyword.WebUiBuiltInKeywords.click(WebUiBuiltInKeywords.groovy:620)
	at com.kms.katalon.core.webui.keyword.WebUiBuiltInKeywords$click$8.call(Unknown Source)
	at Portal_SmokeTest_WIState.run(Portal_SmokeTest_WIState:254)
	at com.kms.katalon.core.main.ScriptEngine.run(ScriptEngine.java:194)
	at com.kms.katalon.core.main.ScriptEngine.runScriptAsRawText(ScriptEngine.java:119)
	at com.kms.katalon.core.main.TestCaseExecutor.runScript(TestCaseExecutor.java:448)
	at com.kms.katalon.core.main.TestCaseExecutor.doExecute(TestCaseExecutor.java:439)
	at com.kms.katalon.core.main.TestCaseExecutor.processExecutionPhase(TestCaseExecutor.java:418)
	at com.kms.katalon.core.main.TestCaseExecutor.accessMainPhase(TestCaseExecutor.java:410)
	at com.kms.katalon.core.main.TestCaseExecutor.execute(TestCaseExecutor.java:285)
	at com.kms.katalon.core.common.CommonExecutor.accessTestCaseMainPhase(CommonExecutor.java:65)
	at com.kms.katalon.core.main.TestSuiteExecutor.accessTestSuiteMainPhase(TestSuiteExecutor.java:148)
	at com.kms.katalon.core.main.TestSuiteExecutor.execute(TestSuiteExecutor.java:106)
	at com.kms.katalon.core.main.TestCaseMain.startTestSuite(TestCaseMain.java:187)
	at com.kms.katalon.core.main.TestCaseMain$startTestSuite$0.call(Unknown Source)
	at TempTestSuite1712892562095.run(TempTestSuite1712892562095.groovy:36)
Caused by: com.kms.katalon.core.webui.exception.WebElementNotFoundException: Web element with id: 'Object Repository/Portal/Portal_Quote_Table_QuoteNum' located by '//div[contains(@class,'OpenQuote_Cell_')]//p[text()='0011309828']' not found
	at com.kms.katalon.core.webui.common.WebUiCommonHelper.findWebElement(WebUiCommonHelper.java:1381)
	at com.kms.katalon.core.webui.keyword.internal.WebUIAbstractKeyword.findWebElement(WebUIAbstractKeyword.groovy:27)
	at com.kms.katalon.core.webui.keyword.builtin.ClickKeyword$_click_closure1.doCall(ClickKeyword.groovy:65)
	at com.kms.katalon.core.webui.keyword.builtin.ClickKeyword$_click_closure1.call(ClickKeyword.groovy)
	at com.kms.katalon.core.webui.keyword.internal.WebUIKeywordMain.runKeyword(WebUIKeywordMain.groovy:20)
	at com.kms.katalon.core.webui.keyword.builtin.ClickKeyword.click(ClickKeyword.groovy:74)
	at com.kms.katalon.core.webui.keyword.builtin.ClickKeyword.execute(ClickKeyword.groovy:40)
	at com.kms.katalon.core.keyword.internal.KeywordExecutor.executeKeywordForPlatform(KeywordExecutor.groovy:74)
	at com.kms.katalon.core.webui.keyword.WebUiBuiltInKeywords.click(WebUiBuiltInKeywords.groovy:620)
	at com.kms.katalon.core.webui.keyword.WebUiBuiltInKeywords$click$8.call(Unknown Source)
	at Script1689938677126.run(Script1689938677126.groovy:254)
	... 13 more
)

2024-04-12 00:21:38 - [MESSAGE][INFO] - Unable to find the element located by 'By.xpath: //div[contains(@class,'OpenQuote_Cell_')]//p[text()='0011309828']'. Please recheck the objects properties to make sure the desired element is located. 

2024-04-12 00:21:38 - [MESSAGE][WARNING] - [SELF-HEALING] Failed to find element with id 'Object Repository/Portal/Portal_Quote_Table_QuoteNum'. Try using Self-healing.

2024-04-12 00:21:39 - [MESSAGE][INFO] - [SELF-HEALING] No working XPath is found.

2024-04-12 00:21:57 - [MESSAGE][INFO] - Unable to find the element located by 'By.xpath: '. Please recheck the objects properties to make sure the desired element is located. 

2024-04-12 00:21:57 - [MESSAGE][WARNING] - [SELF-HEALING] Cannot find elements when the selector is null

2024-04-12 00:21:57 - [MESSAGE][FAILED] - Unable to click on object 'Object Repository/Portal/Portal_Quote_Table_QuoteNum' (Root cause: com.kms.katalon.core.exception.StepFailedException: Unable to click on object 'Object Repository/Portal/Portal_Quote_Table_QuoteNum'
	at com.kms.katalon.core.webui.keyword.internal.WebUIKeywordMain.stepFailed(WebUIKeywordMain.groovy:64)
	at com.kms.katalon.core.webui.keyword.internal.WebUIKeywordMain.runKeyword(WebUIKeywordMain.groovy:26)
	at com.kms.katalon.core.webui.keyword.builtin.ClickKeyword.click(ClickKeyword.groovy:74)
	at com.kms.katalon.core.webui.keyword.builtin.ClickKeyword.execute(ClickKeyword.groovy:40)
	at com.kms.katalon.core.keyword.internal.KeywordExecutor.executeKeywordForPlatform(KeywordExecutor.groovy:74)
	at com.kms.katalon.core.webui.keyword.WebUiBuiltInKeywords.click(WebUiBuiltInKeywords.groovy:620)
	at com.kms.katalon.core.webui.keyword.WebUiBuiltInKeywords$click$8.call(Unknown Source)
	at Portal_SmokeTest_WIState.run(Portal_SmokeTest_WIState:254)
	at com.kms.katalon.core.main.ScriptEngine.run(ScriptEngine.java:194)
	at com.kms.katalon.core.main.ScriptEngine.runScriptAsRawText(ScriptEngine.java:119)
	at com.kms.katalon.core.main.TestCaseExecutor.runScript(TestCaseExecutor.java:448)
	at com.kms.katalon.core.main.TestCaseExecutor.doExecute(TestCaseExecutor.java:439)
	at com.kms.katalon.core.main.TestCaseExecutor.processExecutionPhase(TestCaseExecutor.java:418)
	at com.kms.katalon.core.main.TestCaseExecutor.accessMainPhase(TestCaseExecutor.java:410)
	at com.kms.katalon.core.main.TestCaseExecutor.execute(TestCaseExecutor.java:285)
	at com.kms.katalon.core.common.CommonExecutor.accessTestCaseMainPhase(CommonExecutor.java:65)
	at com.kms.katalon.core.main.TestSuiteExecutor.accessTestSuiteMainPhase(TestSuiteExecutor.java:148)
	at com.kms.katalon.core.main.TestSuiteExecutor.execute(TestSuiteExecutor.java:106)
	at com.kms.katalon.core.main.TestCaseMain.startTestSuite(TestCaseMain.java:187)
	at com.kms.katalon.core.main.TestCaseMain$startTestSuite$0.call(Unknown Source)
	at TempTestSuite1712892562095.run(TempTestSuite1712892562095.groovy:36)
Caused by: com.kms.katalon.core.webui.exception.WebElementNotFoundException: Web element with id: 'Object Repository/Portal/Portal_Quote_Table_QuoteNum' located by '//div[contains(@class,'OpenQuote_Cell_')]//p[text()='0011309828']' not found
	at com.kms.katalon.core.webui.common.WebUiCommonHelper.findWebElement(WebUiCommonHelper.java:1381)
	at com.kms.katalon.core.webui.keyword.internal.WebUIAbstractKeyword.findWebElement(WebUIAbstractKeyword.groovy:27)
	at com.kms.katalon.core.webui.keyword.builtin.ClickKeyword$_click_closure1.doCall(ClickKeyword.groovy:65)
	at com.kms.katalon.core.webui.keyword.builtin.ClickKeyword$_click_closure1.call(ClickKeyword.groovy)
	at com.kms.katalon.core.webui.keyword.internal.WebUIKeywordMain.runKeyword(WebUIKeywordMain.groovy:20)
	at com.kms.katalon.core.webui.keyword.builtin.ClickKeyword.click(ClickKeyword.groovy:74)
	at com.kms.katalon.core.webui.keyword.builtin.ClickKeyword.execute(ClickKeyword.groovy:40)
	at com.kms.katalon.core.keyword.internal.KeywordExecutor.executeKeywordForPlatform(KeywordExecutor.groovy:74)
	at com.kms.katalon.core.webui.keyword.WebUiBuiltInKeywords.click(WebUiBuiltInKeywords.groovy:620)
	at com.kms.katalon.core.webui.keyword.WebUiBuiltInKeywords$click$8.call(Unknown Source)
	at Script1689938677126.run(Script1689938677126.groovy:254)
	... 13 more
)
[[ATTACHMENT|C:\\Users\\LellKir\\git\\HMIC-Portal\\HMIC-Portal\\HMIC-Portal\\HMIC-Portal\\HMIC-Portal\\HMIC-Portal\\Reports\\20240411_232922\\AgencyPortal_SmokeTest_WC\\20240411_232922\\1712895717562.png]]]]></system-out>
         <system-err><![CDATA[2024-04-12 00:07:49 - [TEST_CASE][FAILED] - Test Cases/Portal_WorkersCompensation/WC_SmokeTest_AllState/Portal_SmokeTest_WIState: Test Cases/Portal_WorkersCompensation/WC_SmokeTest_AllState/Portal_SmokeTest_WIState FAILED.
Reason:
com.kms.katalon.core.exception.StepFailedException: Unable to click on object 'Object Repository/Portal/Portal_Quote_Table_QuoteNum'
	at com.kms.katalon.core.webui.keyword.internal.WebUIKeywordMain.stepFailed(WebUIKeywordMain.groovy:64)
	at com.kms.katalon.core.webui.keyword.internal.WebUIKeywordMain.runKeyword(WebUIKeywordMain.groovy:26)
	at com.kms.katalon.core.webui.keyword.builtin.ClickKeyword.click(ClickKeyword.groovy:74)
	at com.kms.katalon.core.webui.keyword.builtin.ClickKeyword.execute(ClickKeyword.groovy:40)
	at com.kms.katalon.core.keyword.internal.KeywordExecutor.executeKeywordForPlatform(KeywordExecutor.groovy:74)
	at com.kms.katalon.core.webui.keyword.WebUiBuiltInKeywords.click(WebUiBuiltInKeywords.groovy:620)
	at com.kms.katalon.core.webui.keyword.WebUiBuiltInKeywords$click$8.call(Unknown Source)
	at Portal_SmokeTest_WIState.run(Portal_SmokeTest_WIState:254)
	at com.kms.katalon.core.main.ScriptEngine.run(ScriptEngine.java:194)
	at com.kms.katalon.core.main.ScriptEngine.runScriptAsRawText(ScriptEngine.java:119)
	at com.kms.katalon.core.main.TestCaseExecutor.runScript(TestCaseExecutor.java:448)
	at com.kms.katalon.core.main.TestCaseExecutor.doExecute(TestCaseExecutor.java:439)
	at com.kms.katalon.core.main.TestCaseExecutor.processExecutionPhase(TestCaseExecutor.java:418)
	at com.kms.katalon.core.main.TestCaseExecutor.accessMainPhase(TestCaseExecutor.java:410)
	at com.kms.katalon.core.main.TestCaseExecutor.execute(TestCaseExecutor.java:285)
	at com.kms.katalon.core.common.CommonExecutor.accessTestCaseMainPhase(CommonExecutor.java:65)
	at com.kms.katalon.core.main.TestSuiteExecutor.accessTestSuiteMainPhase(TestSuiteExecutor.java:148)
	at com.kms.katalon.core.main.TestSuiteExecutor.execute(TestSuiteExecutor.java:106)
	at com.kms.katalon.core.main.TestCaseMain.startTestSuite(TestCaseMain.java:187)
	at com.kms.katalon.core.main.TestCaseMain$startTestSuite$0.call(Unknown Source)
	at TempTestSuite1712892562095.run(TempTestSuite1712892562095.groovy:36)
Caused by: com.kms.katalon.core.webui.exception.WebElementNotFoundException: Web element with id: 'Object Repository/Portal/Portal_Quote_Table_QuoteNum' located by '//div[contains(@class,'OpenQuote_Cell_')]//p[text()='0011309828']' not found
	at com.kms.katalon.core.webui.common.WebUiCommonHelper.findWebElement(WebUiCommonHelper.java:1381)
	at com.kms.katalon.core.webui.keyword.internal.WebUIAbstractKeyword.findWebElement(WebUIAbstractKeyword.groovy:27)
	at com.kms.katalon.core.webui.keyword.builtin.ClickKeyword$_click_closure1.doCall(ClickKeyword.groovy:65)
	at com.kms.katalon.core.webui.keyword.builtin.ClickKeyword$_click_closure1.call(ClickKeyword.groovy)
	at com.kms.katalon.core.webui.keyword.internal.WebUIKeywordMain.runKeyword(WebUIKeywordMain.groovy:20)
	... 19 more]]></system-err>
      </testcase>
      <testcase name="Test Cases/Portal_WorkersCompensation/WC_SmokeTest_AllState/Portal_SmokeTest_INState" time="753.838" classname="Test Cases/Portal_WorkersCompensation/WC_SmokeTest_AllState/Portal_SmokeTest_INState" status="FAILED">
         <failure type="FAILED" message="Test Cases/Portal_WorkersCompensation/WC_SmokeTest_AllState/Portal_SmokeTest_INState FAILED.
Reason:
com.kms.katalon.core.exception.StepFailedException: Unable to move mouse over object 'Object Repository/Portal/Portal_Payment_DirectBill_PaymentPlan_Radio_FullPay'
	at com.kms.katalon.core.webui.keyword.internal.WebUIKeywordMain.stepFailed(WebUIKeywordMain.groovy:64)
	at com.kms.katalon.core.webui.keyword.internal.WebUIKeywordMain.runKeyword(WebUIKeywordMain.groovy:26)
	at com.kms.katalon.core.webui.keyword.builtin.MouseOverKeyword.mouseOver(MouseOverKeyword.groovy:66)
	at com.kms.katalon.core.webui.keyword.builtin.MouseOverKeyword.execute(MouseOverKeyword.groovy:40)
	at com.kms.katalon.core.keyword.internal.KeywordExecutor.executeKeywordForPlatform(KeywordExecutor.groovy:74)
	at com.kms.katalon.core.webui.keyword.WebUiBuiltInKeywords.mouseOver(WebUiBuiltInKeywords.groovy:806)
	at com.kms.katalon.core.webui.keyword.WebUiBuiltInKeywords$mouseOver$14.call(Unknown Source)
	at Portal_SmokeTest_INState.run(Portal_SmokeTest_INState:264)
	at com.kms.katalon.core.main.ScriptEngine.run(ScriptEngine.java:194)
	at com.kms.katalon.core.main.ScriptEngine.runScriptAsRawText(ScriptEngine.java:119)
	at com.kms.katalon.core.main.TestCaseExecutor.runScript(TestCaseExecutor.java:448)
	at com.kms.katalon.core.main.TestCaseExecutor.doExecute(TestCaseExecutor.java:439)
	at com.kms.katalon.core.main.TestCaseExecutor.processExecutionPhase(TestCaseExecutor.java:418)
	at com.kms.katalon.core.main.TestCaseExecutor.accessMainPhase(TestCaseExecutor.java:410)
	at com.kms.katalon.core.main.TestCaseExecutor.execute(TestCaseExecutor.java:285)
	at com.kms.katalon.core.common.CommonExecutor.accessTestCaseMainPhase(CommonExecutor.java:65)
	at com.kms.katalon.core.main.TestSuiteExecutor.accessTestSuiteMainPhase(TestSuiteExecutor.java:148)
	at com.kms.katalon.core.main.TestSuiteExecutor.execute(TestSuiteExecutor.java:106)
	at com.kms.katalon.core.main.TestCaseMain.startTestSuite(TestCaseMain.java:187)
	at com.kms.katalon.core.main.TestCaseMain$startTestSuite$0.call(Unknown Source)
	at TempTestSuite1712892562095.run(TempTestSuite1712892562095.groovy:36)
Caused by: com.kms.katalon.core.webui.exception.WebElementNotFoundException: Web element with id: 'Object Repository/Portal/Portal_Payment_DirectBill_PaymentPlan_Radio_FullPay' located by '//span[text()='Full Pay']' not found
	at com.kms.katalon.core.webui.common.WebUiCommonHelper.findWebElement(WebUiCommonHelper.java:1381)
	at com.kms.katalon.core.webui.keyword.internal.WebUIAbstractKeyword.findWebElement(WebUIAbstractKeyword.groovy:27)
	at com.kms.katalon.core.webui.keyword.internal.WebUIAbstractKeyword.findWebElement(WebUIAbstractKeyword.groovy:26)
	at com.kms.katalon.core.webui.keyword.builtin.MouseOverKeyword$_mouseOver_closure1.doCall(MouseOverKeyword.groovy:54)
	at com.kms.katalon.core.webui.keyword.builtin.MouseOverKeyword$_mouseOver_closure1.call(MouseOverKeyword.groovy)
	at com.kms.katalon.core.webui.keyword.internal.WebUIKeywordMain.runKeyword(WebUIKeywordMain.groovy:20)
	... 19 more
"/>
         <system-out><![CDATA[2024-04-12 00:21:57 - [TEST_CASE][FAILED] - Test Cases/Portal_WorkersCompensation/WC_SmokeTest_AllState/Portal_SmokeTest_INState: Test Cases/Portal_WorkersCompensation/WC_SmokeTest_AllState/Portal_SmokeTest_INState FAILED.
Reason:
com.kms.katalon.core.exception.StepFailedException: Unable to move mouse over object 'Object Repository/Portal/Portal_Payment_DirectBill_PaymentPlan_Radio_FullPay'
	at com.kms.katalon.core.webui.keyword.internal.WebUIKeywordMain.stepFailed(WebUIKeywordMain.groovy:64)
	at com.kms.katalon.core.webui.keyword.internal.WebUIKeywordMain.runKeyword(WebUIKeywordMain.groovy:26)
	at com.kms.katalon.core.webui.keyword.builtin.MouseOverKeyword.mouseOver(MouseOverKeyword.groovy:66)
	at com.kms.katalon.core.webui.keyword.builtin.MouseOverKeyword.execute(MouseOverKeyword.groovy:40)
	at com.kms.katalon.core.keyword.internal.KeywordExecutor.executeKeywordForPlatform(KeywordExecutor.groovy:74)
	at com.kms.katalon.core.webui.keyword.WebUiBuiltInKeywords.mouseOver(WebUiBuiltInKeywords.groovy:806)
	at com.kms.katalon.core.webui.keyword.WebUiBuiltInKeywords$mouseOver$14.call(Unknown Source)
	at Portal_SmokeTest_INState.run(Portal_SmokeTest_INState:264)
	at com.kms.katalon.core.main.ScriptEngine.run(ScriptEngine.java:194)
	at com.kms.katalon.core.main.ScriptEngine.runScriptAsRawText(ScriptEngine.java:119)
	at com.kms.katalon.core.main.TestCaseExecutor.runScript(TestCaseExecutor.java:448)
	at com.kms.katalon.core.main.TestCaseExecutor.doExecute(TestCaseExecutor.java:439)
	at com.kms.katalon.core.main.TestCaseExecutor.processExecutionPhase(TestCaseExecutor.java:418)
	at com.kms.katalon.core.main.TestCaseExecutor.accessMainPhase(TestCaseExecutor.java:410)
	at com.kms.katalon.core.main.TestCaseExecutor.execute(TestCaseExecutor.java:285)
	at com.kms.katalon.core.common.CommonExecutor.accessTestCaseMainPhase(CommonExecutor.java:65)
	at com.kms.katalon.core.main.TestSuiteExecutor.accessTestSuiteMainPhase(TestSuiteExecutor.java:148)
	at com.kms.katalon.core.main.TestSuiteExecutor.execute(TestSuiteExecutor.java:106)
	at com.kms.katalon.core.main.TestCaseMain.startTestSuite(TestCaseMain.java:187)
	at com.kms.katalon.core.main.TestCaseMain$startTestSuite$0.call(Unknown Source)
	at TempTestSuite1712892562095.run(TempTestSuite1712892562095.groovy:36)
Caused by: com.kms.katalon.core.webui.exception.WebElementNotFoundException: Web element with id: 'Object Repository/Portal/Portal_Payment_DirectBill_PaymentPlan_Radio_FullPay' located by '//span[text()='Full Pay']' not found
	at com.kms.katalon.core.webui.common.WebUiCommonHelper.findWebElement(WebUiCommonHelper.java:1381)
	at com.kms.katalon.core.webui.keyword.internal.WebUIAbstractKeyword.findWebElement(WebUIAbstractKeyword.groovy:27)
	at com.kms.katalon.core.webui.keyword.internal.WebUIAbstractKeyword.findWebElement(WebUIAbstractKeyword.groovy:26)
	at com.kms.katalon.core.webui.keyword.builtin.MouseOverKeyword$_mouseOver_closure1.doCall(MouseOverKeyword.groovy:54)
	at com.kms.katalon.core.webui.keyword.builtin.MouseOverKeyword$_mouseOver_closure1.call(MouseOverKeyword.groovy)
	at com.kms.katalon.core.webui.keyword.internal.WebUIKeywordMain.runKeyword(WebUIKeywordMain.groovy:20)
	... 19 more


2024-04-12 00:21:58 - [TEST_STEP][PASSED] - comment("Portal Smoke Test"): Portal Smoke Test

2024-04-12 00:21:58 - [MESSAGE][INFO] - Portal Smoke Test

2024-04-12 00:21:58 - [TEST_STEP][PASSED] - callTestCase(findTestCase("Portal_Pages/Portal_CommonScreens/Portal_Login"), ["Portal_Username":Portal_Username, "Portal_Password":Portal_Password], STOP_ON_FAILURE): Call Test Case 'Test Cases/Portal_Pages/Portal_CommonScreens/Portal_Login' successfully

2024-04-12 00:21:58 - [TEST_CASE][PASSED] - Test Cases/Portal_Pages/Portal_CommonScreens/Portal_Login: Test Cases/Portal_Pages/Portal_CommonScreens/Portal_Login

2024-04-12 00:21:58 - [TEST_STEP][PASSED] - openBrowser(""): Browser is opened with url: ''

2024-04-12 00:21:58 - [MESSAGE][WARNING] - A browser is already opened. Closing browser and opening a new one

2024-04-12 00:21:59 - [MESSAGE][INFO] - Starting 'Chrome' driver

2024-04-12 00:21:59 - [MESSAGE][INFO] - Action delay is set to 0 milliseconds

2024-04-12 00:22:01 - [MESSAGE][PASSED] - Browser is opened with url: ''

2024-04-12 00:22:01 - [TEST_STEP][PASSED] - deleteAllCookies(): Delete all cookies successfully

2024-04-12 00:22:01 - [MESSAGE][PASSED] - Delete all cookies successfully

2024-04-12 00:22:01 - [TEST_STEP][PASSED] - maximizeWindow(): Current window maximized

2024-04-12 00:22:01 - [MESSAGE][PASSED] - Current window maximized

2024-04-12 00:22:01 - [TEST_STEP][PASSED] - takeFullPageScreenshot(): Taking screenshot successfully

2024-04-12 00:22:01 - [MESSAGE][INFO] - 0 hidden object(s)

2024-04-12 00:22:01 - [MESSAGE][PASSED] - Taking screenshot successfully
[[ATTACHMENT|C:\\Users\\LellKir\\git\\HMIC-Portal\\HMIC-Portal\\HMIC-Portal\\HMIC-Portal\\HMIC-Portal\\HMIC-Portal\\Reports\\20240411_232922\\AgencyPortal_SmokeTest_WC\\20240411_232922\\1712895721295.png]]

2024-04-12 00:22:01 - [TEST_STEP][PASSED] - navigateToUrl(PortalURL): Navigate to 'https://agencyportal.qa1.hastingsmutual.com/Accounts' successfully

2024-04-12 00:22:12 - [MESSAGE][PASSED] - Navigate to 'https://agencyportal.qa1.hastingsmutual.com/Accounts' successfully

2024-04-12 00:22:12 - [TEST_STEP][PASSED] - waitForPageLoad(10): Wait for page load successfully

2024-04-12 00:22:12 - [MESSAGE][PASSED] - Wait for page load successfully

2024-04-12 00:22:12 - [TEST_STEP][PASSED] - takeFullPageScreenshot(): Taking screenshot successfully

2024-04-12 00:22:12 - [MESSAGE][INFO] - 0 hidden object(s)

2024-04-12 00:22:12 - [MESSAGE][PASSED] - Taking screenshot successfully
[[ATTACHMENT|C:\\Users\\LellKir\\git\\HMIC-Portal\\HMIC-Portal\\HMIC-Portal\\HMIC-Portal\\HMIC-Portal\\HMIC-Portal\\Reports\\20240411_232922\\AgencyPortal_SmokeTest_WC\\20240411_232922\\1712895732168.png]]

2024-04-12 00:22:12 - [TEST_STEP][PASSED] - click(findTestObject("Object Repository/PolicyCenter_Login/div_PC_Login_Link_ClickHereToLogin"), OPTIONAL): Unable to click on object 'Object Repository/PolicyCenter_Login/div_PC_Login_Link_ClickHereToLogin' (Root cause: com.kms.katalon.core.exception.StepFailedException: Unable to click on object 'Object Repository/PolicyCenter_Login/div_PC_Login_Link_ClickHereToLogin'
	at com.kms.katalon.core.webui.keyword.internal.WebUIKeywordMain.stepFailed(WebUIKeywordMain.groovy:64)
	at com.kms.katalon.core.webui.keyword.internal.WebUIKeywordMain.runKeyword(WebUIKeywordMain.groovy:26)
	at com.kms.katalon.core.webui.keyword.builtin.ClickKeyword.click(ClickKeyword.groovy:74)
	at com.kms.katalon.core.webui.keyword.builtin.ClickKeyword.execute(ClickKeyword.groovy:40)
	at com.kms.katalon.core.keyword.internal.KeywordExecutor.executeKeywordForPlatform(KeywordExecutor.groovy:74)
	at com.kms.katalon.core.webui.keyword.WebUiBuiltInKeywords.click(WebUiBuiltInKeywords.groovy:608)
	at com.kms.katalon.core.webui.keyword.WebUiBuiltInKeywords$click$5.call(Unknown Source)
	at Portal_Login.run(Portal_Login:34)
	at com.kms.katalon.core.main.ScriptEngine.run(ScriptEngine.java:194)
	at com.kms.katalon.core.main.ScriptEngine.runScriptAsRawText(ScriptEngine.java:119)
	at com.kms.katalon.core.main.TestCaseExecutor.runScript(TestCaseExecutor.java:448)
	at com.kms.katalon.core.main.TestCaseExecutor.doExecute(TestCaseExecutor.java:439)
	at com.kms.katalon.core.main.TestCaseExecutor.processExecutionPhase(TestCaseExecutor.java:418)
	at com.kms.katalon.core.main.TestCaseExecutor.accessMainPhase(TestCaseExecutor.java:410)
	at com.kms.katalon.core.main.TestCaseExecutor.execute(TestCaseExecutor.java:285)
	at com.kms.katalon.core.main.TestCaseMain.runTestCase(TestCaseMain.java:144)
	at com.kms.katalon.core.keyword.builtin.CallTestCaseKeyword$_callTestCase_closure1.doCall(CallTestCaseKeyword.groovy:59)
	at com.kms.katalon.core.keyword.builtin.CallTestCaseKeyword$_callTestCase_closure1.call(CallTestCaseKeyword.groovy)
	at com.kms.katalon.core.keyword.internal.KeywordMain.runKeyword(KeywordMain.groovy:75)
	at com.kms.katalon.core.keyword.builtin.CallTestCaseKeyword.callTestCase(CallTestCaseKeyword.groovy:81)
	at com.kms.katalon.core.keyword.builtin.CallTestCaseKeyword.execute(CallTestCaseKeyword.groovy:44)
	at com.kms.katalon.core.keyword.internal.KeywordExecutor.executeKeywordForPlatform(KeywordExecutor.groovy:74)
	at com.kms.katalon.core.keyword.BuiltinKeywords.callTestCase(BuiltinKeywords.groovy:310)
	at Portal_SmokeTest_INState.run(Portal_SmokeTest_INState:22)
	at com.kms.katalon.core.main.ScriptEngine.run(ScriptEngine.java:194)
	at com.kms.katalon.core.main.ScriptEngine.runScriptAsRawText(ScriptEngine.java:119)
	at com.kms.katalon.core.main.TestCaseExecutor.runScript(TestCaseExecutor.java:448)
	at com.kms.katalon.core.main.TestCaseExecutor.doExecute(TestCaseExecutor.java:439)
	at com.kms.katalon.core.main.TestCaseExecutor.processExecutionPhase(TestCaseExecutor.java:418)
	at com.kms.katalon.core.main.TestCaseExecutor.accessMainPhase(TestCaseExecutor.java:410)
	at com.kms.katalon.core.main.TestCaseExecutor.execute(TestCaseExecutor.java:285)
	at com.kms.katalon.core.common.CommonExecutor.accessTestCaseMainPhase(CommonExecutor.java:65)
	at com.kms.katalon.core.main.TestSuiteExecutor.accessTestSuiteMainPhase(TestSuiteExecutor.java:148)
	at com.kms.katalon.core.main.TestSuiteExecutor.execute(TestSuiteExecutor.java:106)
	at com.kms.katalon.core.main.TestCaseMain.startTestSuite(TestCaseMain.java:187)
	at com.kms.katalon.core.main.TestCaseMain$startTestSuite$0.call(Unknown Source)
	at TempTestSuite1712892562095.run(TempTestSuite1712892562095.groovy:36)
Caused by: com.kms.katalon.core.webui.exception.WebElementNotFoundException: Web element with id: 'Object Repository/PolicyCenter_Login/div_PC_Login_Link_ClickHereToLogin' located by '//div[contains(@id,'LoginDetailsInputSet-LoginLink')]' not found
	at com.kms.katalon.core.webui.common.WebUiCommonHelper.findWebElement(WebUiCommonHelper.java:1381)
	at com.kms.katalon.core.webui.keyword.internal.WebUIAbstractKeyword.findWebElement(WebUIAbstractKeyword.groovy:27)
	at com.kms.katalon.core.webui.keyword.builtin.ClickKeyword$_click_closure1.doCall(ClickKeyword.groovy:65)
	at com.kms.katalon.core.webui.keyword.builtin.ClickKeyword$_click_closure1.call(ClickKeyword.groovy)
	at com.kms.katalon.core.webui.keyword.internal.WebUIKeywordMain.runKeyword(WebUIKeywordMain.groovy:20)
	at com.kms.katalon.core.webui.keyword.builtin.ClickKeyword.click(ClickKeyword.groovy:74)
	at com.kms.katalon.core.webui.keyword.builtin.ClickKeyword.execute(ClickKeyword.groovy:40)
	at com.kms.katalon.core.keyword.internal.KeywordExecutor.executeKeywordForPlatform(KeywordExecutor.groovy:74)
	at com.kms.katalon.core.webui.keyword.WebUiBuiltInKeywords.click(WebUiBuiltInKeywords.groovy:608)
	at com.kms.katalon.core.webui.keyword.WebUiBuiltInKeywords$click$5.call(Unknown Source)
	at Script1683558008637.run(Script1683558008637.groovy:34)
	at com.kms.katalon.core.main.ScriptEngine.run(ScriptEngine.java:194)
	at com.kms.katalon.core.main.ScriptEngine.runScriptAsRawText(ScriptEngine.java:119)
	at com.kms.katalon.core.main.TestCaseExecutor.runScript(TestCaseExecutor.java:448)
	at com.kms.katalon.core.main.TestCaseExecutor.doExecute(TestCaseExecutor.java:439)
	at com.kms.katalon.core.main.TestCaseExecutor.processExecutionPhase(TestCaseExecutor.java:418)
	at com.kms.katalon.core.main.TestCaseExecutor.accessMainPhase(TestCaseExecutor.java:410)
	at com.kms.katalon.core.main.TestCaseExecutor.execute(TestCaseExecutor.java:285)
	at com.kms.katalon.core.main.TestCaseMain.runTestCase(TestCaseMain.java:144)
	at com.kms.katalon.core.keyword.builtin.CallTestCaseKeyword$_callTestCase_closure1.doCall(CallTestCaseKeyword.groovy:59)
	at com.kms.katalon.core.keyword.builtin.CallTestCaseKeyword$_callTestCase_closure1.call(CallTestCaseKeyword.groovy)
	at com.kms.katalon.core.keyword.internal.KeywordMain.runKeyword(KeywordMain.groovy:75)
	at com.kms.katalon.core.keyword.builtin.CallTestCaseKeyword.callTestCase(CallTestCaseKeyword.groovy:81)
	at com.kms.katalon.core.keyword.builtin.CallTestCaseKeyword.execute(CallTestCaseKeyword.groovy:44)
	at com.kms.katalon.core.keyword.internal.KeywordExecutor.executeKeywordForPlatform(KeywordExecutor.groovy:74)
	at com.kms.katalon.core.keyword.BuiltinKeywords.callTestCase(BuiltinKeywords.groovy:310)
	at Script1689943813856.run(Script1689943813856.groovy:22)
	... 13 more
)

2024-04-12 00:22:44 - [MESSAGE][INFO] - Unable to find the element located by 'By.xpath: //div[contains(@id,'LoginDetailsInputSet-LoginLink')]'. Please recheck the objects properties to make sure the desired element is located. 

2024-04-12 00:22:44 - [MESSAGE][WARNING] - [SELF-HEALING] Failed to find element with id 'Object Repository/PolicyCenter_Login/div_PC_Login_Link_ClickHereToLogin'. Try using Self-healing.

2024-04-12 00:22:45 - [MESSAGE][INFO] - [SELF-HEALING] No working XPath is found.

2024-04-12 00:22:46 - [MESSAGE][INFO] - Unable to find the element located by 'By.xpath: '. Please recheck the objects properties to make sure the desired element is located. 

2024-04-12 00:22:46 - [MESSAGE][WARNING] - [SELF-HEALING] Cannot find elements when the selector is null

2024-04-12 00:22:46 - [MESSAGE][WARNING] - Unable to click on object 'Object Repository/PolicyCenter_Login/div_PC_Login_Link_ClickHereToLogin' (Root cause: com.kms.katalon.core.exception.StepFailedException: Unable to click on object 'Object Repository/PolicyCenter_Login/div_PC_Login_Link_ClickHereToLogin'
	at com.kms.katalon.core.webui.keyword.internal.WebUIKeywordMain.stepFailed(WebUIKeywordMain.groovy:64)
	at com.kms.katalon.core.webui.keyword.internal.WebUIKeywordMain.runKeyword(WebUIKeywordMain.groovy:26)
	at com.kms.katalon.core.webui.keyword.builtin.ClickKeyword.click(ClickKeyword.groovy:74)
	at com.kms.katalon.core.webui.keyword.builtin.ClickKeyword.execute(ClickKeyword.groovy:40)
	at com.kms.katalon.core.keyword.internal.KeywordExecutor.executeKeywordForPlatform(KeywordExecutor.groovy:74)
	at com.kms.katalon.core.webui.keyword.WebUiBuiltInKeywords.click(WebUiBuiltInKeywords.groovy:608)
	at com.kms.katalon.core.webui.keyword.WebUiBuiltInKeywords$click$5.call(Unknown Source)
	at Portal_Login.run(Portal_Login:34)
	at com.kms.katalon.core.main.ScriptEngine.run(ScriptEngine.java:194)
	at com.kms.katalon.core.main.ScriptEngine.runScriptAsRawText(ScriptEngine.java:119)
	at com.kms.katalon.core.main.TestCaseExecutor.runScript(TestCaseExecutor.java:448)
	at com.kms.katalon.core.main.TestCaseExecutor.doExecute(TestCaseExecutor.java:439)
	at com.kms.katalon.core.main.TestCaseExecutor.processExecutionPhase(TestCaseExecutor.java:418)
	at com.kms.katalon.core.main.TestCaseExecutor.accessMainPhase(TestCaseExecutor.java:410)
	at com.kms.katalon.core.main.TestCaseExecutor.execute(TestCaseExecutor.java:285)
	at com.kms.katalon.core.main.TestCaseMain.runTestCase(TestCaseMain.java:144)
	at com.kms.katalon.core.keyword.builtin.CallTestCaseKeyword$_callTestCase_closure1.doCall(CallTestCaseKeyword.groovy:59)
	at com.kms.katalon.core.keyword.builtin.CallTestCaseKeyword$_callTestCase_closure1.call(CallTestCaseKeyword.groovy)
	at com.kms.katalon.core.keyword.internal.KeywordMain.runKeyword(KeywordMain.groovy:75)
	at com.kms.katalon.core.keyword.builtin.CallTestCaseKeyword.callTestCase(CallTestCaseKeyword.groovy:81)
	at com.kms.katalon.core.keyword.builtin.CallTestCaseKeyword.execute(CallTestCaseKeyword.groovy:44)
	at com.kms.katalon.core.keyword.internal.KeywordExecutor.executeKeywordForPlatform(KeywordExecutor.groovy:74)
	at com.kms.katalon.core.keyword.BuiltinKeywords.callTestCase(BuiltinKeywords.groovy:310)
	at Portal_SmokeTest_INState.run(Portal_SmokeTest_INState:22)
	at com.kms.katalon.core.main.ScriptEngine.run(ScriptEngine.java:194)
	at com.kms.katalon.core.main.ScriptEngine.runScriptAsRawText(ScriptEngine.java:119)
	at com.kms.katalon.core.main.TestCaseExecutor.runScript(TestCaseExecutor.java:448)
	at com.kms.katalon.core.main.TestCaseExecutor.doExecute(TestCaseExecutor.java:439)
	at com.kms.katalon.core.main.TestCaseExecutor.processExecutionPhase(TestCaseExecutor.java:418)
	at com.kms.katalon.core.main.TestCaseExecutor.accessMainPhase(TestCaseExecutor.java:410)
	at com.kms.katalon.core.main.TestCaseExecutor.execute(TestCaseExecutor.java:285)
	at com.kms.katalon.core.common.CommonExecutor.accessTestCaseMainPhase(CommonExecutor.java:65)
	at com.kms.katalon.core.main.TestSuiteExecutor.accessTestSuiteMainPhase(TestSuiteExecutor.java:148)
	at com.kms.katalon.core.main.TestSuiteExecutor.execute(TestSuiteExecutor.java:106)
	at com.kms.katalon.core.main.TestCaseMain.startTestSuite(TestCaseMain.java:187)
	at com.kms.katalon.core.main.TestCaseMain$startTestSuite$0.call(Unknown Source)
	at TempTestSuite1712892562095.run(TempTestSuite1712892562095.groovy:36)
Caused by: com.kms.katalon.core.webui.exception.WebElementNotFoundException: Web element with id: 'Object Repository/PolicyCenter_Login/div_PC_Login_Link_ClickHereToLogin' located by '//div[contains(@id,'LoginDetailsInputSet-LoginLink')]' not found
	at com.kms.katalon.core.webui.common.WebUiCommonHelper.findWebElement(WebUiCommonHelper.java:1381)
	at com.kms.katalon.core.webui.keyword.internal.WebUIAbstractKeyword.findWebElement(WebUIAbstractKeyword.groovy:27)
	at com.kms.katalon.core.webui.keyword.builtin.ClickKeyword$_click_closure1.doCall(ClickKeyword.groovy:65)
	at com.kms.katalon.core.webui.keyword.builtin.ClickKeyword$_click_closure1.call(ClickKeyword.groovy)
	at com.kms.katalon.core.webui.keyword.internal.WebUIKeywordMain.runKeyword(WebUIKeywordMain.groovy:20)
	at com.kms.katalon.core.webui.keyword.builtin.ClickKeyword.click(ClickKeyword.groovy:74)
	at com.kms.katalon.core.webui.keyword.builtin.ClickKeyword.execute(ClickKeyword.groovy:40)
	at com.kms.katalon.core.keyword.internal.KeywordExecutor.executeKeywordForPlatform(KeywordExecutor.groovy:74)
	at com.kms.katalon.core.webui.keyword.WebUiBuiltInKeywords.click(WebUiBuiltInKeywords.groovy:608)
	at com.kms.katalon.core.webui.keyword.WebUiBuiltInKeywords$click$5.call(Unknown Source)
	at Script1683558008637.run(Script1683558008637.groovy:34)
	at com.kms.katalon.core.main.ScriptEngine.run(ScriptEngine.java:194)
	at com.kms.katalon.core.main.ScriptEngine.runScriptAsRawText(ScriptEngine.java:119)
	at com.kms.katalon.core.main.TestCaseExecutor.runScript(TestCaseExecutor.java:448)
	at com.kms.katalon.core.main.TestCaseExecutor.doExecute(TestCaseExecutor.java:439)
	at com.kms.katalon.core.main.TestCaseExecutor.processExecutionPhase(TestCaseExecutor.java:418)
	at com.kms.katalon.core.main.TestCaseExecutor.accessMainPhase(TestCaseExecutor.java:410)
	at com.kms.katalon.core.main.TestCaseExecutor.execute(TestCaseExecutor.java:285)
	at com.kms.katalon.core.main.TestCaseMain.runTestCase(TestCaseMain.java:144)
	at com.kms.katalon.core.keyword.builtin.CallTestCaseKeyword$_callTestCase_closure1.doCall(CallTestCaseKeyword.groovy:59)
	at com.kms.katalon.core.keyword.builtin.CallTestCaseKeyword$_callTestCase_closure1.call(CallTestCaseKeyword.groovy)
	at com.kms.katalon.core.keyword.internal.KeywordMain.runKeyword(KeywordMain.groovy:75)
	at com.kms.katalon.core.keyword.builtin.CallTestCaseKeyword.callTestCase(CallTestCaseKeyword.groovy:81)
	at com.kms.katalon.core.keyword.builtin.CallTestCaseKeyword.execute(CallTestCaseKeyword.groovy:44)
	at com.kms.katalon.core.keyword.internal.KeywordExecutor.executeKeywordForPlatform(KeywordExecutor.groovy:74)
	at com.kms.katalon.core.keyword.BuiltinKeywords.callTestCase(BuiltinKeywords.groovy:310)
	at Script1689943813856.run(Script1689943813856.groovy:22)
	... 13 more
)
[[ATTACHMENT|C:\\Users\\LellKir\\git\\HMIC-Portal\\HMIC-Portal\\HMIC-Portal\\HMIC-Portal\\HMIC-Portal\\HMIC-Portal\\Reports\\20240411_232922\\AgencyPortal_SmokeTest_WC\\20240411_232922\\1712895766404.png]]

2024-04-12 00:22:46 - [TEST_STEP][PASSED] - setText(findTestObject("Object Repository/PolicyCenter_Login/input_PC_Login_TextBox_UserName"), Portal_Username): Text 'adminuser2059' is set on object 'Object Repository/PolicyCenter_Login/input_PC_Login_TextBox_UserName'

2024-04-12 00:22:47 - [MESSAGE][PASSED] - Text 'adminuser2059' is set on object 'Object Repository/PolicyCenter_Login/input_PC_Login_TextBox_UserName'

2024-04-12 00:22:47 - [TEST_STEP][PASSED] - setText(findTestObject("Object Repository/PolicyCenter_Login/input_PC_Login_TextBox_Password"), Portal_Password): Text 'Hmic1234' is set on object 'Object Repository/PolicyCenter_Login/input_PC_Login_TextBox_Password'

2024-04-12 00:22:48 - [MESSAGE][PASSED] - Text 'Hmic1234' is set on object 'Object Repository/PolicyCenter_Login/input_PC_Login_TextBox_Password'

2024-04-12 00:22:48 - [TEST_STEP][PASSED] - takeFullPageScreenshot(): Taking screenshot successfully

2024-04-12 00:22:48 - [MESSAGE][INFO] - 0 hidden object(s)

2024-04-12 00:22:48 - [MESSAGE][PASSED] - Taking screenshot successfully
[[ATTACHMENT|C:\\Users\\LellKir\\git\\HMIC-Portal\\HMIC-Portal\\HMIC-Portal\\HMIC-Portal\\HMIC-Portal\\HMIC-Portal\\Reports\\20240411_232922\\AgencyPortal_SmokeTest_WC\\20240411_232922\\1712895768212.png]]

2024-04-12 00:22:48 - [TEST_STEP][PASSED] - waitForElementVisible(findTestObject("PolicyCenter_Login/input_PC_Login_Button_Login"), 20): Object 'Object Repository/PolicyCenter_Login/input_PC_Login_Button_Login' is visible

2024-04-12 00:22:49 - [MESSAGE][PASSED] - Object 'Object Repository/PolicyCenter_Login/input_PC_Login_Button_Login' is visible

2024-04-12 00:22:49 - [TEST_STEP][PASSED] - click(findTestObject("Object Repository/PolicyCenter_Login/input_PC_Login_Button_Login")): Object: 'Object Repository/PolicyCenter_Login/input_PC_Login_Button_Login' is clicked on

2024-04-12 00:22:49 - [MESSAGE][PASSED] - Object: 'Object Repository/PolicyCenter_Login/input_PC_Login_Button_Login' is clicked on

2024-04-12 00:22:49 - [TEST_STEP][PASSED] - takeFullPageScreenshot(): Taking screenshot successfully

2024-04-12 00:22:52 - [MESSAGE][INFO] - 0 hidden object(s)

2024-04-12 00:22:52 - [MESSAGE][PASSED] - Taking screenshot successfully
[[ATTACHMENT|C:\\Users\\LellKir\\git\\HMIC-Portal\\HMIC-Portal\\HMIC-Portal\\HMIC-Portal\\HMIC-Portal\\HMIC-Portal\\Reports\\20240411_232922\\AgencyPortal_SmokeTest_WC\\20240411_232922\\1712895769861.png]]

2024-04-12 00:22:52 - [TEST_STEP][PASSED] - waitForElementVisible(findTestObject("Portal/Portal_Common_Header_SearchForAccOrPol"), 30): Object 'Object Repository/Portal/Portal_Common_Header_SearchForAccOrPol' is visible

2024-04-12 00:22:53 - [MESSAGE][PASSED] - Object 'Object Repository/Portal/Portal_Common_Header_SearchForAccOrPol' is visible

2024-04-12 00:22:53 - [TEST_STEP][PASSED] - verifyElementVisible(findTestObject("Portal/Portal_Common_Header_SearchForAccOrPol")): Object 'Object Repository/Portal/Portal_Common_Header_SearchForAccOrPol' is visible

2024-04-12 00:22:54 - [MESSAGE][PASSED] - Object 'Object Repository/Portal/Portal_Common_Header_SearchForAccOrPol' is visible

2024-04-12 00:22:54 - [TEST_STEP][PASSED] - takeFullPageScreenshot(): Taking screenshot successfully

2024-04-12 00:22:54 - [MESSAGE][INFO] - 0 hidden object(s)

2024-04-12 00:22:54 - [MESSAGE][PASSED] - Taking screenshot successfully
[[ATTACHMENT|C:\\Users\\LellKir\\git\\HMIC-Portal\\HMIC-Portal\\HMIC-Portal\\HMIC-Portal\\HMIC-Portal\\HMIC-Portal\\Reports\\20240411_232922\\AgencyPortal_SmokeTest_WC\\20240411_232922\\1712895774157.png]]

2024-04-12 00:22:54 - [MESSAGE][PASSED] - Call Test Case 'Test Cases/Portal_Pages/Portal_CommonScreens/Portal_Login' successfully

2024-04-12 00:22:54 - [TEST_STEP][PASSED] - click(findTestObject("Object Repository/Portal/Portal_Common_Tab_Quote")): Object: 'Object Repository/Portal/Portal_Common_Tab_Quote' is clicked on

2024-04-12 00:23:01 - [MESSAGE][PASSED] - Object: 'Object Repository/Portal/Portal_Common_Tab_Quote' is clicked on

2024-04-12 00:23:01 - [TEST_STEP][PASSED] - comment("User is able to Initiate the quote successfully"): User is able to Initiate the quote successfully

2024-04-12 00:23:01 - [MESSAGE][INFO] - User is able to Initiate the quote successfully

2024-04-12 00:23:01 - [TEST_STEP][PASSED] - verifyElementText(findTestObject("Object Repository/Portal/Portal_Quote_Header_NewBusinessDashboard"), "New Business Dashboard"): Actual text and expected text of test object 'Object Repository/Portal/Portal_Quote_Header_NewBusinessDashboard' are matched.

2024-04-12 00:23:31 - [MESSAGE][PASSED] - Actual text and expected text of test object 'Object Repository/Portal/Portal_Quote_Header_NewBusinessDashboard' are matched.

2024-04-12 00:23:31 - [TEST_STEP][PASSED] - click(findTestObject("Object Repository/Portal/Portal_Quote_Title_StartANewBusiness")): Object: 'Object Repository/Portal/Portal_Quote_Title_StartANewBusiness' is clicked on

2024-04-12 00:23:57 - [MESSAGE][PASSED] - Object: 'Object Repository/Portal/Portal_Quote_Title_StartANewBusiness' is clicked on

2024-04-12 00:23:57 - [TEST_STEP][PASSED] - click(findTestObject("Object Repository/Portal/Portal_Quote_Dropdown_SelectLineOfBusiness")): Object: 'Object Repository/Portal/Portal_Quote_Dropdown_SelectLineOfBusiness' is clicked on

2024-04-12 00:23:58 - [MESSAGE][PASSED] - Object: 'Object Repository/Portal/Portal_Quote_Dropdown_SelectLineOfBusiness' is clicked on

2024-04-12 00:23:58 - [TEST_STEP][PASSED] - click(findTestObject("Object Repository/Portal/Portal_LOB_TypeList_WorkersComp")): Object: 'Object Repository/Portal/Portal_LOB_TypeList_WorkersComp' is clicked on

2024-04-12 00:23:58 - [MESSAGE][PASSED] - Object: 'Object Repository/Portal/Portal_LOB_TypeList_WorkersComp' is clicked on

2024-04-12 00:23:58 - [TEST_STEP][PASSED] - click(findTestObject("Object Repository/Portal/Portal_Common_Button_Next")): Object: 'Object Repository/Portal/Portal_Common_Button_Next' is clicked on

2024-04-12 00:24:01 - [MESSAGE][PASSED] - Object: 'Object Repository/Portal/Portal_Common_Button_Next' is clicked on

2024-04-12 00:24:01 - [TEST_STEP][PASSED] - verifyElementText(findTestObject("Object Repository/Portal/Portal_PreQual_Title_PreQualification"), "Pre-Qualification"): Actual text and expected text of test object 'Object Repository/Portal/Portal_PreQual_Title_PreQualification' are matched.

2024-04-12 00:24:02 - [MESSAGE][PASSED] - Actual text and expected text of test object 'Object Repository/Portal/Portal_PreQual_Title_PreQualification' are matched.

2024-04-12 00:24:02 - [TEST_STEP][PASSED] - comment("Prequalification statement should be displayed."): Prequalification statement should be displayed.

2024-04-12 00:24:02 - [MESSAGE][INFO] - Prequalification statement should be displayed.

2024-04-12 00:24:02 - [TEST_STEP][PASSED] - click(findTestObject("Object Repository/Portal/Portal_PreQual_CheckBox_RiskDoesNotHaveAny")): Object: 'Object Repository/Portal/Portal_PreQual_CheckBox_RiskDoesNotHaveAny' is clicked on

2024-04-12 00:24:03 - [MESSAGE][PASSED] - Object: 'Object Repository/Portal/Portal_PreQual_CheckBox_RiskDoesNotHaveAny' is clicked on

2024-04-12 00:24:03 - [TEST_STEP][PASSED] - click(findTestObject("Object Repository/Portal/Portal_PreQual_Button_Agree")): Object: 'Object Repository/Portal/Portal_PreQual_Button_Agree' is clicked on

2024-04-12 00:24:03 - [MESSAGE][PASSED] - Object: 'Object Repository/Portal/Portal_PreQual_Button_Agree' is clicked on

2024-04-12 00:24:03 - [TEST_STEP][PASSED] - waitForElementHasAttribute(findTestObject("Object Repository/Portal/Portal_AccInfo_Header_AccInfo"), "Step 1: Account Information", 10): Object 'Object Repository/Portal/Portal_AccInfo_Header_AccInfo' does not have attribute 'Step 1: Account Information'

2024-04-12 00:24:14 - [MESSAGE][WARNING] - Object 'Object Repository/Portal/Portal_AccInfo_Header_AccInfo' does not have attribute 'Step 1: Account Information'

2024-04-12 00:24:14 - [TEST_STEP][PASSED] - verifyElementText(findTestObject("Object Repository/Portal/Portal_AccInfo_Header_AccInfo"), "Step 1: Account Information"): Actual text and expected text of test object 'Object Repository/Portal/Portal_AccInfo_Header_AccInfo' are matched.

2024-04-12 00:24:15 - [MESSAGE][PASSED] - Actual text and expected text of test object 'Object Repository/Portal/Portal_AccInfo_Header_AccInfo' are matched.

2024-04-12 00:24:15 - [TEST_STEP][PASSED] - comment("User successfully navigated to Account Information screen"): User successfully navigated to Account Information screen

2024-04-12 00:24:15 - [MESSAGE][INFO] - User successfully navigated to Account Information screen

2024-04-12 00:24:15 - [TEST_STEP][PASSED] - click(findTestObject("Object Repository/Portal/Portal_AccInfo_Dropdown_SearchOrQuoteFor")): Object: 'Object Repository/Portal/Portal_AccInfo_Dropdown_SearchOrQuoteFor' is clicked on

2024-04-12 00:24:15 - [MESSAGE][PASSED] - Object: 'Object Repository/Portal/Portal_AccInfo_Dropdown_SearchOrQuoteFor' is clicked on

2024-04-12 00:24:15 - [TEST_STEP][PASSED] - click(findTestObject("Object Repository/Portal/Portal_AccInfo_TypeList_Individual")): Object: 'Object Repository/Portal/Portal_AccInfo_TypeList_Individual' is clicked on

2024-04-12 00:24:16 - [MESSAGE][PASSED] - Object: 'Object Repository/Portal/Portal_AccInfo_TypeList_Individual' is clicked on

2024-04-12 00:24:16 - [TEST_STEP][PASSED] - setText(findTestObject("Object Repository/Portal/Portal_AccInfo_TextBox_FirstName"), "Auto_FirstName"): Text 'Auto_FirstName' is set on object 'Object Repository/Portal/Portal_AccInfo_TextBox_FirstName'

2024-04-12 00:24:17 - [MESSAGE][PASSED] - Text 'Auto_FirstName' is set on object 'Object Repository/Portal/Portal_AccInfo_TextBox_FirstName'

2024-04-12 00:24:17 - [TEST_STEP][PASSED] - setText(findTestObject("Object Repository/Portal/Portal_AccInfo_TextBox_LastName"), "LastName" + RandomStringUtils.randomAlphabetic(5)): Text 'LastNameXdqLy' is set on object 'Object Repository/Portal/Portal_AccInfo_TextBox_LastName'

2024-04-12 00:24:18 - [MESSAGE][PASSED] - Text 'LastNameXdqLy' is set on object 'Object Repository/Portal/Portal_AccInfo_TextBox_LastName'

2024-04-12 00:24:18 - [TEST_STEP][PASSED] - setText(findTestObject("Object Repository/Portal/Portal_AccInfo_TextBox_ZipCode"), "46268"): Text '46268' is set on object 'Object Repository/Portal/Portal_AccInfo_TextBox_ZipCode'

2024-04-12 00:24:19 - [MESSAGE][PASSED] - Text '46268' is set on object 'Object Repository/Portal/Portal_AccInfo_TextBox_ZipCode'

2024-04-12 00:24:19 - [TEST_STEP][PASSED] - click(findTestObject("Object Repository/Portal/Portal_AccInfo_Button_CreateNewAcc")): Object: 'Object Repository/Portal/Portal_AccInfo_Button_CreateNewAcc' is clicked on

2024-04-12 00:24:19 - [MESSAGE][PASSED] - Object: 'Object Repository/Portal/Portal_AccInfo_Button_CreateNewAcc' is clicked on

2024-04-12 00:24:19 - [TEST_STEP][PASSED] - verifyElementText(findTestObject("Object Repository/Portal/Portal_AccInfo_SubTitle_AddNewAcc"), "Add a New Account"): Actual text and expected text of test object 'Object Repository/Portal/Portal_AccInfo_SubTitle_AddNewAcc' are matched.

2024-04-12 00:24:20 - [MESSAGE][PASSED] - Actual text and expected text of test object 'Object Repository/Portal/Portal_AccInfo_SubTitle_AddNewAcc' are matched.

2024-04-12 00:24:20 - [TEST_STEP][PASSED] - mouseOver(findTestObject("Object Repository/Portal/Portal_AccountInfo_Dropdown_ProducerCode"), STOP_ON_FAILURE): Object: 'Object Repository/Portal/Portal_AccountInfo_Dropdown_ProducerCode' is hovered

2024-04-12 00:24:21 - [MESSAGE][PASSED] - Object: 'Object Repository/Portal/Portal_AccountInfo_Dropdown_ProducerCode' is hovered

2024-04-12 00:24:21 - [TEST_STEP][PASSED] - setText(findTestObject("Object Repository/Portal/Portal_AccInfo_TextBox_Address"), "3221 W 86th St"): Text '3221 W 86th St' is set on object 'Object Repository/Portal/Portal_AccInfo_TextBox_Address'

2024-04-12 00:24:22 - [MESSAGE][PASSED] - Text '3221 W 86th St' is set on object 'Object Repository/Portal/Portal_AccInfo_TextBox_Address'

2024-04-12 00:24:22 - [TEST_STEP][PASSED] - sendKeys(findTestObject("Object Repository/Portal/Portal_AccInfo_TextBox_Address"), Keys.chord(SPACE)): Keys 'SPACE + ' sent to object: 'Object Repository/Portal/Portal_AccInfo_TextBox_Address'

2024-04-12 00:24:22 - [MESSAGE][PASSED] - Keys 'SPACE + ' sent to object: 'Object Repository/Portal/Portal_AccInfo_TextBox_Address'

2024-04-12 00:24:22 - [TEST_STEP][PASSED] - click(findTestObject("Object Repository/Portal/Portal_AccInfo_TypeList_1stAddress"), OPTIONAL): Object: 'Object Repository/Portal/Portal_AccInfo_TypeList_1stAddress' is clicked on

2024-04-12 00:24:23 - [MESSAGE][PASSED] - Object: 'Object Repository/Portal/Portal_AccInfo_TypeList_1stAddress' is clicked on

2024-04-12 00:24:23 - [TEST_STEP][PASSED] - waitForPageLoad(10): Wait for page load successfully

2024-04-12 00:24:23 - [MESSAGE][PASSED] - Wait for page load successfully

2024-04-12 00:24:23 - [TEST_STEP][PASSED] - mouseOver(findTestObject("Object Repository/Portal/Portal_AccountInfo_Dropdown_ProducerCode")): Object: 'Object Repository/Portal/Portal_AccountInfo_Dropdown_ProducerCode' is hovered

2024-04-12 00:24:24 - [MESSAGE][PASSED] - Object: 'Object Repository/Portal/Portal_AccountInfo_Dropdown_ProducerCode' is hovered

2024-04-12 00:24:24 - [TEST_STEP][PASSED] - click(findTestObject("Object Repository/Portal/Portal_AccountInfo_Dropdown_ProducerCode")): Object: 'Object Repository/Portal/Portal_AccountInfo_Dropdown_ProducerCode' is clicked on

2024-04-12 00:24:24 - [MESSAGE][PASSED] - Object: 'Object Repository/Portal/Portal_AccountInfo_Dropdown_ProducerCode' is clicked on

2024-04-12 00:24:24 - [TEST_STEP][PASSED] - mouseOver(findTestObject("Object Repository/Portal/Portal_AccInfo_TypeList_2059HouseCode")): Object: 'Object Repository/Portal/Portal_AccInfo_TypeList_2059HouseCode' is hovered

2024-04-12 00:24:25 - [MESSAGE][PASSED] - Object: 'Object Repository/Portal/Portal_AccInfo_TypeList_2059HouseCode' is hovered

2024-04-12 00:24:25 - [TEST_STEP][PASSED] - click(findTestObject("Object Repository/Portal/Portal_AccInfo_TypeList_2059HouseCode")): Object: 'Object Repository/Portal/Portal_AccInfo_TypeList_2059HouseCode' is clicked on

2024-04-12 00:24:26 - [MESSAGE][PASSED] - Object: 'Object Repository/Portal/Portal_AccInfo_TypeList_2059HouseCode' is clicked on

2024-04-12 00:24:26 - [TEST_STEP][PASSED] - click(findTestObject("Object Repository/Portal/Portal_AccInfo_Button_AddAccount")): Object: 'Object Repository/Portal/Portal_AccInfo_Button_AddAccount' is clicked on

2024-04-12 00:24:26 - [MESSAGE][PASSED] - Object: 'Object Repository/Portal/Portal_AccInfo_Button_AddAccount' is clicked on

2024-04-12 00:24:26 - [TEST_STEP][PASSED] - click(findTestObject("Object Repository/Portal/Portal_StandardizeAddress_Button_Continue")): Object: 'Object Repository/Portal/Portal_StandardizeAddress_Button_Continue' is clicked on

2024-04-12 00:24:28 - [MESSAGE][PASSED] - Object: 'Object Repository/Portal/Portal_StandardizeAddress_Button_Continue' is clicked on

2024-04-12 00:24:28 - [TEST_STEP][PASSED] - AccountNumber = getText(findTestObject("Portal/Portal_NewAccountCreated_Label_AccountNum"), OPTIONAL): Unable to get text of object 'Object Repository/Portal/Portal_NewAccountCreated_Label_AccountNum' (Root cause: com.kms.katalon.core.exception.StepFailedException: Unable to get text of object 'Object Repository/Portal/Portal_NewAccountCreated_Label_AccountNum'
	at com.kms.katalon.core.webui.keyword.internal.WebUIKeywordMain.stepFailed(WebUIKeywordMain.groovy:64)
	at com.kms.katalon.core.webui.keyword.internal.WebUIKeywordMain.runKeyword(WebUIKeywordMain.groovy:26)
	at com.kms.katalon.core.webui.keyword.builtin.GetTextKeyword.getText(GetTextKeyword.groovy:88)
	at com.kms.katalon.core.webui.keyword.builtin.GetTextKeyword.execute(GetTextKeyword.groovy:67)
	at com.kms.katalon.core.keyword.internal.KeywordExecutor.executeKeywordForPlatform(KeywordExecutor.groovy:74)
	at com.kms.katalon.core.webui.keyword.WebUiBuiltInKeywords.getText(WebUiBuiltInKeywords.groovy:904)
	at com.kms.katalon.core.webui.keyword.WebUiBuiltInKeywords$getText$20.call(Unknown Source)
	at Portal_SmokeTest_INState.run(Portal_SmokeTest_INState:92)
	at com.kms.katalon.core.main.ScriptEngine.run(ScriptEngine.java:194)
	at com.kms.katalon.core.main.ScriptEngine.runScriptAsRawText(ScriptEngine.java:119)
	at com.kms.katalon.core.main.TestCaseExecutor.runScript(TestCaseExecutor.java:448)
	at com.kms.katalon.core.main.TestCaseExecutor.doExecute(TestCaseExecutor.java:439)
	at com.kms.katalon.core.main.TestCaseExecutor.processExecutionPhase(TestCaseExecutor.java:418)
	at com.kms.katalon.core.main.TestCaseExecutor.accessMainPhase(TestCaseExecutor.java:410)
	at com.kms.katalon.core.main.TestCaseExecutor.execute(TestCaseExecutor.java:285)
	at com.kms.katalon.core.common.CommonExecutor.accessTestCaseMainPhase(CommonExecutor.java:65)
	at com.kms.katalon.core.main.TestSuiteExecutor.accessTestSuiteMainPhase(TestSuiteExecutor.java:148)
	at com.kms.katalon.core.main.TestSuiteExecutor.execute(TestSuiteExecutor.java:106)
	at com.kms.katalon.core.main.TestCaseMain.startTestSuite(TestCaseMain.java:187)
	at com.kms.katalon.core.main.TestCaseMain$startTestSuite$0.call(Unknown Source)
	at TempTestSuite1712892562095.run(TempTestSuite1712892562095.groovy:36)
Caused by: com.kms.katalon.core.webui.exception.WebElementNotFoundException: Web element with id: 'Object Repository/Portal/Portal_NewAccountCreated_Label_AccountNum' located by '//div[contains(@class,'AccountCreateModal_body')]/p[2]' not found
	at com.kms.katalon.core.webui.common.WebUiCommonHelper.findWebElement(WebUiCommonHelper.java:1381)
	at com.kms.katalon.core.webui.keyword.internal.WebUIAbstractKeyword.findWebElement(WebUIAbstractKeyword.groovy:27)
	at com.kms.katalon.core.webui.keyword.internal.WebUIAbstractKeyword.findWebElement(WebUIAbstractKeyword.groovy:26)
	at com.kms.katalon.core.webui.keyword.builtin.GetTextKeyword$_getText_closure1.doCall(GetTextKeyword.groovy:78)
	at com.kms.katalon.core.webui.keyword.builtin.GetTextKeyword$_getText_closure1.call(GetTextKeyword.groovy)
	at com.kms.katalon.core.webui.keyword.internal.WebUIKeywordMain.runKeyword(WebUIKeywordMain.groovy:20)
	at com.kms.katalon.core.webui.keyword.builtin.GetTextKeyword.getText(GetTextKeyword.groovy:88)
	at com.kms.katalon.core.webui.keyword.builtin.GetTextKeyword.execute(GetTextKeyword.groovy:67)
	at com.kms.katalon.core.keyword.internal.KeywordExecutor.executeKeywordForPlatform(KeywordExecutor.groovy:74)
	at com.kms.katalon.core.webui.keyword.WebUiBuiltInKeywords.getText(WebUiBuiltInKeywords.groovy:904)
	at com.kms.katalon.core.webui.keyword.WebUiBuiltInKeywords$getText$20.call(Unknown Source)
	at Script1689943813856.run(Script1689943813856.groovy:92)
	... 13 more
)

2024-04-12 00:24:59 - [MESSAGE][INFO] - Unable to find the element located by 'By.xpath: //div[contains(@class,'AccountCreateModal_body')]/p[2]'. Please recheck the objects properties to make sure the desired element is located. 

2024-04-12 00:24:59 - [MESSAGE][WARNING] - [SELF-HEALING] Failed to find element with id 'Object Repository/Portal/Portal_NewAccountCreated_Label_AccountNum'. Try using Self-healing.

2024-04-12 00:25:00 - [MESSAGE][INFO] - [SELF-HEALING] No working XPath is found.

2024-04-12 00:25:02 - [MESSAGE][INFO] - Unable to find the element located by 'By.xpath: '. Please recheck the objects properties to make sure the desired element is located. 

2024-04-12 00:25:02 - [MESSAGE][WARNING] - [SELF-HEALING] Cannot find elements when the selector is null

2024-04-12 00:25:02 - [MESSAGE][WARNING] - Unable to get text of object 'Object Repository/Portal/Portal_NewAccountCreated_Label_AccountNum' (Root cause: com.kms.katalon.core.exception.StepFailedException: Unable to get text of object 'Object Repository/Portal/Portal_NewAccountCreated_Label_AccountNum'
	at com.kms.katalon.core.webui.keyword.internal.WebUIKeywordMain.stepFailed(WebUIKeywordMain.groovy:64)
	at com.kms.katalon.core.webui.keyword.internal.WebUIKeywordMain.runKeyword(WebUIKeywordMain.groovy:26)
	at com.kms.katalon.core.webui.keyword.builtin.GetTextKeyword.getText(GetTextKeyword.groovy:88)
	at com.kms.katalon.core.webui.keyword.builtin.GetTextKeyword.execute(GetTextKeyword.groovy:67)
	at com.kms.katalon.core.keyword.internal.KeywordExecutor.executeKeywordForPlatform(KeywordExecutor.groovy:74)
	at com.kms.katalon.core.webui.keyword.WebUiBuiltInKeywords.getText(WebUiBuiltInKeywords.groovy:904)
	at com.kms.katalon.core.webui.keyword.WebUiBuiltInKeywords$getText$20.call(Unknown Source)
	at Portal_SmokeTest_INState.run(Portal_SmokeTest_INState:92)
	at com.kms.katalon.core.main.ScriptEngine.run(ScriptEngine.java:194)
	at com.kms.katalon.core.main.ScriptEngine.runScriptAsRawText(ScriptEngine.java:119)
	at com.kms.katalon.core.main.TestCaseExecutor.runScript(TestCaseExecutor.java:448)
	at com.kms.katalon.core.main.TestCaseExecutor.doExecute(TestCaseExecutor.java:439)
	at com.kms.katalon.core.main.TestCaseExecutor.processExecutionPhase(TestCaseExecutor.java:418)
	at com.kms.katalon.core.main.TestCaseExecutor.accessMainPhase(TestCaseExecutor.java:410)
	at com.kms.katalon.core.main.TestCaseExecutor.execute(TestCaseExecutor.java:285)
	at com.kms.katalon.core.common.CommonExecutor.accessTestCaseMainPhase(CommonExecutor.java:65)
	at com.kms.katalon.core.main.TestSuiteExecutor.accessTestSuiteMainPhase(TestSuiteExecutor.java:148)
	at com.kms.katalon.core.main.TestSuiteExecutor.execute(TestSuiteExecutor.java:106)
	at com.kms.katalon.core.main.TestCaseMain.startTestSuite(TestCaseMain.java:187)
	at com.kms.katalon.core.main.TestCaseMain$startTestSuite$0.call(Unknown Source)
	at TempTestSuite1712892562095.run(TempTestSuite1712892562095.groovy:36)
Caused by: com.kms.katalon.core.webui.exception.WebElementNotFoundException: Web element with id: 'Object Repository/Portal/Portal_NewAccountCreated_Label_AccountNum' located by '//div[contains(@class,'AccountCreateModal_body')]/p[2]' not found
	at com.kms.katalon.core.webui.common.WebUiCommonHelper.findWebElement(WebUiCommonHelper.java:1381)
	at com.kms.katalon.core.webui.keyword.internal.WebUIAbstractKeyword.findWebElement(WebUIAbstractKeyword.groovy:27)
	at com.kms.katalon.core.webui.keyword.internal.WebUIAbstractKeyword.findWebElement(WebUIAbstractKeyword.groovy:26)
	at com.kms.katalon.core.webui.keyword.builtin.GetTextKeyword$_getText_closure1.doCall(GetTextKeyword.groovy:78)
	at com.kms.katalon.core.webui.keyword.builtin.GetTextKeyword$_getText_closure1.call(GetTextKeyword.groovy)
	at com.kms.katalon.core.webui.keyword.internal.WebUIKeywordMain.runKeyword(WebUIKeywordMain.groovy:20)
	at com.kms.katalon.core.webui.keyword.builtin.GetTextKeyword.getText(GetTextKeyword.groovy:88)
	at com.kms.katalon.core.webui.keyword.builtin.GetTextKeyword.execute(GetTextKeyword.groovy:67)
	at com.kms.katalon.core.keyword.internal.KeywordExecutor.executeKeywordForPlatform(KeywordExecutor.groovy:74)
	at com.kms.katalon.core.webui.keyword.WebUiBuiltInKeywords.getText(WebUiBuiltInKeywords.groovy:904)
	at com.kms.katalon.core.webui.keyword.WebUiBuiltInKeywords$getText$20.call(Unknown Source)
	at Script1689943813856.run(Script1689943813856.groovy:92)
	... 13 more
)
[[ATTACHMENT|C:\\Users\\LellKir\\git\\HMIC-Portal\\HMIC-Portal\\HMIC-Portal\\HMIC-Portal\\HMIC-Portal\\HMIC-Portal\\Reports\\20240411_232922\\AgencyPortal_SmokeTest_WC\\20240411_232922\\1712895902237.png]]

2024-04-12 00:25:02 - [TEST_STEP][PASSED] - click(findTestObject("Portal/Portal_NewAccountCreated_Button_Continue"), OPTIONAL): Unable to click on object 'Object Repository/Portal/Portal_NewAccountCreated_Button_Continue' (Root cause: com.kms.katalon.core.exception.StepFailedException: Unable to click on object 'Object Repository/Portal/Portal_NewAccountCreated_Button_Continue'
	at com.kms.katalon.core.webui.keyword.internal.WebUIKeywordMain.stepFailed(WebUIKeywordMain.groovy:64)
	at com.kms.katalon.core.webui.keyword.internal.WebUIKeywordMain.runKeyword(WebUIKeywordMain.groovy:26)
	at com.kms.katalon.core.webui.keyword.builtin.ClickKeyword.click(ClickKeyword.groovy:74)
	at com.kms.katalon.core.webui.keyword.builtin.ClickKeyword.execute(ClickKeyword.groovy:40)
	at com.kms.katalon.core.keyword.internal.KeywordExecutor.executeKeywordForPlatform(KeywordExecutor.groovy:74)
	at com.kms.katalon.core.webui.keyword.WebUiBuiltInKeywords.click(WebUiBuiltInKeywords.groovy:608)
	at com.kms.katalon.core.webui.keyword.WebUiBuiltInKeywords$click$5.call(Unknown Source)
	at Portal_SmokeTest_INState.run(Portal_SmokeTest_INState:94)
	at com.kms.katalon.core.main.ScriptEngine.run(ScriptEngine.java:194)
	at com.kms.katalon.core.main.ScriptEngine.runScriptAsRawText(ScriptEngine.java:119)
	at com.kms.katalon.core.main.TestCaseExecutor.runScript(TestCaseExecutor.java:448)
	at com.kms.katalon.core.main.TestCaseExecutor.doExecute(TestCaseExecutor.java:439)
	at com.kms.katalon.core.main.TestCaseExecutor.processExecutionPhase(TestCaseExecutor.java:418)
	at com.kms.katalon.core.main.TestCaseExecutor.accessMainPhase(TestCaseExecutor.java:410)
	at com.kms.katalon.core.main.TestCaseExecutor.execute(TestCaseExecutor.java:285)
	at com.kms.katalon.core.common.CommonExecutor.accessTestCaseMainPhase(CommonExecutor.java:65)
	at com.kms.katalon.core.main.TestSuiteExecutor.accessTestSuiteMainPhase(TestSuiteExecutor.java:148)
	at com.kms.katalon.core.main.TestSuiteExecutor.execute(TestSuiteExecutor.java:106)
	at com.kms.katalon.core.main.TestCaseMain.startTestSuite(TestCaseMain.java:187)
	at com.kms.katalon.core.main.TestCaseMain$startTestSuite$0.call(Unknown Source)
	at TempTestSuite1712892562095.run(TempTestSuite1712892562095.groovy:36)
Caused by: com.kms.katalon.core.webui.exception.WebElementNotFoundException: Web element with id: 'Object Repository/Portal/Portal_NewAccountCreated_Button_Continue' located by '//button[@type='button']//span[text()='Continue']' not found
	at com.kms.katalon.core.webui.common.WebUiCommonHelper.findWebElement(WebUiCommonHelper.java:1381)
	at com.kms.katalon.core.webui.keyword.internal.WebUIAbstractKeyword.findWebElement(WebUIAbstractKeyword.groovy:27)
	at com.kms.katalon.core.webui.keyword.builtin.ClickKeyword$_click_closure1.doCall(ClickKeyword.groovy:65)
	at com.kms.katalon.core.webui.keyword.builtin.ClickKeyword$_click_closure1.call(ClickKeyword.groovy)
	at com.kms.katalon.core.webui.keyword.internal.WebUIKeywordMain.runKeyword(WebUIKeywordMain.groovy:20)
	at com.kms.katalon.core.webui.keyword.builtin.ClickKeyword.click(ClickKeyword.groovy:74)
	at com.kms.katalon.core.webui.keyword.builtin.ClickKeyword.execute(ClickKeyword.groovy:40)
	at com.kms.katalon.core.keyword.internal.KeywordExecutor.executeKeywordForPlatform(KeywordExecutor.groovy:74)
	at com.kms.katalon.core.webui.keyword.WebUiBuiltInKeywords.click(WebUiBuiltInKeywords.groovy:608)
	at com.kms.katalon.core.webui.keyword.WebUiBuiltInKeywords$click$5.call(Unknown Source)
	at Script1689943813856.run(Script1689943813856.groovy:94)
	... 13 more
)

2024-04-12 00:25:33 - [MESSAGE][INFO] - Unable to find the element located by 'By.xpath: //button[@type='button']//span[text()='Continue']'. Please recheck the objects properties to make sure the desired element is located. 

2024-04-12 00:25:33 - [MESSAGE][WARNING] - [SELF-HEALING] Failed to find element with id 'Object Repository/Portal/Portal_NewAccountCreated_Button_Continue'. Try using Self-healing.

2024-04-12 00:25:34 - [MESSAGE][INFO] - [SELF-HEALING] No working XPath is found.

2024-04-12 00:25:35 - [MESSAGE][INFO] - Unable to find the element located by 'By.xpath: '. Please recheck the objects properties to make sure the desired element is located. 

2024-04-12 00:25:35 - [MESSAGE][WARNING] - [SELF-HEALING] Cannot find elements when the selector is null

2024-04-12 00:25:36 - [MESSAGE][WARNING] - Unable to click on object 'Object Repository/Portal/Portal_NewAccountCreated_Button_Continue' (Root cause: com.kms.katalon.core.exception.StepFailedException: Unable to click on object 'Object Repository/Portal/Portal_NewAccountCreated_Button_Continue'
	at com.kms.katalon.core.webui.keyword.internal.WebUIKeywordMain.stepFailed(WebUIKeywordMain.groovy:64)
	at com.kms.katalon.core.webui.keyword.internal.WebUIKeywordMain.runKeyword(WebUIKeywordMain.groovy:26)
	at com.kms.katalon.core.webui.keyword.builtin.ClickKeyword.click(ClickKeyword.groovy:74)
	at com.kms.katalon.core.webui.keyword.builtin.ClickKeyword.execute(ClickKeyword.groovy:40)
	at com.kms.katalon.core.keyword.internal.KeywordExecutor.executeKeywordForPlatform(KeywordExecutor.groovy:74)
	at com.kms.katalon.core.webui.keyword.WebUiBuiltInKeywords.click(WebUiBuiltInKeywords.groovy:608)
	at com.kms.katalon.core.webui.keyword.WebUiBuiltInKeywords$click$5.call(Unknown Source)
	at Portal_SmokeTest_INState.run(Portal_SmokeTest_INState:94)
	at com.kms.katalon.core.main.ScriptEngine.run(ScriptEngine.java:194)
	at com.kms.katalon.core.main.ScriptEngine.runScriptAsRawText(ScriptEngine.java:119)
	at com.kms.katalon.core.main.TestCaseExecutor.runScript(TestCaseExecutor.java:448)
	at com.kms.katalon.core.main.TestCaseExecutor.doExecute(TestCaseExecutor.java:439)
	at com.kms.katalon.core.main.TestCaseExecutor.processExecutionPhase(TestCaseExecutor.java:418)
	at com.kms.katalon.core.main.TestCaseExecutor.accessMainPhase(TestCaseExecutor.java:410)
	at com.kms.katalon.core.main.TestCaseExecutor.execute(TestCaseExecutor.java:285)
	at com.kms.katalon.core.common.CommonExecutor.accessTestCaseMainPhase(CommonExecutor.java:65)
	at com.kms.katalon.core.main.TestSuiteExecutor.accessTestSuiteMainPhase(TestSuiteExecutor.java:148)
	at com.kms.katalon.core.main.TestSuiteExecutor.execute(TestSuiteExecutor.java:106)
	at com.kms.katalon.core.main.TestCaseMain.startTestSuite(TestCaseMain.java:187)
	at com.kms.katalon.core.main.TestCaseMain$startTestSuite$0.call(Unknown Source)
	at TempTestSuite1712892562095.run(TempTestSuite1712892562095.groovy:36)
Caused by: com.kms.katalon.core.webui.exception.WebElementNotFoundException: Web element with id: 'Object Repository/Portal/Portal_NewAccountCreated_Button_Continue' located by '//button[@type='button']//span[text()='Continue']' not found
	at com.kms.katalon.core.webui.common.WebUiCommonHelper.findWebElement(WebUiCommonHelper.java:1381)
	at com.kms.katalon.core.webui.keyword.internal.WebUIAbstractKeyword.findWebElement(WebUIAbstractKeyword.groovy:27)
	at com.kms.katalon.core.webui.keyword.builtin.ClickKeyword$_click_closure1.doCall(ClickKeyword.groovy:65)
	at com.kms.katalon.core.webui.keyword.builtin.ClickKeyword$_click_closure1.call(ClickKeyword.groovy)
	at com.kms.katalon.core.webui.keyword.internal.WebUIKeywordMain.runKeyword(WebUIKeywordMain.groovy:20)
	at com.kms.katalon.core.webui.keyword.builtin.ClickKeyword.click(ClickKeyword.groovy:74)
	at com.kms.katalon.core.webui.keyword.builtin.ClickKeyword.execute(ClickKeyword.groovy:40)
	at com.kms.katalon.core.keyword.internal.KeywordExecutor.executeKeywordForPlatform(KeywordExecutor.groovy:74)
	at com.kms.katalon.core.webui.keyword.WebUiBuiltInKeywords.click(WebUiBuiltInKeywords.groovy:608)
	at com.kms.katalon.core.webui.keyword.WebUiBuiltInKeywords$click$5.call(Unknown Source)
	at Script1689943813856.run(Script1689943813856.groovy:94)
	... 13 more
)
[[ATTACHMENT|C:\\Users\\LellKir\\git\\HMIC-Portal\\HMIC-Portal\\HMIC-Portal\\HMIC-Portal\\HMIC-Portal\\HMIC-Portal\\Reports\\20240411_232922\\AgencyPortal_SmokeTest_WC\\20240411_232922\\1712895935866.png]]

2024-04-12 00:25:36 - [TEST_STEP][PASSED] - click(findTestObject("Object Repository/Portal/Portal_PolicyDetails_Dropdown_OrgType")): Object: 'Object Repository/Portal/Portal_PolicyDetails_Dropdown_OrgType' is clicked on

2024-04-12 00:25:36 - [MESSAGE][PASSED] - Object: 'Object Repository/Portal/Portal_PolicyDetails_Dropdown_OrgType' is clicked on

2024-04-12 00:25:36 - [TEST_STEP][PASSED] - click(findTestObject("Object Repository/Portal/Portal_PolDetails_OrgType_TypeList_Individual")): Object: 'Object Repository/Portal/Portal_PolDetails_OrgType_TypeList_Individual' is clicked on

2024-04-12 00:25:36 - [MESSAGE][PASSED] - Object: 'Object Repository/Portal/Portal_PolDetails_OrgType_TypeList_Individual' is clicked on

2024-04-12 00:25:36 - [TEST_STEP][PASSED] - mouseOver(findTestObject("Object Repository/Portal/Portal_PolDetails_TextBox_SSN"), STOP_ON_FAILURE): Object: 'Object Repository/Portal/Portal_PolDetails_TextBox_SSN' is hovered

2024-04-12 00:25:37 - [MESSAGE][PASSED] - Object: 'Object Repository/Portal/Portal_PolDetails_TextBox_SSN' is hovered

2024-04-12 00:25:37 - [TEST_STEP][PASSED] - click(findTestObject("Object Repository/Portal/Portal_PolDetails_TextBox_SSN"), STOP_ON_FAILURE): Object: 'Object Repository/Portal/Portal_PolDetails_TextBox_SSN' is clicked on

2024-04-12 00:25:38 - [MESSAGE][PASSED] - Object: 'Object Repository/Portal/Portal_PolDetails_TextBox_SSN' is clicked on

2024-04-12 00:25:38 - [TEST_STEP][PASSED] - sendKeys(findTestObject("Object Repository/Portal/Portal_PolDetails_TextBox_SSN"), Keys.chord("123456789")): Keys '123456789' sent to object: 'Object Repository/Portal/Portal_PolDetails_TextBox_SSN'

2024-04-12 00:25:38 - [MESSAGE][PASSED] - Keys '123456789' sent to object: 'Object Repository/Portal/Portal_PolDetails_TextBox_SSN'

2024-04-12 00:25:38 - [TEST_STEP][PASSED] - click(findTestObject("Object Repository/Portal/Portal_PolicyDetails_Button_Save")): Object: 'Object Repository/Portal/Portal_PolicyDetails_Button_Save' is clicked on

2024-04-12 00:25:39 - [MESSAGE][PASSED] - Object: 'Object Repository/Portal/Portal_PolicyDetails_Button_Save' is clicked on

2024-04-12 00:25:39 - [TEST_STEP][PASSED] - takeFullPageScreenshot(): Taking screenshot successfully

2024-04-12 00:25:40 - [MESSAGE][INFO] - 0 hidden object(s)

2024-04-12 00:25:40 - [MESSAGE][PASSED] - Taking screenshot successfully
[[ATTACHMENT|C:\\Users\\LellKir\\git\\HMIC-Portal\\HMIC-Portal\\HMIC-Portal\\HMIC-Portal\\HMIC-Portal\\HMIC-Portal\\Reports\\20240411_232922\\AgencyPortal_SmokeTest_WC\\20240411_232922\\1712895939505.png]]

2024-04-12 00:25:40 - [TEST_STEP][PASSED] - click(findTestObject("Object Repository/Portal/Portal_Common_Button_NextLoc")): Object: 'Object Repository/Portal/Portal_Common_Button_NextLoc' is clicked on

2024-04-12 00:25:40 - [MESSAGE][PASSED] - Object: 'Object Repository/Portal/Portal_Common_Button_NextLoc' is clicked on

2024-04-12 00:25:40 - [TEST_STEP][PASSED] - waitForElementHasAttribute(findTestObject("Object Repository/Portal/Portal_Loc_Header_Loc"), "Step 3: Locations", 10): Object 'Object Repository/Portal/Portal_Loc_Header_Loc' does not have attribute 'Step 3: Locations'

2024-04-12 00:25:53 - [MESSAGE][WARNING] - Object 'Object Repository/Portal/Portal_Loc_Header_Loc' does not have attribute 'Step 3: Locations'

2024-04-12 00:25:53 - [TEST_STEP][PASSED] - verifyElementText(findTestObject("Object Repository/Portal/Portal_Loc_Header_Loc"), "Step 3: Locations"): Actual text and expected text of test object 'Object Repository/Portal/Portal_Loc_Header_Loc' are matched.

2024-04-12 00:25:53 - [MESSAGE][PASSED] - Actual text and expected text of test object 'Object Repository/Portal/Portal_Loc_Header_Loc' are matched.

2024-04-12 00:25:53 - [TEST_STEP][PASSED] - setText(findTestObject("Object Repository/Portal/Portal_Loc_TextBox_MaxNumOfEmp"), "51"): Text '51' is set on object 'Object Repository/Portal/Portal_Loc_TextBox_MaxNumOfEmp'

2024-04-12 00:25:54 - [MESSAGE][PASSED] - Text '51' is set on object 'Object Repository/Portal/Portal_Loc_TextBox_MaxNumOfEmp'

2024-04-12 00:25:54 - [TEST_STEP][PASSED] - click(findTestObject("Object Repository/Portal/Portal_Loc_TextBox_WorkClassification")): Object: 'Object Repository/Portal/Portal_Loc_TextBox_WorkClassification' is clicked on

2024-04-12 00:25:55 - [MESSAGE][PASSED] - Object: 'Object Repository/Portal/Portal_Loc_TextBox_WorkClassification' is clicked on

2024-04-12 00:25:55 - [TEST_STEP][PASSED] - click(findTestObject("Object Repository/Portal/Portal_Loc_WorkClassification_TypeList_0005")): Object: 'Object Repository/Portal/Portal_Loc_WorkClassification_TypeList_0005' is clicked on

2024-04-12 00:25:56 - [MESSAGE][PASSED] - Object: 'Object Repository/Portal/Portal_Loc_WorkClassification_TypeList_0005' is clicked on

2024-04-12 00:25:56 - [TEST_STEP][PASSED] - setText(findTestObject("Object Repository/Portal/Portal_Loc_TextBox_TotalPayroll"), "5000"): Text '5000' is set on object 'Object Repository/Portal/Portal_Loc_TextBox_TotalPayroll'

2024-04-12 00:25:56 - [MESSAGE][PASSED] - Text '5000' is set on object 'Object Repository/Portal/Portal_Loc_TextBox_TotalPayroll'

2024-04-12 00:25:56 - [TEST_STEP][PASSED] - setText(findTestObject("Object Repository/Portal/Portal_Loc_TextBox_FullTimeEmployees"), "10"): Text '10' is set on object 'Object Repository/Portal/Portal_Loc_TextBox_FullTimeEmployees'

2024-04-12 00:25:57 - [MESSAGE][PASSED] - Text '10' is set on object 'Object Repository/Portal/Portal_Loc_TextBox_FullTimeEmployees'

2024-04-12 00:25:57 - [TEST_STEP][PASSED] - setText(findTestObject("Object Repository/Portal/Portal_Loc_TextBox_PartTimeEmployees"), "10"): Text '10' is set on object 'Object Repository/Portal/Portal_Loc_TextBox_PartTimeEmployees'

2024-04-12 00:25:58 - [MESSAGE][PASSED] - Text '10' is set on object 'Object Repository/Portal/Portal_Loc_TextBox_PartTimeEmployees'

2024-04-12 00:25:58 - [TEST_STEP][PASSED] - click(findTestObject("Object Repository/Portal/Portal_Loc_Button_Save")): Object: 'Object Repository/Portal/Portal_Loc_Button_Save' is clicked on

2024-04-12 00:25:59 - [MESSAGE][PASSED] - Object: 'Object Repository/Portal/Portal_Loc_Button_Save' is clicked on

2024-04-12 00:25:59 - [TEST_STEP][PASSED] - takeFullPageScreenshot(): Taking screenshot successfully

2024-04-12 00:26:00 - [MESSAGE][INFO] - 0 hidden object(s)

2024-04-12 00:26:00 - [MESSAGE][PASSED] - Taking screenshot successfully
[[ATTACHMENT|C:\\Users\\LellKir\\git\\HMIC-Portal\\HMIC-Portal\\HMIC-Portal\\HMIC-Portal\\HMIC-Portal\\HMIC-Portal\\Reports\\20240411_232922\\AgencyPortal_SmokeTest_WC\\20240411_232922\\1712895959481.png]]

2024-04-12 00:26:00 - [TEST_STEP][PASSED] - click(findTestObject("Object Repository/Portal/Portal_Common_Button_NextStateCov")): Object: 'Object Repository/Portal/Portal_Common_Button_NextStateCov' is clicked on

2024-04-12 00:26:00 - [MESSAGE][PASSED] - Object: 'Object Repository/Portal/Portal_Common_Button_NextStateCov' is clicked on

2024-04-12 00:26:00 - [TEST_STEP][PASSED] - waitForElementHasAttribute(findTestObject("Object Repository/Portal/Portal_Cov_Header_Coverages"), "Step 4: Coverages", 10): Object 'Object Repository/Portal/Portal_Cov_Header_Coverages' does not have attribute 'Step 4: Coverages'

2024-04-12 00:26:12 - [MESSAGE][WARNING] - Object 'Object Repository/Portal/Portal_Cov_Header_Coverages' does not have attribute 'Step 4: Coverages'

2024-04-12 00:26:12 - [TEST_STEP][PASSED] - verifyElementText(findTestObject("Object Repository/Portal/Portal_Cov_Header_Coverages"), "Step 4: Coverages"): Actual text and expected text of test object 'Object Repository/Portal/Portal_Cov_Header_Coverages' are matched.

2024-04-12 00:26:12 - [MESSAGE][PASSED] - Actual text and expected text of test object 'Object Repository/Portal/Portal_Cov_Header_Coverages' are matched.

2024-04-12 00:26:12 - [TEST_STEP][PASSED] - click(findTestObject("Portal/Portal_StateCov_Chkbox_ExpRating")): Object: 'Object Repository/Portal/Portal_StateCov_Chkbox_ExpRating' is clicked on

2024-04-12 00:26:13 - [MESSAGE][PASSED] - Object: 'Object Repository/Portal/Portal_StateCov_Chkbox_ExpRating' is clicked on

2024-04-12 00:26:13 - [TEST_STEP][PASSED] - setText(findTestObject("Portal/Portal_StateCov_input_ExpRating"), "10"): Text '10' is set on object 'Object Repository/Portal/Portal_StateCov_input_ExpRating'

2024-04-12 00:26:15 - [MESSAGE][PASSED] - Text '10' is set on object 'Object Repository/Portal/Portal_StateCov_input_ExpRating'

2024-04-12 00:26:15 - [TEST_STEP][PASSED] - click(findTestObject("Object Repository/Portal/Portal_StateCov_Button_NextLineCov")): Object: 'Object Repository/Portal/Portal_StateCov_Button_NextLineCov' is clicked on

2024-04-12 00:26:16 - [MESSAGE][PASSED] - Object: 'Object Repository/Portal/Portal_StateCov_Button_NextLineCov' is clicked on

2024-04-12 00:26:16 - [TEST_STEP][PASSED] - click(findTestObject("Object Repository/Portal/Portal_LineCov_button_NextSupplementalQues")): Object: 'Object Repository/Portal/Portal_LineCov_button_NextSupplementalQues' is clicked on

2024-04-12 00:26:18 - [MESSAGE][PASSED] - Object: 'Object Repository/Portal/Portal_LineCov_button_NextSupplementalQues' is clicked on

2024-04-12 00:26:18 - [TEST_STEP][PASSED] - click(findTestObject("Object Repository/Portal/Portal_Supplemental_CheckBox_IhaveReviewed")): Object: 'Object Repository/Portal/Portal_Supplemental_CheckBox_IhaveReviewed' is clicked on

2024-04-12 00:26:20 - [MESSAGE][PASSED] - Object: 'Object Repository/Portal/Portal_Supplemental_CheckBox_IhaveReviewed' is clicked on

2024-04-12 00:26:20 - [TEST_STEP][PASSED] - takeFullPageScreenshot(): Taking screenshot successfully

2024-04-12 00:26:21 - [MESSAGE][INFO] - 0 hidden object(s)

2024-04-12 00:26:22 - [MESSAGE][PASSED] - Taking screenshot successfully
[[ATTACHMENT|C:\\Users\\LellKir\\git\\HMIC-Portal\\HMIC-Portal\\HMIC-Portal\\HMIC-Portal\\HMIC-Portal\\HMIC-Portal\\Reports\\20240411_232922\\AgencyPortal_SmokeTest_WC\\20240411_232922\\1712895980811.png]]

2024-04-12 00:26:22 - [TEST_STEP][PASSED] - click(findTestObject("Object Repository/Portal/Portal_Common_Button_NextQuote")): Object: 'Object Repository/Portal/Portal_Common_Button_NextQuote' is clicked on

2024-04-12 00:26:22 - [MESSAGE][PASSED] - Object: 'Object Repository/Portal/Portal_Common_Button_NextQuote' is clicked on

2024-04-12 00:26:22 - [TEST_STEP][PASSED] - waitForElementHasAttribute(findTestObject("Object Repository/Portal/Portal_Quote_Header_Quote"), "Step 6: Quote", 10): Object 'Object Repository/Portal/Portal_Quote_Header_Quote' does not have attribute 'Step 6: Quote'

2024-04-12 00:26:55 - [MESSAGE][WARNING] - Object 'Object Repository/Portal/Portal_Quote_Header_Quote' does not have attribute 'Step 6: Quote'

2024-04-12 00:26:55 - [TEST_STEP][PASSED] - verifyElementText(findTestObject("Object Repository/Portal/Portal_Quote_Header_Quote"), "Step 6: Quote"): Actual text and expected text of test object 'Object Repository/Portal/Portal_Quote_Header_Quote' are matched.

2024-04-12 00:26:55 - [MESSAGE][PASSED] - Actual text and expected text of test object 'Object Repository/Portal/Portal_Quote_Header_Quote' are matched.

2024-04-12 00:26:55 - [TEST_STEP][PASSED] - verifyElementPresent(findTestObject("Object Repository/Portal/Portal_Quote_Label_SubmissionNum"), 30): Object 'Object Repository/Portal/Portal_Quote_Label_SubmissionNum' is present

2024-04-12 00:26:56 - [MESSAGE][PASSED] - Object 'Object Repository/Portal/Portal_Quote_Label_SubmissionNum' is present

2024-04-12 00:26:56 - [TEST_STEP][PASSED] - SubmissionNumber = getText(findTestObject("Object Repository/Portal/Portal_Quote_Label_SubmissionNum")): Text of object 'Object Repository/Portal/Portal_Quote_Label_SubmissionNum' is: 'Quote No. 0016870394'

2024-04-12 00:26:56 - [MESSAGE][PASSED] - Text of object 'Object Repository/Portal/Portal_Quote_Label_SubmissionNum' is: 'Quote No. 0016870394'

2024-04-12 00:26:56 - [TEST_STEP][PASSED] - takeFullPageScreenshot(): Taking screenshot successfully

2024-04-12 00:26:57 - [MESSAGE][INFO] - 0 hidden object(s)

2024-04-12 00:26:57 - [MESSAGE][PASSED] - Taking screenshot successfully
[[ATTACHMENT|C:\\Users\\LellKir\\git\\HMIC-Portal\\HMIC-Portal\\HMIC-Portal\\HMIC-Portal\\HMIC-Portal\\HMIC-Portal\\Reports\\20240411_232922\\AgencyPortal_SmokeTest_WC\\20240411_232922\\1712896016391.png]]

2024-04-12 00:26:57 - [TEST_STEP][PASSED] - click(findTestObject("Portal/Portal_Quote_Button_NextAdditionalInfo")): Object: 'Object Repository/Portal/Portal_Quote_Button_NextAdditionalInfo' is clicked on

2024-04-12 00:26:58 - [MESSAGE][PASSED] - Object: 'Object Repository/Portal/Portal_Quote_Button_NextAdditionalInfo' is clicked on

2024-04-12 00:26:58 - [TEST_STEP][PASSED] - waitForElementHasAttribute(findTestObject("Portal/Portal_Common_Label_Header"), "Step 7: Additional Info", 10): Object 'Object Repository/Portal/Portal_Common_Label_Header' does not have attribute 'Step 7: Additional Info'

2024-04-12 00:27:11 - [MESSAGE][WARNING] - Object 'Object Repository/Portal/Portal_Common_Label_Header' does not have attribute 'Step 7: Additional Info'

2024-04-12 00:27:11 - [TEST_STEP][PASSED] - verifyElementText(findTestObject("Portal/Portal_Common_Label_Header"), "Step 7: Additional Info"): Actual text and expected text of test object 'Object Repository/Portal/Portal_Common_Label_Header' are matched.

2024-04-12 00:27:11 - [MESSAGE][PASSED] - Actual text and expected text of test object 'Object Repository/Portal/Portal_Common_Label_Header' are matched.

2024-04-12 00:27:11 - [TEST_STEP][PASSED] - setText(findTestObject("Portal/Portal_AddInfo_TextArea_DescriptionOfOp"), "Individual"): Text 'Individual' is set on object 'Object Repository/Portal/Portal_AddInfo_TextArea_DescriptionOfOp'

2024-04-12 00:27:12 - [MESSAGE][PASSED] - Text 'Individual' is set on object 'Object Repository/Portal/Portal_AddInfo_TextArea_DescriptionOfOp'

2024-04-12 00:27:12 - [TEST_STEP][PASSED] - setText(findTestObject("Portal/Portal_AccAndInsCont_TextBox_FirstName"), "AccAndIns_FirstName"): Text 'AccAndIns_FirstName' is set on object 'Object Repository/Portal/Portal_AccAndInsCont_TextBox_FirstName'

2024-04-12 00:27:13 - [MESSAGE][PASSED] - Text 'AccAndIns_FirstName' is set on object 'Object Repository/Portal/Portal_AccAndInsCont_TextBox_FirstName'

2024-04-12 00:27:13 - [TEST_STEP][PASSED] - setText(findTestObject("Portal/Portal_AccAndInsCont_TextBox_LastName"), "LastName" + RandomStringUtils.randomAlphabetic(5)): Text 'LastNamebRfIr' is set on object 'Object Repository/Portal/Portal_AccAndInsCont_TextBox_LastName'

2024-04-12 00:27:14 - [MESSAGE][PASSED] - Text 'LastNamebRfIr' is set on object 'Object Repository/Portal/Portal_AccAndInsCont_TextBox_LastName'

2024-04-12 00:27:14 - [TEST_STEP][PASSED] - sendKeys(findTestObject("Portal/Portal_AccAndIns_TextBox_PhoneNum"), Keys.chord("8567123411")): Keys '8567123411' sent to object: 'Object Repository/Portal/Portal_AccAndIns_TextBox_PhoneNum'

2024-04-12 00:27:15 - [MESSAGE][PASSED] - Keys '8567123411' sent to object: 'Object Repository/Portal/Portal_AccAndIns_TextBox_PhoneNum'

2024-04-12 00:27:15 - [TEST_STEP][PASSED] - click(findTestObject("Portal/Portal_Common_Button_Save")): Object: 'Object Repository/Portal/Portal_Common_Button_Save' is clicked on

2024-04-12 00:27:15 - [MESSAGE][PASSED] - Object: 'Object Repository/Portal/Portal_Common_Button_Save' is clicked on

2024-04-12 00:27:15 - [TEST_STEP][PASSED] - setText(findTestObject("Portal/Portal_AccInfo_TextBox_FirstName"), "Test"): Text 'Test' is set on object 'Object Repository/Portal/Portal_AccInfo_TextBox_FirstName'

2024-04-12 00:27:16 - [MESSAGE][PASSED] - Text 'Test' is set on object 'Object Repository/Portal/Portal_AccInfo_TextBox_FirstName'

2024-04-12 00:27:16 - [TEST_STEP][PASSED] - setText(findTestObject("Portal/Portal_AccInfo_TextBox_LastName"), "Person"): Text 'Person' is set on object 'Object Repository/Portal/Portal_AccInfo_TextBox_LastName'

2024-04-12 00:27:17 - [MESSAGE][PASSED] - Text 'Person' is set on object 'Object Repository/Portal/Portal_AccInfo_TextBox_LastName'

2024-04-12 00:27:17 - [TEST_STEP][PASSED] - setText(findTestObject("Portal/Portal_FirstCall_TextBox_EmailAddress"), "ssomasundaram@hastingsmutual.com"): Text 'ssomasundaram@hastingsmutual.com' is set on object 'Object Repository/Portal/Portal_FirstCall_TextBox_EmailAddress'

2024-04-12 00:27:18 - [MESSAGE][PASSED] - Text 'ssomasundaram@hastingsmutual.com' is set on object 'Object Repository/Portal/Portal_FirstCall_TextBox_EmailAddress'

2024-04-12 00:27:18 - [TEST_STEP][PASSED] - setText(findTestObject("Portal/Portal_AdditionalInfo_input_IN_BureauID"), "914543212"): Text '914543212' is set on object 'Object Repository/Portal/Portal_AdditionalInfo_input_IN_BureauID'

2024-04-12 00:27:19 - [MESSAGE][PASSED] - Text '914543212' is set on object 'Object Repository/Portal/Portal_AdditionalInfo_input_IN_BureauID'

2024-04-12 00:27:19 - [TEST_STEP][PASSED] - takeFullPageScreenshot(): Taking screenshot successfully

2024-04-12 00:27:20 - [MESSAGE][INFO] - 0 hidden object(s)

2024-04-12 00:27:21 - [MESSAGE][PASSED] - Taking screenshot successfully
[[ATTACHMENT|C:\\Users\\LellKir\\git\\HMIC-Portal\\HMIC-Portal\\HMIC-Portal\\HMIC-Portal\\HMIC-Portal\\HMIC-Portal\\Reports\\20240411_232922\\AgencyPortal_SmokeTest_WC\\20240411_232922\\1712896039618.png]]

2024-04-12 00:27:21 - [TEST_STEP][PASSED] - click(findTestObject("Portal/Portal_Common_Button_NextReview")): Object: 'Object Repository/Portal/Portal_Common_Button_NextReview' is clicked on

2024-04-12 00:27:21 - [MESSAGE][PASSED] - Object: 'Object Repository/Portal/Portal_Common_Button_NextReview' is clicked on

2024-04-12 00:27:21 - [TEST_STEP][PASSED] - waitForElementHasAttribute(findTestObject("Portal/Portal_Common_Label_Header"), "Step 8: Review", 10): Object 'Object Repository/Portal/Portal_Common_Label_Header' does not have attribute 'Step 8: Review'

2024-04-12 00:27:38 - [MESSAGE][WARNING] - Object 'Object Repository/Portal/Portal_Common_Label_Header' does not have attribute 'Step 8: Review'

2024-04-12 00:27:38 - [TEST_STEP][PASSED] - verifyElementText(findTestObject("Portal/Portal_Common_Label_Header"), "Step 8: Review"): Actual text and expected text of test object 'Object Repository/Portal/Portal_Common_Label_Header' are matched.

2024-04-12 00:27:39 - [MESSAGE][PASSED] - Actual text and expected text of test object 'Object Repository/Portal/Portal_Common_Label_Header' are matched.

2024-04-12 00:27:39 - [TEST_STEP][PASSED] - comment("User should be able to quote the submission in Portal"): User should be able to quote the submission in Portal

2024-04-12 00:27:39 - [MESSAGE][INFO] - User should be able to quote the submission in Portal

2024-04-12 00:27:39 - [TEST_STEP][PASSED] - SubmissionNumber = SubmissionNumber: null

2024-04-12 00:27:39 - [TEST_STEP][PASSED] - takeFullPageScreenshot(): Taking screenshot successfully

2024-04-12 00:27:40 - [MESSAGE][INFO] - 0 hidden object(s)

2024-04-12 00:27:40 - [MESSAGE][PASSED] - Taking screenshot successfully
[[ATTACHMENT|C:\\Users\\LellKir\\git\\HMIC-Portal\\HMIC-Portal\\HMIC-Portal\\HMIC-Portal\\HMIC-Portal\\HMIC-Portal\\Reports\\20240411_232922\\AgencyPortal_SmokeTest_WC\\20240411_232922\\1712896059296.png]]

2024-04-12 00:27:40 - [TEST_STEP][PASSED] - comment("Login to PC and approve UW issues"): Login to PC and approve UW issues

2024-04-12 00:27:40 - [MESSAGE][INFO] - Login to PC and approve UW issues

2024-04-12 00:27:40 - [TEST_STEP][PASSED] - callTestCase(findTestCase("PolicyCenter_Pages/PC_CommonScreens/PC_Login"), ["PC_Username":PC_Username, "PC_Password":PC_Password], STOP_ON_FAILURE): Call Test Case 'Test Cases/PolicyCenter_Pages/PC_CommonScreens/PC_Login' successfully

2024-04-12 00:27:40 - [TEST_CASE][PASSED] - Test Cases/PolicyCenter_Pages/PC_CommonScreens/PC_Login: Test Cases/PolicyCenter_Pages/PC_CommonScreens/PC_Login

2024-04-12 00:27:40 - [TEST_STEP][PASSED] - openBrowser(""): Browser is opened with url: ''

2024-04-12 00:27:40 - [MESSAGE][WARNING] - A browser is already opened. Closing browser and opening a new one

2024-04-12 00:27:41 - [MESSAGE][INFO] - Starting 'Chrome' driver

2024-04-12 00:27:41 - [MESSAGE][INFO] - Action delay is set to 0 milliseconds

2024-04-12 00:27:42 - [MESSAGE][PASSED] - Browser is opened with url: ''

2024-04-12 00:27:42 - [TEST_STEP][PASSED] - deleteAllCookies(): Delete all cookies successfully

2024-04-12 00:27:42 - [MESSAGE][PASSED] - Delete all cookies successfully

2024-04-12 00:27:42 - [TEST_STEP][PASSED] - maximizeWindow(): Current window maximized

2024-04-12 00:27:43 - [MESSAGE][PASSED] - Current window maximized

2024-04-12 00:27:43 - [TEST_STEP][PASSED] - takeFullPageScreenshot(): Taking screenshot successfully

2024-04-12 00:27:43 - [MESSAGE][INFO] - 0 hidden object(s)

2024-04-12 00:27:43 - [MESSAGE][PASSED] - Taking screenshot successfully
[[ATTACHMENT|C:\\Users\\LellKir\\git\\HMIC-Portal\\HMIC-Portal\\HMIC-Portal\\HMIC-Portal\\HMIC-Portal\\HMIC-Portal\\Reports\\20240411_232922\\AgencyPortal_SmokeTest_WC\\20240411_232922\\1712896063082.png]]

2024-04-12 00:27:43 - [TEST_STEP][PASSED] - navigateToUrl(URL): Navigate to 'https://qaservices.hastingsmutual.com/Authentication/Login?ReturnUrl=https://policycenter.qa1.hastingsmutual.com/pc/service/ssosaml' successfully

2024-04-12 00:27:44 - [MESSAGE][PASSED] - Navigate to 'https://qaservices.hastingsmutual.com/Authentication/Login?ReturnUrl=https://policycenter.qa1.hastingsmutual.com/pc/service/ssosaml' successfully

2024-04-12 00:27:44 - [TEST_STEP][PASSED] - takeFullPageScreenshot(): Taking screenshot successfully

2024-04-12 00:27:44 - [MESSAGE][INFO] - 0 hidden object(s)

2024-04-12 00:27:45 - [MESSAGE][PASSED] - Taking screenshot successfully
[[ATTACHMENT|C:\\Users\\LellKir\\git\\HMIC-Portal\\HMIC-Portal\\HMIC-Portal\\HMIC-Portal\\HMIC-Portal\\HMIC-Portal\\Reports\\20240411_232922\\AgencyPortal_SmokeTest_WC\\20240411_232922\\1712896064479.png]]

2024-04-12 00:27:45 - [TEST_STEP][PASSED] - click(findTestObject("Object Repository/PolicyCenter_Login/div_PC_Login_Link_ClickHereToLogin"), OPTIONAL): Unable to click on object 'Object Repository/PolicyCenter_Login/div_PC_Login_Link_ClickHereToLogin' (Root cause: com.kms.katalon.core.exception.StepFailedException: Unable to click on object 'Object Repository/PolicyCenter_Login/div_PC_Login_Link_ClickHereToLogin'
	at com.kms.katalon.core.webui.keyword.internal.WebUIKeywordMain.stepFailed(WebUIKeywordMain.groovy:64)
	at com.kms.katalon.core.webui.keyword.internal.WebUIKeywordMain.runKeyword(WebUIKeywordMain.groovy:26)
	at com.kms.katalon.core.webui.keyword.builtin.ClickKeyword.click(ClickKeyword.groovy:74)
	at com.kms.katalon.core.webui.keyword.builtin.ClickKeyword.execute(ClickKeyword.groovy:40)
	at com.kms.katalon.core.keyword.internal.KeywordExecutor.executeKeywordForPlatform(KeywordExecutor.groovy:74)
	at com.kms.katalon.core.webui.keyword.WebUiBuiltInKeywords.click(WebUiBuiltInKeywords.groovy:608)
	at com.kms.katalon.core.webui.keyword.WebUiBuiltInKeywords$click$5.call(Unknown Source)
	at PC_Login.run(PC_Login:32)
	at com.kms.katalon.core.main.ScriptEngine.run(ScriptEngine.java:194)
	at com.kms.katalon.core.main.ScriptEngine.runScriptAsRawText(ScriptEngine.java:119)
	at com.kms.katalon.core.main.TestCaseExecutor.runScript(TestCaseExecutor.java:448)
	at com.kms.katalon.core.main.TestCaseExecutor.doExecute(TestCaseExecutor.java:439)
	at com.kms.katalon.core.main.TestCaseExecutor.processExecutionPhase(TestCaseExecutor.java:418)
	at com.kms.katalon.core.main.TestCaseExecutor.accessMainPhase(TestCaseExecutor.java:410)
	at com.kms.katalon.core.main.TestCaseExecutor.execute(TestCaseExecutor.java:285)
	at com.kms.katalon.core.main.TestCaseMain.runTestCase(TestCaseMain.java:144)
	at com.kms.katalon.core.keyword.builtin.CallTestCaseKeyword$_callTestCase_closure1.doCall(CallTestCaseKeyword.groovy:59)
	at com.kms.katalon.core.keyword.builtin.CallTestCaseKeyword$_callTestCase_closure1.call(CallTestCaseKeyword.groovy)
	at com.kms.katalon.core.keyword.internal.KeywordMain.runKeyword(KeywordMain.groovy:75)
	at com.kms.katalon.core.keyword.builtin.CallTestCaseKeyword.callTestCase(CallTestCaseKeyword.groovy:81)
	at com.kms.katalon.core.keyword.builtin.CallTestCaseKeyword.execute(CallTestCaseKeyword.groovy:44)
	at com.kms.katalon.core.keyword.internal.KeywordExecutor.executeKeywordForPlatform(KeywordExecutor.groovy:74)
	at com.kms.katalon.core.keyword.BuiltinKeywords.callTestCase(BuiltinKeywords.groovy:310)
	at Portal_SmokeTest_INState.run(Portal_SmokeTest_INState:206)
	at com.kms.katalon.core.main.ScriptEngine.run(ScriptEngine.java:194)
	at com.kms.katalon.core.main.ScriptEngine.runScriptAsRawText(ScriptEngine.java:119)
	at com.kms.katalon.core.main.TestCaseExecutor.runScript(TestCaseExecutor.java:448)
	at com.kms.katalon.core.main.TestCaseExecutor.doExecute(TestCaseExecutor.java:439)
	at com.kms.katalon.core.main.TestCaseExecutor.processExecutionPhase(TestCaseExecutor.java:418)
	at com.kms.katalon.core.main.TestCaseExecutor.accessMainPhase(TestCaseExecutor.java:410)
	at com.kms.katalon.core.main.TestCaseExecutor.execute(TestCaseExecutor.java:285)
	at com.kms.katalon.core.common.CommonExecutor.accessTestCaseMainPhase(CommonExecutor.java:65)
	at com.kms.katalon.core.main.TestSuiteExecutor.accessTestSuiteMainPhase(TestSuiteExecutor.java:148)
	at com.kms.katalon.core.main.TestSuiteExecutor.execute(TestSuiteExecutor.java:106)
	at com.kms.katalon.core.main.TestCaseMain.startTestSuite(TestCaseMain.java:187)
	at com.kms.katalon.core.main.TestCaseMain$startTestSuite$0.call(Unknown Source)
	at TempTestSuite1712892562095.run(TempTestSuite1712892562095.groovy:36)
Caused by: com.kms.katalon.core.webui.exception.WebElementNotFoundException: Web element with id: 'Object Repository/PolicyCenter_Login/div_PC_Login_Link_ClickHereToLogin' located by '//div[contains(@id,'LoginDetailsInputSet-LoginLink')]' not found
	at com.kms.katalon.core.webui.common.WebUiCommonHelper.findWebElement(WebUiCommonHelper.java:1381)
	at com.kms.katalon.core.webui.keyword.internal.WebUIAbstractKeyword.findWebElement(WebUIAbstractKeyword.groovy:27)
	at com.kms.katalon.core.webui.keyword.builtin.ClickKeyword$_click_closure1.doCall(ClickKeyword.groovy:65)
	at com.kms.katalon.core.webui.keyword.builtin.ClickKeyword$_click_closure1.call(ClickKeyword.groovy)
	at com.kms.katalon.core.webui.keyword.internal.WebUIKeywordMain.runKeyword(WebUIKeywordMain.groovy:20)
	at com.kms.katalon.core.webui.keyword.builtin.ClickKeyword.click(ClickKeyword.groovy:74)
	at com.kms.katalon.core.webui.keyword.builtin.ClickKeyword.execute(ClickKeyword.groovy:40)
	at com.kms.katalon.core.keyword.internal.KeywordExecutor.executeKeywordForPlatform(KeywordExecutor.groovy:74)
	at com.kms.katalon.core.webui.keyword.WebUiBuiltInKeywords.click(WebUiBuiltInKeywords.groovy:608)
	at com.kms.katalon.core.webui.keyword.WebUiBuiltInKeywords$click$5.call(Unknown Source)
	at Script1683558651933.run(Script1683558651933.groovy:32)
	at com.kms.katalon.core.main.ScriptEngine.run(ScriptEngine.java:194)
	at com.kms.katalon.core.main.ScriptEngine.runScriptAsRawText(ScriptEngine.java:119)
	at com.kms.katalon.core.main.TestCaseExecutor.runScript(TestCaseExecutor.java:448)
	at com.kms.katalon.core.main.TestCaseExecutor.doExecute(TestCaseExecutor.java:439)
	at com.kms.katalon.core.main.TestCaseExecutor.processExecutionPhase(TestCaseExecutor.java:418)
	at com.kms.katalon.core.main.TestCaseExecutor.accessMainPhase(TestCaseExecutor.java:410)
	at com.kms.katalon.core.main.TestCaseExecutor.execute(TestCaseExecutor.java:285)
	at com.kms.katalon.core.main.TestCaseMain.runTestCase(TestCaseMain.java:144)
	at com.kms.katalon.core.keyword.builtin.CallTestCaseKeyword$_callTestCase_closure1.doCall(CallTestCaseKeyword.groovy:59)
	at com.kms.katalon.core.keyword.builtin.CallTestCaseKeyword$_callTestCase_closure1.call(CallTestCaseKeyword.groovy)
	at com.kms.katalon.core.keyword.internal.KeywordMain.runKeyword(KeywordMain.groovy:75)
	at com.kms.katalon.core.keyword.builtin.CallTestCaseKeyword.callTestCase(CallTestCaseKeyword.groovy:81)
	at com.kms.katalon.core.keyword.builtin.CallTestCaseKeyword.execute(CallTestCaseKeyword.groovy:44)
	at com.kms.katalon.core.keyword.internal.KeywordExecutor.executeKeywordForPlatform(KeywordExecutor.groovy:74)
	at com.kms.katalon.core.keyword.BuiltinKeywords.callTestCase(BuiltinKeywords.groovy:310)
	at Script1689943813856.run(Script1689943813856.groovy:206)
	... 13 more
)

2024-04-12 00:28:16 - [MESSAGE][INFO] - Unable to find the element located by 'By.xpath: //div[contains(@id,'LoginDetailsInputSet-LoginLink')]'. Please recheck the objects properties to make sure the desired element is located. 

2024-04-12 00:28:16 - [MESSAGE][WARNING] - [SELF-HEALING] Failed to find element with id 'Object Repository/PolicyCenter_Login/div_PC_Login_Link_ClickHereToLogin'. Try using Self-healing.

2024-04-12 00:28:17 - [MESSAGE][INFO] - [SELF-HEALING] No working XPath is found.

2024-04-12 00:28:18 - [MESSAGE][INFO] - Unable to find the element located by 'By.xpath: '. Please recheck the objects properties to make sure the desired element is located. 

2024-04-12 00:28:18 - [MESSAGE][WARNING] - [SELF-HEALING] Cannot find elements when the selector is null

2024-04-12 00:28:18 - [MESSAGE][WARNING] - Unable to click on object 'Object Repository/PolicyCenter_Login/div_PC_Login_Link_ClickHereToLogin' (Root cause: com.kms.katalon.core.exception.StepFailedException: Unable to click on object 'Object Repository/PolicyCenter_Login/div_PC_Login_Link_ClickHereToLogin'
	at com.kms.katalon.core.webui.keyword.internal.WebUIKeywordMain.stepFailed(WebUIKeywordMain.groovy:64)
	at com.kms.katalon.core.webui.keyword.internal.WebUIKeywordMain.runKeyword(WebUIKeywordMain.groovy:26)
	at com.kms.katalon.core.webui.keyword.builtin.ClickKeyword.click(ClickKeyword.groovy:74)
	at com.kms.katalon.core.webui.keyword.builtin.ClickKeyword.execute(ClickKeyword.groovy:40)
	at com.kms.katalon.core.keyword.internal.KeywordExecutor.executeKeywordForPlatform(KeywordExecutor.groovy:74)
	at com.kms.katalon.core.webui.keyword.WebUiBuiltInKeywords.click(WebUiBuiltInKeywords.groovy:608)
	at com.kms.katalon.core.webui.keyword.WebUiBuiltInKeywords$click$5.call(Unknown Source)
	at PC_Login.run(PC_Login:32)
	at com.kms.katalon.core.main.ScriptEngine.run(ScriptEngine.java:194)
	at com.kms.katalon.core.main.ScriptEngine.runScriptAsRawText(ScriptEngine.java:119)
	at com.kms.katalon.core.main.TestCaseExecutor.runScript(TestCaseExecutor.java:448)
	at com.kms.katalon.core.main.TestCaseExecutor.doExecute(TestCaseExecutor.java:439)
	at com.kms.katalon.core.main.TestCaseExecutor.processExecutionPhase(TestCaseExecutor.java:418)
	at com.kms.katalon.core.main.TestCaseExecutor.accessMainPhase(TestCaseExecutor.java:410)
	at com.kms.katalon.core.main.TestCaseExecutor.execute(TestCaseExecutor.java:285)
	at com.kms.katalon.core.main.TestCaseMain.runTestCase(TestCaseMain.java:144)
	at com.kms.katalon.core.keyword.builtin.CallTestCaseKeyword$_callTestCase_closure1.doCall(CallTestCaseKeyword.groovy:59)
	at com.kms.katalon.core.keyword.builtin.CallTestCaseKeyword$_callTestCase_closure1.call(CallTestCaseKeyword.groovy)
	at com.kms.katalon.core.keyword.internal.KeywordMain.runKeyword(KeywordMain.groovy:75)
	at com.kms.katalon.core.keyword.builtin.CallTestCaseKeyword.callTestCase(CallTestCaseKeyword.groovy:81)
	at com.kms.katalon.core.keyword.builtin.CallTestCaseKeyword.execute(CallTestCaseKeyword.groovy:44)
	at com.kms.katalon.core.keyword.internal.KeywordExecutor.executeKeywordForPlatform(KeywordExecutor.groovy:74)
	at com.kms.katalon.core.keyword.BuiltinKeywords.callTestCase(BuiltinKeywords.groovy:310)
	at Portal_SmokeTest_INState.run(Portal_SmokeTest_INState:206)
	at com.kms.katalon.core.main.ScriptEngine.run(ScriptEngine.java:194)
	at com.kms.katalon.core.main.ScriptEngine.runScriptAsRawText(ScriptEngine.java:119)
	at com.kms.katalon.core.main.TestCaseExecutor.runScript(TestCaseExecutor.java:448)
	at com.kms.katalon.core.main.TestCaseExecutor.doExecute(TestCaseExecutor.java:439)
	at com.kms.katalon.core.main.TestCaseExecutor.processExecutionPhase(TestCaseExecutor.java:418)
	at com.kms.katalon.core.main.TestCaseExecutor.accessMainPhase(TestCaseExecutor.java:410)
	at com.kms.katalon.core.main.TestCaseExecutor.execute(TestCaseExecutor.java:285)
	at com.kms.katalon.core.common.CommonExecutor.accessTestCaseMainPhase(CommonExecutor.java:65)
	at com.kms.katalon.core.main.TestSuiteExecutor.accessTestSuiteMainPhase(TestSuiteExecutor.java:148)
	at com.kms.katalon.core.main.TestSuiteExecutor.execute(TestSuiteExecutor.java:106)
	at com.kms.katalon.core.main.TestCaseMain.startTestSuite(TestCaseMain.java:187)
	at com.kms.katalon.core.main.TestCaseMain$startTestSuite$0.call(Unknown Source)
	at TempTestSuite1712892562095.run(TempTestSuite1712892562095.groovy:36)
Caused by: com.kms.katalon.core.webui.exception.WebElementNotFoundException: Web element with id: 'Object Repository/PolicyCenter_Login/div_PC_Login_Link_ClickHereToLogin' located by '//div[contains(@id,'LoginDetailsInputSet-LoginLink')]' not found
	at com.kms.katalon.core.webui.common.WebUiCommonHelper.findWebElement(WebUiCommonHelper.java:1381)
	at com.kms.katalon.core.webui.keyword.internal.WebUIAbstractKeyword.findWebElement(WebUIAbstractKeyword.groovy:27)
	at com.kms.katalon.core.webui.keyword.builtin.ClickKeyword$_click_closure1.doCall(ClickKeyword.groovy:65)
	at com.kms.katalon.core.webui.keyword.builtin.ClickKeyword$_click_closure1.call(ClickKeyword.groovy)
	at com.kms.katalon.core.webui.keyword.internal.WebUIKeywordMain.runKeyword(WebUIKeywordMain.groovy:20)
	at com.kms.katalon.core.webui.keyword.builtin.ClickKeyword.click(ClickKeyword.groovy:74)
	at com.kms.katalon.core.webui.keyword.builtin.ClickKeyword.execute(ClickKeyword.groovy:40)
	at com.kms.katalon.core.keyword.internal.KeywordExecutor.executeKeywordForPlatform(KeywordExecutor.groovy:74)
	at com.kms.katalon.core.webui.keyword.WebUiBuiltInKeywords.click(WebUiBuiltInKeywords.groovy:608)
	at com.kms.katalon.core.webui.keyword.WebUiBuiltInKeywords$click$5.call(Unknown Source)
	at Script1683558651933.run(Script1683558651933.groovy:32)
	at com.kms.katalon.core.main.ScriptEngine.run(ScriptEngine.java:194)
	at com.kms.katalon.core.main.ScriptEngine.runScriptAsRawText(ScriptEngine.java:119)
	at com.kms.katalon.core.main.TestCaseExecutor.runScript(TestCaseExecutor.java:448)
	at com.kms.katalon.core.main.TestCaseExecutor.doExecute(TestCaseExecutor.java:439)
	at com.kms.katalon.core.main.TestCaseExecutor.processExecutionPhase(TestCaseExecutor.java:418)
	at com.kms.katalon.core.main.TestCaseExecutor.accessMainPhase(TestCaseExecutor.java:410)
	at com.kms.katalon.core.main.TestCaseExecutor.execute(TestCaseExecutor.java:285)
	at com.kms.katalon.core.main.TestCaseMain.runTestCase(TestCaseMain.java:144)
	at com.kms.katalon.core.keyword.builtin.CallTestCaseKeyword$_callTestCase_closure1.doCall(CallTestCaseKeyword.groovy:59)
	at com.kms.katalon.core.keyword.builtin.CallTestCaseKeyword$_callTestCase_closure1.call(CallTestCaseKeyword.groovy)
	at com.kms.katalon.core.keyword.internal.KeywordMain.runKeyword(KeywordMain.groovy:75)
	at com.kms.katalon.core.keyword.builtin.CallTestCaseKeyword.callTestCase(CallTestCaseKeyword.groovy:81)
	at com.kms.katalon.core.keyword.builtin.CallTestCaseKeyword.execute(CallTestCaseKeyword.groovy:44)
	at com.kms.katalon.core.keyword.internal.KeywordExecutor.executeKeywordForPlatform(KeywordExecutor.groovy:74)
	at com.kms.katalon.core.keyword.BuiltinKeywords.callTestCase(BuiltinKeywords.groovy:310)
	at Script1689943813856.run(Script1689943813856.groovy:206)
	... 13 more
)
[[ATTACHMENT|C:\\Users\\LellKir\\git\\HMIC-Portal\\HMIC-Portal\\HMIC-Portal\\HMIC-Portal\\HMIC-Portal\\HMIC-Portal\\Reports\\20240411_232922\\AgencyPortal_SmokeTest_WC\\20240411_232922\\1712896098380.png]]

2024-04-12 00:28:18 - [TEST_STEP][PASSED] - setText(findTestObject("Object Repository/PolicyCenter_Login/input_PC_Login_TextBox_UserName"), PC_Username): Text 'testuwsup3' is set on object 'Object Repository/PolicyCenter_Login/input_PC_Login_TextBox_UserName'

2024-04-12 00:28:19 - [MESSAGE][PASSED] - Text 'testuwsup3' is set on object 'Object Repository/PolicyCenter_Login/input_PC_Login_TextBox_UserName'

2024-04-12 00:28:19 - [TEST_STEP][PASSED] - setText(findTestObject("Object Repository/PolicyCenter_Login/input_PC_Login_TextBox_Password"), PC_Password): Text 'Guide123Wire' is set on object 'Object Repository/PolicyCenter_Login/input_PC_Login_TextBox_Password'

2024-04-12 00:28:20 - [MESSAGE][PASSED] - Text 'Guide123Wire' is set on object 'Object Repository/PolicyCenter_Login/input_PC_Login_TextBox_Password'

2024-04-12 00:28:20 - [TEST_STEP][PASSED] - takeFullPageScreenshot(): Taking screenshot successfully

2024-04-12 00:28:20 - [MESSAGE][INFO] - 0 hidden object(s)

2024-04-12 00:28:20 - [MESSAGE][PASSED] - Taking screenshot successfully
[[ATTACHMENT|C:\\Users\\LellKir\\git\\HMIC-Portal\\HMIC-Portal\\HMIC-Portal\\HMIC-Portal\\HMIC-Portal\\HMIC-Portal\\Reports\\20240411_232922\\AgencyPortal_SmokeTest_WC\\20240411_232922\\1712896100227.png]]

2024-04-12 00:28:20 - [TEST_STEP][PASSED] - waitForElementVisible(findTestObject("PolicyCenter_Login/input_PC_Login_Button_Login"), 20): Object 'Object Repository/PolicyCenter_Login/input_PC_Login_Button_Login' is visible

2024-04-12 00:28:21 - [MESSAGE][PASSED] - Object 'Object Repository/PolicyCenter_Login/input_PC_Login_Button_Login' is visible

2024-04-12 00:28:21 - [TEST_STEP][PASSED] - click(findTestObject("Object Repository/PolicyCenter_Login/input_PC_Login_Button_Login")): Object: 'Object Repository/PolicyCenter_Login/input_PC_Login_Button_Login' is clicked on

2024-04-12 00:28:21 - [MESSAGE][PASSED] - Object: 'Object Repository/PolicyCenter_Login/input_PC_Login_Button_Login' is clicked on

2024-04-12 00:28:21 - [TEST_STEP][PASSED] - takeFullPageScreenshot(): Taking screenshot successfully

2024-04-12 00:28:26 - [MESSAGE][INFO] - 0 hidden object(s)

2024-04-12 00:28:26 - [MESSAGE][PASSED] - Taking screenshot successfully
[[ATTACHMENT|C:\\Users\\LellKir\\git\\HMIC-Portal\\HMIC-Portal\\HMIC-Portal\\HMIC-Portal\\HMIC-Portal\\HMIC-Portal\\Reports\\20240411_232922\\AgencyPortal_SmokeTest_WC\\20240411_232922\\1712896101795.png]]

2024-04-12 00:28:26 - [TEST_STEP][PASSED] - waitForElementVisible(findTestObject("PolicyCenter/PolicyCenterObjects/PC_Common_Label_Title"), 30): Object 'Object Repository/PolicyCenter/PolicyCenterObjects/PC_Common_Label_Title' is visible

2024-04-12 00:28:26 - [MESSAGE][PASSED] - Object 'Object Repository/PolicyCenter/PolicyCenterObjects/PC_Common_Label_Title' is visible

2024-04-12 00:28:26 - [TEST_STEP][PASSED] - verifyElementVisible(findTestObject("PolicyCenter/PolicyCenterObjects/PC_Common_Label_Title")): Object 'Object Repository/PolicyCenter/PolicyCenterObjects/PC_Common_Label_Title' is visible

2024-04-12 00:28:27 - [MESSAGE][PASSED] - Object 'Object Repository/PolicyCenter/PolicyCenterObjects/PC_Common_Label_Title' is visible

2024-04-12 00:28:27 - [TEST_STEP][PASSED] - takeFullPageScreenshot(): Taking screenshot successfully

2024-04-12 00:28:27 - [MESSAGE][INFO] - 0 hidden object(s)

2024-04-12 00:28:28 - [MESSAGE][PASSED] - Taking screenshot successfully
[[ATTACHMENT|C:\\Users\\LellKir\\git\\HMIC-Portal\\HMIC-Portal\\HMIC-Portal\\HMIC-Portal\\HMIC-Portal\\HMIC-Portal\\Reports\\20240411_232922\\AgencyPortal_SmokeTest_WC\\20240411_232922\\1712896107342.png]]

2024-04-12 00:28:28 - [MESSAGE][PASSED] - Call Test Case 'Test Cases/PolicyCenter_Pages/PC_CommonScreens/PC_Login' successfully

2024-04-12 00:28:28 - [TEST_STEP][PASSED] - SubmissionNumber = SubmissionNumber.replace("Quote No. ", ""): null

2024-04-12 00:28:28 - [TEST_STEP][PASSED] - callTestCase(findTestCase("PolicyCenter_Pages/PC_CommonScreens/PC_SearchSubmission"), ["SubmissionNumber":SubmissionNumber], STOP_ON_FAILURE): Call Test Case 'Test Cases/PolicyCenter_Pages/PC_CommonScreens/PC_SearchSubmission' successfully

2024-04-12 00:28:28 - [TEST_CASE][PASSED] - Test Cases/PolicyCenter_Pages/PC_CommonScreens/PC_SearchSubmission: Test Cases/PolicyCenter_Pages/PC_CommonScreens/PC_SearchSubmission

2024-04-12 00:28:28 - [TEST_STEP][PASSED] - click(findTestObject("PolicyCenter/PolicyCenterObjects/PC_Common_PolicyTab_Button_Arrow")): Object: 'Object Repository/PolicyCenter/PolicyCenterObjects/PC_Common_PolicyTab_Button_Arrow' is clicked on

2024-04-12 00:28:28 - [MESSAGE][PASSED] - Object: 'Object Repository/PolicyCenter/PolicyCenterObjects/PC_Common_PolicyTab_Button_Arrow' is clicked on

2024-04-12 00:28:28 - [TEST_STEP][PASSED] - subNum = SubmissionNumber: null

2024-04-12 00:28:28 - [TEST_STEP][PASSED] - if (subNum.contains("Submission")): null

2024-04-12 00:28:28 - [TEST_STEP][PASSED] - setText(findTestObject("PolicyCenter/PolicyCenterObjects/PC_Common_PolicyTab_TextBox_SubNum"), subNum): Text '0016870394' is set on object 'Object Repository/PolicyCenter/PolicyCenterObjects/PC_Common_PolicyTab_TextBox_SubNum'

2024-04-12 00:28:29 - [MESSAGE][PASSED] - Text '0016870394' is set on object 'Object Repository/PolicyCenter/PolicyCenterObjects/PC_Common_PolicyTab_TextBox_SubNum'

2024-04-12 00:28:29 - [TEST_STEP][PASSED] - click(findTestObject("PolicyCenter/PolicyCenterObjects/PC_Common_PolicyTab_Button_SubSearchIcon")): Object: 'Object Repository/PolicyCenter/PolicyCenterObjects/PC_Common_PolicyTab_Button_SubSearchIcon' is clicked on

2024-04-12 00:28:30 - [MESSAGE][PASSED] - Object: 'Object Repository/PolicyCenter/PolicyCenterObjects/PC_Common_PolicyTab_Button_SubSearchIcon' is clicked on

2024-04-12 00:28:30 - [TEST_STEP][PASSED] - waitForPageLoad(20): Wait for page load successfully

2024-04-12 00:28:30 - [MESSAGE][PASSED] - Wait for page load successfully

2024-04-12 00:28:30 - [MESSAGE][PASSED] - Call Test Case 'Test Cases/PolicyCenter_Pages/PC_CommonScreens/PC_SearchSubmission' successfully

2024-04-12 00:28:30 - [TEST_STEP][PASSED] - click(findTestObject("PolicyCenter/PolicyCenterObjects/PC_Common_LeftPanel_RiskAnalysis")): Object: 'Object Repository/PolicyCenter/PolicyCenterObjects/PC_Common_LeftPanel_RiskAnalysis' is clicked on

2024-04-12 00:28:31 - [MESSAGE][PASSED] - Object: 'Object Repository/PolicyCenter/PolicyCenterObjects/PC_Common_LeftPanel_RiskAnalysis' is clicked on

2024-04-12 00:28:31 - [TEST_STEP][PASSED] - verifyElementText(findTestObject("PolicyCenter/PolicyCenterObjects/PC_Common_Label_Title"), "Risk Analysis"): Actual text and expected text of test object 'Object Repository/PolicyCenter/PolicyCenterObjects/PC_Common_Label_Title' are matched.

2024-04-12 00:28:32 - [MESSAGE][PASSED] - Actual text and expected text of test object 'Object Repository/PolicyCenter/PolicyCenterObjects/PC_Common_Label_Title' are matched.

2024-04-12 00:28:32 - [TEST_STEP][PASSED] - callTestCase(findTestCase("PolicyCenter_Pages/PC_CommonScreens/PC_RiskAnalysisScreen_ApproveUWIssues"), [:], STOP_ON_FAILURE): Call Test Case 'Test Cases/PolicyCenter_Pages/PC_CommonScreens/PC_RiskAnalysisScreen_ApproveUWIssues' successfully

2024-04-12 00:28:32 - [TEST_CASE][PASSED] - Test Cases/PolicyCenter_Pages/PC_CommonScreens/PC_RiskAnalysisScreen_ApproveUWIssues: Test Cases/PolicyCenter_Pages/PC_CommonScreens/PC_RiskAnalysisScreen_ApproveUWIssues

2024-04-12 00:28:32 - [TEST_STEP][PASSED] - click(findTestObject("PolicyCenter/PolicyCenterObjects/PC_Common_Label_Title")): Object: 'Object Repository/PolicyCenter/PolicyCenterObjects/PC_Common_Label_Title' is clicked on

2024-04-12 00:28:33 - [MESSAGE][PASSED] - Object: 'Object Repository/PolicyCenter/PolicyCenterObjects/PC_Common_Label_Title' is clicked on

2024-04-12 00:28:33 - [TEST_STEP][PASSED] - TitleName = getText(findTestObject("PolicyCenter/PolicyCenterObjects/PC_Common_Label_Title")): Text of object 'Object Repository/PolicyCenter/PolicyCenterObjects/PC_Common_Label_Title' is: 'Risk Analysis'

2024-04-12 00:28:33 - [MESSAGE][PASSED] - Text of object 'Object Repository/PolicyCenter/PolicyCenterObjects/PC_Common_Label_Title' is: 'Risk Analysis'

2024-04-12 00:28:33 - [TEST_STEP][PASSED] - if (TitleName.contains("Risk Analysis")): No alert found (Root cause: com.kms.katalon.core.exception.StepFailedException: No alert found
	at com.kms.katalon.core.webui.keyword.internal.WebUIKeywordMain.stepFailed(WebUIKeywordMain.groovy:64)
	at com.kms.katalon.core.webui.keyword.builtin.AcceptAlertKeyword$_acceptAlert_closure1.doCall(AcceptAlertKeyword.groovy:78)
	at com.kms.katalon.core.webui.keyword.builtin.AcceptAlertKeyword$_acceptAlert_closure1.call(AcceptAlertKeyword.groovy)
	at com.kms.katalon.core.webui.keyword.internal.WebUIKeywordMain.runKeyword(WebUIKeywordMain.groovy:20)
	at com.kms.katalon.core.webui.keyword.builtin.AcceptAlertKeyword.acceptAlert(AcceptAlertKeyword.groovy:71)
	at com.kms.katalon.core.webui.keyword.builtin.AcceptAlertKeyword.execute(AcceptAlertKeyword.groovy:66)
	at com.kms.katalon.core.keyword.internal.KeywordExecutor.executeKeywordForPlatform(KeywordExecutor.groovy:74)
	at com.kms.katalon.core.webui.keyword.WebUiBuiltInKeywords.acceptAlert(WebUiBuiltInKeywords.groovy:1510)
	at com.kms.katalon.core.webui.keyword.WebUiBuiltInKeywords$acceptAlert$18.call(Unknown Source)
	at PC_RiskAnalysisScreen_ApproveUWIssues.run(PC_RiskAnalysisScreen_ApproveUWIssues:70)
	at com.kms.katalon.core.main.ScriptEngine.run(ScriptEngine.java:194)
	at com.kms.katalon.core.main.ScriptEngine.runScriptAsRawText(ScriptEngine.java:119)
	at com.kms.katalon.core.main.TestCaseExecutor.runScript(TestCaseExecutor.java:448)
	at com.kms.katalon.core.main.TestCaseExecutor.doExecute(TestCaseExecutor.java:439)
	at com.kms.katalon.core.main.TestCaseExecutor.processExecutionPhase(TestCaseExecutor.java:418)
	at com.kms.katalon.core.main.TestCaseExecutor.accessMainPhase(TestCaseExecutor.java:410)
	at com.kms.katalon.core.main.TestCaseExecutor.execute(TestCaseExecutor.java:285)
	at com.kms.katalon.core.main.TestCaseMain.runTestCase(TestCaseMain.java:144)
	at com.kms.katalon.core.keyword.builtin.CallTestCaseKeyword$_callTestCase_closure1.doCall(CallTestCaseKeyword.groovy:59)
	at com.kms.katalon.core.keyword.builtin.CallTestCaseKeyword$_callTestCase_closure1.call(CallTestCaseKeyword.groovy)
	at com.kms.katalon.core.keyword.internal.KeywordMain.runKeyword(KeywordMain.groovy:75)
	at com.kms.katalon.core.keyword.builtin.CallTestCaseKeyword.callTestCase(CallTestCaseKeyword.groovy:81)
	at com.kms.katalon.core.keyword.builtin.CallTestCaseKeyword.execute(CallTestCaseKeyword.groovy:44)
	at com.kms.katalon.core.keyword.internal.KeywordExecutor.executeKeywordForPlatform(KeywordExecutor.groovy:74)
	at com.kms.katalon.core.keyword.BuiltinKeywords.callTestCase(BuiltinKeywords.groovy:310)
	at Portal_SmokeTest_INState.run(Portal_SmokeTest_INState:218)
	at com.kms.katalon.core.main.ScriptEngine.run(ScriptEngine.java:194)
	at com.kms.katalon.core.main.ScriptEngine.runScriptAsRawText(ScriptEngine.java:119)
	at com.kms.katalon.core.main.TestCaseExecutor.runScript(TestCaseExecutor.java:448)
	at com.kms.katalon.core.main.TestCaseExecutor.doExecute(TestCaseExecutor.java:439)
	at com.kms.katalon.core.main.TestCaseExecutor.processExecutionPhase(TestCaseExecutor.java:418)
	at com.kms.katalon.core.main.TestCaseExecutor.accessMainPhase(TestCaseExecutor.java:410)
	at com.kms.katalon.core.main.TestCaseExecutor.execute(TestCaseExecutor.java:285)
	at com.kms.katalon.core.common.CommonExecutor.accessTestCaseMainPhase(CommonExecutor.java:65)
	at com.kms.katalon.core.main.TestSuiteExecutor.accessTestSuiteMainPhase(TestSuiteExecutor.java:148)
	at com.kms.katalon.core.main.TestSuiteExecutor.execute(TestSuiteExecutor.java:106)
	at com.kms.katalon.core.main.TestCaseMain.startTestSuite(TestCaseMain.java:187)
	at com.kms.katalon.core.main.TestCaseMain$startTestSuite$0.call(Unknown Source)
	at TempTestSuite1712892562095.run(TempTestSuite1712892562095.groovy:36)
)

2024-04-12 00:28:33 - [TEST_STEP][PASSED] - verifyElementText(findTestObject("PolicyCenter/PolicyCenterObjects/PC_Common_Label_Title"), "Risk Analysis"): Actual text and expected text of test object 'Object Repository/PolicyCenter/PolicyCenterObjects/PC_Common_Label_Title' are matched.

2024-04-12 00:28:34 - [MESSAGE][PASSED] - Actual text and expected text of test object 'Object Repository/PolicyCenter/PolicyCenterObjects/PC_Common_Label_Title' are matched.

2024-04-12 00:28:34 - [TEST_STEP][PASSED] - eleSpecialApprove = false: null

2024-04-12 00:28:34 - [TEST_STEP][PASSED] - eleSpecialApprove = verifyElementPresent(findTestObject("PolicyCenter/PolicyCenterObjects/PC_RiskAnalysis_Button_SpecialApprove"), 5, OPTIONAL): com.kms.katalon.core.webui.exception.WebElementNotFoundException: Web element with id: 'Object Repository/PolicyCenter/PolicyCenterObjects/PC_RiskAnalysis_Button_SpecialApprove' located by '//div[contains(@id,'UWIssueRowSet-SpecialApprove')]' not found (Root cause: com.kms.katalon.core.exception.StepFailedException: com.kms.katalon.core.webui.exception.WebElementNotFoundException: Web element with id: 'Object Repository/PolicyCenter/PolicyCenterObjects/PC_RiskAnalysis_Button_SpecialApprove' located by '//div[contains(@id,'UWIssueRowSet-SpecialApprove')]' not found
	at com.kms.katalon.core.webui.keyword.internal.WebUIKeywordMain.stepFailed(WebUIKeywordMain.groovy:64)
	at com.kms.katalon.core.webui.keyword.builtin.VerifyElementPresentKeyword$_verifyElementPresent_closure1.doCall(VerifyElementPresentKeyword.groovy:85)
	at com.kms.katalon.core.webui.keyword.builtin.VerifyElementPresentKeyword$_verifyElementPresent_closure1.call(VerifyElementPresentKeyword.groovy)
	at com.kms.katalon.core.webui.keyword.internal.WebUIKeywordMain.runKeyword(WebUIKeywordMain.groovy:20)
	at com.kms.katalon.core.webui.keyword.builtin.VerifyElementPresentKeyword.verifyElementPresent(VerifyElementPresentKeyword.groovy:92)
	at com.kms.katalon.core.webui.keyword.builtin.VerifyElementPresentKeyword.execute(VerifyElementPresentKeyword.groovy:68)
	at com.kms.katalon.core.keyword.internal.KeywordExecutor.executeKeywordForPlatform(KeywordExecutor.groovy:74)
	at com.kms.katalon.core.webui.keyword.WebUiBuiltInKeywords.verifyElementPresent(WebUiBuiltInKeywords.groovy:1448)
	at com.kms.katalon.core.webui.keyword.WebUiBuiltInKeywords$verifyElementPresent$17.call(Unknown Source)
	at PC_RiskAnalysisScreen_ApproveUWIssues.run(PC_RiskAnalysisScreen_ApproveUWIssues:29)
	at com.kms.katalon.core.main.ScriptEngine.run(ScriptEngine.java:194)
	at com.kms.katalon.core.main.ScriptEngine.runScriptAsRawText(ScriptEngine.java:119)
	at com.kms.katalon.core.main.TestCaseExecutor.runScript(TestCaseExecutor.java:448)
	at com.kms.katalon.core.main.TestCaseExecutor.doExecute(TestCaseExecutor.java:439)
	at com.kms.katalon.core.main.TestCaseExecutor.processExecutionPhase(TestCaseExecutor.java:418)
	at com.kms.katalon.core.main.TestCaseExecutor.accessMainPhase(TestCaseExecutor.java:410)
	at com.kms.katalon.core.main.TestCaseExecutor.execute(TestCaseExecutor.java:285)
	at com.kms.katalon.core.main.TestCaseMain.runTestCase(TestCaseMain.java:144)
	at com.kms.katalon.core.keyword.builtin.CallTestCaseKeyword$_callTestCase_closure1.doCall(CallTestCaseKeyword.groovy:59)
	at com.kms.katalon.core.keyword.builtin.CallTestCaseKeyword$_callTestCase_closure1.call(CallTestCaseKeyword.groovy)
	at com.kms.katalon.core.keyword.internal.KeywordMain.runKeyword(KeywordMain.groovy:75)
	at com.kms.katalon.core.keyword.builtin.CallTestCaseKeyword.callTestCase(CallTestCaseKeyword.groovy:81)
	at com.kms.katalon.core.keyword.builtin.CallTestCaseKeyword.execute(CallTestCaseKeyword.groovy:44)
	at com.kms.katalon.core.keyword.internal.KeywordExecutor.executeKeywordForPlatform(KeywordExecutor.groovy:74)
	at com.kms.katalon.core.keyword.BuiltinKeywords.callTestCase(BuiltinKeywords.groovy:310)
	at Portal_SmokeTest_INState.run(Portal_SmokeTest_INState:218)
	at com.kms.katalon.core.main.ScriptEngine.run(ScriptEngine.java:194)
	at com.kms.katalon.core.main.ScriptEngine.runScriptAsRawText(ScriptEngine.java:119)
	at com.kms.katalon.core.main.TestCaseExecutor.runScript(TestCaseExecutor.java:448)
	at com.kms.katalon.core.main.TestCaseExecutor.doExecute(TestCaseExecutor.java:439)
	at com.kms.katalon.core.main.TestCaseExecutor.processExecutionPhase(TestCaseExecutor.java:418)
	at com.kms.katalon.core.main.TestCaseExecutor.accessMainPhase(TestCaseExecutor.java:410)
	at com.kms.katalon.core.main.TestCaseExecutor.execute(TestCaseExecutor.java:285)
	at com.kms.katalon.core.common.CommonExecutor.accessTestCaseMainPhase(CommonExecutor.java:65)
	at com.kms.katalon.core.main.TestSuiteExecutor.accessTestSuiteMainPhase(TestSuiteExecutor.java:148)
	at com.kms.katalon.core.main.TestSuiteExecutor.execute(TestSuiteExecutor.java:106)
	at com.kms.katalon.core.main.TestCaseMain.startTestSuite(TestCaseMain.java:187)
	at com.kms.katalon.core.main.TestCaseMain$startTestSuite$0.call(Unknown Source)
	at TempTestSuite1712892562095.run(TempTestSuite1712892562095.groovy:36)
)

2024-04-12 00:28:40 - [MESSAGE][INFO] - Unable to find the element located by 'By.xpath: //div[contains(@id,'UWIssueRowSet-SpecialApprove')]'. Please recheck the objects properties to make sure the desired element is located. 

2024-04-12 00:28:40 - [MESSAGE][WARNING] - com.kms.katalon.core.webui.exception.WebElementNotFoundException: Web element with id: 'Object Repository/PolicyCenter/PolicyCenterObjects/PC_RiskAnalysis_Button_SpecialApprove' located by '//div[contains(@id,'UWIssueRowSet-SpecialApprove')]' not found (Root cause: com.kms.katalon.core.exception.StepFailedException: com.kms.katalon.core.webui.exception.WebElementNotFoundException: Web element with id: 'Object Repository/PolicyCenter/PolicyCenterObjects/PC_RiskAnalysis_Button_SpecialApprove' located by '//div[contains(@id,'UWIssueRowSet-SpecialApprove')]' not found
	at com.kms.katalon.core.webui.keyword.internal.WebUIKeywordMain.stepFailed(WebUIKeywordMain.groovy:64)
	at com.kms.katalon.core.webui.keyword.builtin.VerifyElementPresentKeyword$_verifyElementPresent_closure1.doCall(VerifyElementPresentKeyword.groovy:85)
	at com.kms.katalon.core.webui.keyword.builtin.VerifyElementPresentKeyword$_verifyElementPresent_closure1.call(VerifyElementPresentKeyword.groovy)
	at com.kms.katalon.core.webui.keyword.internal.WebUIKeywordMain.runKeyword(WebUIKeywordMain.groovy:20)
	at com.kms.katalon.core.webui.keyword.builtin.VerifyElementPresentKeyword.verifyElementPresent(VerifyElementPresentKeyword.groovy:92)
	at com.kms.katalon.core.webui.keyword.builtin.VerifyElementPresentKeyword.execute(VerifyElementPresentKeyword.groovy:68)
	at com.kms.katalon.core.keyword.internal.KeywordExecutor.executeKeywordForPlatform(KeywordExecutor.groovy:74)
	at com.kms.katalon.core.webui.keyword.WebUiBuiltInKeywords.verifyElementPresent(WebUiBuiltInKeywords.groovy:1448)
	at com.kms.katalon.core.webui.keyword.WebUiBuiltInKeywords$verifyElementPresent$17.call(Unknown Source)
	at PC_RiskAnalysisScreen_ApproveUWIssues.run(PC_RiskAnalysisScreen_ApproveUWIssues:29)
	at com.kms.katalon.core.main.ScriptEngine.run(ScriptEngine.java:194)
	at com.kms.katalon.core.main.ScriptEngine.runScriptAsRawText(ScriptEngine.java:119)
	at com.kms.katalon.core.main.TestCaseExecutor.runScript(TestCaseExecutor.java:448)
	at com.kms.katalon.core.main.TestCaseExecutor.doExecute(TestCaseExecutor.java:439)
	at com.kms.katalon.core.main.TestCaseExecutor.processExecutionPhase(TestCaseExecutor.java:418)
	at com.kms.katalon.core.main.TestCaseExecutor.accessMainPhase(TestCaseExecutor.java:410)
	at com.kms.katalon.core.main.TestCaseExecutor.execute(TestCaseExecutor.java:285)
	at com.kms.katalon.core.main.TestCaseMain.runTestCase(TestCaseMain.java:144)
	at com.kms.katalon.core.keyword.builtin.CallTestCaseKeyword$_callTestCase_closure1.doCall(CallTestCaseKeyword.groovy:59)
	at com.kms.katalon.core.keyword.builtin.CallTestCaseKeyword$_callTestCase_closure1.call(CallTestCaseKeyword.groovy)
	at com.kms.katalon.core.keyword.internal.KeywordMain.runKeyword(KeywordMain.groovy:75)
	at com.kms.katalon.core.keyword.builtin.CallTestCaseKeyword.callTestCase(CallTestCaseKeyword.groovy:81)
	at com.kms.katalon.core.keyword.builtin.CallTestCaseKeyword.execute(CallTestCaseKeyword.groovy:44)
	at com.kms.katalon.core.keyword.internal.KeywordExecutor.executeKeywordForPlatform(KeywordExecutor.groovy:74)
	at com.kms.katalon.core.keyword.BuiltinKeywords.callTestCase(BuiltinKeywords.groovy:310)
	at Portal_SmokeTest_INState.run(Portal_SmokeTest_INState:218)
	at com.kms.katalon.core.main.ScriptEngine.run(ScriptEngine.java:194)
	at com.kms.katalon.core.main.ScriptEngine.runScriptAsRawText(ScriptEngine.java:119)
	at com.kms.katalon.core.main.TestCaseExecutor.runScript(TestCaseExecutor.java:448)
	at com.kms.katalon.core.main.TestCaseExecutor.doExecute(TestCaseExecutor.java:439)
	at com.kms.katalon.core.main.TestCaseExecutor.processExecutionPhase(TestCaseExecutor.java:418)
	at com.kms.katalon.core.main.TestCaseExecutor.accessMainPhase(TestCaseExecutor.java:410)
	at com.kms.katalon.core.main.TestCaseExecutor.execute(TestCaseExecutor.java:285)
	at com.kms.katalon.core.common.CommonExecutor.accessTestCaseMainPhase(CommonExecutor.java:65)
	at com.kms.katalon.core.main.TestSuiteExecutor.accessTestSuiteMainPhase(TestSuiteExecutor.java:148)
	at com.kms.katalon.core.main.TestSuiteExecutor.execute(TestSuiteExecutor.java:106)
	at com.kms.katalon.core.main.TestCaseMain.startTestSuite(TestCaseMain.java:187)
	at com.kms.katalon.core.main.TestCaseMain$startTestSuite$0.call(Unknown Source)
	at TempTestSuite1712892562095.run(TempTestSuite1712892562095.groovy:36)
)
[[ATTACHMENT|C:\\Users\\LellKir\\git\\HMIC-Portal\\HMIC-Portal\\HMIC-Portal\\HMIC-Portal\\HMIC-Portal\\HMIC-Portal\\Reports\\20240411_232922\\AgencyPortal_SmokeTest_WC\\20240411_232922\\1712896120532.png]]

2024-04-12 00:28:40 - [TEST_STEP][PASSED] - if (eleSpecialApprove.equals(true)): null

2024-04-12 00:28:40 - [TEST_STEP][PASSED] - eleApprove = false: null

2024-04-12 00:28:40 - [TEST_STEP][PASSED] - eleApprove = verifyElementPresent(findTestObject("Object Repository/PolicyCenter/PolicyCenterObjects/PC_RiskAnalysis_Button_Approve"), 5, OPTIONAL): Object 'Object Repository/PolicyCenter/PolicyCenterObjects/PC_RiskAnalysis_Button_Approve' is present

2024-04-12 00:28:40 - [MESSAGE][PASSED] - Object 'Object Repository/PolicyCenter/PolicyCenterObjects/PC_RiskAnalysis_Button_Approve' is present

2024-04-12 00:28:40 - [TEST_STEP][PASSED] - if (eleApprove.equals(true)): No alert found (Root cause: com.kms.katalon.core.exception.StepFailedException: No alert found
	at com.kms.katalon.core.webui.keyword.internal.WebUIKeywordMain.stepFailed(WebUIKeywordMain.groovy:64)
	at com.kms.katalon.core.webui.keyword.builtin.AcceptAlertKeyword$_acceptAlert_closure1.doCall(AcceptAlertKeyword.groovy:78)
	at com.kms.katalon.core.webui.keyword.builtin.AcceptAlertKeyword$_acceptAlert_closure1.call(AcceptAlertKeyword.groovy)
	at com.kms.katalon.core.webui.keyword.internal.WebUIKeywordMain.runKeyword(WebUIKeywordMain.groovy:20)
	at com.kms.katalon.core.webui.keyword.builtin.AcceptAlertKeyword.acceptAlert(AcceptAlertKeyword.groovy:71)
	at com.kms.katalon.core.webui.keyword.builtin.AcceptAlertKeyword.execute(AcceptAlertKeyword.groovy:66)
	at com.kms.katalon.core.keyword.internal.KeywordExecutor.executeKeywordForPlatform(KeywordExecutor.groovy:74)
	at com.kms.katalon.core.webui.keyword.WebUiBuiltInKeywords.acceptAlert(WebUiBuiltInKeywords.groovy:1510)
	at com.kms.katalon.core.webui.keyword.WebUiBuiltInKeywords$acceptAlert$18.call(Unknown Source)
	at PC_RiskAnalysisScreen_ApproveUWIssues.run(PC_RiskAnalysisScreen_ApproveUWIssues:70)
	at com.kms.katalon.core.main.ScriptEngine.run(ScriptEngine.java:194)
	at com.kms.katalon.core.main.ScriptEngine.runScriptAsRawText(ScriptEngine.java:119)
	at com.kms.katalon.core.main.TestCaseExecutor.runScript(TestCaseExecutor.java:448)
	at com.kms.katalon.core.main.TestCaseExecutor.doExecute(TestCaseExecutor.java:439)
	at com.kms.katalon.core.main.TestCaseExecutor.processExecutionPhase(TestCaseExecutor.java:418)
	at com.kms.katalon.core.main.TestCaseExecutor.accessMainPhase(TestCaseExecutor.java:410)
	at com.kms.katalon.core.main.TestCaseExecutor.execute(TestCaseExecutor.java:285)
	at com.kms.katalon.core.main.TestCaseMain.runTestCase(TestCaseMain.java:144)
	at com.kms.katalon.core.keyword.builtin.CallTestCaseKeyword$_callTestCase_closure1.doCall(CallTestCaseKeyword.groovy:59)
	at com.kms.katalon.core.keyword.builtin.CallTestCaseKeyword$_callTestCase_closure1.call(CallTestCaseKeyword.groovy)
	at com.kms.katalon.core.keyword.internal.KeywordMain.runKeyword(KeywordMain.groovy:75)
	at com.kms.katalon.core.keyword.builtin.CallTestCaseKeyword.callTestCase(CallTestCaseKeyword.groovy:81)
	at com.kms.katalon.core.keyword.builtin.CallTestCaseKeyword.execute(CallTestCaseKeyword.groovy:44)
	at com.kms.katalon.core.keyword.internal.KeywordExecutor.executeKeywordForPlatform(KeywordExecutor.groovy:74)
	at com.kms.katalon.core.keyword.BuiltinKeywords.callTestCase(BuiltinKeywords.groovy:310)
	at Portal_SmokeTest_INState.run(Portal_SmokeTest_INState:218)
	at com.kms.katalon.core.main.ScriptEngine.run(ScriptEngine.java:194)
	at com.kms.katalon.core.main.ScriptEngine.runScriptAsRawText(ScriptEngine.java:119)
	at com.kms.katalon.core.main.TestCaseExecutor.runScript(TestCaseExecutor.java:448)
	at com.kms.katalon.core.main.TestCaseExecutor.doExecute(TestCaseExecutor.java:439)
	at com.kms.katalon.core.main.TestCaseExecutor.processExecutionPhase(TestCaseExecutor.java:418)
	at com.kms.katalon.core.main.TestCaseExecutor.accessMainPhase(TestCaseExecutor.java:410)
	at com.kms.katalon.core.main.TestCaseExecutor.execute(TestCaseExecutor.java:285)
	at com.kms.katalon.core.common.CommonExecutor.accessTestCaseMainPhase(CommonExecutor.java:65)
	at com.kms.katalon.core.main.TestSuiteExecutor.accessTestSuiteMainPhase(TestSuiteExecutor.java:148)
	at com.kms.katalon.core.main.TestSuiteExecutor.execute(TestSuiteExecutor.java:106)
	at com.kms.katalon.core.main.TestCaseMain.startTestSuite(TestCaseMain.java:187)
	at com.kms.katalon.core.main.TestCaseMain$startTestSuite$0.call(Unknown Source)
	at TempTestSuite1712892562095.run(TempTestSuite1712892562095.groovy:36)
)

2024-04-12 00:28:40 - [TEST_STEP][PASSED] - approveButton = findWebElements(findTestObject("Object Repository/PolicyCenter/PolicyCenterObjects/PC_RiskAnalysis_Button_Approve"), 30): null

2024-04-12 00:28:41 - [TEST_STEP][PASSED] - approveSize = approveButton.size(): null

2024-04-12 00:28:41 - [TEST_STEP][PASSED] - for ([i = 0, i < approveSize, (i++)]): No alert found (Root cause: com.kms.katalon.core.exception.StepFailedException: No alert found
	at com.kms.katalon.core.webui.keyword.internal.WebUIKeywordMain.stepFailed(WebUIKeywordMain.groovy:64)
	at com.kms.katalon.core.webui.keyword.builtin.AcceptAlertKeyword$_acceptAlert_closure1.doCall(AcceptAlertKeyword.groovy:78)
	at com.kms.katalon.core.webui.keyword.builtin.AcceptAlertKeyword$_acceptAlert_closure1.call(AcceptAlertKeyword.groovy)
	at com.kms.katalon.core.webui.keyword.internal.WebUIKeywordMain.runKeyword(WebUIKeywordMain.groovy:20)
	at com.kms.katalon.core.webui.keyword.builtin.AcceptAlertKeyword.acceptAlert(AcceptAlertKeyword.groovy:71)
	at com.kms.katalon.core.webui.keyword.builtin.AcceptAlertKeyword.execute(AcceptAlertKeyword.groovy:66)
	at com.kms.katalon.core.keyword.internal.KeywordExecutor.executeKeywordForPlatform(KeywordExecutor.groovy:74)
	at com.kms.katalon.core.webui.keyword.WebUiBuiltInKeywords.acceptAlert(WebUiBuiltInKeywords.groovy:1510)
	at com.kms.katalon.core.webui.keyword.WebUiBuiltInKeywords$acceptAlert$18.call(Unknown Source)
	at PC_RiskAnalysisScreen_ApproveUWIssues.run(PC_RiskAnalysisScreen_ApproveUWIssues:70)
	at com.kms.katalon.core.main.ScriptEngine.run(ScriptEngine.java:194)
	at com.kms.katalon.core.main.ScriptEngine.runScriptAsRawText(ScriptEngine.java:119)
	at com.kms.katalon.core.main.TestCaseExecutor.runScript(TestCaseExecutor.java:448)
	at com.kms.katalon.core.main.TestCaseExecutor.doExecute(TestCaseExecutor.java:439)
	at com.kms.katalon.core.main.TestCaseExecutor.processExecutionPhase(TestCaseExecutor.java:418)
	at com.kms.katalon.core.main.TestCaseExecutor.accessMainPhase(TestCaseExecutor.java:410)
	at com.kms.katalon.core.main.TestCaseExecutor.execute(TestCaseExecutor.java:285)
	at com.kms.katalon.core.main.TestCaseMain.runTestCase(TestCaseMain.java:144)
	at com.kms.katalon.core.keyword.builtin.CallTestCaseKeyword$_callTestCase_closure1.doCall(CallTestCaseKeyword.groovy:59)
	at com.kms.katalon.core.keyword.builtin.CallTestCaseKeyword$_callTestCase_closure1.call(CallTestCaseKeyword.groovy)
	at com.kms.katalon.core.keyword.internal.KeywordMain.runKeyword(KeywordMain.groovy:75)
	at com.kms.katalon.core.keyword.builtin.CallTestCaseKeyword.callTestCase(CallTestCaseKeyword.groovy:81)
	at com.kms.katalon.core.keyword.builtin.CallTestCaseKeyword.execute(CallTestCaseKeyword.groovy:44)
	at com.kms.katalon.core.keyword.internal.KeywordExecutor.executeKeywordForPlatform(KeywordExecutor.groovy:74)
	at com.kms.katalon.core.keyword.BuiltinKeywords.callTestCase(BuiltinKeywords.groovy:310)
	at Portal_SmokeTest_INState.run(Portal_SmokeTest_INState:218)
	at com.kms.katalon.core.main.ScriptEngine.run(ScriptEngine.java:194)
	at com.kms.katalon.core.main.ScriptEngine.runScriptAsRawText(ScriptEngine.java:119)
	at com.kms.katalon.core.main.TestCaseExecutor.runScript(TestCaseExecutor.java:448)
	at com.kms.katalon.core.main.TestCaseExecutor.doExecute(TestCaseExecutor.java:439)
	at com.kms.katalon.core.main.TestCaseExecutor.processExecutionPhase(TestCaseExecutor.java:418)
	at com.kms.katalon.core.main.TestCaseExecutor.accessMainPhase(TestCaseExecutor.java:410)
	at com.kms.katalon.core.main.TestCaseExecutor.execute(TestCaseExecutor.java:285)
	at com.kms.katalon.core.common.CommonExecutor.accessTestCaseMainPhase(CommonExecutor.java:65)
	at com.kms.katalon.core.main.TestSuiteExecutor.accessTestSuiteMainPhase(TestSuiteExecutor.java:148)
	at com.kms.katalon.core.main.TestSuiteExecutor.execute(TestSuiteExecutor.java:106)
	at com.kms.katalon.core.main.TestCaseMain.startTestSuite(TestCaseMain.java:187)
	at com.kms.katalon.core.main.TestCaseMain$startTestSuite$0.call(Unknown Source)
	at TempTestSuite1712892562095.run(TempTestSuite1712892562095.groovy:36)
)

2024-04-12 00:28:41 - [TEST_STEP][PASSED] - click(findTestObject("Object Repository/PolicyCenter/PolicyCenterObjects/PC_RiskAnalysis_Button_Approve")): Object: 'Object Repository/PolicyCenter/PolicyCenterObjects/PC_RiskAnalysis_Button_Approve' is clicked on

2024-04-12 00:28:41 - [MESSAGE][PASSED] - Object: 'Object Repository/PolicyCenter/PolicyCenterObjects/PC_RiskAnalysis_Button_Approve' is clicked on

2024-04-12 00:28:41 - [TEST_STEP][PASSED] - verifyElementText(findTestObject("PolicyCenter/PolicyCenterObjects/PC_Common_Label_Title"), "Risk Approval Details"): Actual text and expected text of test object 'Object Repository/PolicyCenter/PolicyCenterObjects/PC_Common_Label_Title' are matched.

2024-04-12 00:28:42 - [MESSAGE][PASSED] - Actual text and expected text of test object 'Object Repository/PolicyCenter/PolicyCenterObjects/PC_Common_Label_Title' are matched.

2024-04-12 00:28:42 - [TEST_STEP][PASSED] - click(findTestObject("Object Repository/PolicyCenter/PolicyCenterObjects/PC_RiskAnalysis_Button_OK")): Object: 'Object Repository/PolicyCenter/PolicyCenterObjects/PC_RiskAnalysis_Button_OK' is clicked on

2024-04-12 00:28:43 - [MESSAGE][PASSED] - Object: 'Object Repository/PolicyCenter/PolicyCenterObjects/PC_RiskAnalysis_Button_OK' is clicked on

2024-04-12 00:28:43 - [TEST_STEP][PASSED] - acceptAlert(OPTIONAL): No alert found (Root cause: com.kms.katalon.core.exception.StepFailedException: No alert found
	at com.kms.katalon.core.webui.keyword.internal.WebUIKeywordMain.stepFailed(WebUIKeywordMain.groovy:64)
	at com.kms.katalon.core.webui.keyword.builtin.AcceptAlertKeyword$_acceptAlert_closure1.doCall(AcceptAlertKeyword.groovy:78)
	at com.kms.katalon.core.webui.keyword.builtin.AcceptAlertKeyword$_acceptAlert_closure1.call(AcceptAlertKeyword.groovy)
	at com.kms.katalon.core.webui.keyword.internal.WebUIKeywordMain.runKeyword(WebUIKeywordMain.groovy:20)
	at com.kms.katalon.core.webui.keyword.builtin.AcceptAlertKeyword.acceptAlert(AcceptAlertKeyword.groovy:71)
	at com.kms.katalon.core.webui.keyword.builtin.AcceptAlertKeyword.execute(AcceptAlertKeyword.groovy:66)
	at com.kms.katalon.core.keyword.internal.KeywordExecutor.executeKeywordForPlatform(KeywordExecutor.groovy:74)
	at com.kms.katalon.core.webui.keyword.WebUiBuiltInKeywords.acceptAlert(WebUiBuiltInKeywords.groovy:1510)
	at com.kms.katalon.core.webui.keyword.WebUiBuiltInKeywords$acceptAlert$18.call(Unknown Source)
	at PC_RiskAnalysisScreen_ApproveUWIssues.run(PC_RiskAnalysisScreen_ApproveUWIssues:70)
	at com.kms.katalon.core.main.ScriptEngine.run(ScriptEngine.java:194)
	at com.kms.katalon.core.main.ScriptEngine.runScriptAsRawText(ScriptEngine.java:119)
	at com.kms.katalon.core.main.TestCaseExecutor.runScript(TestCaseExecutor.java:448)
	at com.kms.katalon.core.main.TestCaseExecutor.doExecute(TestCaseExecutor.java:439)
	at com.kms.katalon.core.main.TestCaseExecutor.processExecutionPhase(TestCaseExecutor.java:418)
	at com.kms.katalon.core.main.TestCaseExecutor.accessMainPhase(TestCaseExecutor.java:410)
	at com.kms.katalon.core.main.TestCaseExecutor.execute(TestCaseExecutor.java:285)
	at com.kms.katalon.core.main.TestCaseMain.runTestCase(TestCaseMain.java:144)
	at com.kms.katalon.core.keyword.builtin.CallTestCaseKeyword$_callTestCase_closure1.doCall(CallTestCaseKeyword.groovy:59)
	at com.kms.katalon.core.keyword.builtin.CallTestCaseKeyword$_callTestCase_closure1.call(CallTestCaseKeyword.groovy)
	at com.kms.katalon.core.keyword.internal.KeywordMain.runKeyword(KeywordMain.groovy:75)
	at com.kms.katalon.core.keyword.builtin.CallTestCaseKeyword.callTestCase(CallTestCaseKeyword.groovy:81)
	at com.kms.katalon.core.keyword.builtin.CallTestCaseKeyword.execute(CallTestCaseKeyword.groovy:44)
	at com.kms.katalon.core.keyword.internal.KeywordExecutor.executeKeywordForPlatform(KeywordExecutor.groovy:74)
	at com.kms.katalon.core.keyword.BuiltinKeywords.callTestCase(BuiltinKeywords.groovy:310)
	at Portal_SmokeTest_INState.run(Portal_SmokeTest_INState:218)
	at com.kms.katalon.core.main.ScriptEngine.run(ScriptEngine.java:194)
	at com.kms.katalon.core.main.ScriptEngine.runScriptAsRawText(ScriptEngine.java:119)
	at com.kms.katalon.core.main.TestCaseExecutor.runScript(TestCaseExecutor.java:448)
	at com.kms.katalon.core.main.TestCaseExecutor.doExecute(TestCaseExecutor.java:439)
	at com.kms.katalon.core.main.TestCaseExecutor.processExecutionPhase(TestCaseExecutor.java:418)
	at com.kms.katalon.core.main.TestCaseExecutor.accessMainPhase(TestCaseExecutor.java:410)
	at com.kms.katalon.core.main.TestCaseExecutor.execute(TestCaseExecutor.java:285)
	at com.kms.katalon.core.common.CommonExecutor.accessTestCaseMainPhase(CommonExecutor.java:65)
	at com.kms.katalon.core.main.TestSuiteExecutor.accessTestSuiteMainPhase(TestSuiteExecutor.java:148)
	at com.kms.katalon.core.main.TestSuiteExecutor.execute(TestSuiteExecutor.java:106)
	at com.kms.katalon.core.main.TestCaseMain.startTestSuite(TestCaseMain.java:187)
	at com.kms.katalon.core.main.TestCaseMain$startTestSuite$0.call(Unknown Source)
	at TempTestSuite1712892562095.run(TempTestSuite1712892562095.groovy:36)
)

2024-04-12 00:28:43 - [MESSAGE][WARNING] - No alert found (Root cause: com.kms.katalon.core.exception.StepFailedException: No alert found
	at com.kms.katalon.core.webui.keyword.internal.WebUIKeywordMain.stepFailed(WebUIKeywordMain.groovy:64)
	at com.kms.katalon.core.webui.keyword.builtin.AcceptAlertKeyword$_acceptAlert_closure1.doCall(AcceptAlertKeyword.groovy:78)
	at com.kms.katalon.core.webui.keyword.builtin.AcceptAlertKeyword$_acceptAlert_closure1.call(AcceptAlertKeyword.groovy)
	at com.kms.katalon.core.webui.keyword.internal.WebUIKeywordMain.runKeyword(WebUIKeywordMain.groovy:20)
	at com.kms.katalon.core.webui.keyword.builtin.AcceptAlertKeyword.acceptAlert(AcceptAlertKeyword.groovy:71)
	at com.kms.katalon.core.webui.keyword.builtin.AcceptAlertKeyword.execute(AcceptAlertKeyword.groovy:66)
	at com.kms.katalon.core.keyword.internal.KeywordExecutor.executeKeywordForPlatform(KeywordExecutor.groovy:74)
	at com.kms.katalon.core.webui.keyword.WebUiBuiltInKeywords.acceptAlert(WebUiBuiltInKeywords.groovy:1510)
	at com.kms.katalon.core.webui.keyword.WebUiBuiltInKeywords$acceptAlert$18.call(Unknown Source)
	at PC_RiskAnalysisScreen_ApproveUWIssues.run(PC_RiskAnalysisScreen_ApproveUWIssues:70)
	at com.kms.katalon.core.main.ScriptEngine.run(ScriptEngine.java:194)
	at com.kms.katalon.core.main.ScriptEngine.runScriptAsRawText(ScriptEngine.java:119)
	at com.kms.katalon.core.main.TestCaseExecutor.runScript(TestCaseExecutor.java:448)
	at com.kms.katalon.core.main.TestCaseExecutor.doExecute(TestCaseExecutor.java:439)
	at com.kms.katalon.core.main.TestCaseExecutor.processExecutionPhase(TestCaseExecutor.java:418)
	at com.kms.katalon.core.main.TestCaseExecutor.accessMainPhase(TestCaseExecutor.java:410)
	at com.kms.katalon.core.main.TestCaseExecutor.execute(TestCaseExecutor.java:285)
	at com.kms.katalon.core.main.TestCaseMain.runTestCase(TestCaseMain.java:144)
	at com.kms.katalon.core.keyword.builtin.CallTestCaseKeyword$_callTestCase_closure1.doCall(CallTestCaseKeyword.groovy:59)
	at com.kms.katalon.core.keyword.builtin.CallTestCaseKeyword$_callTestCase_closure1.call(CallTestCaseKeyword.groovy)
	at com.kms.katalon.core.keyword.internal.KeywordMain.runKeyword(KeywordMain.groovy:75)
	at com.kms.katalon.core.keyword.builtin.CallTestCaseKeyword.callTestCase(CallTestCaseKeyword.groovy:81)
	at com.kms.katalon.core.keyword.builtin.CallTestCaseKeyword.execute(CallTestCaseKeyword.groovy:44)
	at com.kms.katalon.core.keyword.internal.KeywordExecutor.executeKeywordForPlatform(KeywordExecutor.groovy:74)
	at com.kms.katalon.core.keyword.BuiltinKeywords.callTestCase(BuiltinKeywords.groovy:310)
	at Portal_SmokeTest_INState.run(Portal_SmokeTest_INState:218)
	at com.kms.katalon.core.main.ScriptEngine.run(ScriptEngine.java:194)
	at com.kms.katalon.core.main.ScriptEngine.runScriptAsRawText(ScriptEngine.java:119)
	at com.kms.katalon.core.main.TestCaseExecutor.runScript(TestCaseExecutor.java:448)
	at com.kms.katalon.core.main.TestCaseExecutor.doExecute(TestCaseExecutor.java:439)
	at com.kms.katalon.core.main.TestCaseExecutor.processExecutionPhase(TestCaseExecutor.java:418)
	at com.kms.katalon.core.main.TestCaseExecutor.accessMainPhase(TestCaseExecutor.java:410)
	at com.kms.katalon.core.main.TestCaseExecutor.execute(TestCaseExecutor.java:285)
	at com.kms.katalon.core.common.CommonExecutor.accessTestCaseMainPhase(CommonExecutor.java:65)
	at com.kms.katalon.core.main.TestSuiteExecutor.accessTestSuiteMainPhase(TestSuiteExecutor.java:148)
	at com.kms.katalon.core.main.TestSuiteExecutor.execute(TestSuiteExecutor.java:106)
	at com.kms.katalon.core.main.TestCaseMain.startTestSuite(TestCaseMain.java:187)
	at com.kms.katalon.core.main.TestCaseMain$startTestSuite$0.call(Unknown Source)
	at TempTestSuite1712892562095.run(TempTestSuite1712892562095.groovy:36)
)
[[ATTACHMENT|C:\\Users\\LellKir\\git\\HMIC-Portal\\HMIC-Portal\\HMIC-Portal\\HMIC-Portal\\HMIC-Portal\\HMIC-Portal\\Reports\\20240411_232922\\AgencyPortal_SmokeTest_WC\\20240411_232922\\1712896123083.png]]

2024-04-12 00:28:43 - [TEST_STEP][PASSED] - click(findTestObject("Object Repository/PolicyCenter/PolicyCenterObjects/PC_RiskAnalysis_Button_Approve")): Object: 'Object Repository/PolicyCenter/PolicyCenterObjects/PC_RiskAnalysis_Button_Approve' is clicked on

2024-04-12 00:28:45 - [MESSAGE][PASSED] - Object: 'Object Repository/PolicyCenter/PolicyCenterObjects/PC_RiskAnalysis_Button_Approve' is clicked on

2024-04-12 00:28:45 - [TEST_STEP][PASSED] - verifyElementText(findTestObject("PolicyCenter/PolicyCenterObjects/PC_Common_Label_Title"), "Risk Approval Details"): Actual text and expected text of test object 'Object Repository/PolicyCenter/PolicyCenterObjects/PC_Common_Label_Title' are matched.

2024-04-12 00:28:46 - [MESSAGE][PASSED] - Actual text and expected text of test object 'Object Repository/PolicyCenter/PolicyCenterObjects/PC_Common_Label_Title' are matched.

2024-04-12 00:28:46 - [TEST_STEP][PASSED] - click(findTestObject("Object Repository/PolicyCenter/PolicyCenterObjects/PC_RiskAnalysis_Button_OK")): Object: 'Object Repository/PolicyCenter/PolicyCenterObjects/PC_RiskAnalysis_Button_OK' is clicked on

2024-04-12 00:28:46 - [MESSAGE][PASSED] - Object: 'Object Repository/PolicyCenter/PolicyCenterObjects/PC_RiskAnalysis_Button_OK' is clicked on

2024-04-12 00:28:46 - [TEST_STEP][PASSED] - acceptAlert(OPTIONAL): No alert found (Root cause: com.kms.katalon.core.exception.StepFailedException: No alert found
	at com.kms.katalon.core.webui.keyword.internal.WebUIKeywordMain.stepFailed(WebUIKeywordMain.groovy:64)
	at com.kms.katalon.core.webui.keyword.builtin.AcceptAlertKeyword$_acceptAlert_closure1.doCall(AcceptAlertKeyword.groovy:78)
	at com.kms.katalon.core.webui.keyword.builtin.AcceptAlertKeyword$_acceptAlert_closure1.call(AcceptAlertKeyword.groovy)
	at com.kms.katalon.core.webui.keyword.internal.WebUIKeywordMain.runKeyword(WebUIKeywordMain.groovy:20)
	at com.kms.katalon.core.webui.keyword.builtin.AcceptAlertKeyword.acceptAlert(AcceptAlertKeyword.groovy:71)
	at com.kms.katalon.core.webui.keyword.builtin.AcceptAlertKeyword.execute(AcceptAlertKeyword.groovy:66)
	at com.kms.katalon.core.keyword.internal.KeywordExecutor.executeKeywordForPlatform(KeywordExecutor.groovy:74)
	at com.kms.katalon.core.webui.keyword.WebUiBuiltInKeywords.acceptAlert(WebUiBuiltInKeywords.groovy:1510)
	at com.kms.katalon.core.webui.keyword.WebUiBuiltInKeywords$acceptAlert$18.call(Unknown Source)
	at PC_RiskAnalysisScreen_ApproveUWIssues.run(PC_RiskAnalysisScreen_ApproveUWIssues:70)
	at com.kms.katalon.core.main.ScriptEngine.run(ScriptEngine.java:194)
	at com.kms.katalon.core.main.ScriptEngine.runScriptAsRawText(ScriptEngine.java:119)
	at com.kms.katalon.core.main.TestCaseExecutor.runScript(TestCaseExecutor.java:448)
	at com.kms.katalon.core.main.TestCaseExecutor.doExecute(TestCaseExecutor.java:439)
	at com.kms.katalon.core.main.TestCaseExecutor.processExecutionPhase(TestCaseExecutor.java:418)
	at com.kms.katalon.core.main.TestCaseExecutor.accessMainPhase(TestCaseExecutor.java:410)
	at com.kms.katalon.core.main.TestCaseExecutor.execute(TestCaseExecutor.java:285)
	at com.kms.katalon.core.main.TestCaseMain.runTestCase(TestCaseMain.java:144)
	at com.kms.katalon.core.keyword.builtin.CallTestCaseKeyword$_callTestCase_closure1.doCall(CallTestCaseKeyword.groovy:59)
	at com.kms.katalon.core.keyword.builtin.CallTestCaseKeyword$_callTestCase_closure1.call(CallTestCaseKeyword.groovy)
	at com.kms.katalon.core.keyword.internal.KeywordMain.runKeyword(KeywordMain.groovy:75)
	at com.kms.katalon.core.keyword.builtin.CallTestCaseKeyword.callTestCase(CallTestCaseKeyword.groovy:81)
	at com.kms.katalon.core.keyword.builtin.CallTestCaseKeyword.execute(CallTestCaseKeyword.groovy:44)
	at com.kms.katalon.core.keyword.internal.KeywordExecutor.executeKeywordForPlatform(KeywordExecutor.groovy:74)
	at com.kms.katalon.core.keyword.BuiltinKeywords.callTestCase(BuiltinKeywords.groovy:310)
	at Portal_SmokeTest_INState.run(Portal_SmokeTest_INState:218)
	at com.kms.katalon.core.main.ScriptEngine.run(ScriptEngine.java:194)
	at com.kms.katalon.core.main.ScriptEngine.runScriptAsRawText(ScriptEngine.java:119)
	at com.kms.katalon.core.main.TestCaseExecutor.runScript(TestCaseExecutor.java:448)
	at com.kms.katalon.core.main.TestCaseExecutor.doExecute(TestCaseExecutor.java:439)
	at com.kms.katalon.core.main.TestCaseExecutor.processExecutionPhase(TestCaseExecutor.java:418)
	at com.kms.katalon.core.main.TestCaseExecutor.accessMainPhase(TestCaseExecutor.java:410)
	at com.kms.katalon.core.main.TestCaseExecutor.execute(TestCaseExecutor.java:285)
	at com.kms.katalon.core.common.CommonExecutor.accessTestCaseMainPhase(CommonExecutor.java:65)
	at com.kms.katalon.core.main.TestSuiteExecutor.accessTestSuiteMainPhase(TestSuiteExecutor.java:148)
	at com.kms.katalon.core.main.TestSuiteExecutor.execute(TestSuiteExecutor.java:106)
	at com.kms.katalon.core.main.TestCaseMain.startTestSuite(TestCaseMain.java:187)
	at com.kms.katalon.core.main.TestCaseMain$startTestSuite$0.call(Unknown Source)
	at TempTestSuite1712892562095.run(TempTestSuite1712892562095.groovy:36)
)

2024-04-12 00:28:47 - [MESSAGE][WARNING] - No alert found (Root cause: com.kms.katalon.core.exception.StepFailedException: No alert found
	at com.kms.katalon.core.webui.keyword.internal.WebUIKeywordMain.stepFailed(WebUIKeywordMain.groovy:64)
	at com.kms.katalon.core.webui.keyword.builtin.AcceptAlertKeyword$_acceptAlert_closure1.doCall(AcceptAlertKeyword.groovy:78)
	at com.kms.katalon.core.webui.keyword.builtin.AcceptAlertKeyword$_acceptAlert_closure1.call(AcceptAlertKeyword.groovy)
	at com.kms.katalon.core.webui.keyword.internal.WebUIKeywordMain.runKeyword(WebUIKeywordMain.groovy:20)
	at com.kms.katalon.core.webui.keyword.builtin.AcceptAlertKeyword.acceptAlert(AcceptAlertKeyword.groovy:71)
	at com.kms.katalon.core.webui.keyword.builtin.AcceptAlertKeyword.execute(AcceptAlertKeyword.groovy:66)
	at com.kms.katalon.core.keyword.internal.KeywordExecutor.executeKeywordForPlatform(KeywordExecutor.groovy:74)
	at com.kms.katalon.core.webui.keyword.WebUiBuiltInKeywords.acceptAlert(WebUiBuiltInKeywords.groovy:1510)
	at com.kms.katalon.core.webui.keyword.WebUiBuiltInKeywords$acceptAlert$18.call(Unknown Source)
	at PC_RiskAnalysisScreen_ApproveUWIssues.run(PC_RiskAnalysisScreen_ApproveUWIssues:70)
	at com.kms.katalon.core.main.ScriptEngine.run(ScriptEngine.java:194)
	at com.kms.katalon.core.main.ScriptEngine.runScriptAsRawText(ScriptEngine.java:119)
	at com.kms.katalon.core.main.TestCaseExecutor.runScript(TestCaseExecutor.java:448)
	at com.kms.katalon.core.main.TestCaseExecutor.doExecute(TestCaseExecutor.java:439)
	at com.kms.katalon.core.main.TestCaseExecutor.processExecutionPhase(TestCaseExecutor.java:418)
	at com.kms.katalon.core.main.TestCaseExecutor.accessMainPhase(TestCaseExecutor.java:410)
	at com.kms.katalon.core.main.TestCaseExecutor.execute(TestCaseExecutor.java:285)
	at com.kms.katalon.core.main.TestCaseMain.runTestCase(TestCaseMain.java:144)
	at com.kms.katalon.core.keyword.builtin.CallTestCaseKeyword$_callTestCase_closure1.doCall(CallTestCaseKeyword.groovy:59)
	at com.kms.katalon.core.keyword.builtin.CallTestCaseKeyword$_callTestCase_closure1.call(CallTestCaseKeyword.groovy)
	at com.kms.katalon.core.keyword.internal.KeywordMain.runKeyword(KeywordMain.groovy:75)
	at com.kms.katalon.core.keyword.builtin.CallTestCaseKeyword.callTestCase(CallTestCaseKeyword.groovy:81)
	at com.kms.katalon.core.keyword.builtin.CallTestCaseKeyword.execute(CallTestCaseKeyword.groovy:44)
	at com.kms.katalon.core.keyword.internal.KeywordExecutor.executeKeywordForPlatform(KeywordExecutor.groovy:74)
	at com.kms.katalon.core.keyword.BuiltinKeywords.callTestCase(BuiltinKeywords.groovy:310)
	at Portal_SmokeTest_INState.run(Portal_SmokeTest_INState:218)
	at com.kms.katalon.core.main.ScriptEngine.run(ScriptEngine.java:194)
	at com.kms.katalon.core.main.ScriptEngine.runScriptAsRawText(ScriptEngine.java:119)
	at com.kms.katalon.core.main.TestCaseExecutor.runScript(TestCaseExecutor.java:448)
	at com.kms.katalon.core.main.TestCaseExecutor.doExecute(TestCaseExecutor.java:439)
	at com.kms.katalon.core.main.TestCaseExecutor.processExecutionPhase(TestCaseExecutor.java:418)
	at com.kms.katalon.core.main.TestCaseExecutor.accessMainPhase(TestCaseExecutor.java:410)
	at com.kms.katalon.core.main.TestCaseExecutor.execute(TestCaseExecutor.java:285)
	at com.kms.katalon.core.common.CommonExecutor.accessTestCaseMainPhase(CommonExecutor.java:65)
	at com.kms.katalon.core.main.TestSuiteExecutor.accessTestSuiteMainPhase(TestSuiteExecutor.java:148)
	at com.kms.katalon.core.main.TestSuiteExecutor.execute(TestSuiteExecutor.java:106)
	at com.kms.katalon.core.main.TestCaseMain.startTestSuite(TestCaseMain.java:187)
	at com.kms.katalon.core.main.TestCaseMain$startTestSuite$0.call(Unknown Source)
	at TempTestSuite1712892562095.run(TempTestSuite1712892562095.groovy:36)
)
[[ATTACHMENT|C:\\Users\\LellKir\\git\\HMIC-Portal\\HMIC-Portal\\HMIC-Portal\\HMIC-Portal\\HMIC-Portal\\HMIC-Portal\\Reports\\20240411_232922\\AgencyPortal_SmokeTest_WC\\20240411_232922\\1712896126974.png]]

2024-04-12 00:28:47 - [TEST_STEP][PASSED] - click(findTestObject("Object Repository/PolicyCenter/PolicyCenterObjects/PC_RiskAnalysis_Button_Approve")): Object: 'Object Repository/PolicyCenter/PolicyCenterObjects/PC_RiskAnalysis_Button_Approve' is clicked on

2024-04-12 00:28:48 - [MESSAGE][PASSED] - Object: 'Object Repository/PolicyCenter/PolicyCenterObjects/PC_RiskAnalysis_Button_Approve' is clicked on

2024-04-12 00:28:48 - [TEST_STEP][PASSED] - verifyElementText(findTestObject("PolicyCenter/PolicyCenterObjects/PC_Common_Label_Title"), "Risk Approval Details"): Actual text and expected text of test object 'Object Repository/PolicyCenter/PolicyCenterObjects/PC_Common_Label_Title' are matched.

2024-04-12 00:28:49 - [MESSAGE][PASSED] - Actual text and expected text of test object 'Object Repository/PolicyCenter/PolicyCenterObjects/PC_Common_Label_Title' are matched.

2024-04-12 00:28:49 - [TEST_STEP][PASSED] - click(findTestObject("Object Repository/PolicyCenter/PolicyCenterObjects/PC_RiskAnalysis_Button_OK")): Object: 'Object Repository/PolicyCenter/PolicyCenterObjects/PC_RiskAnalysis_Button_OK' is clicked on

2024-04-12 00:28:49 - [MESSAGE][PASSED] - Object: 'Object Repository/PolicyCenter/PolicyCenterObjects/PC_RiskAnalysis_Button_OK' is clicked on

2024-04-12 00:28:49 - [TEST_STEP][PASSED] - acceptAlert(OPTIONAL): No alert found (Root cause: com.kms.katalon.core.exception.StepFailedException: No alert found
	at com.kms.katalon.core.webui.keyword.internal.WebUIKeywordMain.stepFailed(WebUIKeywordMain.groovy:64)
	at com.kms.katalon.core.webui.keyword.builtin.AcceptAlertKeyword$_acceptAlert_closure1.doCall(AcceptAlertKeyword.groovy:78)
	at com.kms.katalon.core.webui.keyword.builtin.AcceptAlertKeyword$_acceptAlert_closure1.call(AcceptAlertKeyword.groovy)
	at com.kms.katalon.core.webui.keyword.internal.WebUIKeywordMain.runKeyword(WebUIKeywordMain.groovy:20)
	at com.kms.katalon.core.webui.keyword.builtin.AcceptAlertKeyword.acceptAlert(AcceptAlertKeyword.groovy:71)
	at com.kms.katalon.core.webui.keyword.builtin.AcceptAlertKeyword.execute(AcceptAlertKeyword.groovy:66)
	at com.kms.katalon.core.keyword.internal.KeywordExecutor.executeKeywordForPlatform(KeywordExecutor.groovy:74)
	at com.kms.katalon.core.webui.keyword.WebUiBuiltInKeywords.acceptAlert(WebUiBuiltInKeywords.groovy:1510)
	at com.kms.katalon.core.webui.keyword.WebUiBuiltInKeywords$acceptAlert$18.call(Unknown Source)
	at PC_RiskAnalysisScreen_ApproveUWIssues.run(PC_RiskAnalysisScreen_ApproveUWIssues:70)
	at com.kms.katalon.core.main.ScriptEngine.run(ScriptEngine.java:194)
	at com.kms.katalon.core.main.ScriptEngine.runScriptAsRawText(ScriptEngine.java:119)
	at com.kms.katalon.core.main.TestCaseExecutor.runScript(TestCaseExecutor.java:448)
	at com.kms.katalon.core.main.TestCaseExecutor.doExecute(TestCaseExecutor.java:439)
	at com.kms.katalon.core.main.TestCaseExecutor.processExecutionPhase(TestCaseExecutor.java:418)
	at com.kms.katalon.core.main.TestCaseExecutor.accessMainPhase(TestCaseExecutor.java:410)
	at com.kms.katalon.core.main.TestCaseExecutor.execute(TestCaseExecutor.java:285)
	at com.kms.katalon.core.main.TestCaseMain.runTestCase(TestCaseMain.java:144)
	at com.kms.katalon.core.keyword.builtin.CallTestCaseKeyword$_callTestCase_closure1.doCall(CallTestCaseKeyword.groovy:59)
	at com.kms.katalon.core.keyword.builtin.CallTestCaseKeyword$_callTestCase_closure1.call(CallTestCaseKeyword.groovy)
	at com.kms.katalon.core.keyword.internal.KeywordMain.runKeyword(KeywordMain.groovy:75)
	at com.kms.katalon.core.keyword.builtin.CallTestCaseKeyword.callTestCase(CallTestCaseKeyword.groovy:81)
	at com.kms.katalon.core.keyword.builtin.CallTestCaseKeyword.execute(CallTestCaseKeyword.groovy:44)
	at com.kms.katalon.core.keyword.internal.KeywordExecutor.executeKeywordForPlatform(KeywordExecutor.groovy:74)
	at com.kms.katalon.core.keyword.BuiltinKeywords.callTestCase(BuiltinKeywords.groovy:310)
	at Portal_SmokeTest_INState.run(Portal_SmokeTest_INState:218)
	at com.kms.katalon.core.main.ScriptEngine.run(ScriptEngine.java:194)
	at com.kms.katalon.core.main.ScriptEngine.runScriptAsRawText(ScriptEngine.java:119)
	at com.kms.katalon.core.main.TestCaseExecutor.runScript(TestCaseExecutor.java:448)
	at com.kms.katalon.core.main.TestCaseExecutor.doExecute(TestCaseExecutor.java:439)
	at com.kms.katalon.core.main.TestCaseExecutor.processExecutionPhase(TestCaseExecutor.java:418)
	at com.kms.katalon.core.main.TestCaseExecutor.accessMainPhase(TestCaseExecutor.java:410)
	at com.kms.katalon.core.main.TestCaseExecutor.execute(TestCaseExecutor.java:285)
	at com.kms.katalon.core.common.CommonExecutor.accessTestCaseMainPhase(CommonExecutor.java:65)
	at com.kms.katalon.core.main.TestSuiteExecutor.accessTestSuiteMainPhase(TestSuiteExecutor.java:148)
	at com.kms.katalon.core.main.TestSuiteExecutor.execute(TestSuiteExecutor.java:106)
	at com.kms.katalon.core.main.TestCaseMain.startTestSuite(TestCaseMain.java:187)
	at com.kms.katalon.core.main.TestCaseMain$startTestSuite$0.call(Unknown Source)
	at TempTestSuite1712892562095.run(TempTestSuite1712892562095.groovy:36)
)

2024-04-12 00:28:49 - [MESSAGE][WARNING] - No alert found (Root cause: com.kms.katalon.core.exception.StepFailedException: No alert found
	at com.kms.katalon.core.webui.keyword.internal.WebUIKeywordMain.stepFailed(WebUIKeywordMain.groovy:64)
	at com.kms.katalon.core.webui.keyword.builtin.AcceptAlertKeyword$_acceptAlert_closure1.doCall(AcceptAlertKeyword.groovy:78)
	at com.kms.katalon.core.webui.keyword.builtin.AcceptAlertKeyword$_acceptAlert_closure1.call(AcceptAlertKeyword.groovy)
	at com.kms.katalon.core.webui.keyword.internal.WebUIKeywordMain.runKeyword(WebUIKeywordMain.groovy:20)
	at com.kms.katalon.core.webui.keyword.builtin.AcceptAlertKeyword.acceptAlert(AcceptAlertKeyword.groovy:71)
	at com.kms.katalon.core.webui.keyword.builtin.AcceptAlertKeyword.execute(AcceptAlertKeyword.groovy:66)
	at com.kms.katalon.core.keyword.internal.KeywordExecutor.executeKeywordForPlatform(KeywordExecutor.groovy:74)
	at com.kms.katalon.core.webui.keyword.WebUiBuiltInKeywords.acceptAlert(WebUiBuiltInKeywords.groovy:1510)
	at com.kms.katalon.core.webui.keyword.WebUiBuiltInKeywords$acceptAlert$18.call(Unknown Source)
	at PC_RiskAnalysisScreen_ApproveUWIssues.run(PC_RiskAnalysisScreen_ApproveUWIssues:70)
	at com.kms.katalon.core.main.ScriptEngine.run(ScriptEngine.java:194)
	at com.kms.katalon.core.main.ScriptEngine.runScriptAsRawText(ScriptEngine.java:119)
	at com.kms.katalon.core.main.TestCaseExecutor.runScript(TestCaseExecutor.java:448)
	at com.kms.katalon.core.main.TestCaseExecutor.doExecute(TestCaseExecutor.java:439)
	at com.kms.katalon.core.main.TestCaseExecutor.processExecutionPhase(TestCaseExecutor.java:418)
	at com.kms.katalon.core.main.TestCaseExecutor.accessMainPhase(TestCaseExecutor.java:410)
	at com.kms.katalon.core.main.TestCaseExecutor.execute(TestCaseExecutor.java:285)
	at com.kms.katalon.core.main.TestCaseMain.runTestCase(TestCaseMain.java:144)
	at com.kms.katalon.core.keyword.builtin.CallTestCaseKeyword$_callTestCase_closure1.doCall(CallTestCaseKeyword.groovy:59)
	at com.kms.katalon.core.keyword.builtin.CallTestCaseKeyword$_callTestCase_closure1.call(CallTestCaseKeyword.groovy)
	at com.kms.katalon.core.keyword.internal.KeywordMain.runKeyword(KeywordMain.groovy:75)
	at com.kms.katalon.core.keyword.builtin.CallTestCaseKeyword.callTestCase(CallTestCaseKeyword.groovy:81)
	at com.kms.katalon.core.keyword.builtin.CallTestCaseKeyword.execute(CallTestCaseKeyword.groovy:44)
	at com.kms.katalon.core.keyword.internal.KeywordExecutor.executeKeywordForPlatform(KeywordExecutor.groovy:74)
	at com.kms.katalon.core.keyword.BuiltinKeywords.callTestCase(BuiltinKeywords.groovy:310)
	at Portal_SmokeTest_INState.run(Portal_SmokeTest_INState:218)
	at com.kms.katalon.core.main.ScriptEngine.run(ScriptEngine.java:194)
	at com.kms.katalon.core.main.ScriptEngine.runScriptAsRawText(ScriptEngine.java:119)
	at com.kms.katalon.core.main.TestCaseExecutor.runScript(TestCaseExecutor.java:448)
	at com.kms.katalon.core.main.TestCaseExecutor.doExecute(TestCaseExecutor.java:439)
	at com.kms.katalon.core.main.TestCaseExecutor.processExecutionPhase(TestCaseExecutor.java:418)
	at com.kms.katalon.core.main.TestCaseExecutor.accessMainPhase(TestCaseExecutor.java:410)
	at com.kms.katalon.core.main.TestCaseExecutor.execute(TestCaseExecutor.java:285)
	at com.kms.katalon.core.common.CommonExecutor.accessTestCaseMainPhase(CommonExecutor.java:65)
	at com.kms.katalon.core.main.TestSuiteExecutor.accessTestSuiteMainPhase(TestSuiteExecutor.java:148)
	at com.kms.katalon.core.main.TestSuiteExecutor.execute(TestSuiteExecutor.java:106)
	at com.kms.katalon.core.main.TestCaseMain.startTestSuite(TestCaseMain.java:187)
	at com.kms.katalon.core.main.TestCaseMain$startTestSuite$0.call(Unknown Source)
	at TempTestSuite1712892562095.run(TempTestSuite1712892562095.groovy:36)
)
[[ATTACHMENT|C:\\Users\\LellKir\\git\\HMIC-Portal\\HMIC-Portal\\HMIC-Portal\\HMIC-Portal\\HMIC-Portal\\HMIC-Portal\\Reports\\20240411_232922\\AgencyPortal_SmokeTest_WC\\20240411_232922\\1712896129675.png]]

2024-04-12 00:28:49 - [TEST_STEP][PASSED] - takeFullPageScreenshot(): Taking screenshot successfully

2024-04-12 00:28:50 - [MESSAGE][INFO] - 0 hidden object(s)

2024-04-12 00:28:50 - [MESSAGE][PASSED] - Taking screenshot successfully
[[ATTACHMENT|C:\\Users\\LellKir\\git\\HMIC-Portal\\HMIC-Portal\\HMIC-Portal\\HMIC-Portal\\HMIC-Portal\\HMIC-Portal\\Reports\\20240411_232922\\AgencyPortal_SmokeTest_WC\\20240411_232922\\1712896129855.png]]

2024-04-12 00:28:50 - [MESSAGE][PASSED] - Call Test Case 'Test Cases/PolicyCenter_Pages/PC_CommonScreens/PC_RiskAnalysisScreen_ApproveUWIssues' successfully

2024-04-12 00:28:50 - [TEST_STEP][PASSED] - click(findTestObject("PolicyCenter/PolicyCenterObjects/PC_Common_Button_ReleaseLock"), OPTIONAL): Unable to click on object 'Object Repository/PolicyCenter/PolicyCenterObjects/PC_Common_Button_ReleaseLock' (Root cause: com.kms.katalon.core.exception.StepFailedException: Unable to click on object 'Object Repository/PolicyCenter/PolicyCenterObjects/PC_Common_Button_ReleaseLock'
	at com.kms.katalon.core.webui.keyword.internal.WebUIKeywordMain.stepFailed(WebUIKeywordMain.groovy:64)
	at com.kms.katalon.core.webui.keyword.internal.WebUIKeywordMain.runKeyword(WebUIKeywordMain.groovy:26)
	at com.kms.katalon.core.webui.keyword.builtin.ClickKeyword.click(ClickKeyword.groovy:74)
	at com.kms.katalon.core.webui.keyword.builtin.ClickKeyword.execute(ClickKeyword.groovy:40)
	at com.kms.katalon.core.keyword.internal.KeywordExecutor.executeKeywordForPlatform(KeywordExecutor.groovy:74)
	at com.kms.katalon.core.webui.keyword.WebUiBuiltInKeywords.click(WebUiBuiltInKeywords.groovy:608)
	at com.kms.katalon.core.webui.keyword.WebUiBuiltInKeywords$click$5.call(Unknown Source)
	at Portal_SmokeTest_INState.run(Portal_SmokeTest_INState:220)
	at com.kms.katalon.core.main.ScriptEngine.run(ScriptEngine.java:194)
	at com.kms.katalon.core.main.ScriptEngine.runScriptAsRawText(ScriptEngine.java:119)
	at com.kms.katalon.core.main.TestCaseExecutor.runScript(TestCaseExecutor.java:448)
	at com.kms.katalon.core.main.TestCaseExecutor.doExecute(TestCaseExecutor.java:439)
	at com.kms.katalon.core.main.TestCaseExecutor.processExecutionPhase(TestCaseExecutor.java:418)
	at com.kms.katalon.core.main.TestCaseExecutor.accessMainPhase(TestCaseExecutor.java:410)
	at com.kms.katalon.core.main.TestCaseExecutor.execute(TestCaseExecutor.java:285)
	at com.kms.katalon.core.common.CommonExecutor.accessTestCaseMainPhase(CommonExecutor.java:65)
	at com.kms.katalon.core.main.TestSuiteExecutor.accessTestSuiteMainPhase(TestSuiteExecutor.java:148)
	at com.kms.katalon.core.main.TestSuiteExecutor.execute(TestSuiteExecutor.java:106)
	at com.kms.katalon.core.main.TestCaseMain.startTestSuite(TestCaseMain.java:187)
	at com.kms.katalon.core.main.TestCaseMain$startTestSuite$0.call(Unknown Source)
	at TempTestSuite1712892562095.run(TempTestSuite1712892562095.groovy:36)
Caused by: com.kms.katalon.core.webui.exception.WebElementNotFoundException: Web element with id: 'Object Repository/PolicyCenter/PolicyCenterObjects/PC_Common_Button_ReleaseLock' located by '//div[contains(@id,'JobWizardToolbarButtonSet-Unlock')]//div[@class='gw-label']' not found
	at com.kms.katalon.core.webui.common.WebUiCommonHelper.findWebElement(WebUiCommonHelper.java:1381)
	at com.kms.katalon.core.webui.keyword.internal.WebUIAbstractKeyword.findWebElement(WebUIAbstractKeyword.groovy:27)
	at com.kms.katalon.core.webui.keyword.builtin.ClickKeyword$_click_closure1.doCall(ClickKeyword.groovy:65)
	at com.kms.katalon.core.webui.keyword.builtin.ClickKeyword$_click_closure1.call(ClickKeyword.groovy)
	at com.kms.katalon.core.webui.keyword.internal.WebUIKeywordMain.runKeyword(WebUIKeywordMain.groovy:20)
	at com.kms.katalon.core.webui.keyword.builtin.ClickKeyword.click(ClickKeyword.groovy:74)
	at com.kms.katalon.core.webui.keyword.builtin.ClickKeyword.execute(ClickKeyword.groovy:40)
	at com.kms.katalon.core.keyword.internal.KeywordExecutor.executeKeywordForPlatform(KeywordExecutor.groovy:74)
	at com.kms.katalon.core.webui.keyword.WebUiBuiltInKeywords.click(WebUiBuiltInKeywords.groovy:608)
	at com.kms.katalon.core.webui.keyword.WebUiBuiltInKeywords$click$5.call(Unknown Source)
	at Script1689943813856.run(Script1689943813856.groovy:220)
	... 13 more
)

2024-04-12 00:29:21 - [MESSAGE][INFO] - Unable to find the element located by 'By.xpath: //div[contains(@id,'JobWizardToolbarButtonSet-Unlock')]//div[@class='gw-label']'. Please recheck the objects properties to make sure the desired element is located. 

2024-04-12 00:29:21 - [MESSAGE][WARNING] - [SELF-HEALING] Failed to find element with id 'Object Repository/PolicyCenter/PolicyCenterObjects/PC_Common_Button_ReleaseLock'. Try using Self-healing.

2024-04-12 00:29:22 - [MESSAGE][INFO] - [SELF-HEALING] No working XPath is found.

2024-04-12 00:29:23 - [MESSAGE][INFO] - Unable to find the element located by 'By.xpath: '. Please recheck the objects properties to make sure the desired element is located. 

2024-04-12 00:29:23 - [MESSAGE][WARNING] - [SELF-HEALING] Cannot find elements when the selector is null

2024-04-12 00:29:24 - [MESSAGE][WARNING] - Unable to click on object 'Object Repository/PolicyCenter/PolicyCenterObjects/PC_Common_Button_ReleaseLock' (Root cause: com.kms.katalon.core.exception.StepFailedException: Unable to click on object 'Object Repository/PolicyCenter/PolicyCenterObjects/PC_Common_Button_ReleaseLock'
	at com.kms.katalon.core.webui.keyword.internal.WebUIKeywordMain.stepFailed(WebUIKeywordMain.groovy:64)
	at com.kms.katalon.core.webui.keyword.internal.WebUIKeywordMain.runKeyword(WebUIKeywordMain.groovy:26)
	at com.kms.katalon.core.webui.keyword.builtin.ClickKeyword.click(ClickKeyword.groovy:74)
	at com.kms.katalon.core.webui.keyword.builtin.ClickKeyword.execute(ClickKeyword.groovy:40)
	at com.kms.katalon.core.keyword.internal.KeywordExecutor.executeKeywordForPlatform(KeywordExecutor.groovy:74)
	at com.kms.katalon.core.webui.keyword.WebUiBuiltInKeywords.click(WebUiBuiltInKeywords.groovy:608)
	at com.kms.katalon.core.webui.keyword.WebUiBuiltInKeywords$click$5.call(Unknown Source)
	at Portal_SmokeTest_INState.run(Portal_SmokeTest_INState:220)
	at com.kms.katalon.core.main.ScriptEngine.run(ScriptEngine.java:194)
	at com.kms.katalon.core.main.ScriptEngine.runScriptAsRawText(ScriptEngine.java:119)
	at com.kms.katalon.core.main.TestCaseExecutor.runScript(TestCaseExecutor.java:448)
	at com.kms.katalon.core.main.TestCaseExecutor.doExecute(TestCaseExecutor.java:439)
	at com.kms.katalon.core.main.TestCaseExecutor.processExecutionPhase(TestCaseExecutor.java:418)
	at com.kms.katalon.core.main.TestCaseExecutor.accessMainPhase(TestCaseExecutor.java:410)
	at com.kms.katalon.core.main.TestCaseExecutor.execute(TestCaseExecutor.java:285)
	at com.kms.katalon.core.common.CommonExecutor.accessTestCaseMainPhase(CommonExecutor.java:65)
	at com.kms.katalon.core.main.TestSuiteExecutor.accessTestSuiteMainPhase(TestSuiteExecutor.java:148)
	at com.kms.katalon.core.main.TestSuiteExecutor.execute(TestSuiteExecutor.java:106)
	at com.kms.katalon.core.main.TestCaseMain.startTestSuite(TestCaseMain.java:187)
	at com.kms.katalon.core.main.TestCaseMain$startTestSuite$0.call(Unknown Source)
	at TempTestSuite1712892562095.run(TempTestSuite1712892562095.groovy:36)
Caused by: com.kms.katalon.core.webui.exception.WebElementNotFoundException: Web element with id: 'Object Repository/PolicyCenter/PolicyCenterObjects/PC_Common_Button_ReleaseLock' located by '//div[contains(@id,'JobWizardToolbarButtonSet-Unlock')]//div[@class='gw-label']' not found
	at com.kms.katalon.core.webui.common.WebUiCommonHelper.findWebElement(WebUiCommonHelper.java:1381)
	at com.kms.katalon.core.webui.keyword.internal.WebUIAbstractKeyword.findWebElement(WebUIAbstractKeyword.groovy:27)
	at com.kms.katalon.core.webui.keyword.builtin.ClickKeyword$_click_closure1.doCall(ClickKeyword.groovy:65)
	at com.kms.katalon.core.webui.keyword.builtin.ClickKeyword$_click_closure1.call(ClickKeyword.groovy)
	at com.kms.katalon.core.webui.keyword.internal.WebUIKeywordMain.runKeyword(WebUIKeywordMain.groovy:20)
	at com.kms.katalon.core.webui.keyword.builtin.ClickKeyword.click(ClickKeyword.groovy:74)
	at com.kms.katalon.core.webui.keyword.builtin.ClickKeyword.execute(ClickKeyword.groovy:40)
	at com.kms.katalon.core.keyword.internal.KeywordExecutor.executeKeywordForPlatform(KeywordExecutor.groovy:74)
	at com.kms.katalon.core.webui.keyword.WebUiBuiltInKeywords.click(WebUiBuiltInKeywords.groovy:608)
	at com.kms.katalon.core.webui.keyword.WebUiBuiltInKeywords$click$5.call(Unknown Source)
	at Script1689943813856.run(Script1689943813856.groovy:220)
	... 13 more
)
[[ATTACHMENT|C:\\Users\\LellKir\\git\\HMIC-Portal\\HMIC-Portal\\HMIC-Portal\\HMIC-Portal\\HMIC-Portal\\HMIC-Portal\\Reports\\20240411_232922\\AgencyPortal_SmokeTest_WC\\20240411_232922\\1712896163969.png]]

2024-04-12 00:29:24 - [TEST_STEP][PASSED] - selectOptionByLabel(findTestObject("PolicyCenter/PolicyCenterObjects/PC_UWActivity_Dropdown_AssignTo"), "Test Processor3 (Renewal Com Proc)", false, OPTIONAL): Unable to select option by label 'Test Processor3 (Renewal Com Proc)' of object 'Object Repository/PolicyCenter/PolicyCenterObjects/PC_UWActivity_Dropdown_AssignTo'  (Root cause: com.kms.katalon.core.exception.StepFailedException: Unable to select option by label 'Test Processor3 (Renewal Com Proc)' of object 'Object Repository/PolicyCenter/PolicyCenterObjects/PC_UWActivity_Dropdown_AssignTo' 
	at com.kms.katalon.core.webui.keyword.internal.WebUIKeywordMain.stepFailed(WebUIKeywordMain.groovy:64)
	at com.kms.katalon.core.webui.keyword.internal.WebUIKeywordMain.runKeyword(WebUIKeywordMain.groovy:26)
	at com.kms.katalon.core.webui.keyword.builtin.SelectOptionByLabelKeyword.selectOptionByLabel(SelectOptionByLabelKeyword.groovy:98)
	at com.kms.katalon.core.webui.keyword.builtin.SelectOptionByLabelKeyword.execute(SelectOptionByLabelKeyword.groovy:71)
	at com.kms.katalon.core.keyword.internal.KeywordExecutor.executeKeywordForPlatform(KeywordExecutor.groovy:74)
	at com.kms.katalon.core.webui.keyword.WebUiBuiltInKeywords.selectOptionByLabel(WebUiBuiltInKeywords.groovy:1213)
	at com.kms.katalon.core.webui.keyword.WebUiBuiltInKeywords$selectOptionByLabel$19.call(Unknown Source)
	at Portal_SmokeTest_INState.run(Portal_SmokeTest_INState:222)
	at com.kms.katalon.core.main.ScriptEngine.run(ScriptEngine.java:194)
	at com.kms.katalon.core.main.ScriptEngine.runScriptAsRawText(ScriptEngine.java:119)
	at com.kms.katalon.core.main.TestCaseExecutor.runScript(TestCaseExecutor.java:448)
	at com.kms.katalon.core.main.TestCaseExecutor.doExecute(TestCaseExecutor.java:439)
	at com.kms.katalon.core.main.TestCaseExecutor.processExecutionPhase(TestCaseExecutor.java:418)
	at com.kms.katalon.core.main.TestCaseExecutor.accessMainPhase(TestCaseExecutor.java:410)
	at com.kms.katalon.core.main.TestCaseExecutor.execute(TestCaseExecutor.java:285)
	at com.kms.katalon.core.common.CommonExecutor.accessTestCaseMainPhase(CommonExecutor.java:65)
	at com.kms.katalon.core.main.TestSuiteExecutor.accessTestSuiteMainPhase(TestSuiteExecutor.java:148)
	at com.kms.katalon.core.main.TestSuiteExecutor.execute(TestSuiteExecutor.java:106)
	at com.kms.katalon.core.main.TestCaseMain.startTestSuite(TestCaseMain.java:187)
	at com.kms.katalon.core.main.TestCaseMain$startTestSuite$0.call(Unknown Source)
	at TempTestSuite1712892562095.run(TempTestSuite1712892562095.groovy:36)
Caused by: com.kms.katalon.core.webui.exception.WebElementNotFoundException: Web element with id: 'Object Repository/PolicyCenter/PolicyCenterObjects/PC_UWActivity_Dropdown_AssignTo' located by '//div[text()='Assign To']/..//select' not found
	at com.kms.katalon.core.webui.common.WebUiCommonHelper.findWebElement(WebUiCommonHelper.java:1381)
	at com.kms.katalon.core.webui.keyword.internal.WebUIAbstractKeyword.findWebElement(WebUIAbstractKeyword.groovy:27)
	at com.kms.katalon.core.webui.keyword.internal.WebUIAbstractKeyword.findWebElement(WebUIAbstractKeyword.groovy:26)
	at com.kms.katalon.core.webui.keyword.builtin.SelectOptionByLabelKeyword$_selectOptionByLabel_closure1.doCall(SelectOptionByLabelKeyword.groovy:86)
	at com.kms.katalon.core.webui.keyword.builtin.SelectOptionByLabelKeyword$_selectOptionByLabel_closure1.call(SelectOptionByLabelKeyword.groovy)
	at com.kms.katalon.core.webui.keyword.internal.WebUIKeywordMain.runKeyword(WebUIKeywordMain.groovy:20)
	at com.kms.katalon.core.webui.keyword.builtin.SelectOptionByLabelKeyword.selectOptionByLabel(SelectOptionByLabelKeyword.groovy:98)
	at com.kms.katalon.core.webui.keyword.builtin.SelectOptionByLabelKeyword.execute(SelectOptionByLabelKeyword.groovy:71)
	at com.kms.katalon.core.keyword.internal.KeywordExecutor.executeKeywordForPlatform(KeywordExecutor.groovy:74)
	at com.kms.katalon.core.webui.keyword.WebUiBuiltInKeywords.selectOptionByLabel(WebUiBuiltInKeywords.groovy:1213)
	at com.kms.katalon.core.webui.keyword.WebUiBuiltInKeywords$selectOptionByLabel$19.call(Unknown Source)
	at Script1689943813856.run(Script1689943813856.groovy:222)
	... 13 more
)

2024-04-12 00:29:55 - [MESSAGE][INFO] - Unable to find the element located by 'By.xpath: //div[text()='Assign To']/..//select'. Please recheck the objects properties to make sure the desired element is located. 

2024-04-12 00:29:55 - [MESSAGE][WARNING] - [SELF-HEALING] Failed to find element with id 'Object Repository/PolicyCenter/PolicyCenterObjects/PC_UWActivity_Dropdown_AssignTo'. Try using Self-healing.

2024-04-12 00:29:56 - [MESSAGE][INFO] - [SELF-HEALING] No working XPath is found.

2024-04-12 00:29:57 - [MESSAGE][INFO] - Unable to find the element located by 'By.xpath: '. Please recheck the objects properties to make sure the desired element is located. 

2024-04-12 00:29:57 - [MESSAGE][WARNING] - [SELF-HEALING] Cannot find elements when the selector is null

2024-04-12 00:29:57 - [MESSAGE][WARNING] - Unable to select option by label 'Test Processor3 (Renewal Com Proc)' of object 'Object Repository/PolicyCenter/PolicyCenterObjects/PC_UWActivity_Dropdown_AssignTo'  (Root cause: com.kms.katalon.core.exception.StepFailedException: Unable to select option by label 'Test Processor3 (Renewal Com Proc)' of object 'Object Repository/PolicyCenter/PolicyCenterObjects/PC_UWActivity_Dropdown_AssignTo' 
	at com.kms.katalon.core.webui.keyword.internal.WebUIKeywordMain.stepFailed(WebUIKeywordMain.groovy:64)
	at com.kms.katalon.core.webui.keyword.internal.WebUIKeywordMain.runKeyword(WebUIKeywordMain.groovy:26)
	at com.kms.katalon.core.webui.keyword.builtin.SelectOptionByLabelKeyword.selectOptionByLabel(SelectOptionByLabelKeyword.groovy:98)
	at com.kms.katalon.core.webui.keyword.builtin.SelectOptionByLabelKeyword.execute(SelectOptionByLabelKeyword.groovy:71)
	at com.kms.katalon.core.keyword.internal.KeywordExecutor.executeKeywordForPlatform(KeywordExecutor.groovy:74)
	at com.kms.katalon.core.webui.keyword.WebUiBuiltInKeywords.selectOptionByLabel(WebUiBuiltInKeywords.groovy:1213)
	at com.kms.katalon.core.webui.keyword.WebUiBuiltInKeywords$selectOptionByLabel$19.call(Unknown Source)
	at Portal_SmokeTest_INState.run(Portal_SmokeTest_INState:222)
	at com.kms.katalon.core.main.ScriptEngine.run(ScriptEngine.java:194)
	at com.kms.katalon.core.main.ScriptEngine.runScriptAsRawText(ScriptEngine.java:119)
	at com.kms.katalon.core.main.TestCaseExecutor.runScript(TestCaseExecutor.java:448)
	at com.kms.katalon.core.main.TestCaseExecutor.doExecute(TestCaseExecutor.java:439)
	at com.kms.katalon.core.main.TestCaseExecutor.processExecutionPhase(TestCaseExecutor.java:418)
	at com.kms.katalon.core.main.TestCaseExecutor.accessMainPhase(TestCaseExecutor.java:410)
	at com.kms.katalon.core.main.TestCaseExecutor.execute(TestCaseExecutor.java:285)
	at com.kms.katalon.core.common.CommonExecutor.accessTestCaseMainPhase(CommonExecutor.java:65)
	at com.kms.katalon.core.main.TestSuiteExecutor.accessTestSuiteMainPhase(TestSuiteExecutor.java:148)
	at com.kms.katalon.core.main.TestSuiteExecutor.execute(TestSuiteExecutor.java:106)
	at com.kms.katalon.core.main.TestCaseMain.startTestSuite(TestCaseMain.java:187)
	at com.kms.katalon.core.main.TestCaseMain$startTestSuite$0.call(Unknown Source)
	at TempTestSuite1712892562095.run(TempTestSuite1712892562095.groovy:36)
Caused by: com.kms.katalon.core.webui.exception.WebElementNotFoundException: Web element with id: 'Object Repository/PolicyCenter/PolicyCenterObjects/PC_UWActivity_Dropdown_AssignTo' located by '//div[text()='Assign To']/..//select' not found
	at com.kms.katalon.core.webui.common.WebUiCommonHelper.findWebElement(WebUiCommonHelper.java:1381)
	at com.kms.katalon.core.webui.keyword.internal.WebUIAbstractKeyword.findWebElement(WebUIAbstractKeyword.groovy:27)
	at com.kms.katalon.core.webui.keyword.internal.WebUIAbstractKeyword.findWebElement(WebUIAbstractKeyword.groovy:26)
	at com.kms.katalon.core.webui.keyword.builtin.SelectOptionByLabelKeyword$_selectOptionByLabel_closure1.doCall(SelectOptionByLabelKeyword.groovy:86)
	at com.kms.katalon.core.webui.keyword.builtin.SelectOptionByLabelKeyword$_selectOptionByLabel_closure1.call(SelectOptionByLabelKeyword.groovy)
	at com.kms.katalon.core.webui.keyword.internal.WebUIKeywordMain.runKeyword(WebUIKeywordMain.groovy:20)
	at com.kms.katalon.core.webui.keyword.builtin.SelectOptionByLabelKeyword.selectOptionByLabel(SelectOptionByLabelKeyword.groovy:98)
	at com.kms.katalon.core.webui.keyword.builtin.SelectOptionByLabelKeyword.execute(SelectOptionByLabelKeyword.groovy:71)
	at com.kms.katalon.core.keyword.internal.KeywordExecutor.executeKeywordForPlatform(KeywordExecutor.groovy:74)
	at com.kms.katalon.core.webui.keyword.WebUiBuiltInKeywords.selectOptionByLabel(WebUiBuiltInKeywords.groovy:1213)
	at com.kms.katalon.core.webui.keyword.WebUiBuiltInKeywords$selectOptionByLabel$19.call(Unknown Source)
	at Script1689943813856.run(Script1689943813856.groovy:222)
	... 13 more
)
[[ATTACHMENT|C:\\Users\\LellKir\\git\\HMIC-Portal\\HMIC-Portal\\HMIC-Portal\\HMIC-Portal\\HMIC-Portal\\HMIC-Portal\\Reports\\20240411_232922\\AgencyPortal_SmokeTest_WC\\20240411_232922\\1712896197578.png]]

2024-04-12 00:29:57 - [TEST_STEP][PASSED] - click(findTestObject("PolicyCenter/PolicyCenterObjects/PC_UWActivity_Button_Release"), OPTIONAL): Unable to click on object 'Object Repository/PolicyCenter/PolicyCenterObjects/PC_UWActivity_Button_Release' (Root cause: com.kms.katalon.core.exception.StepFailedException: Unable to click on object 'Object Repository/PolicyCenter/PolicyCenterObjects/PC_UWActivity_Button_Release'
	at com.kms.katalon.core.webui.keyword.internal.WebUIKeywordMain.stepFailed(WebUIKeywordMain.groovy:64)
	at com.kms.katalon.core.webui.keyword.internal.WebUIKeywordMain.runKeyword(WebUIKeywordMain.groovy:26)
	at com.kms.katalon.core.webui.keyword.builtin.ClickKeyword.click(ClickKeyword.groovy:74)
	at com.kms.katalon.core.webui.keyword.builtin.ClickKeyword.execute(ClickKeyword.groovy:40)
	at com.kms.katalon.core.keyword.internal.KeywordExecutor.executeKeywordForPlatform(KeywordExecutor.groovy:74)
	at com.kms.katalon.core.webui.keyword.WebUiBuiltInKeywords.click(WebUiBuiltInKeywords.groovy:608)
	at com.kms.katalon.core.webui.keyword.WebUiBuiltInKeywords$click$5.call(Unknown Source)
	at Portal_SmokeTest_INState.run(Portal_SmokeTest_INState:225)
	at com.kms.katalon.core.main.ScriptEngine.run(ScriptEngine.java:194)
	at com.kms.katalon.core.main.ScriptEngine.runScriptAsRawText(ScriptEngine.java:119)
	at com.kms.katalon.core.main.TestCaseExecutor.runScript(TestCaseExecutor.java:448)
	at com.kms.katalon.core.main.TestCaseExecutor.doExecute(TestCaseExecutor.java:439)
	at com.kms.katalon.core.main.TestCaseExecutor.processExecutionPhase(TestCaseExecutor.java:418)
	at com.kms.katalon.core.main.TestCaseExecutor.accessMainPhase(TestCaseExecutor.java:410)
	at com.kms.katalon.core.main.TestCaseExecutor.execute(TestCaseExecutor.java:285)
	at com.kms.katalon.core.common.CommonExecutor.accessTestCaseMainPhase(CommonExecutor.java:65)
	at com.kms.katalon.core.main.TestSuiteExecutor.accessTestSuiteMainPhase(TestSuiteExecutor.java:148)
	at com.kms.katalon.core.main.TestSuiteExecutor.execute(TestSuiteExecutor.java:106)
	at com.kms.katalon.core.main.TestCaseMain.startTestSuite(TestCaseMain.java:187)
	at com.kms.katalon.core.main.TestCaseMain$startTestSuite$0.call(Unknown Source)
	at TempTestSuite1712892562095.run(TempTestSuite1712892562095.groovy:36)
Caused by: com.kms.katalon.core.webui.exception.WebElementNotFoundException: Web element with id: 'Object Repository/PolicyCenter/PolicyCenterObjects/PC_UWActivity_Button_Release' located by '//div[@role='button']//div[text()='Release']' not found
	at com.kms.katalon.core.webui.common.WebUiCommonHelper.findWebElement(WebUiCommonHelper.java:1381)
	at com.kms.katalon.core.webui.keyword.internal.WebUIAbstractKeyword.findWebElement(WebUIAbstractKeyword.groovy:27)
	at com.kms.katalon.core.webui.keyword.builtin.ClickKeyword$_click_closure1.doCall(ClickKeyword.groovy:65)
	at com.kms.katalon.core.webui.keyword.builtin.ClickKeyword$_click_closure1.call(ClickKeyword.groovy)
	at com.kms.katalon.core.webui.keyword.internal.WebUIKeywordMain.runKeyword(WebUIKeywordMain.groovy:20)
	at com.kms.katalon.core.webui.keyword.builtin.ClickKeyword.click(ClickKeyword.groovy:74)
	at com.kms.katalon.core.webui.keyword.builtin.ClickKeyword.execute(ClickKeyword.groovy:40)
	at com.kms.katalon.core.keyword.internal.KeywordExecutor.executeKeywordForPlatform(KeywordExecutor.groovy:74)
	at com.kms.katalon.core.webui.keyword.WebUiBuiltInKeywords.click(WebUiBuiltInKeywords.groovy:608)
	at com.kms.katalon.core.webui.keyword.WebUiBuiltInKeywords$click$5.call(Unknown Source)
	at Script1689943813856.run(Script1689943813856.groovy:225)
	... 13 more
)

2024-04-12 00:30:28 - [MESSAGE][INFO] - Unable to find the element located by 'By.xpath: //div[@role='button']//div[text()='Release']'. Please recheck the objects properties to make sure the desired element is located. 

2024-04-12 00:30:28 - [MESSAGE][WARNING] - [SELF-HEALING] Failed to find element with id 'Object Repository/PolicyCenter/PolicyCenterObjects/PC_UWActivity_Button_Release'. Try using Self-healing.

2024-04-12 00:30:29 - [MESSAGE][INFO] - [SELF-HEALING] No working XPath is found.

2024-04-12 00:30:31 - [MESSAGE][INFO] - Unable to find the element located by 'By.xpath: '. Please recheck the objects properties to make sure the desired element is located. 

2024-04-12 00:30:31 - [MESSAGE][WARNING] - [SELF-HEALING] Cannot find elements when the selector is null

2024-04-12 00:30:31 - [MESSAGE][WARNING] - Unable to click on object 'Object Repository/PolicyCenter/PolicyCenterObjects/PC_UWActivity_Button_Release' (Root cause: com.kms.katalon.core.exception.StepFailedException: Unable to click on object 'Object Repository/PolicyCenter/PolicyCenterObjects/PC_UWActivity_Button_Release'
	at com.kms.katalon.core.webui.keyword.internal.WebUIKeywordMain.stepFailed(WebUIKeywordMain.groovy:64)
	at com.kms.katalon.core.webui.keyword.internal.WebUIKeywordMain.runKeyword(WebUIKeywordMain.groovy:26)
	at com.kms.katalon.core.webui.keyword.builtin.ClickKeyword.click(ClickKeyword.groovy:74)
	at com.kms.katalon.core.webui.keyword.builtin.ClickKeyword.execute(ClickKeyword.groovy:40)
	at com.kms.katalon.core.keyword.internal.KeywordExecutor.executeKeywordForPlatform(KeywordExecutor.groovy:74)
	at com.kms.katalon.core.webui.keyword.WebUiBuiltInKeywords.click(WebUiBuiltInKeywords.groovy:608)
	at com.kms.katalon.core.webui.keyword.WebUiBuiltInKeywords$click$5.call(Unknown Source)
	at Portal_SmokeTest_INState.run(Portal_SmokeTest_INState:225)
	at com.kms.katalon.core.main.ScriptEngine.run(ScriptEngine.java:194)
	at com.kms.katalon.core.main.ScriptEngine.runScriptAsRawText(ScriptEngine.java:119)
	at com.kms.katalon.core.main.TestCaseExecutor.runScript(TestCaseExecutor.java:448)
	at com.kms.katalon.core.main.TestCaseExecutor.doExecute(TestCaseExecutor.java:439)
	at com.kms.katalon.core.main.TestCaseExecutor.processExecutionPhase(TestCaseExecutor.java:418)
	at com.kms.katalon.core.main.TestCaseExecutor.accessMainPhase(TestCaseExecutor.java:410)
	at com.kms.katalon.core.main.TestCaseExecutor.execute(TestCaseExecutor.java:285)
	at com.kms.katalon.core.common.CommonExecutor.accessTestCaseMainPhase(CommonExecutor.java:65)
	at com.kms.katalon.core.main.TestSuiteExecutor.accessTestSuiteMainPhase(TestSuiteExecutor.java:148)
	at com.kms.katalon.core.main.TestSuiteExecutor.execute(TestSuiteExecutor.java:106)
	at com.kms.katalon.core.main.TestCaseMain.startTestSuite(TestCaseMain.java:187)
	at com.kms.katalon.core.main.TestCaseMain$startTestSuite$0.call(Unknown Source)
	at TempTestSuite1712892562095.run(TempTestSuite1712892562095.groovy:36)
Caused by: com.kms.katalon.core.webui.exception.WebElementNotFoundException: Web element with id: 'Object Repository/PolicyCenter/PolicyCenterObjects/PC_UWActivity_Button_Release' located by '//div[@role='button']//div[text()='Release']' not found
	at com.kms.katalon.core.webui.common.WebUiCommonHelper.findWebElement(WebUiCommonHelper.java:1381)
	at com.kms.katalon.core.webui.keyword.internal.WebUIAbstractKeyword.findWebElement(WebUIAbstractKeyword.groovy:27)
	at com.kms.katalon.core.webui.keyword.builtin.ClickKeyword$_click_closure1.doCall(ClickKeyword.groovy:65)
	at com.kms.katalon.core.webui.keyword.builtin.ClickKeyword$_click_closure1.call(ClickKeyword.groovy)
	at com.kms.katalon.core.webui.keyword.internal.WebUIKeywordMain.runKeyword(WebUIKeywordMain.groovy:20)
	at com.kms.katalon.core.webui.keyword.builtin.ClickKeyword.click(ClickKeyword.groovy:74)
	at com.kms.katalon.core.webui.keyword.builtin.ClickKeyword.execute(ClickKeyword.groovy:40)
	at com.kms.katalon.core.keyword.internal.KeywordExecutor.executeKeywordForPlatform(KeywordExecutor.groovy:74)
	at com.kms.katalon.core.webui.keyword.WebUiBuiltInKeywords.click(WebUiBuiltInKeywords.groovy:608)
	at com.kms.katalon.core.webui.keyword.WebUiBuiltInKeywords$click$5.call(Unknown Source)
	at Script1689943813856.run(Script1689943813856.groovy:225)
	... 13 more
)
[[ATTACHMENT|C:\\Users\\LellKir\\git\\HMIC-Portal\\HMIC-Portal\\HMIC-Portal\\HMIC-Portal\\HMIC-Portal\\HMIC-Portal\\Reports\\20240411_232922\\AgencyPortal_SmokeTest_WC\\20240411_232922\\1712896231210.png]]

2024-04-12 00:30:31 - [TEST_STEP][PASSED] - takeFullPageScreenshot(): Taking screenshot successfully

2024-04-12 00:30:31 - [MESSAGE][INFO] - 0 hidden object(s)

2024-04-12 00:30:31 - [MESSAGE][PASSED] - Taking screenshot successfully
[[ATTACHMENT|C:\\Users\\LellKir\\git\\HMIC-Portal\\HMIC-Portal\\HMIC-Portal\\HMIC-Portal\\HMIC-Portal\\HMIC-Portal\\Reports\\20240411_232922\\AgencyPortal_SmokeTest_WC\\20240411_232922\\1712896231313.png]]

2024-04-12 00:30:31 - [TEST_STEP][PASSED] - callTestCase(findTestCase("PolicyCenter_Pages/PC_CommonScreens/PC_LogOut"), [:], STOP_ON_FAILURE): Call Test Case 'Test Cases/PolicyCenter_Pages/PC_CommonScreens/PC_LogOut' successfully

2024-04-12 00:30:31 - [TEST_CASE][PASSED] - Test Cases/PolicyCenter_Pages/PC_CommonScreens/PC_LogOut: Test Cases/PolicyCenter_Pages/PC_CommonScreens/PC_LogOut

2024-04-12 00:30:31 - [TEST_STEP][PASSED] - click(findTestObject("PolicyCenter_LogOut/span_PC_Menu_Button_Settings")): Object: 'Object Repository/PolicyCenter_LogOut/span_PC_Menu_Button_Settings' is clicked on

2024-04-12 00:30:32 - [MESSAGE][PASSED] - Object: 'Object Repository/PolicyCenter_LogOut/span_PC_Menu_Button_Settings' is clicked on

2024-04-12 00:30:32 - [TEST_STEP][PASSED] - click(findTestObject("PolicyCenter_LogOut/div_PC_LogOut_TypeList_LogOut")): Object: 'Object Repository/PolicyCenter_LogOut/div_PC_LogOut_TypeList_LogOut' is clicked on

2024-04-12 00:30:33 - [MESSAGE][PASSED] - Object: 'Object Repository/PolicyCenter_LogOut/div_PC_LogOut_TypeList_LogOut' is clicked on

2024-04-12 00:30:33 - [TEST_STEP][PASSED] - acceptAlert(OPTIONAL): No alert found (Root cause: com.kms.katalon.core.exception.StepFailedException: No alert found
	at com.kms.katalon.core.webui.keyword.internal.WebUIKeywordMain.stepFailed(WebUIKeywordMain.groovy:64)
	at com.kms.katalon.core.webui.keyword.builtin.AcceptAlertKeyword$_acceptAlert_closure1.doCall(AcceptAlertKeyword.groovy:78)
	at com.kms.katalon.core.webui.keyword.builtin.AcceptAlertKeyword$_acceptAlert_closure1.call(AcceptAlertKeyword.groovy)
	at com.kms.katalon.core.webui.keyword.internal.WebUIKeywordMain.runKeyword(WebUIKeywordMain.groovy:20)
	at com.kms.katalon.core.webui.keyword.builtin.AcceptAlertKeyword.acceptAlert(AcceptAlertKeyword.groovy:71)
	at com.kms.katalon.core.webui.keyword.builtin.AcceptAlertKeyword.execute(AcceptAlertKeyword.groovy:66)
	at com.kms.katalon.core.keyword.internal.KeywordExecutor.executeKeywordForPlatform(KeywordExecutor.groovy:74)
	at com.kms.katalon.core.webui.keyword.WebUiBuiltInKeywords.acceptAlert(WebUiBuiltInKeywords.groovy:1510)
	at com.kms.katalon.core.webui.keyword.WebUiBuiltInKeywords$acceptAlert$18.call(Unknown Source)
	at PC_LogOut.run(PC_LogOut:24)
	at com.kms.katalon.core.main.ScriptEngine.run(ScriptEngine.java:194)
	at com.kms.katalon.core.main.ScriptEngine.runScriptAsRawText(ScriptEngine.java:119)
	at com.kms.katalon.core.main.TestCaseExecutor.runScript(TestCaseExecutor.java:448)
	at com.kms.katalon.core.main.TestCaseExecutor.doExecute(TestCaseExecutor.java:439)
	at com.kms.katalon.core.main.TestCaseExecutor.processExecutionPhase(TestCaseExecutor.java:418)
	at com.kms.katalon.core.main.TestCaseExecutor.accessMainPhase(TestCaseExecutor.java:410)
	at com.kms.katalon.core.main.TestCaseExecutor.execute(TestCaseExecutor.java:285)
	at com.kms.katalon.core.main.TestCaseMain.runTestCase(TestCaseMain.java:144)
	at com.kms.katalon.core.keyword.builtin.CallTestCaseKeyword$_callTestCase_closure1.doCall(CallTestCaseKeyword.groovy:59)
	at com.kms.katalon.core.keyword.builtin.CallTestCaseKeyword$_callTestCase_closure1.call(CallTestCaseKeyword.groovy)
	at com.kms.katalon.core.keyword.internal.KeywordMain.runKeyword(KeywordMain.groovy:75)
	at com.kms.katalon.core.keyword.builtin.CallTestCaseKeyword.callTestCase(CallTestCaseKeyword.groovy:81)
	at com.kms.katalon.core.keyword.builtin.CallTestCaseKeyword.execute(CallTestCaseKeyword.groovy:44)
	at com.kms.katalon.core.keyword.internal.KeywordExecutor.executeKeywordForPlatform(KeywordExecutor.groovy:74)
	at com.kms.katalon.core.keyword.BuiltinKeywords.callTestCase(BuiltinKeywords.groovy:310)
	at Portal_SmokeTest_INState.run(Portal_SmokeTest_INState:229)
	at com.kms.katalon.core.main.ScriptEngine.run(ScriptEngine.java:194)
	at com.kms.katalon.core.main.ScriptEngine.runScriptAsRawText(ScriptEngine.java:119)
	at com.kms.katalon.core.main.TestCaseExecutor.runScript(TestCaseExecutor.java:448)
	at com.kms.katalon.core.main.TestCaseExecutor.doExecute(TestCaseExecutor.java:439)
	at com.kms.katalon.core.main.TestCaseExecutor.processExecutionPhase(TestCaseExecutor.java:418)
	at com.kms.katalon.core.main.TestCaseExecutor.accessMainPhase(TestCaseExecutor.java:410)
	at com.kms.katalon.core.main.TestCaseExecutor.execute(TestCaseExecutor.java:285)
	at com.kms.katalon.core.common.CommonExecutor.accessTestCaseMainPhase(CommonExecutor.java:65)
	at com.kms.katalon.core.main.TestSuiteExecutor.accessTestSuiteMainPhase(TestSuiteExecutor.java:148)
	at com.kms.katalon.core.main.TestSuiteExecutor.execute(TestSuiteExecutor.java:106)
	at com.kms.katalon.core.main.TestCaseMain.startTestSuite(TestCaseMain.java:187)
	at com.kms.katalon.core.main.TestCaseMain$startTestSuite$0.call(Unknown Source)
	at TempTestSuite1712892562095.run(TempTestSuite1712892562095.groovy:36)
)

2024-04-12 00:30:33 - [MESSAGE][WARNING] - No alert found (Root cause: com.kms.katalon.core.exception.StepFailedException: No alert found
	at com.kms.katalon.core.webui.keyword.internal.WebUIKeywordMain.stepFailed(WebUIKeywordMain.groovy:64)
	at com.kms.katalon.core.webui.keyword.builtin.AcceptAlertKeyword$_acceptAlert_closure1.doCall(AcceptAlertKeyword.groovy:78)
	at com.kms.katalon.core.webui.keyword.builtin.AcceptAlertKeyword$_acceptAlert_closure1.call(AcceptAlertKeyword.groovy)
	at com.kms.katalon.core.webui.keyword.internal.WebUIKeywordMain.runKeyword(WebUIKeywordMain.groovy:20)
	at com.kms.katalon.core.webui.keyword.builtin.AcceptAlertKeyword.acceptAlert(AcceptAlertKeyword.groovy:71)
	at com.kms.katalon.core.webui.keyword.builtin.AcceptAlertKeyword.execute(AcceptAlertKeyword.groovy:66)
	at com.kms.katalon.core.keyword.internal.KeywordExecutor.executeKeywordForPlatform(KeywordExecutor.groovy:74)
	at com.kms.katalon.core.webui.keyword.WebUiBuiltInKeywords.acceptAlert(WebUiBuiltInKeywords.groovy:1510)
	at com.kms.katalon.core.webui.keyword.WebUiBuiltInKeywords$acceptAlert$18.call(Unknown Source)
	at PC_LogOut.run(PC_LogOut:24)
	at com.kms.katalon.core.main.ScriptEngine.run(ScriptEngine.java:194)
	at com.kms.katalon.core.main.ScriptEngine.runScriptAsRawText(ScriptEngine.java:119)
	at com.kms.katalon.core.main.TestCaseExecutor.runScript(TestCaseExecutor.java:448)
	at com.kms.katalon.core.main.TestCaseExecutor.doExecute(TestCaseExecutor.java:439)
	at com.kms.katalon.core.main.TestCaseExecutor.processExecutionPhase(TestCaseExecutor.java:418)
	at com.kms.katalon.core.main.TestCaseExecutor.accessMainPhase(TestCaseExecutor.java:410)
	at com.kms.katalon.core.main.TestCaseExecutor.execute(TestCaseExecutor.java:285)
	at com.kms.katalon.core.main.TestCaseMain.runTestCase(TestCaseMain.java:144)
	at com.kms.katalon.core.keyword.builtin.CallTestCaseKeyword$_callTestCase_closure1.doCall(CallTestCaseKeyword.groovy:59)
	at com.kms.katalon.core.keyword.builtin.CallTestCaseKeyword$_callTestCase_closure1.call(CallTestCaseKeyword.groovy)
	at com.kms.katalon.core.keyword.internal.KeywordMain.runKeyword(KeywordMain.groovy:75)
	at com.kms.katalon.core.keyword.builtin.CallTestCaseKeyword.callTestCase(CallTestCaseKeyword.groovy:81)
	at com.kms.katalon.core.keyword.builtin.CallTestCaseKeyword.execute(CallTestCaseKeyword.groovy:44)
	at com.kms.katalon.core.keyword.internal.KeywordExecutor.executeKeywordForPlatform(KeywordExecutor.groovy:74)
	at com.kms.katalon.core.keyword.BuiltinKeywords.callTestCase(BuiltinKeywords.groovy:310)
	at Portal_SmokeTest_INState.run(Portal_SmokeTest_INState:229)
	at com.kms.katalon.core.main.ScriptEngine.run(ScriptEngine.java:194)
	at com.kms.katalon.core.main.ScriptEngine.runScriptAsRawText(ScriptEngine.java:119)
	at com.kms.katalon.core.main.TestCaseExecutor.runScript(TestCaseExecutor.java:448)
	at com.kms.katalon.core.main.TestCaseExecutor.doExecute(TestCaseExecutor.java:439)
	at com.kms.katalon.core.main.TestCaseExecutor.processExecutionPhase(TestCaseExecutor.java:418)
	at com.kms.katalon.core.main.TestCaseExecutor.accessMainPhase(TestCaseExecutor.java:410)
	at com.kms.katalon.core.main.TestCaseExecutor.execute(TestCaseExecutor.java:285)
	at com.kms.katalon.core.common.CommonExecutor.accessTestCaseMainPhase(CommonExecutor.java:65)
	at com.kms.katalon.core.main.TestSuiteExecutor.accessTestSuiteMainPhase(TestSuiteExecutor.java:148)
	at com.kms.katalon.core.main.TestSuiteExecutor.execute(TestSuiteExecutor.java:106)
	at com.kms.katalon.core.main.TestCaseMain.startTestSuite(TestCaseMain.java:187)
	at com.kms.katalon.core.main.TestCaseMain$startTestSuite$0.call(Unknown Source)
	at TempTestSuite1712892562095.run(TempTestSuite1712892562095.groovy:36)
)
[[ATTACHMENT|C:\\Users\\LellKir\\git\\HMIC-Portal\\HMIC-Portal\\HMIC-Portal\\HMIC-Portal\\HMIC-Portal\\HMIC-Portal\\Reports\\20240411_232922\\AgencyPortal_SmokeTest_WC\\20240411_232922\\1712896233075.png]]

2024-04-12 00:30:33 - [MESSAGE][PASSED] - Call Test Case 'Test Cases/PolicyCenter_Pages/PC_CommonScreens/PC_LogOut' successfully

2024-04-12 00:30:33 - [TEST_STEP][PASSED] - callTestCase(findTestCase("Portal_Pages/Portal_CommonScreens/Portal_Login"), ["Portal_Username":Portal_Username, "Portal_Password":Portal_Password], STOP_ON_FAILURE): Call Test Case 'Test Cases/Portal_Pages/Portal_CommonScreens/Portal_Login' successfully

2024-04-12 00:30:33 - [TEST_CASE][PASSED] - Test Cases/Portal_Pages/Portal_CommonScreens/Portal_Login: Test Cases/Portal_Pages/Portal_CommonScreens/Portal_Login

2024-04-12 00:30:33 - [TEST_STEP][PASSED] - openBrowser(""): Browser is opened with url: ''

2024-04-12 00:30:33 - [MESSAGE][WARNING] - A browser is already opened. Closing browser and opening a new one

2024-04-12 00:30:34 - [MESSAGE][INFO] - Starting 'Chrome' driver

2024-04-12 00:30:34 - [MESSAGE][INFO] - Action delay is set to 0 milliseconds

2024-04-12 00:30:35 - [MESSAGE][PASSED] - Browser is opened with url: ''

2024-04-12 00:30:35 - [TEST_STEP][PASSED] - deleteAllCookies(): Delete all cookies successfully

2024-04-12 00:30:35 - [MESSAGE][PASSED] - Delete all cookies successfully

2024-04-12 00:30:35 - [TEST_STEP][PASSED] - maximizeWindow(): Current window maximized

2024-04-12 00:30:35 - [MESSAGE][PASSED] - Current window maximized

2024-04-12 00:30:35 - [TEST_STEP][PASSED] - takeFullPageScreenshot(): Taking screenshot successfully

2024-04-12 00:30:36 - [MESSAGE][INFO] - 0 hidden object(s)

2024-04-12 00:30:36 - [MESSAGE][PASSED] - Taking screenshot successfully
[[ATTACHMENT|C:\\Users\\LellKir\\git\\HMIC-Portal\\HMIC-Portal\\HMIC-Portal\\HMIC-Portal\\HMIC-Portal\\HMIC-Portal\\Reports\\20240411_232922\\AgencyPortal_SmokeTest_WC\\20240411_232922\\1712896235846.png]]

2024-04-12 00:30:36 - [TEST_STEP][PASSED] - navigateToUrl(PortalURL): Navigate to 'https://agencyportal.qa1.hastingsmutual.com/Accounts' successfully

2024-04-12 00:30:46 - [MESSAGE][PASSED] - Navigate to 'https://agencyportal.qa1.hastingsmutual.com/Accounts' successfully

2024-04-12 00:30:46 - [TEST_STEP][PASSED] - waitForPageLoad(10): Wait for page load successfully

2024-04-12 00:30:47 - [MESSAGE][PASSED] - Wait for page load successfully

2024-04-12 00:30:47 - [TEST_STEP][PASSED] - takeFullPageScreenshot(): Taking screenshot successfully

2024-04-12 00:30:48 - [MESSAGE][INFO] - 0 hidden object(s)

2024-04-12 00:30:48 - [MESSAGE][PASSED] - Taking screenshot successfully
[[ATTACHMENT|C:\\Users\\LellKir\\git\\HMIC-Portal\\HMIC-Portal\\HMIC-Portal\\HMIC-Portal\\HMIC-Portal\\HMIC-Portal\\Reports\\20240411_232922\\AgencyPortal_SmokeTest_WC\\20240411_232922\\1712896247900.png]]

2024-04-12 00:30:48 - [TEST_STEP][PASSED] - click(findTestObject("Object Repository/PolicyCenter_Login/div_PC_Login_Link_ClickHereToLogin"), OPTIONAL): Unable to click on object 'Object Repository/PolicyCenter_Login/div_PC_Login_Link_ClickHereToLogin' (Root cause: com.kms.katalon.core.exception.StepFailedException: Unable to click on object 'Object Repository/PolicyCenter_Login/div_PC_Login_Link_ClickHereToLogin'
	at com.kms.katalon.core.webui.keyword.internal.WebUIKeywordMain.stepFailed(WebUIKeywordMain.groovy:64)
	at com.kms.katalon.core.webui.keyword.internal.WebUIKeywordMain.runKeyword(WebUIKeywordMain.groovy:26)
	at com.kms.katalon.core.webui.keyword.builtin.ClickKeyword.click(ClickKeyword.groovy:74)
	at com.kms.katalon.core.webui.keyword.builtin.ClickKeyword.execute(ClickKeyword.groovy:40)
	at com.kms.katalon.core.keyword.internal.KeywordExecutor.executeKeywordForPlatform(KeywordExecutor.groovy:74)
	at com.kms.katalon.core.webui.keyword.WebUiBuiltInKeywords.click(WebUiBuiltInKeywords.groovy:608)
	at com.kms.katalon.core.webui.keyword.WebUiBuiltInKeywords$click$5.call(Unknown Source)
	at Portal_Login.run(Portal_Login:34)
	at com.kms.katalon.core.main.ScriptEngine.run(ScriptEngine.java:194)
	at com.kms.katalon.core.main.ScriptEngine.runScriptAsRawText(ScriptEngine.java:119)
	at com.kms.katalon.core.main.TestCaseExecutor.runScript(TestCaseExecutor.java:448)
	at com.kms.katalon.core.main.TestCaseExecutor.doExecute(TestCaseExecutor.java:439)
	at com.kms.katalon.core.main.TestCaseExecutor.processExecutionPhase(TestCaseExecutor.java:418)
	at com.kms.katalon.core.main.TestCaseExecutor.accessMainPhase(TestCaseExecutor.java:410)
	at com.kms.katalon.core.main.TestCaseExecutor.execute(TestCaseExecutor.java:285)
	at com.kms.katalon.core.main.TestCaseMain.runTestCase(TestCaseMain.java:144)
	at com.kms.katalon.core.keyword.builtin.CallTestCaseKeyword$_callTestCase_closure1.doCall(CallTestCaseKeyword.groovy:59)
	at com.kms.katalon.core.keyword.builtin.CallTestCaseKeyword$_callTestCase_closure1.call(CallTestCaseKeyword.groovy)
	at com.kms.katalon.core.keyword.internal.KeywordMain.runKeyword(KeywordMain.groovy:75)
	at com.kms.katalon.core.keyword.builtin.CallTestCaseKeyword.callTestCase(CallTestCaseKeyword.groovy:81)
	at com.kms.katalon.core.keyword.builtin.CallTestCaseKeyword.execute(CallTestCaseKeyword.groovy:44)
	at com.kms.katalon.core.keyword.internal.KeywordExecutor.executeKeywordForPlatform(KeywordExecutor.groovy:74)
	at com.kms.katalon.core.keyword.BuiltinKeywords.callTestCase(BuiltinKeywords.groovy:310)
	at Portal_SmokeTest_INState.run(Portal_SmokeTest_INState:231)
	at com.kms.katalon.core.main.ScriptEngine.run(ScriptEngine.java:194)
	at com.kms.katalon.core.main.ScriptEngine.runScriptAsRawText(ScriptEngine.java:119)
	at com.kms.katalon.core.main.TestCaseExecutor.runScript(TestCaseExecutor.java:448)
	at com.kms.katalon.core.main.TestCaseExecutor.doExecute(TestCaseExecutor.java:439)
	at com.kms.katalon.core.main.TestCaseExecutor.processExecutionPhase(TestCaseExecutor.java:418)
	at com.kms.katalon.core.main.TestCaseExecutor.accessMainPhase(TestCaseExecutor.java:410)
	at com.kms.katalon.core.main.TestCaseExecutor.execute(TestCaseExecutor.java:285)
	at com.kms.katalon.core.common.CommonExecutor.accessTestCaseMainPhase(CommonExecutor.java:65)
	at com.kms.katalon.core.main.TestSuiteExecutor.accessTestSuiteMainPhase(TestSuiteExecutor.java:148)
	at com.kms.katalon.core.main.TestSuiteExecutor.execute(TestSuiteExecutor.java:106)
	at com.kms.katalon.core.main.TestCaseMain.startTestSuite(TestCaseMain.java:187)
	at com.kms.katalon.core.main.TestCaseMain$startTestSuite$0.call(Unknown Source)
	at TempTestSuite1712892562095.run(TempTestSuite1712892562095.groovy:36)
Caused by: com.kms.katalon.core.webui.exception.WebElementNotFoundException: Web element with id: 'Object Repository/PolicyCenter_Login/div_PC_Login_Link_ClickHereToLogin' located by '//div[contains(@id,'LoginDetailsInputSet-LoginLink')]' not found
	at com.kms.katalon.core.webui.common.WebUiCommonHelper.findWebElement(WebUiCommonHelper.java:1381)
	at com.kms.katalon.core.webui.keyword.internal.WebUIAbstractKeyword.findWebElement(WebUIAbstractKeyword.groovy:27)
	at com.kms.katalon.core.webui.keyword.builtin.ClickKeyword$_click_closure1.doCall(ClickKeyword.groovy:65)
	at com.kms.katalon.core.webui.keyword.builtin.ClickKeyword$_click_closure1.call(ClickKeyword.groovy)
	at com.kms.katalon.core.webui.keyword.internal.WebUIKeywordMain.runKeyword(WebUIKeywordMain.groovy:20)
	at com.kms.katalon.core.webui.keyword.builtin.ClickKeyword.click(ClickKeyword.groovy:74)
	at com.kms.katalon.core.webui.keyword.builtin.ClickKeyword.execute(ClickKeyword.groovy:40)
	at com.kms.katalon.core.keyword.internal.KeywordExecutor.executeKeywordForPlatform(KeywordExecutor.groovy:74)
	at com.kms.katalon.core.webui.keyword.WebUiBuiltInKeywords.click(WebUiBuiltInKeywords.groovy:608)
	at com.kms.katalon.core.webui.keyword.WebUiBuiltInKeywords$click$5.call(Unknown Source)
	at Script1683558008637.run(Script1683558008637.groovy:34)
	at com.kms.katalon.core.main.ScriptEngine.run(ScriptEngine.java:194)
	at com.kms.katalon.core.main.ScriptEngine.runScriptAsRawText(ScriptEngine.java:119)
	at com.kms.katalon.core.main.TestCaseExecutor.runScript(TestCaseExecutor.java:448)
	at com.kms.katalon.core.main.TestCaseExecutor.doExecute(TestCaseExecutor.java:439)
	at com.kms.katalon.core.main.TestCaseExecutor.processExecutionPhase(TestCaseExecutor.java:418)
	at com.kms.katalon.core.main.TestCaseExecutor.accessMainPhase(TestCaseExecutor.java:410)
	at com.kms.katalon.core.main.TestCaseExecutor.execute(TestCaseExecutor.java:285)
	at com.kms.katalon.core.main.TestCaseMain.runTestCase(TestCaseMain.java:144)
	at com.kms.katalon.core.keyword.builtin.CallTestCaseKeyword$_callTestCase_closure1.doCall(CallTestCaseKeyword.groovy:59)
	at com.kms.katalon.core.keyword.builtin.CallTestCaseKeyword$_callTestCase_closure1.call(CallTestCaseKeyword.groovy)
	at com.kms.katalon.core.keyword.internal.KeywordMain.runKeyword(KeywordMain.groovy:75)
	at com.kms.katalon.core.keyword.builtin.CallTestCaseKeyword.callTestCase(CallTestCaseKeyword.groovy:81)
	at com.kms.katalon.core.keyword.builtin.CallTestCaseKeyword.execute(CallTestCaseKeyword.groovy:44)
	at com.kms.katalon.core.keyword.internal.KeywordExecutor.executeKeywordForPlatform(KeywordExecutor.groovy:74)
	at com.kms.katalon.core.keyword.BuiltinKeywords.callTestCase(BuiltinKeywords.groovy:310)
	at Script1689943813856.run(Script1689943813856.groovy:231)
	... 13 more
)

2024-04-12 00:31:19 - [MESSAGE][INFO] - Unable to find the element located by 'By.xpath: //div[contains(@id,'LoginDetailsInputSet-LoginLink')]'. Please recheck the objects properties to make sure the desired element is located. 

2024-04-12 00:31:19 - [MESSAGE][WARNING] - [SELF-HEALING] Failed to find element with id 'Object Repository/PolicyCenter_Login/div_PC_Login_Link_ClickHereToLogin'. Try using Self-healing.

2024-04-12 00:31:20 - [MESSAGE][INFO] - [SELF-HEALING] No working XPath is found.

2024-04-12 00:31:21 - [MESSAGE][INFO] - Unable to find the element located by 'By.xpath: '. Please recheck the objects properties to make sure the desired element is located. 

2024-04-12 00:31:21 - [MESSAGE][WARNING] - [SELF-HEALING] Cannot find elements when the selector is null

2024-04-12 00:31:22 - [MESSAGE][WARNING] - Unable to click on object 'Object Repository/PolicyCenter_Login/div_PC_Login_Link_ClickHereToLogin' (Root cause: com.kms.katalon.core.exception.StepFailedException: Unable to click on object 'Object Repository/PolicyCenter_Login/div_PC_Login_Link_ClickHereToLogin'
	at com.kms.katalon.core.webui.keyword.internal.WebUIKeywordMain.stepFailed(WebUIKeywordMain.groovy:64)
	at com.kms.katalon.core.webui.keyword.internal.WebUIKeywordMain.runKeyword(WebUIKeywordMain.groovy:26)
	at com.kms.katalon.core.webui.keyword.builtin.ClickKeyword.click(ClickKeyword.groovy:74)
	at com.kms.katalon.core.webui.keyword.builtin.ClickKeyword.execute(ClickKeyword.groovy:40)
	at com.kms.katalon.core.keyword.internal.KeywordExecutor.executeKeywordForPlatform(KeywordExecutor.groovy:74)
	at com.kms.katalon.core.webui.keyword.WebUiBuiltInKeywords.click(WebUiBuiltInKeywords.groovy:608)
	at com.kms.katalon.core.webui.keyword.WebUiBuiltInKeywords$click$5.call(Unknown Source)
	at Portal_Login.run(Portal_Login:34)
	at com.kms.katalon.core.main.ScriptEngine.run(ScriptEngine.java:194)
	at com.kms.katalon.core.main.ScriptEngine.runScriptAsRawText(ScriptEngine.java:119)
	at com.kms.katalon.core.main.TestCaseExecutor.runScript(TestCaseExecutor.java:448)
	at com.kms.katalon.core.main.TestCaseExecutor.doExecute(TestCaseExecutor.java:439)
	at com.kms.katalon.core.main.TestCaseExecutor.processExecutionPhase(TestCaseExecutor.java:418)
	at com.kms.katalon.core.main.TestCaseExecutor.accessMainPhase(TestCaseExecutor.java:410)
	at com.kms.katalon.core.main.TestCaseExecutor.execute(TestCaseExecutor.java:285)
	at com.kms.katalon.core.main.TestCaseMain.runTestCase(TestCaseMain.java:144)
	at com.kms.katalon.core.keyword.builtin.CallTestCaseKeyword$_callTestCase_closure1.doCall(CallTestCaseKeyword.groovy:59)
	at com.kms.katalon.core.keyword.builtin.CallTestCaseKeyword$_callTestCase_closure1.call(CallTestCaseKeyword.groovy)
	at com.kms.katalon.core.keyword.internal.KeywordMain.runKeyword(KeywordMain.groovy:75)
	at com.kms.katalon.core.keyword.builtin.CallTestCaseKeyword.callTestCase(CallTestCaseKeyword.groovy:81)
	at com.kms.katalon.core.keyword.builtin.CallTestCaseKeyword.execute(CallTestCaseKeyword.groovy:44)
	at com.kms.katalon.core.keyword.internal.KeywordExecutor.executeKeywordForPlatform(KeywordExecutor.groovy:74)
	at com.kms.katalon.core.keyword.BuiltinKeywords.callTestCase(BuiltinKeywords.groovy:310)
	at Portal_SmokeTest_INState.run(Portal_SmokeTest_INState:231)
	at com.kms.katalon.core.main.ScriptEngine.run(ScriptEngine.java:194)
	at com.kms.katalon.core.main.ScriptEngine.runScriptAsRawText(ScriptEngine.java:119)
	at com.kms.katalon.core.main.TestCaseExecutor.runScript(TestCaseExecutor.java:448)
	at com.kms.katalon.core.main.TestCaseExecutor.doExecute(TestCaseExecutor.java:439)
	at com.kms.katalon.core.main.TestCaseExecutor.processExecutionPhase(TestCaseExecutor.java:418)
	at com.kms.katalon.core.main.TestCaseExecutor.accessMainPhase(TestCaseExecutor.java:410)
	at com.kms.katalon.core.main.TestCaseExecutor.execute(TestCaseExecutor.java:285)
	at com.kms.katalon.core.common.CommonExecutor.accessTestCaseMainPhase(CommonExecutor.java:65)
	at com.kms.katalon.core.main.TestSuiteExecutor.accessTestSuiteMainPhase(TestSuiteExecutor.java:148)
	at com.kms.katalon.core.main.TestSuiteExecutor.execute(TestSuiteExecutor.java:106)
	at com.kms.katalon.core.main.TestCaseMain.startTestSuite(TestCaseMain.java:187)
	at com.kms.katalon.core.main.TestCaseMain$startTestSuite$0.call(Unknown Source)
	at TempTestSuite1712892562095.run(TempTestSuite1712892562095.groovy:36)
Caused by: com.kms.katalon.core.webui.exception.WebElementNotFoundException: Web element with id: 'Object Repository/PolicyCenter_Login/div_PC_Login_Link_ClickHereToLogin' located by '//div[contains(@id,'LoginDetailsInputSet-LoginLink')]' not found
	at com.kms.katalon.core.webui.common.WebUiCommonHelper.findWebElement(WebUiCommonHelper.java:1381)
	at com.kms.katalon.core.webui.keyword.internal.WebUIAbstractKeyword.findWebElement(WebUIAbstractKeyword.groovy:27)
	at com.kms.katalon.core.webui.keyword.builtin.ClickKeyword$_click_closure1.doCall(ClickKeyword.groovy:65)
	at com.kms.katalon.core.webui.keyword.builtin.ClickKeyword$_click_closure1.call(ClickKeyword.groovy)
	at com.kms.katalon.core.webui.keyword.internal.WebUIKeywordMain.runKeyword(WebUIKeywordMain.groovy:20)
	at com.kms.katalon.core.webui.keyword.builtin.ClickKeyword.click(ClickKeyword.groovy:74)
	at com.kms.katalon.core.webui.keyword.builtin.ClickKeyword.execute(ClickKeyword.groovy:40)
	at com.kms.katalon.core.keyword.internal.KeywordExecutor.executeKeywordForPlatform(KeywordExecutor.groovy:74)
	at com.kms.katalon.core.webui.keyword.WebUiBuiltInKeywords.click(WebUiBuiltInKeywords.groovy:608)
	at com.kms.katalon.core.webui.keyword.WebUiBuiltInKeywords$click$5.call(Unknown Source)
	at Script1683558008637.run(Script1683558008637.groovy:34)
	at com.kms.katalon.core.main.ScriptEngine.run(ScriptEngine.java:194)
	at com.kms.katalon.core.main.ScriptEngine.runScriptAsRawText(ScriptEngine.java:119)
	at com.kms.katalon.core.main.TestCaseExecutor.runScript(TestCaseExecutor.java:448)
	at com.kms.katalon.core.main.TestCaseExecutor.doExecute(TestCaseExecutor.java:439)
	at com.kms.katalon.core.main.TestCaseExecutor.processExecutionPhase(TestCaseExecutor.java:418)
	at com.kms.katalon.core.main.TestCaseExecutor.accessMainPhase(TestCaseExecutor.java:410)
	at com.kms.katalon.core.main.TestCaseExecutor.execute(TestCaseExecutor.java:285)
	at com.kms.katalon.core.main.TestCaseMain.runTestCase(TestCaseMain.java:144)
	at com.kms.katalon.core.keyword.builtin.CallTestCaseKeyword$_callTestCase_closure1.doCall(CallTestCaseKeyword.groovy:59)
	at com.kms.katalon.core.keyword.builtin.CallTestCaseKeyword$_callTestCase_closure1.call(CallTestCaseKeyword.groovy)
	at com.kms.katalon.core.keyword.internal.KeywordMain.runKeyword(KeywordMain.groovy:75)
	at com.kms.katalon.core.keyword.builtin.CallTestCaseKeyword.callTestCase(CallTestCaseKeyword.groovy:81)
	at com.kms.katalon.core.keyword.builtin.CallTestCaseKeyword.execute(CallTestCaseKeyword.groovy:44)
	at com.kms.katalon.core.keyword.internal.KeywordExecutor.executeKeywordForPlatform(KeywordExecutor.groovy:74)
	at com.kms.katalon.core.keyword.BuiltinKeywords.callTestCase(BuiltinKeywords.groovy:310)
	at Script1689943813856.run(Script1689943813856.groovy:231)
	... 13 more
)
[[ATTACHMENT|C:\\Users\\LellKir\\git\\HMIC-Portal\\HMIC-Portal\\HMIC-Portal\\HMIC-Portal\\HMIC-Portal\\HMIC-Portal\\Reports\\20240411_232922\\AgencyPortal_SmokeTest_WC\\20240411_232922\\1712896281954.png]]

2024-04-12 00:31:22 - [TEST_STEP][PASSED] - setText(findTestObject("Object Repository/PolicyCenter_Login/input_PC_Login_TextBox_UserName"), Portal_Username): Text 'adminuser2059' is set on object 'Object Repository/PolicyCenter_Login/input_PC_Login_TextBox_UserName'

2024-04-12 00:31:22 - [MESSAGE][PASSED] - Text 'adminuser2059' is set on object 'Object Repository/PolicyCenter_Login/input_PC_Login_TextBox_UserName'

2024-04-12 00:31:22 - [TEST_STEP][PASSED] - setText(findTestObject("Object Repository/PolicyCenter_Login/input_PC_Login_TextBox_Password"), Portal_Password): Text 'Hmic1234' is set on object 'Object Repository/PolicyCenter_Login/input_PC_Login_TextBox_Password'

2024-04-12 00:31:23 - [MESSAGE][PASSED] - Text 'Hmic1234' is set on object 'Object Repository/PolicyCenter_Login/input_PC_Login_TextBox_Password'

2024-04-12 00:31:23 - [TEST_STEP][PASSED] - takeFullPageScreenshot(): Taking screenshot successfully

2024-04-12 00:31:24 - [MESSAGE][INFO] - 0 hidden object(s)

2024-04-12 00:31:24 - [MESSAGE][PASSED] - Taking screenshot successfully
[[ATTACHMENT|C:\\Users\\LellKir\\git\\HMIC-Portal\\HMIC-Portal\\HMIC-Portal\\HMIC-Portal\\HMIC-Portal\\HMIC-Portal\\Reports\\20240411_232922\\AgencyPortal_SmokeTest_WC\\20240411_232922\\1712896283702.png]]

2024-04-12 00:31:24 - [TEST_STEP][PASSED] - waitForElementVisible(findTestObject("PolicyCenter_Login/input_PC_Login_Button_Login"), 20): Object 'Object Repository/PolicyCenter_Login/input_PC_Login_Button_Login' is visible

2024-04-12 00:31:24 - [MESSAGE][PASSED] - Object 'Object Repository/PolicyCenter_Login/input_PC_Login_Button_Login' is visible

2024-04-12 00:31:24 - [TEST_STEP][PASSED] - click(findTestObject("Object Repository/PolicyCenter_Login/input_PC_Login_Button_Login")): Object: 'Object Repository/PolicyCenter_Login/input_PC_Login_Button_Login' is clicked on

2024-04-12 00:31:25 - [MESSAGE][PASSED] - Object: 'Object Repository/PolicyCenter_Login/input_PC_Login_Button_Login' is clicked on

2024-04-12 00:31:25 - [TEST_STEP][PASSED] - takeFullPageScreenshot(): Taking screenshot successfully

2024-04-12 00:31:27 - [MESSAGE][INFO] - 0 hidden object(s)

2024-04-12 00:31:27 - [MESSAGE][PASSED] - Taking screenshot successfully
[[ATTACHMENT|C:\\Users\\LellKir\\git\\HMIC-Portal\\HMIC-Portal\\HMIC-Portal\\HMIC-Portal\\HMIC-Portal\\HMIC-Portal\\Reports\\20240411_232922\\AgencyPortal_SmokeTest_WC\\20240411_232922\\1712896285308.png]]

2024-04-12 00:31:27 - [TEST_STEP][PASSED] - waitForElementVisible(findTestObject("Portal/Portal_Common_Header_SearchForAccOrPol"), 30): Object 'Object Repository/Portal/Portal_Common_Header_SearchForAccOrPol' is visible

2024-04-12 00:31:28 - [MESSAGE][PASSED] - Object 'Object Repository/Portal/Portal_Common_Header_SearchForAccOrPol' is visible

2024-04-12 00:31:28 - [TEST_STEP][PASSED] - verifyElementVisible(findTestObject("Portal/Portal_Common_Header_SearchForAccOrPol")): Object 'Object Repository/Portal/Portal_Common_Header_SearchForAccOrPol' is visible

2024-04-12 00:31:29 - [MESSAGE][PASSED] - Object 'Object Repository/Portal/Portal_Common_Header_SearchForAccOrPol' is visible

2024-04-12 00:31:29 - [TEST_STEP][PASSED] - takeFullPageScreenshot(): Taking screenshot successfully

2024-04-12 00:31:29 - [MESSAGE][INFO] - 0 hidden object(s)

2024-04-12 00:31:29 - [MESSAGE][PASSED] - Taking screenshot successfully
[[ATTACHMENT|C:\\Users\\LellKir\\git\\HMIC-Portal\\HMIC-Portal\\HMIC-Portal\\HMIC-Portal\\HMIC-Portal\\HMIC-Portal\\Reports\\20240411_232922\\AgencyPortal_SmokeTest_WC\\20240411_232922\\1712896289260.png]]

2024-04-12 00:31:29 - [MESSAGE][PASSED] - Call Test Case 'Test Cases/Portal_Pages/Portal_CommonScreens/Portal_Login' successfully

2024-04-12 00:31:29 - [TEST_STEP][PASSED] - click(findTestObject("Object Repository/Portal/Portal_Common_Tab_Quote")): Object: 'Object Repository/Portal/Portal_Common_Tab_Quote' is clicked on

2024-04-12 00:31:35 - [MESSAGE][PASSED] - Object: 'Object Repository/Portal/Portal_Common_Tab_Quote' is clicked on

2024-04-12 00:31:35 - [TEST_STEP][PASSED] - comment("User should able to search the quote in Portal"): User should able to search the quote in Portal

2024-04-12 00:31:35 - [MESSAGE][INFO] - User should able to search the quote in Portal

2024-04-12 00:31:35 - [TEST_STEP][PASSED] - verifyElementText(findTestObject("Object Repository/Portal/Portal_Quote_Header_NewBusinessDashboard"), "New Business Dashboard"): Actual text and expected text of test object 'Object Repository/Portal/Portal_Quote_Header_NewBusinessDashboard' are matched.

2024-04-12 00:32:06 - [MESSAGE][PASSED] - Actual text and expected text of test object 'Object Repository/Portal/Portal_Quote_Header_NewBusinessDashboard' are matched.

2024-04-12 00:32:06 - [TEST_STEP][PASSED] - setText(findTestObject("Object Repository/Portal/Portal_Quote_TextBox_SearchFor"), SubmissionNumber): Text '0016870394' is set on object 'Object Repository/Portal/Portal_Quote_TextBox_SearchFor'

2024-04-12 00:33:06 - [MESSAGE][PASSED] - Text '0016870394' is set on object 'Object Repository/Portal/Portal_Quote_TextBox_SearchFor'

2024-04-12 00:33:06 - [TEST_STEP][PASSED] - waitForPageLoad(10): Wait for page load successfully

2024-04-12 00:33:06 - [MESSAGE][PASSED] - Wait for page load successfully

2024-04-12 00:33:06 - [TEST_STEP][PASSED] - click(findTestObject("Object Repository/Portal/Portal_Quote_Button_Search")): Object: 'Object Repository/Portal/Portal_Quote_Button_Search' is clicked on

2024-04-12 00:33:26 - [MESSAGE][PASSED] - Object: 'Object Repository/Portal/Portal_Quote_Button_Search' is clicked on

2024-04-12 00:33:26 - [TEST_STEP][PASSED] - waitForPageLoad(10): Wait for page load successfully

2024-04-12 00:33:26 - [MESSAGE][PASSED] - Wait for page load successfully

2024-04-12 00:33:26 - [TEST_STEP][PASSED] - click(findTestObject("Portal/Portal_Quote_Table_QuoteNum", ["SubmissionNumber":SubmissionNumber])): Object: 'Object Repository/Portal/Portal_Quote_Table_QuoteNum' is clicked on

2024-04-12 00:33:30 - [MESSAGE][PASSED] - Object: 'Object Repository/Portal/Portal_Quote_Table_QuoteNum' is clicked on

2024-04-12 00:33:30 - [TEST_STEP][PASSED] - takeFullPageScreenshot(): Taking screenshot successfully

2024-04-12 00:33:31 - [MESSAGE][INFO] - 0 hidden object(s)

2024-04-12 00:33:31 - [MESSAGE][PASSED] - Taking screenshot successfully
[[ATTACHMENT|C:\\Users\\LellKir\\git\\HMIC-Portal\\HMIC-Portal\\HMIC-Portal\\HMIC-Portal\\HMIC-Portal\\HMIC-Portal\\Reports\\20240411_232922\\AgencyPortal_SmokeTest_WC\\20240411_232922\\1712896410690.png]]

2024-04-12 00:33:31 - [TEST_STEP][PASSED] - waitForElementHasAttribute(findTestObject("Portal/Portal_Common_Label_Header"), "Step 8: Review", 10): Object 'Object Repository/Portal/Portal_Common_Label_Header' does not have attribute 'Step 8: Review'

2024-04-12 00:33:44 - [MESSAGE][WARNING] - Object 'Object Repository/Portal/Portal_Common_Label_Header' does not have attribute 'Step 8: Review'

2024-04-12 00:33:44 - [TEST_STEP][PASSED] - verifyElementText(findTestObject("Portal/Portal_Common_Label_Header"), "Step 8: Review"): Actual text and expected text of test object 'Object Repository/Portal/Portal_Common_Label_Header' are matched.

2024-04-12 00:33:44 - [MESSAGE][PASSED] - Actual text and expected text of test object 'Object Repository/Portal/Portal_Common_Label_Header' are matched.

2024-04-12 00:33:44 - [TEST_STEP][PASSED] - takeFullPageScreenshot(): Taking screenshot successfully

2024-04-12 00:33:45 - [MESSAGE][INFO] - 0 hidden object(s)

2024-04-12 00:33:46 - [MESSAGE][PASSED] - Taking screenshot successfully
[[ATTACHMENT|C:\\Users\\LellKir\\git\\HMIC-Portal\\HMIC-Portal\\HMIC-Portal\\HMIC-Portal\\HMIC-Portal\\HMIC-Portal\\Reports\\20240411_232922\\AgencyPortal_SmokeTest_WC\\20240411_232922\\1712896424464.png]]

2024-04-12 00:33:46 - [TEST_STEP][PASSED] - click(findTestObject("Portal/Portal_Common_Button_NextPayment")): Object: 'Object Repository/Portal/Portal_Common_Button_NextPayment' is clicked on

2024-04-12 00:33:46 - [MESSAGE][PASSED] - Object: 'Object Repository/Portal/Portal_Common_Button_NextPayment' is clicked on

2024-04-12 00:33:46 - [TEST_STEP][PASSED] - waitForElementHasAttribute(findTestObject("Portal/Portal_Common_Label_Header"), "Step 9: Payment", 10, OPTIONAL): Object 'Object Repository/Portal/Portal_Common_Label_Header' does not have attribute 'Step 9: Payment'

2024-04-12 00:33:57 - [MESSAGE][WARNING] - Object 'Object Repository/Portal/Portal_Common_Label_Header' does not have attribute 'Step 9: Payment'

2024-04-12 00:33:57 - [TEST_STEP][PASSED] - verifyElementText(findTestObject("Portal/Portal_Common_Label_Header"), "Step 9: Payment", OPTIONAL): Actual text 'Step 8: Review' and expected text 'Step 9: Payment' of test object 'Object Repository/Portal/Portal_Common_Label_Header' are NOT matched. (Root cause: com.kms.katalon.core.exception.StepFailedException: Actual text 'Step 8: Review' and expected text 'Step 9: Payment' of test object 'Object Repository/Portal/Portal_Common_Label_Header' are NOT matched.
	at com.kms.katalon.core.webui.keyword.internal.WebUIKeywordMain.stepFailed(WebUIKeywordMain.groovy:64)
	at com.kms.katalon.core.webui.keyword.builtin.VerifyElementTextKeyword$_verifyElementText_closure1.doCall(VerifyElementTextKeyword.groovy:57)
	at com.kms.katalon.core.webui.keyword.builtin.VerifyElementTextKeyword$_verifyElementText_closure1.call(VerifyElementTextKeyword.groovy)
	at com.kms.katalon.core.webui.keyword.internal.WebUIKeywordMain.runKeyword(WebUIKeywordMain.groovy:20)
	at com.kms.katalon.core.webui.keyword.builtin.VerifyElementTextKeyword.verifyElementText(VerifyElementTextKeyword.groovy:72)
	at com.kms.katalon.core.webui.keyword.builtin.VerifyElementTextKeyword.execute(VerifyElementTextKeyword.groovy:40)
	at com.kms.katalon.core.keyword.internal.KeywordExecutor.executeKeywordForPlatform(KeywordExecutor.groovy:74)
	at com.kms.katalon.core.webui.keyword.WebUiBuiltInKeywords.verifyElementText(WebUiBuiltInKeywords.groovy:4733)
	at com.kms.katalon.core.webui.keyword.WebUiBuiltInKeywords$verifyElementText$22.call(Unknown Source)
	at Portal_SmokeTest_INState.run(Portal_SmokeTest_INState:262)
	at com.kms.katalon.core.main.ScriptEngine.run(ScriptEngine.java:194)
	at com.kms.katalon.core.main.ScriptEngine.runScriptAsRawText(ScriptEngine.java:119)
	at com.kms.katalon.core.main.TestCaseExecutor.runScript(TestCaseExecutor.java:448)
	at com.kms.katalon.core.main.TestCaseExecutor.doExecute(TestCaseExecutor.java:439)
	at com.kms.katalon.core.main.TestCaseExecutor.processExecutionPhase(TestCaseExecutor.java:418)
	at com.kms.katalon.core.main.TestCaseExecutor.accessMainPhase(TestCaseExecutor.java:410)
	at com.kms.katalon.core.main.TestCaseExecutor.execute(TestCaseExecutor.java:285)
	at com.kms.katalon.core.common.CommonExecutor.accessTestCaseMainPhase(CommonExecutor.java:65)
	at com.kms.katalon.core.main.TestSuiteExecutor.accessTestSuiteMainPhase(TestSuiteExecutor.java:148)
	at com.kms.katalon.core.main.TestSuiteExecutor.execute(TestSuiteExecutor.java:106)
	at com.kms.katalon.core.main.TestCaseMain.startTestSuite(TestCaseMain.java:187)
	at com.kms.katalon.core.main.TestCaseMain$startTestSuite$0.call(Unknown Source)
	at TempTestSuite1712892562095.run(TempTestSuite1712892562095.groovy:36)
)

2024-04-12 00:33:57 - [MESSAGE][WARNING] - Actual text 'Step 8: Review' and expected text 'Step 9: Payment' of test object 'Object Repository/Portal/Portal_Common_Label_Header' are NOT matched. (Root cause: com.kms.katalon.core.exception.StepFailedException: Actual text 'Step 8: Review' and expected text 'Step 9: Payment' of test object 'Object Repository/Portal/Portal_Common_Label_Header' are NOT matched.
	at com.kms.katalon.core.webui.keyword.internal.WebUIKeywordMain.stepFailed(WebUIKeywordMain.groovy:64)
	at com.kms.katalon.core.webui.keyword.builtin.VerifyElementTextKeyword$_verifyElementText_closure1.doCall(VerifyElementTextKeyword.groovy:57)
	at com.kms.katalon.core.webui.keyword.builtin.VerifyElementTextKeyword$_verifyElementText_closure1.call(VerifyElementTextKeyword.groovy)
	at com.kms.katalon.core.webui.keyword.internal.WebUIKeywordMain.runKeyword(WebUIKeywordMain.groovy:20)
	at com.kms.katalon.core.webui.keyword.builtin.VerifyElementTextKeyword.verifyElementText(VerifyElementTextKeyword.groovy:72)
	at com.kms.katalon.core.webui.keyword.builtin.VerifyElementTextKeyword.execute(VerifyElementTextKeyword.groovy:40)
	at com.kms.katalon.core.keyword.internal.KeywordExecutor.executeKeywordForPlatform(KeywordExecutor.groovy:74)
	at com.kms.katalon.core.webui.keyword.WebUiBuiltInKeywords.verifyElementText(WebUiBuiltInKeywords.groovy:4733)
	at com.kms.katalon.core.webui.keyword.WebUiBuiltInKeywords$verifyElementText$22.call(Unknown Source)
	at Portal_SmokeTest_INState.run(Portal_SmokeTest_INState:262)
	at com.kms.katalon.core.main.ScriptEngine.run(ScriptEngine.java:194)
	at com.kms.katalon.core.main.ScriptEngine.runScriptAsRawText(ScriptEngine.java:119)
	at com.kms.katalon.core.main.TestCaseExecutor.runScript(TestCaseExecutor.java:448)
	at com.kms.katalon.core.main.TestCaseExecutor.doExecute(TestCaseExecutor.java:439)
	at com.kms.katalon.core.main.TestCaseExecutor.processExecutionPhase(TestCaseExecutor.java:418)
	at com.kms.katalon.core.main.TestCaseExecutor.accessMainPhase(TestCaseExecutor.java:410)
	at com.kms.katalon.core.main.TestCaseExecutor.execute(TestCaseExecutor.java:285)
	at com.kms.katalon.core.common.CommonExecutor.accessTestCaseMainPhase(CommonExecutor.java:65)
	at com.kms.katalon.core.main.TestSuiteExecutor.accessTestSuiteMainPhase(TestSuiteExecutor.java:148)
	at com.kms.katalon.core.main.TestSuiteExecutor.execute(TestSuiteExecutor.java:106)
	at com.kms.katalon.core.main.TestCaseMain.startTestSuite(TestCaseMain.java:187)
	at com.kms.katalon.core.main.TestCaseMain$startTestSuite$0.call(Unknown Source)
	at TempTestSuite1712892562095.run(TempTestSuite1712892562095.groovy:36)
)
[[ATTACHMENT|C:\\Users\\LellKir\\git\\HMIC-Portal\\HMIC-Portal\\HMIC-Portal\\HMIC-Portal\\HMIC-Portal\\HMIC-Portal\\Reports\\20240411_232922\\AgencyPortal_SmokeTest_WC\\20240411_232922\\1712896437735.png]]

2024-04-12 00:33:57 - [TEST_STEP][FAILED] - mouseOver(findTestObject("Portal/Portal_Payment_DirectBill_PaymentPlan_Radio_FullPay")): Unable to move mouse over object 'Object Repository/Portal/Portal_Payment_DirectBill_PaymentPlan_Radio_FullPay' (Root cause: com.kms.katalon.core.exception.StepFailedException: Unable to move mouse over object 'Object Repository/Portal/Portal_Payment_DirectBill_PaymentPlan_Radio_FullPay'
	at com.kms.katalon.core.webui.keyword.internal.WebUIKeywordMain.stepFailed(WebUIKeywordMain.groovy:64)
	at com.kms.katalon.core.webui.keyword.internal.WebUIKeywordMain.runKeyword(WebUIKeywordMain.groovy:26)
	at com.kms.katalon.core.webui.keyword.builtin.MouseOverKeyword.mouseOver(MouseOverKeyword.groovy:66)
	at com.kms.katalon.core.webui.keyword.builtin.MouseOverKeyword.execute(MouseOverKeyword.groovy:40)
	at com.kms.katalon.core.keyword.internal.KeywordExecutor.executeKeywordForPlatform(KeywordExecutor.groovy:74)
	at com.kms.katalon.core.webui.keyword.WebUiBuiltInKeywords.mouseOver(WebUiBuiltInKeywords.groovy:806)
	at com.kms.katalon.core.webui.keyword.WebUiBuiltInKeywords$mouseOver$14.call(Unknown Source)
	at Portal_SmokeTest_INState.run(Portal_SmokeTest_INState:264)
	at com.kms.katalon.core.main.ScriptEngine.run(ScriptEngine.java:194)
	at com.kms.katalon.core.main.ScriptEngine.runScriptAsRawText(ScriptEngine.java:119)
	at com.kms.katalon.core.main.TestCaseExecutor.runScript(TestCaseExecutor.java:448)
	at com.kms.katalon.core.main.TestCaseExecutor.doExecute(TestCaseExecutor.java:439)
	at com.kms.katalon.core.main.TestCaseExecutor.processExecutionPhase(TestCaseExecutor.java:418)
	at com.kms.katalon.core.main.TestCaseExecutor.accessMainPhase(TestCaseExecutor.java:410)
	at com.kms.katalon.core.main.TestCaseExecutor.execute(TestCaseExecutor.java:285)
	at com.kms.katalon.core.common.CommonExecutor.accessTestCaseMainPhase(CommonExecutor.java:65)
	at com.kms.katalon.core.main.TestSuiteExecutor.accessTestSuiteMainPhase(TestSuiteExecutor.java:148)
	at com.kms.katalon.core.main.TestSuiteExecutor.execute(TestSuiteExecutor.java:106)
	at com.kms.katalon.core.main.TestCaseMain.startTestSuite(TestCaseMain.java:187)
	at com.kms.katalon.core.main.TestCaseMain$startTestSuite$0.call(Unknown Source)
	at TempTestSuite1712892562095.run(TempTestSuite1712892562095.groovy:36)
Caused by: com.kms.katalon.core.webui.exception.WebElementNotFoundException: Web element with id: 'Object Repository/Portal/Portal_Payment_DirectBill_PaymentPlan_Radio_FullPay' located by '//span[text()='Full Pay']' not found
	at com.kms.katalon.core.webui.common.WebUiCommonHelper.findWebElement(WebUiCommonHelper.java:1381)
	at com.kms.katalon.core.webui.keyword.internal.WebUIAbstractKeyword.findWebElement(WebUIAbstractKeyword.groovy:27)
	at com.kms.katalon.core.webui.keyword.internal.WebUIAbstractKeyword.findWebElement(WebUIAbstractKeyword.groovy:26)
	at com.kms.katalon.core.webui.keyword.builtin.MouseOverKeyword$_mouseOver_closure1.doCall(MouseOverKeyword.groovy:54)
	at com.kms.katalon.core.webui.keyword.builtin.MouseOverKeyword$_mouseOver_closure1.call(MouseOverKeyword.groovy)
	at com.kms.katalon.core.webui.keyword.internal.WebUIKeywordMain.runKeyword(WebUIKeywordMain.groovy:20)
	at com.kms.katalon.core.webui.keyword.builtin.MouseOverKeyword.mouseOver(MouseOverKeyword.groovy:66)
	at com.kms.katalon.core.webui.keyword.builtin.MouseOverKeyword.execute(MouseOverKeyword.groovy:40)
	at com.kms.katalon.core.keyword.internal.KeywordExecutor.executeKeywordForPlatform(KeywordExecutor.groovy:74)
	at com.kms.katalon.core.webui.keyword.WebUiBuiltInKeywords.mouseOver(WebUiBuiltInKeywords.groovy:806)
	at com.kms.katalon.core.webui.keyword.WebUiBuiltInKeywords$mouseOver$14.call(Unknown Source)
	at Script1689943813856.run(Script1689943813856.groovy:264)
	... 13 more
)

2024-04-12 00:34:29 - [MESSAGE][INFO] - Unable to find the element located by 'By.xpath: //span[text()='Full Pay']'. Please recheck the objects properties to make sure the desired element is located. 

2024-04-12 00:34:29 - [MESSAGE][WARNING] - [SELF-HEALING] Failed to find element with id 'Object Repository/Portal/Portal_Payment_DirectBill_PaymentPlan_Radio_FullPay'. Try using Self-healing.

2024-04-12 00:34:30 - [MESSAGE][INFO] - [SELF-HEALING] No working XPath is found.

2024-04-12 00:34:31 - [MESSAGE][INFO] - Unable to find the element located by 'By.xpath: '. Please recheck the objects properties to make sure the desired element is located. 

2024-04-12 00:34:31 - [MESSAGE][WARNING] - [SELF-HEALING] Cannot find elements when the selector is null

2024-04-12 00:34:31 - [MESSAGE][FAILED] - Unable to move mouse over object 'Object Repository/Portal/Portal_Payment_DirectBill_PaymentPlan_Radio_FullPay' (Root cause: com.kms.katalon.core.exception.StepFailedException: Unable to move mouse over object 'Object Repository/Portal/Portal_Payment_DirectBill_PaymentPlan_Radio_FullPay'
	at com.kms.katalon.core.webui.keyword.internal.WebUIKeywordMain.stepFailed(WebUIKeywordMain.groovy:64)
	at com.kms.katalon.core.webui.keyword.internal.WebUIKeywordMain.runKeyword(WebUIKeywordMain.groovy:26)
	at com.kms.katalon.core.webui.keyword.builtin.MouseOverKeyword.mouseOver(MouseOverKeyword.groovy:66)
	at com.kms.katalon.core.webui.keyword.builtin.MouseOverKeyword.execute(MouseOverKeyword.groovy:40)
	at com.kms.katalon.core.keyword.internal.KeywordExecutor.executeKeywordForPlatform(KeywordExecutor.groovy:74)
	at com.kms.katalon.core.webui.keyword.WebUiBuiltInKeywords.mouseOver(WebUiBuiltInKeywords.groovy:806)
	at com.kms.katalon.core.webui.keyword.WebUiBuiltInKeywords$mouseOver$14.call(Unknown Source)
	at Portal_SmokeTest_INState.run(Portal_SmokeTest_INState:264)
	at com.kms.katalon.core.main.ScriptEngine.run(ScriptEngine.java:194)
	at com.kms.katalon.core.main.ScriptEngine.runScriptAsRawText(ScriptEngine.java:119)
	at com.kms.katalon.core.main.TestCaseExecutor.runScript(TestCaseExecutor.java:448)
	at com.kms.katalon.core.main.TestCaseExecutor.doExecute(TestCaseExecutor.java:439)
	at com.kms.katalon.core.main.TestCaseExecutor.processExecutionPhase(TestCaseExecutor.java:418)
	at com.kms.katalon.core.main.TestCaseExecutor.accessMainPhase(TestCaseExecutor.java:410)
	at com.kms.katalon.core.main.TestCaseExecutor.execute(TestCaseExecutor.java:285)
	at com.kms.katalon.core.common.CommonExecutor.accessTestCaseMainPhase(CommonExecutor.java:65)
	at com.kms.katalon.core.main.TestSuiteExecutor.accessTestSuiteMainPhase(TestSuiteExecutor.java:148)
	at com.kms.katalon.core.main.TestSuiteExecutor.execute(TestSuiteExecutor.java:106)
	at com.kms.katalon.core.main.TestCaseMain.startTestSuite(TestCaseMain.java:187)
	at com.kms.katalon.core.main.TestCaseMain$startTestSuite$0.call(Unknown Source)
	at TempTestSuite1712892562095.run(TempTestSuite1712892562095.groovy:36)
Caused by: com.kms.katalon.core.webui.exception.WebElementNotFoundException: Web element with id: 'Object Repository/Portal/Portal_Payment_DirectBill_PaymentPlan_Radio_FullPay' located by '//span[text()='Full Pay']' not found
	at com.kms.katalon.core.webui.common.WebUiCommonHelper.findWebElement(WebUiCommonHelper.java:1381)
	at com.kms.katalon.core.webui.keyword.internal.WebUIAbstractKeyword.findWebElement(WebUIAbstractKeyword.groovy:27)
	at com.kms.katalon.core.webui.keyword.internal.WebUIAbstractKeyword.findWebElement(WebUIAbstractKeyword.groovy:26)
	at com.kms.katalon.core.webui.keyword.builtin.MouseOverKeyword$_mouseOver_closure1.doCall(MouseOverKeyword.groovy:54)
	at com.kms.katalon.core.webui.keyword.builtin.MouseOverKeyword$_mouseOver_closure1.call(MouseOverKeyword.groovy)
	at com.kms.katalon.core.webui.keyword.internal.WebUIKeywordMain.runKeyword(WebUIKeywordMain.groovy:20)
	at com.kms.katalon.core.webui.keyword.builtin.MouseOverKeyword.mouseOver(MouseOverKeyword.groovy:66)
	at com.kms.katalon.core.webui.keyword.builtin.MouseOverKeyword.execute(MouseOverKeyword.groovy:40)
	at com.kms.katalon.core.keyword.internal.KeywordExecutor.executeKeywordForPlatform(KeywordExecutor.groovy:74)
	at com.kms.katalon.core.webui.keyword.WebUiBuiltInKeywords.mouseOver(WebUiBuiltInKeywords.groovy:806)
	at com.kms.katalon.core.webui.keyword.WebUiBuiltInKeywords$mouseOver$14.call(Unknown Source)
	at Script1689943813856.run(Script1689943813856.groovy:264)
	... 13 more
)
[[ATTACHMENT|C:\\Users\\LellKir\\git\\HMIC-Portal\\HMIC-Portal\\HMIC-Portal\\HMIC-Portal\\HMIC-Portal\\HMIC-Portal\\Reports\\20240411_232922\\AgencyPortal_SmokeTest_WC\\20240411_232922\\1712896471407.png]]]]></system-out>
         <system-err><![CDATA[2024-04-12 00:21:57 - [TEST_CASE][FAILED] - Test Cases/Portal_WorkersCompensation/WC_SmokeTest_AllState/Portal_SmokeTest_INState: Test Cases/Portal_WorkersCompensation/WC_SmokeTest_AllState/Portal_SmokeTest_INState FAILED.
Reason:
com.kms.katalon.core.exception.StepFailedException: Unable to move mouse over object 'Object Repository/Portal/Portal_Payment_DirectBill_PaymentPlan_Radio_FullPay'
	at com.kms.katalon.core.webui.keyword.internal.WebUIKeywordMain.stepFailed(WebUIKeywordMain.groovy:64)
	at com.kms.katalon.core.webui.keyword.internal.WebUIKeywordMain.runKeyword(WebUIKeywordMain.groovy:26)
	at com.kms.katalon.core.webui.keyword.builtin.MouseOverKeyword.mouseOver(MouseOverKeyword.groovy:66)
	at com.kms.katalon.core.webui.keyword.builtin.MouseOverKeyword.execute(MouseOverKeyword.groovy:40)
	at com.kms.katalon.core.keyword.internal.KeywordExecutor.executeKeywordForPlatform(KeywordExecutor.groovy:74)
	at com.kms.katalon.core.webui.keyword.WebUiBuiltInKeywords.mouseOver(WebUiBuiltInKeywords.groovy:806)
	at com.kms.katalon.core.webui.keyword.WebUiBuiltInKeywords$mouseOver$14.call(Unknown Source)
	at Portal_SmokeTest_INState.run(Portal_SmokeTest_INState:264)
	at com.kms.katalon.core.main.ScriptEngine.run(ScriptEngine.java:194)
	at com.kms.katalon.core.main.ScriptEngine.runScriptAsRawText(ScriptEngine.java:119)
	at com.kms.katalon.core.main.TestCaseExecutor.runScript(TestCaseExecutor.java:448)
	at com.kms.katalon.core.main.TestCaseExecutor.doExecute(TestCaseExecutor.java:439)
	at com.kms.katalon.core.main.TestCaseExecutor.processExecutionPhase(TestCaseExecutor.java:418)
	at com.kms.katalon.core.main.TestCaseExecutor.accessMainPhase(TestCaseExecutor.java:410)
	at com.kms.katalon.core.main.TestCaseExecutor.execute(TestCaseExecutor.java:285)
	at com.kms.katalon.core.common.CommonExecutor.accessTestCaseMainPhase(CommonExecutor.java:65)
	at com.kms.katalon.core.main.TestSuiteExecutor.accessTestSuiteMainPhase(TestSuiteExecutor.java:148)
	at com.kms.katalon.core.main.TestSuiteExecutor.execute(TestSuiteExecutor.java:106)
	at com.kms.katalon.core.main.TestCaseMain.startTestSuite(TestCaseMain.java:187)
	at com.kms.katalon.core.main.TestCaseMain$startTestSuite$0.call(Unknown Source)
	at TempTestSuite1712892562095.run(TempTestSuite1712892562095.groovy:36)
Caused by: com.kms.katalon.core.webui.exception.WebElementNotFoundException: Web element with id: 'Object Repository/Portal/Portal_Payment_DirectBill_PaymentPlan_Radio_FullPay' located by '//span[text()='Full Pay']' not found
	at com.kms.katalon.core.webui.common.WebUiCommonHelper.findWebElement(WebUiCommonHelper.java:1381)
	at com.kms.katalon.core.webui.keyword.internal.WebUIAbstractKeyword.findWebElement(WebUIAbstractKeyword.groovy:27)
	at com.kms.katalon.core.webui.keyword.internal.WebUIAbstractKeyword.findWebElement(WebUIAbstractKeyword.groovy:26)
	at com.kms.katalon.core.webui.keyword.builtin.MouseOverKeyword$_mouseOver_closure1.doCall(MouseOverKeyword.groovy:54)
	at com.kms.katalon.core.webui.keyword.builtin.MouseOverKeyword$_mouseOver_closure1.call(MouseOverKeyword.groovy)
	at com.kms.katalon.core.webui.keyword.internal.WebUIKeywordMain.runKeyword(WebUIKeywordMain.groovy:20)
	... 19 more]]></system-err>
      </testcase>
      <testcase name="Test Cases/Portal_WorkersCompensation/WC_SmokeTest_AllState/Portal_SmokeTest_MIState" time="267.199" classname="Test Cases/Portal_WorkersCompensation/WC_SmokeTest_AllState/Portal_SmokeTest_MIState" status="FAILED">
         <failure type="FAILED" message="Test Cases/Portal_WorkersCompensation/WC_SmokeTest_AllState/Portal_SmokeTest_MIState FAILED.
Reason:
com.kms.katalon.core.exception.StepFailedException: Verify element text of test object 'Object Repository/Portal/Portal_Quote_Header_Quote' FAILED.
	at com.kms.katalon.core.webui.keyword.internal.WebUIKeywordMain.stepFailed(WebUIKeywordMain.groovy:64)
	at com.kms.katalon.core.webui.keyword.internal.WebUIKeywordMain.runKeyword(WebUIKeywordMain.groovy:26)
	at com.kms.katalon.core.webui.keyword.builtin.VerifyElementTextKeyword.verifyElementText(VerifyElementTextKeyword.groovy:72)
	at com.kms.katalon.core.webui.keyword.builtin.VerifyElementTextKeyword.execute(VerifyElementTextKeyword.groovy:40)
	at com.kms.katalon.core.keyword.internal.KeywordExecutor.executeKeywordForPlatform(KeywordExecutor.groovy:74)
	at com.kms.katalon.core.webui.keyword.WebUiBuiltInKeywords.verifyElementText(WebUiBuiltInKeywords.groovy:4749)
	at com.kms.katalon.core.webui.keyword.WebUiBuiltInKeywords$verifyElementText$10.call(Unknown Source)
	at Portal_SmokeTest_MIState.run(Portal_SmokeTest_MIState:165)
	at com.kms.katalon.core.main.ScriptEngine.run(ScriptEngine.java:194)
	at com.kms.katalon.core.main.ScriptEngine.runScriptAsRawText(ScriptEngine.java:119)
	at com.kms.katalon.core.main.TestCaseExecutor.runScript(TestCaseExecutor.java:448)
	at com.kms.katalon.core.main.TestCaseExecutor.doExecute(TestCaseExecutor.java:439)
	at com.kms.katalon.core.main.TestCaseExecutor.processExecutionPhase(TestCaseExecutor.java:418)
	at com.kms.katalon.core.main.TestCaseExecutor.accessMainPhase(TestCaseExecutor.java:410)
	at com.kms.katalon.core.main.TestCaseExecutor.execute(TestCaseExecutor.java:285)
	at com.kms.katalon.core.common.CommonExecutor.accessTestCaseMainPhase(CommonExecutor.java:65)
	at com.kms.katalon.core.main.TestSuiteExecutor.accessTestSuiteMainPhase(TestSuiteExecutor.java:148)
	at com.kms.katalon.core.main.TestSuiteExecutor.execute(TestSuiteExecutor.java:106)
	at com.kms.katalon.core.main.TestCaseMain.startTestSuite(TestCaseMain.java:187)
	at com.kms.katalon.core.main.TestCaseMain$startTestSuite$0.call(Unknown Source)
	at TempTestSuite1712892562095.run(TempTestSuite1712892562095.groovy:36)
Caused by: com.kms.katalon.core.exception.StepFailedException: Actual text '' and expected text 'Step 6: Quote' of test object 'Object Repository/Portal/Portal_Quote_Header_Quote' are NOT matched.
	at com.kms.katalon.core.webui.keyword.internal.WebUIKeywordMain.stepFailed(WebUIKeywordMain.groovy:64)
	at com.kms.katalon.core.webui.keyword.builtin.VerifyElementTextKeyword$_verifyElementText_closure1.doCall(VerifyElementTextKeyword.groovy:57)
	at com.kms.katalon.core.webui.keyword.builtin.VerifyElementTextKeyword$_verifyElementText_closure1.call(VerifyElementTextKeyword.groovy)
	at com.kms.katalon.core.webui.keyword.internal.WebUIKeywordMain.runKeyword(WebUIKeywordMain.groovy:20)
	... 19 more
"/>
         <system-out><![CDATA[2024-04-12 00:34:31 - [TEST_CASE][FAILED] - Test Cases/Portal_WorkersCompensation/WC_SmokeTest_AllState/Portal_SmokeTest_MIState: Test Cases/Portal_WorkersCompensation/WC_SmokeTest_AllState/Portal_SmokeTest_MIState FAILED.
Reason:
com.kms.katalon.core.exception.StepFailedException: Verify element text of test object 'Object Repository/Portal/Portal_Quote_Header_Quote' FAILED.
	at com.kms.katalon.core.webui.keyword.internal.WebUIKeywordMain.stepFailed(WebUIKeywordMain.groovy:64)
	at com.kms.katalon.core.webui.keyword.internal.WebUIKeywordMain.runKeyword(WebUIKeywordMain.groovy:26)
	at com.kms.katalon.core.webui.keyword.builtin.VerifyElementTextKeyword.verifyElementText(VerifyElementTextKeyword.groovy:72)
	at com.kms.katalon.core.webui.keyword.builtin.VerifyElementTextKeyword.execute(VerifyElementTextKeyword.groovy:40)
	at com.kms.katalon.core.keyword.internal.KeywordExecutor.executeKeywordForPlatform(KeywordExecutor.groovy:74)
	at com.kms.katalon.core.webui.keyword.WebUiBuiltInKeywords.verifyElementText(WebUiBuiltInKeywords.groovy:4749)
	at com.kms.katalon.core.webui.keyword.WebUiBuiltInKeywords$verifyElementText$10.call(Unknown Source)
	at Portal_SmokeTest_MIState.run(Portal_SmokeTest_MIState:165)
	at com.kms.katalon.core.main.ScriptEngine.run(ScriptEngine.java:194)
	at com.kms.katalon.core.main.ScriptEngine.runScriptAsRawText(ScriptEngine.java:119)
	at com.kms.katalon.core.main.TestCaseExecutor.runScript(TestCaseExecutor.java:448)
	at com.kms.katalon.core.main.TestCaseExecutor.doExecute(TestCaseExecutor.java:439)
	at com.kms.katalon.core.main.TestCaseExecutor.processExecutionPhase(TestCaseExecutor.java:418)
	at com.kms.katalon.core.main.TestCaseExecutor.accessMainPhase(TestCaseExecutor.java:410)
	at com.kms.katalon.core.main.TestCaseExecutor.execute(TestCaseExecutor.java:285)
	at com.kms.katalon.core.common.CommonExecutor.accessTestCaseMainPhase(CommonExecutor.java:65)
	at com.kms.katalon.core.main.TestSuiteExecutor.accessTestSuiteMainPhase(TestSuiteExecutor.java:148)
	at com.kms.katalon.core.main.TestSuiteExecutor.execute(TestSuiteExecutor.java:106)
	at com.kms.katalon.core.main.TestCaseMain.startTestSuite(TestCaseMain.java:187)
	at com.kms.katalon.core.main.TestCaseMain$startTestSuite$0.call(Unknown Source)
	at TempTestSuite1712892562095.run(TempTestSuite1712892562095.groovy:36)
Caused by: com.kms.katalon.core.exception.StepFailedException: Actual text '' and expected text 'Step 6: Quote' of test object 'Object Repository/Portal/Portal_Quote_Header_Quote' are NOT matched.
	at com.kms.katalon.core.webui.keyword.internal.WebUIKeywordMain.stepFailed(WebUIKeywordMain.groovy:64)
	at com.kms.katalon.core.webui.keyword.builtin.VerifyElementTextKeyword$_verifyElementText_closure1.doCall(VerifyElementTextKeyword.groovy:57)
	at com.kms.katalon.core.webui.keyword.builtin.VerifyElementTextKeyword$_verifyElementText_closure1.call(VerifyElementTextKeyword.groovy)
	at com.kms.katalon.core.webui.keyword.internal.WebUIKeywordMain.runKeyword(WebUIKeywordMain.groovy:20)
	... 19 more


2024-04-12 00:34:32 - [TEST_STEP][PASSED] - comment("Portal Smoke Test"): Portal Smoke Test

2024-04-12 00:34:32 - [MESSAGE][INFO] - Portal Smoke Test

2024-04-12 00:34:32 - [TEST_STEP][PASSED] - callTestCase(findTestCase("Portal_Pages/Portal_CommonScreens/Portal_Login"), ["Portal_Username":Portal_Username, "Portal_Password":Portal_Password], STOP_ON_FAILURE): Call Test Case 'Test Cases/Portal_Pages/Portal_CommonScreens/Portal_Login' successfully

2024-04-12 00:34:32 - [TEST_CASE][PASSED] - Test Cases/Portal_Pages/Portal_CommonScreens/Portal_Login: Test Cases/Portal_Pages/Portal_CommonScreens/Portal_Login

2024-04-12 00:34:32 - [TEST_STEP][PASSED] - openBrowser(""): Browser is opened with url: ''

2024-04-12 00:34:32 - [MESSAGE][WARNING] - A browser is already opened. Closing browser and opening a new one

2024-04-12 00:34:33 - [MESSAGE][INFO] - Starting 'Chrome' driver

2024-04-12 00:34:33 - [MESSAGE][INFO] - Action delay is set to 0 milliseconds

2024-04-12 00:34:34 - [MESSAGE][PASSED] - Browser is opened with url: ''

2024-04-12 00:34:34 - [TEST_STEP][PASSED] - deleteAllCookies(): Delete all cookies successfully

2024-04-12 00:34:34 - [MESSAGE][PASSED] - Delete all cookies successfully

2024-04-12 00:34:34 - [TEST_STEP][PASSED] - maximizeWindow(): Current window maximized

2024-04-12 00:34:34 - [MESSAGE][PASSED] - Current window maximized

2024-04-12 00:34:34 - [TEST_STEP][PASSED] - takeFullPageScreenshot(): Taking screenshot successfully

2024-04-12 00:34:35 - [MESSAGE][INFO] - 0 hidden object(s)

2024-04-12 00:34:35 - [MESSAGE][PASSED] - Taking screenshot successfully
[[ATTACHMENT|C:\\Users\\LellKir\\git\\HMIC-Portal\\HMIC-Portal\\HMIC-Portal\\HMIC-Portal\\HMIC-Portal\\HMIC-Portal\\Reports\\20240411_232922\\AgencyPortal_SmokeTest_WC\\20240411_232922\\1712896474907.png]]

2024-04-12 00:34:35 - [TEST_STEP][PASSED] - navigateToUrl(PortalURL): Navigate to 'https://agencyportal.qa1.hastingsmutual.com/Accounts' successfully

2024-04-12 00:34:46 - [MESSAGE][PASSED] - Navigate to 'https://agencyportal.qa1.hastingsmutual.com/Accounts' successfully

2024-04-12 00:34:46 - [TEST_STEP][PASSED] - waitForPageLoad(10): Wait for page load successfully

2024-04-12 00:34:46 - [MESSAGE][PASSED] - Wait for page load successfully

2024-04-12 00:34:46 - [TEST_STEP][PASSED] - takeFullPageScreenshot(): Taking screenshot successfully

2024-04-12 00:34:46 - [MESSAGE][INFO] - 0 hidden object(s)

2024-04-12 00:34:46 - [MESSAGE][PASSED] - Taking screenshot successfully
[[ATTACHMENT|C:\\Users\\LellKir\\git\\HMIC-Portal\\HMIC-Portal\\HMIC-Portal\\HMIC-Portal\\HMIC-Portal\\HMIC-Portal\\Reports\\20240411_232922\\AgencyPortal_SmokeTest_WC\\20240411_232922\\1712896486030.png]]

2024-04-12 00:34:46 - [TEST_STEP][PASSED] - click(findTestObject("Object Repository/PolicyCenter_Login/div_PC_Login_Link_ClickHereToLogin"), OPTIONAL): Unable to click on object 'Object Repository/PolicyCenter_Login/div_PC_Login_Link_ClickHereToLogin' (Root cause: com.kms.katalon.core.exception.StepFailedException: Unable to click on object 'Object Repository/PolicyCenter_Login/div_PC_Login_Link_ClickHereToLogin'
	at com.kms.katalon.core.webui.keyword.internal.WebUIKeywordMain.stepFailed(WebUIKeywordMain.groovy:64)
	at com.kms.katalon.core.webui.keyword.internal.WebUIKeywordMain.runKeyword(WebUIKeywordMain.groovy:26)
	at com.kms.katalon.core.webui.keyword.builtin.ClickKeyword.click(ClickKeyword.groovy:74)
	at com.kms.katalon.core.webui.keyword.builtin.ClickKeyword.execute(ClickKeyword.groovy:40)
	at com.kms.katalon.core.keyword.internal.KeywordExecutor.executeKeywordForPlatform(KeywordExecutor.groovy:74)
	at com.kms.katalon.core.webui.keyword.WebUiBuiltInKeywords.click(WebUiBuiltInKeywords.groovy:608)
	at com.kms.katalon.core.webui.keyword.WebUiBuiltInKeywords$click$5.call(Unknown Source)
	at Portal_Login.run(Portal_Login:34)
	at com.kms.katalon.core.main.ScriptEngine.run(ScriptEngine.java:194)
	at com.kms.katalon.core.main.ScriptEngine.runScriptAsRawText(ScriptEngine.java:119)
	at com.kms.katalon.core.main.TestCaseExecutor.runScript(TestCaseExecutor.java:448)
	at com.kms.katalon.core.main.TestCaseExecutor.doExecute(TestCaseExecutor.java:439)
	at com.kms.katalon.core.main.TestCaseExecutor.processExecutionPhase(TestCaseExecutor.java:418)
	at com.kms.katalon.core.main.TestCaseExecutor.accessMainPhase(TestCaseExecutor.java:410)
	at com.kms.katalon.core.main.TestCaseExecutor.execute(TestCaseExecutor.java:285)
	at com.kms.katalon.core.main.TestCaseMain.runTestCase(TestCaseMain.java:144)
	at com.kms.katalon.core.keyword.builtin.CallTestCaseKeyword$_callTestCase_closure1.doCall(CallTestCaseKeyword.groovy:59)
	at com.kms.katalon.core.keyword.builtin.CallTestCaseKeyword$_callTestCase_closure1.call(CallTestCaseKeyword.groovy)
	at com.kms.katalon.core.keyword.internal.KeywordMain.runKeyword(KeywordMain.groovy:75)
	at com.kms.katalon.core.keyword.builtin.CallTestCaseKeyword.callTestCase(CallTestCaseKeyword.groovy:81)
	at com.kms.katalon.core.keyword.builtin.CallTestCaseKeyword.execute(CallTestCaseKeyword.groovy:44)
	at com.kms.katalon.core.keyword.internal.KeywordExecutor.executeKeywordForPlatform(KeywordExecutor.groovy:74)
	at com.kms.katalon.core.keyword.BuiltinKeywords.callTestCase(BuiltinKeywords.groovy:310)
	at Portal_SmokeTest_MIState.run(Portal_SmokeTest_MIState:22)
	at com.kms.katalon.core.main.ScriptEngine.run(ScriptEngine.java:194)
	at com.kms.katalon.core.main.ScriptEngine.runScriptAsRawText(ScriptEngine.java:119)
	at com.kms.katalon.core.main.TestCaseExecutor.runScript(TestCaseExecutor.java:448)
	at com.kms.katalon.core.main.TestCaseExecutor.doExecute(TestCaseExecutor.java:439)
	at com.kms.katalon.core.main.TestCaseExecutor.processExecutionPhase(TestCaseExecutor.java:418)
	at com.kms.katalon.core.main.TestCaseExecutor.accessMainPhase(TestCaseExecutor.java:410)
	at com.kms.katalon.core.main.TestCaseExecutor.execute(TestCaseExecutor.java:285)
	at com.kms.katalon.core.common.CommonExecutor.accessTestCaseMainPhase(CommonExecutor.java:65)
	at com.kms.katalon.core.main.TestSuiteExecutor.accessTestSuiteMainPhase(TestSuiteExecutor.java:148)
	at com.kms.katalon.core.main.TestSuiteExecutor.execute(TestSuiteExecutor.java:106)
	at com.kms.katalon.core.main.TestCaseMain.startTestSuite(TestCaseMain.java:187)
	at com.kms.katalon.core.main.TestCaseMain$startTestSuite$0.call(Unknown Source)
	at TempTestSuite1712892562095.run(TempTestSuite1712892562095.groovy:36)
Caused by: com.kms.katalon.core.webui.exception.WebElementNotFoundException: Web element with id: 'Object Repository/PolicyCenter_Login/div_PC_Login_Link_ClickHereToLogin' located by '//div[contains(@id,'LoginDetailsInputSet-LoginLink')]' not found
	at com.kms.katalon.core.webui.common.WebUiCommonHelper.findWebElement(WebUiCommonHelper.java:1381)
	at com.kms.katalon.core.webui.keyword.internal.WebUIAbstractKeyword.findWebElement(WebUIAbstractKeyword.groovy:27)
	at com.kms.katalon.core.webui.keyword.builtin.ClickKeyword$_click_closure1.doCall(ClickKeyword.groovy:65)
	at com.kms.katalon.core.webui.keyword.builtin.ClickKeyword$_click_closure1.call(ClickKeyword.groovy)
	at com.kms.katalon.core.webui.keyword.internal.WebUIKeywordMain.runKeyword(WebUIKeywordMain.groovy:20)
	at com.kms.katalon.core.webui.keyword.builtin.ClickKeyword.click(ClickKeyword.groovy:74)
	at com.kms.katalon.core.webui.keyword.builtin.ClickKeyword.execute(ClickKeyword.groovy:40)
	at com.kms.katalon.core.keyword.internal.KeywordExecutor.executeKeywordForPlatform(KeywordExecutor.groovy:74)
	at com.kms.katalon.core.webui.keyword.WebUiBuiltInKeywords.click(WebUiBuiltInKeywords.groovy:608)
	at com.kms.katalon.core.webui.keyword.WebUiBuiltInKeywords$click$5.call(Unknown Source)
	at Script1683558008637.run(Script1683558008637.groovy:34)
	at com.kms.katalon.core.main.ScriptEngine.run(ScriptEngine.java:194)
	at com.kms.katalon.core.main.ScriptEngine.runScriptAsRawText(ScriptEngine.java:119)
	at com.kms.katalon.core.main.TestCaseExecutor.runScript(TestCaseExecutor.java:448)
	at com.kms.katalon.core.main.TestCaseExecutor.doExecute(TestCaseExecutor.java:439)
	at com.kms.katalon.core.main.TestCaseExecutor.processExecutionPhase(TestCaseExecutor.java:418)
	at com.kms.katalon.core.main.TestCaseExecutor.accessMainPhase(TestCaseExecutor.java:410)
	at com.kms.katalon.core.main.TestCaseExecutor.execute(TestCaseExecutor.java:285)
	at com.kms.katalon.core.main.TestCaseMain.runTestCase(TestCaseMain.java:144)
	at com.kms.katalon.core.keyword.builtin.CallTestCaseKeyword$_callTestCase_closure1.doCall(CallTestCaseKeyword.groovy:59)
	at com.kms.katalon.core.keyword.builtin.CallTestCaseKeyword$_callTestCase_closure1.call(CallTestCaseKeyword.groovy)
	at com.kms.katalon.core.keyword.internal.KeywordMain.runKeyword(KeywordMain.groovy:75)
	at com.kms.katalon.core.keyword.builtin.CallTestCaseKeyword.callTestCase(CallTestCaseKeyword.groovy:81)
	at com.kms.katalon.core.keyword.builtin.CallTestCaseKeyword.execute(CallTestCaseKeyword.groovy:44)
	at com.kms.katalon.core.keyword.internal.KeywordExecutor.executeKeywordForPlatform(KeywordExecutor.groovy:74)
	at com.kms.katalon.core.keyword.BuiltinKeywords.callTestCase(BuiltinKeywords.groovy:310)
	at Script1689766602850.run(Script1689766602850.groovy:22)
	... 13 more
)

2024-04-12 00:35:17 - [MESSAGE][INFO] - Unable to find the element located by 'By.xpath: //div[contains(@id,'LoginDetailsInputSet-LoginLink')]'. Please recheck the objects properties to make sure the desired element is located. 

2024-04-12 00:35:17 - [MESSAGE][WARNING] - [SELF-HEALING] Failed to find element with id 'Object Repository/PolicyCenter_Login/div_PC_Login_Link_ClickHereToLogin'. Try using Self-healing.

2024-04-12 00:35:18 - [MESSAGE][INFO] - [SELF-HEALING] No working XPath is found.

2024-04-12 00:35:20 - [MESSAGE][INFO] - Unable to find the element located by 'By.xpath: '. Please recheck the objects properties to make sure the desired element is located. 

2024-04-12 00:35:20 - [MESSAGE][WARNING] - [SELF-HEALING] Cannot find elements when the selector is null

2024-04-12 00:35:20 - [MESSAGE][WARNING] - Unable to click on object 'Object Repository/PolicyCenter_Login/div_PC_Login_Link_ClickHereToLogin' (Root cause: com.kms.katalon.core.exception.StepFailedException: Unable to click on object 'Object Repository/PolicyCenter_Login/div_PC_Login_Link_ClickHereToLogin'
	at com.kms.katalon.core.webui.keyword.internal.WebUIKeywordMain.stepFailed(WebUIKeywordMain.groovy:64)
	at com.kms.katalon.core.webui.keyword.internal.WebUIKeywordMain.runKeyword(WebUIKeywordMain.groovy:26)
	at com.kms.katalon.core.webui.keyword.builtin.ClickKeyword.click(ClickKeyword.groovy:74)
	at com.kms.katalon.core.webui.keyword.builtin.ClickKeyword.execute(ClickKeyword.groovy:40)
	at com.kms.katalon.core.keyword.internal.KeywordExecutor.executeKeywordForPlatform(KeywordExecutor.groovy:74)
	at com.kms.katalon.core.webui.keyword.WebUiBuiltInKeywords.click(WebUiBuiltInKeywords.groovy:608)
	at com.kms.katalon.core.webui.keyword.WebUiBuiltInKeywords$click$5.call(Unknown Source)
	at Portal_Login.run(Portal_Login:34)
	at com.kms.katalon.core.main.ScriptEngine.run(ScriptEngine.java:194)
	at com.kms.katalon.core.main.ScriptEngine.runScriptAsRawText(ScriptEngine.java:119)
	at com.kms.katalon.core.main.TestCaseExecutor.runScript(TestCaseExecutor.java:448)
	at com.kms.katalon.core.main.TestCaseExecutor.doExecute(TestCaseExecutor.java:439)
	at com.kms.katalon.core.main.TestCaseExecutor.processExecutionPhase(TestCaseExecutor.java:418)
	at com.kms.katalon.core.main.TestCaseExecutor.accessMainPhase(TestCaseExecutor.java:410)
	at com.kms.katalon.core.main.TestCaseExecutor.execute(TestCaseExecutor.java:285)
	at com.kms.katalon.core.main.TestCaseMain.runTestCase(TestCaseMain.java:144)
	at com.kms.katalon.core.keyword.builtin.CallTestCaseKeyword$_callTestCase_closure1.doCall(CallTestCaseKeyword.groovy:59)
	at com.kms.katalon.core.keyword.builtin.CallTestCaseKeyword$_callTestCase_closure1.call(CallTestCaseKeyword.groovy)
	at com.kms.katalon.core.keyword.internal.KeywordMain.runKeyword(KeywordMain.groovy:75)
	at com.kms.katalon.core.keyword.builtin.CallTestCaseKeyword.callTestCase(CallTestCaseKeyword.groovy:81)
	at com.kms.katalon.core.keyword.builtin.CallTestCaseKeyword.execute(CallTestCaseKeyword.groovy:44)
	at com.kms.katalon.core.keyword.internal.KeywordExecutor.executeKeywordForPlatform(KeywordExecutor.groovy:74)
	at com.kms.katalon.core.keyword.BuiltinKeywords.callTestCase(BuiltinKeywords.groovy:310)
	at Portal_SmokeTest_MIState.run(Portal_SmokeTest_MIState:22)
	at com.kms.katalon.core.main.ScriptEngine.run(ScriptEngine.java:194)
	at com.kms.katalon.core.main.ScriptEngine.runScriptAsRawText(ScriptEngine.java:119)
	at com.kms.katalon.core.main.TestCaseExecutor.runScript(TestCaseExecutor.java:448)
	at com.kms.katalon.core.main.TestCaseExecutor.doExecute(TestCaseExecutor.java:439)
	at com.kms.katalon.core.main.TestCaseExecutor.processExecutionPhase(TestCaseExecutor.java:418)
	at com.kms.katalon.core.main.TestCaseExecutor.accessMainPhase(TestCaseExecutor.java:410)
	at com.kms.katalon.core.main.TestCaseExecutor.execute(TestCaseExecutor.java:285)
	at com.kms.katalon.core.common.CommonExecutor.accessTestCaseMainPhase(CommonExecutor.java:65)
	at com.kms.katalon.core.main.TestSuiteExecutor.accessTestSuiteMainPhase(TestSuiteExecutor.java:148)
	at com.kms.katalon.core.main.TestSuiteExecutor.execute(TestSuiteExecutor.java:106)
	at com.kms.katalon.core.main.TestCaseMain.startTestSuite(TestCaseMain.java:187)
	at com.kms.katalon.core.main.TestCaseMain$startTestSuite$0.call(Unknown Source)
	at TempTestSuite1712892562095.run(TempTestSuite1712892562095.groovy:36)
Caused by: com.kms.katalon.core.webui.exception.WebElementNotFoundException: Web element with id: 'Object Repository/PolicyCenter_Login/div_PC_Login_Link_ClickHereToLogin' located by '//div[contains(@id,'LoginDetailsInputSet-LoginLink')]' not found
	at com.kms.katalon.core.webui.common.WebUiCommonHelper.findWebElement(WebUiCommonHelper.java:1381)
	at com.kms.katalon.core.webui.keyword.internal.WebUIAbstractKeyword.findWebElement(WebUIAbstractKeyword.groovy:27)
	at com.kms.katalon.core.webui.keyword.builtin.ClickKeyword$_click_closure1.doCall(ClickKeyword.groovy:65)
	at com.kms.katalon.core.webui.keyword.builtin.ClickKeyword$_click_closure1.call(ClickKeyword.groovy)
	at com.kms.katalon.core.webui.keyword.internal.WebUIKeywordMain.runKeyword(WebUIKeywordMain.groovy:20)
	at com.kms.katalon.core.webui.keyword.builtin.ClickKeyword.click(ClickKeyword.groovy:74)
	at com.kms.katalon.core.webui.keyword.builtin.ClickKeyword.execute(ClickKeyword.groovy:40)
	at com.kms.katalon.core.keyword.internal.KeywordExecutor.executeKeywordForPlatform(KeywordExecutor.groovy:74)
	at com.kms.katalon.core.webui.keyword.WebUiBuiltInKeywords.click(WebUiBuiltInKeywords.groovy:608)
	at com.kms.katalon.core.webui.keyword.WebUiBuiltInKeywords$click$5.call(Unknown Source)
	at Script1683558008637.run(Script1683558008637.groovy:34)
	at com.kms.katalon.core.main.ScriptEngine.run(ScriptEngine.java:194)
	at com.kms.katalon.core.main.ScriptEngine.runScriptAsRawText(ScriptEngine.java:119)
	at com.kms.katalon.core.main.TestCaseExecutor.runScript(TestCaseExecutor.java:448)
	at com.kms.katalon.core.main.TestCaseExecutor.doExecute(TestCaseExecutor.java:439)
	at com.kms.katalon.core.main.TestCaseExecutor.processExecutionPhase(TestCaseExecutor.java:418)
	at com.kms.katalon.core.main.TestCaseExecutor.accessMainPhase(TestCaseExecutor.java:410)
	at com.kms.katalon.core.main.TestCaseExecutor.execute(TestCaseExecutor.java:285)
	at com.kms.katalon.core.main.TestCaseMain.runTestCase(TestCaseMain.java:144)
	at com.kms.katalon.core.keyword.builtin.CallTestCaseKeyword$_callTestCase_closure1.doCall(CallTestCaseKeyword.groovy:59)
	at com.kms.katalon.core.keyword.builtin.CallTestCaseKeyword$_callTestCase_closure1.call(CallTestCaseKeyword.groovy)
	at com.kms.katalon.core.keyword.internal.KeywordMain.runKeyword(KeywordMain.groovy:75)
	at com.kms.katalon.core.keyword.builtin.CallTestCaseKeyword.callTestCase(CallTestCaseKeyword.groovy:81)
	at com.kms.katalon.core.keyword.builtin.CallTestCaseKeyword.execute(CallTestCaseKeyword.groovy:44)
	at com.kms.katalon.core.keyword.internal.KeywordExecutor.executeKeywordForPlatform(KeywordExecutor.groovy:74)
	at com.kms.katalon.core.keyword.BuiltinKeywords.callTestCase(BuiltinKeywords.groovy:310)
	at Script1689766602850.run(Script1689766602850.groovy:22)
	... 13 more
)
[[ATTACHMENT|C:\\Users\\LellKir\\git\\HMIC-Portal\\HMIC-Portal\\HMIC-Portal\\HMIC-Portal\\HMIC-Portal\\HMIC-Portal\\Reports\\20240411_232922\\AgencyPortal_SmokeTest_WC\\20240411_232922\\1712896520211.png]]

2024-04-12 00:35:20 - [TEST_STEP][PASSED] - setText(findTestObject("Object Repository/PolicyCenter_Login/input_PC_Login_TextBox_UserName"), Portal_Username): Text 'adminuser2059' is set on object 'Object Repository/PolicyCenter_Login/input_PC_Login_TextBox_UserName'

2024-04-12 00:35:21 - [MESSAGE][PASSED] - Text 'adminuser2059' is set on object 'Object Repository/PolicyCenter_Login/input_PC_Login_TextBox_UserName'

2024-04-12 00:35:21 - [TEST_STEP][PASSED] - setText(findTestObject("Object Repository/PolicyCenter_Login/input_PC_Login_TextBox_Password"), Portal_Password): Text 'Hmic1234' is set on object 'Object Repository/PolicyCenter_Login/input_PC_Login_TextBox_Password'

2024-04-12 00:35:22 - [MESSAGE][PASSED] - Text 'Hmic1234' is set on object 'Object Repository/PolicyCenter_Login/input_PC_Login_TextBox_Password'

2024-04-12 00:35:22 - [TEST_STEP][PASSED] - takeFullPageScreenshot(): Taking screenshot successfully

2024-04-12 00:35:22 - [MESSAGE][INFO] - 0 hidden object(s)

2024-04-12 00:35:22 - [MESSAGE][PASSED] - Taking screenshot successfully
[[ATTACHMENT|C:\\Users\\LellKir\\git\\HMIC-Portal\\HMIC-Portal\\HMIC-Portal\\HMIC-Portal\\HMIC-Portal\\HMIC-Portal\\Reports\\20240411_232922\\AgencyPortal_SmokeTest_WC\\20240411_232922\\1712896522039.png]]

2024-04-12 00:35:22 - [TEST_STEP][PASSED] - waitForElementVisible(findTestObject("PolicyCenter_Login/input_PC_Login_Button_Login"), 20): Object 'Object Repository/PolicyCenter_Login/input_PC_Login_Button_Login' is visible

2024-04-12 00:35:23 - [MESSAGE][PASSED] - Object 'Object Repository/PolicyCenter_Login/input_PC_Login_Button_Login' is visible

2024-04-12 00:35:23 - [TEST_STEP][PASSED] - click(findTestObject("Object Repository/PolicyCenter_Login/input_PC_Login_Button_Login")): Object: 'Object Repository/PolicyCenter_Login/input_PC_Login_Button_Login' is clicked on

2024-04-12 00:35:23 - [MESSAGE][PASSED] - Object: 'Object Repository/PolicyCenter_Login/input_PC_Login_Button_Login' is clicked on

2024-04-12 00:35:23 - [TEST_STEP][PASSED] - takeFullPageScreenshot(): Taking screenshot successfully

2024-04-12 00:35:25 - [MESSAGE][INFO] - 0 hidden object(s)

2024-04-12 00:35:26 - [MESSAGE][PASSED] - Taking screenshot successfully
[[ATTACHMENT|C:\\Users\\LellKir\\git\\HMIC-Portal\\HMIC-Portal\\HMIC-Portal\\HMIC-Portal\\HMIC-Portal\\HMIC-Portal\\Reports\\20240411_232922\\AgencyPortal_SmokeTest_WC\\20240411_232922\\1712896523724.png]]

2024-04-12 00:35:26 - [TEST_STEP][PASSED] - waitForElementVisible(findTestObject("Portal/Portal_Common_Header_SearchForAccOrPol"), 30): Object 'Object Repository/Portal/Portal_Common_Header_SearchForAccOrPol' is visible

2024-04-12 00:35:26 - [MESSAGE][PASSED] - Object 'Object Repository/Portal/Portal_Common_Header_SearchForAccOrPol' is visible

2024-04-12 00:35:26 - [TEST_STEP][PASSED] - verifyElementVisible(findTestObject("Portal/Portal_Common_Header_SearchForAccOrPol")): Object 'Object Repository/Portal/Portal_Common_Header_SearchForAccOrPol' is visible

2024-04-12 00:35:27 - [MESSAGE][PASSED] - Object 'Object Repository/Portal/Portal_Common_Header_SearchForAccOrPol' is visible

2024-04-12 00:35:27 - [TEST_STEP][PASSED] - takeFullPageScreenshot(): Taking screenshot successfully

2024-04-12 00:35:27 - [MESSAGE][INFO] - 0 hidden object(s)

2024-04-12 00:35:28 - [MESSAGE][PASSED] - Taking screenshot successfully
[[ATTACHMENT|C:\\Users\\LellKir\\git\\HMIC-Portal\\HMIC-Portal\\HMIC-Portal\\HMIC-Portal\\HMIC-Portal\\HMIC-Portal\\Reports\\20240411_232922\\AgencyPortal_SmokeTest_WC\\20240411_232922\\1712896527421.png]]

2024-04-12 00:35:28 - [MESSAGE][PASSED] - Call Test Case 'Test Cases/Portal_Pages/Portal_CommonScreens/Portal_Login' successfully

2024-04-12 00:35:28 - [TEST_STEP][PASSED] - click(findTestObject("Object Repository/Portal/Portal_Common_Tab_Quote")): Object: 'Object Repository/Portal/Portal_Common_Tab_Quote' is clicked on

2024-04-12 00:35:34 - [MESSAGE][PASSED] - Object: 'Object Repository/Portal/Portal_Common_Tab_Quote' is clicked on

2024-04-12 00:35:34 - [TEST_STEP][PASSED] - comment("User is able to Initiate the quote successfully"): User is able to Initiate the quote successfully

2024-04-12 00:35:34 - [MESSAGE][INFO] - User is able to Initiate the quote successfully

2024-04-12 00:35:34 - [TEST_STEP][PASSED] - verifyElementText(findTestObject("Object Repository/Portal/Portal_Quote_Header_NewBusinessDashboard"), "New Business Dashboard"): Actual text and expected text of test object 'Object Repository/Portal/Portal_Quote_Header_NewBusinessDashboard' are matched.

2024-04-12 00:36:04 - [MESSAGE][PASSED] - Actual text and expected text of test object 'Object Repository/Portal/Portal_Quote_Header_NewBusinessDashboard' are matched.

2024-04-12 00:36:04 - [TEST_STEP][PASSED] - click(findTestObject("Object Repository/Portal/Portal_Quote_Title_StartANewBusiness")): Object: 'Object Repository/Portal/Portal_Quote_Title_StartANewBusiness' is clicked on

2024-04-12 00:36:31 - [MESSAGE][PASSED] - Object: 'Object Repository/Portal/Portal_Quote_Title_StartANewBusiness' is clicked on

2024-04-12 00:36:31 - [TEST_STEP][PASSED] - click(findTestObject("Object Repository/Portal/Portal_Quote_Dropdown_SelectLineOfBusiness")): Object: 'Object Repository/Portal/Portal_Quote_Dropdown_SelectLineOfBusiness' is clicked on

2024-04-12 00:36:32 - [MESSAGE][PASSED] - Object: 'Object Repository/Portal/Portal_Quote_Dropdown_SelectLineOfBusiness' is clicked on

2024-04-12 00:36:32 - [TEST_STEP][PASSED] - click(findTestObject("Object Repository/Portal/Portal_LOB_TypeList_WorkersComp")): Object: 'Object Repository/Portal/Portal_LOB_TypeList_WorkersComp' is clicked on

2024-04-12 00:36:32 - [MESSAGE][PASSED] - Object: 'Object Repository/Portal/Portal_LOB_TypeList_WorkersComp' is clicked on

2024-04-12 00:36:32 - [TEST_STEP][PASSED] - click(findTestObject("Object Repository/Portal/Portal_Common_Button_Next")): Object: 'Object Repository/Portal/Portal_Common_Button_Next' is clicked on

2024-04-12 00:36:34 - [MESSAGE][PASSED] - Object: 'Object Repository/Portal/Portal_Common_Button_Next' is clicked on

2024-04-12 00:36:34 - [TEST_STEP][PASSED] - verifyElementText(findTestObject("Object Repository/Portal/Portal_PreQual_Title_PreQualification"), "Pre-Qualification"): Actual text and expected text of test object 'Object Repository/Portal/Portal_PreQual_Title_PreQualification' are matched.

2024-04-12 00:36:36 - [MESSAGE][PASSED] - Actual text and expected text of test object 'Object Repository/Portal/Portal_PreQual_Title_PreQualification' are matched.

2024-04-12 00:36:36 - [TEST_STEP][PASSED] - comment("Prequalification statement should be displayed."): Prequalification statement should be displayed.

2024-04-12 00:36:36 - [MESSAGE][INFO] - Prequalification statement should be displayed.

2024-04-12 00:36:36 - [TEST_STEP][PASSED] - click(findTestObject("Object Repository/Portal/Portal_PreQual_CheckBox_RiskDoesNotHaveAny")): Object: 'Object Repository/Portal/Portal_PreQual_CheckBox_RiskDoesNotHaveAny' is clicked on

2024-04-12 00:36:36 - [MESSAGE][PASSED] - Object: 'Object Repository/Portal/Portal_PreQual_CheckBox_RiskDoesNotHaveAny' is clicked on

2024-04-12 00:36:36 - [TEST_STEP][PASSED] - click(findTestObject("Object Repository/Portal/Portal_PreQual_Button_Agree")): Object: 'Object Repository/Portal/Portal_PreQual_Button_Agree' is clicked on

2024-04-12 00:36:37 - [MESSAGE][PASSED] - Object: 'Object Repository/Portal/Portal_PreQual_Button_Agree' is clicked on

2024-04-12 00:36:37 - [TEST_STEP][PASSED] - waitForElementHasAttribute(findTestObject("Object Repository/Portal/Portal_AccInfo_Header_AccInfo"), "Step 1: Account Information", 10): Object 'Object Repository/Portal/Portal_AccInfo_Header_AccInfo' does not have attribute 'Step 1: Account Information'

2024-04-12 00:36:48 - [MESSAGE][WARNING] - Object 'Object Repository/Portal/Portal_AccInfo_Header_AccInfo' does not have attribute 'Step 1: Account Information'

2024-04-12 00:36:48 - [TEST_STEP][PASSED] - verifyElementText(findTestObject("Object Repository/Portal/Portal_AccInfo_Header_AccInfo"), "Step 1: Account Information"): Actual text and expected text of test object 'Object Repository/Portal/Portal_AccInfo_Header_AccInfo' are matched.

2024-04-12 00:36:49 - [MESSAGE][PASSED] - Actual text and expected text of test object 'Object Repository/Portal/Portal_AccInfo_Header_AccInfo' are matched.

2024-04-12 00:36:49 - [TEST_STEP][PASSED] - comment("User successfully navigated to Account Information screen"): User successfully navigated to Account Information screen

2024-04-12 00:36:49 - [MESSAGE][INFO] - User successfully navigated to Account Information screen

2024-04-12 00:36:49 - [TEST_STEP][PASSED] - click(findTestObject("Object Repository/Portal/Portal_AccInfo_Dropdown_SearchOrQuoteFor")): Object: 'Object Repository/Portal/Portal_AccInfo_Dropdown_SearchOrQuoteFor' is clicked on

2024-04-12 00:36:49 - [MESSAGE][PASSED] - Object: 'Object Repository/Portal/Portal_AccInfo_Dropdown_SearchOrQuoteFor' is clicked on

2024-04-12 00:36:49 - [TEST_STEP][PASSED] - click(findTestObject("Object Repository/Portal/Portal_AccInfo_TypeList_Individual")): Object: 'Object Repository/Portal/Portal_AccInfo_TypeList_Individual' is clicked on

2024-04-12 00:36:50 - [MESSAGE][PASSED] - Object: 'Object Repository/Portal/Portal_AccInfo_TypeList_Individual' is clicked on

2024-04-12 00:36:50 - [TEST_STEP][PASSED] - setText(findTestObject("Object Repository/Portal/Portal_AccInfo_TextBox_FirstName"), "Auto_FirstName"): Text 'Auto_FirstName' is set on object 'Object Repository/Portal/Portal_AccInfo_TextBox_FirstName'

2024-04-12 00:36:51 - [MESSAGE][PASSED] - Text 'Auto_FirstName' is set on object 'Object Repository/Portal/Portal_AccInfo_TextBox_FirstName'

2024-04-12 00:36:51 - [TEST_STEP][PASSED] - setText(findTestObject("Object Repository/Portal/Portal_AccInfo_TextBox_LastName"), "LastName" + RandomStringUtils.randomAlphabetic(5)): Text 'LastNameIaTOc' is set on object 'Object Repository/Portal/Portal_AccInfo_TextBox_LastName'

2024-04-12 00:36:51 - [MESSAGE][PASSED] - Text 'LastNameIaTOc' is set on object 'Object Repository/Portal/Portal_AccInfo_TextBox_LastName'

2024-04-12 00:36:51 - [TEST_STEP][PASSED] - setText(findTestObject("Object Repository/Portal/Portal_AccInfo_TextBox_ZipCode"), "49058"): Text '49058' is set on object 'Object Repository/Portal/Portal_AccInfo_TextBox_ZipCode'

2024-04-12 00:36:52 - [MESSAGE][PASSED] - Text '49058' is set on object 'Object Repository/Portal/Portal_AccInfo_TextBox_ZipCode'

2024-04-12 00:36:52 - [TEST_STEP][PASSED] - click(findTestObject("Object Repository/Portal/Portal_AccInfo_Button_CreateNewAcc")): Object: 'Object Repository/Portal/Portal_AccInfo_Button_CreateNewAcc' is clicked on

2024-04-12 00:36:53 - [MESSAGE][PASSED] - Object: 'Object Repository/Portal/Portal_AccInfo_Button_CreateNewAcc' is clicked on

2024-04-12 00:36:53 - [TEST_STEP][PASSED] - verifyElementText(findTestObject("Object Repository/Portal/Portal_AccInfo_SubTitle_AddNewAcc"), "Add a New Account"): Actual text and expected text of test object 'Object Repository/Portal/Portal_AccInfo_SubTitle_AddNewAcc' are matched.

2024-04-12 00:36:54 - [MESSAGE][PASSED] - Actual text and expected text of test object 'Object Repository/Portal/Portal_AccInfo_SubTitle_AddNewAcc' are matched.

2024-04-12 00:36:54 - [TEST_STEP][PASSED] - mouseOver(findTestObject("Object Repository/Portal/Portal_AccountInfo_Dropdown_ProducerCode"), STOP_ON_FAILURE): Object: 'Object Repository/Portal/Portal_AccountInfo_Dropdown_ProducerCode' is hovered

2024-04-12 00:36:55 - [MESSAGE][PASSED] - Object: 'Object Repository/Portal/Portal_AccountInfo_Dropdown_ProducerCode' is hovered

2024-04-12 00:36:55 - [TEST_STEP][PASSED] - setText(findTestObject("Object Repository/Portal/Portal_AccInfo_TextBox_Address"), "1618 W M 43 Hwy"): Text '1618 W M 43 Hwy' is set on object 'Object Repository/Portal/Portal_AccInfo_TextBox_Address'

2024-04-12 00:36:55 - [MESSAGE][PASSED] - Text '1618 W M 43 Hwy' is set on object 'Object Repository/Portal/Portal_AccInfo_TextBox_Address'

2024-04-12 00:36:55 - [TEST_STEP][PASSED] - sendKeys(findTestObject("Object Repository/Portal/Portal_AccInfo_TextBox_Address"), Keys.chord(SPACE)): Keys 'SPACE + ' sent to object: 'Object Repository/Portal/Portal_AccInfo_TextBox_Address'

2024-04-12 00:36:56 - [MESSAGE][PASSED] - Keys 'SPACE + ' sent to object: 'Object Repository/Portal/Portal_AccInfo_TextBox_Address'

2024-04-12 00:36:56 - [TEST_STEP][PASSED] - click(findTestObject("Object Repository/Portal/Portal_AccInfo_TypeList_1stAddress"), OPTIONAL): Object: 'Object Repository/Portal/Portal_AccInfo_TypeList_1stAddress' is clicked on

2024-04-12 00:36:57 - [MESSAGE][PASSED] - Object: 'Object Repository/Portal/Portal_AccInfo_TypeList_1stAddress' is clicked on

2024-04-12 00:36:57 - [TEST_STEP][PASSED] - waitForPageLoad(10): Wait for page load successfully

2024-04-12 00:36:57 - [MESSAGE][PASSED] - Wait for page load successfully

2024-04-12 00:36:57 - [TEST_STEP][PASSED] - mouseOver(findTestObject("Object Repository/Portal/Portal_AccountInfo_Dropdown_ProducerCode")): Object: 'Object Repository/Portal/Portal_AccountInfo_Dropdown_ProducerCode' is hovered

2024-04-12 00:36:58 - [MESSAGE][PASSED] - Object: 'Object Repository/Portal/Portal_AccountInfo_Dropdown_ProducerCode' is hovered

2024-04-12 00:36:58 - [TEST_STEP][PASSED] - click(findTestObject("Object Repository/Portal/Portal_AccountInfo_Dropdown_ProducerCode")): Object: 'Object Repository/Portal/Portal_AccountInfo_Dropdown_ProducerCode' is clicked on

2024-04-12 00:36:58 - [MESSAGE][PASSED] - Object: 'Object Repository/Portal/Portal_AccountInfo_Dropdown_ProducerCode' is clicked on

2024-04-12 00:36:58 - [TEST_STEP][PASSED] - mouseOver(findTestObject("Object Repository/Portal/Portal_AccInfo_TypeList_2059HouseCode")): Object: 'Object Repository/Portal/Portal_AccInfo_TypeList_2059HouseCode' is hovered

2024-04-12 00:36:59 - [MESSAGE][PASSED] - Object: 'Object Repository/Portal/Portal_AccInfo_TypeList_2059HouseCode' is hovered

2024-04-12 00:36:59 - [TEST_STEP][PASSED] - click(findTestObject("Object Repository/Portal/Portal_AccInfo_TypeList_2059HouseCode")): Object: 'Object Repository/Portal/Portal_AccInfo_TypeList_2059HouseCode' is clicked on

2024-04-12 00:37:00 - [MESSAGE][PASSED] - Object: 'Object Repository/Portal/Portal_AccInfo_TypeList_2059HouseCode' is clicked on

2024-04-12 00:37:00 - [TEST_STEP][PASSED] - click(findTestObject("Object Repository/Portal/Portal_AccInfo_Button_AddAccount")): Object: 'Object Repository/Portal/Portal_AccInfo_Button_AddAccount' is clicked on

2024-04-12 00:37:00 - [MESSAGE][PASSED] - Object: 'Object Repository/Portal/Portal_AccInfo_Button_AddAccount' is clicked on

2024-04-12 00:37:00 - [TEST_STEP][PASSED] - click(findTestObject("Object Repository/Portal/Portal_StandardizeAddress_Button_Continue")): Object: 'Object Repository/Portal/Portal_StandardizeAddress_Button_Continue' is clicked on

2024-04-12 00:37:01 - [MESSAGE][PASSED] - Object: 'Object Repository/Portal/Portal_StandardizeAddress_Button_Continue' is clicked on

2024-04-12 00:37:01 - [TEST_STEP][PASSED] - AccountNumber = getText(findTestObject("Portal/Portal_NewAccountCreated_Label_AccountNum")): Text of object 'Object Repository/Portal/Portal_NewAccountCreated_Label_AccountNum' is: 'AC00541569'

2024-04-12 00:37:02 - [MESSAGE][PASSED] - Text of object 'Object Repository/Portal/Portal_NewAccountCreated_Label_AccountNum' is: 'AC00541569'

2024-04-12 00:37:02 - [TEST_STEP][PASSED] - comment(AccountNumber): AC00541569

2024-04-12 00:37:02 - [MESSAGE][INFO] - AC00541569

2024-04-12 00:37:02 - [TEST_STEP][PASSED] - println(AccountNumber): null

2024-04-12 00:37:02 - [TEST_STEP][PASSED] - click(findTestObject("Portal/Portal_NewAccountCreated_Button_Continue")): Object: 'Object Repository/Portal/Portal_NewAccountCreated_Button_Continue' is clicked on

2024-04-12 00:37:03 - [MESSAGE][PASSED] - Object: 'Object Repository/Portal/Portal_NewAccountCreated_Button_Continue' is clicked on

2024-04-12 00:37:03 - [TEST_STEP][PASSED] - click(findTestObject("Object Repository/Portal/Portal_PolicyDetails_Dropdown_OrgType")): Object: 'Object Repository/Portal/Portal_PolicyDetails_Dropdown_OrgType' is clicked on

2024-04-12 00:37:06 - [MESSAGE][PASSED] - Object: 'Object Repository/Portal/Portal_PolicyDetails_Dropdown_OrgType' is clicked on

2024-04-12 00:37:06 - [TEST_STEP][PASSED] - click(findTestObject("Object Repository/Portal/Portal_PolDetails_OrgType_TypeList_Individual")): Object: 'Object Repository/Portal/Portal_PolDetails_OrgType_TypeList_Individual' is clicked on

2024-04-12 00:37:06 - [MESSAGE][PASSED] - Object: 'Object Repository/Portal/Portal_PolDetails_OrgType_TypeList_Individual' is clicked on

2024-04-12 00:37:06 - [TEST_STEP][PASSED] - mouseOver(findTestObject("Object Repository/Portal/Portal_PolDetails_TextBox_SSN"), STOP_ON_FAILURE): Object: 'Object Repository/Portal/Portal_PolDetails_TextBox_SSN' is hovered

2024-04-12 00:37:07 - [MESSAGE][PASSED] - Object: 'Object Repository/Portal/Portal_PolDetails_TextBox_SSN' is hovered

2024-04-12 00:37:07 - [TEST_STEP][PASSED] - click(findTestObject("Object Repository/Portal/Portal_PolDetails_TextBox_SSN"), STOP_ON_FAILURE): Object: 'Object Repository/Portal/Portal_PolDetails_TextBox_SSN' is clicked on

2024-04-12 00:37:08 - [MESSAGE][PASSED] - Object: 'Object Repository/Portal/Portal_PolDetails_TextBox_SSN' is clicked on

2024-04-12 00:37:08 - [TEST_STEP][PASSED] - sendKeys(findTestObject("Object Repository/Portal/Portal_PolDetails_TextBox_SSN"), Keys.chord("123456789")): Keys '123456789' sent to object: 'Object Repository/Portal/Portal_PolDetails_TextBox_SSN'

2024-04-12 00:37:08 - [MESSAGE][PASSED] - Keys '123456789' sent to object: 'Object Repository/Portal/Portal_PolDetails_TextBox_SSN'

2024-04-12 00:37:08 - [TEST_STEP][PASSED] - click(findTestObject("Object Repository/Portal/Portal_PolicyDetails_Button_Save")): Object: 'Object Repository/Portal/Portal_PolicyDetails_Button_Save' is clicked on

2024-04-12 00:37:09 - [MESSAGE][PASSED] - Object: 'Object Repository/Portal/Portal_PolicyDetails_Button_Save' is clicked on

2024-04-12 00:37:09 - [TEST_STEP][PASSED] - takeFullPageScreenshot(): Taking screenshot successfully

2024-04-12 00:37:10 - [MESSAGE][INFO] - 0 hidden object(s)

2024-04-12 00:37:10 - [MESSAGE][PASSED] - Taking screenshot successfully
[[ATTACHMENT|C:\\Users\\LellKir\\git\\HMIC-Portal\\HMIC-Portal\\HMIC-Portal\\HMIC-Portal\\HMIC-Portal\\HMIC-Portal\\Reports\\20240411_232922\\AgencyPortal_SmokeTest_WC\\20240411_232922\\1712896629364.png]]

2024-04-12 00:37:10 - [TEST_STEP][PASSED] - click(findTestObject("Object Repository/Portal/Portal_Common_Button_NextLoc")): Object: 'Object Repository/Portal/Portal_Common_Button_NextLoc' is clicked on

2024-04-12 00:37:11 - [MESSAGE][PASSED] - Object: 'Object Repository/Portal/Portal_Common_Button_NextLoc' is clicked on

2024-04-12 00:37:11 - [TEST_STEP][PASSED] - waitForElementHasAttribute(findTestObject("Object Repository/Portal/Portal_Loc_Header_Loc"), "Step 3: Locations", 10): Object 'Object Repository/Portal/Portal_Loc_Header_Loc' does not have attribute 'Step 3: Locations'

2024-04-12 00:37:23 - [MESSAGE][WARNING] - Object 'Object Repository/Portal/Portal_Loc_Header_Loc' does not have attribute 'Step 3: Locations'

2024-04-12 00:37:23 - [TEST_STEP][PASSED] - verifyElementText(findTestObject("Object Repository/Portal/Portal_Loc_Header_Loc"), "Step 3: Locations"): Actual text and expected text of test object 'Object Repository/Portal/Portal_Loc_Header_Loc' are matched.

2024-04-12 00:37:24 - [MESSAGE][PASSED] - Actual text and expected text of test object 'Object Repository/Portal/Portal_Loc_Header_Loc' are matched.

2024-04-12 00:37:24 - [TEST_STEP][PASSED] - setText(findTestObject("Object Repository/Portal/Portal_Loc_TextBox_MaxNumOfEmp"), "51"): Text '51' is set on object 'Object Repository/Portal/Portal_Loc_TextBox_MaxNumOfEmp'

2024-04-12 00:37:24 - [MESSAGE][PASSED] - Text '51' is set on object 'Object Repository/Portal/Portal_Loc_TextBox_MaxNumOfEmp'

2024-04-12 00:37:24 - [TEST_STEP][PASSED] - click(findTestObject("Object Repository/Portal/Portal_Loc_TextBox_WorkClassification")): Object: 'Object Repository/Portal/Portal_Loc_TextBox_WorkClassification' is clicked on

2024-04-12 00:37:25 - [MESSAGE][PASSED] - Object: 'Object Repository/Portal/Portal_Loc_TextBox_WorkClassification' is clicked on

2024-04-12 00:37:25 - [TEST_STEP][PASSED] - click(findTestObject("Object Repository/Portal/Portal_Loc_WorkClassification_TypeList_0005")): Object: 'Object Repository/Portal/Portal_Loc_WorkClassification_TypeList_0005' is clicked on

2024-04-12 00:37:26 - [MESSAGE][PASSED] - Object: 'Object Repository/Portal/Portal_Loc_WorkClassification_TypeList_0005' is clicked on

2024-04-12 00:37:26 - [TEST_STEP][PASSED] - setText(findTestObject("Object Repository/Portal/Portal_Loc_TextBox_TotalPayroll"), "5000"): Text '5000' is set on object 'Object Repository/Portal/Portal_Loc_TextBox_TotalPayroll'

2024-04-12 00:37:27 - [MESSAGE][PASSED] - Text '5000' is set on object 'Object Repository/Portal/Portal_Loc_TextBox_TotalPayroll'

2024-04-12 00:37:27 - [TEST_STEP][PASSED] - setText(findTestObject("Object Repository/Portal/Portal_Loc_TextBox_FullTimeEmployees"), "10"): Text '10' is set on object 'Object Repository/Portal/Portal_Loc_TextBox_FullTimeEmployees'

2024-04-12 00:37:28 - [MESSAGE][PASSED] - Text '10' is set on object 'Object Repository/Portal/Portal_Loc_TextBox_FullTimeEmployees'

2024-04-12 00:37:28 - [TEST_STEP][PASSED] - setText(findTestObject("Object Repository/Portal/Portal_Loc_TextBox_PartTimeEmployees"), "10"): Text '10' is set on object 'Object Repository/Portal/Portal_Loc_TextBox_PartTimeEmployees'

2024-04-12 00:37:29 - [MESSAGE][PASSED] - Text '10' is set on object 'Object Repository/Portal/Portal_Loc_TextBox_PartTimeEmployees'

2024-04-12 00:37:29 - [TEST_STEP][PASSED] - click(findTestObject("Object Repository/Portal/Portal_Loc_Button_Save")): Object: 'Object Repository/Portal/Portal_Loc_Button_Save' is clicked on

2024-04-12 00:37:30 - [MESSAGE][PASSED] - Object: 'Object Repository/Portal/Portal_Loc_Button_Save' is clicked on

2024-04-12 00:37:30 - [TEST_STEP][PASSED] - takeFullPageScreenshot(): Taking screenshot successfully

2024-04-12 00:37:30 - [MESSAGE][INFO] - 0 hidden object(s)

2024-04-12 00:37:31 - [MESSAGE][PASSED] - Taking screenshot successfully
[[ATTACHMENT|C:\\Users\\LellKir\\git\\HMIC-Portal\\HMIC-Portal\\HMIC-Portal\\HMIC-Portal\\HMIC-Portal\\HMIC-Portal\\Reports\\20240411_232922\\AgencyPortal_SmokeTest_WC\\20240411_232922\\1712896650220.png]]

2024-04-12 00:37:31 - [TEST_STEP][PASSED] - click(findTestObject("Object Repository/Portal/Portal_Common_Button_NextStateCov")): Object: 'Object Repository/Portal/Portal_Common_Button_NextStateCov' is clicked on

2024-04-12 00:37:31 - [MESSAGE][PASSED] - Object: 'Object Repository/Portal/Portal_Common_Button_NextStateCov' is clicked on

2024-04-12 00:37:31 - [TEST_STEP][PASSED] - waitForElementHasAttribute(findTestObject("Object Repository/Portal/Portal_Cov_Header_Coverages"), "Step 4: Coverages", 10): Object 'Object Repository/Portal/Portal_Cov_Header_Coverages' does not have attribute 'Step 4: Coverages'

2024-04-12 00:37:43 - [MESSAGE][WARNING] - Object 'Object Repository/Portal/Portal_Cov_Header_Coverages' does not have attribute 'Step 4: Coverages'

2024-04-12 00:37:43 - [TEST_STEP][PASSED] - verifyElementText(findTestObject("Object Repository/Portal/Portal_Cov_Header_Coverages"), "Step 4: Coverages"): Actual text and expected text of test object 'Object Repository/Portal/Portal_Cov_Header_Coverages' are matched.

2024-04-12 00:37:44 - [MESSAGE][PASSED] - Actual text and expected text of test object 'Object Repository/Portal/Portal_Cov_Header_Coverages' are matched.

2024-04-12 00:37:44 - [TEST_STEP][PASSED] - click(findTestObject("Portal/Portal_StateCov_Chkbox_ExpRating")): Object: 'Object Repository/Portal/Portal_StateCov_Chkbox_ExpRating' is clicked on

2024-04-12 00:37:44 - [MESSAGE][PASSED] - Object: 'Object Repository/Portal/Portal_StateCov_Chkbox_ExpRating' is clicked on

2024-04-12 00:37:44 - [TEST_STEP][PASSED] - setText(findTestObject("Portal/Portal_StateCov_input_ExpRating"), "3.22"): Text '3.22' is set on object 'Object Repository/Portal/Portal_StateCov_input_ExpRating'

2024-04-12 00:37:47 - [MESSAGE][PASSED] - Text '3.22' is set on object 'Object Repository/Portal/Portal_StateCov_input_ExpRating'

2024-04-12 00:37:47 - [TEST_STEP][PASSED] - click(findTestObject("Portal/Portal_StateCov_MI_Radiobtn_WPSC_LightDutyProgram_Yes")): Object: 'Object Repository/Portal/Portal_StateCov_MI_Radiobtn_WPSC_LightDutyProgram_Yes' is clicked on

2024-04-12 00:37:47 - [MESSAGE][PASSED] - Object: 'Object Repository/Portal/Portal_StateCov_MI_Radiobtn_WPSC_LightDutyProgram_Yes' is clicked on

2024-04-12 00:37:47 - [TEST_STEP][PASSED] - click(findTestObject("Portal/Portal_StateCov_MI_Radiobtn_WPSC_MeritOrExperience_Yes")): Object: 'Object Repository/Portal/Portal_StateCov_MI_Radiobtn_WPSC_MeritOrExperience_Yes' is clicked on

2024-04-12 00:37:49 - [MESSAGE][PASSED] - Object: 'Object Repository/Portal/Portal_StateCov_MI_Radiobtn_WPSC_MeritOrExperience_Yes' is clicked on

2024-04-12 00:37:49 - [TEST_STEP][PASSED] - click(findTestObject("Object Repository/Portal/Portal_StateCov_Button_NextLineCov")): Object: 'Object Repository/Portal/Portal_StateCov_Button_NextLineCov' is clicked on

2024-04-12 00:37:51 - [MESSAGE][PASSED] - Object: 'Object Repository/Portal/Portal_StateCov_Button_NextLineCov' is clicked on

2024-04-12 00:37:51 - [TEST_STEP][PASSED] - click(findTestObject("Object Repository/Portal/Portal_LineCov_button_NextSupplementalQues")): Object: 'Object Repository/Portal/Portal_LineCov_button_NextSupplementalQues' is clicked on

2024-04-12 00:37:52 - [MESSAGE][PASSED] - Object: 'Object Repository/Portal/Portal_LineCov_button_NextSupplementalQues' is clicked on

2024-04-12 00:37:52 - [TEST_STEP][PASSED] - click(findTestObject("Object Repository/Portal/Portal_Supplemental_CheckBox_IhaveReviewed")): Object: 'Object Repository/Portal/Portal_Supplemental_CheckBox_IhaveReviewed' is clicked on

2024-04-12 00:37:54 - [MESSAGE][PASSED] - Object: 'Object Repository/Portal/Portal_Supplemental_CheckBox_IhaveReviewed' is clicked on

2024-04-12 00:37:54 - [TEST_STEP][PASSED] - takeFullPageScreenshot(): Taking screenshot successfully

2024-04-12 00:37:56 - [MESSAGE][INFO] - 0 hidden object(s)

2024-04-12 00:37:57 - [MESSAGE][PASSED] - Taking screenshot successfully
[[ATTACHMENT|C:\\Users\\LellKir\\git\\HMIC-Portal\\HMIC-Portal\\HMIC-Portal\\HMIC-Portal\\HMIC-Portal\\HMIC-Portal\\Reports\\20240411_232922\\AgencyPortal_SmokeTest_WC\\20240411_232922\\1712896674897.png]]

2024-04-12 00:37:57 - [TEST_STEP][PASSED] - click(findTestObject("Object Repository/Portal/Portal_Common_Button_NextQuote")): Object: 'Object Repository/Portal/Portal_Common_Button_NextQuote' is clicked on

2024-04-12 00:37:57 - [MESSAGE][PASSED] - Object: 'Object Repository/Portal/Portal_Common_Button_NextQuote' is clicked on

2024-04-12 00:37:57 - [TEST_STEP][PASSED] - waitForElementHasAttribute(findTestObject("Object Repository/Portal/Portal_Quote_Header_Quote"), "Step 6: Quote", 10): Object 'Object Repository/Portal/Portal_Quote_Header_Quote' does not have attribute 'Step 6: Quote'

2024-04-12 00:38:37 - [MESSAGE][WARNING] - Object 'Object Repository/Portal/Portal_Quote_Header_Quote' does not have attribute 'Step 6: Quote'

2024-04-12 00:38:37 - [TEST_STEP][FAILED] - verifyElementText(findTestObject("Object Repository/Portal/Portal_Quote_Header_Quote"), "Step 6: Quote"): Verify element text of test object 'Object Repository/Portal/Portal_Quote_Header_Quote' FAILED. (Root cause: com.kms.katalon.core.exception.StepFailedException: Verify element text of test object 'Object Repository/Portal/Portal_Quote_Header_Quote' FAILED.
	at com.kms.katalon.core.webui.keyword.internal.WebUIKeywordMain.stepFailed(WebUIKeywordMain.groovy:64)
	at com.kms.katalon.core.webui.keyword.internal.WebUIKeywordMain.runKeyword(WebUIKeywordMain.groovy:26)
	at com.kms.katalon.core.webui.keyword.builtin.VerifyElementTextKeyword.verifyElementText(VerifyElementTextKeyword.groovy:72)
	at com.kms.katalon.core.webui.keyword.builtin.VerifyElementTextKeyword.execute(VerifyElementTextKeyword.groovy:40)
	at com.kms.katalon.core.keyword.internal.KeywordExecutor.executeKeywordForPlatform(KeywordExecutor.groovy:74)
	at com.kms.katalon.core.webui.keyword.WebUiBuiltInKeywords.verifyElementText(WebUiBuiltInKeywords.groovy:4749)
	at com.kms.katalon.core.webui.keyword.WebUiBuiltInKeywords$verifyElementText$10.call(Unknown Source)
	at Portal_SmokeTest_MIState.run(Portal_SmokeTest_MIState:165)
	at com.kms.katalon.core.main.ScriptEngine.run(ScriptEngine.java:194)
	at com.kms.katalon.core.main.ScriptEngine.runScriptAsRawText(ScriptEngine.java:119)
	at com.kms.katalon.core.main.TestCaseExecutor.runScript(TestCaseExecutor.java:448)
	at com.kms.katalon.core.main.TestCaseExecutor.doExecute(TestCaseExecutor.java:439)
	at com.kms.katalon.core.main.TestCaseExecutor.processExecutionPhase(TestCaseExecutor.java:418)
	at com.kms.katalon.core.main.TestCaseExecutor.accessMainPhase(TestCaseExecutor.java:410)
	at com.kms.katalon.core.main.TestCaseExecutor.execute(TestCaseExecutor.java:285)
	at com.kms.katalon.core.common.CommonExecutor.accessTestCaseMainPhase(CommonExecutor.java:65)
	at com.kms.katalon.core.main.TestSuiteExecutor.accessTestSuiteMainPhase(TestSuiteExecutor.java:148)
	at com.kms.katalon.core.main.TestSuiteExecutor.execute(TestSuiteExecutor.java:106)
	at com.kms.katalon.core.main.TestCaseMain.startTestSuite(TestCaseMain.java:187)
	at com.kms.katalon.core.main.TestCaseMain$startTestSuite$0.call(Unknown Source)
	at TempTestSuite1712892562095.run(TempTestSuite1712892562095.groovy:36)
Caused by: com.kms.katalon.core.exception.StepFailedException: Actual text '' and expected text 'Step 6: Quote' of test object 'Object Repository/Portal/Portal_Quote_Header_Quote' are NOT matched.
	at com.kms.katalon.core.webui.keyword.internal.WebUIKeywordMain.stepFailed(WebUIKeywordMain.groovy:64)
	at com.kms.katalon.core.webui.keyword.builtin.VerifyElementTextKeyword$_verifyElementText_closure1.doCall(VerifyElementTextKeyword.groovy:57)
	at com.kms.katalon.core.webui.keyword.builtin.VerifyElementTextKeyword$_verifyElementText_closure1.call(VerifyElementTextKeyword.groovy)
	at com.kms.katalon.core.webui.keyword.internal.WebUIKeywordMain.runKeyword(WebUIKeywordMain.groovy:20)
	... 19 more
)

2024-04-12 00:38:58 - [MESSAGE][FAILED] - Actual text '' and expected text 'Step 6: Quote' of test object 'Object Repository/Portal/Portal_Quote_Header_Quote' are NOT matched. (Root cause: com.kms.katalon.core.exception.StepFailedException: Actual text '' and expected text 'Step 6: Quote' of test object 'Object Repository/Portal/Portal_Quote_Header_Quote' are NOT matched.
	at com.kms.katalon.core.webui.keyword.internal.WebUIKeywordMain.stepFailed(WebUIKeywordMain.groovy:64)
	at com.kms.katalon.core.webui.keyword.builtin.VerifyElementTextKeyword$_verifyElementText_closure1.doCall(VerifyElementTextKeyword.groovy:57)
	at com.kms.katalon.core.webui.keyword.builtin.VerifyElementTextKeyword$_verifyElementText_closure1.call(VerifyElementTextKeyword.groovy)
	at com.kms.katalon.core.webui.keyword.internal.WebUIKeywordMain.runKeyword(WebUIKeywordMain.groovy:20)
	at com.kms.katalon.core.webui.keyword.builtin.VerifyElementTextKeyword.verifyElementText(VerifyElementTextKeyword.groovy:72)
	at com.kms.katalon.core.webui.keyword.builtin.VerifyElementTextKeyword.execute(VerifyElementTextKeyword.groovy:40)
	at com.kms.katalon.core.keyword.internal.KeywordExecutor.executeKeywordForPlatform(KeywordExecutor.groovy:74)
	at com.kms.katalon.core.webui.keyword.WebUiBuiltInKeywords.verifyElementText(WebUiBuiltInKeywords.groovy:4749)
	at com.kms.katalon.core.webui.keyword.WebUiBuiltInKeywords$verifyElementText$10.call(Unknown Source)
	at Portal_SmokeTest_MIState.run(Portal_SmokeTest_MIState:165)
	at com.kms.katalon.core.main.ScriptEngine.run(ScriptEngine.java:194)
	at com.kms.katalon.core.main.ScriptEngine.runScriptAsRawText(ScriptEngine.java:119)
	at com.kms.katalon.core.main.TestCaseExecutor.runScript(TestCaseExecutor.java:448)
	at com.kms.katalon.core.main.TestCaseExecutor.doExecute(TestCaseExecutor.java:439)
	at com.kms.katalon.core.main.TestCaseExecutor.processExecutionPhase(TestCaseExecutor.java:418)
	at com.kms.katalon.core.main.TestCaseExecutor.accessMainPhase(TestCaseExecutor.java:410)
	at com.kms.katalon.core.main.TestCaseExecutor.execute(TestCaseExecutor.java:285)
	at com.kms.katalon.core.common.CommonExecutor.accessTestCaseMainPhase(CommonExecutor.java:65)
	at com.kms.katalon.core.main.TestSuiteExecutor.accessTestSuiteMainPhase(TestSuiteExecutor.java:148)
	at com.kms.katalon.core.main.TestSuiteExecutor.execute(TestSuiteExecutor.java:106)
	at com.kms.katalon.core.main.TestCaseMain.startTestSuite(TestCaseMain.java:187)
	at com.kms.katalon.core.main.TestCaseMain$startTestSuite$0.call(Unknown Source)
	at TempTestSuite1712892562095.run(TempTestSuite1712892562095.groovy:36)
)
[[ATTACHMENT|C:\\Users\\LellKir\\git\\HMIC-Portal\\HMIC-Portal\\HMIC-Portal\\HMIC-Portal\\HMIC-Portal\\HMIC-Portal\\Reports\\20240411_232922\\AgencyPortal_SmokeTest_WC\\20240411_232922\\1712896738494.png]]

2024-04-12 00:38:58 - [MESSAGE][FAILED] - Verify element text of test object 'Object Repository/Portal/Portal_Quote_Header_Quote' FAILED. (Root cause: com.kms.katalon.core.exception.StepFailedException: Verify element text of test object 'Object Repository/Portal/Portal_Quote_Header_Quote' FAILED.
	at com.kms.katalon.core.webui.keyword.internal.WebUIKeywordMain.stepFailed(WebUIKeywordMain.groovy:64)
	at com.kms.katalon.core.webui.keyword.internal.WebUIKeywordMain.runKeyword(WebUIKeywordMain.groovy:26)
	at com.kms.katalon.core.webui.keyword.builtin.VerifyElementTextKeyword.verifyElementText(VerifyElementTextKeyword.groovy:72)
	at com.kms.katalon.core.webui.keyword.builtin.VerifyElementTextKeyword.execute(VerifyElementTextKeyword.groovy:40)
	at com.kms.katalon.core.keyword.internal.KeywordExecutor.executeKeywordForPlatform(KeywordExecutor.groovy:74)
	at com.kms.katalon.core.webui.keyword.WebUiBuiltInKeywords.verifyElementText(WebUiBuiltInKeywords.groovy:4749)
	at com.kms.katalon.core.webui.keyword.WebUiBuiltInKeywords$verifyElementText$10.call(Unknown Source)
	at Portal_SmokeTest_MIState.run(Portal_SmokeTest_MIState:165)
	at com.kms.katalon.core.main.ScriptEngine.run(ScriptEngine.java:194)
	at com.kms.katalon.core.main.ScriptEngine.runScriptAsRawText(ScriptEngine.java:119)
	at com.kms.katalon.core.main.TestCaseExecutor.runScript(TestCaseExecutor.java:448)
	at com.kms.katalon.core.main.TestCaseExecutor.doExecute(TestCaseExecutor.java:439)
	at com.kms.katalon.core.main.TestCaseExecutor.processExecutionPhase(TestCaseExecutor.java:418)
	at com.kms.katalon.core.main.TestCaseExecutor.accessMainPhase(TestCaseExecutor.java:410)
	at com.kms.katalon.core.main.TestCaseExecutor.execute(TestCaseExecutor.java:285)
	at com.kms.katalon.core.common.CommonExecutor.accessTestCaseMainPhase(CommonExecutor.java:65)
	at com.kms.katalon.core.main.TestSuiteExecutor.accessTestSuiteMainPhase(TestSuiteExecutor.java:148)
	at com.kms.katalon.core.main.TestSuiteExecutor.execute(TestSuiteExecutor.java:106)
	at com.kms.katalon.core.main.TestCaseMain.startTestSuite(TestCaseMain.java:187)
	at com.kms.katalon.core.main.TestCaseMain$startTestSuite$0.call(Unknown Source)
	at TempTestSuite1712892562095.run(TempTestSuite1712892562095.groovy:36)
Caused by: com.kms.katalon.core.exception.StepFailedException: Actual text '' and expected text 'Step 6: Quote' of test object 'Object Repository/Portal/Portal_Quote_Header_Quote' are NOT matched.
	at com.kms.katalon.core.webui.keyword.internal.WebUIKeywordMain.stepFailed(WebUIKeywordMain.groovy:64)
	at com.kms.katalon.core.webui.keyword.builtin.VerifyElementTextKeyword$_verifyElementText_closure1.doCall(VerifyElementTextKeyword.groovy:57)
	at com.kms.katalon.core.webui.keyword.builtin.VerifyElementTextKeyword$_verifyElementText_closure1.call(VerifyElementTextKeyword.groovy)
	at com.kms.katalon.core.webui.keyword.internal.WebUIKeywordMain.runKeyword(WebUIKeywordMain.groovy:20)
	... 19 more
)
[[ATTACHMENT|C:\\Users\\LellKir\\git\\HMIC-Portal\\HMIC-Portal\\HMIC-Portal\\HMIC-Portal\\HMIC-Portal\\HMIC-Portal\\Reports\\20240411_232922\\AgencyPortal_SmokeTest_WC\\20240411_232922\\1712896738625.png]]]]></system-out>
         <system-err><![CDATA[2024-04-12 00:34:31 - [TEST_CASE][FAILED] - Test Cases/Portal_WorkersCompensation/WC_SmokeTest_AllState/Portal_SmokeTest_MIState: Test Cases/Portal_WorkersCompensation/WC_SmokeTest_AllState/Portal_SmokeTest_MIState FAILED.
Reason:
com.kms.katalon.core.exception.StepFailedException: Verify element text of test object 'Object Repository/Portal/Portal_Quote_Header_Quote' FAILED.
	at com.kms.katalon.core.webui.keyword.internal.WebUIKeywordMain.stepFailed(WebUIKeywordMain.groovy:64)
	at com.kms.katalon.core.webui.keyword.internal.WebUIKeywordMain.runKeyword(WebUIKeywordMain.groovy:26)
	at com.kms.katalon.core.webui.keyword.builtin.VerifyElementTextKeyword.verifyElementText(VerifyElementTextKeyword.groovy:72)
	at com.kms.katalon.core.webui.keyword.builtin.VerifyElementTextKeyword.execute(VerifyElementTextKeyword.groovy:40)
	at com.kms.katalon.core.keyword.internal.KeywordExecutor.executeKeywordForPlatform(KeywordExecutor.groovy:74)
	at com.kms.katalon.core.webui.keyword.WebUiBuiltInKeywords.verifyElementText(WebUiBuiltInKeywords.groovy:4749)
	at com.kms.katalon.core.webui.keyword.WebUiBuiltInKeywords$verifyElementText$10.call(Unknown Source)
	at Portal_SmokeTest_MIState.run(Portal_SmokeTest_MIState:165)
	at com.kms.katalon.core.main.ScriptEngine.run(ScriptEngine.java:194)
	at com.kms.katalon.core.main.ScriptEngine.runScriptAsRawText(ScriptEngine.java:119)
	at com.kms.katalon.core.main.TestCaseExecutor.runScript(TestCaseExecutor.java:448)
	at com.kms.katalon.core.main.TestCaseExecutor.doExecute(TestCaseExecutor.java:439)
	at com.kms.katalon.core.main.TestCaseExecutor.processExecutionPhase(TestCaseExecutor.java:418)
	at com.kms.katalon.core.main.TestCaseExecutor.accessMainPhase(TestCaseExecutor.java:410)
	at com.kms.katalon.core.main.TestCaseExecutor.execute(TestCaseExecutor.java:285)
	at com.kms.katalon.core.common.CommonExecutor.accessTestCaseMainPhase(CommonExecutor.java:65)
	at com.kms.katalon.core.main.TestSuiteExecutor.accessTestSuiteMainPhase(TestSuiteExecutor.java:148)
	at com.kms.katalon.core.main.TestSuiteExecutor.execute(TestSuiteExecutor.java:106)
	at com.kms.katalon.core.main.TestCaseMain.startTestSuite(TestCaseMain.java:187)
	at com.kms.katalon.core.main.TestCaseMain$startTestSuite$0.call(Unknown Source)
	at TempTestSuite1712892562095.run(TempTestSuite1712892562095.groovy:36)
Caused by: com.kms.katalon.core.exception.StepFailedException: Actual text '' and expected text 'Step 6: Quote' of test object 'Object Repository/Portal/Portal_Quote_Header_Quote' are NOT matched.
	at com.kms.katalon.core.webui.keyword.internal.WebUIKeywordMain.stepFailed(WebUIKeywordMain.groovy:64)
	at com.kms.katalon.core.webui.keyword.builtin.VerifyElementTextKeyword$_verifyElementText_closure1.doCall(VerifyElementTextKeyword.groovy:57)
	at com.kms.katalon.core.webui.keyword.builtin.VerifyElementTextKeyword$_verifyElementText_closure1.call(VerifyElementTextKeyword.groovy)
	at com.kms.katalon.core.webui.keyword.internal.WebUIKeywordMain.runKeyword(WebUIKeywordMain.groovy:20)
	... 19 more]]></system-err>
      </testcase>
      <system-out><![CDATA[2024-04-11 23:29:37 - [TEST_SUITE][FAILED] - AgencyPortal_SmokeTest_WC: Test Cases/Portal_WorkersCompensation/WC_SmokeTest_AllState/Portal_SmokeTest_IAState FAILED.
Reason:
com.kms.katalon.core.exception.StepFailedException: Call Test Case 'Test Cases/PolicyCenter_Pages/PC_CommonScreens/PC_Login' failed
	at com.kms.katalon.core.keyword.builtin.CallTestCaseKeyword$_callTestCase_closure1.doCall(CallTestCaseKeyword.groovy:63)
	at com.kms.katalon.core.keyword.builtin.CallTestCaseKeyword$_callTestCase_closure1.call(CallTestCaseKeyword.groovy)
	at com.kms.katalon.core.keyword.internal.KeywordMain.runKeyword(KeywordMain.groovy:75)
	at com.kms.katalon.core.keyword.builtin.CallTestCaseKeyword.callTestCase(CallTestCaseKeyword.groovy:81)
	at com.kms.katalon.core.keyword.builtin.CallTestCaseKeyword.execute(CallTestCaseKeyword.groovy:44)
	at com.kms.katalon.core.keyword.internal.KeywordExecutor.executeKeywordForPlatform(KeywordExecutor.groovy:74)
	at com.kms.katalon.core.keyword.BuiltinKeywords.callTestCase(BuiltinKeywords.groovy:310)
	at Portal_SmokeTest_IAState.run(Portal_SmokeTest_IAState:206)
	at com.kms.katalon.core.main.ScriptEngine.run(ScriptEngine.java:194)
	at com.kms.katalon.core.main.ScriptEngine.runScriptAsRawText(ScriptEngine.java:119)
	at com.kms.katalon.core.main.TestCaseExecutor.runScript(TestCaseExecutor.java:448)
	at com.kms.katalon.core.main.TestCaseExecutor.doExecute(TestCaseExecutor.java:439)
	at com.kms.katalon.core.main.TestCaseExecutor.processExecutionPhase(TestCaseExecutor.java:418)
	at com.kms.katalon.core.main.TestCaseExecutor.accessMainPhase(TestCaseExecutor.java:410)
	at com.kms.katalon.core.main.TestCaseExecutor.execute(TestCaseExecutor.java:285)
	at com.kms.katalon.core.common.CommonExecutor.accessTestCaseMainPhase(CommonExecutor.java:65)
	at com.kms.katalon.core.main.TestSuiteExecutor.accessTestSuiteMainPhase(TestSuiteExecutor.java:148)
	at com.kms.katalon.core.main.TestSuiteExecutor.execute(TestSuiteExecutor.java:106)
	at com.kms.katalon.core.main.TestCaseMain.startTestSuite(TestCaseMain.java:187)
	at com.kms.katalon.core.main.TestCaseMain$startTestSuite$0.call(Unknown Source)
	at TempTestSuite1712892562095.run(TempTestSuite1712892562095.groovy:36)
Caused by: com.kms.katalon.core.exception.StepFailedException: Cannot take screenshot
	at com.kms.katalon.core.webui.keyword.internal.WebUIKeywordMain.stepFailed(WebUIKeywordMain.groovy:64)
	at com.kms.katalon.core.webui.keyword.internal.WebUIKeywordMain.runKeyword(WebUIKeywordMain.groovy:26)
	at com.kms.katalon.core.webui.keyword.builtin.TakeFullPageScreenshotKeyword.takeScreenshot(TakeFullPageScreenshotKeyword.groovy:125)
	at com.kms.katalon.core.webui.keyword.builtin.TakeFullPageScreenshotKeyword.execute(TakeFullPageScreenshotKeyword.groovy:82)
	at com.kms.katalon.core.keyword.internal.KeywordExecutor.executeKeywordForPlatform(KeywordExecutor.groovy:74)
	at com.kms.katalon.core.webui.keyword.WebUiBuiltInKeywords.takeFullPageScreenshot(WebUiBuiltInKeywords.groovy:3283)
	at com.kms.katalon.core.webui.keyword.WebUiBuiltInKeywords$takeFullPageScreenshot$2.call(Unknown Source)
	at PC_Login.run(PC_Login:50)
	at com.kms.katalon.core.main.ScriptEngine.run(ScriptEngine.java:194)
	at com.kms.katalon.core.main.ScriptEngine.runScriptAsRawText(ScriptEngine.java:119)
	at com.kms.katalon.core.main.TestCaseExecutor.runScript(TestCaseExecutor.java:448)
	at com.kms.katalon.core.main.TestCaseExecutor.doExecute(TestCaseExecutor.java:439)
	at com.kms.katalon.core.main.TestCaseExecutor.processExecutionPhase(TestCaseExecutor.java:418)
	at com.kms.katalon.core.main.TestCaseExecutor.accessMainPhase(TestCaseExecutor.java:410)
	at com.kms.katalon.core.main.TestCaseExecutor.execute(TestCaseExecutor.java:285)
	at com.kms.katalon.core.main.TestCaseMain.runTestCase(TestCaseMain.java:144)
	at com.kms.katalon.core.keyword.builtin.CallTestCaseKeyword$_callTestCase_closure1.doCall(CallTestCaseKeyword.groovy:59)
	... 20 more
Caused by: java.lang.RuntimeException: java.lang.reflect.InvocationTargetException
	at com.assertthat.selenium_shutterbug.utils.web.Browser.sendCommand(Browser.java:678)
	at com.assertthat.selenium_shutterbug.utils.web.Browser.takeFullPageScreenshotChromeCommand(Browser.java:549)
	at com.assertthat.selenium_shutterbug.utils.web.Browser.takeFullPageScreenshot(Browser.java:150)
	at com.assertthat.selenium_shutterbug.core.Shutterbug.shootPage(Shutterbug.java:154)
	at com.assertthat.selenium_shutterbug.core.Shutterbug.shootPage(Shutterbug.java:83)
	at com.assertthat.selenium_shutterbug.core.Shutterbug.shootPage(Shutterbug.java:69)
	at com.kms.katalon.core.webui.util.FileUtil.takeFullPageScreenshot(FileUtil.java:86)
	at com.kms.katalon.core.webui.keyword.builtin.TakeFullPageScreenshotKeyword$_takeScreenshot_closure1.doCall(TakeFullPageScreenshotKeyword.groovy:126)
	at com.kms.katalon.core.webui.keyword.builtin.TakeFullPageScreenshotKeyword$_takeScreenshot_closure1.call(TakeFullPageScreenshotKeyword.groovy)
	at com.kms.katalon.core.webui.keyword.internal.WebUIKeywordMain.runKeyword(WebUIKeywordMain.groovy:20)
	at com.kms.katalon.core.webui.keyword.builtin.TakeFullPageScreenshotKeyword.takeScreenshot(TakeFullPageScreenshotKeyword.groovy:125)
	at com.kms.katalon.core.webui.keyword.builtin.TakeFullPageScreenshotKeyword.execute(TakeFullPageScreenshotKeyword.groovy:82)
	at com.kms.katalon.core.keyword.internal.KeywordExecutor.executeKeywordForPlatform(KeywordExecutor.groovy:74)
	at com.kms.katalon.core.webui.keyword.WebUiBuiltInKeywords.takeFullPageScreenshot(WebUiBuiltInKeywords.groovy:3283)
	at com.kms.katalon.core.webui.keyword.WebUiBuiltInKeywords$takeFullPageScreenshot$2.call(Unknown Source)
	at Script1683558651933.run(Script1683558651933.groovy:50)
	at com.kms.katalon.core.main.ScriptEngine.run(ScriptEngine.java:194)
	at com.kms.katalon.core.main.ScriptEngine.runScriptAsRawText(ScriptEngine.java:119)
	at com.kms.katalon.core.main.TestCaseExecutor.runScript(TestCaseExecutor.java:448)
	at com.kms.katalon.core.main.TestCaseExecutor.doExecute(TestCaseExecutor.java:439)
	at com.kms.katalon.core.main.TestCaseExecutor.processExecutionPhase(TestCaseExecutor.java:418)
	at com.kms.katalon.core.main.TestCaseExecutor.accessMainPhase(TestCaseExecutor.java:410)
	at com.kms.katalon.core.main.TestCaseExecutor.execute(TestCaseExecutor.java:285)
	at com.kms.katalon.core.main.TestCaseMain.runTestCase(TestCaseMain.java:144)
	at com.kms.katalon.core.keyword.builtin.CallTestCaseKeyword$_callTestCase_closure1.doCall(CallTestCaseKeyword.groovy:59)
	at com.kms.katalon.core.keyword.builtin.CallTestCaseKeyword$_callTestCase_closure1.call(CallTestCaseKeyword.groovy)
	at com.kms.katalon.core.keyword.internal.KeywordMain.runKeyword(KeywordMain.groovy:75)
	at com.kms.katalon.core.keyword.builtin.CallTestCaseKeyword.callTestCase(CallTestCaseKeyword.groovy:81)
	at com.kms.katalon.core.keyword.builtin.CallTestCaseKeyword.execute(CallTestCaseKeyword.groovy:44)
	at com.kms.katalon.core.keyword.internal.KeywordExecutor.executeKeywordForPlatform(KeywordExecutor.groovy:74)
	at com.kms.katalon.core.keyword.BuiltinKeywords.callTestCase(BuiltinKeywords.groovy:310)
	at Script1689773001064.run(Script1689773001064.groovy:206)
	... 13 more
Caused by: java.lang.reflect.InvocationTargetException
	at com.assertthat.selenium_shutterbug.utils.web.Browser.sendCommand(Browser.java:675)
	... 44 more
Caused by: org.openqa.selenium.TimeoutException: timeout: Timed out receiving message from renderer: 600.000
  (Session info: chrome=115.0.5790.110)
Build info: version: '3.141.59', revision: 'e82be7d358', time: '2018-11-14T08:25:53'
System info: host: 'FA28158', ip: '10.0.0.28', os.name: 'Windows 11', os.arch: 'amd64', os.version: '10.0', java.version: '1.8.0_362'
Driver info: com.kms.katalon.selenium.driver.CChromeDriver
Capabilities {acceptInsecureCerts: false, browserName: chrome, browserVersion: 115.0.5790.110, chrome: {chromedriverVersion: 114.0.5735.90 (386bc09e8f4f..., userDataDir: C:\Users\LellKir\AppData\Lo...}, goog:chromeOptions: {debuggerAddress: localhost:53189}, javascriptEnabled: true, networkConnectionEnabled: false, pageLoadStrategy: normal, platform: WINDOWS, platformName: WINDOWS, proxy: Proxy(), setWindowRect: true, strictFileInteractability: false, timeouts: {implicit: 0, pageLoad: 300000, script: 30000}, unhandledPromptBehavior: dismiss and notify, webauthn:extension:credBlob: true, webauthn:extension:largeBlob: true, webauthn:extension:minPinLength: true, webauthn:extension:prf: true, webauthn:virtualAuthenticators: true}
Session ID: 3b9df8091e4d1f10c0c81b4db8d7c78e
	at org.openqa.selenium.remote.http.W3CHttpResponseCodec.createException(W3CHttpResponseCodec.java:187)
	at org.openqa.selenium.remote.http.W3CHttpResponseCodec.decode(W3CHttpResponseCodec.java:122)
	at org.openqa.selenium.remote.http.W3CHttpResponseCodec.decode(W3CHttpResponseCodec.java:49)
	at org.openqa.selenium.remote.HttpCommandExecutor.execute(HttpCommandExecutor.java:158)
	at org.openqa.selenium.remote.service.DriverCommandExecutor.execute(DriverCommandExecutor.java:83)
	at org.openqa.selenium.remote.RemoteWebDriver.execute(RemoteWebDriver.java:552)
	at com.kms.katalon.selenium.driver.CChromeDriver.execute(CChromeDriver.java:19)
	at com.assertthat.selenium_shutterbug.utils.web.Browser.sendCommand(Browser.java:675)
	at com.assertthat.selenium_shutterbug.utils.web.Browser.takeFullPageScreenshotChromeCommand(Browser.java:549)
	at com.assertthat.selenium_shutterbug.utils.web.Browser.takeFullPageScreenshot(Browser.java:150)
	at com.assertthat.selenium_shutterbug.core.Shutterbug.shootPage(Shutterbug.java:154)
	at com.assertthat.selenium_shutterbug.core.Shutterbug.shootPage(Shutterbug.java:83)
	at com.assertthat.selenium_shutterbug.core.Shutterbug.shootPage(Shutterbug.java:69)
	at com.kms.katalon.core.webui.util.FileUtil.takeFullPageScreenshot(FileUtil.java:86)
	at com.kms.katalon.core.webui.keyword.builtin.TakeFullPageScreenshotKeyword$_takeScreenshot_closure1.doCall(TakeFullPageScreenshotKeyword.groovy:126)
	at com.kms.katalon.core.webui.keyword.builtin.TakeFullPageScreenshotKeyword$_takeScreenshot_closure1.call(TakeFullPageScreenshotKeyword.groovy)
	at com.kms.katalon.core.webui.keyword.internal.WebUIKeywordMain.runKeyword(WebUIKeywordMain.groovy:20)
	at com.kms.katalon.core.webui.keyword.builtin.TakeFullPageScreenshotKeyword.takeScreenshot(TakeFullPageScreenshotKeyword.groovy:125)
	at com.kms.katalon.core.webui.keyword.builtin.TakeFullPageScreenshotKeyword.execute(TakeFullPageScreenshotKeyword.groovy:82)
	at com.kms.katalon.core.keyword.internal.KeywordExecutor.executeKeywordForPlatform(KeywordExecutor.groovy:74)
	at com.kms.katalon.core.webui.keyword.WebUiBuiltInKeywords.takeFullPageScreenshot(WebUiBuiltInKeywords.groovy:3283)
	at com.kms.katalon.core.webui.keyword.WebUiBuiltInKeywords$takeFullPageScreenshot$2.call(Unknown Source)
	at PC_Login.run(PC_Login:50)
	at com.kms.katalon.core.main.ScriptEngine.run(ScriptEngine.java:194)
	at com.kms.katalon.core.main.ScriptEngine.runScriptAsRawText(ScriptEngine.java:119)
	at com.kms.katalon.core.main.TestCaseExecutor.runScript(TestCaseExecutor.java:448)
	at com.kms.katalon.core.main.TestCaseExecutor.doExecute(TestCaseExecutor.java:439)
	at com.kms.katalon.core.main.TestCaseExecutor.processExecutionPhase(TestCaseExecutor.java:418)
	at com.kms.katalon.core.main.TestCaseExecutor.accessMainPhase(TestCaseExecutor.java:410)
	at com.kms.katalon.core.main.TestCaseExecutor.execute(TestCaseExecutor.java:285)
	at com.kms.katalon.core.main.TestCaseMain.runTestCase(TestCaseMain.java:144)
	at com.kms.katalon.core.keyword.builtin.CallTestCaseKeyword$_callTestCase_closure1.doCall(CallTestCaseKeyword.groovy:59)
	at com.kms.katalon.core.keyword.builtin.CallTestCaseKeyword$_callTestCase_closure1.call(CallTestCaseKeyword.groovy)
	at com.kms.katalon.core.keyword.internal.KeywordMain.runKeyword(KeywordMain.groovy:75)
	at com.kms.katalon.core.keyword.builtin.CallTestCaseKeyword.callTestCase(CallTestCaseKeyword.groovy:81)
	at com.kms.katalon.core.keyword.builtin.CallTestCaseKeyword.execute(CallTestCaseKeyword.groovy:44)
	at com.kms.katalon.core.keyword.internal.KeywordExecutor.executeKeywordForPlatform(KeywordExecutor.groovy:74)
	at com.kms.katalon.core.keyword.BuiltinKeywords.callTestCase(BuiltinKeywords.groovy:310)
	at Portal_SmokeTest_IAState.run(Portal_SmokeTest_IAState:206)
	... 13 more]]></system-out>
      <system-err><![CDATA[2024-04-11 23:29:37 - [TEST_SUITE][FAILED] - AgencyPortal_SmokeTest_WC: Test Cases/Portal_WorkersCompensation/WC_SmokeTest_AllState/Portal_SmokeTest_IAState FAILED.
Reason:
com.kms.katalon.core.exception.StepFailedException: Call Test Case 'Test Cases/PolicyCenter_Pages/PC_CommonScreens/PC_Login' failed
	at com.kms.katalon.core.keyword.builtin.CallTestCaseKeyword$_callTestCase_closure1.doCall(CallTestCaseKeyword.groovy:63)
	at com.kms.katalon.core.keyword.builtin.CallTestCaseKeyword$_callTestCase_closure1.call(CallTestCaseKeyword.groovy)
	at com.kms.katalon.core.keyword.internal.KeywordMain.runKeyword(KeywordMain.groovy:75)
	at com.kms.katalon.core.keyword.builtin.CallTestCaseKeyword.callTestCase(CallTestCaseKeyword.groovy:81)
	at com.kms.katalon.core.keyword.builtin.CallTestCaseKeyword.execute(CallTestCaseKeyword.groovy:44)
	at com.kms.katalon.core.keyword.internal.KeywordExecutor.executeKeywordForPlatform(KeywordExecutor.groovy:74)
	at com.kms.katalon.core.keyword.BuiltinKeywords.callTestCase(BuiltinKeywords.groovy:310)
	at Portal_SmokeTest_IAState.run(Portal_SmokeTest_IAState:206)
	at com.kms.katalon.core.main.ScriptEngine.run(ScriptEngine.java:194)
	at com.kms.katalon.core.main.ScriptEngine.runScriptAsRawText(ScriptEngine.java:119)
	at com.kms.katalon.core.main.TestCaseExecutor.runScript(TestCaseExecutor.java:448)
	at com.kms.katalon.core.main.TestCaseExecutor.doExecute(TestCaseExecutor.java:439)
	at com.kms.katalon.core.main.TestCaseExecutor.processExecutionPhase(TestCaseExecutor.java:418)
	at com.kms.katalon.core.main.TestCaseExecutor.accessMainPhase(TestCaseExecutor.java:410)
	at com.kms.katalon.core.main.TestCaseExecutor.execute(TestCaseExecutor.java:285)
	at com.kms.katalon.core.common.CommonExecutor.accessTestCaseMainPhase(CommonExecutor.java:65)
	at com.kms.katalon.core.main.TestSuiteExecutor.accessTestSuiteMainPhase(TestSuiteExecutor.java:148)
	at com.kms.katalon.core.main.TestSuiteExecutor.execute(TestSuiteExecutor.java:106)
	at com.kms.katalon.core.main.TestCaseMain.startTestSuite(TestCaseMain.java:187)
	at com.kms.katalon.core.main.TestCaseMain$startTestSuite$0.call(Unknown Source)
	at TempTestSuite1712892562095.run(TempTestSuite1712892562095.groovy:36)
Caused by: com.kms.katalon.core.exception.StepFailedException: Cannot take screenshot
	at com.kms.katalon.core.webui.keyword.internal.WebUIKeywordMain.stepFailed(WebUIKeywordMain.groovy:64)
	at com.kms.katalon.core.webui.keyword.internal.WebUIKeywordMain.runKeyword(WebUIKeywordMain.groovy:26)
	at com.kms.katalon.core.webui.keyword.builtin.TakeFullPageScreenshotKeyword.takeScreenshot(TakeFullPageScreenshotKeyword.groovy:125)
	at com.kms.katalon.core.webui.keyword.builtin.TakeFullPageScreenshotKeyword.execute(TakeFullPageScreenshotKeyword.groovy:82)
	at com.kms.katalon.core.keyword.internal.KeywordExecutor.executeKeywordForPlatform(KeywordExecutor.groovy:74)
	at com.kms.katalon.core.webui.keyword.WebUiBuiltInKeywords.takeFullPageScreenshot(WebUiBuiltInKeywords.groovy:3283)
	at com.kms.katalon.core.webui.keyword.WebUiBuiltInKeywords$takeFullPageScreenshot$2.call(Unknown Source)
	at PC_Login.run(PC_Login:50)
	at com.kms.katalon.core.main.ScriptEngine.run(ScriptEngine.java:194)
	at com.kms.katalon.core.main.ScriptEngine.runScriptAsRawText(ScriptEngine.java:119)
	at com.kms.katalon.core.main.TestCaseExecutor.runScript(TestCaseExecutor.java:448)
	at com.kms.katalon.core.main.TestCaseExecutor.doExecute(TestCaseExecutor.java:439)
	at com.kms.katalon.core.main.TestCaseExecutor.processExecutionPhase(TestCaseExecutor.java:418)
	at com.kms.katalon.core.main.TestCaseExecutor.accessMainPhase(TestCaseExecutor.java:410)
	at com.kms.katalon.core.main.TestCaseExecutor.execute(TestCaseExecutor.java:285)
	at com.kms.katalon.core.main.TestCaseMain.runTestCase(TestCaseMain.java:144)
	at com.kms.katalon.core.keyword.builtin.CallTestCaseKeyword$_callTestCase_closure1.doCall(CallTestCaseKeyword.groovy:59)
	... 20 more
Caused by: java.lang.RuntimeException: java.lang.reflect.InvocationTargetException
	at com.assertthat.selenium_shutterbug.utils.web.Browser.sendCommand(Browser.java:678)
	at com.assertthat.selenium_shutterbug.utils.web.Browser.takeFullPageScreenshotChromeCommand(Browser.java:549)
	at com.assertthat.selenium_shutterbug.utils.web.Browser.takeFullPageScreenshot(Browser.java:150)
	at com.assertthat.selenium_shutterbug.core.Shutterbug.shootPage(Shutterbug.java:154)
	at com.assertthat.selenium_shutterbug.core.Shutterbug.shootPage(Shutterbug.java:83)
	at com.assertthat.selenium_shutterbug.core.Shutterbug.shootPage(Shutterbug.java:69)
	at com.kms.katalon.core.webui.util.FileUtil.takeFullPageScreenshot(FileUtil.java:86)
	at com.kms.katalon.core.webui.keyword.builtin.TakeFullPageScreenshotKeyword$_takeScreenshot_closure1.doCall(TakeFullPageScreenshotKeyword.groovy:126)
	at com.kms.katalon.core.webui.keyword.builtin.TakeFullPageScreenshotKeyword$_takeScreenshot_closure1.call(TakeFullPageScreenshotKeyword.groovy)
	at com.kms.katalon.core.webui.keyword.internal.WebUIKeywordMain.runKeyword(WebUIKeywordMain.groovy:20)
	at com.kms.katalon.core.webui.keyword.builtin.TakeFullPageScreenshotKeyword.takeScreenshot(TakeFullPageScreenshotKeyword.groovy:125)
	at com.kms.katalon.core.webui.keyword.builtin.TakeFullPageScreenshotKeyword.execute(TakeFullPageScreenshotKeyword.groovy:82)
	at com.kms.katalon.core.keyword.internal.KeywordExecutor.executeKeywordForPlatform(KeywordExecutor.groovy:74)
	at com.kms.katalon.core.webui.keyword.WebUiBuiltInKeywords.takeFullPageScreenshot(WebUiBuiltInKeywords.groovy:3283)
	at com.kms.katalon.core.webui.keyword.WebUiBuiltInKeywords$takeFullPageScreenshot$2.call(Unknown Source)
	at Script1683558651933.run(Script1683558651933.groovy:50)
	at com.kms.katalon.core.main.ScriptEngine.run(ScriptEngine.java:194)
	at com.kms.katalon.core.main.ScriptEngine.runScriptAsRawText(ScriptEngine.java:119)
	at com.kms.katalon.core.main.TestCaseExecutor.runScript(TestCaseExecutor.java:448)
	at com.kms.katalon.core.main.TestCaseExecutor.doExecute(TestCaseExecutor.java:439)
	at com.kms.katalon.core.main.TestCaseExecutor.processExecutionPhase(TestCaseExecutor.java:418)
	at com.kms.katalon.core.main.TestCaseExecutor.accessMainPhase(TestCaseExecutor.java:410)
	at com.kms.katalon.core.main.TestCaseExecutor.execute(TestCaseExecutor.java:285)
	at com.kms.katalon.core.main.TestCaseMain.runTestCase(TestCaseMain.java:144)
	at com.kms.katalon.core.keyword.builtin.CallTestCaseKeyword$_callTestCase_closure1.doCall(CallTestCaseKeyword.groovy:59)
	at com.kms.katalon.core.keyword.builtin.CallTestCaseKeyword$_callTestCase_closure1.call(CallTestCaseKeyword.groovy)
	at com.kms.katalon.core.keyword.internal.KeywordMain.runKeyword(KeywordMain.groovy:75)
	at com.kms.katalon.core.keyword.builtin.CallTestCaseKeyword.callTestCase(CallTestCaseKeyword.groovy:81)
	at com.kms.katalon.core.keyword.builtin.CallTestCaseKeyword.execute(CallTestCaseKeyword.groovy:44)
	at com.kms.katalon.core.keyword.internal.KeywordExecutor.executeKeywordForPlatform(KeywordExecutor.groovy:74)
	at com.kms.katalon.core.keyword.BuiltinKeywords.callTestCase(BuiltinKeywords.groovy:310)
	at Script1689773001064.run(Script1689773001064.groovy:206)
	... 13 more
Caused by: java.lang.reflect.InvocationTargetException
	at com.assertthat.selenium_shutterbug.utils.web.Browser.sendCommand(Browser.java:675)
	... 44 more
Caused by: org.openqa.selenium.TimeoutException: timeout: Timed out receiving message from renderer: 600.000
  (Session info: chrome=115.0.5790.110)
Build info: version: '3.141.59', revision: 'e82be7d358', time: '2018-11-14T08:25:53'
System info: host: 'FA28158', ip: '10.0.0.28', os.name: 'Windows 11', os.arch: 'amd64', os.version: '10.0', java.version: '1.8.0_362'
Driver info: com.kms.katalon.selenium.driver.CChromeDriver
Capabilities {acceptInsecureCerts: false, browserName: chrome, browserVersion: 115.0.5790.110, chrome: {chromedriverVersion: 114.0.5735.90 (386bc09e8f4f..., userDataDir: C:\Users\LellKir\AppData\Lo...}, goog:chromeOptions: {debuggerAddress: localhost:53189}, javascriptEnabled: true, networkConnectionEnabled: false, pageLoadStrategy: normal, platform: WINDOWS, platformName: WINDOWS, proxy: Proxy(), setWindowRect: true, strictFileInteractability: false, timeouts: {implicit: 0, pageLoad: 300000, script: 30000}, unhandledPromptBehavior: dismiss and notify, webauthn:extension:credBlob: true, webauthn:extension:largeBlob: true, webauthn:extension:minPinLength: true, webauthn:extension:prf: true, webauthn:virtualAuthenticators: true}
Session ID: 3b9df8091e4d1f10c0c81b4db8d7c78e
	at org.openqa.selenium.remote.http.W3CHttpResponseCodec.createException(W3CHttpResponseCodec.java:187)
	at org.openqa.selenium.remote.http.W3CHttpResponseCodec.decode(W3CHttpResponseCodec.java:122)
	at org.openqa.selenium.remote.http.W3CHttpResponseCodec.decode(W3CHttpResponseCodec.java:49)
	at org.openqa.selenium.remote.HttpCommandExecutor.execute(HttpCommandExecutor.java:158)
	at org.openqa.selenium.remote.service.DriverCommandExecutor.execute(DriverCommandExecutor.java:83)
	at org.openqa.selenium.remote.RemoteWebDriver.execute(RemoteWebDriver.java:552)
	at com.kms.katalon.selenium.driver.CChromeDriver.execute(CChromeDriver.java:19)
	at com.assertthat.selenium_shutterbug.utils.web.Browser.sendCommand(Browser.java:675)
	at com.assertthat.selenium_shutterbug.utils.web.Browser.takeFullPageScreenshotChromeCommand(Browser.java:549)
	at com.assertthat.selenium_shutterbug.utils.web.Browser.takeFullPageScreenshot(Browser.java:150)
	at com.assertthat.selenium_shutterbug.core.Shutterbug.shootPage(Shutterbug.java:154)
	at com.assertthat.selenium_shutterbug.core.Shutterbug.shootPage(Shutterbug.java:83)
	at com.assertthat.selenium_shutterbug.core.Shutterbug.shootPage(Shutterbug.java:69)
	at com.kms.katalon.core.webui.util.FileUtil.takeFullPageScreenshot(FileUtil.java:86)
	at com.kms.katalon.core.webui.keyword.builtin.TakeFullPageScreenshotKeyword$_takeScreenshot_closure1.doCall(TakeFullPageScreenshotKeyword.groovy:126)
	at com.kms.katalon.core.webui.keyword.builtin.TakeFullPageScreenshotKeyword$_takeScreenshot_closure1.call(TakeFullPageScreenshotKeyword.groovy)
	at com.kms.katalon.core.webui.keyword.internal.WebUIKeywordMain.runKeyword(WebUIKeywordMain.groovy:20)
	at com.kms.katalon.core.webui.keyword.builtin.TakeFullPageScreenshotKeyword.takeScreenshot(TakeFullPageScreenshotKeyword.groovy:125)
	at com.kms.katalon.core.webui.keyword.builtin.TakeFullPageScreenshotKeyword.execute(TakeFullPageScreenshotKeyword.groovy:82)
	at com.kms.katalon.core.keyword.internal.KeywordExecutor.executeKeywordForPlatform(KeywordExecutor.groovy:74)
	at com.kms.katalon.core.webui.keyword.WebUiBuiltInKeywords.takeFullPageScreenshot(WebUiBuiltInKeywords.groovy:3283)
	at com.kms.katalon.core.webui.keyword.WebUiBuiltInKeywords$takeFullPageScreenshot$2.call(Unknown Source)
	at PC_Login.run(PC_Login:50)
	at com.kms.katalon.core.main.ScriptEngine.run(ScriptEngine.java:194)
	at com.kms.katalon.core.main.ScriptEngine.runScriptAsRawText(ScriptEngine.java:119)
	at com.kms.katalon.core.main.TestCaseExecutor.runScript(TestCaseExecutor.java:448)
	at com.kms.katalon.core.main.TestCaseExecutor.doExecute(TestCaseExecutor.java:439)
	at com.kms.katalon.core.main.TestCaseExecutor.processExecutionPhase(TestCaseExecutor.java:418)
	at com.kms.katalon.core.main.TestCaseExecutor.accessMainPhase(TestCaseExecutor.java:410)
	at com.kms.katalon.core.main.TestCaseExecutor.execute(TestCaseExecutor.java:285)
	at com.kms.katalon.core.main.TestCaseMain.runTestCase(TestCaseMain.java:144)
	at com.kms.katalon.core.keyword.builtin.CallTestCaseKeyword$_callTestCase_closure1.doCall(CallTestCaseKeyword.groovy:59)
	at com.kms.katalon.core.keyword.builtin.CallTestCaseKeyword$_callTestCase_closure1.call(CallTestCaseKeyword.groovy)
	at com.kms.katalon.core.keyword.internal.KeywordMain.runKeyword(KeywordMain.groovy:75)
	at com.kms.katalon.core.keyword.builtin.CallTestCaseKeyword.callTestCase(CallTestCaseKeyword.groovy:81)
	at com.kms.katalon.core.keyword.builtin.CallTestCaseKeyword.execute(CallTestCaseKeyword.groovy:44)
	at com.kms.katalon.core.keyword.internal.KeywordExecutor.executeKeywordForPlatform(KeywordExecutor.groovy:74)
	at com.kms.katalon.core.keyword.BuiltinKeywords.callTestCase(BuiltinKeywords.groovy:310)
	at Portal_SmokeTest_IAState.run(Portal_SmokeTest_IAState:206)
	... 13 more]]></system-err>
   </testsuite>
</testsuites>
